
signal (15): Terminated: 15
in expression starting at /Users/bethleelindor/work/washington/ttv_project/ttv_ss/full_run.jl:143
* at ./float.jl:405 [inlined]
literal_pow at ./intfuncs.jl:244 [inlined]
_broadcast_getindex_evalf at ./broadcast.jl:630 [inlined]
_broadcast_getindex at ./broadcast.jl:603 [inlined]
getindex at ./broadcast.jl:563 [inlined]
macro expansion at ./broadcast.jl:909 [inlined]
macro expansion at ./simdloop.jl:77 [inlined]
copyto! at ./broadcast.jl:908 [inlined]
copyto! at ./broadcast.jl:863 [inlined]
copy at ./broadcast.jl:839 [inlined]
materialize at ./broadcast.jl:819 [inlined]
autocorrelation at /Users/bethleelindor/.julia/packages/MCMCDiagnostics/1zr3O/src/MCMCDiagnostics.jl:19
ess_factor_estimate at /Users/bethleelindor/.julia/packages/MCMCDiagnostics/1zr3O/src/MCMCDiagnostics.jl:47
effective_sample_size at /Users/bethleelindor/.julia/packages/MCMCDiagnostics/1zr3O/src/MCMCDiagnostics.jl:68 [inlined]
MCMC at /Users/bethleelindor/work/washington/ttv_project/ttv_ss/MCMC.jl:211
planet_mcmc at /Users/bethleelindor/work/washington/ttv_project/ttv_ss/full_run.jl:76
unknown function (ip: 0x148a03a10)
jl_apply at /Users/bethleelindor/julia/src/./julia.h:1631 [inlined]
do_call at /Users/bethleelindor/julia/src/interpreter.c:328
eval_body at /Users/bethleelindor/julia/src/interpreter.c:641
jl_interpret_toplevel_thunk_callback at /Users/bethleelindor/julia/src/interpreter.c:888
unknown function (ip: 0xfffffffffffffffe)
unknown function (ip: 0x1161f5c0f)
unknown function (ip: 0x25)
jl_interpret_toplevel_thunk at /Users/bethleelindor/julia/src/interpreter.c:897
jl_toplevel_eval_flex at /Users/bethleelindor/julia/src/toplevel.c:814
jl_parse_eval_all at /Users/bethleelindor/julia/src/ast.c:873
jl_load at /Users/bethleelindor/julia/src/toplevel.c:878 [inlined]
jl_load_ at /Users/bethleelindor/julia/src/toplevel.c:885
include at ./boot.jl:328 [inlined]
include_relative at ./loading.jl:1105
include at ./Base.jl:31
exec_options at ./client.jl:287
_start at ./client.jl:460
jfptr__start_2084 at /Users/bethleelindor/julia/usr/lib/julia/sys.dylib (unknown line)
true_main at /Users/bethleelindor/julia/julia (unknown line)
main at /Users/bethleelindor/julia/julia (unknown line)
unknown function (ip: 0xffffffffffffffff)
Allocations: 174534214 (Pool: 174510572; Big: 23642); GC: 1385
args = ["Hppp", "110", "30", "full", "fromEMB", "25000"]
FITS/fromEMB/p2_fit110.0s30.0yrs.jld2 loaded.
Previous model params: [3.375274936354767e-6, 224.70079029419236, 3503.7651097247344, 0.02348434089230682, 0.0275697262732238, 3.146178190225197e-6, 365.25643247622526, 3624.4023605876005, 0.03548988380310685, 0.024857435574955872]
Finished 3-planet fit w/ fixed period: [2.5724514571309334e-6, 224.70079131835965, 3503.7650654128506, -0.052533766118393894, 0.017857463097358448, 2.7165025403633573e-6, 365.2564703748135, 3624.4017449638304, -0.025172863938287025, 0.01778936409810083, 0.0009569251439528395, 3871.649999999999, 1112.4555455722045, 0.05927189681323676, -0.044879092952187324] in 20 iterations
Finished global 3-planet fit.
New 3-planet chi-square: 66.73374953213157
Maximum: -163.82772178261283 Param: [2.5754361026832297e-6, 224.70079251568384, 3503.7650258661793, -0.05231073326647529, 0.0214603649490269, 2.7207131816192822e-6, 365.2564688068582, 3624.401735072906, -0.02516994434563177, 0.02104033560715322, 0.0009335451603943852, 3965.87339519185, 921.3695792421643, 0.052668562721802946, -0.048568681223438596]
 72.981074 seconds (56.19 M allocations: 2.828 GiB, 4.20% gc time)
15 parameters from fit: [2.5754361026832297e-6, 224.70079251568384, 3503.7650258661793, -0.05231073326647529, 0.0214603649490269, 2.7207131816192822e-6, 365.2564688068582, 3624.401735072906, -0.02516994434563177, 0.02104033560715322, 0.0009335451603943852, 3965.87339519185, 921.3695792421643, 0.052668562721802946, -0.048568681223438596]
Step: 121 Walker: 55 Trial Log Prob: 503.07137950104163 Prob: 3.3136588912184908 Frac: 0.3387078961899503
Step: 235 Walker: 45 Trial Log Prob: 476.2338358249427 Prob: 2.4717495704217567e-7 Frac: 0.33145780051150897
Step: 323 Walker: 41 Trial Log Prob: 476.1456927501591 Prob: 3.4393257847099567e-8 Frac: 0.3267330825513621
Step: 422 Walker: 25 Trial Log Prob: 498.6958562324464 Prob: 1.4361086767565194 Frac: 0.325
Step: 681 Walker: 62 Trial Log Prob: 499.02659152979686 Prob: 0.615773991586915 Frac: 0.31829932239238573
Step: 712 Walker: 72 Trial Log Prob: 452.15035095847884 Prob: 7.774770213063781e-18 Frac: 0.3171901043129764
Number of steps: 1000 Acceptance Rate: 0.3085466666666667
Step: 1295 Walker: 56 Trial Log Prob: 504.5551104707612 Prob: 0.0011455352349519848 Frac: 0.2781145390391749
Step: 1319 Walker: 75 Trial Log Prob: -Inf Prob: 0.0 Frac: 0.27903866248693837
Step: 1496 Walker: 22 Trial Log Prob: 504.5233708104978 Prob: 0.4161724083627907 Frac: 0.2800226128624115
Step: 1531 Walker: 3 Trial Log Prob: 491.8896392487158 Prob: 9.660467265936122e-5 Frac: 0.2808089955475058
Step: 1576 Walker: 14 Trial Log Prob: 504.6947123737454 Prob: 0.0006277766822377435 Frac: 0.2806277382414984
Step: 1746 Walker: 45 Trial Log Prob: 505.63484779789775 Prob: 0.04177872983549798 Frac: 0.2783977110157368
Step: 1852 Walker: 35 Trial Log Prob: 498.96303819794593 Prob: 1.6965075809880392 Frac: 0.2783589101158785
Step: 1913 Walker: 49 Trial Log Prob: 488.6606326428401 Prob: 0.011918839154999595 Frac: 0.27879150900670574
Step: 1947 Walker: 67 Trial Log Prob: -Inf Prob: 0.0 Frac: 0.27893321317431036
Number of steps: 2000 Acceptance Rate: 0.279
Step: 2103 Walker: 67 Trial Log Prob: 492.6188787724855 Prob: 0.008934701103365687 Frac: 0.2888428145652456
Step: 2125 Walker: 68 Trial Log Prob: 490.97615979773207 Prob: 0.008340980594183417 Frac: 0.28736122971818956
Step: 2266 Walker: 3 Trial Log Prob: 498.8772836625083 Prob: 0.9666759728238224 Frac: 0.27970620786799477
Step: 2279 Walker: 30 Trial Log Prob: -Inf Prob: 0.0 Frac: 0.27849616858237547
Step: 2425 Walker: 9 Trial Log Prob: 484.24057396431095 Prob: 9.715791832901818e-6 Frac: 0.27419912603351254
Step: 2879 Walker: 39 Trial Log Prob: 490.7339074890699 Prob: 0.054134950493753865 Frac: 0.27241269407640123
Number of steps: 3000 Acceptance Rate: 0.27326666666666666
Step: 3278 Walker: 10 Trial Log Prob: 505.0857118970095 Prob: 0.05406344679006501 Frac: 0.28809237430839546
Step: 3345 Walker: 66 Trial Log Prob: 507.1795979282108 Prob: 0.0365808333122899 Frac: 0.28887342457279824
Step: 3469 Walker: 26 Trial Log Prob: 496.2831909158541 Prob: 0.7493662995246219 Frac: 0.2890451517394523
Step: 3745 Walker: 67 Trial Log Prob: 455.98488228466607 Prob: 8.032839159902082e-13 Frac: 0.2869314622227791
Number of steps: 4000 Acceptance Rate: 0.28774666666666665
Step: 4617 Walker: 64 Trial Log Prob: 494.93854243215657 Prob: 1.277934377096524 Frac: 0.2798504236555421
Number of steps: 5000 Acceptance Rate: 0.27744
Step: 5006 Walker: 64 Trial Log Prob: 500.5337149755917 Prob: 0.00029221801632578205 Frac: 0.2824601366742597
Step: 5073 Walker: 3 Trial Log Prob: 500.5082521247906 Prob: 0.019910280695533952 Frac: 0.2735517305200814
Step: 5174 Walker: 53 Trial Log Prob: 502.92844228082316 Prob: 0.06387115066168947 Frac: 0.27095486644151057
Step: 5203 Walker: 15 Trial Log Prob: 502.89034439101806 Prob: 1.6829748134264666 Frac: 0.2669963732278272
Step: 5257 Walker: 66 Trial Log Prob: 501.94013132779986 Prob: 3.7021122625906178 Frac: 0.2663240942593169
Step: 5442 Walker: 7 Trial Log Prob: 505.37296124971704 Prob: 0.023180847088742698 Frac: 0.26872619551417687
Step: 5453 Walker: 34 Trial Log Prob: 490.77320218674646 Prob: 3.838770289005361e-6 Frac: 0.26869806094182824
Step: 5551 Walker: 23 Trial Log Prob: 500.5554436477564 Prob: 1.0066926256136206 Frac: 0.2666392072299082
Step: 5619 Walker: 31 Trial Log Prob: 505.40953727485135 Prob: 0.45158827727837964 Frac: 0.2667255988443544
Step: 5741 Walker: 46 Trial Log Prob: 501.08162636113525 Prob: 0.4166460116991268 Frac: 0.2670579339646419
Number of steps: 6000 Acceptance Rate: 0.26825333333333334
Step: 6036 Walker: 39 Trial Log Prob: 501.14607481737886 Prob: 0.8783355511379342 Frac: 0.27927927927927926
Step: 6052 Walker: 74 Trial Log Prob: 489.2660555424923 Prob: 0.0225848076351737 Frac: 0.2887919979481918
Step: 6121 Walker: 8 Trial Log Prob: 489.26522665625504 Prob: 0.005450490136672447 Frac: 0.27320159857904086
Step: 6128 Walker: 23 Trial Log Prob: -Inf Prob: 0.0 Frac: 0.2744030163385002
Step: 6243 Walker: 47 Trial Log Prob: 503.63919518257757 Prob: 0.11509834781230108 Frac: 0.277902951035885
Step: 6552 Walker: 50 Trial Log Prob: 484.50125019630315 Prob: 0.00013719781822657298 Frac: 0.27403021148036255
Step: 6833 Walker: 60 Trial Log Prob: 506.2510805710158 Prob: 0.03530413079333564 Frac: 0.27870637207813
Step: 6852 Walker: 9 Trial Log Prob: 503.2930682994167 Prob: 0.5333410608321836 Frac: 0.2791145784378231
Step: 6972 Walker: 68 Trial Log Prob: 509.35522880846327 Prob: 0.032241492746911314 Frac: 0.2788607959612034
Number of steps: 7000 Acceptance Rate: 0.27852
Step: 7320 Walker: 58 Trial Log Prob: 491.9149917110553 Prob: 0.11266778367328294 Frac: 0.2786557144644123
Step: 7351 Walker: 2 Trial Log Prob: 504.4516396162333 Prob: 0.0016832983279383895 Frac: 0.2791025445680329
Step: 7384 Walker: 16 Trial Log Prob: 498.05767141797986 Prob: 0.0004383074395777612 Frac: 0.2800876796214467
Step: 7468 Walker: 39 Trial Log Prob: -Inf Prob: 0.0 Frac: 0.28154232261008444
Step: 7487 Walker: 71 Trial Log Prob: 476.7943048632561 Prob: 3.642834458581843e-9 Frac: 0.281810465211796
Step: 7652 Walker: 10 Trial Log Prob: 487.00843820988 Prob: 0.0008708174695184244 Frac: 0.28170369611958634
Step: 7690 Walker: 11 Trial Log Prob: 502.2200625549622 Prob: 0.30441711709847313 Frac: 0.28100452733815734
Step: 7791 Walker: 56 Trial Log Prob: 506.34678990986157 Prob: 0.00420001916187833 Frac: 0.2794152362324217
Step: 7890 Walker: 73 Trial Log Prob: 500.265375068145 Prob: 2.3437137509545556 Frac: 0.27882483370288247
Number of steps: 8000 Acceptance Rate: 0.2783466666666667
Step: 8011 Walker: 58 Trial Log Prob: 496.70387074327186 Prob: 5.5008922531071506e-5 Frac: 0.29826732673267325
Step: 8072 Walker: 26 Trial Log Prob: -Inf Prob: 0.0 Frac: 0.28331153055503644
Step: 8437 Walker: 25 Trial Log Prob: 486.0277971328962 Prob: 0.002099996175774744 Frac: 0.2739495798319328
Step: 8920 Walker: 23 Trial Log Prob: 504.9058817582792 Prob: 0.10050876500489091 Frac: 0.27894935313569647
Number of steps: 9000 Acceptance Rate: 0.27897333333333335
Step: 9177 Walker: 55 Trial Log Prob: -Inf Prob: 0.0 Frac: 0.2780837419841569
Step: 9203 Walker: 34 Trial Log Prob: 506.135118388824 Prob: 3.278048835159087 Frac: 0.27838514225500527
Step: 9323 Walker: 14 Trial Log Prob: 502.9785649677905 Prob: 0.3709494752283028 Frac: 0.27632014567124646
Step: 9456 Walker: 13 Trial Log Prob: 499.70679236347684 Prob: 1.075119765820352 Frac: 0.27605600796766067
Step: 9582 Walker: 57 Trial Log Prob: 498.90456822400233 Prob: 1.1219858005095176 Frac: 0.278534103410341
Step: 9815 Walker: 43 Trial Log Prob: 491.87349785984827 Prob: 0.0877022739495045 Frac: 0.2775277036649043
Number of steps: 10000 Acceptance Rate: 0.2759066666666667
Step: 10037 Walker: 71 Trial Log Prob: 439.8235239245429 Prob: 4.532190279422251e-25 Frac: 0.27102129195236374
Step: 10247 Walker: 48 Trial Log Prob: 498.17490876571964 Prob: 0.7596447853471997 Frac: 0.26792085630879015
Step: 10448 Walker: 43 Trial Log Prob: 499.3375993285702 Prob: 1.1569782390097234 Frac: 0.2682018589132507
Step: 10705 Walker: 36 Trial Log Prob: 500.7426843232252 Prob: 0.6200986175512183 Frac: 0.27282534635475814
Step: 10751 Walker: 44 Trial Log Prob: 504.0386448545234 Prob: 0.6540812787668194 Frac: 0.27304863751021424
Step: 10811 Walker: 67 Trial Log Prob: -Inf Prob: 0.0 Frac: 0.2728020125951625
Step: 10942 Walker: 22 Trial Log Prob: 507.73990017655086 Prob: 0.10610341045683856 Frac: 0.2729719393175347
Step: 10985 Walker: 64 Trial Log Prob: 505.3589203421486 Prob: 0.0394110468422139 Frac: 0.27218942922127154
Number of steps: 11000 Acceptance Rate: 0.27209333333333335
Step: 11137 Walker: 5 Trial Log Prob: 504.7548035744406 Prob: 0.4677983635614873 Frac: 0.2837824595786379
Step: 11532 Walker: 63 Trial Log Prob: -Inf Prob: 0.0 Frac: 0.28203971119133575
Step: 11619 Walker: 28 Trial Log Prob: 508.2607708563234 Prob: 0.28186708989761206 Frac: 0.2819009012894045
Step: 11804 Walker: 62 Trial Log Prob: 492.2081639940034 Prob: 0.00230407706658213 Frac: 0.28153664969230513
Step: 11855 Walker: 51 Trial Log Prob: -Inf Prob: 0.0 Frac: 0.28144646729380196
Number of steps: 12000 Acceptance Rate: 0.27909333333333336
Step: 12198 Walker: 47 Trial Log Prob: 485.326456248637 Prob: 0.0223592476356884 Frac: 0.271488328160842
Step: 12292 Walker: 5 Trial Log Prob: -Inf Prob: 0.0 Frac: 0.2752633989922125
Step: 12387 Walker: 50 Trial Log Prob: 506.2727188678775 Prob: 1.2546752637580212 Frac: 0.275
Step: 12455 Walker: 71 Trial Log Prob: 501.8603840607913 Prob: 0.2500010688715676 Frac: 0.2752264001641218
Step: 12501 Walker: 18 Trial Log Prob: 503.031480048289 Prob: 0.16172135844663876 Frac: 0.27474812090196704
Step: 12614 Walker: 35 Trial Log Prob: 495.4391324766743 Prob: 0.8521782329923953 Frac: 0.2760052162573354
Step: 12896 Walker: 67 Trial Log Prob: -Inf Prob: 0.0 Frac: 0.27342540778664126
Step: 12937 Walker: 40 Trial Log Prob: 505.2548718278992 Prob: 0.5113721914893489 Frac: 0.27324886104783597
Number of steps: 13000 Acceptance Rate: 0.27397333333333335
Step: 13157 Walker: 53 Trial Log Prob: 504.838137827656 Prob: 0.5981536158832085 Frac: 0.2727814175104229
Step: 13258 Walker: 66 Trial Log Prob: 505.8553964487033 Prob: 0.5376319881501814 Frac: 0.2727883770229047
Step: 13397 Walker: 69 Trial Log Prob: 509.1789802610902 Prob: 0.05226788156205942 Frac: 0.2740770600288891
Step: 13943 Walker: 64 Trial Log Prob: 505.00180701852656 Prob: 1.4178338323988333 Frac: 0.2712899850100404
Number of steps: 14000 Acceptance Rate: 0.27225333333333335
Step: 14052 Walker: 29 Trial Log Prob: 503.5074105378595 Prob: 0.8510640528924992 Frac: 0.2869745718733783
Step: 14127 Walker: 45 Trial Log Prob: 501.61088325084785 Prob: 2.1841139499661457 Frac: 0.27667193259610323
Step: 14237 Walker: 62 Trial Log Prob: 504.5674182517439 Prob: 0.004701701239154036 Frac: 0.2644409413354352
Step: 14249 Walker: 6 Trial Log Prob: 501.81342810615405 Prob: 0.3647454518226502 Frac: 0.26314092228313446
Step: 14470 Walker: 38 Trial Log Prob: 503.09086459920485 Prob: 1.1804945175932169 Frac: 0.2713486496464374
Step: 14744 Walker: 68 Trial Log Prob: 490.45807736958744 Prob: 0.1339026930346306 Frac: 0.27403079239331096
Step: 14802 Walker: 22 Trial Log Prob: -Inf Prob: 0.0 Frac: 0.27457277401534186
Number of steps: 15000 Acceptance Rate: 0.27381333333333335
Step: 15127 Walker: 41 Trial Log Prob: 479.1270599964678 Prob: 2.7025020405176946e-7 Frac: 0.2713096617848488
Step: 15163 Walker: 55 Trial Log Prob: 502.02372627605695 Prob: 0.018018718559176382 Frac: 0.2748054076198279
Step: 15327 Walker: 36 Trial Log Prob: 505.30226485054607 Prob: 1.2217561051999026 Frac: 0.27546353018051134
Step: 15336 Walker: 74 Trial Log Prob: 504.1298725864458 Prob: 0.4955273638932013 Frac: 0.2754474383904123
Step: 15457 Walker: 20 Trial Log Prob: 447.477027601876 Prob: 9.17837422282637e-21 Frac: 0.27632963179427233
Step: 15524 Walker: 71 Trial Log Prob: 506.2819751105593 Prob: 0.001762299261501524 Frac: 0.27644035016286644
Step: 15658 Walker: 70 Trial Log Prob: 439.91528423687816 Prob: 3.588562572869822e-23 Frac: 0.27763704529334277
Step: 15879 Walker: 36 Trial Log Prob: 488.1202867186158 Prob: 0.0012882664942663118 Frac: 0.27514191178702607
Number of steps: 16000 Acceptance Rate: 0.27526666666666666
Step: 16072 Walker: 1 Trial Log Prob: 489.1274463914181 Prob: 1.026467848567836e-8 Frac: 0.2876455125797972
Step: 16199 Walker: 35 Trial Log Prob: -Inf Prob: 0.0 Frac: 0.27699025864964727
Step: 16271 Walker: 23 Trial Log Prob: 483.3969025467171 Prob: 0.0013055241851447517 Frac: 0.27731465495979873
Step: 16381 Walker: 30 Trial Log Prob: -Inf Prob: 0.0 Frac: 0.2779179810725552
Step: 16519 Walker: 48 Trial Log Prob: 487.1313873714317 Prob: 0.0003385669946569053 Frac: 0.2797058974754486
Step: 16693 Walker: 61 Trial Log Prob: 501.9814793343743 Prob: 1.5632476818635896 Frac: 0.27699620869498276
Step: 16890 Walker: 57 Trial Log Prob: 506.1789773413461 Prob: 0.13320666577632684 Frac: 0.2757897260684529
Step: 16893 Walker: 8 Trial Log Prob: 489.66213546799264 Prob: 0.004372226133865676 Frac: 0.275721886769893
Number of steps: 17000 Acceptance Rate: 0.27572
Step: 17027 Walker: 67 Trial Log Prob: 495.26700747877237 Prob: 0.5499562450840327 Frac: 0.26127912741695586
Step: 17036 Walker: 64 Trial Log Prob: 506.6007555434761 Prob: 0.4898863510165655 Frac: 0.2614354778728152
Step: 17265 Walker: 73 Trial Log Prob: 502.4968850020342 Prob: 0.9872892708352882 Frac: 0.2820912796256227
Step: 17369 Walker: 23 Trial Log Prob: 497.50578831975537 Prob: 0.9739688459488943 Frac: 0.27983926438113166
Step: 17440 Walker: 42 Trial Log Prob: 505.68276182964837 Prob: 0.015617719398259965 Frac: 0.2809779476446143
Step: 17483 Walker: 22 Trial Log Prob: 483.38982669923774 Prob: 0.0003415615335661734 Frac: 0.2790003317483136
Step: 17579 Walker: 35 Trial Log Prob: 503.2164255064187 Prob: 0.014926422110816953 Frac: 0.2769851331105221
Step: 17725 Walker: 48 Trial Log Prob: 504.33637062132334 Prob: 0.8802682046102662 Frac: 0.2757231176860234
Step: 17964 Walker: 35 Trial Log Prob: 470.31814477013336 Prob: 3.0546635465138695e-8 Frac: 0.2745225574314974
Number of steps: 18000 Acceptance Rate: 0.27454666666666666
Step: 18032 Walker: 62 Trial Log Prob: 505.79549826389007 Prob: 0.5153008692690649 Frac: 0.24968579807289484
Step: 18053 Walker: 66 Trial Log Prob: -Inf Prob: 0.0 Frac: 0.25895108421583457
Step: 18082 Walker: 19 Trial Log Prob: 489.18084728811647 Prob: 0.0817781527231708 Frac: 0.25352806038726616
Step: 18203 Walker: 70 Trial Log Prob: -Inf Prob: 0.0 Frac: 0.26399474375821286
Step: 18369 Walker: 60 Trial Log Prob: 487.6242405167254 Prob: 0.0025133179304573476 Frac: 0.26550976138828636
Step: 18489 Walker: 62 Trial Log Prob: 323.47823797360627 Prob: 1.0825369497573402e-74 Frac: 0.26567017620424416
Step: 18708 Walker: 38 Trial Log Prob: -Inf Prob: 0.0 Frac: 0.26915176299869964
Step: 18728 Walker: 21 Trial Log Prob: 489.84035407118495 Prob: 0.01470372703997606 Frac: 0.26977230227697724
Step: 18831 Walker: 50 Trial Log Prob: 496.9654226140591 Prob: 0.06526622654319437 Frac: 0.2702086677367576
Step: 18995 Walker: 5 Trial Log Prob: -Inf Prob: 0.0 Frac: 0.26978740527127626
Number of steps: 19000 Acceptance Rate: 0.26948
Step: 19202 Walker: 62 Trial Log Prob: -Inf Prob: 0.0 Frac: 0.2649137874083372
Step: 19386 Walker: 73 Trial Log Prob: 490.373523984972 Prob: 0.0025704848658168215 Frac: 0.2649578554649717
Step: 19671 Walker: 49 Trial Log Prob: 501.3007689713113 Prob: 0.4348480569633788 Frac: 0.2668243901469214
Step: 19798 Walker: 69 Trial Log Prob: 497.56990384317913 Prob: 1.839286146919493 Frac: 0.2682140231267963
Number of steps: 20000 Acceptance Rate: 0.26981333333333335
Step: 20008 Walker: 30 Trial Log Prob: -Inf Prob: 0.0 Frac: 0.2954954954954955
Step: 20042 Walker: 20 Trial Log Prob: 504.14821692805833 Prob: 0.5911310006222629 Frac: 0.2765751211631664
Step: 20363 Walker: 25 Trial Log Prob: 501.094464591991 Prob: 0.04007465263206283 Frac: 0.2740386384544618
Step: 20509 Walker: 55 Trial Log Prob: 485.5456262413037 Prob: 0.002487494235675247 Frac: 0.2731752063949679
Step: 20754 Walker: 14 Trial Log Prob: -Inf Prob: 0.0 Frac: 0.27210607374887147
Step: 20786 Walker: 30 Trial Log Prob: 503.3557849391552 Prob: 0.0470144151987161 Frac: 0.27192937781173077
Step: 20808 Walker: 50 Trial Log Prob: 481.3705458532293 Prob: 1.0049685902647881e-6 Frac: 0.2717292612463888
Step: 20853 Walker: 28 Trial Log Prob: 507.17227591434647 Prob: 0.25648455363711065 Frac: 0.27210299086472284
Step: 20878 Walker: 30 Trial Log Prob: 503.8516057874904 Prob: 0.6582323789204785 Frac: 0.2722741433021807
Step: 20891 Walker: 24 Trial Log Prob: 506.4196420301019 Prob: 0.00019214395458025242 Frac: 0.27253122472818764
Number of steps: 21000 Acceptance Rate: 0.27158666666666664
Step: 21051 Walker: 13 Trial Log Prob: 504.6000005283219 Prob: 0.0001731560332485259 Frac: 0.25857028966250334
Step: 21064 Walker: 30 Trial Log Prob: -Inf Prob: 0.0 Frac: 0.2637223974763407
Step: 21604 Walker: 40 Trial Log Prob: -Inf Prob: 0.0 Frac: 0.2747597481497846
Step: 21714 Walker: 61 Trial Log Prob: 472.23465597629263 Prob: 6.616075363978901e-7 Frac: 0.27473102211595934
Step: 21760 Walker: 51 Trial Log Prob: 505.006761171416 Prob: 6.650728614293363e-5 Frac: 0.2743084807638304
Step: 21833 Walker: 9 Trial Log Prob: 507.48176738227517 Prob: 0.0378556764014525 Frac: 0.2739028024804115
Step: 21932 Walker: 4 Trial Log Prob: -Inf Prob: 0.0 Frac: 0.27384038150338685
Number of steps: 22000 Acceptance Rate: 0.27369333333333334
Step: 22301 Walker: 56 Trial Log Prob: 504.48559048552073 Prob: 0.00014312882727218125 Frac: 0.2691079978719631
Step: 22440 Walker: 49 Trial Log Prob: 498.488856926031 Prob: 0.653617743574476 Frac: 0.27000060653848484
Step: 22827 Walker: 74 Trial Log Prob: 505.6000352900884 Prob: 0.0010038679318288715 Frac: 0.2686379466013156
Step: 22846 Walker: 70 Trial Log Prob: 506.1319357533877 Prob: 0.0080996999358057 Frac: 0.2687367010796753
Number of steps: 23000 Acceptance Rate: 0.26876
Step: 23052 Walker: 54 Trial Log Prob: 494.33207632202306 Prob: 0.1250707199999737 Frac: 0.2843516370198505
Step: 23099 Walker: 67 Trial Log Prob: 502.7776644189764 Prob: 0.500266061633929 Frac: 0.2839422947283268
Step: 23191 Walker: 23 Trial Log Prob: 496.17421991627856 Prob: 0.0377364414257071 Frac: 0.2776571148322007
Step: 23223 Walker: 19 Trial Log Prob: 474.85367888704485 Prob: 5.2976451917977506e-9 Frac: 0.27560141580178776
Step: 23425 Walker: 43 Trial Log Prob: -Inf Prob: 0.0 Frac: 0.27632446691580564
Step: 23524 Walker: 31 Trial Log Prob: 502.2085178992329 Prob: 0.2839176650478552 Frac: 0.27611065824332587
Step: 23537 Walker: 29 Trial Log Prob: 495.1462965197301 Prob: 0.012293138355965023 Frac: 0.27599492903129585
Step: 23722 Walker: 8 Trial Log Prob: 491.5684291142237 Prob: 0.7363019968474299 Frac: 0.2744300427121277
Step: 23769 Walker: 56 Trial Log Prob: 484.2632174012766 Prob: 2.2333637903375875e-5 Frac: 0.27454211183571525
Step: 23780 Walker: 53 Trial Log Prob: 498.930572802405 Prob: 0.9583124421955914 Frac: 0.2744963918054653
Step: 23799 Walker: 32 Trial Log Prob: 506.0475356472025 Prob: 0.8053293412733918 Frac: 0.2740556427641027
Step: 23981 Walker: 16 Trial Log Prob: 465.9329023992529 Prob: 9.250559593303212e-10 Frac: 0.27308341041405954
Step: 23995 Walker: 36 Trial Log Prob: 503.1431192770397 Prob: 0.5899510576188556 Frac: 0.2734829592684954
Number of steps: 24000 Acceptance Rate: 0.27342666666666665
Step: 24129 Walker: 36 Trial Log Prob: -Inf Prob: 0.0 Frac: 0.27687837276878374
Step: 24139 Walker: 54 Trial Log Prob: 497.7367852968897 Prob: 1.349780516764946 Frac: 0.2774894271434064
Step: 24262 Walker: 41 Trial Log Prob: 494.80937601311854 Prob: 0.022826877722914633 Frac: 0.26768964110929855
Step: 24386 Walker: 55 Trial Log Prob: 502.1503098473388 Prob: 0.9356066009252901 Frac: 0.26788800553059106
Step: 24522 Walker: 33 Trial Log Prob: 500.2351217126522 Prob: 0.27821162196172344 Frac: 0.2710954280454127
Step: 24561 Walker: 6 Trial Log Prob: 498.8784834340035 Prob: 1.036565950455155 Frac: 0.27155644431747844
Step: 24685 Walker: 57 Trial Log Prob: 507.3096926161117 Prob: 0.31494609548897673 Frac: 0.27349728371984344
Step: 24702 Walker: 4 Trial Log Prob: 492.3512968914363 Prob: 5.178468871279031e-7 Frac: 0.2741969227258031
Step: 24804 Walker: 29 Trial Log Prob: 501.10645930953564 Prob: 1.0471067301609678 Frac: 0.2765791482723139
Step: 24865 Walker: 54 Trial Log Prob: 510.67127065259206 Prob: 11.748005285671 Frac: 0.2767446880685848
Number of steps: 25000 Acceptance Rate: 0.27632
Burn-in Number (ends): 1904
