args = ["Hppp", "100", "30", "full", "fromEMB", "20000"]
FITS/fromEMB/p2_fit100.0s30.0yrs.jld2 loaded.
Previous model params: [3.3095310701997796e-6, 224.7007887995908, 3503.7651495968366, 0.023825884381666003, 0.02574274399925628, 3.1587388656329176e-6, 365.25643252894355, 3624.402385463411, 0.03541222021009189, 0.02319262027139741]
Finished 3-planet fit w/ fixed period: [2.546330848784358e-6, 224.70079015982563, 3503.7650972430583, -0.05000834626344871, 0.017901402126639616, 2.7333982075934668e-6, 365.2564706910801, 3624.4017688504246, -0.023542362671715784, 0.017633757503334777, 0.0009093029065238862, 3871.649999999999, 1113.2534798810275, 0.05549258960226857, -0.04725716254300317] in 20 iterations
Finished global 3-planet fit.
New 3-planet chi-square: 67.67382429289587
Maximum: -164.37327903777822 Param: [2.557757950932431e-6, 224.70079134893695, 3503.765056862068, -0.048277304819701196, 0.022034087215085617, 2.745779496965115e-6, 365.25646847485206, 3624.4017659604656, -0.02233434780581113, 0.02132221907228074, 0.0008915527256793601, 3982.4236566773943, 896.344005541002, 0.04787571883775266, -0.05027652692251535]
 73.692411 seconds (56.20 M allocations: 2.830 GiB, 3.99% gc time)
15 parameters from fit: [2.557757950932431e-6, 224.70079134893695, 3503.765056862068, -0.048277304819701196, 0.022034087215085617, 2.745779496965115e-6, 365.25646847485206, 3624.4017659604656, -0.02233434780581113, 0.02132221907228074, 0.0008915527256793601, 3982.4236566773943, 896.344005541002, 0.04787571883775266, -0.05027652692251535]
Step: 18 Walker: 34 Trial Log Prob: 496.3012464598196 Prob: 0.0023873363673621566 Frac: 0.36363636363636365
Step: 284 Walker: 30 Trial Log Prob: 487.94946088207666 Prob: 6.931775936829837e-6 Frac: 0.3188896730181134
Step: 362 Walker: 72 Trial Log Prob: 507.6278483106952 Prob: 0.5438622366629957 Frac: 0.3192986333664862
Step: 405 Walker: 32 Trial Log Prob: 505.34353145054143 Prob: 0.953598622162649 Frac: 0.31956349729658445
Step: 515 Walker: 71 Trial Log Prob: 511.0945767161119 Prob: 0.35506853427429774 Frac: 0.31783226741927967
Step: 803 Walker: 14 Trial Log Prob: 512.4675752999631 Prob: 0.07927787716492607 Frac: 0.31478957516122597
Number of steps: 1000 Acceptance Rate: 0.31062666666666666
Step: 1086 Walker: 45 Trial Log Prob: 501.0070542639098 Prob: 0.0006310067117206162 Frac: 0.2819314641744548
Step: 1393 Walker: 14 Trial Log Prob: -Inf Prob: 0.0 Frac: 0.28020670429047395
Step: 1421 Walker: 42 Trial Log Prob: 498.05217626885695 Prob: 0.009355292708610711 Frac: 0.27946864498129476
Step: 1426 Walker: 50 Trial Log Prob: -Inf Prob: 0.0 Frac: 0.2796554424432263
Step: 1654 Walker: 14 Trial Log Prob: 509.4557305767621 Prob: 0.38114694084417766 Frac: 0.28192043111718956
Step: 1753 Walker: 35 Trial Log Prob: 508.9142849227724 Prob: 0.0010765594079448662 Frac: 0.2820944449366528
Step: 1973 Walker: 51 Trial Log Prob: 510.3150769254691 Prob: 0.1614784293858417 Frac: 0.28116132746638156
Number of steps: 2000 Acceptance Rate: 0.28114666666666666
Step: 2148 Walker: 42 Trial Log Prob: 495.26194178513305 Prob: 0.0009466181610440256 Frac: 0.2755941086111864
Step: 2167 Walker: 46 Trial Log Prob: 510.6663867714297 Prob: 0.0003440785695039433 Frac: 0.2783290653008963
Step: 2368 Walker: 22 Trial Log Prob: 510.10327087070453 Prob: 0.8072987171242723 Frac: 0.28366065270265367
Step: 2455 Walker: 29 Trial Log Prob: 500.86570796905767 Prob: 2.609455644998667 Frac: 0.28504357522227763
Step: 2616 Walker: 60 Trial Log Prob: 513.4837573794399 Prob: 0.004765805754541385 Frac: 0.28604525278770165
Step: 2672 Walker: 2 Trial Log Prob: 509.7970197117232 Prob: 0.27216423509551413 Frac: 0.2857313171856061
Step: 2717 Walker: 66 Trial Log Prob: 499.1674296171805 Prob: 0.004990638341118661 Frac: 0.2872261280363055
Step: 2762 Walker: 52 Trial Log Prob: 515.387072372408 Prob: 0.0196231952947897 Frac: 0.288585082360355
Step: 2802 Walker: 35 Trial Log Prob: 498.36206320108005 Prob: 0.0026708566797473674 Frac: 0.28865413408750623
Number of steps: 3000 Acceptance Rate: 0.28518666666666664
Step: 3002 Walker: 66 Trial Log Prob: 488.44823445910504 Prob: 6.8936633164813865e-9 Frac: 0.28368794326241137
Step: 3156 Walker: 13 Trial Log Prob: 507.04891230961886 Prob: 1.0389030332078402 Frac: 0.2802887094002406
Step: 3240 Walker: 38 Trial Log Prob: -Inf Prob: 0.0 Frac: 0.28269220063463785
Step: 3535 Walker: 33 Trial Log Prob: 508.3998516949679 Prob: 0.37722785737167563 Frac: 0.27979442656487785
Step: 3589 Walker: 28 Trial Log Prob: 515.1597756561466 Prob: 0.013614225395355738 Frac: 0.27918781725888325
Step: 3606 Walker: 39 Trial Log Prob: -Inf Prob: 0.0 Frac: 0.2785925045140265
Step: 3664 Walker: 59 Trial Log Prob: -Inf Prob: 0.0 Frac: 0.2784830467620119
Step: 3870 Walker: 59 Trial Log Prob: 444.1622571499084 Prob: 1.6591272867120743e-24 Frac: 0.27887298034767144
Number of steps: 4000 Acceptance Rate: 0.27814666666666665
Step: 4023 Walker: 16 Trial Log Prob: 507.4118352242032 Prob: 0.10335253959181354 Frac: 0.2809123649459784
Number of steps: 5000 Acceptance Rate: 0.28498666666666667
Step: 5250 Walker: 66 Trial Log Prob: 512.5833900523044 Prob: 0.0003504905611083301 Frac: 0.28354943706312363
Step: 5382 Walker: 52 Trial Log Prob: 499.50585325156885 Prob: 0.5068775596157127 Frac: 0.28427708107730465
Step: 5501 Walker: 57 Trial Log Prob: 510.2128521851214 Prob: 1.1373421010897933 Frac: 0.2847937801208829
Step: 5556 Walker: 2 Trial Log Prob: -Inf Prob: 0.0 Frac: 0.28426261801234776
Step: 5605 Walker: 54 Trial Log Prob: 511.0733369039158 Prob: 0.4632214874573234 Frac: 0.28326057238611807
Step: 5628 Walker: 23 Trial Log Prob: 508.56666630868926 Prob: 0.7571401825854438 Frac: 0.28322139091991155
Step: 5681 Walker: 71 Trial Log Prob: 513.751760522899 Prob: 9.754147642197405e-5 Frac: 0.28286111491844684
Step: 5684 Walker: 45 Trial Log Prob: 512.1819698014647 Prob: 0.08122893814222513 Frac: 0.2828164618685391
Step: 5722 Walker: 75 Trial Log Prob: 512.5277825264812 Prob: 0.26591041371994634 Frac: 0.2825669436749769
Number of steps: 6000 Acceptance Rate: 0.27932
Step: 6161 Walker: 73 Trial Log Prob: 507.34076340124824 Prob: 0.8540991562245606 Frac: 0.27342002816201444
Step: 6204 Walker: 37 Trial Log Prob: 496.9646299447786 Prob: 0.0041598695160880925 Frac: 0.2755864237976674
Step: 6369 Walker: 65 Trial Log Prob: 510.6875804072268 Prob: 6.457674493593729 Frac: 0.273775528646304
Step: 6372 Walker: 71 Trial Log Prob: -Inf Prob: 0.0 Frac: 0.27391023802695724
Step: 6541 Walker: 39 Trial Log Prob: 512.5145815321757 Prob: 0.30884717515675747 Frac: 0.2766471792594785
Step: 6599 Walker: 61 Trial Log Prob: 484.6244295800106 Prob: 1.914793757612571e-6 Frac: 0.27714813742735633
Step: 6600 Walker: 11 Trial Log Prob: 508.29204689201936 Prob: 1.6001250169465402 Frac: 0.27719423179633257
Step: 6621 Walker: 61 Trial Log Prob: 512.8860295991298 Prob: 0.3238022176858322 Frac: 0.2774210175898284
Step: 6780 Walker: 65 Trial Log Prob: 509.4168076173917 Prob: 0.07921477950117578 Frac: 0.2792443152675671
Number of steps: 7000 Acceptance Rate: 0.27952
Step: 7045 Walker: 29 Trial Log Prob: 514.2507382207913 Prob: 0.231635595895607 Frac: 0.28837488735355965
Step: 7235 Walker: 68 Trial Log Prob: 507.04192115033874 Prob: 0.06291653240293468 Frac: 0.2855602224997162
Step: 7388 Walker: 36 Trial Log Prob: 512.6672864631711 Prob: 0.010548713121416996 Frac: 0.28044458208595713
Step: 7448 Walker: 37 Trial Log Prob: 510.32390061980567 Prob: 0.5082968128770939 Frac: 0.2808533460461236
Step: 7931 Walker: 44 Trial Log Prob: 515.3005887897162 Prob: 0.18878599914884175 Frac: 0.27892082413961083
Number of steps: 8000 Acceptance Rate: 0.27936
Step: 8067 Walker: 7 Trial Log Prob: 512.9299029946906 Prob: 0.025669592725684726 Frac: 0.273552551946742
Step: 8450 Walker: 19 Trial Log Prob: -Inf Prob: 0.0 Frac: 0.2734017926040245
Step: 8545 Walker: 39 Trial Log Prob: 503.85946237046176 Prob: 1.558644135581374 Frac: 0.27356203628884157
Step: 8737 Walker: 36 Trial Log Prob: -Inf Prob: 0.0 Frac: 0.27197841987109855
Step: 8744 Walker: 66 Trial Log Prob: 501.4263384191777 Prob: 0.051278823347158345 Frac: 0.2724274524564894
Step: 8794 Walker: 39 Trial Log Prob: 507.79614663278403 Prob: 0.726400498047996 Frac: 0.27238968982088246
Step: 8869 Walker: 38 Trial Log Prob: 510.47466912065516 Prob: 0.27510893359773836 Frac: 0.2737111977647456
Step: 8950 Walker: 42 Trial Log Prob: 510.23354984039895 Prob: 0.0006176507702348814 Frac: 0.2743305671398683
Step: 8970 Walker: 56 Trial Log Prob: 514.9431073643952 Prob: 0.014572463311686035 Frac: 0.27421594643274533
Number of steps: 9000 Acceptance Rate: 0.27470666666666665
Step: 9025 Walker: 3 Trial Log Prob: 496.34041028155167 Prob: 0.00013956792774327852 Frac: 0.2689961175818081
Step: 9095 Walker: 62 Trial Log Prob: 506.37413923799033 Prob: 0.0006146879530569755 Frac: 0.28177727784026996
Step: 9178 Walker: 71 Trial Log Prob: 515.1426521109337 Prob: 0.01572014021546941 Frac: 0.2820320695339428
Step: 9194 Walker: 55 Trial Log Prob: 513.311835771373 Prob: 0.10113985265379208 Frac: 0.28306951135581554
Step: 9328 Walker: 17 Trial Log Prob: 513.3638720588654 Prob: 0.0025430504159785483 Frac: 0.2824138212044658
Step: 9334 Walker: 22 Trial Log Prob: 380.6310786638206 Prob: 3.265986000627713e-47 Frac: 0.28259391126935235
Step: 9511 Walker: 39 Trial Log Prob: -Inf Prob: 0.0 Frac: 0.2788268171015174
Step: 9547 Walker: 68 Trial Log Prob: 509.6774503188671 Prob: 2.0567888474545564 Frac: 0.2791213613535521
Step: 9695 Walker: 51 Trial Log Prob: 510.2255337917568 Prob: 0.16828857858536111 Frac: 0.2804744630621293
Step: 9747 Walker: 19 Trial Log Prob: 511.3421797239686 Prob: 0.7970761328228192 Frac: 0.2808519001590166
Step: 9938 Walker: 23 Trial Log Prob: 475.34533828834054 Prob: 8.006177276067782e-11 Frac: 0.2803493698255996
Number of steps: 10000 Acceptance Rate: 0.28002666666666665
Step: 10151 Walker: 46 Trial Log Prob: 478.8969251876155 Prob: 5.102622758614233e-9 Frac: 0.26566926345609065
Step: 10198 Walker: 16 Trial Log Prob: 501.304673024308 Prob: 0.6511178299915228 Frac: 0.2661753769183963
Step: 10494 Walker: 3 Trial Log Prob: 515.5225432176958 Prob: 1.1205557252923724 Frac: 0.2689166531451133
Step: 10594 Walker: 31 Trial Log Prob: 490.6301277602729 Prob: 0.0047662855567428795 Frac: 0.2704129780254348
Step: 10762 Walker: 71 Trial Log Prob: 508.29581057418176 Prob: 0.37324175669463205 Frac: 0.2726350050747209
Step: 10970 Walker: 14 Trial Log Prob: 514.3915214776249 Prob: 0.0033671113969805846 Frac: 0.2738928861313266
Step: 10984 Walker: 54 Trial Log Prob: 512.4416436355579 Prob: 1.9091720370653253e-5 Frac: 0.2739804009270931
Number of steps: 11000 Acceptance Rate: 0.27429333333333333
Step: 11033 Walker: 16 Trial Log Prob: 486.71592078577146 Prob: 7.15332454940168e-5 Frac: 0.28269867549668876
Step: 11044 Walker: 67 Trial Log Prob: 509.5036865256818 Prob: 0.725226902529227 Frac: 0.2818955042527339
Step: 11087 Walker: 13 Trial Log Prob: 513.3226404399608 Prob: 0.0018076201255795342 Frac: 0.28330496673371497
Step: 11109 Walker: 70 Trial Log Prob: 512.7151050307149 Prob: 0.08450736862242803 Frac: 0.28151774785801714
Step: 11290 Walker: 29 Trial Log Prob: 502.7599821302192 Prob: 0.6594916847509401 Frac: 0.28220604496866936
Step: 11794 Walker: 61 Trial Log Prob: 515.7341476020204 Prob: 0.008477235240525644 Frac: 0.2804857565170653
Step: 11950 Walker: 55 Trial Log Prob: 509.7404158919751 Prob: 0.6092923693752571 Frac: 0.2793485890776358
Number of steps: 12000 Acceptance Rate: 0.27968
Step: 12003 Walker: 71 Trial Log Prob: 487.30181191084154 Prob: 1.2812877475250086e-6 Frac: 0.2669683257918552
Step: 12033 Walker: 53 Trial Log Prob: 508.84305789671214 Prob: 0.6549689172837764 Frac: 0.2857725234406849
Step: 12044 Walker: 25 Trial Log Prob: 507.576486649549 Prob: 0.42895564147898896 Frac: 0.3006153846153846
Step: 12129 Walker: 19 Trial Log Prob: 502.88110304325244 Prob: 0.0032744732157655894 Frac: 0.3019024846657657
Step: 12336 Walker: 20 Trial Log Prob: 511.6361149845288 Prob: 0.14381523476313732 Frac: 0.29055478226287534
Step: 12351 Walker: 59 Trial Log Prob: 498.45263327659217 Prob: 0.006258758818301853 Frac: 0.2908510395682086
Step: 12414 Walker: 22 Trial Log Prob: 509.2706307044816 Prob: 1.9468655159125425e-5 Frac: 0.29035067909797724
Step: 12503 Walker: 17 Trial Log Prob: 494.39852155482873 Prob: 0.0001858503087810917 Frac: 0.28751957947274803
Step: 12514 Walker: 55 Trial Log Prob: 509.74135712158755 Prob: 3.4293987196560427 Frac: 0.28754217492862705
Step: 12881 Walker: 31 Trial Log Prob: 482.13700864962294 Prob: 2.1798406029713564e-7 Frac: 0.28712271508836756
Step: 12911 Walker: 36 Trial Log Prob: 515.6450383147221 Prob: 0.8981926601447017 Frac: 0.2875845707758545
Number of steps: 13000 Acceptance Rate: 0.28844
Step: 13069 Walker: 69 Trial Log Prob: 460.9625351366569 Prob: 5.020920373970528e-16 Frac: 0.2745211839814277
Step: 13143 Walker: 65 Trial Log Prob: -Inf Prob: 0.0 Frac: 0.27830144657022865
Step: 13176 Walker: 37 Trial Log Prob: 489.2107503416051 Prob: 1.7081209312919842e-5 Frac: 0.27921288557969914
Step: 13219 Walker: 62 Trial Log Prob: 493.5363636330068 Prob: 0.05449256003226713 Frac: 0.2765659273702169
Step: 13574 Walker: 39 Trial Log Prob: 500.32645955507775 Prob: 2.5978961222025746e-5 Frac: 0.2781652485237365
Step: 13969 Walker: 40 Trial Log Prob: 510.94725415171195 Prob: 1.0467329029949433 Frac: 0.28018997797356826
Step: 13983 Walker: 33 Trial Log Prob: 419.5308667582676 Prob: 5.985931693481145e-34 Frac: 0.27995602784902895
Number of steps: 14000 Acceptance Rate: 0.28014666666666665
Step: 14029 Walker: 63 Trial Log Prob: 508.11048823084843 Prob: 0.9721670248718426 Frac: 0.2871012482662968
Step: 14173 Walker: 72 Trial Log Prob: 487.2698480926461 Prob: 1.951167400172065e-10 Frac: 0.29209065679925994
Step: 14633 Walker: 59 Trial Log Prob: 507.0986119941194 Prob: 0.3327100024091198 Frac: 0.2865420678901789
Step: 14680 Walker: 15 Trial Log Prob: 490.6867736976625 Prob: 0.0017735662288832907 Frac: 0.28767177071064
Step: 14762 Walker: 48 Trial Log Prob: 507.24633868657963 Prob: 2.409599127417334e-5 Frac: 0.2884127234213889
Step: 14774 Walker: 51 Trial Log Prob: 513.5255798990355 Prob: 0.009590191092220125 Frac: 0.2887671044014752
Step: 14777 Walker: 17 Trial Log Prob: 512.0777043837705 Prob: 0.0026961076957981297 Frac: 0.2886785646804198
Step: 14817 Walker: 42 Trial Log Prob: 515.2291555160252 Prob: 0.6839673336210619 Frac: 0.2894908722771954
Number of steps: 15000 Acceptance Rate: 0.2880666666666667
Step: 15030 Walker: 30 Trial Log Prob: 488.3724628036471 Prob: 0.0001669674671089633 Frac: 0.26893424036281177
Step: 15085 Walker: 41 Trial Log Prob: 478.40205857229677 Prob: 1.6782380922015268e-7 Frac: 0.27487777953004255
Step: 15096 Walker: 65 Trial Log Prob: 500.69286075203354 Prob: 0.3560966696913696 Frac: 0.2773296244784423
Step: 15461 Walker: 10 Trial Log Prob: 514.7145685034669 Prob: 0.002435258883564297 Frac: 0.2830194146624167
Step: 15543 Walker: 4 Trial Log Prob: 505.4359383579027 Prob: 1.0054421821568067 Frac: 0.2811777438874403
Step: 15563 Walker: 20 Trial Log Prob: 511.55866396804396 Prob: 1.337481415607569e-5 Frac: 0.2800569124970358
Step: 15657 Walker: 49 Trial Log Prob: 514.9509232908615 Prob: 0.004389956822194827 Frac: 0.28156916891713535
Step: 15872 Walker: 28 Trial Log Prob: -Inf Prob: 0.0 Frac: 0.28015546340642355
Number of steps: 16000 Acceptance Rate: 0.27974666666666664
Step: 16038 Walker: 68 Trial Log Prob: 507.6564134405969 Prob: 7.534863863535718 Frac: 0.2782272247625747
Step: 16177 Walker: 27 Trial Log Prob: 513.0697752936994 Prob: 0.8556684100424972 Frac: 0.27927723595675513
Step: 16228 Walker: 74 Trial Log Prob: 486.37220154424733 Prob: 2.0697301019841635e-7 Frac: 0.27674132990233347
Step: 16290 Walker: 38 Trial Log Prob: 490.25368999669485 Prob: 1.196429670744573e-5 Frac: 0.27711509234099385
Step: 16348 Walker: 47 Trial Log Prob: 510.8706184574595 Prob: 0.002931380397667825 Frac: 0.2752761583307763
Step: 16392 Walker: 14 Trial Log Prob: 505.6684293751601 Prob: 2.2985303753389035 Frac: 0.274446981833055
Step: 16900 Walker: 68 Trial Log Prob: -Inf Prob: 0.0 Frac: 0.27825107788955894
Number of steps: 17000 Acceptance Rate: 0.2792
Step: 17195 Walker: 48 Trial Log Prob: 503.70288462658544 Prob: 0.9062575921289363 Frac: 0.28510754897931223
Step: 17384 Walker: 17 Trial Log Prob: 500.62013663700236 Prob: 0.004807754536885626 Frac: 0.2863057546447707
Step: 17456 Walker: 51 Trial Log Prob: 505.1412795499024 Prob: 0.8651883568016542 Frac: 0.2845271535580524
Step: 17626 Walker: 62 Trial Log Prob: 479.6218895373386 Prob: 1.4665015804252735e-9 Frac: 0.2830602722798645
Step: 17685 Walker: 69 Trial Log Prob: 434.7517394360977 Prob: 7.248660793578827e-29 Frac: 0.2824466117697444
Step: 17758 Walker: 23 Trial Log Prob: 513.900451090562 Prob: 1.143989832252175 Frac: 0.282034578682348
Number of steps: 18000 Acceptance Rate: 0.2796533333333333
Step: 18003 Walker: 73 Trial Log Prob: 509.13185358247915 Prob: 1.01536031760245 Frac: 0.26905829596412556
Step: 18074 Walker: 60 Trial Log Prob: 511.43690398751977 Prob: 0.01557730920377232 Frac: 0.2704607046070461
Step: 18352 Walker: 11 Trial Log Prob: -Inf Prob: 0.0 Frac: 0.28436360874848116
Step: 18394 Walker: 3 Trial Log Prob: 505.91841001213925 Prob: 0.04958593215340056 Frac: 0.28499219757106997
Step: 18555 Walker: 67 Trial Log Prob: -Inf Prob: 0.0 Frac: 0.2856044404930677
Step: 18650 Walker: 17 Trial Log Prob: 504.69853067576446 Prob: 0.5377628790983483 Frac: 0.28557052493222707
Step: 18651 Walker: 21 Trial Log Prob: 511.71785882690256 Prob: 0.0015001016972574555 Frac: 0.2857845851018023
Step: 18659 Walker: 52 Trial Log Prob: 513.9202311851694 Prob: 0.0282272860138813 Frac: 0.28557548277397676
Step: 18743 Walker: 34 Trial Log Prob: 505.89907422875706 Prob: 0.07767478549884249 Frac: 0.2851986207887364
Step: 18891 Walker: 55 Trial Log Prob: 509.9871514376909 Prob: 0.17808358882588432 Frac: 0.28542773744480204
Number of steps: 19000 Acceptance Rate: 0.28552
Step: 19232 Walker: 5 Trial Log Prob: 512.6994665610798 Prob: 0.9407678282395928 Frac: 0.2735718407386036
Step: 19258 Walker: 47 Trial Log Prob: -Inf Prob: 0.0 Frac: 0.2746092537004451
Step: 19338 Walker: 13 Trial Log Prob: -Inf Prob: 0.0 Frac: 0.277483391331857
Step: 19361 Walker: 43 Trial Log Prob: 512.3950977588354 Prob: 0.01900441231664784 Frac: 0.2783714824538698
Step: 19444 Walker: 13 Trial Log Prob: 495.3386136003503 Prob: 0.00018402744368032194 Frac: 0.2792586798242975
Step: 19525 Walker: 2 Trial Log Prob: 511.76177981728057 Prob: 0.0005905249403261529 Frac: 0.27861177548216376
Step: 19557 Walker: 53 Trial Log Prob: 512.368663210856 Prob: 2.2474778037919765 Frac: 0.2774890427035183
Step: 19580 Walker: 4 Trial Log Prob: 487.3676208511064 Prob: 6.338017026258934e-5 Frac: 0.2759906974602224
Step: 19912 Walker: 12 Trial Log Prob: 506.8745763586684 Prob: 3.2446934953760915 Frac: 0.2739072537571155
Number of steps: 20000 Acceptance Rate: 0.27325333333333335
Burn-in Number (ends): 1813
Independent Sample Size: 2679.4363890824197
Saved in MCMC/fromEMB/p3_mcmc100.0s30.0yrs.jld2
894.673877 seconds (59.61 M allocations: 174.767 GiB, 5.08% gc time)
