
signal (15): Terminated: 15
in expression starting at /Users/bethleelindor/work/washington/ttv_project/ttv_ss/full_run.jl:143
_kernelrpc_mach_vm_deallocate_trap at /usr/lib/system/libsystem_kernel.dylib (unknown line)
unknown function (ip: 0xffffffffffffffff)
Allocations: 181919269 (Pool: 181895629; Big: 23640); GC: 1046
args = ["Hppp", "120", "30", "full", "fromEMB", "30000"]
FITS/fromEMB/p2_fit120.0s30.0yrs.jld2 loaded.
Previous model params: [3.4438896965144197e-6, 224.70079178836562, 3503.765069869844, 0.023289290763189422, 0.029341980234173923, 3.133934915216749e-6, 365.2564324247948, 3624.4023357477636, 0.035678663170198764, 0.026479695955273615]
Finished 3-planet fit w/ fixed period: [3.612465817486702e-6, 224.70079661021677, 3503.764929736462, 0.04485190612742603, 0.017538999201810727, 3.226994378543666e-6, 365.25646609284445, 3624.4017802263375, 0.05172297842157939, 0.017625765812564916, 0.0002058299464736235, 3871.649999999999, 1968.0892120954534, -0.2599574270700981, 0.1445538939862363] in 20 iterations
Finished global 3-planet fit.
New 3-planet chi-square: 66.02109640820791
Maximum: -163.40899900650913 Param: [2.5981529515415417e-6, 224.70079365976937, 3503.764995377407, -0.05561661399128873, 0.020864328628499587, 2.6993494514779977e-6, 365.2564689484079, 3624.401706956028, -0.027416169437055143, 0.02074004584940303, 0.0009759713009883343, 3952.429065740621, 943.6623996856082, 0.056770470633646146, -0.04664003374178119]
 73.619672 seconds (56.25 M allocations: 2.838 GiB, 4.32% gc time)
15 parameters from fit: [2.5981529515415417e-6, 224.70079365976937, 3503.764995377407, -0.05561661399128873, 0.020864328628499587, 2.6993494514779977e-6, 365.2564689484079, 3624.401706956028, -0.027416169437055143, 0.02074004584940303, 0.0009759713009883343, 3952.429065740621, 943.6623996856082, 0.056770470633646146, -0.04664003374178119]
Step: 34 Walker: 17 Trial Log Prob: 489.55554900244886 Prob: 0.7870194246374428 Frac: 0.3378812199036918
Step: 61 Walker: 3 Trial Log Prob: 491.341147148706 Prob: 0.33718110276509317 Frac: 0.33710859427048634
Step: 89 Walker: 13 Trial Log Prob: 469.06459306304396 Prob: 6.878515617810342e-7 Frac: 0.3334341448661727
Step: 139 Walker: 42 Trial Log Prob: 467.02203635612324 Prob: 6.965079709499498e-8 Frac: 0.32929176289453427
Step: 326 Walker: 46 Trial Log Prob: 475.7395641409922 Prob: 6.167273832074872e-6 Frac: 0.3241472503173498
Step: 343 Walker: 36 Trial Log Prob: -Inf Prob: 0.0 Frac: 0.3251576734407849
Step: 486 Walker: 35 Trial Log Prob: 498.93496148990437 Prob: 1.9036686543351702 Frac: 0.31928041746772867
Number of steps: 1000 Acceptance Rate: 0.3074266666666667
Step: 1130 Walker: 66 Trial Log Prob: 470.6262605814877 Prob: 2.2366201841216452e-5 Frac: 0.2844677137870855
Step: 1636 Walker: 39 Trial Log Prob: 495.75587333074805 Prob: 0.030712491809502092 Frac: 0.2823304800268546
Step: 1669 Walker: 16 Trial Log Prob: 487.836931598946 Prob: 0.023687435589892683 Frac: 0.28280389496368424
Step: 1855 Walker: 28 Trial Log Prob: 499.77577523118794 Prob: 0.20378584563724272 Frac: 0.2834982365242361
Step: 1880 Walker: 50 Trial Log Prob: 488.02459014943975 Prob: 0.05103911976756463 Frac: 0.28400151572565363
Step: 1974 Walker: 44 Trial Log Prob: 488.61718166716696 Prob: 0.4163662976098498 Frac: 0.28272093564688644
Number of steps: 2000 Acceptance Rate: 0.2826666666666667
Step: 2151 Walker: 28 Trial Log Prob: -Inf Prob: 0.0 Frac: 0.2777974818230183
Step: 2271 Walker: 16 Trial Log Prob: 500.6915437359259 Prob: 0.0007644407564932599 Frac: 0.2756834106385078
Step: 2490 Walker: 28 Trial Log Prob: -Inf Prob: 0.0 Frac: 0.27553605972263845
Step: 2728 Walker: 21 Trial Log Prob: 499.97444313863906 Prob: 0.008509718447444246 Frac: 0.2771422285777142
Step: 2732 Walker: 54 Trial Log Prob: -Inf Prob: 0.0 Frac: 0.27691831119371707
Step: 2874 Walker: 50 Trial Log Prob: 499.55534079159116 Prob: 0.46944129798807666 Frac: 0.2767340709652804
Number of steps: 3000 Acceptance Rate: 0.27654666666666666
Step: 3110 Walker: 59 Trial Log Prob: 491.9038526231429 Prob: 0.0017414040785908612 Frac: 0.2736215691037163
Step: 3148 Walker: 33 Trial Log Prob: 453.88055713093166 Prob: 1.5067427895836448e-12 Frac: 0.2764514378730331
Step: 3284 Walker: 16 Trial Log Prob: 500.9521016429559 Prob: 0.22767635084096827 Frac: 0.2733392966432842
Step: 3333 Walker: 55 Trial Log Prob: 476.03459473727264 Prob: 0.00020918440853119995 Frac: 0.27365257463434184
Step: 3495 Walker: 69 Trial Log Prob: 492.200032564133 Prob: 0.22372610752528524 Frac: 0.2736873299388453
Step: 3557 Walker: 39 Trial Log Prob: -Inf Prob: 0.0 Frac: 0.275042526174561
Step: 3570 Walker: 49 Trial Log Prob: -Inf Prob: 0.0 Frac: 0.27516150173204756
Step: 3773 Walker: 72 Trial Log Prob: -Inf Prob: 0.0 Frac: 0.27687504312426686
Step: 3853 Walker: 33 Trial Log Prob: -Inf Prob: 0.0 Frac: 0.2768679711573053
Step: 3926 Walker: 50 Trial Log Prob: 498.61463927961046 Prob: 0.3089366329694227 Frac: 0.2768599207778178
Step: 3945 Walker: 14 Trial Log Prob: 499.5113927865406 Prob: 0.7048997131482244 Frac: 0.2771627079391081
Step: 3950 Walker: 28 Trial Log Prob: -Inf Prob: 0.0 Frac: 0.2772214653876943
Step: 3983 Walker: 4 Trial Log Prob: -Inf Prob: 0.0 Frac: 0.27622396611182015
Number of steps: 4000 Acceptance Rate: 0.27612
Step: 4180 Walker: 37 Trial Log Prob: 498.57894829534155 Prob: 1.6407659237405448 Frac: 0.2737334719952459
Step: 4212 Walker: 13 Trial Log Prob: -Inf Prob: 0.0 Frac: 0.27516100517742137
Step: 4335 Walker: 46 Trial Log Prob: -Inf Prob: 0.0 Frac: 0.27414727446605036
Step: 4531 Walker: 4 Trial Log Prob: 471.0407734512431 Prob: 3.42224326088835e-7 Frac: 0.2768023343562912
Step: 4538 Walker: 62 Trial Log Prob: 498.3612033188524 Prob: 0.5213542904235015 Frac: 0.2766938542777103
Step: 4555 Walker: 11 Trial Log Prob: 482.8561408881772 Prob: 0.020037557924345622 Frac: 0.2760280070258175
Step: 4612 Walker: 66 Trial Log Prob: 494.50413566906707 Prob: 0.3826845809724654 Frac: 0.27608899348456123
Step: 4639 Walker: 27 Trial Log Prob: 480.32679410601486 Prob: 0.0028645699081177615 Frac: 0.2761660087307058
Step: 4648 Walker: 62 Trial Log Prob: 498.75660455554305 Prob: 0.1007408991884641 Frac: 0.27630847757630644
Number of steps: 5000 Acceptance Rate: 0.27586666666666665
Step: 5619 Walker: 70 Trial Log Prob: 490.87784527911447 Prob: 1.028836275005906 Frac: 0.2736320551486428
Step: 5654 Walker: 70 Trial Log Prob: 485.2166623027013 Prob: 0.9855104121577181 Frac: 0.2740544398001835
Step: 5678 Walker: 34 Trial Log Prob: 495.8115667294096 Prob: 0.8971713757893193 Frac: 0.2742427522682989
Step: 5697 Walker: 71 Trial Log Prob: 499.5317212491028 Prob: 0.013713436511765311 Frac: 0.27399514070899733
Step: 5768 Walker: 29 Trial Log Prob: 492.14395982844826 Prob: 0.053625814240286 Frac: 0.2737429196928102
Step: 5791 Walker: 8 Trial Log Prob: 496.8285651103672 Prob: 0.010314358954255873 Frac: 0.27334705862499575
Step: 5917 Walker: 36 Trial Log Prob: 484.7385438407936 Prob: 0.0015739869121032754 Frac: 0.2735538873370577
Step: 5949 Walker: 1 Trial Log Prob: 475.48451336875297 Prob: 3.7966279824739495e-6 Frac: 0.27355452103345945
Number of steps: 6000 Acceptance Rate: 0.27365333333333336
Step: 6103 Walker: 68 Trial Log Prob: 498.18111239540804 Prob: 0.8510637456897395 Frac: 0.26224410469033427
Step: 6139 Walker: 34 Trial Log Prob: 501.4544474649605 Prob: 0.5517524779887294 Frac: 0.26040061633281975
Step: 6277 Walker: 45 Trial Log Prob: 494.55148201402915 Prob: 0.0009814301930423026 Frac: 0.2598698481561822
Step: 6903 Walker: 48 Trial Log Prob: 499.32061669366664 Prob: 0.5578564571502775 Frac: 0.26835357026795476
Step: 6924 Walker: 38 Trial Log Prob: 493.38868300471836 Prob: 0.04140379658117136 Frac: 0.26859939650318354
Step: 6987 Walker: 6 Trial Log Prob: 497.5230016673325 Prob: 0.0007248488266242137 Frac: 0.2687408729514847
Number of steps: 7000 Acceptance Rate: 0.2691866666666667
Step: 7140 Walker: 19 Trial Log Prob: 486.4701294616627 Prob: 0.04102707461753617 Frac: 0.2688625047874378
Step: 7221 Walker: 52 Trial Log Prob: 491.0569259026841 Prob: 1.1964721684191044 Frac: 0.2667351377477042
Step: 7284 Walker: 1 Trial Log Prob: 497.88760705734967 Prob: 1.6814350491641088 Frac: 0.26542919061528314
Step: 7844 Walker: 65 Trial Log Prob: 482.68061291259215 Prob: 0.0026321190059801543 Frac: 0.26939484910728395
Step: 7891 Walker: 38 Trial Log Prob: 497.1185522105419 Prob: 1.0677433037227162 Frac: 0.269150146732946
Number of steps: 8000 Acceptance Rate: 0.26850666666666667
Step: 8106 Walker: 23 Trial Log Prob: 470.21398734024507 Prob: 2.909738702687667e-9 Frac: 0.271714358065333
Step: 8258 Walker: 52 Trial Log Prob: 501.62413832230004 Prob: 0.042881725059629464 Frac: 0.26931236094582706
Step: 8260 Walker: 21 Trial Log Prob: 497.8508840637472 Prob: 0.8238566650729829 Frac: 0.26946415715314204
Step: 8397 Walker: 71 Trial Log Prob: 495.1644922648216 Prob: 1.0140648985901284 Frac: 0.2681804440562964
Step: 8450 Walker: 38 Trial Log Prob: 491.9833718126251 Prob: 0.3605384313351876 Frac: 0.2673152789725032
Step: 8620 Walker: 34 Trial Log Prob: 503.14234374641103 Prob: 0.0043849678867462025 Frac: 0.26614864719430037
Step: 8706 Walker: 31 Trial Log Prob: 495.7589176773943 Prob: 0.983918513401277 Frac: 0.2648659887347371
Step: 8732 Walker: 40 Trial Log Prob: 482.3002788460256 Prob: 0.00034158161773853647 Frac: 0.2646678210152192
Step: 8874 Walker: 14 Trial Log Prob: 495.88480016863355 Prob: 0.5542541713432603 Frac: 0.26364733008596863
Step: 8942 Walker: 32 Trial Log Prob: 454.49647056314285 Prob: 3.269254806870021e-13 Frac: 0.26481793589870695
Step: 8981 Walker: 18 Trial Log Prob: 497.98518357365487 Prob: 0.008057782043063956 Frac: 0.26524116542887455
Number of steps: 9000 Acceptance Rate: 0.26576
Step: 9002 Walker: 34 Trial Log Prob: 500.28938581178056 Prob: 0.23876847857691263 Frac: 0.25688073394495414
Step: 9104 Walker: 34 Trial Log Prob: 494.8287090306329 Prob: 1.3391175884630713 Frac: 0.2644670704987756
Step: 9110 Walker: 60 Trial Log Prob: 503.2381626757944 Prob: 0.07852223570071826 Frac: 0.26387370977534913
Step: 9200 Walker: 31 Trial Log Prob: 480.15384277231794 Prob: 0.00886248969708756 Frac: 0.2647098154586788
Step: 9434 Walker: 52 Trial Log Prob: 492.68342140853696 Prob: 15.684040052581684 Frac: 0.26221293079595415
Step: 9815 Walker: 34 Trial Log Prob: 489.2187797252162 Prob: 0.03018885476258607 Frac: 0.26642001178704733
Step: 9864 Walker: 65 Trial Log Prob: 445.8240209170777 Prob: 4.434004136979022e-18 Frac: 0.26658434943664144
Number of steps: 10000 Acceptance Rate: 0.26644
Step: 10023 Walker: 17 Trial Log Prob: -Inf Prob: 0.0 Frac: 0.2699460107978404
Step: 10031 Walker: 58 Trial Log Prob: 493.92582882797205 Prob: 1.0226846874311268 Frac: 0.2755632582322357
Step: 10093 Walker: 36 Trial Log Prob: 496.8282453797635 Prob: 0.04154431851375915 Frac: 0.2759515570934256
Step: 10155 Walker: 34 Trial Log Prob: 495.21992040883055 Prob: 0.0004728278530587421 Frac: 0.2695959944751381
Step: 10201 Walker: 68 Trial Log Prob: -Inf Prob: 0.0 Frac: 0.2692460844173082
Step: 10244 Walker: 13 Trial Log Prob: -Inf Prob: 0.0 Frac: 0.2652703147274921
Step: 10337 Walker: 40 Trial Log Prob: 495.5267724773246 Prob: 0.577435564174648 Frac: 0.26521394611727417
Step: 10370 Walker: 2 Trial Log Prob: 499.69156101221694 Prob: 0.1462815434289872 Frac: 0.265599595331864
Step: 10426 Walker: 71 Trial Log Prob: 468.30231840044496 Prob: 6.338246355319633e-7 Frac: 0.2662618168158768
Step: 10741 Walker: 41 Trial Log Prob: 497.55814816170306 Prob: 9.610972939262854e-5 Frac: 0.268180263228966
Number of steps: 11000 Acceptance Rate: 0.26936
Step: 11744 Walker: 57 Trial Log Prob: 495.54674293657104 Prob: 3.1167107016885153e-6 Frac: 0.2654619769818221
Step: 11749 Walker: 28 Trial Log Prob: -Inf Prob: 0.0 Frac: 0.265625
Step: 11917 Walker: 21 Trial Log Prob: 488.12976682283755 Prob: 0.034883119397545105 Frac: 0.2667161420817509
Number of steps: 12000 Acceptance Rate: 0.2673466666666667
Step: 12054 Walker: 5 Trial Log Prob: 461.0557827513468 Prob: 2.574317773258019e-10 Frac: 0.2623115577889447
Step: 12129 Walker: 19 Trial Log Prob: 498.36536558873166 Prob: 0.4261150721091595 Frac: 0.26655577502858924
Step: 12238 Walker: 10 Trial Log Prob: 497.451566509057 Prob: 0.13721924079583825 Frac: 0.26055664886140006
Step: 12523 Walker: 38 Trial Log Prob: 491.9054944223155 Prob: 1.1162472577142086 Frac: 0.26260589976523424
Step: 12529 Walker: 13 Trial Log Prob: -Inf Prob: 0.0 Frac: 0.2622876328478025
Step: 12671 Walker: 70 Trial Log Prob: -Inf Prob: 0.0 Frac: 0.2633147853736089
Step: 12713 Walker: 19 Trial Log Prob: 500.38406447211867 Prob: 2.467752814693126 Frac: 0.2636327898313334
Step: 12946 Walker: 16 Trial Log Prob: 459.8459164956613 Prob: 2.7701206626157044e-11 Frac: 0.26271317938807465
Step: 12979 Walker: 52 Trial Log Prob: 491.21948781385527 Prob: 0.8276250983677514 Frac: 0.26288112040543854
Number of steps: 13000 Acceptance Rate: 0.26228
Step: 13255 Walker: 52 Trial Log Prob: 485.8727825496602 Prob: 0.015943144124556333 Frac: 0.27164694796356403
Step: 13352 Walker: 18 Trial Log Prob: -Inf Prob: 0.0 Frac: 0.2651178681243594
Step: 13619 Walker: 19 Trial Log Prob: 480.954738596875 Prob: 0.03858104176653384 Frac: 0.2636244042355884
Step: 13749 Walker: 35 Trial Log Prob: 495.8220620149889 Prob: 0.016333506178831465 Frac: 0.26300881802796827
Step: 13858 Walker: 21 Trial Log Prob: 488.65802889690536 Prob: 1.1114957237754191e-8 Frac: 0.26273796192609183
Step: 13979 Walker: 32 Trial Log Prob: 499.80153074603123 Prob: 1.6921255761657061 Frac: 0.2607723965005042
Number of steps: 14000 Acceptance Rate: 0.26078666666666667
Step: 14196 Walker: 59 Trial Log Prob: 488.55327575040855 Prob: 0.007468163671444874 Frac: 0.26110051757014435
Step: 14401 Walker: 33 Trial Log Prob: 483.0782383051942 Prob: 0.530424943940457 Frac: 0.2618120067925282
Step: 14464 Walker: 65 Trial Log Prob: -Inf Prob: 0.0 Frac: 0.26116700201207244
Step: 14734 Walker: 11 Trial Log Prob: 496.8403412661274 Prob: 0.0007021377528917683 Frac: 0.2586840286618412
Step: 14771 Walker: 58 Trial Log Prob: 481.89564120022874 Prob: 0.026338493407487954 Frac: 0.2585455300304456
Number of steps: 15000 Acceptance Rate: 0.25756
Step: 15542 Walker: 43 Trial Log Prob: 490.85953443847535 Prob: 0.20103106520334824 Frac: 0.25040622384164657
Step: 15598 Walker: 44 Trial Log Prob: 450.28662116642914 Prob: 1.9820750731365614e-16 Frac: 0.2496932104687744
Step: 15607 Walker: 22 Trial Log Prob: 491.77481408578683 Prob: 1.3055263700772914 Frac: 0.24918631245601688
Step: 15775 Walker: 24 Trial Log Prob: -Inf Prob: 0.0 Frac: 0.24983641560767297
Step: 15781 Walker: 5 Trial Log Prob: 489.5724474560796 Prob: 0.26259558934462884 Frac: 0.24975643107426715
Step: 15835 Walker: 24 Trial Log Prob: 483.09708111375414 Prob: 0.001900601259711874 Frac: 0.2496084635791223
Step: 15852 Walker: 54 Trial Log Prob: 472.9974448650889 Prob: 1.990079035071821e-5 Frac: 0.24965951251585028
Step: 15905 Walker: 63 Trial Log Prob: 491.5603094478942 Prob: 0.1565973557581646 Frac: 0.24981212148004067
Number of steps: 16000 Acceptance Rate: 0.24932
Step: 16237 Walker: 62 Trial Log Prob: 491.4242320825076 Prob: 0.9934379785479073 Frac: 0.24614345231392862
Step: 16473 Walker: 38 Trial Log Prob: 494.75861120900777 Prob: 0.008667215277190969 Frac: 0.2453580901856764
Step: 16591 Walker: 31 Trial Log Prob: 488.12039013493506 Prob: 0.2911871649756789 Frac: 0.24143537860481923
Step: 16671 Walker: 67 Trial Log Prob: 488.3576379408443 Prob: 0.011928313144679258 Frac: 0.23958105610429875
Step: 16920 Walker: 43 Trial Log Prob: 497.15238275783673 Prob: 0.002909278794935054 Frac: 0.23687797239299385
Step: 16937 Walker: 28 Trial Log Prob: 459.38482229603466 Prob: 4.061144036121863e-18 Frac: 0.23651535000284787
Number of steps: 17000 Acceptance Rate: 0.23528
Step: 17013 Walker: 63 Trial Log Prob: -Inf Prob: 0.0 Frac: 0.2201453790238837
Step: 17162 Walker: 12 Trial Log Prob: 499.35279712150754 Prob: 0.0002129762777545638 Frac: 0.21535534044841564
Step: 17186 Walker: 67 Trial Log Prob: -Inf Prob: 0.0 Frac: 0.21639649978482284
Step: 17196 Walker: 69 Trial Log Prob: 494.89655856428266 Prob: 0.0020371910619032376 Frac: 0.21559820334830543
Step: 17251 Walker: 43 Trial Log Prob: 489.15202525413093 Prob: 1.0196779035122323 Frac: 0.21364337785345608
Step: 17285 Walker: 8 Trial Log Prob: 498.60303309931834 Prob: 0.10844797519424959 Frac: 0.21245541580626995
Step: 17364 Walker: 6 Trial Log Prob: 483.88299547168793 Prob: 7.150975012729902e-5 Frac: 0.21075245125041314
Step: 17479 Walker: 28 Trial Log Prob: 489.3217207502525 Prob: 0.0038110688705386055 Frac: 0.2072579296504822
Step: 17490 Walker: 1 Trial Log Prob: 495.69921442695517 Prob: 1.7244943637883705 Frac: 0.2074108408768677
Number of steps: 18000 Acceptance Rate: 0.20073333333333335
Step: 18081 Walker: 68 Trial Log Prob: 473.3675596989219 Prob: 4.68970544482369e-6 Frac: 0.18045484508899143
Step: 18146 Walker: 12 Trial Log Prob: 493.9335971073524 Prob: 0.2722843297235206 Frac: 0.18508312666482962
Step: 18169 Walker: 24 Trial Log Prob: 435.55571188487323 Prob: 2.2085714035279376e-20 Frac: 0.18639100126742714
Step: 18304 Walker: 40 Trial Log Prob: -Inf Prob: 0.0 Frac: 0.18260487590599606
Step: 18369 Walker: 48 Trial Log Prob: 467.4162743130751 Prob: 0.0001733503004778126 Frac: 0.17907262731481483
Step: 18396 Walker: 73 Trial Log Prob: 486.7424033439099 Prob: 0.272041995942278 Frac: 0.17782342245269042
Step: 18569 Walker: 52 Trial Log Prob: 484.3425396101361 Prob: 5.327607819628662e-5 Frac: 0.16913626559129702
Step: 18742 Walker: 18 Trial Log Prob: 465.568609528744 Prob: 2.740483435556662e-10 Frac: 0.16421132156926233
Number of steps: 19000 Acceptance Rate: 0.15656
Step: 19021 Walker: 59 Trial Log Prob: 490.4091066336872 Prob: 0.9146383270999547 Frac: 0.1334188582424631
Step: 19152 Walker: 54 Trial Log Prob: 486.05031601784856 Prob: 0.009579555299091555 Frac: 0.1247034010018455
Step: 19561 Walker: 27 Trial Log Prob: 475.78015800256924 Prob: 0.9643996398825867 Frac: 0.12089847003117044
Step: 19648 Walker: 73 Trial Log Prob: 492.64074576891755 Prob: 0.366379068281722 Frac: 0.12041647804436396
Step: 19820 Walker: 12 Trial Log Prob: -Inf Prob: 0.0 Frac: 0.11934176473460618
Number of steps: 20000 Acceptance Rate: 0.12013333333333333
Step: 20059 Walker: 3 Trial Log Prob: 434.3237601532774 Prob: 1.2610160683520686e-25 Frac: 0.12198483804272915
Step: 20073 Walker: 5 Trial Log Prob: 485.3362599696685 Prob: 0.013550790920659158 Frac: 0.1211840888066605
Step: 20627 Walker: 62 Trial Log Prob: 449.24213533839736 Prob: 2.2769120141772536e-20 Frac: 0.11590657704415894
Step: 20780 Walker: 34 Trial Log Prob: 484.7389152972218 Prob: 1.009189313679776e-6 Frac: 0.11668006637130296
Step: 20787 Walker: 26 Trial Log Prob: 459.98470390456544 Prob: 0.00034603812909115114 Frac: 0.11677631578947369
Step: 20862 Walker: 45 Trial Log Prob: -Inf Prob: 0.0 Frac: 0.11779634787991335
Number of steps: 21000 Acceptance Rate: 0.11810666666666667
Step: 21167 Walker: 67 Trial Log Prob: 472.6183489354908 Prob: 1.1791872607069827 Frac: 0.1249500679076456
Step: 21227 Walker: 64 Trial Log Prob: 487.9882734295755 Prob: 0.0006295260142242411 Frac: 0.1252497942870577
Step: 21385 Walker: 35 Trial Log Prob: 477.259881433361 Prob: 4.868772200905127e-13 Frac: 0.12543783596323912
Step: 21480 Walker: 11 Trial Log Prob: 470.69212593419536 Prob: 6.558583460364683e-13 Frac: 0.12491651825467498
Step: 21643 Walker: 72 Trial Log Prob: 452.5305904760863 Prob: 4.7495077501830527e-20 Frac: 0.12454896105512007
Step: 21664 Walker: 72 Trial Log Prob: 442.0068475659583 Prob: 5.718862937691803e-21 Frac: 0.12424443239552584
Step: 21871 Walker: 57 Trial Log Prob: 481.58059522868075 Prob: 0.04096566908770102 Frac: 0.12516269312631112
Number of steps: 22000 Acceptance Rate: 0.12565333333333334
Step: 22307 Walker: 35 Trial Log Prob: 491.5076032929693 Prob: 0.014191317281693858 Frac: 0.1259952142701762
Step: 22398 Walker: 25 Trial Log Prob: -Inf Prob: 0.0 Frac: 0.12959731543624162
Step: 22477 Walker: 74 Trial Log Prob: -Inf Prob: 0.0 Frac: 0.13065354726896627
Step: 22524 Walker: 59 Trial Log Prob: 451.95131991126027 Prob: 8.303018912479737e-23 Frac: 0.13056206088992975
Step: 22779 Walker: 52 Trial Log Prob: 455.8231348628354 Prob: 9.90269489824127e-16 Frac: 0.13381391048251773
Number of steps: 23000 Acceptance Rate: 0.13353333333333334
Step: 23433 Walker: 52 Trial Log Prob: -Inf Prob: 0.0 Frac: 0.13715641562923703
Step: 23591 Walker: 64 Trial Log Prob: 485.07770235242833 Prob: 0.06766385277379797 Frac: 0.1361646432278738
Step: 23621 Walker: 62 Trial Log Prob: -Inf Prob: 0.0 Frac: 0.1357974313818135
Number of steps: 24000 Acceptance Rate: 0.13554666666666668
Step: 24010 Walker: 10 Trial Log Prob: -Inf Prob: 0.0 Frac: 0.1386861313868613
Step: 24173 Walker: 42 Trial Log Prob: 485.95409921766503 Prob: 0.0013130240881269917 Frac: 0.14078195023953022
Step: 24203 Walker: 11 Trial Log Prob: -Inf Prob: 0.0 Frac: 0.139832464876987
Step: 24276 Walker: 1 Trial Log Prob: 475.16629940782957 Prob: 4.85964083480915e-6 Frac: 0.14025986618830602
Step: 24308 Walker: 36 Trial Log Prob: -Inf Prob: 0.0 Frac: 0.14023676336672303
Step: 24329 Walker: 33 Trial Log Prob: 482.97849022087473 Prob: 5.097591793211144e-5 Frac: 0.14139568871026673
Step: 24332 Walker: 42 Trial Log Prob: -Inf Prob: 0.0 Frac: 0.14123135078618249
Step: 24471 Walker: 55 Trial Log Prob: 484.47601890973874 Prob: 2.71733894259483e-5 Frac: 0.14286928197139215
Step: 24573 Walker: 72 Trial Log Prob: 399.00719517585304 Prob: 2.1840428057893086e-39 Frac: 0.14318626082099972
Step: 24816 Walker: 66 Trial Log Prob: 469.9758934283454 Prob: 1.2392502380044651e-5 Frac: 0.14395907894951873
Step: 24906 Walker: 66 Trial Log Prob: -Inf Prob: 0.0 Frac: 0.14402201910481152
Number of steps: 25000 Acceptance Rate: 0.14409333333333332
Step: 25537 Walker: 70 Trial Log Prob: 489.4892989989059 Prob: 0.0023463737951529527 Frac: 0.14919294760367519
Step: 25909 Walker: 11 Trial Log Prob: 468.2861867454883 Prob: 8.616334733137331e-13 Frac: 0.15457121463493415
Step: 25918 Walker: 11 Trial Log Prob: -Inf Prob: 0.0 Frac: 0.154537260489053
Number of steps: 26000 Acceptance Rate: 0.1554
Step: 26156 Walker: 31 Trial Log Prob: 490.7060277768009 Prob: 0.20503222985255481 Frac: 0.15794440631434453
Step: 26197 Walker: 1 Trial Log Prob: 461.7435232431829 Prob: 0.0004984588576811714 Frac: 0.15672403237874974
Step: 26208 Walker: 73 Trial Log Prob: 484.1333779442659 Prob: 1.7055596457687485 Frac: 0.15630209001153994
Step: 26228 Walker: 27 Trial Log Prob: 481.65859021289174 Prob: 0.7118269177952252 Frac: 0.15493783720384705
Step: 26230 Walker: 32 Trial Log Prob: 474.4887963922956 Prob: 0.19787287617510857 Frac: 0.1551694077991515
Step: 26310 Walker: 64 Trial Log Prob: 477.264236623369 Prob: 0.9462262095569844 Frac: 0.15349197469770645
Step: 26321 Walker: 18 Trial Log Prob: 469.60725144528135 Prob: 0.0030187543531712173 Frac: 0.15246898159713548
Step: 26506 Walker: 7 Trial Log Prob: -Inf Prob: 0.0 Frac: 0.15289583443324006
Step: 26511 Walker: 10 Trial Log Prob: -Inf Prob: 0.0 Frac: 0.1528227914270779
Step: 26534 Walker: 14 Trial Log Prob: 484.53148194604717 Prob: 3.895245418967144e-6 Frac: 0.15284203155867865
Step: 26587 Walker: 62 Trial Log Prob: 438.9760704630235 Prob: 6.1664255126579135e-28 Frac: 0.1539807325274925
Step: 26602 Walker: 54 Trial Log Prob: 471.78255870174655 Prob: 0.1543021724968681 Frac: 0.1542245562720202
Step: 26655 Walker: 65 Trial Log Prob: -Inf Prob: 0.0 Frac: 0.15433167056907257
Number of steps: 27000 Acceptance Rate: 0.15929333333333334
Step: 27124 Walker: 59 Trial Log Prob: -Inf Prob: 0.0 Frac: 0.16576906505816458
Step: 27270 Walker: 38 Trial Log Prob: 495.68975873432623 Prob: 0.27602392202001974 Frac: 0.16716964329886708
Step: 27503 Walker: 10 Trial Log Prob: -Inf Prob: 0.0 Frac: 0.16672862453531598
Step: 27583 Walker: 10 Trial Log Prob: -Inf Prob: 0.0 Frac: 0.16726981218506642
Step: 27591 Walker: 72 Trial Log Prob: 481.8669775066743 Prob: 8.80320869144001e-6 Frac: 0.1672758449528451
Step: 27685 Walker: 52 Trial Log Prob: 475.6127668434205 Prob: 0.2441648334915303 Frac: 0.16867892195045958
Step: 27688 Walker: 15 Trial Log Prob: 482.51554037508106 Prob: 1.2437054929861229 Frac: 0.1686069072564998
Step: 27851 Walker: 39 Trial Log Prob: 483.4592933588208 Prob: 0.42278018124846684 Frac: 0.17107965323174842
Step: 27918 Walker: 63 Trial Log Prob: 486.93772754414715 Prob: 0.0016985115196543358 Frac: 0.17025480112728436
Step: 27994 Walker: 5 Trial Log Prob: 474.0358935047551 Prob: 0.04970690894999205 Frac: 0.16928034371643394
Number of steps: 28000 Acceptance Rate: 0.16946666666666665
Step: 28209 Walker: 58 Trial Log Prob: -Inf Prob: 0.0 Frac: 0.1813769319197854
Step: 28311 Walker: 35 Trial Log Prob: 486.98798512020835 Prob: 0.05188767273600053 Frac: 0.1792140863216663
Step: 28500 Walker: 48 Trial Log Prob: 485.5349803286334 Prob: 7.115665986403674e-5 Frac: 0.17548635017212394
Step: 28531 Walker: 66 Trial Log Prob: -Inf Prob: 0.0 Frac: 0.17505525416917822
Step: 28577 Walker: 9 Trial Log Prob: 475.3618736378613 Prob: 2.9679059496756107e-9 Frac: 0.17473211599435304
Step: 28790 Walker: 6 Trial Log Prob: -Inf Prob: 0.0 Frac: 0.17721903989456075
Step: 28795 Walker: 66 Trial Log Prob: -Inf Prob: 0.0 Frac: 0.1769826892109501
Step: 28829 Walker: 2 Trial Log Prob: -Inf Prob: 0.0 Frac: 0.1764838491513961
Step: 28939 Walker: 60 Trial Log Prob: 477.166071622687 Prob: 0.8119694654574613 Frac: 0.17534441130521233
Number of steps: 29000 Acceptance Rate: 0.17501333333333333
Step: 29073 Walker: 61 Trial Log Prob: 474.4929341009316 Prob: 1.504180133442856 Frac: 0.18915949459805897
Step: 29129 Walker: 5 Trial Log Prob: 487.92046062748335 Prob: 0.002901011156604292 Frac: 0.1808433107756377
Step: 29172 Walker: 57 Trial Log Prob: 467.17885824467817 Prob: 0.001034967952998119 Frac: 0.17846607669616518
Step: 29263 Walker: 4 Trial Log Prob: -Inf Prob: 0.0 Frac: 0.1709575658898952
Step: 29364 Walker: 28 Trial Log Prob: -Inf Prob: 0.0 Frac: 0.1707334972296628
Step: 29524 Walker: 64 Trial Log Prob: NaN Prob: NaN Frac: 0.16936038076815393
Step: 29576 Walker: 50 Trial Log Prob: 484.52700534674807 Prob: 8.11992153988271e-7 Frac: 0.16954255935147655
Step: 29704 Walker: 52 Trial Log Prob: -Inf Prob: 0.0 Frac: 0.17104041533243647
Step: 29779 Walker: 2 Trial Log Prob: 468.1525628547258 Prob: 1.055752355032121e-12 Frac: 0.17133945708801754
Step: 29975 Walker: 60 Trial Log Prob: 486.95770668333154 Prob: 0.02657973501912316 Frac: 0.16979893311448502
Number of steps: 30000 Acceptance Rate: 0.17001333333333332
Burn-in Number (ends): 2306
