args = ["Hppp", "30", "30", "full", "fromEMB", "10000"]
FITS/fromEMB/p2_fit30.0s30.0yrs.jld2 loaded.
Previous model params: [2.9380153697129402e-6, 224.70077831626037, 3503.765429099878, 0.03081019305418419, 0.011457500858907978, 3.2595689949612584e-6, 365.25643295059126, 3624.402560434307, 0.038440262285722275, 0.010409974573520126]
Finished 3-planet fit w/ fixed period: [2.5526148423829497e-6, 224.70078266418113, 3503.7653065704153, -0.010788759837153952, 0.01018566057460584, 2.964718021205201e-6, 365.25647269491503, 3624.4019390122667, 0.004990188059824711, 0.010012704099405816, 0.0004470544064193328, 3871.649999999999, 1250.0843255327497, -0.041154066000995373, -0.06461829453272185] in 20 iterations
Finished global 3-planet fit.
New 3-planet chi-square: 109.62309162180465
Maximum: -183.18487364977287 Param: [2.542207546445505e-6, 224.70078014630354, 3503.765347353789, -0.0026350227527780204, 0.0070700210606230345, 3.025601456608341e-6, 365.25645401468074, 3624.4021707473707, 0.012058693691590724, 0.008297232997774802, 0.0007712465283527841, 4210.116859546645, 604.0128182436213, 0.016167303596321424, -0.0424901993736491]
 29.363162 seconds (56.09 M allocations: 2.818 GiB, 5.29% gc time)
15 parameters from fit: [2.542207546445505e-6, 224.70078014630354, 3503.765347353789, -0.0026350227527780204, 0.0070700210606230345, 3.025601456608341e-6, 365.25645401468074, 3624.4021707473707, 0.012058693691590724, 0.008297232997774802, 0.0007712465283527841, 4210.116859546645, 604.0128182436213, 0.016167303596321424, -0.0424901993736491]
Step: 4 Walker: 50 Trial Log Prob: 559.3897025483456 Prob: 4.9303009661218104e23 Frac: 0.3090909090909091
Step: 176 Walker: 27 Trial Log Prob: 587.8665578809014 Prob: 0.011396664508906548 Frac: 0.3458789537712895
Step: 287 Walker: 49 Trial Log Prob: 591.7379730111852 Prob: 0.020009116444029806 Frac: 0.3405274663937858
Step: 393 Walker: 10 Trial Log Prob: 588.8042010597622 Prob: 0.8525048625804104 Frac: 0.33543012580754844
Step: 519 Walker: 54 Trial Log Prob: -Inf Prob: 0.0 Frac: 0.33330762903557476
Step: 527 Walker: 66 Trial Log Prob: 575.4197027262646 Prob: 0.000510221758773358 Frac: 0.3328778216418666
Step: 602 Walker: 17 Trial Log Prob: -Inf Prob: 0.0 Frac: 0.3335624944557793
Step: 935 Walker: 36 Trial Log Prob: 580.71924185121 Prob: 0.11868595973935761 Frac: 0.3282681277287903
Number of steps: 1000 Acceptance Rate: 0.32708
Step: 1147 Walker: 48 Trial Log Prob: 578.4901980675426 Prob: 0.005624706444404184 Frac: 0.3206946717585015
Step: 1184 Walker: 29 Trial Log Prob: 579.2036398750681 Prob: 0.0010991369343980083 Frac: 0.3197615239203141
Step: 1411 Walker: 70 Trial Log Prob: 558.5529381995445 Prob: 4.689095964502338e-11 Frac: 0.31881894873458794
Step: 1646 Walker: 26 Trial Log Prob: 583.6324203887763 Prob: 0.4214418465221378 Frac: 0.3173281543769757
Step: 1861 Walker: 71 Trial Log Prob: 572.1979134587319 Prob: 0.0024216049379824716 Frac: 0.31726316767589163
Step: 1875 Walker: 1 Trial Log Prob: 580.7852234183156 Prob: 0.6784994271724286 Frac: 0.3174169730438895
Step: 1961 Walker: 51 Trial Log Prob: 587.9962315828452 Prob: 0.9176950923846952 Frac: 0.31794145813382185
Number of steps: 2000 Acceptance Rate: 0.3174666666666667
Step: 2009 Walker: 38 Trial Log Prob: 586.6634692048016 Prob: 0.018465996034430988 Frac: 0.29780564263322884
Step: 2211 Walker: 20 Trial Log Prob: 578.2874281955785 Prob: 0.2813322386666911 Frac: 0.30367786937222574
Step: 2700 Walker: 31 Trial Log Prob: 544.2194337568959 Prob: 4.2443342118182756e-15 Frac: 0.31148009760561235
Step: 2804 Walker: 20 Trial Log Prob: 589.3492416333917 Prob: 22.217083911780122 Frac: 0.3124408664619471
Number of steps: 3000 Acceptance Rate: 0.31178666666666666
Step: 3078 Walker: 35 Trial Log Prob: 589.9136094457127 Prob: 1.067206234390314 Frac: 0.3098106712564544
Step: 3390 Walker: 5 Trial Log Prob: 574.259082010792 Prob: 1.6580425433012936e-5 Frac: 0.3015764222069911
Step: 3425 Walker: 41 Trial Log Prob: 589.3568079232177 Prob: 0.4347474732373608 Frac: 0.3017807229672435
Step: 3595 Walker: 32 Trial Log Prob: 592.2365044628034 Prob: 0.6049635005070255 Frac: 0.30323897537122607
Step: 3683 Walker: 57 Trial Log Prob: 589.3283993872541 Prob: 0.999494582045273 Frac: 0.3027515769328412
Step: 3949 Walker: 56 Trial Log Prob: 586.1746254005287 Prob: 0.8607953366493538 Frac: 0.3041626848052167
Number of steps: 4000 Acceptance Rate: 0.30428
Step: 4196 Walker: 15 Trial Log Prob: 523.825635676454 Prob: 2.272184468513177e-22 Frac: 0.30683060109289617
Step: 4318 Walker: 20 Trial Log Prob: 569.4616058633859 Prob: 3.942303337030253e-7 Frac: 0.3048959865517966
Step: 4529 Walker: 71 Trial Log Prob: 565.0779767733759 Prob: 1.0213480300714918e-7 Frac: 0.3060926117314915
Step: 4556 Walker: 27 Trial Log Prob: 581.3048285465964 Prob: 0.022395597301805525 Frac: 0.3056515893594545
Step: 4578 Walker: 56 Trial Log Prob: 595.9180966259496 Prob: 0.0006166177990867007 Frac: 0.30590108698160673
Step: 4640 Walker: 15 Trial Log Prob: 583.497028013981 Prob: 0.6997531065731385 Frac: 0.30594493116395494
Step: 4697 Walker: 20 Trial Log Prob: 583.2900201949494 Prob: 1.296532591829636 Frac: 0.30708540788969746
Step: 4817 Walker: 57 Trial Log Prob: 590.1263030427833 Prob: 0.10117877636978195 Frac: 0.3081443753366962
Step: 4853 Walker: 75 Trial Log Prob: 583.9606931766145 Prob: 0.1830935853677129 Frac: 0.30699491989058225
Step: 4872 Walker: 61 Trial Log Prob: 563.1672262790295 Prob: 3.6192987423383984e-7 Frac: 0.3072523170097574
Step: 4890 Walker: 60 Trial Log Prob: 560.0417882019029 Prob: 6.333052391061917e-8 Frac: 0.30727504308084214
Number of steps: 5000 Acceptance Rate: 0.307
Step: 5122 Walker: 31 Trial Log Prob: 594.7968952519531 Prob: 0.003522140726771962 Frac: 0.30101032286404567
Step: 5209 Walker: 68 Trial Log Prob: 592.1637802321907 Prob: 0.004698005161953089 Frac: 0.297357671687516
Step: 5249 Walker: 4 Trial Log Prob: 557.443535891756 Prob: 3.879766545468705e-5 Frac: 0.29821543754031393
Step: 5336 Walker: 72 Trial Log Prob: 591.0477056324661 Prob: 2.306530418852961 Frac: 0.29924197325078383
Step: 5422 Walker: 18 Trial Log Prob: 595.9976100916994 Prob: 0.30396085309410725 Frac: 0.3000031652581268
Step: 5929 Walker: 26 Trial Log Prob: 553.4836760795299 Prob: 4.268751306750388e-11 Frac: 0.3033205986269497
Number of steps: 6000 Acceptance Rate: 0.30346666666666666
Step: 6063 Walker: 36 Trial Log Prob: 577.9963228624175 Prob: 0.08193263259295147 Frac: 0.30303030303030304
Step: 6099 Walker: 44 Trial Log Prob: 592.9176509704107 Prob: 0.04610255946889546 Frac: 0.30822288341898835
Step: 6198 Walker: 43 Trial Log Prob: 572.8941844833322 Prob: 0.030706960098170026 Frac: 0.3040896207315427
Step: 6242 Walker: 28 Trial Log Prob: 594.3346557344246 Prob: 0.873684349360677 Frac: 0.30376180743523173
Step: 6435 Walker: 75 Trial Log Prob: 591.9258395932086 Prob: 0.16571579339951595 Frac: 0.3081992337164751
Step: 6476 Walker: 18 Trial Log Prob: 593.3091506306245 Prob: 0.0007805739297408749 Frac: 0.309121005527032
Step: 6506 Walker: 44 Trial Log Prob: 594.403009860728 Prob: 0.7292965565851703 Frac: 0.3097128088820908
Step: 6567 Walker: 52 Trial Log Prob: 589.3582312934967 Prob: 0.08873651794741218 Frac: 0.3085031292645052
Number of steps: 7000 Acceptance Rate: 0.3101466666666667
Step: 7082 Walker: 59 Trial Log Prob: 587.5966235391718 Prob: 0.5542177600306756 Frac: 0.31089012063906096
Step: 7242 Walker: 31 Trial Log Prob: 555.9807844128898 Prob: 4.947062700608564e-10 Frac: 0.30956588976030047
Step: 7571 Walker: 21 Trial Log Prob: 585.3517689105065 Prob: 0.25040657051010223 Frac: 0.30873722849594354
Step: 7603 Walker: 10 Trial Log Prob: 589.1921924478576 Prob: 0.9123566083210524 Frac: 0.3087466784765279
Step: 7944 Walker: 42 Trial Log Prob: 587.4868561718924 Prob: 0.0006224040475305585 Frac: 0.30880212528438394
Number of steps: 8000 Acceptance Rate: 0.3091333333333333
Step: 8051 Walker: 70 Trial Log Prob: 581.0547504175507 Prob: 0.04189928864271062 Frac: 0.3193717277486911
Step: 8093 Walker: 34 Trial Log Prob: 582.4568441805096 Prob: 0.21879485372723734 Frac: 0.3138159792327661
Step: 8099 Walker: 25 Trial Log Prob: 575.7977219785885 Prob: 0.009394985771385334 Frac: 0.31498305084745765
Step: 8116 Walker: 47 Trial Log Prob: 592.296645190833 Prob: 0.05622505165718086 Frac: 0.31376845018450183
Step: 8134 Walker: 2 Trial Log Prob: 589.2174936607454 Prob: 1.190284693597327 Frac: 0.31332063746617217
Step: 8282 Walker: 50 Trial Log Prob: 591.8917901951914 Prob: 0.893478918387116 Frac: 0.3045680473372781
Step: 8490 Walker: 28 Trial Log Prob: 590.9322948964584 Prob: 0.1408456431621096 Frac: 0.3105468217856851
Step: 8559 Walker: 3 Trial Log Prob: 592.4018083933402 Prob: 0.5110759522886544 Frac: 0.31175781903328315
Step: 8814 Walker: 48 Trial Log Prob: 583.22100811537 Prob: 3.367982599624835 Frac: 0.3111777526506399
Number of steps: 9000 Acceptance Rate: 0.31068
Step: 9112 Walker: 46 Trial Log Prob: 589.3644433081639 Prob: 1.0525051765353615 Frac: 0.3105961056026759
Step: 9301 Walker: 64 Trial Log Prob: 592.4519107834659 Prob: 0.34554127041351784 Frac: 0.31133664243928383
Number of steps: 10000 Acceptance Rate: 0.3051333333333333
Burn-in Number (ends): 1404
Independent Sample Size: 2371.6576787264394
Saved in MCMC/fromEMB/p3_mcmc30.0s30.0yrs.jld2
210.825874 seconds (35.53 M allocations: 54.734 GiB, 4.30% gc time)
