args = ["mcmc", "60.0", "20", "ppp"]
Parameters from fit: [2.3793069742121368e-6, 224.7007778053008, 2.43350376533696e6, -0.004018328620184934, 0.01604197388232783, 2.8383937495886675e-6, 365.2563791706899, 2.4336244031518768e6, 0.011696072315349528, 0.013387832041377586, 0.0013586379587657797, 4742.003549083844, 2.4392882945494596e6, 0.05703605680745738, -0.022209413457278282]
Maximum log Prob from fit: -102.96076504091326
Step: 106 Walker: 28 Trial Log Prob: -Inf Prob: 0.0 Frac: 0.3374384236453202
Step: 229 Walker: 44 Trial Log Prob: 360.0756396728771 Prob: 0.013966972350862156 Frac: 0.32112897588255856
Number of steps: 1000 Acceptance Rate: 0.3146
Step: 1014 Walker: 48 Trial Log Prob: 363.0311074977689 Prob: 0.23521798023667687 Frac: 0.2808022922636103
Step: 1169 Walker: 32 Trial Log Prob: 361.04946479630553 Prob: 0.13538571912432396 Frac: 0.2921015180265655
Step: 1278 Walker: 16 Trial Log Prob: 344.1108470766156 Prob: 5.414161586517762e-7 Frac: 0.29121592384249245
Step: 1416 Walker: 8 Trial Log Prob: 360.6881035245898 Prob: 0.05728231129246846 Frac: 0.2917429424800077
Step: 1635 Walker: 40 Trial Log Prob: 368.779232383854 Prob: 20.83476774411925 Frac: 0.2895085066162571
Step: 1677 Walker: 14 Trial Log Prob: 361.25086087609907 Prob: 0.036601196837122235 Frac: 0.28712959129354704
Step: 1862 Walker: 17 Trial Log Prob: 345.03439462481197 Prob: 0.013802975725402076 Frac: 0.28553184572874823
Number of steps: 2000 Acceptance Rate: 0.28398
Step: 2190 Walker: 16 Trial Log Prob: 370.31094692268823 Prob: 0.000876376277162123 Frac: 0.26970209169659837
Step: 2192 Walker: 21 Trial Log Prob: 366.49796831326495 Prob: 0.2025508371340321 Frac: 0.2708180963326716
Step: 2193 Walker: 27 Trial Log Prob: 353.6536544914467 Prob: 0.04812092348648154 Frac: 0.27090474706554485
Step: 2215 Walker: 11 Trial Log Prob: 368.732944536984 Prob: 0.009948739684729428 Frac: 0.27177667818130896
Step: 2288 Walker: 28 Trial Log Prob: 344.34598748555123 Prob: 6.238937718528724e-6 Frac: 0.27590763666713036
Step: 2296 Walker: 8 Trial Log Prob: 367.93810972406004 Prob: 0.3194595800417368 Frac: 0.27666350453991057
Step: 2622 Walker: 21 Trial Log Prob: 375.7269965225177 Prob: 0.3013832421441252 Frac: 0.2828360850954266
Step: 2956 Walker: 2 Trial Log Prob: 328.20210486663683 Prob: 1.0911966657168534e-12 Frac: 0.28105629083598593
Number of steps: 3000 Acceptance Rate: 0.28104
Step: 3416 Walker: 37 Trial Log Prob: 371.7292430610778 Prob: 0.4233995867335646 Frac: 0.27319959590128445
Step: 3542 Walker: 34 Trial Log Prob: 363.54947028132773 Prob: 1.0682781827801588 Frac: 0.2785777580859548
Step: 3646 Walker: 36 Trial Log Prob: 369.38437469657043 Prob: 6.013426618045842e-5 Frac: 0.27897540729728054
Number of steps: 4000 Acceptance Rate: 0.27328
Step: 4246 Walker: 20 Trial Log Prob: 330.79737796795763 Prob: 5.843810405268387e-14 Frac: 0.24474327628361858
Step: 4408 Walker: 22 Trial Log Prob: 368.4104705380428 Prob: 0.16059796623050113 Frac: 0.24052621244845868
Step: 4445 Walker: 35 Trial Log Prob: -Inf Prob: 0.0 Frac: 0.2402518551832696
Number of steps: 5000 Acceptance Rate: 0.2456
Step: 5218 Walker: 13 Trial Log Prob: 352.1110004143057 Prob: 0.0005080852147742715 Frac: 0.2501150695019792
Step: 5313 Walker: 32 Trial Log Prob: 333.3218362963045 Prob: 1.0343094993860782e-10 Frac: 0.24923234390992835
Step: 5335 Walker: 37 Trial Log Prob: 360.32375997532444 Prob: 0.13876222403626556 Frac: 0.24843161856963614
Step: 5438 Walker: 17 Trial Log Prob: 363.37702761769015 Prob: 0.0063943508303153825 Frac: 0.25024008780353957
Step: 5795 Walker: 27 Trial Log Prob: 370.8766181932371 Prob: 0.21860872268033796 Frac: 0.253102424044101
Number of steps: 6000 Acceptance Rate: 0.25114
Step: 6186 Walker: 25 Trial Log Prob: 353.59379137398065 Prob: 3.620132739907865e-5 Frac: 0.23547169811320753
Step: 6386 Walker: 7 Trial Log Prob: 350.64599920891754 Prob: 1.0668414815954297e-11 Frac: 0.23996468816534247
Step: 6388 Walker: 45 Trial Log Prob: 367.6029772511165 Prob: 0.43698630658834337 Frac: 0.24031967001804588
Step: 6500 Walker: 9 Trial Log Prob: 367.7870896567633 Prob: 0.1908401734117036 Frac: 0.24187667775151248
Step: 6657 Walker: 50 Trial Log Prob: 370.02624488598906 Prob: 6.066504590956114 Frac: 0.24432267884322678
Step: 6678 Walker: 29 Trial Log Prob: 364.23258408876944 Prob: 0.08789991077438372 Frac: 0.24501903834233596
Number of steps: 7000 Acceptance Rate: 0.2434
Step: 7274 Walker: 30 Trial Log Prob: 370.6368843387118 Prob: 1.7950049463296198 Frac: 0.2309941520467836
Step: 7337 Walker: 40 Trial Log Prob: 349.32593870990235 Prob: 3.3305487117191104e-8 Frac: 0.22648456057007127
Step: 7403 Walker: 27 Trial Log Prob: 366.0032192237944 Prob: 0.29487282457160285 Frac: 0.2282009241317633
Step: 7598 Walker: 7 Trial Log Prob: 351.56988418058967 Prob: 7.447371398953239e-12 Frac: 0.2293599490906655
Step: 7598 Walker: 14 Trial Log Prob: 174.51940898179765 Prob: 1.5080719643089536e-83 Frac: 0.2293061880525047
Step: 8000 Walker: 17 Trial Log Prob: 369.05559138306535 Prob: 1.82365266411242 Frac: 0.22945143794904638
Number of steps: 8000 Acceptance Rate: 0.22944
Step: 8635 Walker: 9 Trial Log Prob: 365.58474257168524 Prob: 5.785190275329915 Frac: 0.22763253335015296
Number of steps: 9000 Acceptance Rate: 0.22586
Step: 9293 Walker: 29 Trial Log Prob: 351.0407925206119 Prob: 8.192888618403778e-9 Frac: 0.21676122769840728
Step: 9318 Walker: 42 Trial Log Prob: 361.059419776337 Prob: 0.14701752280245572 Frac: 0.21715328467153286
Step: 9915 Walker: 43 Trial Log Prob: -Inf Prob: 0.0 Frac: 0.2195527184487244
Step: 9999 Walker: 20 Trial Log Prob: -Inf Prob: 0.0 Frac: 0.21927083333333333
Number of steps: 10000 Acceptance Rate: 0.2192
Step: 10124 Walker: 39 Trial Log Prob: -1669.5849152521566 Prob: 0.0 Frac: 0.21861366941347551
Step: 10157 Walker: 36 Trial Log Prob: -Inf Prob: 0.0 Frac: 0.2169474221541603
Step: 10357 Walker: 1 Trial Log Prob: 350.88322698906956 Prob: 3.021211349135557e-6 Frac: 0.2160552777933824
Step: 10533 Walker: 13 Trial Log Prob: 349.9599260392745 Prob: 0.00024208379713050815 Frac: 0.21485740051854357
Step: 10686 Walker: 16 Trial Log Prob: 363.18282635356024 Prob: 0.04625074011810873 Frac: 0.21458588688495886
Step: 10690 Walker: 2 Trial Log Prob: -Inf Prob: 0.0 Frac: 0.21470451642865435
Step: 10905 Walker: 50 Trial Log Prob: 371.2438784704654 Prob: 0.10784187184043446 Frac: 0.21186740331491713
Number of steps: 11000 Acceptance Rate: 0.21096
Step: 11003 Walker: 38 Trial Log Prob: 295.1768317747328 Prob: 5.607629144712148e-28 Frac: 0.18115942028985507
Step: 11016 Walker: 19 Trial Log Prob: -Inf Prob: 0.0 Frac: 0.20286085825747724
Step: 11750 Walker: 46 Trial Log Prob: 353.7495539398442 Prob: 1.4526485925721602e-9 Frac: 0.21973010454448474
Step: 11972 Walker: 3 Trial Log Prob: 368.4301574162547 Prob: 0.8601270078963359 Frac: 0.21959508166333697
Step: 11996 Walker: 17 Trial Log Prob: 371.81353307187607 Prob: 0.13503176844968362 Frac: 0.21930194707336187
Number of steps: 12000 Acceptance Rate: 0.2194
Step: 12128 Walker: 26 Trial Log Prob: 369.3070551160843 Prob: 0.0006677720171690359 Frac: 0.2186323713927227
Step: 12171 Walker: 46 Trial Log Prob: -Inf Prob: 0.0 Frac: 0.21507137842265386
Number of steps: 13000 Acceptance Rate: 0.20654
Step: 13062 Walker: 40 Trial Log Prob: 360.59820857159013 Prob: 0.018018971236619358 Frac: 0.21100323624595468
Step: 13531 Walker: 48 Trial Log Prob: -Inf Prob: 0.0 Frac: 0.20268946813319272
Step: 13633 Walker: 46 Trial Log Prob: 288.84251400390707 Prob: 8.602975179241942e-29 Frac: 0.203216836251027
Number of steps: 14000 Acceptance Rate: 0.20098
Step: 14248 Walker: 1 Trial Log Prob: 336.1219436334275 Prob: 1.2105173137029981e-12 Frac: 0.20176503926807546
Step: 14327 Walker: 20 Trial Log Prob: 368.2447362352438 Prob: 2.2620380739383186 Frac: 0.19944852941176472
Step: 14493 Walker: 43 Trial Log Prob: 333.9878251725065 Prob: 3.670872631618984e-6 Frac: 0.20090898023779571
Step: 14642 Walker: 40 Trial Log Prob: 365.45482875167676 Prob: 0.012305778128124521 Frac: 0.19806793393580555
Step: 14650 Walker: 35 Trial Log Prob: 369.7605613501237 Prob: 0.00177898310713388 Frac: 0.19827612744343542
Step: 14660 Walker: 12 Trial Log Prob: 369.7241905585196 Prob: 0.0034252836532743095 Frac: 0.1986529943571385
Number of steps: 15000 Acceptance Rate: 0.19492
Step: 15132 Walker: 11 Trial Log Prob: 275.89180551884834 Prob: 2.6826696110141866e-38 Frac: 0.19112940100594422
Step: 15224 Walker: 10 Trial Log Prob: 358.732710827217 Prob: 2.4466054847305507 Frac: 0.19847670250896057
Step: 15942 Walker: 16 Trial Log Prob: 354.6697537783569 Prob: 0.001640461137896773 Frac: 0.19540645051629627
Number of steps: 16000 Acceptance Rate: 0.19466
Step: 16195 Walker: 39 Trial Log Prob: 365.9191997724157 Prob: 15.794147717430722 Frac: 0.18194886538659
Step: 16202 Walker: 11 Trial Log Prob: 358.7213004204132 Prob: 8.815543208049355e-9 Frac: 0.1821886492396382
Step: 16347 Walker: 45 Trial Log Prob: 363.8596805302518 Prob: 0.13797462473215452 Frac: 0.18068607667915826
Step: 16508 Walker: 19 Trial Log Prob: 355.1812756712098 Prob: 4.079336754537928e-6 Frac: 0.17541093460522686
Step: 16541 Walker: 11 Trial Log Prob: 362.24977646947116 Prob: 8.133873758565605e-9 Frac: 0.1755581059568324
Step: 16715 Walker: 29 Trial Log Prob: 360.49582890635895 Prob: 0.0042950074867347905 Frac: 0.17643930700551372
Step: 16906 Walker: 38 Trial Log Prob: 362.65870746154815 Prob: 1.7568830859732132 Frac: 0.1766030736618972
Number of steps: 17000 Acceptance Rate: 0.17618
Step: 17002 Walker: 44 Trial Log Prob: 350.04086069572816 Prob: 1.1863193284941323e-6 Frac: 0.10638297872340426
Step: 17173 Walker: 15 Trial Log Prob: 355.7910877591644 Prob: 0.6706836732542032 Frac: 0.1694718514219385
Step: 17188 Walker: 18 Trial Log Prob: 357.15043270203944 Prob: 0.09117673052295064 Frac: 0.1684457728437233
Step: 17213 Walker: 11 Trial Log Prob: 363.57851859571565 Prob: 0.0008295504105560751 Frac: 0.16972952596362265
Step: 17356 Walker: 14 Trial Log Prob: 308.07713207011176 Prob: 5.2159984120911424e-12 Frac: 0.16961269984237784
Step: 17631 Walker: 44 Trial Log Prob: 373.3269282320881 Prob: 0.03127120414951659 Frac: 0.17277453715445093
Step: 17716 Walker: 9 Trial Log Prob: 334.15549246498273 Prob: 1.597230607183344e-8 Frac: 0.17427780418915517
Number of steps: 18000 Acceptance Rate: 0.17286
Step: 18139 Walker: 23 Trial Log Prob: 318.8480958648902 Prob: 1.0695837942732815e-16 Frac: 0.1837353748374982
Step: 18341 Walker: 18 Trial Log Prob: 332.6762875439656 Prob: 3.792667718165711e-9 Frac: 0.183159008109061
Step: 18666 Walker: 48 Trial Log Prob: 339.91530665530587 Prob: 7.816185298115865e-7 Frac: 0.17430476304883177
Number of steps: 19000 Acceptance Rate: 0.1709
Step: 19168 Walker: 40 Trial Log Prob: 346.78484062891204 Prob: 1.4383265909705272e-12 Frac: 0.1605482717520858
Step: 19182 Walker: 1 Trial Log Prob: 354.4193423116095 Prob: 0.0006698622868884357 Frac: 0.15887747210253012
Step: 19349 Walker: 21 Trial Log Prob: 325.4706171039715 Prob: 4.5223617209206845e-17 Frac: 0.16261982664600194
Step: 19352 Walker: 12 Trial Log Prob: 362.15725271491516 Prob: 9.881538127273103e-6 Frac: 0.1630224348024143
Step: 19576 Walker: 8 Trial Log Prob: 370.51627662975653 Prob: 0.011913075472068005 Frac: 0.16649280200292094
Step: 19648 Walker: 29 Trial Log Prob: -Inf Prob: 0.0 Frac: 0.16689829827974922
Number of steps: 20000 Acceptance Rate: 0.16768
Step: 20314 Walker: 36 Trial Log Prob: 336.3684412501208 Prob: 0.47948474557915727 Frac: 0.16766543414509755
Step: 20414 Walker: 23 Trial Log Prob: 327.0847330311153 Prob: 8.266053481297033e-10 Frac: 0.16475596188264888
Step: 20664 Walker: 31 Trial Log Prob: -Inf Prob: 0.0 Frac: 0.16413007444019168
Step: 20884 Walker: 1 Trial Log Prob: -Inf Prob: 0.0 Frac: 0.16332585898394147
Number of steps: 21000 Acceptance Rate: 0.16308
Step: 21004 Walker: 17 Trial Log Prob: 356.79158167269526 Prob: 0.18594909392598738 Frac: 0.1497005988023952
Step: 21806 Walker: 34 Trial Log Prob: 356.9267603778886 Prob: 0.121277133986423 Frac: 0.1644325290437891
Step: 21842 Walker: 4 Trial Log Prob: -Inf Prob: 0.0 Frac: 0.16421743472677985
Step: 21898 Walker: 24 Trial Log Prob: 358.975160478116 Prob: 0.13912604579790122 Frac: 0.16483932789588626
Number of steps: 22000 Acceptance Rate: 0.16414
Step: 22848 Walker: 12 Trial Log Prob: -Inf Prob: 0.0 Frac: 0.1603559794155139
Step: 22961 Walker: 37 Trial Log Prob: -Inf Prob: 0.0 Frac: 0.1605429148364802
Number of steps: 23000 Acceptance Rate: 0.161
Step: 23174 Walker: 10 Trial Log Prob: 338.6955636587237 Prob: 5.407075538319472 Frac: 0.1607390300230947
Step: 23195 Walker: 34 Trial Log Prob: -140.54879874576196 Prob: 1.5766199252465636e-215 Frac: 0.16129032258064516
Step: 23209 Walker: 8 Trial Log Prob: 364.2506788522705 Prob: 0.48847758976918904 Frac: 0.16122213681783243
Step: 23300 Walker: 32 Trial Log Prob: 368.64039953963385 Prob: 0.00023464086214749908 Frac: 0.16326258176478442
Step: 23685 Walker: 42 Trial Log Prob: 364.71775072143726 Prob: 0.4750704139078553 Frac: 0.15869400151860288
Number of steps: 24000 Acceptance Rate: 0.1595
Step: 24394 Walker: 35 Trial Log Prob: 363.06715921834234 Prob: 1.1812417029100222 Frac: 0.15300990601981204
Step: 24406 Walker: 36 Trial Log Prob: 327.0431236387577 Prob: 1.7601100777773144e-6 Frac: 0.15325840481119984
Step: 24466 Walker: 41 Trial Log Prob: 347.334814002243 Prob: 1.80406979272295 Frac: 0.1528058048173114
Step: 24612 Walker: 23 Trial Log Prob: -Inf Prob: 0.0 Frac: 0.15144081378994537
Step: 24756 Walker: 10 Trial Log Prob: 343.3868007062328 Prob: 0.7011178854890762 Frac: 0.14947033898305084
Step: 24819 Walker: 17 Trial Log Prob: 344.7905163258064 Prob: 0.12014394415270886 Frac: 0.14852017498839112
Step: 24889 Walker: 17 Trial Log Prob: 340.5417150464605 Prob: 0.0001434836157707246 Frac: 0.14825404687394467
Number of steps: 25000 Acceptance Rate: 0.14864
Step: 25022 Walker: 43 Trial Log Prob: 365.9474477044779 Prob: 0.03312749140398162 Frac: 0.13998170173833485
Step: 25228 Walker: 11 Trial Log Prob: 348.9428613733422 Prob: 0.010555983821169108 Frac: 0.14092069360091541
Step: 25409 Walker: 38 Trial Log Prob: 362.3353105739016 Prob: 0.002840697398244012 Frac: 0.14893825227517368
Number of steps: 26000 Acceptance Rate: 0.14796
Step: 26091 Walker: 47 Trial Log Prob: 24.622946259730824 Prob: 5.062256381726312e-143 Frac: 0.14954915328788213
Step: 26166 Walker: 36 Trial Log Prob: 199.9282693573992 Prob: 2.7551331462424495e-59 Frac: 0.14265025343953658
Step: 26349 Walker: 5 Trial Log Prob: 254.02766530136083 Prob: 1.3747307323214643e-49 Frac: 0.14024705544383798
Step: 26468 Walker: 18 Trial Log Prob: 358.68309408135366 Prob: 0.0037258720489431684 Frac: 0.14340123245463882
Step: 26998 Walker: 10 Trial Log Prob: 293.7421468381437 Prob: 3.826336481898934e-27 Frac: 0.14693140794223827
Number of steps: 27000 Acceptance Rate: 0.1469
Step: 27072 Walker: 10 Trial Log Prob: -Inf Prob: 0.0 Frac: 0.13904494382022473
Step: 27291 Walker: 12 Trial Log Prob: 360.25086230726896 Prob: 0.04551571102440338 Frac: 0.14773980154355015
Step: 27514 Walker: 39 Trial Log Prob: -Inf Prob: 0.0 Frac: 0.14422515473548989
Step: 27836 Walker: 13 Trial Log Prob: 340.91716158638496 Prob: 0.09294743979058659 Frac: 0.14886382683236357
Step: 27942 Walker: 36 Trial Log Prob: 336.4889460456441 Prob: 0.004785434000473162 Frac: 0.14942870492290702
Step: 27996 Walker: 22 Trial Log Prob: -Inf Prob: 0.0 Frac: 0.14924053684802702
Number of steps: 28000 Acceptance Rate: 0.14934
Step: 28036 Walker: 32 Trial Log Prob: -Inf Prob: 0.0 Frac: 0.14590347923681257
Step: 28100 Walker: 28 Trial Log Prob: -Inf Prob: 0.0 Frac: 0.14965849738850945
Step: 28279 Walker: 10 Trial Log Prob: 315.47904717865237 Prob: 1.2612591978202273e-5 Frac: 0.1432782171099928
Step: 28321 Walker: 30 Trial Log Prob: 354.5060816810511 Prob: 1.1035571492170243e-7 Frac: 0.14248284466625077
Step: 28346 Walker: 25 Trial Log Prob: 358.9098117167489 Prob: 5.892299356027448e-5 Frac: 0.1411287988422576
Step: 28705 Walker: 26 Trial Log Prob: 364.1000482026625 Prob: 1.424586621607066 Frac: 0.14191222392550956
Step: 28775 Walker: 12 Trial Log Prob: 352.95443091654295 Prob: 1.6205154237518873 Frac: 0.14199731349452366
Step: 28937 Walker: 3 Trial Log Prob: 195.64249618156475 Prob: 1.841788930267666e-71 Frac: 0.14150802298997928
Number of steps: 29000 Acceptance Rate: 0.14134
Step: 29232 Walker: 26 Trial Log Prob: -Inf Prob: 0.0 Frac: 0.15091568762957844
Step: 29628 Walker: 45 Trial Log Prob: 355.68585840409406 Prob: 0.5072090883619633 Frac: 0.15053352444656792
Step: 29690 Walker: 1 Trial Log Prob: -388.818907500729 Prob: 0.0 Frac: 0.14992307915590258
Step: 29953 Walker: 24 Trial Log Prob: -Inf Prob: 0.0 Frac: 0.14782462623887116
Number of steps: 30000 Acceptance Rate: 0.14752
Step: 30034 Walker: 43 Trial Log Prob: 353.58230367074157 Prob: 3.718354918455844e-10 Frac: 0.15711754282339044
Step: 30102 Walker: 17 Trial Log Prob: 260.25663288671643 Prob: 4.83762070661022e-46 Frac: 0.15946319321097296
Step: 30114 Walker: 47 Trial Log Prob: 175.74986069493602 Prob: 2.672296329536953e-77 Frac: 0.16113744075829384
Step: 30682 Walker: 29 Trial Log Prob: 348.6364717785561 Prob: 0.8974062145916509 Frac: 0.15267466768391091
Step: 30762 Walker: 38 Trial Log Prob: 364.9080345140597 Prob: 0.6260414186161191 Frac: 0.15330287754673388
Number of steps: 31000 Acceptance Rate: 0.15546
Step: 31050 Walker: 25 Trial Log Prob: -Inf Prob: 0.0 Frac: 0.16404040404040404
Step: 31650 Walker: 37 Trial Log Prob: -Inf Prob: 0.0 Frac: 0.15609320651337458
Step: 31655 Walker: 50 Trial Log Prob: 348.14016925395106 Prob: 0.03928747800904803 Frac: 0.1562442748091603
Step: 31736 Walker: 1 Trial Log Prob: 321.5186208729991 Prob: 8.122090044801205e-22 Frac: 0.15588691464177845
Number of steps: 32000 Acceptance Rate: 0.15532
Step: 32094 Walker: 29 Trial Log Prob: -Inf Prob: 0.0 Frac: 0.1440478734772387
Step: 32414 Walker: 4 Trial Log Prob: 353.2336808105372 Prob: 1.0769553643643186e-7 Frac: 0.14297472644524062
Step: 32459 Walker: 18 Trial Log Prob: -Inf Prob: 0.0 Frac: 0.14307531198184834
Step: 32592 Walker: 29 Trial Log Prob: 341.7409175903774 Prob: 0.045166516308887995 Frac: 0.14554244565401128
Step: 32928 Walker: 19 Trial Log Prob: 352.13932876162016 Prob: 0.026744226452413474 Frac: 0.14690849489960967
Number of steps: 33000 Acceptance Rate: 0.14588
Step: 33059 Walker: 35 Trial Log Prob: 364.81252514874143 Prob: 1.0897834542776963 Frac: 0.14071550255536627
Step: 33403 Walker: 48 Trial Log Prob: 361.44992920884414 Prob: 0.09443290844007403 Frac: 0.1484514592019059
Step: 33469 Walker: 6 Trial Log Prob: 340.6525589605219 Prob: 0.3780291333254079 Frac: 0.1491497906519696
Step: 33654 Walker: 44 Trial Log Prob: -Inf Prob: 0.0 Frac: 0.1505780877225179
Step: 33772 Walker: 19 Trial Log Prob: -Inf Prob: 0.0 Frac: 0.15149472374186523
Step: 33840 Walker: 13 Trial Log Prob: 345.8685041846679 Prob: 1.0022079523755765 Frac: 0.15153825989562233
Number of steps: 34000 Acceptance Rate: 0.15104
Step: 34136 Walker: 41 Trial Log Prob: 353.53598328442763 Prob: 0.004219017223342591 Frac: 0.14740097187453982
Step: 34183 Walker: 45 Trial Log Prob: 354.45440433596673 Prob: 0.001365664962726511 Frac: 0.1480590486604702
Step: 34679 Walker: 29 Trial Log Prob: 351.09675725568667 Prob: 1.1250793227404057 Frac: 0.15278964897285507
Step: 34793 Walker: 42 Trial Log Prob: 346.127418236347 Prob: 1.7501217991291913 Frac: 0.15397810403107814
Step: 34940 Walker: 40 Trial Log Prob: -Inf Prob: 0.0 Frac: 0.15660778889125346
Step: 34951 Walker: 41 Trial Log Prob: 348.79311389426306 Prob: 0.7246321348020709 Frac: 0.15691718726993542
Step: 34980 Walker: 11 Trial Log Prob: 366.94980985952753 Prob: 0.9501295193973249 Frac: 0.1571863319785135
Number of steps: 35000 Acceptance Rate: 0.15722
Step: 35196 Walker: 38 Trial Log Prob: 353.29280315867675 Prob: 7.778651673980346e-8 Frac: 0.16612178177360032
Step: 35293 Walker: 25 Trial Log Prob: 322.01940318920634 Prob: 2.2401258765688825e-24 Frac: 0.16772649572649573
Step: 35636 Walker: 36 Trial Log Prob: 337.00360549220704 Prob: 0.004292081563012123 Frac: 0.16107720380041526
Number of steps: 36000 Acceptance Rate: 0.1621
Step: 36418 Walker: 25 Trial Log Prob: -Inf Prob: 0.0 Frac: 0.16622754491017963
Step: 36450 Walker: 10 Trial Log Prob: -Inf Prob: 0.0 Frac: 0.16642920747996437
Step: 36729 Walker: 3 Trial Log Prob: 343.0154547990498 Prob: 1.61868178958449e-6 Frac: 0.16320083509600858
Step: 36796 Walker: 24 Trial Log Prob: 355.344245978734 Prob: 0.3381963882138193 Frac: 0.1628702167244934
Step: 36996 Walker: 28 Trial Log Prob: 344.4132145641803 Prob: 0.0140496703489702 Frac: 0.16292337980634014
Number of steps: 37000 Acceptance Rate: 0.16268
Step: 37338 Walker: 4 Trial Log Prob: 352.4587830411448 Prob: 0.09782112396303823 Frac: 0.1503500652664056
Step: 37509 Walker: 33 Trial Log Prob: 345.6085126240499 Prob: 0.7834844573800035 Frac: 0.15059175087484764
Step: 37567 Walker: 12 Trial Log Prob: 364.23278054647625 Prob: 4.125691856089468 Frac: 0.14979513987001977
Step: 37881 Walker: 5 Trial Log Prob: 371.3501802628618 Prob: 0.00026353903261652355 Frac: 0.15177820702192932
Step: 37985 Walker: 19 Trial Log Prob: 350.46182137640517 Prob: 0.06520870121246426 Frac: 0.15246144781486823
Number of steps: 38000 Acceptance Rate: 0.15274
Step: 38091 Walker: 15 Trial Log Prob: 274.65048146539505 Prob: 1.2627002274076623e-37 Frac: 0.16124031007751938
Step: 38292 Walker: 23 Trial Log Prob: -Inf Prob: 0.0 Frac: 0.15350305359225966
Step: 38340 Walker: 4 Trial Log Prob: 205.95402718595233 Prob: 4.2899393627801335e-65 Frac: 0.15412292084463844
Step: 38674 Walker: 10 Trial Log Prob: 343.46494775569613 Prob: 0.5900214977891866 Frac: 0.15216874628639335
Number of steps: 39000 Acceptance Rate: 0.15304
Step: 39069 Walker: 3 Trial Log Prob: 347.2353175241392 Prob: 3.8044767698571684e-7 Frac: 0.14692918013517484
Step: 39112 Walker: 35 Trial Log Prob: 279.2594578623394 Prob: 1.0806045804240952e-34 Frac: 0.14700089525514773
Step: 39300 Walker: 4 Trial Log Prob: 345.2528556607387 Prob: 6.443101293603839e-13 Frac: 0.15133074762605322
Step: 39323 Walker: 4 Trial Log Prob: 333.47120956872317 Prob: 4.2732719817548113e-16 Frac: 0.15170144063586685
Step: 39497 Walker: 26 Trial Log Prob: 356.4228506618862 Prob: 0.28935027140157427 Frac: 0.1538709417546121
Step: 39530 Walker: 50 Trial Log Prob: -Inf Prob: 0.0 Frac: 0.15539622641509435
Step: 39624 Walker: 22 Trial Log Prob: 337.18035752886783 Prob: 0.7808312954395287 Frac: 0.1559091492364943
Step: 39706 Walker: 49 Trial Log Prob: 362.5428834388961 Prob: 0.6385531766631956 Frac: 0.1565200147312955
Step: 39725 Walker: 29 Trial Log Prob: 339.42217157491325 Prob: 3.3005431007888846 Frac: 0.15689088851472577
Step: 39798 Walker: 7 Trial Log Prob: 340.522106252929 Prob: 0.8367417231598556 Frac: 0.1565346112351657
Number of steps: 40000 Acceptance Rate: 0.15898
Step: 40043 Walker: 9 Trial Log Prob: -Inf Prob: 0.0 Frac: 0.1678520625889047
Step: 40123 Walker: 18 Trial Log Prob: 364.5133488159896 Prob: 1.106546483684963 Frac: 0.16116377901274925
Step: 40188 Walker: 41 Trial Log Prob: 338.92709118624975 Prob: 0.0015530352237550533 Frac: 0.16025982323501226
Step: 40407 Walker: 14 Trial Log Prob: 358.17141511545594 Prob: 0.5224517967979904 Frac: 0.15865905286994192
Number of steps: 41000 Acceptance Rate: 0.15696
Step: 41646 Walker: 34 Trial Log Prob: 212.9892281026765 Prob: 1.303143992215281e-61 Frac: 0.14914508734977078
Number of steps: 42000 Acceptance Rate: 0.14856
Step: 42263 Walker: 41 Trial Log Prob: 349.61636745452176 Prob: 6.951873502630265 Frac: 0.15447835020165893
Step: 42387 Walker: 6 Trial Log Prob: 304.5697374837958 Prob: 3.8725357588931315e-15 Frac: 0.1520770744846162
Step: 42540 Walker: 41 Trial Log Prob: 354.18919281835514 Prob: 0.00026171459263343215 Frac: 0.1533844614871624
Number of steps: 43000 Acceptance Rate: 0.1544
Step: 43213 Walker: 11 Trial Log Prob: -Inf Prob: 0.0 Frac: 0.15672415417962493
Step: 43575 Walker: 25 Trial Log Prob: 359.53854803089985 Prob: 0.10939781348289852 Frac: 0.1581201044386423
Step: 43631 Walker: 25 Trial Log Prob: 368.0044672610066 Prob: 0.0006022014777371185 Frac: 0.15730372720063443
Step: 43960 Walker: 2 Trial Log Prob: 362.3289071763762 Prob: 0.18757864231788043 Frac: 0.15772022022022023
Number of steps: 44000 Acceptance Rate: 0.15778
Step: 44448 Walker: 37 Trial Log Prob: 341.6513795705402 Prob: 1.789963244421528e-11 Frac: 0.1430741055076607
Step: 44568 Walker: 23 Trial Log Prob: 251.37364173216895 Prob: 1.5533130391135427e-53 Frac: 0.14446833256969654
Step: 44581 Walker: 40 Trial Log Prob: 369.37048368199663 Prob: 22.501558003378342 Frac: 0.14445592286501377
Step: 44689 Walker: 28 Trial Log Prob: NaN Prob: NaN Frac: 0.14435924247705356
Step: 44769 Walker: 29 Trial Log Prob: 351.67039764817645 Prob: 0.019360385509836046 Frac: 0.1436154987119103
Step: 44783 Walker: 26 Trial Log Prob: 355.1100306836617 Prob: 0.006417719611579097 Frac: 0.14376629351326484
Number of steps: 45000 Acceptance Rate: 0.1443
Step: 45238 Walker: 29 Trial Log Prob: 344.23601866519124 Prob: 1.0204541404035359 Frac: 0.145550972304066
Step: 45435 Walker: 33 Trial Log Prob: NaN Prob: NaN Frac: 0.14834583352505407
Step: 45544 Walker: 13 Trial Log Prob: 347.6704514339906 Prob: 0.11069627300244567 Frac: 0.1482899532452233
Step: 45726 Walker: 32 Trial Log Prob: -Inf Prob: 0.0 Frac: 0.14729066754864673
Step: 45732 Walker: 45 Trial Log Prob: 364.255309816442 Prob: 0.6857589321841693 Frac: 0.14747916382019402
Number of steps: 46000 Acceptance Rate: 0.14912
Step: 46127 Walker: 20 Trial Log Prob: 352.5821865365981 Prob: 0.006721072382756796 Frac: 0.14889240506329113
Step: 46430 Walker: 14 Trial Log Prob: 352.0365842612512 Prob: 0.21166417326502568 Frac: 0.1461516958628401
Step: 46504 Walker: 24 Trial Log Prob: 350.85360309045456 Prob: 2.8563851526463946 Frac: 0.14499086358941765
Step: 46578 Walker: 24 Trial Log Prob: 214.48497920179997 Prob: 2.6393758568335208e-58 Frac: 0.14455911893052573
Number of steps: 47000 Acceptance Rate: 0.14264
Step: 47032 Walker: 42 Trial Log Prob: -Inf Prob: 0.0 Frac: 0.15263819095477388
Step: 47114 Walker: 13 Trial Log Prob: -Inf Prob: 0.0 Frac: 0.14374006710224263
Step: 47555 Walker: 6 Trial Log Prob: 346.6208475288029 Prob: 1.7236215054429518 Frac: 0.1395365624774417
Step: 47567 Walker: 2 Trial Log Prob: 366.7417148833056 Prob: 0.1836950345723874 Frac: 0.139000777330224
Step: 47721 Walker: 25 Trial Log Prob: -Inf Prob: 0.0 Frac: 0.13759888965995837
Step: 47797 Walker: 3 Trial Log Prob: 337.14913766221974 Prob: 5.3591563977157825e-9 Frac: 0.13682385749817852
Number of steps: 48000 Acceptance Rate: 0.1384
Step: 48050 Walker: 13 Trial Log Prob: 348.81051904531506 Prob: 0.2662751011732379 Frac: 0.12992285830288267
Step: 48163 Walker: 45 Trial Log Prob: 325.8404036596391 Prob: 4.634738977020927e-16 Frac: 0.13050951503990177
Step: 48278 Walker: 9 Trial Log Prob: -Inf Prob: 0.0 Frac: 0.13254924597734324
Step: 48326 Walker: 31 Trial Log Prob: 339.47062787207193 Prob: 0.028273128672241077 Frac: 0.1350039923837602
Step: 48502 Walker: 7 Trial Log Prob: 345.63330564607116 Prob: 0.9654607127650305 Frac: 0.13624935147862874
Step: 48502 Walker: 47 Trial Log Prob: 135.73167333852416 Prob: 2.8502011931564706e-99 Frac: 0.13635095828186636
Step: 48629 Walker: 13 Trial Log Prob: NaN Prob: NaN Frac: 0.13790468914143825
Step: 48751 Walker: 10 Trial Log Prob: -Inf Prob: 0.0 Frac: 0.1371900826446281
Step: 48771 Walker: 18 Trial Log Prob: 361.1284062009087 Prob: 0.1496279730499728 Frac: 0.13676722571265382
Step: 48783 Walker: 6 Trial Log Prob: NaN Prob: NaN Frac: 0.13642407814657598
Step: 48858 Walker: 30 Trial Log Prob: -Inf Prob: 0.0 Frac: 0.1353311567164179
Number of steps: 49000 Acceptance Rate: 0.13316
Step: 49056 Walker: 9 Trial Log Prob: 364.81137396444024 Prob: 0.9799674996439893 Frac: 0.1239579557810801
Step: 49066 Walker: 38 Trial Log Prob: 318.5827720384851 Prob: 1.8887234118186126e-10 Frac: 0.12165450121654502
Step: 49337 Walker: 10 Trial Log Prob: 307.26488578820386 Prob: 8.112427908904207e-24 Frac: 0.11635930993456275
Step: 49616 Walker: 8 Trial Log Prob: 348.36142046150576 Prob: 0.00011983531937382327 Frac: 0.11935106313804539
Step: 49881 Walker: 2 Trial Log Prob: 357.66858238575605 Prob: 3.6177621670643833e-7 Frac: 0.11835825644288896
Number of steps: 50000 Acceptance Rate: 0.11734
Burn-in Number (ends): 9653
Independent Sample Size: 393.4758593478548
1929.642064 seconds (98.63 M allocations: 1.711 TiB, 12.47% gc time)
