args = ["Hppp", "60", "30", "full", "fromEMB", "10000"]
FITS/fromEMB/p2_fit60.0s30.0yrs.jld2 loaded.
Previous model params: [3.0775014870750977e-6, 224.70078281458007, 3503.7653092392734, 0.026793465173731646, 0.017882927021202612, 3.2131346744241577e-6, 365.25643275671445, 3624.402485291179, 0.03633749834279133, 0.016112598006642075]
Finished 3-planet fit w/ fixed period: [2.4766300274667727e-6, 224.70078561113343, 3503.7652229940954, -0.03600611513934466, 0.017360984539298404, 2.8203998224728063e-6, 365.25647191768604, 3624.4018654528713, -0.013921906353582317, 0.016403122450912758, 0.0006990116183404668, 3871.649999999999, 1131.876091024836, 0.030763070564321898, -0.059025339288222234] in 20 iterations
Finished global 3-planet fit.
New 3-planet chi-square: 76.24868966484155
Maximum: -169.02600899404243 Param: [2.5700146536832236e-6, 224.7007858105701, 3503.7652013058632, -0.0197230309108136, 0.018561604989120104, 2.9146170942315915e-6, 365.25646218649695, 3624.401964597734, -0.0007662643662258156, 0.017849041782854003, 0.0007399829677148578, 4108.065115003917, 750.7103423019522, 0.018442361373543777, -0.04870907467438878]
 28.804839 seconds (56.22 M allocations: 2.833 GiB, 4.88% gc time)
15 parameters from fit: [2.5700146536832236e-6, 224.7007858105701, 3503.7652013058632, -0.0197230309108136, 0.018561604989120104, 2.9146170942315915e-6, 365.25646218649695, 3624.401964597734, -0.0007662643662258156, 0.017849041782854003, 0.0007399829677148578, 4108.065115003917, 750.7103423019522, 0.018442361373543777, -0.04870907467438878]
Step: 66 Walker: 5 Trial Log Prob: 549.841358934416 Prob: 0.7794315782090109 Frac: 0.35963114754098363
Step: 77 Walker: 5 Trial Log Prob: 548.2070133793832 Prob: 0.0005171695614138779 Frac: 0.35740578439964943
Step: 320 Walker: 33 Trial Log Prob: 544.8340175451104 Prob: 26.04485579939323 Frac: 0.3259454044578011
Step: 553 Walker: 29 Trial Log Prob: 549.659797237909 Prob: 0.02685393437050045 Frac: 0.3212484008786116
Step: 573 Walker: 43 Trial Log Prob: 550.5391548618124 Prob: 0.20246948195947284 Frac: 0.3208671960505787
Step: 602 Walker: 29 Trial Log Prob: 550.4296157839703 Prob: 0.10989725791763513 Frac: 0.3206810925860234
Step: 681 Walker: 17 Trial Log Prob: 510.33848150406334 Prob: 4.38404376273017e-13 Frac: 0.3189721073367701
Step: 956 Walker: 32 Trial Log Prob: 550.8604482031733 Prob: 0.0355838998583503 Frac: 0.3150424941038559
Number of steps: 1000 Acceptance Rate: 0.31410666666666665
Step: 1023 Walker: 39 Trial Log Prob: 547.0514303106776 Prob: 0.021212690116101534 Frac: 0.295441089402013
Step: 1302 Walker: 18 Trial Log Prob: -Inf Prob: 0.0 Frac: 0.2944274775372903
Step: 1362 Walker: 18 Trial Log Prob: 521.1117179579883 Prob: 1.225658333665517e-7 Frac: 0.2918096925405086
Step: 1857 Walker: 9 Trial Log Prob: -Inf Prob: 0.0 Frac: 0.28880686508121917
Step: 1914 Walker: 45 Trial Log Prob: -Inf Prob: 0.0 Frac: 0.2893315820198482
Step: 1962 Walker: 33 Trial Log Prob: 549.4373767508146 Prob: 1.139336444968696 Frac: 0.28842846840849834
Number of steps: 2000 Acceptance Rate: 0.28764
Step: 2290 Walker: 49 Trial Log Prob: 550.1508457336795 Prob: 0.7928903773819914 Frac: 0.2873319830602099
Step: 2469 Walker: 28 Trial Log Prob: 545.0833342952234 Prob: 1.006384242536947 Frac: 0.2870644500113869
Step: 2492 Walker: 64 Trial Log Prob: 547.6975038632123 Prob: 0.10436994025214764 Frac: 0.28715877361815173
Step: 2585 Walker: 31 Trial Log Prob: 552.6059747714867 Prob: 0.00035575298733234867 Frac: 0.2887682234035272
Step: 2702 Walker: 43 Trial Log Prob: 553.22334256785 Prob: 0.39423276695178433 Frac: 0.2889315443384393
Step: 2877 Walker: 25 Trial Log Prob: -Inf Prob: 0.0 Frac: 0.2884138455686573
Step: 2917 Walker: 64 Trial Log Prob: 530.1788681400143 Prob: 0.00036308045657961456 Frac: 0.2879559071607236
Step: 2933 Walker: 7 Trial Log Prob: 551.4817122893082 Prob: 0.5325478572539892 Frac: 0.28769651107900496
Number of steps: 3000 Acceptance Rate: 0.2880933333333333
Step: 3011 Walker: 12 Trial Log Prob: -Inf Prob: 0.0 Frac: 0.32020997375328086
Step: 3019 Walker: 39 Trial Log Prob: 523.4726109519964 Prob: 5.715766568662839e-9 Frac: 0.2980561555075594
Step: 3076 Walker: 39 Trial Log Prob: 548.4550816729491 Prob: 0.9778148658335548 Frac: 0.2879590395480226
Step: 3101 Walker: 49 Trial Log Prob: 548.7336260242051 Prob: 0.001316560785226113 Frac: 0.2858656775731885
Step: 3115 Walker: 23 Trial Log Prob: 527.6763181350286 Prob: 1.3545266767855569e-6 Frac: 0.28216493642832147
Step: 3160 Walker: 35 Trial Log Prob: 549.0015786362642 Prob: 0.2838465877372928 Frac: 0.28729096989966557
Step: 3335 Walker: 46 Trial Log Prob: 551.3858490446373 Prob: 0.004691650762633816 Frac: 0.28622091169907554
Step: 3660 Walker: 53 Trial Log Prob: 548.3565212296254 Prob: 0.13360181261908718 Frac: 0.2919883584623469
Step: 3835 Walker: 5 Trial Log Prob: 549.252363168228 Prob: 0.05925142914871671 Frac: 0.28966509471664936
Number of steps: 4000 Acceptance Rate: 0.2895066666666667
Step: 4167 Walker: 67 Trial Log Prob: 538.9743655402847 Prob: 0.011208718969751992 Frac: 0.28489254613725334
Step: 4630 Walker: 33 Trial Log Prob: 525.0377101909448 Prob: 3.90262888980871e-6 Frac: 0.29560667683443487
Step: 4744 Walker: 47 Trial Log Prob: 550.2186835983423 Prob: 1.1221871821092009 Frac: 0.2931937172774869
Step: 4759 Walker: 58 Trial Log Prob: 547.051142281891 Prob: 0.6072071792286979 Frac: 0.2933858157025374
Number of steps: 5000 Acceptance Rate: 0.2886666666666667
Step: 5397 Walker: 21 Trial Log Prob: 549.8422274641152 Prob: 0.600473567426729 Frac: 0.28451263416439554
Step: 5398 Walker: 47 Trial Log Prob: 538.1902261936804 Prob: 0.008099906886178869 Frac: 0.2844208973241231
Step: 5620 Walker: 30 Trial Log Prob: 533.3531295424018 Prob: 0.004071405834047934 Frac: 0.2828113227854913
Step: 5686 Walker: 28 Trial Log Prob: -Inf Prob: 0.0 Frac: 0.28284341380853256
Step: 5749 Walker: 33 Trial Log Prob: 544.710325805431 Prob: 0.5724691546593629 Frac: 0.28209787469046727
Step: 5844 Walker: 31 Trial Log Prob: 529.7360140175715 Prob: 0.00011803817652627919 Frac: 0.2839256355128367
Number of steps: 6000 Acceptance Rate: 0.28428
Step: 6094 Walker: 1 Trial Log Prob: 506.42145022218295 Prob: 5.641908135286229e-16 Frac: 0.28196674311926606
Step: 6292 Walker: 70 Trial Log Prob: -Inf Prob: 0.0 Frac: 0.2774606074446221
Step: 6527 Walker: 21 Trial Log Prob: 540.8794518834015 Prob: 0.9030710540002251 Frac: 0.278812292569228
Step: 6535 Walker: 17 Trial Log Prob: 539.9676703823638 Prob: 0.02846638061823475 Frac: 0.2789577457758255
Step: 6786 Walker: 9 Trial Log Prob: 546.4010195538074 Prob: 0.00012499911302464443 Frac: 0.27671353848244007
Number of steps: 7000 Acceptance Rate: 0.27764
Step: 7074 Walker: 51 Trial Log Prob: 550.343530586533 Prob: 0.05740178211216154 Frac: 0.2853782120883098
Step: 7220 Walker: 44 Trial Log Prob: 547.8553357928976 Prob: 0.6288995647092546 Frac: 0.2924281984334204
Step: 7260 Walker: 44 Trial Log Prob: 537.562822191497 Prob: 0.0037932126938709262 Frac: 0.29076994195901174
Step: 7442 Walker: 36 Trial Log Prob: 444.04075142472857 Prob: 1.4116287461487978e-40 Frac: 0.2912627223581287
Step: 7517 Walker: 61 Trial Log Prob: 545.5359534425256 Prob: 7.020286220223261 Frac: 0.29049818116147674
Step: 7694 Walker: 71 Trial Log Prob: 548.3905948998915 Prob: 0.44706460135659293 Frac: 0.2870921876801291
Step: 7697 Walker: 44 Trial Log Prob: 533.3157261212241 Prob: 1.0333969224841802e-5 Frac: 0.28692290023734784
Step: 7864 Walker: 66 Trial Log Prob: 548.7592634871878 Prob: 0.06503954151056134 Frac: 0.28868207004059204
Step: 7877 Walker: 27 Trial Log Prob: 545.5425284077609 Prob: 1.3036261191029392 Frac: 0.28899843291189314
Step: 7907 Walker: 61 Trial Log Prob: 545.883862411562 Prob: 0.06882871249966206 Frac: 0.28874740850744735
Number of steps: 8000 Acceptance Rate: 0.28861333333333333
Step: 8035 Walker: 50 Trial Log Prob: 544.7746958944184 Prob: 0.916142428568706 Frac: 0.2796153846153846
Step: 8142 Walker: 17 Trial Log Prob: 548.5246963146412 Prob: 0.9976644149779071 Frac: 0.28115558912386707
Step: 8350 Walker: 23 Trial Log Prob: 530.4130734412282 Prob: 0.0006108688337412226 Frac: 0.28307504389648064
Step: 8356 Walker: 31 Trial Log Prob: 545.0789257656477 Prob: 0.18090469961745598 Frac: 0.28316326530612246
Step: 8503 Walker: 36 Trial Log Prob: -Inf Prob: 0.0 Frac: 0.2828636628986892
Step: 8871 Walker: 32 Trial Log Prob: 550.7537686938587 Prob: 0.11547573041198911 Frac: 0.2831714714622714
Step: 8976 Walker: 62 Trial Log Prob: 550.4501705682687 Prob: 0.01081896763995402 Frac: 0.284381105934114
Number of steps: 9000 Acceptance Rate: 0.2849333333333333
Step: 9157 Walker: 16 Trial Log Prob: 554.0108311085306 Prob: 0.9028778568258382 Frac: 0.2934448617275521
Step: 9288 Walker: 4 Trial Log Prob: 543.7482656079517 Prob: 1.0846223780011115 Frac: 0.29202471085512566
Step: 9859 Walker: 16 Trial Log Prob: 548.166550751335 Prob: 1.7756072307734385 Frac: 0.29405276077432185
Number of steps: 10000 Acceptance Rate: 0.29145333333333334
Burn-in Number (ends): 1765
Independent Sample Size: 1894.9830310345376
Saved in MCMC/fromEMB/p3_mcmc60.0s30.0yrs.jld2
209.231793 seconds (34.53 M allocations: 67.434 GiB, 5.54% gc time)
