args = ["mcmc", "60.0", "15", "ppp"]
Parameters from fit: [2.462339909357129e-6, 224.70078029269516, 2.4335037652485287e6, -0.012086661475639521, 0.016283420556582388, 2.7086689379955465e-6, 365.256469491961, 2.4336244022295433e6, 0.007448844132728437, 0.012110142236846236, 0.0012678783324556575, 4234.677753462309, 2.4388773594622156e6, 0.07724850305639364, -0.04524969862177527]
Maximum log Prob from fit: -72.882793631592
Step: 194 Walker: 36 Trial Log Prob: 281.0229704020514 Prob: 1.0081632972718557 Frac: 0.32923807557299195
Step: 378 Walker: 23 Trial Log Prob: 280.09919668985583 Prob: 1.2167751124694217 Frac: 0.32411381338419964
Step: 715 Walker: 7 Trial Log Prob: 281.1110125818908 Prob: 0.08059358568693155 Frac: 0.3177528215756014
Step: 773 Walker: 13 Trial Log Prob: 276.0297673391091 Prob: 0.8098642495160119 Frac: 0.31789811721440964
Number of steps: 1000 Acceptance Rate: 0.3126
Step: 1121 Walker: 23 Trial Log Prob: 279.0950663428458 Prob: 0.9602430199292594 Frac: 0.295201726714262
Step: 1687 Walker: 7 Trial Log Prob: 268.47832838512534 Prob: 1.7210839412961219 Frac: 0.2909901769318215
Step: 1862 Walker: 41 Trial Log Prob: 246.41692973678246 Prob: 4.6132353715953815e-9 Frac: 0.2888306142814045
Step: 1922 Walker: 26 Trial Log Prob: 280.8942067665555 Prob: 0.001642905202337675 Frac: 0.2867002343953468
Number of steps: 2000 Acceptance Rate: 0.2857
Step: 2382 Walker: 16 Trial Log Prob: -Inf Prob: 0.0 Frac: 0.25715934123570755
Step: 2482 Walker: 45 Trial Log Prob: 274.6865205428773 Prob: 0.6436783897720252 Frac: 0.2574808051462959
Step: 2610 Walker: 31 Trial Log Prob: 271.26041089324383 Prob: 0.2610116834682603 Frac: 0.25442078671959584
Number of steps: 3000 Acceptance Rate: 0.25642
Step: 3119 Walker: 49 Trial Log Prob: 259.63427988433966 Prob: 2.2281561789366148e-5 Frac: 0.25365607665153805
Step: 3139 Walker: 20 Trial Log Prob: 257.7391947489664 Prob: 0.003285697101263308 Frac: 0.2541907514450867
Step: 3310 Walker: 50 Trial Log Prob: 175.3874987541053 Prob: 9.065283842671764e-42 Frac: 0.24961290322580645
Step: 3673 Walker: 40 Trial Log Prob: 271.6203402436501 Prob: 0.30955159663532084 Frac: 0.25410225921521995
Step: 3719 Walker: 46 Trial Log Prob: 246.40509464814488 Prob: 1.1516192086733475e-6 Frac: 0.2536860846825794
Step: 3769 Walker: 40 Trial Log Prob: 275.3649977199472 Prob: 0.001378941909393269 Frac: 0.25319979188345476
Number of steps: 4000 Acceptance Rate: 0.25264
Step: 4095 Walker: 22 Trial Log Prob: 264.1534686560634 Prob: 0.009085413083501158 Frac: 0.2524354087251165
Step: 4114 Walker: 38 Trial Log Prob: 263.8665070320496 Prob: 0.05733992707004772 Frac: 0.24982419127988748
Step: 4589 Walker: 39 Trial Log Prob: 278.43562675756266 Prob: 0.0004129372428391473 Frac: 0.23064642141377084
Step: 4650 Walker: 8 Trial Log Prob: 274.9937308816704 Prob: 0.6568387387424857 Frac: 0.23020518824326822
Step: 4872 Walker: 9 Trial Log Prob: 257.6592156536411 Prob: 0.7681079303712642 Frac: 0.22778300695608256
Step: 4974 Walker: 40 Trial Log Prob: 262.1843793738546 Prob: 1.28292345560775e-8 Frac: 0.22468679400287533
Number of steps: 5000 Acceptance Rate: 0.22454
Step: 5508 Walker: 28 Trial Log Prob: 271.8440000430962 Prob: 0.034481954225353925 Frac: 0.20766017810702184
Step: 5558 Walker: 3 Trial Log Prob: 271.43857361479786 Prob: 1.10639207514844 Frac: 0.206943596740028
Step: 5604 Walker: 25 Trial Log Prob: 268.87274089054256 Prob: 0.35252672285231224 Frac: 0.2059652029826015
Step: 5780 Walker: 15 Trial Log Prob: 214.7125724093512 Prob: 1.3265527490657558e-24 Frac: 0.20854613114333376
Step: 5848 Walker: 24 Trial Log Prob: 261.5163683682545 Prob: 2.287847302050539e-11 Frac: 0.20722612923018832
Number of steps: 6000 Acceptance Rate: 0.2055
Step: 6177 Walker: 42 Trial Log Prob: 276.0186670945839 Prob: 0.8317950529554216 Frac: 0.1916987106989369
Step: 6529 Walker: 45 Trial Log Prob: 266.5023375144148 Prob: 0.882968846276655 Frac: 0.19255057666855738
Step: 6542 Walker: 7 Trial Log Prob: 248.53625885161168 Prob: 8.605476663513543e-10 Frac: 0.19274124995380124
Number of steps: 7000 Acceptance Rate: 0.18994
Step: 7015 Walker: 13 Trial Log Prob: 235.5170261489717 Prob: 8.008438805135641e-7 Frac: 0.18513323983169705
Step: 7131 Walker: 47 Trial Log Prob: -Inf Prob: 0.0 Frac: 0.17336184511990224
Step: 7343 Walker: 11 Trial Log Prob: 266.28762328042126 Prob: 0.013985687939662117 Frac: 0.17357255566594587
Step: 7548 Walker: 2 Trial Log Prob: 254.82792764765628 Prob: 0.6460990210564337 Frac: 0.17187042995027785
Step: 7582 Walker: 36 Trial Log Prob: -Inf Prob: 0.0 Frac: 0.17204153200852643
Step: 7717 Walker: 34 Trial Log Prob: 265.79018674057806 Prob: 3.834222622175507e-11 Frac: 0.17329910141206675
Step: 7768 Walker: 3 Trial Log Prob: 244.56889967605753 Prob: 2.1057717717180462e-8 Frac: 0.1733632310379892
Step: 7790 Walker: 11 Trial Log Prob: 255.78434258969887 Prob: 9.613111220604795e-10 Frac: 0.17287955196269736
Number of steps: 8000 Acceptance Rate: 0.16824
Step: 8127 Walker: 13 Trial Log Prob: 255.71950700751142 Prob: 0.721987677914636 Frac: 0.14462220814192936
Step: 8449 Walker: 33 Trial Log Prob: 261.689875456257 Prob: 2.297708430274492 Frac: 0.14835287299959882
Step: 8484 Walker: 15 Trial Log Prob: 199.36225217186413 Prob: 1.6613181769356123e-25 Frac: 0.14835505896958412
Step: 8687 Walker: 40 Trial Log Prob: 261.4149400226819 Prob: 8.513352897954467e-8 Frac: 0.14595224228305184
Number of steps: 9000 Acceptance Rate: 0.14734
Step: 9153 Walker: 3 Trial Log Prob: 118.32736106712129 Prob: 1.321751912590834e-59 Frac: 0.16190977245824018
Step: 9252 Walker: 48 Trial Log Prob: -Inf Prob: 0.0 Frac: 0.1631211303381489
Step: 9315 Walker: 38 Trial Log Prob: -Inf Prob: 0.0 Frac: 0.16482399288346677
Step: 9443 Walker: 34 Trial Log Prob: 145.40032896896977 Prob: 2.2141147325553015e-52 Frac: 0.16454323664949852
Step: 9637 Walker: 3 Trial Log Prob: 227.9746981728657 Prob: 6.904573939610992e-21 Frac: 0.16067666572335942
Step: 9752 Walker: 12 Trial Log Prob: -Inf Prob: 0.0 Frac: 0.15779244981630372
Step: 9798 Walker: 46 Trial Log Prob: -Inf Prob: 0.0 Frac: 0.15665730900340885
Step: 9847 Walker: 9 Trial Log Prob: 262.64180695111895 Prob: 0.05490728361368349 Frac: 0.15580609326620815
Number of steps: 10000 Acceptance Rate: 0.15514
Step: 10290 Walker: 16 Trial Log Prob: -Inf Prob: 0.0 Frac: 0.15526061108806857
Step: 10311 Walker: 42 Trial Log Prob: 267.96191617582093 Prob: 1.8671836666178573e-8 Frac: 0.15622185046969503
Step: 10749 Walker: 46 Trial Log Prob: 215.95762486367224 Prob: 1.4244727472019936e-25 Frac: 0.1508839395396037
Step: 10974 Walker: 8 Trial Log Prob: 261.92174084668125 Prob: 1.5663504067962398e-8 Frac: 0.15103374573554196
Number of steps: 11000 Acceptance Rate: 0.15102
Step: 11218 Walker: 8 Trial Log Prob: -Inf Prob: 0.0 Frac: 0.14781727758334867
Number of steps: 12000 Acceptance Rate: 0.15566
Step: 12032 Walker: 20 Trial Log Prob: 258.77739947483934 Prob: 0.2199717570121576 Frac: 0.16178343949044585
Step: 12148 Walker: 6 Trial Log Prob: 244.39055341866415 Prob: 3.793414449142255e-5 Frac: 0.15021750951604132
Step: 12176 Walker: 24 Trial Log Prob: 241.36288355731602 Prob: 6.532888255977223e-8 Frac: 0.15580123090950534
Step: 12191 Walker: 34 Trial Log Prob: -Inf Prob: 0.0 Frac: 0.1554436752674638
Step: 12282 Walker: 42 Trial Log Prob: -Inf Prob: 0.0 Frac: 0.1572523417541868
Step: 12310 Walker: 13 Trial Log Prob: -Inf Prob: 0.0 Frac: 0.15850740477268319
Step: 12448 Walker: 11 Trial Log Prob: 244.53522617527383 Prob: 0.0028198778984513248 Frac: 0.1585349492419838
Step: 12992 Walker: 1 Trial Log Prob: 265.9541813417205 Prob: 0.0017356694905199094 Frac: 0.15789792335169825
Number of steps: 13000 Acceptance Rate: 0.15778
Step: 13257 Walker: 42 Trial Log Prob: -Inf Prob: 0.0 Frac: 0.16344806104968074
Step: 13530 Walker: 22 Trial Log Prob: -Inf Prob: 0.0 Frac: 0.16258688425506196
Step: 13547 Walker: 45 Trial Log Prob: 234.58152751249256 Prob: 7.365736428623792e-6 Frac: 0.16189431340281588
Step: 13926 Walker: 42 Trial Log Prob: -Inf Prob: 0.0 Frac: 0.1598332325239782
Step: 13964 Walker: 33 Trial Log Prob: 237.77767632410712 Prob: 0.006406174221374298 Frac: 0.16016022248510886
Number of steps: 14000 Acceptance Rate: 0.1597
Step: 14216 Walker: 39 Trial Log Prob: 264.3770031979542 Prob: 0.6759036977193265 Frac: 0.16349986096950597
Step: 14284 Walker: 47 Trial Log Prob: 257.7420269848872 Prob: 1.5465592507300814 Frac: 0.16137212087060646
Step: 14624 Walker: 35 Trial Log Prob: 260.453735593506 Prob: 1.9977491647325274e-5 Frac: 0.14785954785954786
Step: 14799 Walker: 7 Trial Log Prob: -Inf Prob: 0.0 Frac: 0.14676623148821008
Step: 14869 Walker: 28 Trial Log Prob: -Inf Prob: 0.0 Frac: 0.1475085198489454
Number of steps: 15000 Acceptance Rate: 0.14876
Step: 15154 Walker: 40 Trial Log Prob: 251.30066017343367 Prob: 0.20342282489443558 Frac: 0.15864759427828348
Step: 15624 Walker: 38 Trial Log Prob: -Inf Prob: 0.0 Frac: 0.15230216750032063
Step: 15629 Walker: 17 Trial Log Prob: 258.58195122522915 Prob: 1.489913011306629 Frac: 0.15243339593213864
Step: 15689 Walker: 43 Trial Log Prob: -Inf Prob: 0.0 Frac: 0.15236767993496503
Step: 15878 Walker: 12 Trial Log Prob: 257.7464509928789 Prob: 1.6725306781849527 Frac: 0.15186266016141534
Step: 15892 Walker: 27 Trial Log Prob: 254.80262440345447 Prob: 0.9084903570746249 Frac: 0.1515131121430334
Number of steps: 16000 Acceptance Rate: 0.15012
Step: 16386 Walker: 17 Trial Log Prob: 264.5352430164479 Prob: 0.0026787439854855715 Frac: 0.14049929932008096
Step: 16674 Walker: 23 Trial Log Prob: 264.28970539913144 Prob: 1.2364373493549639 Frac: 0.14156742790960117
Step: 16677 Walker: 44 Trial Log Prob: 266.4213988062253 Prob: 1.312402591634276 Frac: 0.14141354449828625
Step: 16795 Walker: 33 Trial Log Prob: 258.9601491464541 Prob: 0.979573613328394 Frac: 0.14242569149070042
Number of steps: 17000 Acceptance Rate: 0.14466
Step: 17177 Walker: 48 Trial Log Prob: -Inf Prob: 0.0 Frac: 0.14556962025316456
Step: 17291 Walker: 42 Trial Log Prob: 259.0177287141119 Prob: 3.548502750690268e-10 Frac: 0.14537202585614084
Step: 17536 Walker: 8 Trial Log Prob: -Inf Prob: 0.0 Frac: 0.14974960759399059
Step: 17707 Walker: 33 Trial Log Prob: -Inf Prob: 0.0 Frac: 0.1539071123312484
Step: 17910 Walker: 22 Trial Log Prob: 247.64031687139158 Prob: 0.02358373768673662 Frac: 0.1567777973258269
Step: 17923 Walker: 12 Trial Log Prob: 260.5196756725503 Prob: 0.4260658463933044 Frac: 0.1563801179736294
Number of steps: 18000 Acceptance Rate: 0.15678
Step: 18117 Walker: 34 Trial Log Prob: 125.16765413204851 Prob: 1.309927351085159e-59 Frac: 0.1609530339389784
Step: 18305 Walker: 18 Trial Log Prob: 253.17900433393183 Prob: 0.8053234035096158 Frac: 0.16033644368510974
Step: 18515 Walker: 28 Trial Log Prob: -Inf Prob: 0.0 Frac: 0.15792133084577115
Step: 18569 Walker: 36 Trial Log Prob: -Inf Prob: 0.0 Frac: 0.1583556055704037
Step: 18577 Walker: 30 Trial Log Prob: -Inf Prob: 0.0 Frac: 0.15778702740201178
Step: 18675 Walker: 17 Trial Log Prob: 252.4664256943959 Prob: 0.09635372842460477 Frac: 0.15899991102411246
Step: 18962 Walker: 3 Trial Log Prob: -Inf Prob: 0.0 Frac: 0.16011487316088485
Step: 18974 Walker: 9 Trial Log Prob: -Inf Prob: 0.0 Frac: 0.16009371339320577
Number of steps: 19000 Acceptance Rate: 0.16048
Step: 19186 Walker: 20 Trial Log Prob: 260.3127286001563 Prob: 1.33081943512494 Frac: 0.16418554476806904
Number of steps: 20000 Acceptance Rate: 0.17108
Step: 20469 Walker: 10 Trial Log Prob: -Inf Prob: 0.0 Frac: 0.15544639043143957
Step: 20685 Walker: 25 Trial Log Prob: -Inf Prob: 0.0 Frac: 0.15804236669101535
Step: 20785 Walker: 22 Trial Log Prob: -Inf Prob: 0.0 Frac: 0.15838050073938095
Step: 20938 Walker: 42 Trial Log Prob: -Inf Prob: 0.0 Frac: 0.15932355199181097
Number of steps: 21000 Acceptance Rate: 0.16028
Step: 21045 Walker: 3 Trial Log Prob: -Inf Prob: 0.0 Frac: 0.1693145710394916
Step: 21048 Walker: 17 Trial Log Prob: 261.7003518061257 Prob: 0.006009814849630725 Frac: 0.1677228559357837
Step: 21060 Walker: 15 Trial Log Prob: 259.7054647747471 Prob: 0.1933216463566606 Frac: 0.1703204047217538
Step: 21240 Walker: 35 Trial Log Prob: -Inf Prob: 0.0 Frac: 0.1741343345848978
Step: 21391 Walker: 25 Trial Log Prob: 236.5126911819467 Prob: 1.806373102997969e-8 Frac: 0.1782842509603073
Step: 21443 Walker: 24 Trial Log Prob: 265.09570082152203 Prob: 0.008079068999372822 Frac: 0.17894594105948292
Step: 21480 Walker: 46 Trial Log Prob: 260.6944751261605 Prob: 1.1603078461753182 Frac: 0.17907151191865311
Step: 21603 Walker: 15 Trial Log Prob: 171.80436170675023 Prob: 1.0313585434764403e-37 Frac: 0.17788477502905528
Step: 21772 Walker: 23 Trial Log Prob: 227.73959926898831 Prob: 8.327793931617692e-11 Frac: 0.17901122546859202
Step: 21902 Walker: 2 Trial Log Prob: -373.78389240834747 Prob: 7.637184612115977e-272 Frac: 0.17961466749533872
Step: 21934 Walker: 19 Trial Log Prob: -Inf Prob: 0.0 Frac: 0.17984100794960253
Step: 21967 Walker: 39 Trial Log Prob: 21.032409306953618 Prob: 9.487941089713284e-112 Frac: 0.18018577132336208
Number of steps: 22000 Acceptance Rate: 0.1805
Step: 22133 Walker: 43 Trial Log Prob: -Inf Prob: 0.0 Frac: 0.18515730844497968
Number of steps: 23000 Acceptance Rate: 0.18428
Step: 23106 Walker: 42 Trial Log Prob: -Inf Prob: 0.0 Frac: 0.17913832199546487
Step: 23145 Walker: 26 Trial Log Prob: 254.6935142260453 Prob: 1.4579890562992023e-8 Frac: 0.18308884583448656
Step: 23426 Walker: 3 Trial Log Prob: 225.8439656966135 Prob: 3.746164087900527e-17 Frac: 0.1793158612901708
Step: 23454 Walker: 9 Trial Log Prob: 262.43202342427077 Prob: 0.01686929012441396 Frac: 0.1800609029524692
Step: 23594 Walker: 21 Trial Log Prob: 204.155008437705 Prob: 2.4879674406696417e-22 Frac: 0.1779852381112871
Number of steps: 24000 Acceptance Rate: 0.1753
Step: 24096 Walker: 49 Trial Log Prob: 247.59030390071982 Prob: 7.031569622889326e-8 Frac: 0.15544905188580954
Step: 24507 Walker: 49 Trial Log Prob: -153.77754349999668 Prob: 2.9615832818540265e-178 Frac: 0.16458242928715136
Step: 24602 Walker: 50 Trial Log Prob: -Inf Prob: 0.0 Frac: 0.16358803986710962
Step: 24702 Walker: 20 Trial Log Prob: 264.0371899420822 Prob: 0.3222838933632056 Frac: 0.16315939549472483
Step: 24716 Walker: 18 Trial Log Prob: 259.07067008605725 Prob: 0.000664508943660088 Frac: 0.16305077163945425
Step: 24958 Walker: 5 Trial Log Prob: 188.33365894484288 Prob: 7.454966017333478e-36 Frac: 0.16255354717375406
Step: 24996 Walker: 7 Trial Log Prob: -Inf Prob: 0.0 Frac: 0.1625700906405129
Number of steps: 25000 Acceptance Rate: 0.16256
Step: 25295 Walker: 25 Trial Log Prob: -Inf Prob: 0.0 Frac: 0.15246179966044143
Step: 25309 Walker: 48 Trial Log Prob: NaN Prob: NaN Frac: 0.15212325220093215
Step: 25345 Walker: 41 Trial Log Prob: NaN Prob: NaN Frac: 0.15132532915724145
Step: 25371 Walker: 45 Trial Log Prob: 263.23199515175975 Prob: 0.04731617314449044 Frac: 0.15233216500404423
Step: 25514 Walker: 14 Trial Log Prob: -Inf Prob: 0.0 Frac: 0.15406795511221946
Step: 25600 Walker: 5 Trial Log Prob: -Inf Prob: 0.0 Frac: 0.15373059589384075
Step: 25661 Walker: 50 Trial Log Prob: -Inf Prob: 0.0 Frac: 0.15249621785173978
Step: 25929 Walker: 22 Trial Log Prob: 262.72090861737263 Prob: 0.11408198913961588 Frac: 0.14964887337900135
Number of steps: 26000 Acceptance Rate: 0.14906
Step: 26833 Walker: 33 Trial Log Prob: -Inf Prob: 0.0 Frac: 0.12896019984147192
Number of steps: 27000 Acceptance Rate: 0.1282
Step: 27056 Walker: 13 Trial Log Prob: 255.77258938411538 Prob: 1.4273350841401384 Frac: 0.12667390517553384
Step: 27594 Walker: 40 Trial Log Prob: 263.64967697578857 Prob: 2.488397649489726 Frac: 0.11761535870663523
Step: 27759 Walker: 3 Trial Log Prob: 266.30219847760117 Prob: 5.576191755057154e-6 Frac: 0.11634962931694061
Step: 27890 Walker: 33 Trial Log Prob: 265.61893574689736 Prob: 0.8483303545337905 Frac: 0.11467302115414878
Number of steps: 28000 Acceptance Rate: 0.11302
Step: 28218 Walker: 19 Trial Log Prob: 137.74726190478106 Prob: 1.386790370139384e-50 Frac: 0.10488545404361027
Step: 28641 Walker: 20 Trial Log Prob: 260.61189262161724 Prob: 0.14594872221231067 Frac: 0.09934415990006246
Step: 28969 Walker: 27 Trial Log Prob: 259.13969262059015 Prob: 0.12348588136300105 Frac: 0.09476118694116918
Step: 28977 Walker: 33 Trial Log Prob: 251.69227535676214 Prob: 0.012192868726183205 Frac: 0.0947719779657199
Step: 28995 Walker: 21 Trial Log Prob: -Inf Prob: 0.0 Frac: 0.0951308300315762
Number of steps: 29000 Acceptance Rate: 0.0951
Step: 29050 Walker: 30 Trial Log Prob: 255.40351918683825 Prob: 0.007761013425405777 Frac: 0.08991935483870968
Step: 29332 Walker: 39 Trial Log Prob: 266.2839220281853 Prob: 0.10736992332561777 Frac: 0.08439327265055158
Step: 29414 Walker: 10 Trial Log Prob: 266.98428943117494 Prob: 6.067531918022732e-5 Frac: 0.0824298160696999
Step: 29492 Walker: 24 Trial Log Prob: 225.72133733325012 Prob: 7.732332959643703e-19 Frac: 0.08093920403678685
Step: 29499 Walker: 43 Trial Log Prob: -Inf Prob: 0.0 Frac: 0.08078418794852263
Step: 29577 Walker: 31 Trial Log Prob: -5259.796036295655 Prob: 0.0 Frac: 0.08012209080503624
Step: 29851 Walker: 2 Trial Log Prob: 140.88848644661988 Prob: 4.366731116912131e-50 Frac: 0.0798550656439697
Number of steps: 30000 Acceptance Rate: 0.07946
Step: 30180 Walker: 22 Trial Log Prob: -Inf Prob: 0.0 Frac: 0.07445385644226482
Step: 30369 Walker: 23 Trial Log Prob: -Inf Prob: 0.0 Frac: 0.06969548933398469
Step: 30715 Walker: 8 Trial Log Prob: 264.9981610931341 Prob: 1.2632753650489299e-8 Frac: 0.06788394757477316
Number of steps: 31000 Acceptance Rate: 0.06652
Step: 31434 Walker: 17 Trial Log Prob: 243.34210176353758 Prob: 2.681074662852202e-5 Frac: 0.06604513776711128
Step: 31470 Walker: 19 Trial Log Prob: -Inf Prob: 0.0 Frac: 0.06617239763091738
Step: 31647 Walker: 40 Trial Log Prob: 168.13989780789652 Prob: 5.6792793879807666e-42 Frac: 0.06666666666666667
Step: 31698 Walker: 27 Trial Log Prob: 264.415327522312 Prob: 0.22989402402709253 Frac: 0.06660549932620352
Step: 31869 Walker: 1 Trial Log Prob: 250.27401790597855 Prob: 1.990752406304229e-5 Frac: 0.06679569595170619
Step: 31871 Walker: 38 Trial Log Prob: -Inf Prob: 0.0 Frac: 0.06686113280352796
Number of steps: 32000 Acceptance Rate: 0.06712
Step: 32009 Walker: 31 Trial Log Prob: -Inf Prob: 0.0 Frac: 0.08120649651972157
Step: 32464 Walker: 18 Trial Log Prob: 258.85298425611535 Prob: 0.035647109564089785 Frac: 0.06629834254143646
Step: 32465 Walker: 16 Trial Log Prob: NaN Prob: NaN Frac: 0.06646278428669883
Step: 32468 Walker: 31 Trial Log Prob: 163.38635087679367 Prob: 4.176352936389818e-42 Frac: 0.06654976262777469
Step: 32719 Walker: 33 Trial Log Prob: 254.82054284779937 Prob: 4.904982144921812e-7 Frac: 0.0663735285113962
Number of steps: 33000 Acceptance Rate: 0.0674
Step: 33157 Walker: 31 Trial Log Prob: -40.06031659621225 Prob: 3.030302658908279e-135 Frac: 0.06882901289745882
Number of steps: 34000 Acceptance Rate: 0.06534
Step: 34069 Walker: 11 Trial Log Prob: -348.40331515862084 Prob: 1.2721882718429716e-263 Frac: 0.061858692465552624
Step: 34163 Walker: 48 Trial Log Prob: 199.4363319726115 Prob: 5.765289536620466e-26 Frac: 0.06087383406971036
Step: 34358 Walker: 50 Trial Log Prob: 261.7185398903384 Prob: 0.4411305997029983 Frac: 0.06508379888268156
Step: 34643 Walker: 31 Trial Log Prob: -Inf Prob: 0.0 Frac: 0.06286763561669416
Step: 34749 Walker: 12 Trial Log Prob: -Inf Prob: 0.0 Frac: 0.062279482518977865
Number of steps: 35000 Acceptance Rate: 0.06238
Step: 35066 Walker: 11 Trial Log Prob: 262.0744656654981 Prob: 0.038880801149399985 Frac: 0.06531738730450783
Step: 35158 Walker: 2 Trial Log Prob: 262.93712431891055 Prob: 0.006266571118771166 Frac: 0.0630412633723892
Step: 35319 Walker: 32 Trial Log Prob: -329.6684443330077 Prob: 6.0808485510653446e-254 Frac: 0.06245292493095657
Step: 35390 Walker: 39 Trial Log Prob: 208.51566536871513 Prob: 3.530392843317871e-26 Frac: 0.06141926214787829
Step: 35502 Walker: 10 Trial Log Prob: -240.25980351250493 Prob: 3.79607660701695e-222 Frac: 0.061452513966480445
Step: 35538 Walker: 16 Trial Log Prob: NaN Prob: NaN Frac: 0.06230923844264126
Step: 35596 Walker: 27 Trial Log Prob: -Inf Prob: 0.0 Frac: 0.06199415656379084
Step: 35930 Walker: 18 Trial Log Prob: -Inf Prob: 0.0 Frac: 0.061978135491090644
Number of steps: 36000 Acceptance Rate: 0.06182
Step: 36555 Walker: 24 Trial Log Prob: -Inf Prob: 0.0 Frac: 0.05814456788342231
Step: 36834 Walker: 11 Trial Log Prob: -Inf Prob: 0.0 Frac: 0.056839730203307647
Number of steps: 37000 Acceptance Rate: 0.05646
Step: 37042 Walker: 47 Trial Log Prob: -Inf Prob: 0.0 Frac: 0.06151645207439199
Step: 37111 Walker: 3 Trial Log Prob: 239.6675638003055 Prob: 0.00010465652168657223 Frac: 0.055242594948210065
Step: 37336 Walker: 14 Trial Log Prob: -Inf Prob: 0.0 Frac: 0.053268909568122164
Step: 37367 Walker: 3 Trial Log Prob: 246.4503827345156 Prob: 0.000589861926634861 Frac: 0.05321531989291373
Step: 37582 Walker: 25 Trial Log Prob: -Inf Prob: 0.0 Frac: 0.05145313843508169
Step: 37654 Walker: 20 Trial Log Prob: 260.75690854033036 Prob: 0.9411218414653403 Frac: 0.05120906029996939
Step: 37740 Walker: 11 Trial Log Prob: 209.11028224205066 Prob: 2.0366355614886734e-19 Frac: 0.05102675793403858
Step: 37792 Walker: 13 Trial Log Prob: 146.99944282389131 Prob: 4.645097267536362e-50 Frac: 0.05186664307560094
Step: 37863 Walker: 40 Trial Log Prob: -138.20970737391212 Prob: 2.9780257600026044e-176 Frac: 0.05134445989800649
Step: 37990 Walker: 9 Trial Log Prob: -Inf Prob: 0.0 Frac: 0.05089063668897471
Number of steps: 38000 Acceptance Rate: 0.05084
Step: 38013 Walker: 33 Trial Log Prob: 255.84177455983252 Prob: 4.59003571015096e-7 Frac: 0.044233807266982623
Step: 38078 Walker: 4 Trial Log Prob: -2602.059925267106 Prob: 0.0 Frac: 0.05422937208095485
Step: 38146 Walker: 23 Trial Log Prob: NaN Prob: NaN Frac: 0.05788532930015124
Step: 38522 Walker: 43 Trial Log Prob: -Inf Prob: 0.0 Frac: 0.056107001877898285
Step: 38767 Walker: 21 Trial Log Prob: 259.77319985985235 Prob: 0.004290653788435034 Frac: 0.055739672764280684
Step: 38989 Walker: 7 Trial Log Prob: 147.48925756608458 Prob: 1.726883459619213e-48 Frac: 0.05561964903758577
Number of steps: 39000 Acceptance Rate: 0.05558
Step: 39042 Walker: 15 Trial Log Prob: 261.5980043312275 Prob: 0.24899887358603914 Frac: 0.053268765133171914
Step: 39545 Walker: 36 Trial Log Prob: -Inf Prob: 0.0 Frac: 0.051586135996475255
Step: 39613 Walker: 45 Trial Log Prob: -Inf Prob: 0.0 Frac: 0.05142763909283733
Step: 39866 Walker: 13 Trial Log Prob: 263.4844338604585 Prob: 0.07544692261752284 Frac: 0.04978850287774773
Number of steps: 40000 Acceptance Rate: 0.0502
Step: 40268 Walker: 17 Trial Log Prob: -Inf Prob: 0.0 Frac: 0.04885164958479839
Step: 40376 Walker: 41 Trial Log Prob: 192.02398713139925 Prob: 5.286910246706115e-29 Frac: 0.04805491990846682
Step: 40496 Walker: 40 Trial Log Prob: -Inf Prob: 0.0 Frac: 0.0490923759580476
Step: 40544 Walker: 43 Trial Log Prob: 219.26057973634397 Prob: 1.3294184011674893e-21 Frac: 0.04990254844996874
Step: 40865 Walker: 30 Trial Log Prob: NaN Prob: NaN Frac: 0.04991903770529725
Number of steps: 41000 Acceptance Rate: 0.05032
Step: 41014 Walker: 42 Trial Log Prob: -Inf Prob: 0.0 Frac: 0.05491329479768786
Step: 41119 Walker: 5 Trial Log Prob: 264.30252724013644 Prob: 0.05462671854759918 Frac: 0.05707027942421677
Step: 41299 Walker: 38 Trial Log Prob: -Inf Prob: 0.0 Frac: 0.052818315704913646
Step: 41303 Walker: 43 Trial Log Prob: 246.38625876098814 Prob: 5.595484298321175e-7 Frac: 0.0528296902859407
Step: 41461 Walker: 7 Trial Log Prob: NaN Prob: NaN Frac: 0.0497239970443778
Step: 41612 Walker: 24 Trial Log Prob: -Inf Prob: 0.0 Frac: 0.04830902073657356
Step: 41646 Walker: 41 Trial Log Prob: NaN Prob: NaN Frac: 0.04837261156359357
Step: 41786 Walker: 37 Trial Log Prob: -Inf Prob: 0.0 Frac: 0.04729299768371217
Number of steps: 42000 Acceptance Rate: 0.04632
Step: 42212 Walker: 50 Trial Log Prob: -759.4691696832666 Prob: 0.0 Frac: 0.03981132075471698
Step: 42296 Walker: 30 Trial Log Prob: -25112.342642167183 Prob: 0.0 Frac: 0.04100135317997294
Step: 42409 Walker: 21 Trial Log Prob: -Inf Prob: 0.0 Frac: 0.04343567895793546
Step: 42433 Walker: 34 Trial Log Prob: -Inf Prob: 0.0 Frac: 0.043311454192474806
Step: 42685 Walker: 19 Trial Log Prob: -Inf Prob: 0.0 Frac: 0.044741225634881206
Step: 42748 Walker: 9 Trial Log Prob: -Inf Prob: 0.0 Frac: 0.045557964613613854
Step: 42928 Walker: 31 Trial Log Prob: 264.3146175444566 Prob: 1.1099624484231236 Frac: 0.04579461417390742
Number of steps: 43000 Acceptance Rate: 0.04612
Step: 43357 Walker: 32 Trial Log Prob: NaN Prob: NaN Frac: 0.04133019291161956
Step: 43386 Walker: 19 Trial Log Prob: 247.29852862149886 Prob: 7.698448655682654e-8 Frac: 0.040946598162852246
Step: 43885 Walker: 23 Trial Log Prob: 260.612557351024 Prob: 0.17039073840856978 Frac: 0.0401600976867241
Number of steps: 44000 Acceptance Rate: 0.03978
Step: 44005 Walker: 49 Trial Log Prob: -Inf Prob: 0.0 Frac: 0.04417670682730924
Step: 44062 Walker: 5 Trial Log Prob: 261.959341432202 Prob: 0.21701835003535894 Frac: 0.03862520458265139
Step: 44145 Walker: 22 Trial Log Prob: 42.436027368079664 Prob: 4.414729389477977e-100 Frac: 0.039739684297978396
Step: 44168 Walker: 31 Trial Log Prob: -Inf Prob: 0.0 Frac: 0.039852046295191505
Step: 44330 Walker: 37 Trial Log Prob: 270.6252308507395 Prob: 0.06657051365066725 Frac: 0.040213501546673136
Step: 44338 Walker: 31 Trial Log Prob: -Inf Prob: 0.0 Frac: 0.039808068242402704
Step: 44446 Walker: 7 Trial Log Prob: 238.02730103313687 Prob: 1.5951040537761932e-12 Frac: 0.03962798220784472
Step: 44511 Walker: 13 Trial Log Prob: 28.567533233582797 Prob: 2.0599349323098485e-106 Frac: 0.03927409555912672
Number of steps: 45000 Acceptance Rate: 0.03984
Step: 45063 Walker: 50 Trial Log Prob: -75.61961349536625 Prob: 3.0558573497379904e-146 Frac: 0.03333333333333333
Step: 45283 Walker: 6 Trial Log Prob: 172.61693549812992 Prob: 2.8727152726241697e-40 Frac: 0.03693463774280448
Step: 45289 Walker: 21 Trial Log Prob: 257.488521871096 Prob: 0.7244714290506652 Frac: 0.03675195894875529
Step: 45290 Walker: 31 Trial Log Prob: -Inf Prob: 0.0 Frac: 0.036806850355638424
Step: 45332 Walker: 45 Trial Log Prob: 247.48815975590907 Prob: 5.301626151901982e-11 Frac: 0.036456764085567944
Number of steps: 46000 Acceptance Rate: 0.03774
Step: 46624 Walker: 36 Trial Log Prob: -Inf Prob: 0.0 Frac: 0.041076123901750784
Step: 46767 Walker: 46 Trial Log Prob: 260.7923975671865 Prob: 0.01484188287112711 Frac: 0.04154279455484275
Number of steps: 47000 Acceptance Rate: 0.04014
Step: 47131 Walker: 39 Trial Log Prob: -Inf Prob: 0.0 Frac: 0.038843859917418566
Step: 47273 Walker: 24 Trial Log Prob: 258.53668212938135 Prob: 0.07462783945243809 Frac: 0.042792131532589546
Step: 47303 Walker: 36 Trial Log Prob: 275.3603388056216 Prob: 0.00034310332934918853 Frac: 0.04261363636363636
Step: 47581 Walker: 39 Trial Log Prob: 39.560440124794376 Prob: 2.9327746701186497e-103 Frac: 0.04128930059575054
Step: 47744 Walker: 5 Trial Log Prob: 261.2417052572367 Prob: 0.00037520113188302964 Frac: 0.041421073879693175
Step: 47767 Walker: 38 Trial Log Prob: 27.082871237926348 Prob: 8.090899137372525e-106 Frac: 0.041473211956805256
Step: 47813 Walker: 47 Trial Log Prob: 257.1025610313649 Prob: 0.040517936894667345 Frac: 0.041528280069869854
Step: 47827 Walker: 36 Trial Log Prob: -Inf Prob: 0.0 Frac: 0.04144087478227211
Number of steps: 48000 Acceptance Rate: 0.04136
Step: 48033 Walker: 18 Trial Log Prob: -Inf Prob: 0.0 Frac: 0.04511742892459827
Step: 48422 Walker: 34 Trial Log Prob: -Inf Prob: 0.0 Frac: 0.04164295200151774
Number of steps: 49000 Acceptance Rate: 0.0397
Step: 49166 Walker: 16 Trial Log Prob: -Inf Prob: 0.0 Frac: 0.04427776433583353
Step: 49260 Walker: 5 Trial Log Prob: 145.35331851568318 Prob: 4.835601920731018e-50 Frac: 0.04276341181011192
Step: 49645 Walker: 1 Trial Log Prob: 250.9343314851237 Prob: 7.2127437769513366e-6 Frac: 0.040495636781466414
Step: 49800 Walker: 31 Trial Log Prob: -Inf Prob: 0.0 Frac: 0.03941872389384958
Step: 49827 Walker: 42 Trial Log Prob: 189.02695466101733 Prob: 3.612630171060291e-43 Frac: 0.03945140535049103
Step: 49938 Walker: 26 Trial Log Prob: 256.01607932249857 Prob: 2.3848249587266096e-5 Frac: 0.03927382882498507
Number of steps: 50000 Acceptance Rate: 0.03934
Burn-in Number (ends): 50000
Independent Sample Size: 314.19941421684877
2384.957348 seconds (99.17 M allocations: 2.017 TiB, 13.31% gc time)
