args = ["Hppp", "80", "30", "full", "fromEMB", "15000"]
FITS/fromEMB/p2_fit80.0s30.0yrs.jld2 loaded.
Previous model params: [3.187126021045018e-6, 224.70078580862847, 3503.7652293892197, 0.024977210810084857, 0.021920242879559973, 3.185002642149515e-6, 365.2564326390407, 3624.402435316354, 0.03561629938014791, 0.01973359803002886]
Finished 3-planet fit w/ fixed period: [2.5024139979412046e-6, 224.70078785924426, 3503.765160610169, -0.04406139673589216, 0.01784581757297457, 2.7714528196995274e-6, 365.2564713170657, 3624.40181687311, -0.019569577692042157, 0.017199079453293197, 0.0008097317132518294, 3871.649999999999, 1117.4259900663142, 0.04583892846382117, -0.0527169651791807] in 20 iterations
Finished global 3-planet fit.
New 3-planet chi-square: 70.62265407456786
Maximum: -166.0366879185937 Param: [2.5459180867052797e-6, 224.7007888665724, 3503.7651223446524, -0.03671265168141632, 0.022446339423431196, 2.814507180127927e-6, 365.256466753778, 3624.401843479445, -0.013800732756271096, 0.02130138233188283, 0.000808709319771005, 4030.3684746594, 836.7172302305886, 0.03502851073929535, -0.051804545062823996]
 45.481415 seconds (56.33 M allocations: 2.845 GiB, 3.97% gc time)
15 parameters from fit: [2.5459180867052797e-6, 224.7007888665724, 3503.7651223446524, -0.03671265168141632, 0.022446339423431196, 2.814507180127927e-6, 365.256466753778, 3624.401843479445, -0.013800732756271096, 0.02130138233188283, 0.000808709319771005, 4030.3684746594, 836.7172302305886, 0.03502851073929535, -0.051804545062823996]
Step: 112 Walker: 47 Trial Log Prob: -Inf Prob: 0.0 Frac: 0.3245341614906832
Step: 246 Walker: 44 Trial Log Prob: 524.7050204645243 Prob: 3.1986993684380525 Frac: 0.3234160377870677
Step: 363 Walker: 44 Trial Log Prob: 486.61379063999254 Prob: 6.625396062981166e-12 Frac: 0.32319629329999267
Step: 448 Walker: 48 Trial Log Prob: 527.7699734227369 Prob: 0.05841192891856765 Frac: 0.32281893187978433
Step: 508 Walker: 9 Trial Log Prob: 516.9050496385412 Prob: 0.25751745083431327 Frac: 0.3202397854551191
Step: 571 Walker: 41 Trial Log Prob: 504.365846239481 Prob: 6.846706423437222e-5 Frac: 0.31784721086209716
Step: 597 Walker: 14 Trial Log Prob: 525.6307826026152 Prob: 0.11178552015561238 Frac: 0.3167911616048665
Step: 629 Walker: 67 Trial Log Prob: 513.7558336884052 Prob: 1.2530320569858537 Frac: 0.31464795301799986
Step: 715 Walker: 30 Trial Log Prob: 520.1334343139864 Prob: 0.10962207736607277 Frac: 0.3112541993281075
Step: 750 Walker: 53 Trial Log Prob: 527.2177577479695 Prob: 0.086480779851667 Frac: 0.30966778117663796
Number of steps: 1000 Acceptance Rate: 0.30434666666666665
Step: 1163 Walker: 56 Trial Log Prob: 509.23053793266814 Prob: 3.928094126003847e-7 Frac: 0.27330820907750286
Step: 1324 Walker: 66 Trial Log Prob: -Inf Prob: 0.0 Frac: 0.2845910007821827
Step: 1929 Walker: 69 Trial Log Prob: 531.0576677439963 Prob: 0.0013855653999433183 Frac: 0.2867559459731014
Number of steps: 2000 Acceptance Rate: 0.28729333333333334
Step: 2199 Walker: 64 Trial Log Prob: 531.9738474490575 Prob: 0.2975440048159537 Frac: 0.2832238165482097
Step: 2364 Walker: 23 Trial Log Prob: 526.6759154047114 Prob: 0.5679150331021755 Frac: 0.28369054609512623
Step: 2367 Walker: 33 Trial Log Prob: 513.9458094434408 Prob: 0.0048155938307630885 Frac: 0.283484335771204
Step: 2705 Walker: 64 Trial Log Prob: 526.7243184933936 Prob: 0.9144601051865663 Frac: 0.2834064769975787
Step: 2760 Walker: 49 Trial Log Prob: 523.4803390470614 Prob: 1.1649770826037864 Frac: 0.2833046652859199
Number of steps: 3000 Acceptance Rate: 0.28357333333333334
Step: 3218 Walker: 37 Trial Log Prob: 507.33319442969156 Prob: 6.566653587607295e-6 Frac: 0.28371750858263856
Step: 3245 Walker: 53 Trial Log Prob: 510.61153709634914 Prob: 0.01178588285060903 Frac: 0.28382280826022993
Step: 3376 Walker: 57 Trial Log Prob: 513.6720394468186 Prob: 0.002444098008501046 Frac: 0.2827336597828401
Step: 3412 Walker: 30 Trial Log Prob: 508.5725290140202 Prob: 0.00026872264045378185 Frac: 0.2825149894668611
Step: 3586 Walker: 48 Trial Log Prob: -Inf Prob: 0.0 Frac: 0.28529472030599
Step: 3857 Walker: 52 Trial Log Prob: -Inf Prob: 0.0 Frac: 0.28201456763991783
Step: 3896 Walker: 52 Trial Log Prob: -Inf Prob: 0.0 Frac: 0.28130163597659913
Step: 3907 Walker: 48 Trial Log Prob: 526.7628518572518 Prob: 0.42747399584940066 Frac: 0.28127297861701817
Step: 3945 Walker: 27 Trial Log Prob: 524.7775928277078 Prob: 0.824148382728329 Frac: 0.2811922007144168
Step: 3973 Walker: 47 Trial Log Prob: 527.6532708276368 Prob: 1.7807204746251466 Frac: 0.2809574074327937
Step: 3992 Walker: 44 Trial Log Prob: 511.9267960811063 Prob: 0.10266543558239079 Frac: 0.28116553940485955
Number of steps: 4000 Acceptance Rate: 0.2810933333333333
Step: 4168 Walker: 14 Trial Log Prob: 506.27341319302525 Prob: 8.497434840224257e-5 Frac: 0.27665683068825264
Step: 4345 Walker: 52 Trial Log Prob: 514.161235597304 Prob: 0.030134302131602907 Frac: 0.27750270772087265
Step: 4353 Walker: 75 Trial Log Prob: 530.1272343668521 Prob: 0.8718763693336276 Frac: 0.2775070821529745
Step: 4797 Walker: 72 Trial Log Prob: 532.4796904406975 Prob: 0.007823917306978566 Frac: 0.27844141069397044
Step: 4835 Walker: 45 Trial Log Prob: 520.8989158092814 Prob: 4.3956807740457045 Frac: 0.27858455148174777
Step: 4914 Walker: 23 Trial Log Prob: 503.5485979170559 Prob: 3.523053577769125e-8 Frac: 0.2793512219334871
Step: 4921 Walker: 16 Trial Log Prob: 496.3882326435323 Prob: 6.983876416676494e-8 Frac: 0.2791091920714037
Step: 4935 Walker: 64 Trial Log Prob: 532.0342103953674 Prob: 0.09868579393875128 Frac: 0.2792024417377414
Number of steps: 5000 Acceptance Rate: 0.28001333333333334
Step: 5137 Walker: 18 Trial Log Prob: 529.6785312303322 Prob: 0.04197999085612165 Frac: 0.2966333920532394
Step: 5555 Walker: 15 Trial Log Prob: 528.6731218619465 Prob: 0.026708134835869028 Frac: 0.28856008661133165
Step: 5640 Walker: 68 Trial Log Prob: 517.885713213205 Prob: 0.03143963788935964 Frac: 0.28916717021232263
Step: 5731 Walker: 11 Trial Log Prob: 529.6606148679313 Prob: 0.019094824915860363 Frac: 0.289129124742061
Number of steps: 6000 Acceptance Rate: 0.28974666666666665
Step: 6014 Walker: 57 Trial Log Prob: -Inf Prob: 0.0 Frac: 0.2819767441860465
Step: 6317 Walker: 9 Trial Log Prob: -Inf Prob: 0.0 Frac: 0.28322577923995107
Step: 6416 Walker: 22 Trial Log Prob: 527.5205497089836 Prob: 0.3938813015830838 Frac: 0.28506758275275307
Step: 6548 Walker: 24 Trial Log Prob: 498.4284500172574 Prob: 1.5930487708844313e-11 Frac: 0.28485468586323665
Step: 6656 Walker: 27 Trial Log Prob: 531.4576429632671 Prob: 0.816632324903534 Frac: 0.2860107421875
Step: 6890 Walker: 39 Trial Log Prob: 526.1615344669705 Prob: 0.09685900300832172 Frac: 0.28437809155499594
Number of steps: 7000 Acceptance Rate: 0.28382666666666667
Step: 7132 Walker: 1 Trial Log Prob: 530.4002657978821 Prob: 0.9348806652201677 Frac: 0.27763077549358844
Step: 7186 Walker: 69 Trial Log Prob: -Inf Prob: 0.0 Frac: 0.2774670109007458
Step: 7222 Walker: 14 Trial Log Prob: 526.2429526186985 Prob: 0.266216823342094 Frac: 0.27994454156368676
Step: 7224 Walker: 66 Trial Log Prob: 529.0959988447212 Prob: 1.6460559633642007 Frac: 0.27967363468524803
Step: 7281 Walker: 70 Trial Log Prob: 524.813156306477 Prob: 0.35400517182751623 Frac: 0.280968201233982
Step: 7288 Walker: 16 Trial Log Prob: -Inf Prob: 0.0 Frac: 0.2809526020147625
Step: 7557 Walker: 34 Trial Log Prob: 466.79137850636914 Prob: 3.9081169838226794e-22 Frac: 0.2823117841568026
Step: 7743 Walker: 5 Trial Log Prob: 515.6389965640512 Prob: 0.9020460819330345 Frac: 0.2834067020034139
Step: 7847 Walker: 2 Trial Log Prob: 526.8270840337073 Prob: 0.02858486213984554 Frac: 0.28353716194918993
Step: 7853 Walker: 71 Trial Log Prob: 528.5589853749468 Prob: 2.1230973091413277 Frac: 0.28350346250644826
Step: 7916 Walker: 60 Trial Log Prob: 509.9744543137222 Prob: 0.011060354997066627 Frac: 0.28336609157749143
Step: 7932 Walker: 20 Trial Log Prob: 514.6200831699248 Prob: 0.06849177727292613 Frac: 0.28352781158279045
Number of steps: 8000 Acceptance Rate: 0.28218666666666664
Step: 8079 Walker: 57 Trial Log Prob: 525.5726602835874 Prob: 0.057679261404653015 Frac: 0.2806839343152192
Step: 8220 Walker: 42 Trial Log Prob: 529.064069641412 Prob: 0.8626892431022256 Frac: 0.28390113560454244
Step: 8239 Walker: 60 Trial Log Prob: 512.5016398714109 Prob: 0.0028512308992066334 Frac: 0.282356225572306
Step: 8456 Walker: 17 Trial Log Prob: 510.5040396104062 Prob: 0.04534129779766682 Frac: 0.2815886591295179
Step: 8543 Walker: 15 Trial Log Prob: 527.0616622877071 Prob: 4.069346546151009 Frac: 0.28274929300381163
Step: 8572 Walker: 14 Trial Log Prob: 527.9546581560471 Prob: 1.7444994781647876 Frac: 0.28287308293844393
Step: 8666 Walker: 70 Trial Log Prob: 528.6001577015543 Prob: 0.01519850052047231 Frac: 0.28463309640604667
Step: 8766 Walker: 55 Trial Log Prob: 515.613243688158 Prob: 0.008658332249080861 Frac: 0.2835800104475013
Step: 8931 Walker: 19 Trial Log Prob: 518.9059521569272 Prob: 0.25163984169317305 Frac: 0.28446731356333044
Number of steps: 9000 Acceptance Rate: 0.2853466666666667
Step: 9083 Walker: 38 Trial Log Prob: 517.4876292219435 Prob: 0.25985848575085974 Frac: 0.30413703943115705
Step: 9294 Walker: 37 Trial Log Prob: 529.901983003422 Prob: 2.3796310952547293 Frac: 0.2921588224604761
Step: 9571 Walker: 9 Trial Log Prob: 512.1870390286576 Prob: 0.0022915215538104198 Frac: 0.2868869711639655
Step: 9585 Walker: 6 Trial Log Prob: 529.2414057278629 Prob: 1.5233584080678884 Frac: 0.28692416563941014
Step: 9585 Walker: 40 Trial Log Prob: 493.63521511753936 Prob: 1.8568481618428153e-10 Frac: 0.2869753649635037
Step: 9674 Walker: 74 Trial Log Prob: 527.2396224715701 Prob: 1.1864034375667734 Frac: 0.2871669073572177
Step: 9741 Walker: 75 Trial Log Prob: 530.2355872230088 Prob: 0.712807088775598 Frac: 0.28606387764282504
Step: 9842 Walker: 24 Trial Log Prob: 501.2939123733108 Prob: 6.443249930159318e-5 Frac: 0.2854086435601198
Number of steps: 10000 Acceptance Rate: 0.2856533333333333
Step: 10257 Walker: 22 Trial Log Prob: 523.5483154277938 Prob: 1.0133214826675427 Frac: 0.284361668921028
Step: 10370 Walker: 63 Trial Log Prob: 524.9939163086077 Prob: 1.1245373660762692 Frac: 0.28102242411132744
Step: 10531 Walker: 56 Trial Log Prob: 530.7873671477228 Prob: 0.01623624923271535 Frac: 0.28101291262623723
Step: 10555 Walker: 15 Trial Log Prob: 530.4619520237617 Prob: 0.0711133844477355 Frac: 0.2812221821243835
Step: 10752 Walker: 56 Trial Log Prob: 519.5299080952802 Prob: 0.4445814391233466 Frac: 0.2828435111118994
Step: 10764 Walker: 61 Trial Log Prob: 526.714961872561 Prob: 1.5842225069898956 Frac: 0.2824773941277101
Step: 10928 Walker: 60 Trial Log Prob: 494.5521833033387 Prob: 2.0924874622206864e-7 Frac: 0.2823309621326435
Number of steps: 11000 Acceptance Rate: 0.28254666666666667
Step: 11039 Walker: 6 Trial Log Prob: 528.4696375506692 Prob: 1.853455974777501 Frac: 0.27310924369747897
Step: 11059 Walker: 14 Trial Log Prob: 527.8341172825483 Prob: 3.1302643013424167 Frac: 0.27176901924839597
Step: 11150 Walker: 41 Trial Log Prob: 521.7273027778176 Prob: 0.8011086123786478 Frac: 0.2788873038516405
Step: 11202 Walker: 8 Trial Log Prob: 526.5546426316395 Prob: 0.19677575965891628 Frac: 0.28422727574090034
Step: 11249 Walker: 38 Trial Log Prob: 522.0931469710223 Prob: 0.6478745484662202 Frac: 0.2852773902779268
Step: 11331 Walker: 55 Trial Log Prob: 529.8190416071585 Prob: 1.214050037785045 Frac: 0.28631324329772223
Step: 11397 Walker: 4 Trial Log Prob: -Inf Prob: 0.0 Frac: 0.28571909507137083
Step: 11412 Walker: 7 Trial Log Prob: 512.5645206119154 Prob: 0.016462184750877105 Frac: 0.2855474831344058
Step: 11498 Walker: 34 Trial Log Prob: 530.3096999031737 Prob: 0.222598233604998 Frac: 0.2838189176874213
Step: 11689 Walker: 40 Trial Log Prob: 522.0766490050067 Prob: 0.4246649159914663 Frac: 0.28468241673121614
Step: 11706 Walker: 18 Trial Log Prob: 521.1395472870809 Prob: 0.012226628506400513 Frac: 0.2853307621046263
Step: 11919 Walker: 50 Trial Log Prob: 528.1276160921194 Prob: 0.001332869381806975 Frac: 0.28679245283018867
Number of steps: 12000 Acceptance Rate: 0.2868133333333333
Step: 12178 Walker: 75 Trial Log Prob: 528.9133725407341 Prob: 0.2615735567205488 Frac: 0.29235955056179774
Step: 12366 Walker: 59 Trial Log Prob: 527.7648290844103 Prob: 3.0105028877043565 Frac: 0.29153605015673983
Step: 12446 Walker: 28 Trial Log Prob: 510.57055514559573 Prob: 7.341189728380294e-6 Frac: 0.29003382929676974
Step: 12556 Walker: 33 Trial Log Prob: 525.8448622144595 Prob: 6.462965184122417e-5 Frac: 0.2871237217341207
Step: 12642 Walker: 29 Trial Log Prob: 515.2611518560539 Prob: 0.06910743966932276 Frac: 0.28650424081157494
Step: 12937 Walker: 21 Trial Log Prob: 474.93828497997896 Prob: 1.195798245718935e-16 Frac: 0.2867518263767249
Number of steps: 13000 Acceptance Rate: 0.28584
Step: 13107 Walker: 30 Trial Log Prob: -Inf Prob: 0.0 Frac: 0.2800751879699248
Step: 13298 Walker: 53 Trial Log Prob: 514.0275598428385 Prob: 0.03914874549353492 Frac: 0.27620028663561447
Step: 13456 Walker: 69 Trial Log Prob: 508.8891050562074 Prob: 0.0015744098186760915 Frac: 0.2758671111890975
Step: 13711 Walker: 19 Trial Log Prob: 529.8458300826269 Prob: 0.0003554970480055271 Frac: 0.28066980795584673
Step: 13822 Walker: 40 Trial Log Prob: 525.4078104432657 Prob: 0.9993017309065843 Frac: 0.28027266087803293
Step: 13888 Walker: 38 Trial Log Prob: 530.0040184232023 Prob: 0.010865014067166274 Frac: 0.28038099244324927
Step: 13945 Walker: 40 Trial Log Prob: 522.372097821616 Prob: 0.6865434288584389 Frac: 0.28033596837944663
Step: 13998 Walker: 8 Trial Log Prob: 526.2218388428103 Prob: 9.913022825847197 Frac: 0.28137410908896404
Number of steps: 14000 Acceptance Rate: 0.28130666666666665
Step: 14064 Walker: 31 Trial Log Prob: 514.671058755283 Prob: 0.0006569067345344266 Frac: 0.2912111017661901
Step: 14130 Walker: 42 Trial Log Prob: 502.31487069812925 Prob: 1.2081391773356905e-5 Frac: 0.29011011629103634
Step: 14363 Walker: 21 Trial Log Prob: 524.6900826807348 Prob: 0.9581810053374163 Frac: 0.2881748923484598
Step: 14451 Walker: 20 Trial Log Prob: 528.4936554007803 Prob: 0.010847878882169074 Frac: 0.28637844240450105
Step: 14904 Walker: 36 Trial Log Prob: 527.4629396216178 Prob: 0.0009814270932214464 Frac: 0.28417526305692065
Number of steps: 15000 Acceptance Rate: 0.2833733333333333
Burn-in Number (ends): 2013
Independent Sample Size: 2214.067918479997
Saved in MCMC/fromEMB/p3_mcmc80.0s30.0yrs.jld2
722.666257 seconds (47.40 M allocations: 118.810 GiB, 6.34% gc time)
