args = ["Hppp", "90", "30", "full", "fromEMB", "15000"]
FITS/fromEMB/p2_fit90.0s30.0yrs.jld2 loaded.
Previous model params: [3.2468047704125336e-6, 224.70078730443944, 3503.765189485126, 0.024323470783452622, 0.02385916873688361, 3.1716765210961373e-6, 365.256432583151, 3624.402410373591, 0.03545404694181619, 0.021484190500691586]
Finished 3-planet fit w/ fixed period: [2.5227626772577405e-6, 224.70078900596582, 3503.765128990492, -0.04721354512242961, 0.017903428527645482, 2.751546832153709e-6, 365.25647100573167, 3624.4017928120375, -0.02169792763251747, 0.01744196079628562, 0.0008603853822039349, 3871.649999999999, 1114.7231412824488, 0.051091654732628944, -0.04986607946517227] in 20 iterations
Finished global 3-planet fit.
New 3-planet chi-square: 68.9282324548155
Maximum: -165.08956830434883 Param: [2.547069894624137e-6, 224.70079014348207, 3503.765088761555, -0.04321120678716585, 0.022464367580941152, 2.7762636961327305e-6, 365.25646785008803, 3624.4018011801636, -0.018656298221983496, 0.021490172805659912, 0.0008499525554007321, 4003.2983128640744, 868.346950389574, 0.042119668253381246, -0.05149418602668523]
 64.125316 seconds (56.16 M allocations: 2.825 GiB, 4.05% gc time)
15 parameters from fit: [2.547069894624137e-6, 224.70079014348207, 3503.765088761555, -0.04321120678716585, 0.022464367580941152, 2.7762636961327305e-6, 365.25646785008803, 3624.4018011801636, -0.018656298221983496, 0.021490172805659912, 0.0008499525554007321, 4003.2983128640744, 868.346950389574, 0.042119668253381246, -0.05149418602668523]
Step: 54 Walker: 63 Trial Log Prob: -Inf Prob: 0.0 Frac: 0.3323427439326399
Step: 126 Walker: 54 Trial Log Prob: 521.5775471169567 Prob: 0.10370407441795172 Frac: 0.3223035316576519
Step: 178 Walker: 73 Trial Log Prob: 520.2356162790103 Prob: 0.491360092926618 Frac: 0.32124662870842075
Step: 191 Walker: 50 Trial Log Prob: 444.706209865678 Prob: 2.1626915186725194e-23 Frac: 0.32314685314685315
Step: 584 Walker: 65 Trial Log Prob: 520.2336468024962 Prob: 0.05959274927318325 Frac: 0.31630509248686917
Step: 693 Walker: 9 Trial Log Prob: 517.9479182440858 Prob: 0.5713886150023652 Frac: 0.31331753645803234
Step: 786 Walker: 61 Trial Log Prob: 518.9199185071352 Prob: 0.001547444523901463 Frac: 0.3099463825166282
Step: 897 Walker: 12 Trial Log Prob: 523.6063727535519 Prob: 0.2595681653334772 Frac: 0.30796583943343453
Step: 957 Walker: 44 Trial Log Prob: 520.476530332512 Prob: 0.037151893761137096 Frac: 0.306046498661909
Number of steps: 1000 Acceptance Rate: 0.3043866666666667
Step: 1079 Walker: 23 Trial Log Prob: 501.1776269311617 Prob: 0.0001708708527947562 Frac: 0.28230887110505704
Step: 1082 Walker: 20 Trial Log Prob: 514.9012864331111 Prob: 1.0944622931674624 Frac: 0.2830188679245283
Step: 1185 Walker: 74 Trial Log Prob: 518.2792331116405 Prob: 2.8343653680280196 Frac: 0.28420066311085485
Step: 1367 Walker: 47 Trial Log Prob: 494.6460523238049 Prob: 0.00038020301808204315 Frac: 0.2868312906862567
Step: 1458 Walker: 40 Trial Log Prob: 513.0417162081818 Prob: 0.8432400027770874 Frac: 0.28468599737724026
Step: 1474 Walker: 51 Trial Log Prob: 504.0743673204103 Prob: 0.0006140391984613645 Frac: 0.2850306817542082
Step: 1875 Walker: 3 Trial Log Prob: 501.9128219336097 Prob: 0.006818018265933129 Frac: 0.284807712843043
Step: 1894 Walker: 75 Trial Log Prob: 511.378379749222 Prob: 0.3118539119846572 Frac: 0.2845339299030574
Step: 1996 Walker: 32 Trial Log Prob: 513.1939461232546 Prob: 0.10375203620874336 Frac: 0.2848359832299717
Number of steps: 2000 Acceptance Rate: 0.2848
Step: 2051 Walker: 4 Trial Log Prob: 509.18107031858796 Prob: 0.6886327899996845 Frac: 0.2938199254128929
Step: 2077 Walker: 51 Trial Log Prob: 521.4956218917303 Prob: 0.004033024416493251 Frac: 0.2886454529647018
Step: 2174 Walker: 7 Trial Log Prob: 500.1490820500975 Prob: 0.00126317641750192 Frac: 0.2849329841318749
Step: 2196 Walker: 71 Trial Log Prob: 512.9547388707541 Prob: 0.947065853263371 Frac: 0.2857240065323898
Step: 2284 Walker: 45 Trial Log Prob: 514.9321933132973 Prob: 0.07827404411311568 Frac: 0.28185237423601317
Step: 2292 Walker: 67 Trial Log Prob: -Inf Prob: 0.0 Frac: 0.28142700529873926
Step: 2439 Walker: 55 Trial Log Prob: 513.0265671016423 Prob: 0.9228848094959353 Frac: 0.28323962923567847
Step: 2447 Walker: 24 Trial Log Prob: 519.4688134693259 Prob: 1.3129758283524278 Frac: 0.28308537969767583
Step: 2598 Walker: 20 Trial Log Prob: 509.9958679150375 Prob: 0.059907022743375775 Frac: 0.28139301261301486
Step: 2705 Walker: 20 Trial Log Prob: 511.7398369534327 Prob: 0.12582710383410603 Frac: 0.280064369556986
Step: 2968 Walker: 30 Trial Log Prob: 516.491011683019 Prob: 0.8359134516101594 Frac: 0.28020122665564057
Number of steps: 3000 Acceptance Rate: 0.28012
Step: 3115 Walker: 54 Trial Log Prob: 514.9502755982071 Prob: 0.991711662309704 Frac: 0.296373779637378
Step: 3126 Walker: 17 Trial Log Prob: -Inf Prob: 0.0 Frac: 0.29844548551959116
Step: 3423 Walker: 3 Trial Log Prob: 498.3786560362439 Prob: 0.00013104465904284672 Frac: 0.2844596088838341
Step: 3623 Walker: 27 Trial Log Prob: 479.7682423204176 Prob: 8.506774877368524e-11 Frac: 0.283223000621291
Step: 3638 Walker: 31 Trial Log Prob: 517.8847892163573 Prob: 0.014970440749373303 Frac: 0.28264234614901895
Step: 3729 Walker: 56 Trial Log Prob: 508.357726273064 Prob: 0.1701720294860312 Frac: 0.2821282201405152
Step: 3744 Walker: 32 Trial Log Prob: 505.83332906360476 Prob: 0.03901111981038305 Frac: 0.28224258837455385
Step: 3892 Walker: 63 Trial Log Prob: 518.7430457101086 Prob: 0.02839940308658141 Frac: 0.28250209305107044
Step: 3900 Walker: 9 Trial Log Prob: 506.9912349107839 Prob: 0.1389393790177477 Frac: 0.282839517157517
Number of steps: 4000 Acceptance Rate: 0.28312
Step: 4132 Walker: 31 Trial Log Prob: 515.8150978885385 Prob: 4.662228262833893 Frac: 0.29931006493506496
Step: 4184 Walker: 59 Trial Log Prob: 518.7735969254079 Prob: 0.0013358450034222365 Frac: 0.3003482298316889
Step: 4339 Walker: 24 Trial Log Prob: 518.1439855978751 Prob: 17.333084420438112 Frac: 0.29561756128320327
Step: 4567 Walker: 11 Trial Log Prob: 521.2446392265812 Prob: 0.012927667622708102 Frac: 0.28904170886225006
Step: 4906 Walker: 59 Trial Log Prob: 500.97109869786766 Prob: 0.001610725667744114 Frac: 0.2878381958960167
Number of steps: 5000 Acceptance Rate: 0.2875333333333333
Step: 5117 Walker: 31 Trial Log Prob: 517.4294931278313 Prob: 5.977104789909347 Frac: 0.2874813881571412
Step: 5695 Walker: 30 Trial Log Prob: -Inf Prob: 0.0 Frac: 0.2874615975422427
Step: 5736 Walker: 37 Trial Log Prob: -Inf Prob: 0.0 Frac: 0.28706355824661905
Step: 5782 Walker: 51 Trial Log Prob: 516.3473675671634 Prob: 1.2825220718812318 Frac: 0.28593115682461706
Step: 5864 Walker: 33 Trial Log Prob: 516.9390514312685 Prob: 0.0900549904917294 Frac: 0.28501497884431265
Step: 5987 Walker: 70 Trial Log Prob: 490.3266226180697 Prob: 2.6861674260050127e-6 Frac: 0.28627398000540394
Number of steps: 6000 Acceptance Rate: 0.2860933333333333
Step: 6081 Walker: 19 Trial Log Prob: -Inf Prob: 0.0 Frac: 0.27679016447914934
Step: 6113 Walker: 58 Trial Log Prob: 504.57749644882267 Prob: 0.00040912716561063226 Frac: 0.27760699929061244
Step: 6200 Walker: 50 Trial Log Prob: 519.879686559202 Prob: 0.006176660611598512 Frac: 0.2809348914858097
Step: 6266 Walker: 5 Trial Log Prob: -Inf Prob: 0.0 Frac: 0.2774647887323944
Step: 6375 Walker: 27 Trial Log Prob: -Inf Prob: 0.0 Frac: 0.2826512804074509
Step: 6452 Walker: 32 Trial Log Prob: 505.9626097505886 Prob: 0.0009553887803739862 Frac: 0.28319106831674395
Step: 6549 Walker: 15 Trial Log Prob: 518.5582943767632 Prob: 0.42222535602450606 Frac: 0.28254894807247966
Step: 6786 Walker: 39 Trial Log Prob: -Inf Prob: 0.0 Frac: 0.2802729402179448
Step: 6819 Walker: 62 Trial Log Prob: 517.6799267085834 Prob: 10.438153868984786 Frac: 0.2802058229661955
Number of steps: 7000 Acceptance Rate: 0.2805066666666667
Step: 7191 Walker: 24 Trial Log Prob: 512.0752336688865 Prob: 1.2413047629372544 Frac: 0.2816309373686423
Step: 7204 Walker: 72 Trial Log Prob: 504.58917452837596 Prob: 0.5782401163106354 Frac: 0.2817545924037393
Step: 7398 Walker: 1 Trial Log Prob: 514.1310118182358 Prob: 0.2108001791433224 Frac: 0.2813003761418592
Step: 7499 Walker: 59 Trial Log Prob: 521.6760095843465 Prob: 0.00020953022167432024 Frac: 0.27985244192573977
Step: 7512 Walker: 40 Trial Log Prob: 502.34053775140126 Prob: 0.0004746739979461778 Frac: 0.2794213475824319
Step: 7555 Walker: 44 Trial Log Prob: -Inf Prob: 0.0 Frac: 0.28042506130691924
Step: 7590 Walker: 55 Trial Log Prob: 507.4500936317827 Prob: 0.008675911595427278 Frac: 0.27976486547592133
Step: 7596 Walker: 32 Trial Log Prob: 517.4091814113974 Prob: 1.3824211824962283 Frac: 0.27968739503325346
Step: 7626 Walker: 17 Trial Log Prob: 517.30424616841 Prob: 1.000048408656604 Frac: 0.27994114134607184
Step: 7647 Walker: 63 Trial Log Prob: 512.526775114466 Prob: 0.44019912273899897 Frac: 0.2803578422278564
Step: 7945 Walker: 59 Trial Log Prob: 520.4554682826673 Prob: 0.0261281647276115 Frac: 0.2802607996161391
Number of steps: 8000 Acceptance Rate: 0.28018666666666664
Step: 8078 Walker: 20 Trial Log Prob: 517.9757035368884 Prob: 0.6861317265908665 Frac: 0.2804141501294219
Step: 8088 Walker: 46 Trial Log Prob: 519.2411854203426 Prob: 0.333388034998275 Frac: 0.2791051590321108
Step: 8318 Walker: 31 Trial Log Prob: 523.3927949956973 Prob: 0.010625169969799507 Frac: 0.2806855414601361
Step: 8362 Walker: 7 Trial Log Prob: 508.3032333183294 Prob: 0.39280070992447486 Frac: 0.281810796839229
Step: 8377 Walker: 28 Trial Log Prob: 512.282734626806 Prob: 0.30138802591625036 Frac: 0.28216664304945444
Step: 8383 Walker: 69 Trial Log Prob: 522.8183813283223 Prob: 0.4464802790328855 Frac: 0.28214770709286535
Step: 8455 Walker: 23 Trial Log Prob: 519.5775659286194 Prob: 0.11997493700528383 Frac: 0.28057406157368003
Step: 8518 Walker: 37 Trial Log Prob: 520.8956519020146 Prob: 0.07900569002395205 Frac: 0.27937235906420693
Step: 8519 Walker: 70 Trial Log Prob: 520.2309535151832 Prob: 0.11405775446400199 Frac: 0.27929085303186024
Step: 8607 Walker: 26 Trial Log Prob: 519.3363642600882 Prob: 0.03377559389295537 Frac: 0.27841059020142495
Step: 8796 Walker: 67 Trial Log Prob: 518.5019682874118 Prob: 0.26783632861993756 Frac: 0.2776083897339677
Step: 8813 Walker: 36 Trial Log Prob: 516.5701364334104 Prob: 2.1720330457971397 Frac: 0.27753708809242483
Step: 8860 Walker: 2 Trial Log Prob: 494.2665179087426 Prob: 5.287016562027057e-7 Frac: 0.2776941344467382
Step: 8950 Walker: 28 Trial Log Prob: -Inf Prob: 0.0 Frac: 0.2781483926239063
Number of steps: 9000 Acceptance Rate: 0.2775066666666667
Step: 9244 Walker: 19 Trial Log Prob: 504.5760329195798 Prob: 0.0004221715615795093 Frac: 0.27795439596579696
Step: 9279 Walker: 24 Trial Log Prob: -Inf Prob: 0.0 Frac: 0.2768994921912427
Step: 9287 Walker: 59 Trial Log Prob: 520.2395935801519 Prob: 0.1386130088795876 Frac: 0.2767213724487424
Step: 9364 Walker: 24 Trial Log Prob: 517.1966649769213 Prob: 0.10293319967279076 Frac: 0.2750559653565268
Step: 9477 Walker: 11 Trial Log Prob: 515.3820314769257 Prob: 0.0008294491167181566 Frac: 0.27610540169695613
Step: 9537 Walker: 15 Trial Log Prob: 513.6562603143335 Prob: 0.9426220777411525 Frac: 0.2771105308964317
Step: 9543 Walker: 35 Trial Log Prob: 520.9342422888427 Prob: 0.4705033017334081 Frac: 0.2772029003318176
Step: 9780 Walker: 23 Trial Log Prob: 500.4258985677902 Prob: 0.001404925537996152 Frac: 0.27619422392554066
Number of steps: 10000 Acceptance Rate: 0.27854666666666666
Step: 10055 Walker: 46 Trial Log Prob: -Inf Prob: 0.0 Frac: 0.279541015625
Step: 10153 Walker: 19 Trial Log Prob: -Inf Prob: 0.0 Frac: 0.2838252036080217
Step: 10249 Walker: 57 Trial Log Prob: 522.5341322480291 Prob: 0.07629630232045789 Frac: 0.2861660502760358
Step: 10621 Walker: 67 Trial Log Prob: -Inf Prob: 0.0 Frac: 0.2811003500332854
Step: 10745 Walker: 36 Trial Log Prob: 515.2482947355418 Prob: 6.013856666434549 Frac: 0.28112687155240346
Number of steps: 11000 Acceptance Rate: 0.28301333333333334
Step: 11111 Walker: 62 Trial Log Prob: 494.6078197521008 Prob: 1.748592845534e-5 Frac: 0.2848893166506256
Step: 11124 Walker: 28 Trial Log Prob: 518.8905217236418 Prob: 2.66716261361511 Frac: 0.2832594834107857
Step: 11360 Walker: 40 Trial Log Prob: -Inf Prob: 0.0 Frac: 0.28689041349898015
Step: 11521 Walker: 52 Trial Log Prob: 517.094718892975 Prob: 1.1455083948725515 Frac: 0.289229744955444
Step: 11617 Walker: 17 Trial Log Prob: 490.62142451207865 Prob: 2.3138214896645253e-7 Frac: 0.2866694073609278
Step: 11657 Walker: 62 Trial Log Prob: 513.8997849878731 Prob: 0.4375659465712268 Frac: 0.28573748528277376
Step: 11688 Walker: 32 Trial Log Prob: -Inf Prob: 0.0 Frac: 0.2852183020734333
Step: 11851 Walker: 39 Trial Log Prob: 521.4061315556236 Prob: 0.0406959192178413 Frac: 0.28446910909404444
Number of steps: 12000 Acceptance Rate: 0.28396
Step: 12404 Walker: 20 Trial Log Prob: -Inf Prob: 0.0 Frac: 0.2780624896677137
Step: 12685 Walker: 12 Trial Log Prob: -Inf Prob: 0.0 Frac: 0.27940832553788586
Step: 12689 Walker: 37 Trial Log Prob: 518.6548637279833 Prob: 0.7052697008676493 Frac: 0.27941204949938997
Step: 12704 Walker: 24 Trial Log Prob: 512.5328585722573 Prob: 0.6570585637999024 Frac: 0.2795692809342357
Step: 12724 Walker: 64 Trial Log Prob: 515.8918145987302 Prob: 0.575433867355389 Frac: 0.2801488330969441
Step: 12761 Walker: 41 Trial Log Prob: 521.7461896504587 Prob: 1.0006228472609546 Frac: 0.2806402412299925
Step: 12833 Walker: 46 Trial Log Prob: 522.3667034704354 Prob: 0.07707840129805821 Frac: 0.2808666688018448
Number of steps: 13000 Acceptance Rate: 0.28242666666666666
Step: 13387 Walker: 41 Trial Log Prob: -Inf Prob: 0.0 Frac: 0.2833293090959263
Step: 13484 Walker: 7 Trial Log Prob: 492.68952012997516 Prob: 4.586627082098193e-7 Frac: 0.2830370942812983
Step: 13502 Walker: 37 Trial Log Prob: 517.6586757809971 Prob: 0.17076107714153047 Frac: 0.28302137615654577
Step: 13664 Walker: 39 Trial Log Prob: 470.8301565574188 Prob: 1.5510780085971017e-15 Frac: 0.2836387750180854
Step: 13882 Walker: 40 Trial Log Prob: -Inf Prob: 0.0 Frac: 0.2849277773576344
Number of steps: 14000 Acceptance Rate: 0.28424
Step: 14078 Walker: 35 Trial Log Prob: -Inf Prob: 0.0 Frac: 0.28141135972461273
Step: 14242 Walker: 46 Trial Log Prob: 497.04455934611 Prob: 6.664347899463934e-6 Frac: 0.2816069753324872
Step: 14357 Walker: 18 Trial Log Prob: 521.6505680116809 Prob: 1.0961072340269684 Frac: 0.2791002320532974
Step: 14479 Walker: 34 Trial Log Prob: 513.8886507575835 Prob: 3.6243594120245866 Frac: 0.28257719317801805
Step: 14628 Walker: 45 Trial Log Prob: 499.5355224164556 Prob: 0.00014991027221803648 Frac: 0.2843424686636924
Step: 14685 Walker: 65 Trial Log Prob: 517.6442860118445 Prob: 0.043316134654207 Frac: 0.28488270222914436
Step: 14689 Walker: 5 Trial Log Prob: 520.1271086708422 Prob: 0.6954386891481653 Frac: 0.284565449084391
Step: 14805 Walker: 72 Trial Log Prob: -Inf Prob: 0.0 Frac: 0.2855959716424833
Step: 14921 Walker: 11 Trial Log Prob: 523.4919893862834 Prob: 0.05007784312746256 Frac: 0.2851139673385402
Step: 14969 Walker: 39 Trial Log Prob: 512.1584558696575 Prob: 0.040725455956780655 Frac: 0.2852324508872644
Number of steps: 15000 Acceptance Rate: 0.2856
Burn-in Number (ends): 2316
Independent Sample Size: 1937.430259548338
Saved in MCMC/fromEMB/p3_mcmc90.0s30.0yrs.jld2
725.434723 seconds (47.36 M allocations: 124.754 GiB, 5.89% gc time)
