
signal (2): Interrupt: 2
in expression starting at /Users/bethleelindor/work/washington/ttv_project/ttv_ss/full_run.jl:26
macro expansion at ./array.jl:782 [inlined]
macro expansion at ./simdloop.jl:77 [inlined]
copyto! at ./broadcast.jl:908 [inlined]
copyto! at ./broadcast.jl:863 [inlined]
materialize! at ./broadcast.jl:822 [inlined]
MCMC at /Users/bethleelindor/work/washington/ttv_project/ttv_ss/MCMC.jl:104
run_mcmc at ./util.jl:155
unknown function (ip: 0x14846116c)
jl_apply at /Users/bethleelindor/julia/src/./julia.h:1631 [inlined]
do_call at /Users/bethleelindor/julia/src/interpreter.c:328
eval_stmt_value at /Users/bethleelindor/julia/src/interpreter.c:368 [inlined]
eval_body at /Users/bethleelindor/julia/src/interpreter.c:764
jl_interpret_toplevel_thunk_callback at /Users/bethleelindor/julia/src/interpreter.c:888
unknown function (ip: 0xfffffffffffffffe)
unknown function (ip: 0x119a5d68f)
unknown function (ip: 0x1b)
jl_interpret_toplevel_thunk at /Users/bethleelindor/julia/src/interpreter.c:897
jl_toplevel_eval_flex at /Users/bethleelindor/julia/src/toplevel.c:814
jl_parse_eval_all at /Users/bethleelindor/julia/src/ast.c:873
jl_load at /Users/bethleelindor/julia/src/toplevel.c:878 [inlined]
jl_load_ at /Users/bethleelindor/julia/src/toplevel.c:885
include at ./boot.jl:328 [inlined]
include_relative at ./loading.jl:1105
include at ./Base.jl:31
exec_options at ./client.jl:287
_start at ./client.jl:460
jfptr__start_2084 at /Users/bethleelindor/julia/usr/lib/julia/sys.dylib (unknown line)
true_main at /Users/bethleelindor/julia/julia (unknown line)
main at /Users/bethleelindor/julia/julia (unknown line)
unknown function (ip: 0xffffffffffffffff)
Allocations: 81267611711 (Pool: 81267507962; Big: 103749); GC: 251259
args = ["full", "180.0", "10", "ppp"]
Initial parameters: [3.0e-6, 224.70085140053743, 2.433503764827261e6, 0.01, 0.01, 3.0e-6, 365.25605446613196, 2.433624402545155e6, 0.01, 0.01]
Initial chi-square: 35.74006137886222
Finished 2-planet fit: [2.482931643281521e-6, 224.700821556844, 2.4335037651817286e6, -0.05110086124872786, -0.052360438863288304, 1.506295033273421e-6, 365.2561742006873, 2.433624401610011e6, -0.07484555848226442, -0.041368407119048003]
Period: 4163.799999999999 log Prob: -39.91175731975104 Param: [1.7422917598820363e-6, 224.70110536984117, 2.433503762871668e6, -0.032747563054560946, -0.040263211681087895, 1.5736984774514516e-6, 365.25750751481365, 2.4336243951833835e6, -0.06586897743223562, -0.0424154620172721, 0.0010030221939179163, 4163.799999999999, 2.4403734406040865e6, -0.12333760184378692, 0.23103141908613284]
Period: 4165.047201931268 log Prob: -39.911018010517 Param: [1.7418169296733248e-6, 224.7011060275622, 2.4335037628662367e6, -0.032721096509926564, -0.040310963379162214, 1.5744468816911535e-6, 365.25751037598195, 2.4336243951695133e6, -0.06582673699421626, -0.0424501606010693, 0.0010030477648335354, 4165.047201931268, 2.4362098691016654e6, -0.12415355094476666, 0.23140419688675748]
Period: 4166.2947774425975 log Prob: -39.9102808136538 Param: [1.7416189313501094e-6, 224.70110644388703, 2.433503762862724e6, -0.032555886874998795, -0.04006839325287967, 1.5744059662033984e-6, 365.25751268590045, 2.433624395158286e6, -0.06570550525619799, -0.04225634882451559, 0.0010077516955218524, 4166.2947774425975, 2.43620982824805e6, -0.12327327583993486, 0.23089713332424203]
Period: 4167.542726645893 log Prob: -39.90954090866873 Param: [1.7444338168278314e-6, 224.70110727137924, 2.4335037628558306e6, -0.03226603659394577, -0.04021103594670128, 1.575425398164906e-6, 365.257516538751, 2.4336243951391075e6, -0.06540664782227573, -0.04233217156416274, 0.001012006554948704, 4167.542726645893, 2.4403756885808245e6, -0.12327907649230263, 0.2300777277045794]
Period: 4168.7910496530785 log Prob: -39.908803919198384 Param: [1.7459064152425686e-6, 224.70110744592822, 2.4335037628542962e6, -0.03203142127595644, -0.0397032731130679, 1.57690078002877e-6, 365.25751797109956, 2.4336243951321403e6, -0.06515360458267984, -0.04191346805665427, 0.0010204275711739666, 4168.7910496530785, 2.4362068802569374e6, -0.1213988163714437, 0.22862836680807874]
Period: 4170.039746576126 log Prob: -39.90806333278664 Param: [1.7472847939657395e-6, 224.70110841740618, 2.4335037628461104e6, -0.03159925809252432, -0.039888678015009754, 1.576507931081604e-6, 365.25752248611366, 2.433624395109879e6, -0.06480685866695342, -0.042045352934880535, 0.0010235189800906358, 4170.039746576126, 2.4362055183559232e6, -0.1218072556112283, 0.22819536842477425]
Period: 4171.2888175270355 log Prob: -39.90732095679849 Param: [1.7478354740945725e-6, 224.70110890847857, 2.433503762842048e6, -0.03155610828806397, -0.03979082084463222, 1.5776379536355903e-6, 365.25752481507277, 2.433624395098548e6, -0.0647277870210917, -0.041956396319564604, 0.001025916227681871, 4171.2888175270355, 2.436205354455541e6, -0.12180421942981746, 0.22803995145516345]
Period: 4172.538262617846 log Prob: -39.90658175889272 Param: [1.7503969478069076e-6, 224.7011094610871, 2.4335037628373303e6, -0.031057620853910135, -0.03943314229355045, 1.5781196150594698e-6, 365.2575282657867, 2.4336243950812686e6, -0.06429333875025622, -0.0416380928480872, 0.0010382058843552797, 4172.538262617846, 2.4362026139763463e6, -0.11946959351394724, 0.22572103654018286]
Period: 4173.788081960618 log Prob: -39.905834836368875 Param: [1.7500268510809677e-6, 224.70111007266408, 2.433503762832274e6, -0.030992856663702426, -0.03943141884358323, 1.5787096736561071e-6, 365.25753102714884, 2.433624395068021e6, -0.06422190605246879, -0.04163876277449906, 0.0010389080442201985, 4173.788081960618, 2.436202835856164e6, -0.12000912745325971, 0.22599218842428054]
Period: 4175.038275667455 log Prob: -39.90509167649845 Param: [1.7496070302294553e-6, 224.70111048581578, 2.4335037628288534e6, -0.031101541169250332, -0.03960602009579806, 1.578758939191162e-6, 365.2575325794603, 2.433624395060554e6, -0.06431186455363481, -0.0417702698062604, 0.0010368326944262287, 4175.038275667455, 2.436203944889503e6, -0.12085351983072556, 0.22668143596844612]
Period: 4176.288843850493 log Prob: -39.90434911411128 Param: [1.7510452573240926e-6, 224.70111110082456, 2.4335037628236227e6, -0.030650876963880223, -0.038979604968926086, 1.579730587575178e-6, 365.2575366331431, 2.433624395040594e6, -0.0639091172269112, -0.04126661177051688, 0.0010506086793924474, 4176.288843850493, 2.436202045080947e6, -0.11808748568996288, 0.2245912296207671]
Period: 4177.539786621901 log Prob: -39.90360156135687 Param: [1.751349355576057e-6, 224.7011117507096, 2.433503762818204e6, -0.03060501432190225, -0.03935554588879914, 1.5795246613769822e-6, 365.25753899424086, 2.4336243950289683e6, -0.0638695526387991, -0.04154116320534726, 0.0010475536098716062, 4177.539786621901, 2.440379490096659e6, -0.1197107572568182, 0.22515359953437275]
Period: 4178.791104093885 log Prob: -39.90285409391346 Param: [1.7526015695451064e-6, 224.70111235397792, 2.433503762813178e6, -0.030366727476677246, -0.03918129617764718, 1.58046701625759e-6, 365.2575421975149, 2.433624395013332e6, -0.06363632503172816, -0.04139149869851105, 0.001053503580555368, 4178.791104093885, 2.4362011415136796e6, -0.11890502997772202, 0.22440114650324958]
Period: 4180.0427963786715 log Prob: -39.902112312590475 Param: [1.7515348921507107e-6, 224.7011127771194, 2.433503762809708e6, -0.030372419967709736, -0.038958106548228795, 1.5807785702216054e-6, 365.257544522977, 2.4336243950022487e6, -0.06364693055306606, -0.04122237415413181, 0.0010570605334351859, 4180.0427963786715, 2.4362018804562693e6, -0.11834525060198059, 0.224334702840796]
Period: 4181.294863588536 log Prob: -39.901364743927424 Param: [1.7581257373291606e-6, 224.70111327183778, 2.4335037628053552e6, -0.029609563658369042, -0.03861842932541597, 1.5825857090200542e-6, 365.2575477549475, 2.4336243949856926e6, -0.06290841819524037, -0.040880654459077265, 0.0010720151628204819, 4181.294863588536, 2.436197085047171e6, -0.11581167248829005, 0.22114824709927172]
Period: 4182.547305835779 log Prob: -39.90061448937967 Param: [1.7585506232023698e-6, 224.70111398774748, 2.433503762799403e6, -0.02949047290905004, -0.0387538683940278, 1.583014633178315e-6, 365.25755081404367, 2.43362439497074e6, -0.06279111703975272, -0.04097713429949845, 0.0010721091476803505, 4182.547305835779, 2.436196810550464e6, -0.11661161079775544, 0.22135042949111386]
Period: 4183.800123232743 log Prob: -39.899865096204394 Param: [1.7590614122734405e-6, 224.70111444616626, 2.4335037627955223e6, -0.029262449548588632, -0.038349535376874966, 1.583991911200228e-6, 365.25755360083144, 2.4336243949571257e6, -0.062580367170833, -0.04064973940748734, 0.0010807613449035772, 4183.800123232743, 2.4403796054537543e6, -0.11510447134443529, 0.22015154950659233]
Period: 4185.053315891791 log Prob: -39.89911307839098 Param: [1.7569989619084913e-6, 224.70111523708664, 2.4335037627888946e6, -0.02939011659676443, -0.038649623030257936, 1.582865810906726e-6, 365.25755674258255, 2.4336243949419223e6, -0.06272769127008532, -0.040908707254562054, 0.0010762330318777598, 4185.053315891791, 2.4361976493979166e6, -0.1167534146388297, 0.22152057222517474]
Period: 4186.306883925328 log Prob: -39.8983621837195 Param: [1.7587507003077547e-6, 224.70111553885647, 2.4335037627864447e6, -0.02917126794365069, -0.038389410733171474, 1.5840980729555141e-6, 365.2575586413324, 2.433624394932749e6, -0.06250066891152484, -0.040672584043182955, 0.0010838247416319641, 4186.306883925328, 2.436196525368201e6, -0.11535774178886837, 0.22035396427765006]
Period: 4187.560827445794 log Prob: -39.897612402041105 Param: [1.7593465000372448e-6, 224.70111622887651, 2.43350376278063e6, -0.029110802627779556, -0.03849265123401101, 1.5846306337081575e-6, 365.257561569881, 2.4336243949182723e6, -0.06241772731067772, -0.040743016054829176, 0.0010840217677290877, 4187.560827445794, 2.4361963428845103e6, -0.11612647882932917, 0.2205208041375263]
Period: 4188.815146565664 log Prob: -39.896858281499696 Param: [1.7620284932916014e-6, 224.701116928021, 2.433503762774685e6, -0.028714497313940674, -0.03839770480187755, 1.5849119280284323e-6, 365.25756523036756, 2.4336243949000854e6, -0.06206414945236058, -0.040640644420022125, 0.0010914892564235109, 4188.815146565664, 2.436194627613652e6, -0.11521101208857441, 0.21932539440594287]
Period: 4190.069841397434 log Prob: -39.896107845048206 Param: [1.7637042066325078e-6, 224.7011172329329, 2.4335037627720777e6, -0.02826153968133131, -0.037917625134952095, 1.5860373091557785e-6, 365.2575675612954, 2.433624394888697e6, -0.06166244437208058, -0.04023058475022752, 0.00110370572804425, 4190.069841397434, 2.436191986842967e6, -0.11307194069228756, 0.21722016749071615]
Period: 4191.324912053648 log Prob: -39.89535171312685 Param: [1.7620777067217494e-6, 224.7011177889643, 2.4335037627675333e6, -0.028394586236700374, -0.03799790850559492, 1.5860048916691876e-6, 365.2575698902955, 2.4336243948774463e6, -0.06178242314086318, -0.04029441883831423, 0.0011023746555969376, 4191.324912053648, 2.436193421292004e6, -0.11371114178097935, 0.21797753261541192]
Period: 4192.580358646878 log Prob: -39.89459736404474 Param: [1.7640523224331445e-6, 224.70111844016594, 2.433503762761989e6, -0.02814071085944303, -0.037878879389724444, 1.5867684970812861e-6, 365.2575732617551, 2.433624394860837e6, -0.06153538679478515, -0.04018826721088518, 0.0011081678583778308, 4192.580358646878, 2.4361923252664693e6, -0.11317801951729509, 0.21719646598765918]
Period: 4193.836181289729 log Prob: -39.89384173149618 Param: [1.7654138624856908e-6, 224.70111920964024, 2.433503762755465e6, -0.027821626245312394, -0.037884279328066914, 1.5866774987279148e-6, 365.2575771151644, 2.433624394841742e6, -0.0612651998803521, -0.04017451413764872, 0.0011130956341079163, 4193.836181289729, 2.436191328395998e6, -0.11289532471022631, 0.2165728122004728]
Period: 4195.092380094847 log Prob: -39.89308574608674 Param: [1.764160895525828e-6, 224.70111968423507, 2.433503762751575e6, -0.027774432137544904, -0.03774146538601362, 1.5871371934017212e-6, 365.25757941684077, 2.4336243948308006e6, -0.06123037054493467, -0.040061626173224146, 0.0011164014341138997, 4195.092380094847, 2.436191261086166e6, -0.11265412017722212, 0.21636089781758056]
Period: 4196.348955174895 log Prob: -39.892334354958926 Param: [1.7667302752820162e-6, 224.7011200315235, 2.433503762748563e6, -0.027477913511073752, -0.03722715572130059, 1.588544975054048e-6, 365.2575821152799, 2.4336243948173616e6, -0.06092318264630496, -0.039628046209472544, 0.0011293428016801805, 4196.348955174895, 2.436189704239005e6, -0.1101631674289428, 0.21447571982307403]
Period: 4197.605906642587 log Prob: -39.891573746404845 Param: [1.7676521585813534e-6, 224.70112070282426, 2.4335037627429217e6, -0.027251254637860402, -0.0371958448378506, 1.5889927796159407e-6, 365.25758529336395, 2.433624394801711e6, -0.0607166039602785, -0.0395845061864904, 0.0011329784087046068, 4197.605906642587, 2.436188820077566e6, -0.11018792938105663, 0.21406214825923117]
Period: 4198.8632346106615 log Prob: -39.89081554181425 Param: [1.7694671781612546e-6, 224.7011216123451, 2.4335037627353473e6, -0.027071095547557926, -0.03759126825759258, 1.589657947544462e-6, 365.25758883275734, 2.433624394784206e6, -0.060528525681536674, -0.03986902349395909, 0.0011313385180356647, 4198.8632346106615, 2.4361877080896394e6, -0.11171180770661078, 0.2142474049415536]
Period: 4200.1209391919 log Prob: -39.89005272652857 Param: [1.771169897648397e-6, 224.70112200583682, 2.4335037627319526e6, -0.026838891187865945, -0.03720228304064595, 1.5902308787421508e-6, 365.2575914671799, 2.4336243947712583e6, -0.06030260399154406, -0.039547605637427194, 0.001141102438881593, 4200.1209391919, 2.4361869527269895e6, -0.10988948017405567, 0.21302514816367268]
Period: 4201.379020499101 log Prob: -39.8892935561898 Param: [1.7718186684681952e-6, 224.70112265613685, 2.4335037627264913e6, -0.02669669756146345, -0.03729948027694153, 1.590324879878782e-6, 365.25759446097794, 2.4336243947565802e6, -0.06017906784708183, -0.03961263208271447, 0.001142683346705737, 4201.379020499101, 2.4361866532681347e6, -0.11025831184055496, 0.2129673893651067]
Period: 4202.6374786451115 log Prob: -39.88853769809473 Param: [1.769876086863909e-6, 224.70112311470814, 2.433503762722696e6, -0.02669975344523861, -0.03731213385714708, 1.5899595616607892e-6, 365.2575963815895, 2.433624394747416e6, -0.06021604077053126, -0.03962012812574574, 0.0011427779447229502, 4202.6374786451115, 2.4361870099922344e6, -0.11075745760815214, 0.21321772802108294]
Period: 4203.896313742808 log Prob: -39.16583420744077 Param: [9.359020088312313e-6, 224.70127098942038, 2.4335037614614903e6, 0.19199398361771336, -0.09376746546163649, 1.7421280532870546e-6, 365.2580377974725, 2.433624392502596e6, 0.14670846389263087, -0.08018823518430541, -0.0005861363276560705, 4203.896313742808, 2.439755099057518e6, 0.7505235491332481, 0.5317608696221479]
Period: 4205.155525905101 log Prob: -39.88701297971109 Param: [1.7744952215391407e-6, 224.7011244397497, 2.4335037627115725e6, -0.02629302784386195, -0.03711502998174954, 1.5923156206321147e-6, 365.2576030530496, 2.433624394714347e6, -0.0597567864725206, -0.039411938626826744, 0.0011553061295756283, 4205.155525905101, 2.436185051300689e6, -0.10941007791775151, 0.21165828985851656]
Period: 4206.4151152449385 log Prob: -39.163291070499035 Param: [9.30351742303538e-6, 224.701270560898, 2.433503761465313e6, 0.19158797151589868, -0.0941848943723494, 1.7427545331991158e-6, 365.2580365033486, 2.4336243925107084e6, 0.1462757886509631, -0.08052276089929292, -0.0005848570079406052, 4206.4151152449385, 2.4397587242242983e6, 0.7511468994373988, 0.5324596568579919]
Period: 4207.675081875289 log Prob: -39.8854850751373 Param: [1.7770892536013281e-6, 224.70112568171422, 2.4335037627010527e6, -0.025759877272387793, -0.03669392756255048, 1.5931982239566897e-6, 365.25761005313745, 2.4336243946799333e6, -0.05927488128433858, -0.03904802546330441, 0.0011717844942829639, 4207.675081875289, 2.4361827511977227e6, -0.1073278543789369, 0.20959960818549556]
Period: 4208.935425909168 log Prob: -39.88471933474431 Param: [1.777919636216632e-6, 224.70112615072563, 2.433503762697067e6, -0.025521435544435978, -0.03659629735528645, 1.5934788619575423e-6, 365.2576123806502, 2.4336243946686047e6, -0.059068847733960164, -0.03895569995163271, 0.0011759979509664848, 4208.935425909168, 2.4361817903738557e6, -0.10705812535169457, 0.2090436590880451]
Period: 4210.196147459622 log Prob: -39.15944194255822 Param: [9.339786692387857e-6, 224.70127307960186, 2.433503761444722e6, 0.19196838929547916, -0.0940786267761631, 1.7454072593697841e-6, 365.25804678710546, 2.4336243924622005e6, 0.14666129490382282, -0.08042490171793637, -0.0005843098441322087, 4210.196147459622, 2.4397680066156727e6, 0.7558726512709806, 0.5363408063733702]
Period: 4211.457246639734 log Prob: -39.158199122751114 Param: [9.30593595863656e-6, 224.70127322064226, 2.4335037614435083e6, 0.19162483524495916, -0.09453956934107904, 1.74219250502092e-6, 365.2580480678222, 2.4336243924564095e6, 0.14629625754646086, -0.08079810964968084, -0.00058508874507189, 4211.457246639734, 2.4397683135498767e6, 0.7552884853188607, 0.5352750978029384]
Period: 4212.718723562609 log Prob: -39.88242514325749 Param: [1.7773330476856463e-6, 224.70112812261044, 2.4335037626805617e6, -0.025301825502659643, -0.036633679149430484, 1.5937303295978612e-6, 365.2576215196117, 2.4336243946239674e6, -0.0588892513710008, -0.03897260356678711, 0.00118207268599157, 4212.718723562609, 2.4361822847077562e6, -0.10754821278694048, 0.20916463067753163]
Period: 4213.980578341398 log Prob: -39.88165610223683 Param: [1.7802856714068983e-6, 224.7011286298563, 2.433503762676264e6, -0.0250105158384367, -0.036488571716687165, 1.5951864528111566e-6, 365.2576242610289, 2.433624394610399e6, -0.058572195774688154, -0.03882253265246629, 0.0011892396510264308, 4213.980578341398, 2.436180434194707e6, -0.10685669119516346, 0.20805184966075865]
Period: 4215.2428110892815 log Prob: -39.154390015359986 Param: [9.295477869860466e-6, 224.7012748224967, 2.433503761430475e6, 0.1916757066855608, -0.09467762639929231, 1.7421817201641226e-6, 365.2580552069633, 2.433624392423988e6, 0.14629733772373138, -0.08092266479850223, -0.0005863362192867944, 4215.2428110892815, 2.4397729591920893e6, 0.7567483126818426, 0.535742920075044]
Period: 4216.505421919474 log Prob: -39.15310139751174 Param: [9.348905793619952e-6, 224.70127677700503, 2.433503761414294e6, 0.19231896550951802, -0.09423876773020559, 1.7416811492075757e-6, 365.25806292372476, 2.4336243923876397e6, 0.14692028305335222, -0.08058258288726708, -0.0005873518473488912, 4216.505421919474, 2.4397765392253334e6, 0.7580727139235455, 0.5380697488306412]
Period: 4217.76841094523 log Prob: -39.152131773736095 Param: [9.214881088184538e-6, 224.70127477517494, 2.4335037614309513e6, 0.19082391785104624, -0.0953545239268816, 1.7366718184172737e-6, 365.25805626326934, 2.433624392420918e6, 0.14540283589774658, -0.08150360123307535, -0.0005896616930614884, 4217.76841094523, 2.4397700329176746e6, 0.7536561753464437, 0.5312024705279468]
Period: 4219.031778279823 log Prob: -39.15064152781767 Param: [9.380853301661567e-6, 224.70127767048564, 2.4335037614071863e6, 0.19269974678482987, -0.09364616250980203, 1.7489383367866817e-6, 365.25806588198003, 2.4336243923743637e6, 0.14733398463001485, -0.0800846794639727, -0.0005847029163124002, 4219.031778279823, 2.4397856535937386e6, 0.7615322724387558, 0.543631266423747]
Period: 4220.295524036573 log Prob: -39.149398852235 Param: [9.354677503010806e-6, 224.70127823566915, 2.4335037614026135e6, 0.19241502252289913, -0.09442745568347764, 1.7442449072569294e-6, 365.2580690309971, 2.4336243923596707e6, 0.14702328362876857, -0.08070999428362126, -0.0005854046946213575, 4220.295524036573, 2.4397857751890407e6, 0.7633445914370649, 0.5414287970826167]
Period: 4221.559648328831 log Prob: -39.14812402081087 Param: [9.319100409838503e-6, 224.70127811828573, 2.433503761403715e6, 0.19214340763205803, -0.09446349953069688, 1.7438075323921828e-6, 365.2580689063277, 2.43362439236182e6, 0.14672265935008388, -0.08076599316304119, -0.0005867110104086794, 4221.559648328831, 2.439785052134156e6, 0.7612269346572065, 0.5403843306974356]
Period: 4222.824151269986 log Prob: -39.146892263938184 Param: [9.329173159901023e-6, 224.7012791267037, 2.4335037613953343e6, 0.1923422523903562, -0.0946600828338357, 1.7425988785031492e-6, 365.25807335490555, 2.4336243923405344e6, 0.14689068746451223, -0.08091780424581835, -0.0005869280256769761, 4222.824151269986, 2.4397876937344545e6, 0.7626941249927977, 0.5411435730593189]
Period: 4224.0890329734475 log Prob: -39.14575732714264 Param: [9.412409585352092e-6, 224.7012803003976, 2.4335037613855847e6, 0.19313789696069664, -0.09313507482723735, 1.751535705929465e-6, 365.25807664405835, 2.433624392324761e6, 0.14775395696734692, -0.0796816113214965, -0.0005855850270186713, 4224.0890329734475, 2.439795031539406e6, 0.7637954257600398, 0.5475096303997634]
Period: 4225.354293552673 log Prob: -39.14456179707565 Param: [9.247981727177414e-6, 224.70127838046713, 2.4335037614017758e6, 0.19148551272051523, -0.09535260493018866, 1.7435193524807162e-6, 365.2580711089587, 2.433624392352581e6, 0.14602634447522359, -0.0814726399625061, -0.0005867046600542256, 4225.354293552673, 2.4397886920619053e6, 0.7626944551910806, 0.5390892783821118]
Period: 4226.619933121147 log Prob: -39.14320851653182 Param: [9.342103129149175e-6, 224.70128119401778, 2.4335037613785435e6, 0.19253784689131437, -0.094583297233178, 1.7444914358201993e-6, 365.2580819594226, 2.4336243923008437e6, 0.1470789329599626, -0.08085655575362091, -0.0005866001889576287, 4226.619933121147, 2.43979617754243e6, 0.7657648611994569, 0.5448238809169571]
Period: 4227.885951792397 log Prob: -39.14197549881711 Param: [9.342188786834647e-6, 224.7012815461474, 2.4335037613757146e6, 0.19254260601309744, -0.09444310564570135, 1.7454389853641589e-6, 365.2580833581472, 2.4336243922948735e6, 0.14708604492692312, -0.08074800342725409, -0.0005868813618018858, 4227.885951792397, 2.439797744702085e6, 0.7660638029768778, 0.5451493219106212]
Period: 4229.1523496799655 log Prob: -39.140811621698845 Param: [9.378848222597782e-6, 224.70128217712667, 2.433503761370491e6, 0.1929002082283578, -0.09365661565046983, 1.7504979672273457e-6, 365.25808523627455, 2.4336243922857633e6, 0.1474787353455256, -0.08010227058363772, -0.0005857726676852446, 4229.1523496799655, 2.439803015685348e6, 0.7671977815521029, 0.548958374343947]
Period: 4230.419126897447 log Prob: -39.13958583717216 Param: [9.322430254307398e-6, 224.70128247954247, 2.433503761368021e6, 0.1923946592863095, -0.09441264166443164, 1.7442566544697014e-6, 365.25808773364133, 2.433624392275159e6, 0.14690712728918956, -0.08074759018332962, -0.0005891318139760265, 4230.419126897447, 2.4397989789263024e6, 0.764535527541623, 0.5445618936490144]
Period: 4231.686283558465 log Prob: -39.138444872603955 Param: [9.265034628848944e-6, 224.70128149510455, 2.433503761376475e6, 0.19197128146892983, -0.09540095186449492, 1.7445326334138079e-6, 365.2580843457095, 2.4336243922924222e6, 0.14645093550581437, -0.08151491614783289, -0.000586446674609216, 4231.686283558465, 2.4398015184706626e6, 0.7674110309934847, 0.5441868669470918]
Period: 4232.953819776674 log Prob: -39.13715984351862 Param: [9.328439730530001e-6, 224.7012834356875, 2.4335037613604246e6, 0.19258109546675942, -0.09477800317596713, 1.7468138747447364e-6, 365.258091684438, 2.433624392256936e6, 0.14708614288915056, -0.08100619129307317, -0.000586037672821128, 4232.953819776674, 2.4398076006056927e6, 0.7701518942756298, 0.5482793518215048]
Period: 4234.221735665769 log Prob: -39.13593746069473 Param: [9.335012970286816e-6, 224.7012841997881, 2.433503761354191e6, 0.19268911138174935, -0.0945418750593482, 1.7468663091130654e-6, 365.2580947870958, 2.4336243922430538e6, 0.14718363372347393, -0.08083288866566057, -0.0005870271561504097, 4234.221735665769, 2.439808972177878e6, 0.7698794263672791, 0.548770259327021]
Period: 4235.490031339467 log Prob: -39.134796587926516 Param: [9.295941258423654e-6, 224.70128358048674, 2.4335037613595254e6, 0.19238762629875386, -0.0948491406005969, 1.749433859226064e-6, 365.25809260764936, 2.433624392254483e6, 0.14686793618973962, -0.08107539542418501, -0.0005859807161435337, 4235.490031339467, 2.439810696533848e6, 0.7701918182506589, 0.5489469828418094]
Period: 4236.758706911531 log Prob: -39.13366776819669 Param: [9.269074026116592e-6, 224.70128383362604, 2.4335037613574406e6, 0.19202669688522622, -0.09546258412746698, 1.7464019103854488e-6, 365.25809424477296, 2.433624392246665e6, 0.14650488379372528, -0.08155696277760262, -0.0005861511863178702, 4236.758706911531, 2.439811544729025e6, 0.7714756885517147, 0.5475684424070136]
Period: 4238.0277624957525 log Prob: -39.13248165266902 Param: [9.258059219611052e-6, 224.70128423958704, 2.43350376135407e6, 0.19192819913871503, -0.09520989084282164, 1.7453274842450195e-6, 365.25809604683855, 2.4336243922392046e6, 0.14638973480033915, -0.08138337076482391, -0.0005884744936257563, 4238.0277624957525, 2.439810244593127e6, 0.7692177771406263, 0.5461242383700452]
Period: 4239.297198205963 log Prob: -39.13145719184216 Param: [9.207522700637595e-6, 224.7012842898783, 2.4335037613538336e6, 0.19147984238789614, -0.09606235630402941, 1.7421774265824238e-6, 365.25809726498693, 2.4336243922340954e6, 0.14589305807293582, -0.08207298133647312, -0.0005891825810048557, 4239.297198205963, 2.439809621539886e6, 0.7696601541132134, 0.5436900895318357]
Period: 4240.567014156015 log Prob: -39.13004662305202 Param: [9.322760140005053e-6, 224.7012861418742, 2.4335037613388016e6, 0.19266491794680904, -0.0945308728400448, 1.7521236353365802e-6, 365.2581029336056, 2.43362439220741e6, 0.14715894251480935, -0.08081902321971554, -0.0005856905855132497, 4240.567014156015, 2.4398212162305564e6, 0.7746883430727665, 0.5530264198032737]
Period: 4241.8372104598075 log Prob: -39.12885759566494 Param: [9.295505723877712e-6, 224.7012867805527, 2.4335037613333156e6, 0.19255324774430585, -0.09502182254523948, 1.747315545765555e-6, 365.25810659359445, 2.433624392190242e6, 0.14697098111101717, -0.08123002321521762, -0.000588139593044078, 4241.8372104598075, 2.4398197247126983e6, 0.7729403333847863, 0.5507217657878908]
Period: 4243.10778723127 log Prob: -39.127677073774294 Param: [9.362033197526508e-6, 224.70128814535423, 2.4335037613223414e6, 0.19319538262977132, -0.09424000934352049, 1.7531989714846106e-6, 365.25811113770715, 2.4336243921689633e6, 0.14766561767108238, -0.0805847776521825, -0.0005858882753911488, 4243.10778723127, 2.439827578691214e6, 0.7772352465729774, 0.5561453697210166]
Period: 4244.3787445843645 log Prob: -39.12648399167006 Param: [9.3344533516904e-6, 224.7012889400297, 2.433503761315775e6, 0.19308833184572177, -0.09485730028305146, 1.7498411010926424e-6, 365.25811532273394, 2.4336243921496263e6, 0.14748698829278817, -0.08109648181640722, -0.0005875411701715716, 4244.3787445843645, 2.4398272378310435e6, 0.7767552065159906, 0.554585570849897]
Period: 4245.650082633094 log Prob: -39.12575141995114 Param: [9.180449474230528e-6, 224.70128657037353, 2.433503761335446e6, 0.1913399307331363, -0.09610419577450256, 1.7431908129327093e-6, 365.2581074646135, 2.4336243921885816e6, 0.14570656763953493, -0.08213222389595456, -0.0005911629290634721, 4245.650082633094, 2.4398174804859073e6, 0.7711026263776254, 0.5449202526486676]
Period: 4246.921801491481 log Prob: -39.86148090347768 Param: [1.8032509354978755e-6, 224.70114457421897, 2.4335037625417355e6, -0.020789764808995696, -0.03425357884286748, 1.60643904950705e-6, 365.25770476752433, 2.433624394214939e6, -0.054568696041486064, -0.03664260842245898, 0.0013279587924905185, 4246.921801491481, 2.4361642813503123e6, -0.09658143344724951, 0.19475494183712422]
Period: 4248.193901273596 log Prob: -39.86069628059849 Param: [1.804715028098355e-6, 224.70114538289667, 2.4335037625349523e6, -0.020734516282227524, -0.034365457238828605, 1.6070517029626694e-6, 365.25770837949193, 2.43362439419712e6, -0.05448269616620307, -0.03671868342088655, 0.0013295950145658106, 4248.193901273596, 2.43616418888102e6, -0.0970003372639377, 0.19480253605427159]
Period: 4249.4663820935375 log Prob: -39.859913884517084 Param: [1.805615191290943e-6, 224.70114603386983, 2.4335037625294677e6, -0.02055706869999091, -0.034373662617245976, 1.6073004382901416e-6, 365.2577114262581, 2.4336243941820753e6, -0.054316790785518786, -0.036699212028096714, 0.0013339524589908594, 4249.4663820935375, 2.4361631413324177e6, -0.09697203052011484, 0.19430953649690091]
Period: 4250.739244065446 log Prob: -39.120808276938114 Param: [9.34293663561656e-6, 224.7012918231372, 2.4335037612920995e6, 0.1932398898923563, -0.09422924526765465, 1.751187727965535e-6, 365.25812745592793, 2.4336243920940515e6, 0.14762195716814425, -0.08061332221687625, -0.0005898833150761732, 4250.739244065446, 2.4398369061000845e6, 0.7770141326650947, 0.5581030278085977]
Period: 4252.012487303477 log Prob: -39.119598967324826 Param: [9.285568727456119e-6, 224.70129131785592, 2.4335037612968176e6, 0.1927624141694224, -0.09534056279977551, 1.7493084401383493e-6, 365.2581261581373, 2.4336243921019817e6, 0.14710905563087942, -0.08149927630109095, -0.0005882164515146112, 4252.012487303477, 2.4398380467283907e6, 0.780502696246732, 0.5563212589573813]
Period: 4253.286111921842 log Prob: -39.11846460603527 Param: [9.288586363106763e-6, 224.7012916902933, 2.433503761293635e6, 0.19287882295596712, -0.09532106481217148, 1.7496212883940792e-6, 365.25812781614223, 2.4336243920942703e6, 0.14720726955983776, -0.08147771677869636, -0.0005884101425269515, 4253.286111921842, 2.43984003330327e6, 0.7805510510798509, 0.557019479437091]
Period: 4254.560118034775 log Prob: -39.117305881361126 Param: [9.307500283050673e-6, 224.70129274806527, 2.4335037612850075e6, 0.19299156650861168, -0.09513044701044263, 1.7504718259683384e-6, 365.2581320038788, 2.4336243920746758e6, 0.1473397205308167, -0.08132684896936196, -0.0005886471421770472, 4254.560118034775, 2.4398428604468447e6, 0.7821448759361253, 0.5580976125762712]
Period: 4255.83450575655 log Prob: -39.116207364103396 Param: [9.293917139194362e-6, 224.7012927393324, 2.4335037612852915e6, 0.19290776949841135, -0.095399911456648, 1.7527345445862956e-6, 365.2581320040061, 2.433624392075138e6, 0.14725983223403416, -0.08152200151494043, -0.0005863983688348274, 4255.83450575655, 2.439847610345795e6, 0.7847221071000074, 0.5603434810436911]
Period: 4257.1092752014665 log Prob: -39.115042043236194 Param: [9.360002960280713e-6, 224.70129471694227, 2.433503761268881e6, 0.19355539739195798, -0.0944624492527629, 1.753811761796361e-6, 365.25813952272625, 2.4336243920391975e6, 0.14792516522522736, -0.08077806114621656, -0.0005875822301009144, 4257.1092752014665, 2.439851953986252e6, 0.7850620904253542, 0.5637736991905276]
Period: 4258.384426483866 log Prob: -39.11390362628169 Param: [9.356356016499106e-6, 224.7012953904818, 2.4335037612634883e6, 0.1936459795222816, -0.09458871790484592, 1.754065130980288e-6, 365.2581425651484, 2.433624392025865e6, 0.147980263147193, -0.08089287313053377, -0.0005881827131256356, 4258.384426483866, 2.439853214295325e6, 0.7857312016260529, 0.563691408370005]
Period: 4259.659959718122 log Prob: -39.11278769725535 Param: [9.33378043981933e-6, 224.70129556596328, 2.433503761262196e6, 0.19344912948458387, -0.09499395814735699, 1.7537445453162045e-6, 365.2581436813946, 2.433624392020992e6, 0.14777338166738044, -0.08121027018379313, -0.0005875423006011071, 4259.659959718122, 2.4398556523640174e6, 0.7869076987130537, 0.5641735404622809]
Period: 4260.935875018644 log Prob: -39.85282694887394 Param: [1.8130948041866088e-6, 224.70115173370598, 2.433503762481307e6, -0.01929468196788876, -0.033612065935745596, 1.611009898874222e-6, 365.2577403113532, 2.4336243940401752e6, -0.05310257360006182, -0.03595767426500217, 0.001385284958635105, 4260.935875018644, 2.436158673386661e6, -0.09342230033315618, 0.19021032796875473]
Period: 4262.212172499876 log Prob: -39.110554364027244 Param: [9.328174710808205e-6, 224.70129691331437, 2.4335037612512936e6, 0.19343246813455992, -0.09512478970770485, 1.752393015992817e-6, 365.25814964381385, 2.4336243919939524e6, 0.1477337732142899, -0.08132896919130661, -0.0005886086785112551, 4262.212172499876, 2.4398588783921055e6, 0.7881942462511483, 0.5644604109584389]
Period: 4263.488852276287 log Prob: -39.109451922017 Param: [9.33165626274274e-6, 224.70129700403322, 2.433503761250628e6, 0.19351722458805187, -0.09503551052879947, 1.7572215080828527e-6, 365.25814995433365, 2.433624391992684e6, 0.14782188943054655, -0.0812406975915883, -0.0005876286908469914, 4263.488852276287, 2.4398620280627557e6, 0.7896330868437466, 0.565721358561017]
Period: 4264.765914462391 log Prob: -39.108370341153226 Param: [9.356814522992011e-6, 224.70129864001612, 2.4335037612370583e6, 0.1938699384404475, -0.09473860696329674, 1.7530708049545983e-6, 365.2581567446262, 2.4336243919611643e6, 0.1481380525611003, -0.08103061163534747, -0.0005899244521484467, 4264.765914462391, 2.439862985530492e6, 0.7889845818708516, 0.5660451333690295]
Period: 4266.043359172735 log Prob: -39.84966405499563 Param: [1.8155427149041636e-6, 224.70115443823926, 2.4335037624585507e6, -0.01889919657515552, -0.033499667003141394, 1.612869535706439e-6, 365.25775328318053, 2.433624393976606e6, -0.052689366552496834, -0.03581897964553689, 0.0014014043232055266, 4266.043359172735, 2.436157520886319e6, -0.09318797785501771, 0.18931292347638584]
Period: 4267.321186521901 log Prob: -39.10614776038765 Param: [9.335780258661765e-6, 224.70129936098553, 2.4335037612314234e6, 0.19364830173563677, -0.09507792193287389, 1.7535886231258978e-6, 365.258160109252, 2.4336243919462883e6, 0.14791697174108132, -0.08129699720282627, -0.0005892767755176529, 4267.321186521901, 2.439867806020904e6, 0.7912386146285018, 0.5672653666424633]
Period: 4268.599396624493 log Prob: -39.10513259881993 Param: [9.26987321149534e-6, 224.70129869597992, 2.4335037612370993e6, 0.19307427132667884, -0.09590056441324064, 1.7508443159659e-6, 365.2581582716034, 2.433624391956348e6, 0.14729609378088263, -0.08196608707968044, -0.0005898474272910844, 4268.599396624493, 2.439865938680683e6, 0.7908040686825903, 0.5640288258139777]
Period: 4269.877989595165 log Prob: -39.10396876821217 Param: [9.33665808092917e-6, 224.7013004619745, 2.433503761222564e6, 0.19382631907303, -0.09514768670873511, 1.755959491252463e-6, 365.25816481528256, 2.4336243919251747e6, 0.1480613747657924, -0.08135325281317642, -0.0005890329691432485, 4269.877989595165, 2.4398727852170602e6, 0.7932252849193528, 0.5690394112263334]
Period: 4271.156965548598 log Prob: -39.10306165089617 Param: [9.236213038225738e-6, 224.70129944278318, 2.4335037612311207e6, 0.19286503116387854, -0.09664323190458532, 1.7487089970069453e-6, 365.25816222611616, 2.433624391938455e6, 0.14703943153721954, -0.08255317467246705, -0.000589435418127864, 4271.156965548598, 2.439870134272657e6, 0.7931838761407946, 0.5643737565967519]
Period: 4272.43632459951 log Prob: -39.84570083354446 Param: [1.8197416914282106e-6, 224.7011576998378, 2.433503762430922e6, -0.01815098443118423, -0.033161031537109455, 1.6143811577150094e-6, 365.2577696817452, 2.433624393895932e6, -0.05199014139407744, -0.035464611493319975, 0.00143010296744244, 4272.43632459951, 2.436154589096547e6, -0.09157560241243692, 0.1870513075836409]
Period: 4273.716066862655 log Prob: -39.100737266030634 Param: [9.32880661443077e-6, 224.70130167717437, 2.4335037612129143e6, 0.19378990027656806, -0.09528984446982423, 1.757538766397721e-6, 365.25817000227516, 2.4336243919021077e6, 0.14802761727601535, -0.08145344314194372, -0.0005876722265327744, 4273.716066862655, 2.439881191323591e6, 0.7969962861926824, 0.5720666929590631]
Period: 4274.99619245281 log Prob: -39.09966212005912 Param: [9.32257192397319e-6, 224.70130231994293, 2.4335037612076206e6, 0.19380582245856878, -0.09540266557417215, 1.7565851241160283e-6, 365.2581729709607, 2.4336243918884746e6, 0.14801486395809133, -0.08155121982195727, -0.0005884900603304463, 4274.99619245281, 2.4398822944221697e6, 0.7970536445851487, 0.5718736624968008]
Period: 4276.276701484799 log Prob: -39.84332059167358 Param: [1.8227987441768008e-6, 224.70115942756263, 2.433503762416266e6, -0.017764556279928064, -0.032911016443016534, 1.615893920577204e-6, 365.257778465989, 2.433624393852774e6, -0.051603578618535095, -0.03521466370875643, 0.001447439773072246, 4276.276701484799, 2.4361529946105108e6, -0.09042774533477288, 0.18568168502214247]
Period: 4277.557594073475 log Prob: -39.84252459497869 Param: [1.8230075069999758e-6, 224.7011603412824, 2.4335037624086207e6, -0.017699881581862344, -0.03299727259596875, 1.6162025739787783e-6, 365.2577825861373, 2.4336243938326132e6, -0.05153275233205502, -0.03527912016665513, 0.0014493652807718086, 4277.557594073475, 2.43615300618586e6, -0.09084808236835012, 0.1857907352240153]
Period: 4278.838870333733 log Prob: -39.8417304904417 Param: [1.8226529877581622e-6, 224.701161086288, 2.4335037624023007e6, -0.01759267577777983, -0.032896319706561226, 1.6157935176841743e-6, 365.2577864245562, 2.433624393813812e6, -0.051456718630251766, -0.03519453194454667, 0.0014557178804742651, 4278.838870333733, 2.4361529655196e6, -0.090402700923135, 0.18546605420290252]
Period: 4280.120530380486 log Prob: -39.09543542351092 Param: [9.363237576187818e-6, 224.70130531432633, 2.433503761183434e6, 0.19430865093225158, -0.09498616468475676, 1.7600355115748627e-6, 365.2581850777442, 2.4336243918332052e6, 0.14851936716533315, -0.08121652807214842, -0.0005878838931086441, 4280.120530380486, 2.4398947099826583e6, 0.8019814658046338, 0.5776673063927286]
Period: 4281.402574328696 log Prob: -39.84013939053212 Param: [1.8263619673372246e-6, 224.70116229930503, 2.433503762391993e6, -0.017265918034957098, -0.03269741847752478, 1.6173143126230611e-6, 365.2577927929642, 2.433624393782273e6, -0.051110064973460795, -0.034981604133169905, 0.0014710805064359496, 4281.402574328696, 2.436151075553859e6, -0.08922190208331164, 0.18405145630646144]
Period: 4282.685002293353 log Prob: -39.09350876633242 Param: [9.228726944267901e-6, 224.7013040272458, 2.4335037611942226e6, 0.19294625043497332, -0.09627558489897255, 1.7535781304006482e-6, 365.25818171766196, 2.4336243918512757e6, 0.1470924687132232, -0.08228144693397131, -0.0005909633520174711, 4282.685002293353, 2.4398888439540584e6, 0.7982288771715292, 0.5700751019368626]
Period: 4283.967814389486 log Prob: -39.092509322810486 Param: [9.230587803764602e-6, 224.7013053342253, 2.4335037611834845e6, 0.1931640885239223, -0.09637549376543947, 1.7530679621894216e-6, 365.25818758852455, 2.4336243918241477e6, 0.14724511392687833, -0.08238544797442902, -0.0005928837882816635, 4283.967814389486, 2.439889481603706e6, 0.7975866318424856, 0.5698896552960572]
Period: 4285.251010732159 log Prob: -39.83774798365923 Param: [1.8278238330856152e-6, 224.70116444389294, 2.4335037623738972e6, -0.016941195462654896, -0.03268184216964867, 1.6183425014698883e-6, 365.2578027705489, 2.4336243937334293e6, -0.05079310548472839, -0.03493689444765628, 0.0014816120818193586, 4285.251010732159, 2.4404350990933497e6, -0.0895510892456857, 0.18352579264288918]
Period: 4286.534591436457 log Prob: -39.83695226610523 Param: [1.8290755760314538e-6, 224.70116478923762, 2.433503762370972e6, -0.016921825900633958, -0.03254374952001594, 1.6190820708300453e-6, 365.2578048367505, 2.433624393723208e6, -0.05073769987887784, -0.03480195697042697, 0.00148853636210338, 4286.534591436457, 2.4404365287805405e6, -0.08872584220412702, 0.18306261882803485]
Period: 4287.818556617515 log Prob: -39.83615311433461 Param: [1.8290363961498146e-6, 224.70116558109294, 2.433503762364314e6, -0.016746514923157194, -0.03244675339108129, 1.6193192168685168e-6, 365.25780882696915, 2.4336243937037066e6, -0.05059234508553274, -0.03471513993801213, 0.0014950403591834297, 4287.818556617515, 2.436149433154452e6, -0.08842744341563225, 0.1826665586351562]
Period: 4289.102906390498 log Prob: -39.83535527600193 Param: [1.830311986291924e-6, 224.70116643135702, 2.4335037623571185e6, -0.01663699636101478, -0.03257595146118097, 1.6195091093036342e-6, 365.2578125165598, 2.433624393685486e6, -0.05047867654735018, -0.034801055331840816, 0.0014970371866016832, 4289.102906390498, 2.4361487862145263e6, -0.08888682124239529, 0.1825475932319316]
Period: 4290.387640870607 log Prob: -39.83455865073027 Param: [1.8319365620821781e-6, 224.70116707490212, 2.4335037623515795e6, -0.016427471846901173, -0.03247303226497655, 1.6198802711947505e-6, 365.2578159277735, 2.4336243936686255e6, -0.05028167242482832, -0.03469933947310005, 0.001504501577230643, 4290.387640870607, 2.436147759964859e6, -0.08842218626090262, 0.18188977547990243]
Period: 4291.672760173068 log Prob: -39.83375815731856 Param: [1.8312204315590147e-6, 224.70116756600603, 2.4335037623475245e6, -0.01643346386706778, -0.03237546572991682, 1.6201753761846381e-6, 365.257818546561, 2.43362439365597e6, -0.050288318780252556, -0.034615310652626324, 0.0015090594864961115, 4291.672760173068, 2.4361484748428236e6, -0.08799972985052734, 0.18184951343720346]
Period: 4292.958264413152 log Prob: -39.83295948625309 Param: [1.831627572566857e-6, 224.70116817935966, 2.4335037623422737e6, -0.01634178517252297, -0.03227523063272202, 1.620222187149925e-6, 365.25782157129487, 2.433624393641064e6, -0.05020416723713705, -0.03452374499872925, 0.0015149465683845615, 4292.958264413152, 2.436148132579114e6, -0.08764562985165271, 0.18145330802832313]
Period: 4294.244153706162 log Prob: -39.83216065675738 Param: [1.8327643610024175e-6, 224.70116880782118, 2.4335037623369806e6, -0.016165270129410707, -0.032221147424451056, 1.620916012472676e-6, 365.25782470581987, 2.433624393625769e6, -0.05002753767238578, -0.03445613484345456, 0.0015211163675965635, 4294.244153706162, 2.436147136839777e6, -0.08740989231722673, 0.18092290518427995]
Period: 4295.530428167438 log Prob: -39.831362285065104 Param: [1.8315357240573407e-6, 224.70116982092938, 2.4335037623285106e6, -0.016182501832476746, -0.03244896537488153, 1.6206317852154994e-6, 365.25782876445504, 2.4336243936059307e6, -0.05005628492642246, -0.03464902623819158, 0.001516846173518983, 4295.530428167438, 2.4361480193104367e6, -0.08870087604677897, 0.1817574218260191]
Period: 4296.817087912344 log Prob: -39.83056113465651 Param: [1.8337097070806217e-6, 224.70117044748864, 2.4335037623231127e6, -0.015998002650940864, -0.03230820270793147, 1.6214295831779497e-6, 365.25783216123904, 2.433624393589027e6, -0.049861986591510934, -0.03451381857544541, 0.0015255079773203923, 4296.817087912344, 2.4361471536294026e6, -0.08798068076970338, 0.18104065838857933]
Period: 4298.1041330562875 log Prob: -39.829760947258364 Param: [1.8349135506395495e-6, 224.7011713291076, 2.433503762315692e6, -0.015871165803464034, -0.03226599695030985, 1.621914456604376e-6, 365.257836529897, 2.4336243935675314e6, -0.049724225137672204, -0.03446032954337204, 0.0015328870992384433, 4298.1041330562875, 2.4361464527917807e6, -0.08762643921895147, 0.18053803627297263]
Period: 4299.39156371471 log Prob: -39.828960408550046 Param: [1.8366732880254176e-6, 224.70117188951008, 2.433503762310849e6, -0.01569085072709352, -0.03210585307519602, 1.6225062199200757e-6, 365.25783966492827, 2.433624393551963e6, -0.049543986625881685, -0.034307247413242516, 0.001542221384120686, 4299.39156371471, 2.4361454417634965e6, -0.08684505512609883, 0.1797108636868499]
Period: 4300.679380003088 log Prob: -39.82815984321044 Param: [1.8360947171735243e-6, 224.70117231944624, 2.4335037623072383e6, -0.01566115819182105, -0.03200172742727457, 1.6227147262247077e-6, 365.2578419099923, 2.4336243935411316e6, -0.04952434518507572, -0.03421513202620337, 0.0015470094789014365, 4300.679380003088, 2.43614575830126e6, -0.0864441297923774, 0.17953803922971706]
Period: 4301.967582036934 log Prob: -39.82735815474774 Param: [1.8367840138798835e-6, 224.70117307497821, 2.433503762300895e6, -0.015531536239879039, -0.032024469541386304, 1.6229593798628397e-6, 365.25784539415406, 2.4336243935241387e6, -0.049397082285673466, -0.03421889065097282, 0.001550594568616624, 4301.967582036934, 2.4361450106451176e6, -0.0866531003907392, 0.17930676362216674]
Period: 4303.256169931783 log Prob: -39.826558856194524 Param: [1.8380440958085999e-6, 224.70117389074198, 2.4335037622939292e6, -0.015390129947562762, -0.03202093725414377, 1.6231120439533577e-6, 365.25784934019197, 2.4336243935045237e6, -0.04926776079775598, -0.034196457797471734, 0.00155655697950565, 4303.256169931783, 2.4361443729699682e6, -0.0864741626201215, 0.17888683213712384]
Period: 4304.545143803219 log Prob: -39.82575612201689 Param: [1.8392418582923402e-6, 224.7011746720887, 2.4335037622873536e6, -0.015305504026813539, -0.0320004883207772, 1.6238449932551846e-6, 365.25785312686, 2.4336243934859606e6, -0.0491608482155418, -0.03417111005064693, 0.0015609046811691403, 4304.545143803219, 2.4361442844527494e6, -0.08645006069576376, 0.17877065965800143]
Period: 4305.834503766855 log Prob: -39.824956073340076 Param: [1.8383478987511452e-6, 224.7011751903164, 2.4335037622830337e6, -0.015229486169397878, -0.03188702421986632, 1.624040904679469e-6, 365.25785580366403, 2.4336243934729453e6, -0.0491082962919688, -0.0340685132379027, 0.001566432352023462, 4305.834503766855, 2.440450113985235e6, -0.0860579171372534, 0.17850997968035723]
Period: 4307.1242499383425 log Prob: -39.82415424669918 Param: [1.8392875367249764e-6, 224.70117600118382, 2.433503762276104e6, -0.015130331418206197, -0.03197581010393025, 1.6240133674005065e-6, 365.25785937874167, 2.433624393455317e6, -0.04900851213193097, -0.034129164819116056, 0.001568122381995926, 4307.1242499383425, 2.436143858986836e6, -0.08651586200623362, 0.17848135469797155]
Period: 4308.414382433356 log Prob: -39.82335239690586 Param: [1.8401131207041331e-6, 224.7011766727358, 2.4335037622704385e6, -0.015019039746032975, -0.031757358458894505, 1.6246329036637955e-6, 365.25786319037314, 2.4336243934365767e6, -0.048887280863510296, -0.03393604643118198, 0.0015794429013991033, 4308.414382433356, 2.4361434106192463e6, -0.08540915597650815, 0.1777123788114794]
Period: 4309.704901367618 log Prob: -39.82255197837302 Param: [1.8414167176597015e-6, 224.70117743707095, 2.433503762263972e6, -0.014916414070042044, -0.031966851811243514, 1.6249095972925244e-6, 365.2578662052213, 2.4336243934217566e6, -0.048784092165913194, -0.03408958953001645, 0.001577385830156743, 4309.704901367618, 2.4361429868307225e6, -0.08638990381922848, 0.17795634045413894]
Period: 4310.995806856879 log Prob: -39.82174919229699 Param: [1.8420397197802506e-6, 224.70117828386117, 2.4335037622568e6, -0.014802190148298937, -0.03180903758844126, 1.6251825978157831e-6, 365.25787074880157, 2.433624393399376e6, -0.04866791941058121, -0.03394841646825791, 0.001587758851240081, 4310.995806856879, 2.4361426467797616e6, -0.08555057325446487, 0.17733167560090907]
Period: 4312.287099016926 log Prob: -39.82094701734258 Param: [1.8443032404614254e-6, 224.70117884704337, 2.433503762252014e6, -0.014649359845703607, -0.03173671114426917, 1.6261291339302936e-6, 365.25787366910174, 2.4336243933849637e6, -0.04849407922361857, -0.03386284165253186, 0.0015946449419089613, 4312.287099016926, 2.4404540790557633e6, -0.08514018963932538, 0.17677418562840796]
Period: 4313.578777963585 log Prob: -39.82014405883857 Param: [1.8430108169641518e-6, 224.70117936724645, 2.433503762247691e6, -0.014697551171413668, -0.03168813578985003, 1.6262492299981995e-6, 365.25787613069303, 2.433624393373028e6, -0.048539860307773554, -0.0338197103173679, 0.0015972287584631246, 4313.578777963585, 2.4361424416651563e6, -0.08510899562656643, 0.1768724665317695]
Period: 4314.870843812703 log Prob: -39.819342583458884 Param: [1.843922519333838e-6, 224.7011804307292, 2.4335037622386618e6, -0.014517457319374524, -0.03172706017455702, 1.6263090662182104e-6, 365.2578811934977, 2.4336243933480573e6, -0.04837941620833071, -0.033840472582609936, 0.0016023710368859756, 4314.870843812703, 2.436141694488702e6, -0.08527023450535388, 0.17660575501673756]
Period: 4316.163296680175 log Prob: -39.81853882588163 Param: [1.8446507967801058e-6, 224.70118077676904, 2.4335037622356964e6, -0.014436650129273686, -0.0316285274557442, 1.6267647837814587e-6, 365.2578829676294, 2.433624393339497e6, -0.04829376496121147, -0.03374736113830198, 0.0016072341350124573, 4316.163296680175, 2.4404576256191214e6, -0.08491750467665292, 0.176292817747153]
Period: 4317.456136681926 log Prob: -39.81773599984392 Param: [1.8447026103875068e-6, 224.70118159773747, 2.4335037622287725e6, -0.014336860850043907, -0.03159305162395469, 1.6270888003889716e-6, 365.25788692116106, 2.4336243933200724e6, -0.048201376691574496, -0.03370959970232383, 0.001612228784215569, 4317.456136681926, 2.4361410029433323e6, -0.08492783083023916, 0.17605209196496135]
Period: 4318.749363933922 log Prob: -39.816933810879476 Param: [1.8467072144886539e-6, 224.70118235619665, 2.43350376222234e6, -0.014245118086646058, -0.03151066883656238, 1.6279912009455016e-6, 365.25789081344493, 2.4336243933007303e6, -0.04807764338185087, -0.03361804324579963, 0.001620611622897055, 4318.749363933922, 2.4361405571058095e6, -0.08435104134490011, 0.17551170612915123]
Period: 4320.042978552146 log Prob: -39.816131134436496 Param: [1.8469687596438335e-6, 224.70118306424308, 2.4335037622163068e6, -0.014114422365855708, -0.03160676175343663, 1.6277118092867747e-6, 365.25789386059006, 2.4336243932858035e6, -0.04797354121418772, -0.03368290588835883, 0.0016216324511518741, 4320.042978552146, 2.4361400836246386e6, -0.08483241865381982, 0.17550697430164522]
Period: 4321.336980652635 log Prob: -39.81532712403582 Param: [1.8475633181127363e-6, 224.70118372273663, 2.4335037622107295e6, -0.014024224215750595, -0.031478271459440696, 1.6281737116658244e-6, 365.2578973466707, 2.433624393268756e6, -0.04787851243723623, -0.0335708872992627, 0.0016289433924226873, 4321.336980652635, 2.436139951065664e6, -0.08433151618754153, 0.17514625068973336]
Period: 4322.6313703514525 log Prob: -39.81452723431011 Param: [1.8473148815782806e-6, 224.70118457029764, 2.4335037622035756e6, -0.01395951603071824, -0.03159459947363484, 1.628013790373172e-6, 365.2579009359159, 2.433624393251283e6, -0.04783046047584351, -0.03366457896634469, 0.0016285439898858637, 4322.6313703514525, 2.4361399078061017e6, -0.08503893551559023, 0.17538754366124662]
Period: 4323.926147764697 log Prob: -39.81372272779492 Param: [1.8494611938931469e-6, 224.7011850433887, 2.4335037621994996e6, -0.013899320279453556, -0.031415325054859146, 1.628876955805103e-6, 365.2579038120845, 2.433624393236988e6, -0.04772867263639061, -0.03349838408200739, 0.0016384861200791734, 4323.926147764697, 2.44046346027387e6, -0.08407760265904472, 0.17468581291453109]
Period: 4325.2213130085065 log Prob: -39.81291897090609 Param: [1.8495423969212778e-6, 224.70118595120897, 2.433503762191797e6, -0.013662704959007843, -0.03135582235475456, 1.6289741869968603e-6, 365.25790833845133, 2.4336243932147645e6, -0.047538514505755775, -0.03343376935501968, 0.001646187087195929, 4325.2213130085065, 2.4404638974173185e6, -0.08379432463275918, 0.1742160671289032]
Period: 4326.516866199042 log Prob: -39.8121152179424 Param: [1.850908008982578e-6, 224.7011865632374, 2.4335037621867186e6, -0.01366131183861603, -0.03124532881833732, 1.6300987136074585e-6, 365.2579115026473, 2.43362439319915e6, -0.04747800339043602, -0.03331760802605807, 0.0016541741727414982, 4326.516866199042, 2.436138494387072e6, -0.08319848457088418, 0.1737571767878904]
Period: 4327.81280745251 log Prob: -39.81131168007615 Param: [1.850164248618052e-6, 224.70118714919047, 2.4335037621818082e6, -0.013635536102318668, -0.0312773787525832, 1.6301135104841439e-6, 365.25791411427747, 2.433624393186564e6, -0.047470061454403606, -0.03334333539463712, 0.001654902683687871, 4327.81280745251, 2.431811000680135e6, -0.08352210743248766, 0.17393993070316607]
Period: 4329.109136885149 log Prob: -39.81050838729692 Param: [1.8514994693602351e-6, 224.70118801610315, 2.4335037621744107e6, -0.013484493575754264, -0.03132888890882571, 1.6302165264133033e-6, 365.25791801138485, 2.433624393167287e6, -0.04732802296137027, -0.03336646166430193, 0.0016590498646095254, 4329.109136885149, 2.43613804860243e6, -0.0836767557592828, 0.17367219751782442]
Period: 4330.405854613238 log Prob: -39.80970394614152 Param: [1.8515046918630323e-6, 224.7011886756564, 2.4335037621688056e6, -0.013411714223327304, -0.03119626399326954, 1.6305299560098558e-6, 365.25792157986956, 2.4336243931498015e6, -0.04725795612868578, -0.03325112930486583, 0.001666405206869706, 4330.405854613238, 2.440468370220519e6, -0.08321793293199747, 0.17333206447779426]
Period: 4331.702960753075 log Prob: -39.80890230562156 Param: [1.8543926601270393e-6, 224.7011894103861, 2.433503762162556e6, -0.013240500037337982, -0.031144720250332804, 1.6313383675595285e-6, 365.2579253045369, 2.4336243931312845e6, -0.04706278998279417, -0.033175820328479586, 0.0016755134086511917, 4331.702960753075, 2.436136846598917e6, -0.08265655994628555, 0.17261008518874385]
Period: 4333.000455421007 log Prob: -39.80809808967772 Param: [1.8533321640857713e-6, 224.70119008566334, 2.433503762156883e6, -0.013190568562071363, -0.031153224955025684, 1.6313664777559756e-6, 365.2579282968571, 2.433624393116708e6, -0.04703099231591084, -0.03317572429689036, 0.001677120568534718, 4333.000455421007, 2.436136792810855e6, -0.08301420437958079, 0.17267088582027068]
Period: 4334.298338733412 log Prob: -39.80729641098383 Param: [1.8535134824638957e-6, 224.7011909536225, 2.433503762149501e6, -0.013130326007628534, -0.03122051341453355, 1.6314377091014678e-6, 365.2579322162503, 2.433624393097495e6, -0.04697367522484137, -0.033235227979053976, 0.0016779994704771107, 4334.298338733412, 2.436137120766129e6, -0.08343866556150643, 0.17291448088620948]
Period: 4335.596610806706 log Prob: -39.80649222246792 Param: [1.8551321841341072e-6, 224.7011915801187, 2.43350376214423e6, -0.012990665802119042, -0.031176639918793943, 1.6319896811618108e-6, 365.2579353390805, 2.4336243930822276e6, -0.04682680307668499, -0.03316986350928934, 0.0016852810584620092, 4335.596610806706, 2.436136166023279e6, -0.0831103068931478, 0.17235078755384078]
Period: 4336.895271757328 log Prob: -39.805687981139734 Param: [1.856172425836356e-6, 224.70119246777034, 2.4335037621366195e6, -0.012870818494856244, -0.031126421273764592, 1.6320306571050926e-6, 365.25793983515945, 2.433624393059913e6, -0.046712310428590614, -0.033115151966920935, 0.001693226375032475, 4336.895271757328, 2.436135738984633e6, -0.08271589702487614, 0.17190791734582178]
Period: 4338.194321701766 log Prob: -39.80488503395253 Param: [1.855784758955395e-6, 224.70119299324477, 2.4335037621321813e6, -0.01288669577511233, -0.031045626290879584, 1.6322298709427e-6, 365.2579424249103, 2.4336243930472964e6, -0.04671934287830541, -0.033047433617036485, 0.0016970103634168297, 4338.194321701766, 2.440474409858657e6, -0.08256150432509499, 0.171894911185865]
Period: 4339.493760756534 log Prob: -39.804081397242165 Param: [1.856519919749085e-6, 224.70119361670965, 2.4335037621269836e6, -0.012814265720089892, -0.030963388738838582, 1.6333720153077962e-6, 365.25794560010957, 2.433624393031689e6, -0.04662284127694371, -0.03295693076454717, 0.0017039284032308122, 4339.493760756534, 2.4361358746872293e6, -0.08218091448026402, 0.17152004569373233]
Period: 4340.793589038188 log Prob: -39.803279011546884 Param: [1.857055667349023e-6, 224.70119450355787, 2.433503762119435e6, -0.012706517498565575, -0.030984616044132045, 1.6335311615679796e-6, 365.25794964529007, 2.4336243930117865e6, -0.046517549837109595, -0.03296724063294243, 0.0017073325138398543, 4340.793589038188, 2.4361354206863116e6, -0.08244275265257706, 0.17141348626780767]
Period: 4342.093806663315 log Prob: -39.80247458877486 Param: [1.8581062436545965e-6, 224.70119508111432, 2.433503762114562e6, -0.012630035251187968, -0.03092995347105207, 1.6339806972959608e-6, 365.25795257567324, 2.4336243929974292e6, -0.04643043627102704, -0.032900790268837556, 0.0017141472517043276, 4342.093806663315, 2.4361351354895653e6, -0.08200896157027121, 0.1710215768133407]
Period: 4343.394413748531 log Prob: -39.80167298245887 Param: [1.8596616763298936e-6, 224.70119595768276, 2.433503762107058e6, -0.012448537747568574, -0.030778140516115087, 1.6342337553867175e-6, 365.25795734530504, 2.433624392973962e6, -0.04624926605176517, -0.03276235543794913, 0.001726020749554829, 4343.394413748531, 2.4361340965672024e6, -0.08123171108918865, 0.17022964305913066]
Period: 4344.695410410496 log Prob: -39.80086992818557 Param: [1.8603563671530265e-6, 224.70119689352606, 2.4335037620991343e6, -0.012347761155326325, -0.030859477448097902, 1.6343045604323923e-6, 365.2579616076851, 2.4336243929528743e6, -0.04616291598252824, -0.032815296284945165, 0.0017287254890434496, 4344.695410410496, 2.436134120546383e6, -0.0814997497915494, 0.17027755592419622]
Period: 4345.996796765902 log Prob: -39.80006600462091 Param: [1.860723819173179e-6, 224.70119741168767, 2.4335037620947193e6, -0.012276403907427572, -0.03081237124038582, 1.63475065894469e-6, 365.2579640697352, 2.433624392940877e6, -0.046087904329281525, -0.03276439433894787, 0.0017329135154348846, 4345.996796765902, 2.4404795702280756e6, -0.08148777987339267, 0.17000241326129129]
Period: 4347.2985729314805 log Prob: -39.79926393176179 Param: [1.8608242011373774e-6, 224.7011980479348, 2.433503762089396e6, -0.012300625856900494, -0.03078048426283557, 1.6355097429777302e-6, 365.25796714531566, 2.433624392925762e6, -0.04608609295424389, -0.032731021481052086, 0.0017366040845808678, 4347.2985729314805, 2.4361341134238616e6, -0.08139987349706784, 0.17003386131399997]
Period: 4348.600739023983 log Prob: -39.79846027953087 Param: [1.8616786906274074e-6, 224.7011987061167, 2.4335037620837614e6, -0.012178357308085839, -0.03073728287499106, 1.6356723570021263e-6, 365.25797033597667, 2.433624392910122e6, -0.04597000283115137, -0.03268186505491923, 0.0017417221232256923, 4348.600739023983, 2.4361336559401997e6, -0.08131442880223938, 0.1697728727082728]
Period: 4349.903295160212 log Prob: -39.797658187025135 Param: [1.8611014290263273e-6, 224.70119955445256, 2.433503762076571e6, -0.012119835543991828, -0.030741125198594475, 1.6353903298447894e-6, 365.2579742779431, 2.433624392890728e6, -0.04593029068374073, -0.032677038106346395, 0.0017457073560146416, 4349.903295160212, 2.4404836481191237e6, -0.08137356061240074, 0.16972789631035398]
Period: 4351.206241456997 log Prob: -39.796855473187776 Param: [1.8637905728119026e-6, 224.70120052774664, 2.433503762068309e6, -0.01190768515848461, -0.030734576998162337, 1.6360050174225697e-6, 365.25797908903974, 2.4336243928670106e6, -0.04570971810994551, -0.032644321886253956, 0.0017549356486115137, 4351.206241456997, 2.4361323274753056e6, -0.08104024054970604, 0.16904438530707516]
Period: 4352.509578031208 log Prob: -39.79605276456003 Param: [1.8634465285212137e-6, 224.70120132548269, 2.433503762061608e6, -0.011921768367585572, -0.03075906781465938, 1.6365365018363312e-6, 365.25798262958995, 2.4336243928496623e6, -0.04570402595272308, -0.0326637352171045, 0.001755849870284736, 4352.509578031208, 2.4361327415505317e6, -0.08146095324043459, 0.16928794237998554]
Period: 4353.813304999748 log Prob: -39.79525030945688 Param: [1.864639682837465e-6, 224.70120184266145, 2.4335037620571535e6, -0.011810664510972572, -0.030594957722548177, 1.6370749357573817e-6, 365.2579856546092, 2.4336243928346867e6, -0.045585958511111496, -0.03250753268439307, 0.0017665179184445236, 4353.813304999748, 2.4361322735396777e6, -0.08054929527258356, 0.1686051727937835]
Period: 4355.117422479545 log Prob: -39.04141696181188 Param: [9.218697193743124e-6, 224.7013367137095, 2.4335037609324385e6, 0.19507338187645634, -0.09805598359349206, 1.7722382175393715e-6, 365.2583226594933, 2.433624391218589e6, 0.14875495361828375, -0.08373101037930328, -0.0005892678339211414, 4355.117422479545, 2.440028687598518e6, 0.8545133495060263, 0.6167046008683364]
Period: 4356.421930587576 log Prob: -39.793647636521364 Param: [1.865981211395316e-6, 224.7012035395364, 2.4335037620426775e6, -0.011575992359965624, -0.03064840326169807, 1.6370040637139172e-6, 365.257993528264, 2.4336243927960177e6, -0.04538011208447562, -0.03253413169556772, 0.0017743069561329836, 4356.421930587576, 2.4361313630764247e6, -0.08088743468440542, 0.16830929823183124]
Period: 4357.726829440848 log Prob: -39.03977353176058 Param: [9.271407427785005e-6, 224.70133811811374, 2.4335037609212804e6, 0.19558421415924868, -0.0971201353144199, 1.7796288819904038e-6, 365.258327492657, 2.43362439119688e6, 0.14932074716466137, -0.08296596882364707, -0.0005873028894171117, 4357.726829440848, 2.440038693364376e6, 0.8584068588917096, 0.6228241905940897]
Period: 4359.032119156405 log Prob: -39.03905797061367 Param: [9.30348168136604e-6, 224.70133908211446, 2.4335037609131546e6, 0.1960374836742742, -0.09644342099523587, 1.781858318496123e-6, 365.2583311346026, 2.4336243911798755e6, 0.14976028145500864, -0.08243191644113901, -0.0005882084743051147, 4359.032119156405, 2.440041729834074e6, 0.8570734214893663, 0.6252698726686954]
Period: 4360.337799851318 log Prob: -39.79124285449147 Param: [1.867301905258517e-6, 224.70120568793695, 2.4335037620245507e6, -0.011360766473121222, -0.030474801168275258, 1.638161792367672e-6, 365.25800431140505, 2.4336243927429784e6, -0.04515018210204566, -0.03233935057198107, 0.0017943199085849943, 4360.337799851318, 2.4361308913999656e6, -0.08000255396867237, 0.16746430540484022]
Period: 4361.6438716427 log Prob: -39.790439885460856 Param: [1.8685233453196618e-6, 224.70120645398916, 2.4335037620180873e6, -0.011308170150183509, -0.03044635345569495, 1.6390602789066935e-6, 365.25800797122116, 2.433624392725002e6, -0.04506540994571884, -0.032305941741380635, 0.0017993604976591273, 4361.6438716427, 2.4361305294196494e6, -0.07998931176561205, 0.16725581840014297]
Period: 4362.9503346477 log Prob: -39.789639664517935 Param: [1.869284120486314e-6, 224.70120726394532, 2.4335037620111606e6, -0.011179120820777525, -0.030509135162141706, 1.6390304468980728e-6, 365.25801155693114, 2.433624392707429e6, -0.04495225333016399, -0.032346378680486405, 0.0018017016895744242, 4362.9503346477, 2.440492876287653e6, -0.08036337384102378, 0.1671631154288994]
Period: 4364.257188983505 log Prob: -39.78883923614587 Param: [1.8679863147655779e-6, 224.70120792316095, 2.433503762005712e6, -0.011215429468631116, -0.03046257456674173, 1.6395819746972862e-6, 365.2580146796104, 2.433624392692269e6, -0.04497828101101298, -0.03230297104205878, 0.001805536857856074, 4364.257188983505, 2.4361306278252588e6, -0.08025159611819639, 0.16725291329023317]
Period: 4365.5644347673215 log Prob: -39.03511766253371 Param: [9.284377563935531e-6, 224.70134153052385, 2.433503760894392e6, 0.19602517245571233, -0.09720394627827635, 1.7871292359132992e-6, 365.25834182136066, 2.4336243911334965e6, 0.1497232753777942, -0.08301808540586256, -0.0005849521807669585, 4365.5644347673215, 2.440057478137701e6, 0.8675000797547486, 0.6303410550249424]
Period: 4366.872072116406 log Prob: -39.034261981960455 Param: [9.242389528860111e-6, 224.70134211373383, 2.4335037608893076e6, 0.19552155284929057, -0.09749101079274435, 1.7783097105868965e-6, 365.25834528195617, 2.433624391117702e6, 0.14918085764536612, -0.08329150464744868, -0.0005897810765868764, 4366.872072116406, 2.440051535811817e6, 0.8622494766884867, 0.6250851959794218]
Period: 4368.180101148048 log Prob: -39.03353237017604 Param: [9.19588500214914e-6, 224.70134201151055, 2.4335037608902715e6, 0.19523538752450947, -0.09834661932166867, 1.7752436778397746e-6, 365.25834578472853, 2.433624391116143e6, 0.148832124569929, -0.08397439593794942, -0.0005894892589514472, 4368.180101148048, 2.4400526142955967e6, 0.8629293788842214, 0.6242864244243261]
Period: 4369.488521979568 log Prob: -39.032783019730644 Param: [9.18248628514013e-6, 224.70134217742392, 2.433503760889121e6, 0.19497537945856455, -0.09823055921181872, 1.7758968127914918e-6, 365.25834653452716, 2.433624391113514e6, 0.14859504005380783, -0.08389130516881999, -0.0005903701317361162, 4369.488521979568, 2.44005269870377e6, 0.8625367745449141, 0.6232724757536322]
Period: 4370.797334728329 log Prob: -39.032032822650656 Param: [9.1694284330046e-6, 224.70134193383242, 2.4335037608915176e6, 0.1948555404840694, -0.09836657771172783, 1.7785867032657694e-6, 365.25834541119724, 2.433624391119979e6, 0.14849052562824636, -0.08398478063673195, -0.0005882983347638468, 4370.797334728329, 2.4400570313000106e6, 0.8652434607669155, 0.6251538872942616]
Period: 4372.106539511714 log Prob: -39.031211656016175 Param: [9.273297326219754e-6, 224.70134505895368, 2.43350376086577e6, 0.1958888949981255, -0.09723284454294154, 1.7820558536783003e-6, 365.2583573855507, 2.433624391062891e6, 0.14955773685136053, -0.08307642545684948, -0.0005886818851821478, 4372.106539511714, 2.4400650884966026e6, 0.8681681173521875, 0.6311006372977663]
Period: 4373.416136447156 log Prob: -39.030453966512475 Param: [9.272140195809996e-6, 224.70134527660042, 2.4335037608642555e6, 0.19603259459841169, -0.09729510725635145, 1.783851866143932e-6, 365.2583582830857, 2.433624391059719e6, 0.14967992411683434, -0.08311918278579512, -0.0005875209446378205, 4373.416136447156, 2.4400689003365915e6, 0.8701100080273043, 0.6328946932251069]
Period: 4374.726125652118 log Prob: -39.029707909976196 Param: [9.275784002622717e-6, 224.70134614605948, 2.4335037608570936e6, 0.19607192689920303, -0.09724511109472866, 1.7833918552986608e-6, 365.258362050106, 2.433624391042154e6, 0.14971352585766265, -0.0830835122916901, -0.0005882775345768181, 4374.726125652118, 2.440070983534298e6, 0.8701372183950095, 0.6336122790802109]
Period: 4376.036507244102 log Prob: -39.02896284992496 Param: [9.2729823004025e-6, 224.70134664889466, 2.433503760853136e6, 0.19611430471497346, -0.09728819997496597, 1.7834596440381793e-6, 365.25836432497596, 2.4336243910322282e6, 0.14973927433051107, -0.08312025708410248, -0.0005883903171440009, 4376.036507244102, 2.440073101595533e6, 0.8711186540346036, 0.6340918975389325]
Period: 4377.347281340633 log Prob: -39.02819530970522 Param: [9.222952560495233e-6, 224.70134655089808, 2.43350376085416e6, 0.19563823690821955, -0.09813965477407985, 1.7804543002736213e-6, 365.2583647926545, 2.433624391030903e6, 0.14923020188634054, -0.08380317150100787, -0.0005885709153106262, 4377.347281340633, 2.4400729351093965e6, 0.8717643696593801, 0.6320913110734367]
Period: 4378.658448059286 log Prob: -39.027487275767044 Param: [9.209222159641618e-6, 224.70134658450337, 2.433503760853858e6, 0.1956090991197234, -0.09813314792256231, 1.7803931804469197e-6, 365.25836521137614, 2.4336243910296117e6, 0.14917233672766217, -0.08380353415818736, -0.0005893609019230044, 4378.658448059286, 2.440073276727029e6, 0.8707881534745923, 0.6315399936666828]
Period: 4379.9700075176615 log Prob: -39.02685435471891 Param: [9.152455063466464e-6, 224.70134658263973, 2.4335037608543215e6, 0.19495408384428323, -0.09888994019539486, 1.7774503910667833e-6, 365.2583662154752, 2.4336243910263088e6, 0.14849522062162274, -0.0844289531005704, -0.0005908782536553185, 4379.9700075176615, 2.440070683691765e6, 0.8705724494130821, 0.6276584405433852]
Period: 4381.281959833402 log Prob: -39.02636592673457 Param: [9.149672379399926e-6, 224.70134624509078, 2.4335037608567756e6, 0.19472497955496632, -0.09787645905551398, 1.7816117881708309e-6, 365.2583642885259, 2.433624391035048e6, 0.14832823564921752, -0.0836258207305762, -0.0005922386859146597, 4381.281959833402, 2.4400713466373137e6, 0.8659069447125632, 0.6286803724825918]
Period: 4382.594305124183 log Prob: -39.77765884994153 Param: [1.8786879681589462e-6, 224.7012186514091, 2.4335037619145596e6, -0.010043882027781637, -0.030097604454311477, 1.6443779942737228e-6, 365.2580665957985, 2.4336243924369304e6, -0.043740160388821246, -0.03181331258011417, 0.0018851640829309444, 4382.594305124183, 2.4361259854174317e6, -0.07883853501698683, 0.16390167199176195]
Period: 4383.907043507707 log Prob: -39.02460516466767 Param: [9.260604574255192e-6, 224.7013497050877, 2.433503760829284e6, 0.19622123730860305, -0.09781066801855771, 1.7870888788823672e-6, 365.25837752061904, 2.433624390974455e6, 0.1498145712769417, -0.08352000315650411, -0.0005856186395339904, 4383.907043507707, 2.440091707801536e6, 0.8806018594981019, 0.6409446530302169]
Period: 4385.220175101725 log Prob: -39.02385442868968 Param: [9.23660667336237e-6, 224.70134996575874, 2.433503760827363e6, 0.19598964270541497, -0.09808810961474793, 1.7860997458891216e-6, 365.258379058946, 2.4336243909682594e6, 0.1495631187906498, -0.0837530903808157, -0.0005866384405928658, 4385.220175101725, 2.4400912106955694e6, 0.8805763424455252, 0.6391966346443964]
Period: 4386.533700024013 log Prob: -39.02315253492161 Param: [9.230156235155475e-6, 224.70135044244634, 2.433503760823291e6, 0.19586996179962018, -0.09770509232812637, 1.7853362202264068e-6, 365.2583811771988, 2.4336243909586407e6, 0.14944532675271321, -0.0834681301401648, -0.000588952352937512, 4386.533700024013, 2.4400903253028155e6, 0.8773643095596504, 0.6382596306915772]
Period: 4387.847618392395 log Prob: -39.02243109876573 Param: [9.247918340577568e-6, 224.70135132468906, 2.4335037608162635e6, 0.19610931600078282, -0.09781509600041408, 1.7870993239512826e-6, 365.2583847427849, 2.433624390942141e6, 0.14968747630242119, -0.08353672055435511, -0.0005872142219062266, 4387.847618392395, 2.44009659799811e6, 0.8809659105900621, 0.641693399385541]
Period: 4389.16193032471 log Prob: -39.02173207055214 Param: [9.19846778198418e-6, 224.7013515771831, 2.433503760814545e6, 0.1957047017508646, -0.09877833613004797, 1.782340685827214e-6, 365.258386882939, 2.4336243909334643e6, 0.14922401622597475, -0.08432032482586918, -0.0005881017677435551, 4389.16193032471, 2.440095242798288e6, 0.8821291442213237, 0.6385403583855955]
Period: 4390.476635938849 log Prob: -39.021016394904876 Param: [9.22713543682031e-6, 224.701352075586, 2.433503760810555e6, 0.19598189818806264, -0.09795208404974583, 1.7868948873445668e-6, 365.25838823749484, 2.4336243909278256e6, 0.14953491175751352, -0.08366083236454001, -0.0005879096838507799, 4390.476635938849, 2.440099320082076e6, 0.8818950208354717, 0.6415671719469144]
Period: 4391.791735352734 log Prob: -39.020326992388135 Param: [9.190009391593343e-6, 224.70135252964278, 2.4335037608069964e6, 0.19562199026726282, -0.09873324486499663, 1.7830830725056936e-6, 365.2583910156728, 2.4336243909152537e6, 0.14914102745514957, -0.08428817411449072, -0.0005883822074789508, 4391.791735352734, 2.44009975780242e6, 0.8830665289602161, 0.6399788666236876]
Period: 4393.107228684321 log Prob: -39.01961889642903 Param: [9.21192806769757e-6, 224.70135325188326, 2.433503760801078e6, 0.19592520107014022, -0.09840096662386152, 1.7854542279437766e-6, 365.258393780578, 2.4336243909025514e6, 0.1494416545403972, -0.08401602399468557, -0.0005880105931678331, 4393.107228684321, 2.440103795629265e6, 0.8842552395813904, 0.6422457075046188]
Period: 4394.423116051607 log Prob: -39.01902597993856 Param: [9.165237316208319e-6, 224.7013522812459, 2.4335037608096483e6, 0.1956281914776964, -0.09906414626194834, 1.7867307124585087e-6, 365.25839010952024, 2.433624390921887e6, 0.14911637422316837, -0.0845334536786359, -0.0005853960944146626, 4394.423116051607, 2.440107332106547e6, 0.8869084502624325, 0.6433058348413375]
Period: 4395.739397572611 log Prob: -39.01829620004138 Param: [9.203451755963135e-6, 224.70135434598103, 2.433503760792739e6, 0.19598292476325213, -0.0988898602461646, 1.7863354628861223e-6, 365.25839869229264, 2.43362439088137e6, 0.14947013635770917, -0.0843978553176539, -0.0005864937473500611, 4395.739397572611, 2.4401104579376755e6, 0.8892880522106155, 0.6443465152114046]
Period: 4397.056073365397 log Prob: -39.017570417128375 Param: [9.206414293730925e-6, 224.70135484533708, 2.4335037607886787e6, 0.1959881794830326, -0.09841956894110795, 1.78705344224718e-6, 365.25840062845595, 2.4336243908730415e6, 0.14948540224083, -0.08403945032266387, -0.000587889904097118, 4397.056073365397, 2.440111402427623e6, 0.8870947819303392, 0.6449128704262348]
Period: 4398.373143548068 log Prob: -39.016910335302725 Param: [9.201474963060678e-6, 224.7013553590306, 2.4335037607846544e6, 0.19602598391731718, -0.0985305524556788, 1.7866425246639833e-6, 365.2584029487113, 2.4336243908631676e6, 0.14949797735974732, -0.08413393810696, -0.0005883267081602726, 4398.373143548068, 2.4401125510542956e6, 0.8880598660437286, 0.6445024844402646]
Period: 4399.690608238757 log Prob: -39.01628042086459 Param: [9.14606113763852e-6, 224.70135468675, 2.433503760790344e6, 0.19538134555087255, -0.09917235017739466, 1.7849646075210734e-6, 365.2584008685007, 2.433624390873624e6, 0.14885219743407968, -0.08464287622026767, -0.0005881810555585578, 4399.690608238757, 2.4401122833441985e6, 0.8881063203484871, 0.642555485673987]
Period: 4401.008467555626 log Prob: -39.01559591481501 Param: [9.21713279722514e-6, 224.70135638281025, 2.433503760776595e6, 0.19608466449642417, -0.09800252715991815, 1.7908220223673503e-6, 365.258406784986, 2.433624390846266e6, 0.1496048371328537, -0.08370652402499809, -0.0005875339107799935, 4401.008467555626, 2.4401198579666144e6, 0.8899178558138242, 0.6483862512102598]
Period: 4402.326721616885 log Prob: -39.765760680584506 Param: [1.8866875954773472e-6, 224.70123070117432, 2.433503761812284e6, -0.009023815601833098, -0.02989502575343048, 1.649543166796944e-6, 365.2581239096449, 2.4336243921550605e6, -0.042640538735562894, -0.03147651629538557, 0.001961325983468481, 4402.326721616885, 2.4361230388189773e6, -0.07863561534093351, 0.1616199758048763]
Period: 4403.645370540771 log Prob: -39.764970380908544 Param: [1.8867320573486847e-6, 224.7012314909439, 2.433503761805666e6, -0.008965583671633257, -0.02987075059422897, 1.6496687815507324e-6, 365.25812768851, 2.433624392136607e6, -0.042583998428138606, -0.031439406380810296, 0.0019672641037276166, 4403.645370540771, 2.4361229414235307e6, -0.07851141221988707, 0.16145194514801228]
Period: 4404.964414445565 log Prob: -39.76418158128728 Param: [1.8876762922992552e-6, 224.7012322302145, 2.433503761799271e6, -0.008883343932173335, -0.02981960987696859, 1.6499082370132675e-6, 365.2581314036385, 2.433624392118101e6, -0.042497968696077186, -0.031381877116621416, 0.0019744604661874414, 4404.964414445565, 2.4361227325743497e6, -0.07821725857437406, 0.1611536583720074]
Period: 4406.283853449569 log Prob: -39.763393727756934 Param: [1.8891475163762512e-6, 224.7012330730319, 2.43350376179209e6, -0.008773859549684, -0.029801927606173544, 1.6501921764112697e-6, 365.258135527748, 2.433624392097875e6, -0.042384513648453546, -0.03135331311081123, 0.0019814399931993324, 4406.283853449569, 2.436122131583533e6, -0.07807522327499407, 0.1608248096928962]
Period: 4407.6036876711305 log Prob: -39.0123542093747 Param: [9.218232906484755e-6, 224.70135886970513, 2.4335037607573792e6, 0.19643033719484823, -0.09829634317186647, 1.7950551804366845e-6, 365.258417386041, 2.4336243908006735e6, 0.14990603206250258, -0.08392293129855989, -0.0005844508346593341, 4407.6036876711305, 2.4401369909544108e6, 0.898918651663163, 0.6553324611288655]
Period: 4408.923917228634 log Prob: -39.761819000736565 Param: [1.8893928033364238e-6, 224.70123489082283, 2.433503761776707e6, -0.008653538352995172, -0.02986227091684753, 1.6507022723468114e-6, 365.25814373008785, 2.4336243920576945e6, -0.04226003966209857, -0.031389156447994136, 0.0019877423437137504, 4408.923917228634, 2.4405307176292287e6, -0.07861632103826068, 0.16081205704700943]
Period: 4410.244542240494 log Prob: -39.761031010332836 Param: [1.8899060977645606e-6, 224.70123557985923, 2.4335037617709176e6, -0.008636314226387267, -0.029720750928240267, 1.651538868152134e-6, 365.2581475755432, 2.4336243920386797e6, -0.042216993637445445, -0.03125183570917696, 0.0019988723676550527, 4410.244542240494, 2.4361219262901205e6, -0.07782955216802173, 0.16038533616190592]
Period: 4411.56556282517 log Prob: -39.760245832698715 Param: [1.8906177776705953e-6, 224.70123632057525, 2.4335037617645627e6, -0.008554508185056287, -0.029697345570560727, 1.6515832391600988e-6, 365.2581511807282, 2.4336243920209706e6, -0.04213623770464093, -0.031220842469407525, 0.002004709368075251, 4411.56556282517, 2.440533085934084e6, -0.07775143967117366, 0.16013629227755893]
Period: 4412.8869791011375 log Prob: -39.75946044485234 Param: [1.8906420218215345e-6, 224.70123710145361, 2.4335037617579736e6, -0.008503202599959197, -0.02980437931492309, 1.6520257433743798e-6, 365.2581542458263, 2.433624392006046e6, -0.04208404622908236, -0.03130660167953745, 0.0020023202288736524, 4412.8869791011375, 2.4361213662434816e6, -0.07856622812634313, 0.16040703054575584]
Period: 4414.208791186927 log Prob: -39.75867451092118 Param: [1.8920834323221909e-6, 224.70123801193864, 2.4335037617501984e6, -0.00839867146549259, -0.029768115585274424, 1.65237496635129e-6, 365.25815878842604, 2.433624391983518e6, -0.041970618131577736, -0.03125596848986666, 0.002010943801967189, 4414.208791186927, 2.436120921625997e6, -0.07824484924861505, 0.16003119961604875]
Period: 4415.530999201094 log Prob: -39.75789013922875 Param: [1.8930459463715651e-6, 224.70123896903874, 2.4335037617420647e6, -0.008334704295212755, -0.029751710395696022, 1.6528519277873752e-6, 365.25816336196, 2.433624391960965e6, -0.0418900541710122, -0.031234560986807006, 0.0020168644508000697, 4415.530999201094, 2.43612072891774e6, -0.07821730879156026, 0.1598825580403688]
Period: 4416.8536032622405 log Prob: -39.757106270093004 Param: [1.8938139033566124e-6, 224.70123969923677, 2.433503761735872e6, -0.008278381612938299, -0.02967574356171958, 1.6533060987172052e-6, 365.2581671213839, 2.4336243919424717e6, -0.041817180541183024, -0.03115469508698768, 0.002025301504532168, 4416.8536032622405, 2.440537370099367e6, -0.07783126202132754, 0.15954323190789232]
Period: 4418.176603488986 log Prob: -39.75632390864306 Param: [1.893356448373551e-6, 224.7012403113466, 2.433503761730669e6, -0.008246445973535946, -0.029603729441797674, 1.6537712414677944e-6, 365.2581701952118, 2.4336243919274574e6, -0.04178907760275584, -0.031091492968684804, 0.00203040197367717, 4418.176603488986, 2.436120675212335e6, -0.07771969308931471, 0.15945077731596305]
Period: 4419.5 log Prob: -39.75554132626464 Param: [1.8932892811590937e-6, 224.70124129553108, 2.433503761722339e6, -0.008206341635364994, -0.02974360797931532, 1.6536066807361826e-6, 365.2581741796832, 2.433624391907903e6, -0.041750899446550915, -0.031200521012025598, 0.0020291530148023418, 4419.5, 2.4405401644505267e6, -0.07843971009505706, 0.15970690021897155]
Finished 3-planet fit w/ fixed period: [9.218232906484755e-6, 224.70135886970513, 2.4335037607573792e6, 0.19643033719484823, -0.09829634317186647, 1.7950551804366845e-6, 365.258417386041, 2.4336243908006735e6, 0.14990603206250258, -0.08392293129855989, -0.0005844508346593341, 4407.6036876711305, 2.4401369909544108e6, 0.898918651663163, 0.6553324611288655]
Finished global 3-planet fit.
Maximum: -38.961236428355534 Param: [8.692157684462763e-6, 224.70143845085002, 2.4335037601451543e6, 0.19532680601805374, -0.10584413186038408, 1.8419720689777437e-6, 365.25876909443804, 2.4336243892915e6, 0.14792358802487415, -0.09008662663291378, -0.0005767153974142624, 4614.317365880801, 2.440538218062408e6, 1.0727663254715858, 0.7759589549034424]
1792.804900 seconds (398.95 M allocations: 51.228 GiB, 0.73% gc time)
