args = ["full", "120.0", "30", "ppmp"]
Initial parameters: [3.0e-6, 224.70078807962625, 2.433503768449614e6, 0.01, 0.01, 3.0e-6, 365.2564280718914, 2.4336244076450504e6, 0.01, 0.01]
Initial chi-square: 142.4552635285363
Finished 2-planet fit: [5.0491244450008565e-6, 224.70079159346707, 2.433503768394615e6, -0.01284661775220002, -0.010035691396725227, 2.907666166681803e-6, 365.2564382252678, 2.433624407546787e6, 0.009226476562392063, -0.005285367676311465]
New 2-planet chi-square: 102.32428270400038
Finished 3-planet fit w/ fixed period: [4.325627303237076e-6, 224.70079750016112, 2.433503768222351e6, -0.06213202058943493, -0.037643115881694084, 2.6111223041466103e-6, 365.25646752770336, 2.433624407020048e6, -0.030131276756980793, -0.025867128448867505, 0.0005442368570260724, 3944.6999999999994, 2.4403299548392496e6, 0.09023286043191064, 0.13926514413949362]
Finished global 3-planet fit.
New 3-planet chi-square: 70.82088351358136
Maximum: -166.14600296139997 Param: [4.347610366972319e-6, 224.7007978393434, 2.43350376822214e6, -0.06005904498030866, -0.035527666673304974, 2.618728894799224e-6, 365.2564669272958, 2.433624407054682e6, -0.02864060258128805, -0.024246165296947297, 0.0005572190644309645, 3876.001560589205, 2.440314245191088e6, 0.10239155142863761, 0.13485655050991024]
Finished lunar search.
3-planet lunar chi-square: 67.3747759780781
Maximum: -164.20055746469455 Param: [4.134696789698108e-6, 224.70079756486348, 2.433503768230648e6, -0.05619981215102532, -0.045833964033700304, 2.6295346892565366e-6, 365.25646409417527, 2.433624407085587e6, -0.026043979480877617, -0.032312994797667964, 0.0004912986746000887, 3868.177829398243, 2.440298438869617e6, 0.08965087834275526, 0.14854842489514786, -0.0004932637537632512, 0.0005002324466407687, 2.21110446886624]
1731.003353 seconds (705.81 M allocations: 81.788 GiB, 0.92% gc time)
Parameters from fit: [4.134696789698108e-6, 224.70079756486348, 2.433503768230648e6, -0.05619981215102532, -0.045833964033700304, 2.6295346892565366e-6, 365.25646409417527, 2.433624407085587e6, -0.026043979480877617, -0.032312994797667964, 0.0004912986746000887, 3868.177829398243, 2.440298438869617e6, 0.08965087834275526, 0.14854842489514786, -0.0004932637537632512, 0.0005002324466407687, 2.21110446886624]
Maximum log Prob from fit: -164.20055746469455
Step: 8 Walker: 22 Trial Log Prob: 490.1769588742167 Prob: 0.7579918543533066 Frac: 0.3333333333333333
Step: 66 Walker: 27 Trial Log Prob: 490.1449139854049 Prob: 0.4718120335720423 Frac: 0.3314006713457431
Step: 138 Walker: 21 Trial Log Prob: 491.9386616681129 Prob: 30.74259601155183 Frac: 0.3187308979770048
Step: 530 Walker: 42 Trial Log Prob: 476.67484561968473 Prob: 0.0009787077943177569 Frac: 0.2921636720519402
Step: 929 Walker: 48 Trial Log Prob: 495.6970824507276 Prob: 0.00024490049813317787 Frac: 0.29030313468825353
Step: 947 Walker: 2 Trial Log Prob: 471.67449678134125 Prob: 0.0001297443322613408 Frac: 0.29011458289290093
Number of steps: 1000 Acceptance Rate: 0.28966
Step: 1026 Walker: 18 Trial Log Prob: 481.6607659785958 Prob: 0.9582006928625048 Frac: 0.2744479495268139
Step: 1071 Walker: 15 Trial Log Prob: 493.0280838726666 Prob: 3.2445105469264228e-6 Frac: 0.2728307254623044
Step: 1161 Walker: 43 Trial Log Prob: 484.0335599650293 Prob: 3.1681152154915213 Frac: 0.2750217580504787
Step: 1361 Walker: 6 Trial Log Prob: 495.0143832552511 Prob: 0.24152330771688393 Frac: 0.26779962234810617
Step: 1517 Walker: 17 Trial Log Prob: -Inf Prob: 0.0 Frac: 0.2630437308750048
Step: 1600 Walker: 27 Trial Log Prob: 496.1701150533089 Prob: 3.91717293935633e-5 Frac: 0.2585982586649765
Step: 1676 Walker: 4 Trial Log Prob: -Inf Prob: 0.0 Frac: 0.2546957397641761
Step: 1961 Walker: 30 Trial Log Prob: 443.471342617278 Prob: 3.478425957566254e-20 Frac: 0.2451800957734749
Number of steps: 2000 Acceptance Rate: 0.2449
Step: 2153 Walker: 19 Trial Log Prob: 482.97162953762745 Prob: 0.42672193258587104 Frac: 0.20908255676597978
Step: 2194 Walker: 28 Trial Log Prob: -Inf Prob: 0.0 Frac: 0.2118206240958876
Step: 2380 Walker: 46 Trial Log Prob: -Inf Prob: 0.0 Frac: 0.21504527268898715
Step: 2619 Walker: 25 Trial Log Prob: -Inf Prob: 0.0 Frac: 0.21655618431689572
Step: 2724 Walker: 9 Trial Log Prob: 496.8525586460844 Prob: 0.0024589139523045075 Frac: 0.21861777150916784
Number of steps: 3000 Acceptance Rate: 0.2197
Step: 3493 Walker: 33 Trial Log Prob: 497.42068791704105 Prob: 0.007774513375761833 Frac: 0.24122112613161206
Step: 3515 Walker: 42 Trial Log Prob: 456.13103181961145 Prob: 1.2036337132401503e-9 Frac: 0.24147307901483955
Step: 3622 Walker: 4 Trial Log Prob: 494.81991198549645 Prob: 0.11898964735025262 Frac: 0.24190120435370643
Step: 3907 Walker: 28 Trial Log Prob: 496.5063232640299 Prob: 0.9940457862168054 Frac: 0.23885898340981293
Step: 3986 Walker: 18 Trial Log Prob: 490.11181414879127 Prob: 0.8419601613923566 Frac: 0.238511812941463
Number of steps: 4000 Acceptance Rate: 0.23848
Step: 4138 Walker: 7 Trial Log Prob: -Inf Prob: 0.0 Frac: 0.2467551407320986
Step: 4148 Walker: 39 Trial Log Prob: -Inf Prob: 0.0 Frac: 0.2453647313574232
Step: 4375 Walker: 40 Trial Log Prob: -Inf Prob: 0.0 Frac: 0.23463180362860192
Step: 4536 Walker: 36 Trial Log Prob: 488.34457139638755 Prob: 0.47936818212794713 Frac: 0.23519749122676026
Step: 4761 Walker: 27 Trial Log Prob: -Inf Prob: 0.0 Frac: 0.23420201435821916
Number of steps: 5000 Acceptance Rate: 0.23282
Step: 5473 Walker: 31 Trial Log Prob: 486.6793279427397 Prob: 7.393079784793096e-5 Frac: 0.22449325039143497
Step: 5809 Walker: 28 Trial Log Prob: 491.73845207390065 Prob: 0.00018589219763686635 Frac: 0.22291481151677056
Step: 5911 Walker: 27 Trial Log Prob: 487.7972526510249 Prob: 0.09145584180632525 Frac: 0.22294462626573242
Number of steps: 6000 Acceptance Rate: 0.2221
Step: 6162 Walker: 20 Trial Log Prob: 494.2682092298678 Prob: 0.00123667037462307 Frac: 0.20557620817843866
Step: 6385 Walker: 37 Trial Log Prob: 477.2480254786648 Prob: 0.006258085613737321 Frac: 0.20211051619275355
Step: 6645 Walker: 39 Trial Log Prob: -Inf Prob: 0.0 Frac: 0.204131641800304
Number of steps: 7000 Acceptance Rate: 0.2051
Step: 7009 Walker: 41 Trial Log Prob: 493.782319047204 Prob: 2.700178053750223 Frac: 0.20408163265306123
Step: 7010 Walker: 1 Trial Log Prob: 491.5071353251 Prob: 0.45338561831397695 Frac: 0.2106430155210643
Step: 7078 Walker: 31 Trial Log Prob: 492.7340371165536 Prob: 0.03410341054575201 Frac: 0.20896676114403503
Step: 7364 Walker: 34 Trial Log Prob: -Inf Prob: 0.0 Frac: 0.20375054993400793
Step: 7374 Walker: 21 Trial Log Prob: 493.70989257257173 Prob: 0.0026312907952414383 Frac: 0.20395265384821382
Step: 7648 Walker: 37 Trial Log Prob: 478.3137815762394 Prob: 0.01151304158390659 Frac: 0.20282829530367122
Step: 7846 Walker: 21 Trial Log Prob: 476.2777899638923 Prob: 0.0008842142477461178 Frac: 0.20219535852002554
Number of steps: 8000 Acceptance Rate: 0.2003
Step: 8066 Walker: 3 Trial Log Prob: -Inf Prob: 0.0 Frac: 0.1912081155856133
Step: 8103 Walker: 38 Trial Log Prob: 481.6549907688302 Prob: 0.5430177423915707 Frac: 0.19599065784351888
Step: 8164 Walker: 50 Trial Log Prob: -Inf Prob: 0.0 Frac: 0.19585365853658537
Step: 8206 Walker: 3 Trial Log Prob: 497.2767391002522 Prob: 0.00010071479657344891 Frac: 0.1920413537501219
Step: 8319 Walker: 25 Trial Log Prob: -Inf Prob: 0.0 Frac: 0.18656200941915227
Step: 8437 Walker: 23 Trial Log Prob: 495.8783893568099 Prob: 1.5045482063952258 Frac: 0.18714200614031068
Step: 8525 Walker: 20 Trial Log Prob: 475.55584611742785 Prob: 0.00028176561112997823 Frac: 0.1860793287566743
Step: 8808 Walker: 32 Trial Log Prob: 493.2647056042292 Prob: 0.0006794558406865084 Frac: 0.18533009756822347
Step: 8871 Walker: 48 Trial Log Prob: 449.36805400811625 Prob: 4.7174590124657985e-18 Frac: 0.18570313217598972
Step: 8978 Walker: 14 Trial Log Prob: 496.3752158527059 Prob: 0.5823763586270475 Frac: 0.18625163719711854
Number of steps: 9000 Acceptance Rate: 0.1865
Step: 9078 Walker: 22 Trial Log Prob: 490.2756954499049 Prob: 1.4339787141611837 Frac: 0.18388429752066116
Step: 9166 Walker: 35 Trial Log Prob: 494.6858471583829 Prob: 0.03758567842111588 Frac: 0.17827398913699458
Step: 9187 Walker: 24 Trial Log Prob: 481.8936325809717 Prob: 0.00031364234767169936 Frac: 0.17728442728442728
Step: 9282 Walker: 23 Trial Log Prob: -Inf Prob: 0.0 Frac: 0.1840403609749165
Step: 9355 Walker: 27 Trial Log Prob: 496.1688483883476 Prob: 0.10073553937645544 Frac: 0.18113612004287247
Step: 9444 Walker: 12 Trial Log Prob: 454.02187479350346 Prob: 7.521992320432563e-13 Frac: 0.18026351412327407
Step: 9678 Walker: 18 Trial Log Prob: 471.7066594732759 Prob: 2.0138078572220852e-5 Frac: 0.1781327506791071
Number of steps: 10000 Acceptance Rate: 0.17432
Step: 10127 Walker: 29 Trial Log Prob: 489.28947452356266 Prob: 0.273094395254365 Frac: 0.16369094643703586
Step: 10450 Walker: 3 Trial Log Prob: 478.59312092871596 Prob: 0.006334088762114716 Frac: 0.1569055360085512
Step: 10565 Walker: 46 Trial Log Prob: -Inf Prob: 0.0 Frac: 0.15726120512638958
Step: 10601 Walker: 19 Trial Log Prob: 486.3572245829284 Prob: 1.270730247603836 Frac: 0.15740031313501449
Step: 10685 Walker: 33 Trial Log Prob: 499.2311003119194 Prob: 0.07282235926932978 Frac: 0.15856045336371338
Number of steps: 11000 Acceptance Rate: 0.15448
Step: 11340 Walker: 8 Trial Log Prob: 489.1040188874494 Prob: 0.0002755223556704704 Frac: 0.14848449109564807
Step: 11705 Walker: 44 Trial Log Prob: -Inf Prob: 0.0 Frac: 0.1500113494495517
Step: 11906 Walker: 12 Trial Log Prob: 447.77276271100163 Prob: 3.5448998374048564e-15 Frac: 0.14944103221245195
Step: 11998 Walker: 46 Trial Log Prob: 491.88552941659947 Prob: 1.4021031784393225e-6 Frac: 0.14915023248356582
Number of steps: 12000 Acceptance Rate: 0.14912
Step: 12134 Walker: 12 Trial Log Prob: 486.59437385419886 Prob: 4.918927178050302e-7 Frac: 0.14094866406484538
Step: 12166 Walker: 3 Trial Log Prob: 486.6684068110102 Prob: 0.8421316252188374 Frac: 0.14322064703744092
Step: 12478 Walker: 25 Trial Log Prob: 495.9143715775447 Prob: 0.14318353635716694 Frac: 0.15258638743455497
Step: 12615 Walker: 3 Trial Log Prob: 482.41586442666954 Prob: 0.0006429540576949833 Frac: 0.15294922320294435
Step: 12650 Walker: 42 Trial Log Prob: 481.05641857752966 Prob: 3.94327198065735e-8 Frac: 0.15397636341253232
Step: 12839 Walker: 44 Trial Log Prob: 462.7688403359095 Prob: 1.681513649112735e-9 Frac: 0.1538003051687965
Step: 12906 Walker: 22 Trial Log Prob: 500.6179903793414 Prob: 0.18167850840321698 Frac: 0.15400247393532426
Step: 12939 Walker: 25 Trial Log Prob: 487.44793340519425 Prob: 0.9912394256626209 Frac: 0.1534789557805008
Number of steps: 13000 Acceptance Rate: 0.15364
Step: 13079 Walker: 23 Trial Log Prob: 494.6707861945655 Prob: 0.00843050569507526 Frac: 0.15574815192454755
Step: 13106 Walker: 30 Trial Log Prob: -Inf Prob: 0.0 Frac: 0.1543560606060606
Step: 13293 Walker: 39 Trial Log Prob: -Inf Prob: 0.0 Frac: 0.15014686795546145
Number of steps: 14000 Acceptance Rate: 0.14722
Step: 14221 Walker: 44 Trial Log Prob: -Inf Prob: 0.0 Frac: 0.14007605939876855
Step: 14312 Walker: 32 Trial Log Prob: 492.54242060966345 Prob: 0.7271482916120529 Frac: 0.13797972018996277
Step: 14569 Walker: 13 Trial Log Prob: 498.08778517050695 Prob: 0.007790947685212256 Frac: 0.1358533065850139
Step: 14617 Walker: 45 Trial Log Prob: 416.76019154175594 Prob: 5.696556880345575e-27 Frac: 0.13535419030637055
Step: 14829 Walker: 2 Trial Log Prob: 444.994114667473 Prob: 5.247436543412531e-23 Frac: 0.13438964301241485
Step: 14947 Walker: 47 Trial Log Prob: 484.8275221962414 Prob: 1.8438101686412174e-6 Frac: 0.1346653431051598
Step: 14985 Walker: 21 Trial Log Prob: -Inf Prob: 0.0 Frac: 0.1339875256496211
Number of steps: 15000 Acceptance Rate: 0.13354
Step: 15047 Walker: 29 Trial Log Prob: 473.0565954430725 Prob: 2.41077192443586e-10 Frac: 0.1395448690425075
Step: 15279 Walker: 3 Trial Log Prob: -Inf Prob: 0.0 Frac: 0.13248939077896857
Step: 15296 Walker: 4 Trial Log Prob: -Inf Prob: 0.0 Frac: 0.13264199539108038
Step: 15398 Walker: 11 Trial Log Prob: 480.51821453483063 Prob: 0.6907618987435092 Frac: 0.13473641810583556
Step: 15740 Walker: 19 Trial Log Prob: 488.13143912733125 Prob: 0.007561965824919474 Frac: 0.12978441396846005
Number of steps: 16000 Acceptance Rate: 0.1277
Step: 16045 Walker: 49 Trial Log Prob: 460.54172332967454 Prob: 1.651196328829375e-12 Frac: 0.1231658514895509
Step: 16907 Walker: 12 Trial Log Prob: 427.15307949759665 Prob: 3.1113285833621414e-28 Frac: 0.12129237288135593
Step: 16976 Walker: 37 Trial Log Prob: 481.4018528156913 Prob: 0.00011658940643414233 Frac: 0.12074937995777564
Number of steps: 17000 Acceptance Rate: 0.12056
Step: 17224 Walker: 42 Trial Log Prob: 477.5509825698099 Prob: 0.004245063015151775 Frac: 0.11481415296640457
Step: 17227 Walker: 10 Trial Log Prob: 491.18495871983777 Prob: 1.0667251781700888 Frac: 0.11529619805481875
Step: 17624 Walker: 41 Trial Log Prob: 486.4824067227933 Prob: 0.0036408475544334198 Frac: 0.11371870090731301
Step: 17995 Walker: 30 Trial Log Prob: 493.3367424157901 Prob: 8.633459527705347e-5 Frac: 0.11634828071586567
Number of steps: 18000 Acceptance Rate: 0.11634
Step: 18189 Walker: 34 Trial Log Prob: 452.0711921665135 Prob: 4.353659079774612e-20 Frac: 0.1138435446258215
Number of steps: 19000 Acceptance Rate: 0.10916
Step: 19064 Walker: 36 Trial Log Prob: 496.8226449393763 Prob: 0.056322474742562315 Frac: 0.10546139359698682
Step: 19445 Walker: 48 Trial Log Prob: 486.39699651387195 Prob: 8.061252067919571e-6 Frac: 0.10270586120100683
Step: 19448 Walker: 45 Trial Log Prob: 475.67948652347974 Prob: 2.459973839803879e-8 Frac: 0.10221031480241126
Step: 19733 Walker: 32 Trial Log Prob: 478.1458829460982 Prob: 0.00020153624844121673 Frac: 0.10084079493339157
Step: 19846 Walker: 7 Trial Log Prob: 492.2348262186593 Prob: 0.010454254891686533 Frac: 0.10071704096362732
Step: 19969 Walker: 28 Trial Log Prob: 488.9112372728903 Prob: 1.578896947236986e-5 Frac: 0.10035516643264228
Number of steps: 20000 Acceptance Rate: 0.09968
Step: 20018 Walker: 49 Trial Log Prob: 481.79699388191295 Prob: 0.001248256686206569 Frac: 0.0878754171301446
Step: 20076 Walker: 15 Trial Log Prob: -Inf Prob: 0.0 Frac: 0.0903054448871182
Step: 20157 Walker: 30 Trial Log Prob: 498.23204451783425 Prob: 0.42925507424271475 Frac: 0.09425287356321839
Step: 20510 Walker: 6 Trial Log Prob: 490.0138464832528 Prob: 0.8892444681031378 Frac: 0.10284412319296041
Step: 20744 Walker: 30 Trial Log Prob: -2.5797911908449475e6 Prob: 0.0 Frac: 0.10161377084454007
Step: 20827 Walker: 38 Trial Log Prob: 438.6642077350117 Prob: 3.331071251235417e-19 Frac: 0.10102085248439692
Step: 20939 Walker: 39 Trial Log Prob: 446.19982854600875 Prob: 1.0375373709831329e-17 Frac: 0.10023647712989199
Number of steps: 21000 Acceptance Rate: 0.10054
Step: 21082 Walker: 2 Trial Log Prob: 459.30781319708206 Prob: 2.5434774727270035e-12 Frac: 0.08958538993089832
Step: 21336 Walker: 48 Trial Log Prob: 457.63038456043677 Prob: 2.044932707386296e-11 Frac: 0.09382069293963567
Step: 21388 Walker: 46 Trial Log Prob: 471.9899589304611 Prob: 1.8074803624406362e-12 Frac: 0.09568983295524851
Step: 21579 Walker: 47 Trial Log Prob: 323.82432683328545 Prob: 1.3256725920618224e-67 Frac: 0.09527757626006149
Step: 21585 Walker: 42 Trial Log Prob: 430.77746676289166 Prob: 4.149819486981003e-24 Frac: 0.0953765132343889
Step: 21982 Walker: 29 Trial Log Prob: -Inf Prob: 0.0 Frac: 0.09747549868579229
Number of steps: 22000 Acceptance Rate: 0.09766
Step: 22233 Walker: 18 Trial Log Prob: 479.2562163454936 Prob: 7.074304567178505e-10 Frac: 0.0907212945429506
Step: 22236 Walker: 35 Trial Log Prob: 413.4803085459097 Prob: 5.689451302493214e-32 Frac: 0.09087823504454816
Step: 22642 Walker: 43 Trial Log Prob: 483.1484244579388 Prob: 2.3186116156148744e-8 Frac: 0.0942884741220827
Step: 22834 Walker: 49 Trial Log Prob: 475.0842943007685 Prob: 7.713766565986e-10 Frac: 0.0940550133096717
Step: 22948 Walker: 36 Trial Log Prob: -Inf Prob: 0.0 Frac: 0.09378297387414004
Number of steps: 23000 Acceptance Rate: 0.09374
Step: 23417 Walker: 25 Trial Log Prob: -Inf Prob: 0.0 Frac: 0.08451380552220888
Step: 23714 Walker: 43 Trial Log Prob: 476.4047482434976 Prob: 1.168289643475725e-9 Frac: 0.0846384445129297
Step: 23725 Walker: 21 Trial Log Prob: -Inf Prob: 0.0 Frac: 0.08478506943485824
Number of steps: 24000 Acceptance Rate: 0.08526
Step: 24046 Walker: 33 Trial Log Prob: 487.64205963828925 Prob: 0.0027041653462469574 Frac: 0.07840560665790626
Step: 24256 Walker: 17 Trial Log Prob: 496.1894141077661 Prob: 0.0007658026196896661 Frac: 0.09085924649486958
Step: 24269 Walker: 21 Trial Log Prob: -Inf Prob: 0.0 Frac: 0.09075329707175323
Step: 24380 Walker: 18 Trial Log Prob: 487.9235692238955 Prob: 0.04387048306924938 Frac: 0.08988823281315901
Step: 24419 Walker: 27 Trial Log Prob: 473.90984413565764 Prob: 4.6614212194123273e-7 Frac: 0.09069622975103933
Step: 24532 Walker: 11 Trial Log Prob: 490.4732131927507 Prob: 1.4308669836707846 Frac: 0.09016979782387712
Step: 24534 Walker: 42 Trial Log Prob: 461.749658396043 Prob: 9.689888227591477e-16 Frac: 0.0904390828712723
Step: 24599 Walker: 44 Trial Log Prob: 466.1971969222223 Prob: 6.385575191805334e-12 Frac: 0.0901015228426396
Step: 24756 Walker: 5 Trial Log Prob: -Inf Prob: 0.0 Frac: 0.09031916302476493
Step: 24948 Walker: 45 Trial Log Prob: 477.36494868355345 Prob: 2.814438402412907e-9 Frac: 0.08927102014980483
Number of steps: 25000 Acceptance Rate: 0.08872
Step: 25420 Walker: 25 Trial Log Prob: -Inf Prob: 0.0 Frac: 0.0867222884386174
Step: 25546 Walker: 32 Trial Log Prob: 467.2905776526087 Prob: 2.0373998645089566e-8 Frac: 0.08514771644307602
Number of steps: 26000 Acceptance Rate: 0.0867
Step: 26010 Walker: 46 Trial Log Prob: 492.72628497508623 Prob: 0.006714877785263464 Frac: 0.10887096774193548
Step: 26100 Walker: 38 Trial Log Prob: 430.6689336414476 Prob: 2.1010093117717506e-24 Frac: 0.09562951082598235
Number of steps: 27000 Acceptance Rate: 0.08912
Step: 27120 Walker: 49 Trial Log Prob: 444.09714687346946 Prob: 4.5662225354207586e-20 Frac: 0.09518253042173695
Step: 27127 Walker: 43 Trial Log Prob: 489.401658148872 Prob: 6.61478964745917e-5 Frac: 0.09538073466813811
Step: 27305 Walker: 37 Trial Log Prob: 484.6380325946687 Prob: 1.0547645757727007 Frac: 0.08787819124499574
Step: 27488 Walker: 24 Trial Log Prob: 333.7021685132266 Prob: 5.9436762373685394e-64 Frac: 0.08582916222203987
Step: 27556 Walker: 11 Trial Log Prob: 458.31198281841074 Prob: 8.98842415711288e-18 Frac: 0.08601995605345629
Step: 27611 Walker: 6 Trial Log Prob: 446.43272861525475 Prob: 2.248897250764555e-16 Frac: 0.08621254835114403
Step: 27622 Walker: 50 Trial Log Prob: 483.565704030353 Prob: 2.602293089773208e-9 Frac: 0.08636655948553054
Number of steps: 28000 Acceptance Rate: 0.09068
Step: 28144 Walker: 6 Trial Log Prob: 439.5704166688893 Prob: 1.2078988846183606e-20 Frac: 0.08342649524874231
Step: 28403 Walker: 2 Trial Log Prob: -Inf Prob: 0.0 Frac: 0.08964282160979008
Step: 28715 Walker: 31 Trial Log Prob: -Inf Prob: 0.0 Frac: 0.08841062382804847
Number of steps: 29000 Acceptance Rate: 0.08786
Step: 29140 Walker: 21 Trial Log Prob: -Inf Prob: 0.0 Frac: 0.0883660880791852
Step: 29522 Walker: 6 Trial Log Prob: 474.19829622633745 Prob: 2.2272686823481024e-8 Frac: 0.08665950260976359
Step: 29886 Walker: 35 Trial Log Prob: 498.2180230049031 Prob: 0.010257254239623391 Frac: 0.08634977983515864
Number of steps: 30000 Acceptance Rate: 0.08574
Step: 30036 Walker: 20 Trial Log Prob: 461.63298321424566 Prob: 4.95321451169287e-15 Frac: 0.09774011299435029
Step: 30262 Walker: 40 Trial Log Prob: 491.38766693154935 Prob: 0.00010636810577696672 Frac: 0.08884644766997708
Step: 30525 Walker: 41 Trial Log Prob: 464.1367067607699 Prob: 1.1808255172973672e-11 Frac: 0.08475286764986091
Step: 30861 Walker: 33 Trial Log Prob: 489.2165324008106 Prob: 0.010268706483247236 Frac: 0.08272720935096321
Number of steps: 31000 Acceptance Rate: 0.08208
Step: 31350 Walker: 3 Trial Log Prob: 452.87535018860456 Prob: 4.370881489205349e-14 Frac: 0.06984472583509999
Step: 31444 Walker: 7 Trial Log Prob: 469.69618635512103 Prob: 1.969462048042326e-9 Frac: 0.07054204089001219
Step: 31691 Walker: 28 Trial Log Prob: 442.7977048482498 Prob: 1.2696141893633729e-15 Frac: 0.0697694624652456
Step: 31746 Walker: 31 Trial Log Prob: 473.35822096793805 Prob: 4.5863049149307043e-7 Frac: 0.06990155843459135
Step: 31897 Walker: 41 Trial Log Prob: 458.67254541214334 Prob: 1.7717925899013113e-14 Frac: 0.07018130728574296
Step: 31909 Walker: 42 Trial Log Prob: 491.8581283490809 Prob: 0.045718230176478726 Frac: 0.0703974296905946
Number of steps: 32000 Acceptance Rate: 0.07094
Step: 32058 Walker: 4 Trial Log Prob: -Inf Prob: 0.0 Frac: 0.07358093903293624
Step: 32109 Walker: 46 Trial Log Prob: 465.9489956365673 Prob: 1.2290729324222945e-10 Frac: 0.07253029746603011
Step: 32278 Walker: 47 Trial Log Prob: -Inf Prob: 0.0 Frac: 0.07044685903432396
Step: 32326 Walker: 2 Trial Log Prob: 463.3672249541596 Prob: 4.1769046780854085e-10 Frac: 0.07217573221757322
Step: 32326 Walker: 33 Trial Log Prob: -Inf Prob: 0.0 Frac: 0.07222256340969109
Step: 32608 Walker: 25 Trial Log Prob: -Inf Prob: 0.0 Frac: 0.07407407407407407
Step: 32669 Walker: 48 Trial Log Prob: 482.69622186332236 Prob: 6.23426814570381e-11 Frac: 0.074563501554652
Step: 32867 Walker: 19 Trial Log Prob: 461.9990643436254 Prob: 2.3972923674507898e-8 Frac: 0.07463237840208685
Step: 32882 Walker: 6 Trial Log Prob: -Inf Prob: 0.0 Frac: 0.07479117486834938
Step: 32942 Walker: 50 Trial Log Prob: 474.73593230322945 Prob: 2.3547865679860536e-7 Frac: 0.07473460721868365
Number of steps: 33000 Acceptance Rate: 0.07442
Step: 33104 Walker: 6 Trial Log Prob: 476.0322681215854 Prob: 9.332979469708638e-9 Frac: 0.06962761830876649
Step: 33227 Walker: 31 Trial Log Prob: 474.61879941057884 Prob: 1.3384568700333228e-11 Frac: 0.07069102462271644
Step: 33290 Walker: 45 Trial Log Prob: 455.99636092153906 Prob: 1.9093333033697712e-15 Frac: 0.07161090031045188
Step: 33528 Walker: 14 Trial Log Prob: 477.8570778186118 Prob: 0.041142229330552615 Frac: 0.07278865119101806
Step: 33621 Walker: 16 Trial Log Prob: 470.4973153340233 Prob: 1.7306528939339086e-15 Frac: 0.07247872066030436
Number of steps: 34000 Acceptance Rate: 0.06992
Step: 34431 Walker: 43 Trial Log Prob: -Inf Prob: 0.0 Frac: 0.07134568073156014
Step: 34661 Walker: 17 Trial Log Prob: -Inf Prob: 0.0 Frac: 0.07093315564709089
Step: 34779 Walker: 1 Trial Log Prob: 478.8037089174542 Prob: 5.7294991768992944e-11 Frac: 0.07061515128145807
Step: 34898 Walker: 21 Trial Log Prob: 482.41081226492935 Prob: 0.00858182334175811 Frac: 0.07075839629159145
Number of steps: 35000 Acceptance Rate: 0.0711
Step: 35170 Walker: 31 Trial Log Prob: -Inf Prob: 0.0 Frac: 0.06909562551585897
Step: 35325 Walker: 32 Trial Log Prob: 230.87996999437647 Prob: 3.2387447754646845e-114 Frac: 0.07275751601774273
Step: 35401 Walker: 5 Trial Log Prob: 448.18796260457367 Prob: 2.9275799323325697e-22 Frac: 0.07418145463634092
Step: 35674 Walker: 4 Trial Log Prob: 248.44176051595645 Prob: 8.397226654687828e-103 Frac: 0.07434480299518631
Number of steps: 36000 Acceptance Rate: 0.07168
Step: 36334 Walker: 38 Trial Log Prob: 476.70078586922483 Prob: 1.1816970139470861e-8 Frac: 0.06387823585810164
Step: 36362 Walker: 9 Trial Log Prob: 474.49199063607455 Prob: 4.540958716342221e-7 Frac: 0.06401240378758513
Step: 36489 Walker: 11 Trial Log Prob: 486.93220367298784 Prob: 7.606503830818236e-7 Frac: 0.06382368604317726
Step: 36491 Walker: 29 Trial Log Prob: 464.6988401171036 Prob: 1.9408286868212164e-14 Frac: 0.0636797260385666
Step: 36510 Walker: 5 Trial Log Prob: 498.43671460574507 Prob: 0.41338046650387106 Frac: 0.0634845806324887
Step: 36966 Walker: 24 Trial Log Prob: 483.88834547079637 Prob: 0.0009897755775073564 Frac: 0.06715830467746613
Number of steps: 37000 Acceptance Rate: 0.06704
Step: 37036 Walker: 28 Trial Log Prob: 489.21880607022007 Prob: 0.001791718479790484 Frac: 0.07311586051743532
Step: 37476 Walker: 50 Trial Log Prob: 306.92296837586986 Prob: 2.1785864568990637e-84 Frac: 0.06987394957983194
Step: 37740 Walker: 18 Trial Log Prob: -Inf Prob: 0.0 Frac: 0.07098030729279377
Number of steps: 38000 Acceptance Rate: 0.07112
Step: 38042 Walker: 40 Trial Log Prob: 490.10903257009187 Prob: 1.1584823229396126 Frac: 0.07368421052631578
Step: 38242 Walker: 42 Trial Log Prob: 490.89081981386516 Prob: 1.25373611323497 Frac: 0.07476017201455508
Step: 38244 Walker: 45 Trial Log Prob: 456.1869119710031 Prob: 7.776924414221121e-10 Frac: 0.07478474784747847
Step: 38267 Walker: 18 Trial Log Prob: 484.9324374758669 Prob: 0.0022705635564263665 Frac: 0.07463583120588677
Step: 38554 Walker: 22 Trial Log Prob: 454.66602878420366 Prob: 2.946346716348181e-18 Frac: 0.06960104076322636
Step: 38742 Walker: 3 Trial Log Prob: 491.36780305697977 Prob: 1.5778022189749281 Frac: 0.06927914069036245
Step: 38761 Walker: 3 Trial Log Prob: 480.2786085928981 Prob: 1.2159176807027837e-8 Frac: 0.06915243533405258
Step: 38869 Walker: 39 Trial Log Prob: 389.3571929923503 Prob: 1.2068139689836271e-43 Frac: 0.06947673749395704
Number of steps: 39000 Acceptance Rate: 0.06934
Step: 39143 Walker: 29 Trial Log Prob: 485.0921841345626 Prob: 0.8146676298849359 Frac: 0.07209987375508486
Step: 39194 Walker: 22 Trial Log Prob: 489.69389183026186 Prob: 0.013060888126744406 Frac: 0.07588916459884201
Step: 39253 Walker: 42 Trial Log Prob: -Inf Prob: 0.0 Frac: 0.07641196013289037
Step: 39492 Walker: 49 Trial Log Prob: 318.7728199864291 Prob: 2.948749163228359e-70 Frac: 0.0777673889182487
Step: 39577 Walker: 6 Trial Log Prob: 471.18970037399765 Prob: 1.577951348930838e-13 Frac: 0.077414427549816
Step: 39796 Walker: 27 Trial Log Prob: 500.46510759364514 Prob: 0.006056144304691026 Frac: 0.07655177615204767
Step: 39843 Walker: 2 Trial Log Prob: 474.24271439686663 Prob: 3.2920928121654584e-13 Frac: 0.07614840150111633
Step: 39906 Walker: 43 Trial Log Prob: 456.67208444748337 Prob: 9.092066178712739e-17 Frac: 0.07608239683836354
Step: 39960 Walker: 49 Trial Log Prob: 449.84440348872147 Prob: 1.7254578146144374e-21 Frac: 0.07664743015479489
Number of steps: 40000 Acceptance Rate: 0.0764
Step: 40163 Walker: 14 Trial Log Prob: 478.1435514331548 Prob: 4.909273483283206e-5 Frac: 0.07394626571358147
Step: 40300 Walker: 18 Trial Log Prob: -Inf Prob: 0.0 Frac: 0.07409139497594869
Step: 40364 Walker: 3 Trial Log Prob: 482.397563905055 Prob: 2.420078538674951e-7 Frac: 0.07260507905029472
Step: 40492 Walker: 30 Trial Log Prob: -Inf Prob: 0.0 Frac: 0.07331163547599674
Step: 40574 Walker: 18 Trial Log Prob: 478.6402903379941 Prob: 6.430905227332918e-9 Frac: 0.07245011859913493
Number of steps: 41000 Acceptance Rate: 0.07024
Step: 41218 Walker: 36 Trial Log Prob: 349.8096888812337 Prob: 7.279577968349613e-60 Frac: 0.07376446812419621
Step: 41568 Walker: 13 Trial Log Prob: -Inf Prob: 0.0 Frac: 0.07368755068222685
Number of steps: 42000 Acceptance Rate: 0.0693
Step: 42002 Walker: 4 Trial Log Prob: 442.16160495417625 Prob: 2.205560754900929e-25 Frac: 0.09259259259259259
Step: 42112 Walker: 43 Trial Log Prob: 474.8008475027312 Prob: 3.4001038257811075e-14 Frac: 0.06382978723404255
Step: 42526 Walker: 31 Trial Log Prob: -Inf Prob: 0.0 Frac: 0.06894714812982763
Step: 42545 Walker: 45 Trial Log Prob: -Inf Prob: 0.0 Frac: 0.06852633510735914
Step: 42893 Walker: 2 Trial Log Prob: 457.15245259607616 Prob: 1.2309812936110396e-9 Frac: 0.07185776422581946
Step: 42918 Walker: 20 Trial Log Prob: 474.5063859209704 Prob: 9.445432159364134e-12 Frac: 0.07185524307826466
Step: 42982 Walker: 30 Trial Log Prob: -Inf Prob: 0.0 Frac: 0.0724123879380603
Number of steps: 43000 Acceptance Rate: 0.07238
Step: 43553 Walker: 27 Trial Log Prob: -Inf Prob: 0.0 Frac: 0.07749665182611214
Number of steps: 44000 Acceptance Rate: 0.07888
Step: 44122 Walker: 34 Trial Log Prob: -Inf Prob: 0.0 Frac: 0.07149901380670612
Step: 44125 Walker: 22 Trial Log Prob: -Inf Prob: 0.0 Frac: 0.07184185149469624
Step: 44183 Walker: 28 Trial Log Prob: -Inf Prob: 0.0 Frac: 0.06945661700262927
Step: 44371 Walker: 21 Trial Log Prob: -Inf Prob: 0.0 Frac: 0.0675449489768371
Step: 44462 Walker: 4 Trial Log Prob: 319.7923322899398 Prob: 1.442278679954848e-70 Frac: 0.06749371041901622
Step: 44578 Walker: 9 Trial Log Prob: -Inf Prob: 0.0 Frac: 0.06885200457396307
Step: 44637 Walker: 36 Trial Log Prob: -Inf Prob: 0.0 Frac: 0.07058047493403694
Number of steps: 45000 Acceptance Rate: 0.07286
Step: 45092 Walker: 6 Trial Log Prob: 476.236452127767 Prob: 9.881349035129092e-10 Frac: 0.0695785776997366
Step: 45173 Walker: 20 Trial Log Prob: -Inf Prob: 0.0 Frac: 0.07076566125290024
Step: 45194 Walker: 48 Trial Log Prob: 493.04611949265984 Prob: 0.06527878951617498 Frac: 0.07228294493710043
Step: 45253 Walker: 15 Trial Log Prob: -Inf Prob: 0.0 Frac: 0.07253269916765755
Step: 45428 Walker: 5 Trial Log Prob: 471.46544665873114 Prob: 6.2116441529587815e-15 Frac: 0.07159915710606415
Step: 45677 Walker: 37 Trial Log Prob: -Inf Prob: 0.0 Frac: 0.07163755652096818
Step: 45785 Walker: 29 Trial Log Prob: 486.8925069209989 Prob: 0.536956122461549 Frac: 0.07071299293889724
Step: 45874 Walker: 46 Trial Log Prob: 443.33930961357436 Prob: 4.755044812433031e-19 Frac: 0.07135664591724643
Number of steps: 46000 Acceptance Rate: 0.07248
Step: 46126 Walker: 26 Trial Log Prob: 462.18352029937415 Prob: 2.4186264384146455e-11 Frac: 0.07233906947100063
Step: 46417 Walker: 10 Trial Log Prob: -Inf Prob: 0.0 Frac: 0.06511292647765497
Step: 46993 Walker: 11 Trial Log Prob: 484.3368411890743 Prob: 1.5513656657843733 Frac: 0.06798895406260708
Number of steps: 47000 Acceptance Rate: 0.06814
Step: 47329 Walker: 41 Trial Log Prob: -Inf Prob: 0.0 Frac: 0.06708837661942704
Step: 47542 Walker: 9 Trial Log Prob: 488.48833715801374 Prob: 0.00013331878206353915 Frac: 0.06556044199711741
Step: 47614 Walker: 31 Trial Log Prob: 433.023669960091 Prob: 3.1750430718576608e-24 Frac: 0.06521951696489685
Step: 47886 Walker: 31 Trial Log Prob: -Inf Prob: 0.0 Frac: 0.06429394096790948
Step: 47950 Walker: 24 Trial Log Prob: -Inf Prob: 0.0 Frac: 0.06382440915027172
Number of steps: 48000 Acceptance Rate: 0.06372
Step: 48179 Walker: 22 Trial Log Prob: 488.7344148067575 Prob: 0.014364896253527737 Frac: 0.06074871105133378
Step: 48257 Walker: 17 Trial Log Prob: 442.2460836822762 Prob: 3.1583230124727084e-20 Frac: 0.062495123663883906
Step: 48280 Walker: 4 Trial Log Prob: -Inf Prob: 0.0 Frac: 0.06284936219005303
Step: 48714 Walker: 23 Trial Log Prob: 486.04539483433075 Prob: 0.9833484588174277 Frac: 0.06265242620469262
Step: 48816 Walker: 11 Trial Log Prob: 482.41985744515836 Prob: 0.9453351016692816 Frac: 0.06211820122175609
Step: 48821 Walker: 5 Trial Log Prob: 489.36170244888655 Prob: 0.000511686425506964 Frac: 0.06213876356541885
Step: 48855 Walker: 32 Trial Log Prob: 427.18233692257604 Prob: 8.015723863326399e-28 Frac: 0.06206121875877563
Number of steps: 49000 Acceptance Rate: 0.06158
Step: 49100 Walker: 19 Trial Log Prob: 476.3807225351991 Prob: 5.0897571980178e-13 Frac: 0.05775810022137251
Step: 49162 Walker: 30 Trial Log Prob: -Inf Prob: 0.0 Frac: 0.05816831683168317
Step: 49327 Walker: 35 Trial Log Prob: -Inf Prob: 0.0 Frac: 0.05564738292011019
Step: 49371 Walker: 4 Trial Log Prob: 381.53774104159805 Prob: 1.9732355486368568e-50 Frac: 0.05469087764807609
Number of steps: 50000 Acceptance Rate: 0.05532
Burn-in Number (ends): 8926
Independent Sample Size: 346.8210360863806
2987.583736 seconds (110.72 M allocations: 2.625 TiB, 13.73% gc time)
