args = ["mcmc", "120.0", "20", "ppmp"]
Parameters from fit: [3.1271054636080914e-6, 224.70077488101484, 2.4335037685850617e6, -0.014418391462171113, 0.010895611596854662, 2.5712485941145243e-6, 365.2563252704364, 2.4336244091858855e6, 0.00811183735804495, 0.009281386490017432, 0.0029108928737804638, 5015.240298701619, 2.439514220940651e6, 0.08519530796950588, -0.0035616460281097154, 2.7400668693029502e-5, -0.0011749576438125169, 2.339553813012624]
Maximum log Prob from fit: -98.89338832374357
Step: 14 Walker: 7 Trial Log Prob: -Inf Prob: 0.0 Frac: 0.3120243531202435
Step: 174 Walker: 35 Trial Log Prob: 328.52346519671335 Prob: 0.5109505702593627 Frac: 0.2921128382268279
Step: 180 Walker: 3 Trial Log Prob: -Inf Prob: 0.0 Frac: 0.2920808667485759
Step: 590 Walker: 45 Trial Log Prob: 339.0371829250066 Prob: 0.016336549860102162 Frac: 0.28228513307340225
Number of steps: 1000 Acceptance Rate: 0.27582
Step: 1089 Walker: 34 Trial Log Prob: -Inf Prob: 0.0 Frac: 0.2602616147947677
Step: 1141 Walker: 41 Trial Log Prob: 312.0022847894352 Prob: 0.00031952248135564754 Frac: 0.25834398522937085
Step: 1254 Walker: 27 Trial Log Prob: -Inf Prob: 0.0 Frac: 0.2532933659383135
Step: 1314 Walker: 30 Trial Log Prob: 334.12023139127007 Prob: 4.587174007054716e-6 Frac: 0.25210459183673467
Step: 1567 Walker: 3 Trial Log Prob: 329.59237683350955 Prob: 0.44365652040993103 Frac: 0.2471822774970851
Step: 1764 Walker: 46 Trial Log Prob: 328.21046146610536 Prob: 1.852059489332711 Frac: 0.24622997172478794
Step: 1905 Walker: 2 Trial Log Prob: 321.00652590819027 Prob: 0.004854543850784399 Frac: 0.24408212026016549
Number of steps: 2000 Acceptance Rate: 0.2436
Step: 2504 Walker: 6 Trial Log Prob: 335.02440949191856 Prob: 0.25690242750980485 Frac: 0.2275401494673239
Step: 2668 Walker: 7 Trial Log Prob: 328.8234316695085 Prob: 4.7075913043938774e-5 Frac: 0.22196240669124923
Step: 2839 Walker: 8 Trial Log Prob: 249.72589310714943 Prob: 1.329089072318586e-26 Frac: 0.2157344659730839
Number of steps: 3000 Acceptance Rate: 0.21424
Step: 3064 Walker: 20 Trial Log Prob: -Inf Prob: 0.0 Frac: 0.19621451104100945
Step: 3073 Walker: 31 Trial Log Prob: 320.56157298176146 Prob: 0.5770760704883166 Frac: 0.19691545028917654
Step: 3274 Walker: 2 Trial Log Prob: -Inf Prob: 0.0 Frac: 0.19455024904775858
Step: 3446 Walker: 4 Trial Log Prob: 244.6085603816256 Prob: 1.78813234660286e-32 Frac: 0.18868518019232497
Step: 3670 Walker: 45 Trial Log Prob: -Inf Prob: 0.0 Frac: 0.1825645618749067
Step: 3769 Walker: 41 Trial Log Prob: 290.6360376261094 Prob: 1.300506183183047e-12 Frac: 0.17879347571603235
Number of steps: 4000 Acceptance Rate: 0.17426
Step: 4382 Walker: 29 Trial Log Prob: -Inf Prob: 0.0 Frac: 0.15514439960165627
Step: 4653 Walker: 14 Trial Log Prob: -Inf Prob: 0.0 Frac: 0.15321641013061876
Step: 4756 Walker: 14 Trial Log Prob: -Inf Prob: 0.0 Frac: 0.15181124880838895
Step: 4803 Walker: 47 Trial Log Prob: -Inf Prob: 0.0 Frac: 0.1513438114927641
Number of steps: 5000 Acceptance Rate: 0.14816
Step: 5403 Walker: 1 Trial Log Prob: 324.91533280923323 Prob: 0.00030928648950386033 Frac: 0.13168499079647777
Step: 5685 Walker: 23 Trial Log Prob: 323.2705104669601 Prob: 0.37437165724865107 Frac: 0.12687373988253514
Step: 5870 Walker: 45 Trial Log Prob: 313.1551477126157 Prob: 0.4715611057434137 Frac: 0.1242441659960915
Step: 5897 Walker: 23 Trial Log Prob: -Inf Prob: 0.0 Frac: 0.1238203600829931
Number of steps: 6000 Acceptance Rate: 0.12286
Step: 6337 Walker: 6 Trial Log Prob: 282.14193349588027 Prob: 2.258148286356861e-28 Frac: 0.10817565155301678
Number of steps: 7000 Acceptance Rate: 0.108
Step: 7048 Walker: 48 Trial Log Prob: -Inf Prob: 0.0 Frac: 0.10925771476230192
Step: 7355 Walker: 50 Trial Log Prob: 292.97234500931967 Prob: 3.774444672614982e-16 Frac: 0.10726760563380282
Step: 7481 Walker: 47 Trial Log Prob: 272.1263237246016 Prob: 8.634047547034118e-17 Frac: 0.10766415769118809
Step: 7770 Walker: 14 Trial Log Prob: 310.1485473880129 Prob: 0.00040879421565777883 Frac: 0.10539725457570716
Step: 7886 Walker: 33 Trial Log Prob: 310.2436925533669 Prob: 1.967121011605493e-6 Frac: 0.1040579906510399
Number of steps: 8000 Acceptance Rate: 0.10306
Step: 8046 Walker: 28 Trial Log Prob: -Inf Prob: 0.0 Frac: 0.0996488147497805
Step: 8262 Walker: 28 Trial Log Prob: 319.71022039563184 Prob: 3.613930346148947e-8 Frac: 0.09397461385532956
Step: 8288 Walker: 25 Trial Log Prob: 215.29149168717674 Prob: 1.9739398786037172e-44 Frac: 0.0927304347826087
Step: 8509 Walker: 50 Trial Log Prob: -Inf Prob: 0.0 Frac: 0.09013752455795677
Step: 8516 Walker: 1 Trial Log Prob: -Inf Prob: 0.0 Frac: 0.09013242204186245
Step: 8547 Walker: 28 Trial Log Prob: 324.61290241193177 Prob: 0.9628502705268347 Frac: 0.0899443793911007
Step: 8594 Walker: 11 Trial Log Prob: 318.37741980919833 Prob: 8.144461288116211e-5 Frac: 0.08954519402582516
Number of steps: 9000 Acceptance Rate: 0.08482
Step: 9155 Walker: 19 Trial Log Prob: 217.7097534576157 Prob: 1.14139692002108e-43 Frac: 0.08420779893768623
Step: 9162 Walker: 47 Trial Log Prob: 327.2910162416871 Prob: 0.2885316603274787 Frac: 0.08398172162529331
Step: 9395 Walker: 33 Trial Log Prob: 293.1212874196418 Prob: 2.062640447583155e-14 Frac: 0.08017027314650585
Step: 9400 Walker: 42 Trial Log Prob: 298.10138161608444 Prob: 8.437296939489575e-10 Frac: 0.08038215286114446
Step: 9493 Walker: 49 Trial Log Prob: 235.13491482280963 Prob: 2.513568385864661e-38 Frac: 0.08057121992778611
Step: 9496 Walker: 22 Trial Log Prob: 317.9697386324391 Prob: 1.1479550873201427 Frac: 0.08037300177619894
Step: 9517 Walker: 25 Trial Log Prob: 285.8582282739448 Prob: 1.2135033733942292e-17 Frac: 0.0802323330106486
Step: 9548 Walker: 33 Trial Log Prob: 291.4007254822302 Prob: 3.8641055557225484e-16 Frac: 0.07972099477778184
Step: 9579 Walker: 32 Trial Log Prob: 311.4854078138652 Prob: 6.450113744903284e-11 Frac: 0.08022259090280658
Step: 9895 Walker: 39 Trial Log Prob: 322.53236174368607 Prob: 0.5087583970998666 Frac: 0.0803549475848812
Number of steps: 10000 Acceptance Rate: 0.08058
Step: 10170 Walker: 28 Trial Log Prob: -Inf Prob: 0.0 Frac: 0.08280254777070063
Step: 10367 Walker: 9 Trial Log Prob: -Inf Prob: 0.0 Frac: 0.08372931345240046
Step: 10804 Walker: 41 Trial Log Prob: -Inf Prob: 0.0 Frac: 0.07932124107387226
Step: 10951 Walker: 47 Trial Log Prob: 314.65343672418226 Prob: 1.4136632737096876e-6 Frac: 0.07798599280711717
Number of steps: 11000 Acceptance Rate: 0.0782
Step: 11191 Walker: 45 Trial Log Prob: 327.223607858987 Prob: 0.0007372389877951822 Frac: 0.06862231534834992
Step: 11253 Walker: 17 Trial Log Prob: 321.89349608834436 Prob: 0.005017050749137463 Frac: 0.06736942220813188
Step: 11525 Walker: 27 Trial Log Prob: -Inf Prob: 0.0 Frac: 0.07027109467342815
Step: 11652 Walker: 23 Trial Log Prob: 295.1147198780259 Prob: 4.298137928887259e-12 Frac: 0.07193074018358764
Step: 11752 Walker: 14 Trial Log Prob: 317.23144623978743 Prob: 1.9356453187154257 Frac: 0.0730486636140986
Number of steps: 12000 Acceptance Rate: 0.07356
Step: 12016 Walker: 4 Trial Log Prob: -Inf Prob: 0.0 Frac: 0.08222811671087533
Step: 12152 Walker: 25 Trial Log Prob: 322.22047381568865 Prob: 1.4453661727412812 Frac: 0.06772277227722773
Step: 12159 Walker: 49 Trial Log Prob: 326.8968118318075 Prob: 0.001967591118956737 Frac: 0.06629764750283054
Step: 12169 Walker: 13 Trial Log Prob: -Inf Prob: 0.0 Frac: 0.06727683347200761
Step: 12207 Walker: 42 Trial Log Prob: 173.5281506391413 Prob: 2.2802954593898936e-65 Frac: 0.06642815702958808
Step: 12214 Walker: 30 Trial Log Prob: -Inf Prob: 0.0 Frac: 0.06722846441947565
Step: 12451 Walker: 21 Trial Log Prob: 312.8060718313932 Prob: 3.754441411884918e-5 Frac: 0.06727054748901026
Step: 12469 Walker: 8 Trial Log Prob: -Inf Prob: 0.0 Frac: 0.06698564593301436
Step: 12917 Walker: 35 Trial Log Prob: -Inf Prob: 0.0 Frac: 0.06975019090214901
Number of steps: 13000 Acceptance Rate: 0.0702
Step: 13205 Walker: 6 Trial Log Prob: -Inf Prob: 0.0 Frac: 0.07691553987850284
Step: 13547 Walker: 50 Trial Log Prob: 275.7001104295552 Prob: 2.6899651645067897e-20 Frac: 0.0753199268738574
Step: 13564 Walker: 37 Trial Log Prob: -Inf Prob: 0.0 Frac: 0.07478624898002625
Step: 13719 Walker: 38 Trial Log Prob: 281.83548608000444 Prob: 7.591081920107344e-14 Frac: 0.07451722410818631
Step: 13885 Walker: 17 Trial Log Prob: -Inf Prob: 0.0 Frac: 0.07519732229685415
Step: 13970 Walker: 49 Trial Log Prob: 312.12721902705397 Prob: 4.7502477502656443e-8 Frac: 0.07538299758757913
Number of steps: 14000 Acceptance Rate: 0.07552
Step: 14038 Walker: 25 Trial Log Prob: -Inf Prob: 0.0 Frac: 0.08266666666666667
Step: 14064 Walker: 17 Trial Log Prob: -3928.6972632556635 Prob: 0.0 Frac: 0.07736027786548784
Step: 14268 Walker: 6 Trial Log Prob: -Inf Prob: 0.0 Frac: 0.06843366277328541
Step: 14302 Walker: 27 Trial Log Prob: 290.5563538809688 Prob: 1.6989673751252975e-12 Frac: 0.06805067321085097
Step: 14619 Walker: 41 Trial Log Prob: -Inf Prob: 0.0 Frac: 0.06913157299376232
Step: 14725 Walker: 6 Trial Log Prob: -310.61435980728305 Prob: 1.5844189947773322e-271 Frac: 0.06791691984753909
Number of steps: 15000 Acceptance Rate: 0.06846
Step: 15287 Walker: 29 Trial Log Prob: 321.89655936025645 Prob: 0.8935820998846826 Frac: 0.07090515737315933
Step: 15346 Walker: 32 Trial Log Prob: -Inf Prob: 0.0 Frac: 0.0696678625159125
Step: 15498 Walker: 21 Trial Log Prob: -Inf Prob: 0.0 Frac: 0.0670660608741104
Step: 15585 Walker: 44 Trial Log Prob: -Inf Prob: 0.0 Frac: 0.06582546847216524
Step: 15833 Walker: 16 Trial Log Prob: 309.9207476589822 Prob: 3.9542725641000897e-14 Frac: 0.06348519800076893
Step: 15866 Walker: 44 Trial Log Prob: -590.5158098820461 Prob: 0.0 Frac: 0.06372707534531344
Number of steps: 16000 Acceptance Rate: 0.06448
Step: 16273 Walker: 17 Trial Log Prob: 309.44768905401475 Prob: 4.899843307608715e-8 Frac: 0.06337666152603363
Step: 16427 Walker: 47 Trial Log Prob: -Inf Prob: 0.0 Frac: 0.0634749613528833
Number of steps: 17000 Acceptance Rate: 0.06196
Step: 17327 Walker: 22 Trial Log Prob: -Inf Prob: 0.0 Frac: 0.07039578483029041
Step: 17825 Walker: 2 Trial Log Prob: 295.0526210697275 Prob: 9.166115180191015e-13 Frac: 0.06655016746759866
Step: 17922 Walker: 48 Trial Log Prob: 274.7263745739501 Prob: 9.818928482334773e-28 Frac: 0.0664670918478025
Number of steps: 18000 Acceptance Rate: 0.06664
Step: 18269 Walker: 27 Trial Log Prob: -Inf Prob: 0.0 Frac: 0.07067848365234229
Step: 18380 Walker: 1 Trial Log Prob: -Inf Prob: 0.0 Frac: 0.06617065062529681
Step: 18630 Walker: 36 Trial Log Prob: -Inf Prob: 0.0 Frac: 0.06536238328145842
Step: 18811 Walker: 12 Trial Log Prob: 322.2686741001925 Prob: 1.123509699801476 Frac: 0.06427725118483413
Step: 18906 Walker: 14 Trial Log Prob: 257.0705044642215 Prob: 1.169078959703167e-25 Frac: 0.06413485330505479
Step: 18969 Walker: 4 Trial Log Prob: 275.50257587157665 Prob: 3.2246869851659897e-19 Frac: 0.06394099661185026
Number of steps: 19000 Acceptance Rate: 0.06372
Step: 19096 Walker: 39 Trial Log Prob: 228.23644973050597 Prob: 3.395488596498031e-46 Frac: 0.05930256838588432
Step: 19309 Walker: 5 Trial Log Prob: -Inf Prob: 0.0 Frac: 0.06394027913015254
Step: 19512 Walker: 15 Trial Log Prob: 306.9138192397791 Prob: 2.4845896328699722e-11 Frac: 0.06364169763348328
Step: 19708 Walker: 33 Trial Log Prob: 323.0273271042524 Prob: 0.004085749795620526 Frac: 0.06480513240821864
Step: 19892 Walker: 2 Trial Log Prob: -62.000509977076945 Prob: 4.5832896610201347e-166 Frac: 0.06637188005027833
Number of steps: 20000 Acceptance Rate: 0.06648
Step: 20150 Walker: 22 Trial Log Prob: -Inf Prob: 0.0 Frac: 0.07253747323340472
Step: 20183 Walker: 13 Trial Log Prob: -Inf Prob: 0.0 Frac: 0.07110720948096126
Step: 20184 Walker: 43 Trial Log Prob: 328.3741436960507 Prob: 1.3219842517910483 Frac: 0.07114108560861525
Step: 20258 Walker: 40 Trial Log Prob: -Inf Prob: 0.0 Frac: 0.06989914662529093
Step: 20369 Walker: 44 Trial Log Prob: -Inf Prob: 0.0 Frac: 0.0686402081977879
Step: 20502 Walker: 45 Trial Log Prob: 210.65830651537374 Prob: 1.071803488300121e-43 Frac: 0.07077106993424985
Step: 20560 Walker: 1 Trial Log Prob: 273.9543962436439 Prob: 1.6426394738385695e-21 Frac: 0.07051626059890523
Step: 20998 Walker: 19 Trial Log Prob: 320.2306347298908 Prob: 3.7644717902662604e-5 Frac: 0.06661453006878021
Number of steps: 21000 Acceptance Rate: 0.06652
Step: 21225 Walker: 19 Trial Log Prob: 326.754183535415 Prob: 0.010563212953212107 Frac: 0.057046082538550674
Step: 21485 Walker: 17 Trial Log Prob: -Inf Prob: 0.0 Frac: 0.05719122930173019
Step: 21920 Walker: 38 Trial Log Prob: 306.59351885144133 Prob: 5.362997564061071e-8 Frac: 0.05736279029311994
Step: 21983 Walker: 44 Trial Log Prob: 221.32163125489018 Prob: 7.111563490797778e-51 Frac: 0.05734168972814586
Number of steps: 22000 Acceptance Rate: 0.05732
Step: 22235 Walker: 49 Trial Log Prob: -Inf Prob: 0.0 Frac: 0.05013192612137203
Step: 22279 Walker: 9 Trial Log Prob: -Inf Prob: 0.0 Frac: 0.049392479689409734
Step: 22353 Walker: 10 Trial Log Prob: 303.31700381582135 Prob: 1.3994041535135367e-12 Frac: 0.04946053378762067
Step: 22403 Walker: 20 Trial Log Prob: -Inf Prob: 0.0 Frac: 0.04930417495029821
Step: 22486 Walker: 9 Trial Log Prob: 299.2807628179561 Prob: 8.25189843638265e-11 Frac: 0.04913640298445938
Step: 22645 Walker: 12 Trial Log Prob: 264.54654803542786 Prob: 3.360085126674935e-27 Frac: 0.04957779709425059
Step: 22705 Walker: 16 Trial Log Prob: 177.39626723083157 Prob: 7.408010458828361e-63 Frac: 0.049835302135393
Number of steps: 23000 Acceptance Rate: 0.04938
Step: 23334 Walker: 17 Trial Log Prob: 83.51091443848921 Prob: 2.969659957226194e-103 Frac: 0.04565908681826363
Step: 23583 Walker: 48 Trial Log Prob: -Inf Prob: 0.0 Frac: 0.04494304926581583
Number of steps: 24000 Acceptance Rate: 0.04536
Step: 24064 Walker: 35 Trial Log Prob: -Inf Prob: 0.0 Frac: 0.04709576138147567
Step: 24157 Walker: 50 Trial Log Prob: -Inf Prob: 0.0 Frac: 0.04700636942675159
Step: 24250 Walker: 44 Trial Log Prob: -Inf Prob: 0.0 Frac: 0.047462782135425007
Step: 24298 Walker: 20 Trial Log Prob: -Inf Prob: 0.0 Frac: 0.04808338937457969
Step: 24455 Walker: 28 Trial Log Prob: -Inf Prob: 0.0 Frac: 0.04743048222456881
Step: 24536 Walker: 16 Trial Log Prob: -Inf Prob: 0.0 Frac: 0.04707464694014795
Step: 24586 Walker: 6 Trial Log Prob: -Inf Prob: 0.0 Frac: 0.04675963904840033
Step: 24787 Walker: 30 Trial Log Prob: 299.2034652527434 Prob: 1.8109970334261836e-11 Frac: 0.045715738621917114
Number of steps: 25000 Acceptance Rate: 0.04404
Step: 25018 Walker: 23 Trial Log Prob: -Inf Prob: 0.0 Frac: 0.033218785796105384
Step: 25019 Walker: 11 Trial Log Prob: -Inf Prob: 0.0 Frac: 0.031833150384193196
Step: 25131 Walker: 11 Trial Log Prob: -Inf Prob: 0.0 Frac: 0.040239594532329906
Step: 25445 Walker: 23 Trial Log Prob: 306.2205212595794 Prob: 1.9039826657715976e-14 Frac: 0.043648472303469375
Step: 25724 Walker: 26 Trial Log Prob: 321.934785219926 Prob: 0.00017614410176204973 Frac: 0.04251437417072092
Step: 25811 Walker: 4 Trial Log Prob: -Inf Prob: 0.0 Frac: 0.04194647442227928
Step: 25920 Walker: 30 Trial Log Prob: 321.18373720255954 Prob: 0.2602336823648838 Frac: 0.04173553719008265
Step: 25936 Walker: 39 Trial Log Prob: 299.28265321610917 Prob: 1.465498378415468e-11 Frac: 0.04167646241637992
Number of steps: 26000 Acceptance Rate: 0.0416
Step: 26489 Walker: 35 Trial Log Prob: 318.95872842928986 Prob: 0.005204740429266856 Frac: 0.03740536116226724
Number of steps: 27000 Acceptance Rate: 0.03926
Step: 27040 Walker: 12 Trial Log Prob: -Inf Prob: 0.0 Frac: 0.04281345565749235
Step: 27079 Walker: 7 Trial Log Prob: -Inf Prob: 0.0 Frac: 0.043255694906577935
Step: 27534 Walker: 50 Trial Log Prob: -Inf Prob: 0.0 Frac: 0.042846441947565546
Number of steps: 28000 Acceptance Rate: 0.04158
Step: 28046 Walker: 46 Trial Log Prob: 262.5832828541959 Prob: 4.428883472089668e-26 Frac: 0.03876306620209059
Step: 28298 Walker: 25 Trial Log Prob: 236.8819396330414 Prob: 8.392567493743799e-37 Frac: 0.03872268907563025
Step: 28301 Walker: 23 Trial Log Prob: 90.17587484174179 Prob: 1.8213846666618286e-101 Frac: 0.03874059775011649
Step: 28375 Walker: 47 Trial Log Prob: 321.78054112907114 Prob: 0.0033822000277478077 Frac: 0.037712700698778474
Step: 28574 Walker: 24 Trial Log Prob: 321.93790312277764 Prob: 7.186743762641411e-6 Frac: 0.03811815582060403
Step: 28805 Walker: 35 Trial Log Prob: 82.7633735293943 Prob: 2.9968861700450852e-108 Frac: 0.039319000869889396
Step: 28965 Walker: 15 Trial Log Prob: 309.38876163479875 Prob: 3.766871683343918e-13 Frac: 0.0391994192678627
Number of steps: 29000 Acceptance Rate: 0.03922
Step: 29083 Walker: 33 Trial Log Prob: 298.384625124471 Prob: 2.818301875612101e-13 Frac: 0.04572949431405759
Step: 29440 Walker: 46 Trial Log Prob: 311.8987864138239 Prob: 0.0011590120180462334 Frac: 0.04646299327150391
Step: 29527 Walker: 6 Trial Log Prob: -Inf Prob: 0.0 Frac: 0.04626320991408804
Step: 29798 Walker: 45 Trial Log Prob: 321.167336256905 Prob: 9.08276994967594e-7 Frac: 0.04639679157789196
Step: 29954 Walker: 31 Trial Log Prob: 313.38241795088555 Prob: 4.4470742707051574e-11 Frac: 0.046014135609571946
Number of steps: 30000 Acceptance Rate: 0.0459
Step: 30254 Walker: 16 Trial Log Prob: 299.4220995839936 Prob: 2.0449171198421654e-13 Frac: 0.04397599873677562
Step: 30325 Walker: 33 Trial Log Prob: -Inf Prob: 0.0 Frac: 0.04404607897492761
Step: 30610 Walker: 36 Trial Log Prob: -Inf Prob: 0.0 Frac: 0.04441382929869448
Step: 30662 Walker: 32 Trial Log Prob: -Inf Prob: 0.0 Frac: 0.04443504020313161
Step: 30787 Walker: 49 Trial Log Prob: 320.45196123375155 Prob: 2.899586977508187e-7 Frac: 0.04564283717502351
Step: 30811 Walker: 27 Trial Log Prob: -Inf Prob: 0.0 Frac: 0.04542650578626595
Number of steps: 31000 Acceptance Rate: 0.04626
Step: 31533 Walker: 23 Trial Log Prob: 319.48541646752074 Prob: 3.384742140655085e-6 Frac: 0.0446606317845472
Step: 31719 Walker: 17 Trial Log Prob: 312.2483193987116 Prob: 2.943572970645382e-5 Frac: 0.04493693794025114
Step: 31851 Walker: 26 Trial Log Prob: 303.0039855012215 Prob: 3.2846747442751834e-17 Frac: 0.04399661383624136
Step: 31994 Walker: 39 Trial Log Prob: -59.067945577108596 Prob: 2.9203358536919073e-166 Frac: 0.043349634728008214
Number of steps: 32000 Acceptance Rate: 0.04336
Step: 32023 Walker: 42 Trial Log Prob: -Inf Prob: 0.0 Frac: 0.049912434325744305
Step: 32323 Walker: 5 Trial Log Prob: -Inf Prob: 0.0 Frac: 0.04414778019248681
Step: 32668 Walker: 20 Trial Log Prob: 208.93012290349753 Prob: 3.58402780192461e-55 Frac: 0.04246329038058136
Step: 32962 Walker: 14 Trial Log Prob: 314.3948264486158 Prob: 2.9917021961713036e-7 Frac: 0.043754161118508654
Step: 32996 Walker: 42 Trial Log Prob: -Inf Prob: 0.0 Frac: 0.04368171593830334
Number of steps: 33000 Acceptance Rate: 0.04368
Step: 33112 Walker: 25 Trial Log Prob: 324.35755981870204 Prob: 0.9264226534209018 Frac: 0.04251121076233184
Number of steps: 34000 Acceptance Rate: 0.04418
Step: 34613 Walker: 23 Trial Log Prob: -Inf Prob: 0.0 Frac: 0.04189661365640205
Step: 34735 Walker: 22 Trial Log Prob: 225.11861506146684 Prob: 2.589067384083565e-41 Frac: 0.04147377593812973
Number of steps: 35000 Acceptance Rate: 0.04156
Step: 35160 Walker: 43 Trial Log Prob: -Inf Prob: 0.0 Frac: 0.04003503065182034
Step: 35242 Walker: 17 Trial Log Prob: 323.6571957887733 Prob: 6.96966750167978e-5 Frac: 0.039114941576199554
Step: 35287 Walker: 43 Trial Log Prob: 108.7405124190323 Prob: 7.600578969483421e-97 Frac: 0.03988008087568849
Step: 35465 Walker: 5 Trial Log Prob: 137.64505019126983 Prob: 9.83140645525267e-86 Frac: 0.03925878043525102
Number of steps: 36000 Acceptance Rate: 0.04004
Step: 36128 Walker: 40 Trial Log Prob: 315.6364612378387 Prob: 3.0363622599150872e-6 Frac: 0.0433489827856025
Step: 36554 Walker: 39 Trial Log Prob: 303.862943015065 Prob: 2.300305270934815e-7 Frac: 0.039871429087363214
Step: 36813 Walker: 16 Trial Log Prob: 288.4646726538285 Prob: 5.034088302022568e-18 Frac: 0.04158459720307268
Step: 36823 Walker: 15 Trial Log Prob: 274.1982035458987 Prob: 1.8646443432039373e-26 Frac: 0.04159066034294053
Step: 36834 Walker: 25 Trial Log Prob: 297.75282473388484 Prob: 9.318528911874318e-11 Frac: 0.04170365926814637
Number of steps: 37000 Acceptance Rate: 0.04072
Step: 37025 Walker: 16 Trial Log Prob: 282.338445686255 Prob: 1.5386378295179199e-15 Frac: 0.03042763157894737
Step: 37164 Walker: 40 Trial Log Prob: 241.23292341526275 Prob: 9.083200575767889e-34 Frac: 0.04358974358974359
Step: 37253 Walker: 7 Trial Log Prob: 302.31844198833284 Prob: 9.194431465317067e-14 Frac: 0.045133655905449356
Step: 37444 Walker: 27 Trial Log Prob: 276.0167317366081 Prob: 2.65242335999981e-19 Frac: 0.04824818505659016
Step: 37451 Walker: 43 Trial Log Prob: 307.31043943269304 Prob: 4.4137078021816675e-9 Frac: 0.04835203832675332
Step: 37492 Walker: 24 Trial Log Prob: 313.0518976831369 Prob: 0.010392385665500808 Frac: 0.04866932530316595
Step: 37881 Walker: 9 Trial Log Prob: -Inf Prob: 0.0 Frac: 0.04901270194732896
Number of steps: 38000 Acceptance Rate: 0.04942
Step: 38012 Walker: 43 Trial Log Prob: -Inf Prob: 0.0 Frac: 0.04047217537942664
Step: 38048 Walker: 24 Trial Log Prob: -Inf Prob: 0.0 Frac: 0.04675652906486942
Step: 38053 Walker: 1 Trial Log Prob: 314.1767092874421 Prob: 1.0554328278465048e-8 Frac: 0.04498269896193772
Step: 38284 Walker: 46 Trial Log Prob: -Inf Prob: 0.0 Frac: 0.04649196956889264
Step: 38294 Walker: 25 Trial Log Prob: 330.0143324324909 Prob: 0.04142293174244436 Frac: 0.04756388415672913
Step: 38633 Walker: 18 Trial Log Prob: 281.1440939989221 Prob: 1.2176282164390611e-22 Frac: 0.04921247390726801
Step: 38694 Walker: 42 Trial Log Prob: -Inf Prob: 0.0 Frac: 0.04940620315922979
Step: 38940 Walker: 44 Trial Log Prob: -416.79317756327504 Prob: 2.62199e-318 Frac: 0.04985742860790739
Number of steps: 39000 Acceptance Rate: 0.05004
Step: 39177 Walker: 48 Trial Log Prob: -Inf Prob: 0.0 Frac: 0.05074593128390597
Step: 39305 Walker: 27 Trial Log Prob: -Inf Prob: 0.0 Frac: 0.051027779602022726
Step: 39315 Walker: 48 Trial Log Prob: 314.49985131989774 Prob: 7.460655299901592e-5 Frac: 0.050546101092202186
Step: 39461 Walker: 17 Trial Log Prob: -Inf Prob: 0.0 Frac: 0.048659686318807835
Step: 39642 Walker: 31 Trial Log Prob: 318.43109823389915 Prob: 0.02886105319670266 Frac: 0.048128175555624826
Number of steps: 40000 Acceptance Rate: 0.04734
Step: 40170 Walker: 43 Trial Log Prob: 249.83088043095978 Prob: 8.546531695072002e-34 Frac: 0.047568585894265866
Step: 40434 Walker: 35 Trial Log Prob: -451.70561018479066 Prob: 0.0 Frac: 0.046806548305280145
Step: 40720 Walker: 21 Trial Log Prob: 310.4553244836459 Prob: 1.4277830886430121e-8 Frac: 0.04862250145950905
Step: 40742 Walker: 37 Trial Log Prob: 288.3204062809468 Prob: 1.7615341566535505e-17 Frac: 0.0486693450535228
Step: 40902 Walker: 29 Trial Log Prob: -2694.6304716850577 Prob: 0.0 Frac: 0.04951307704252535
Number of steps: 41000 Acceptance Rate: 0.05094
Step: 41319 Walker: 50 Trial Log Prob: 267.29207249886326 Prob: 4.420184889006923e-23 Frac: 0.05993730407523511
Step: 41590 Walker: 10 Trial Log Prob: 325.3874834874227 Prob: 0.0036702258470227133 Frac: 0.05706042090970808
Step: 41684 Walker: 21 Trial Log Prob: 326.7096446424109 Prob: 0.09578280268240488 Frac: 0.05630505399315209
Number of steps: 42000 Acceptance Rate: 0.05612
Step: 42234 Walker: 40 Trial Log Prob: 283.3366174443323 Prob: 1.7718302818866426e-21 Frac: 0.058511548331907616
Step: 42455 Walker: 33 Trial Log Prob: 314.400800545358 Prob: 1.4735286655158598e-7 Frac: 0.05718558923151366
Step: 42841 Walker: 20 Trial Log Prob: 32.847967720116806 Prob: 5.7516875068472147e-129 Frac: 0.05504521656354117
Number of steps: 43000 Acceptance Rate: 0.05528
Step: 43544 Walker: 10 Trial Log Prob: -Inf Prob: 0.0 Frac: 0.053387334315169364
Step: 43716 Walker: 46 Trial Log Prob: 321.2508805204125 Prob: 0.0033545798507030105 Frac: 0.051514135657615374
Step: 43858 Walker: 16 Trial Log Prob: -Inf Prob: 0.0 Frac: 0.051532683245462604
Number of steps: 44000 Acceptance Rate: 0.05092
Step: 44203 Walker: 45 Trial Log Prob: -Inf Prob: 0.0 Frac: 0.05559388861508132
Step: 44207 Walker: 11 Trial Log Prob: -Inf Prob: 0.0 Frac: 0.055959654737658814
Step: 44238 Walker: 36 Trial Log Prob: 296.5413245927917 Prob: 7.273134045711379e-15 Frac: 0.055106848393067474
Step: 44345 Walker: 38 Trial Log Prob: 292.3223371075768 Prob: 1.1933075789682268e-15 Frac: 0.054704722125536606
Step: 44774 Walker: 41 Trial Log Prob: 328.19316185605066 Prob: 7.195828281318587e-5 Frac: 0.05425034245690212
Number of steps: 45000 Acceptance Rate: 0.05286
Step: 45278 Walker: 9 Trial Log Prob: 221.36864285042373 Prob: 4.606569579395592e-39 Frac: 0.044447651345695935
Step: 45359 Walker: 44 Trial Log Prob: -363.85709586153797 Prob: 1.0180401437150178e-298 Frac: 0.04385867142220241
Step: 45924 Walker: 34 Trial Log Prob: -Inf Prob: 0.0 Frac: 0.04479906461112074
Number of steps: 46000 Acceptance Rate: 0.0452
Step: 46580 Walker: 42 Trial Log Prob: 117.51286601190323 Prob: 7.060740133915234e-89 Frac: 0.04363272626931567
Step: 46668 Walker: 38 Trial Log Prob: -128.5062292184549 Prob: 6.232753914189013e-192 Frac: 0.04244039774769378
Step: 46708 Walker: 28 Trial Log Prob: -Inf Prob: 0.0 Frac: 0.04245576346882243
Step: 46882 Walker: 1 Trial Log Prob: -Inf Prob: 0.0 Frac: 0.041678963020135754
Number of steps: 47000 Acceptance Rate: 0.04144
Step: 47399 Walker: 24 Trial Log Prob: 295.8176100366578 Prob: 1.4597541851240525e-10 Frac: 0.03990162617948203
Step: 47449 Walker: 27 Trial Log Prob: 250.11184055274782 Prob: 1.2618267174553962e-26 Frac: 0.039951843759753865
Step: 47563 Walker: 15 Trial Log Prob: 290.15253308517856 Prob: 2.601233328878525e-11 Frac: 0.03951627245242753
Number of steps: 48000 Acceptance Rate: 0.03882
Step: 48068 Walker: 46 Trial Log Prob: -Inf Prob: 0.0 Frac: 0.04063604240282685
Step: 48122 Walker: 47 Trial Log Prob: 321.2708383114237 Prob: 3.13453984228281e-5 Frac: 0.041659832704608823
Step: 48267 Walker: 16 Trial Log Prob: 325.0585768256297 Prob: 5.110130118992944e-6 Frac: 0.04348152598377891
Step: 48399 Walker: 31 Trial Log Prob: -Inf Prob: 0.0 Frac: 0.04189453614971652
Step: 48728 Walker: 21 Trial Log Prob: 304.30639206515275 Prob: 1.2894850839256203e-10 Frac: 0.040416815594842045
Step: 48771 Walker: 7 Trial Log Prob: -Inf Prob: 0.0 Frac: 0.040174513724777317
Number of steps: 49000 Acceptance Rate: 0.03946
Step: 49021 Walker: 4 Trial Log Prob: -Inf Prob: 0.0 Frac: 0.029880478087649404
Step: 49432 Walker: 45 Trial Log Prob: 272.5928911641266 Prob: 2.5566710980476816e-25 Frac: 0.033665200277842096
Step: 49976 Walker: 16 Trial Log Prob: 312.254075933626 Prob: 0.1209660845013542 Frac: 0.03481934134437928
Number of steps: 50000 Acceptance Rate: 0.0348
Burn-in Number (ends): 50000
Independent Sample Size: 167.59529820444075
20660.971813 seconds (114.06 M allocations: 3.169 TiB, 13.10% gc time)
