args = ["mcmc", "120.0", "25", "ppmp"]
Parameters from fit: [5.832541326594788e-6, 224.70079763544825, 2.4335037682398893e6, -0.022492204493112074, 0.020953457792433825, 2.7586349197625608e-6, 365.25639656206425, 2.4336244082069746e6, -0.0019473116758618586, 0.020201153983792308, 0.0018529130185646493, 4233.174135609985, 2.4386680324379303e6, 0.09724522327557723, -0.03280326236311746, -0.0011238250006208852, -0.00012278023249176611, 2.482389594049722]
Maximum log Prob from fit: -133.21741157592783
Step: 336 Walker: 13 Trial Log Prob: 409.9920000560022 Prob: 1.2432665706267865 Frac: 0.2985145856946847
Step: 458 Walker: 47 Trial Log Prob: 415.2462223348851 Prob: 0.13950468115638684 Frac: 0.2956282482421278
Step: 856 Walker: 31 Trial Log Prob: 415.46074397749493 Prob: 0.37867803824134905 Frac: 0.2959725111614969
Step: 986 Walker: 26 Trial Log Prob: 398.5511315429744 Prob: 0.2574636409144528 Frac: 0.2947276564656222
Number of steps: 1000 Acceptance Rate: 0.29494
Step: 1034 Walker: 41 Trial Log Prob: 412.89187526967066 Prob: 0.13605439344048237 Frac: 0.27912477823772913
Step: 1112 Walker: 17 Trial Log Prob: 377.2571716322784 Prob: 4.222697065925962e-12 Frac: 0.27752829171905874
Step: 1530 Walker: 40 Trial Log Prob: 409.88727330806984 Prob: 2.4104670763437 Frac: 0.2704416761041903
Step: 1563 Walker: 35 Trial Log Prob: 411.1186425445039 Prob: 5.4762652312676885e-5 Frac: 0.27083703572063267
Step: 1829 Walker: 36 Trial Log Prob: -Inf Prob: 0.0 Frac: 0.2647938990250024
Step: 1846 Walker: 49 Trial Log Prob: 411.9584687975158 Prob: 0.32941713430581465 Frac: 0.26442705501312086
Number of steps: 2000 Acceptance Rate: 0.26096
Step: 2074 Walker: 9 Trial Log Prob: 413.68883074682964 Prob: 0.7557848651354102 Frac: 0.2593604810057393
Step: 2214 Walker: 20 Trial Log Prob: 415.40476435765834 Prob: 0.3313626610201443 Frac: 0.2443298969072165
Step: 2827 Walker: 49 Trial Log Prob: 408.26533385303105 Prob: 0.6896265766710928 Frac: 0.23478197779873758
Step: 2843 Walker: 20 Trial Log Prob: 405.6823302480153 Prob: 0.01897707052729148 Frac: 0.23509021842355177
Step: 2857 Walker: 38 Trial Log Prob: 410.6470389814289 Prob: 0.09955276960029812 Frac: 0.23532844670619543
Step: 2880 Walker: 8 Trial Log Prob: 404.29702742832086 Prob: 0.02362464692168734 Frac: 0.23472405477956232
Number of steps: 3000 Acceptance Rate: 0.23186
Step: 3173 Walker: 39 Trial Log Prob: 407.76302363708066 Prob: 0.981537602691441 Frac: 0.1935409190878574
Step: 3184 Walker: 37 Trial Log Prob: 394.04366896489364 Prob: 0.00041273903144722034 Frac: 0.19560248176771525
Step: 3238 Walker: 6 Trial Log Prob: 398.1972513235443 Prob: 0.07995233229371167 Frac: 0.19795883940620781
Step: 3357 Walker: 35 Trial Log Prob: 412.07954719291894 Prob: 4.6835053278700105 Frac: 0.1986543313708999
Step: 3741 Walker: 49 Trial Log Prob: 414.85021549499487 Prob: 1.7352586945448767 Frac: 0.18683365273016816
Number of steps: 4000 Acceptance Rate: 0.18042
Step: 4252 Walker: 20 Trial Log Prob: 411.33921924887176 Prob: 0.27849434388655175 Frac: 0.16658711217183772
Step: 4671 Walker: 22 Trial Log Prob: -Inf Prob: 0.0 Frac: 0.1487978044269435
Step: 4879 Walker: 21 Trial Log Prob: 385.7604441300512 Prob: 6.955707817524323e-8 Frac: 0.14601215819311947
Step: 4891 Walker: 20 Trial Log Prob: 412.6801343815437 Prob: 3.079500399487604e-5 Frac: 0.14568733153638813
Step: 4999 Walker: 26 Trial Log Prob: 343.1567562446582 Prob: 7.878152336705741e-27 Frac: 0.14529503665424828
Number of steps: 5000 Acceptance Rate: 0.14524
Step: 5249 Walker: 7 Trial Log Prob: 367.4525595785258 Prob: 4.6223961027304656e-15 Frac: 0.14628838558878052
Step: 5674 Walker: 35 Trial Log Prob: 390.9368445577463 Prob: 0.006053632557610492 Frac: 0.13976547424669733
Step: 5744 Walker: 26 Trial Log Prob: -Inf Prob: 0.0 Frac: 0.13898751882935226
Number of steps: 6000 Acceptance Rate: 0.13848
Step: 6056 Walker: 47 Trial Log Prob: 406.1702183305469 Prob: 0.006097590128190416 Frac: 0.13764747944225955
Step: 6169 Walker: 41 Trial Log Prob: 300.8464244160772 Prob: 6.674857643358517e-47 Frac: 0.13920151640800854
Step: 6865 Walker: 29 Trial Log Prob: 410.13855366292114 Prob: 2.2049085402372557e-5 Frac: 0.13032917717273126
Step: 6913 Walker: 14 Trial Log Prob: 384.0970167567042 Prob: 1.436474351335035e-5 Frac: 0.12996009996930766
Number of steps: 7000 Acceptance Rate: 0.13156
Step: 7106 Walker: 10 Trial Log Prob: 408.86810478750914 Prob: 0.007396617677388196 Frac: 0.12718631178707224
Step: 7261 Walker: 12 Trial Log Prob: 406.8705013791859 Prob: 0.7192941642722481 Frac: 0.13264678758069473
Step: 7313 Walker: 49 Trial Log Prob: 416.3983561821896 Prob: 0.016472000671239655 Frac: 0.1325324301872324
Step: 7450 Walker: 47 Trial Log Prob: -Inf Prob: 0.0 Frac: 0.12877272525225586
Step: 7801 Walker: 24 Trial Log Prob: 417.34489594237783 Prob: 5.855228476430893 Frac: 0.1310963421946832
Number of steps: 8000 Acceptance Rate: 0.13118
Step: 8377 Walker: 31 Trial Log Prob: 413.0427662839732 Prob: 0.04270881943706239 Frac: 0.1313791089161489
Number of steps: 9000 Acceptance Rate: 0.12642
Step: 9002 Walker: 44 Trial Log Prob: -Inf Prob: 0.0 Frac: 0.1595744680851064
Step: 9130 Walker: 38 Trial Log Prob: 396.1077966740924 Prob: 2.1863642858948853e-8 Frac: 0.12669543773119604
Step: 9295 Walker: 33 Trial Log Prob: 403.33649163514417 Prob: 7.540843318118204e-10 Frac: 0.12244620919025317
Step: 9329 Walker: 25 Trial Log Prob: 398.83488876431903 Prob: 0.008597641022255884 Frac: 0.11987823439878234
Step: 9387 Walker: 43 Trial Log Prob: 381.79461157745163 Prob: 2.1379704747664385e-11 Frac: 0.11725171896810216
Step: 9432 Walker: 12 Trial Log Prob: 406.96701792204817 Prob: 1.6518720393875308 Frac: 0.1164084964289027
Step: 9707 Walker: 3 Trial Log Prob: 392.81147037881897 Prob: 3.569129128650184e-8 Frac: 0.11585417669886412
Step: 9745 Walker: 37 Trial Log Prob: 411.0281114554786 Prob: 0.029636257082925527 Frac: 0.11612106238418778
Step: 9809 Walker: 22 Trial Log Prob: 402.9551454857081 Prob: 7.002317671033723e-7 Frac: 0.11642175053188858
Step: 9825 Walker: 16 Trial Log Prob: 377.1726192870385 Prob: 1.7102314146392944e-11 Frac: 0.11658093944099379
Step: 9944 Walker: 1 Trial Log Prob: 416.73284220665454 Prob: 0.10567487892123362 Frac: 0.11696464550062564
Number of steps: 10000 Acceptance Rate: 0.11738
Step: 10058 Walker: 26 Trial Log Prob: 354.0731420020183 Prob: 4.2681618619086545e-19 Frac: 0.11891515994436717
Step: 10865 Walker: 46 Trial Log Prob: 398.0955402919721 Prob: 1.4064780587397159 Frac: 0.11106229477870785
Number of steps: 11000 Acceptance Rate: 0.11066
Step: 11007 Walker: 49 Trial Log Prob: 395.51430275564024 Prob: 2.6361578096990638e-12 Frac: 0.10601719197707736
Step: 11547 Walker: 48 Trial Log Prob: 383.0495487176057 Prob: 0.0003670019789827506 Frac: 0.09653356735410268
Step: 11738 Walker: 45 Trial Log Prob: 399.1117228267624 Prob: 0.00012316583135831295 Frac: 0.09657135113158964
Number of steps: 12000 Acceptance Rate: 0.09682
Step: 12039 Walker: 42 Trial Log Prob: 399.823276664446 Prob: 2.565549423739969e-5 Frac: 0.09732234809474768
Step: 12432 Walker: 15 Trial Log Prob: 378.05928615804737 Prob: 9.952193747713115e-12 Frac: 0.09418038488291212
Step: 12448 Walker: 32 Trial Log Prob: -Inf Prob: 0.0 Frac: 0.0942721830041998
Step: 12819 Walker: 38 Trial Log Prob: 405.66677838403064 Prob: 0.04089542647724623 Frac: 0.09900337095119449
Number of steps: 13000 Acceptance Rate: 0.0998
Step: 13294 Walker: 14 Trial Log Prob: 388.12421657073446 Prob: 7.256459435492144e-14 Frac: 0.09956355701036552
Step: 13460 Walker: 15 Trial Log Prob: -6.48040559302063e9 Prob: 0.0 Frac: 0.09832353581537122
Step: 13968 Walker: 38 Trial Log Prob: 411.05621191702716 Prob: 0.001917484896400162 Frac: 0.09479623047036455
Number of steps: 14000 Acceptance Rate: 0.09492
Step: 14138 Walker: 6 Trial Log Prob: 364.6503228527066 Prob: 3.558810497132628e-16 Frac: 0.08459743290548424
Step: 14176 Walker: 33 Trial Log Prob: 401.55668441079257 Prob: 2.3833348940182475e-6 Frac: 0.08835249914607765
Step: 14283 Walker: 31 Trial Log Prob: -Inf Prob: 0.0 Frac: 0.0881749345410799
Step: 14665 Walker: 36 Trial Log Prob: 407.11423502466886 Prob: 1.1918575756729966e-6 Frac: 0.08355397761463473
Step: 14805 Walker: 1 Trial Log Prob: 392.6060548317014 Prob: 6.924016883182643e-9 Frac: 0.0801472600184075
Number of steps: 15000 Acceptance Rate: 0.07718
Step: 15050 Walker: 7 Trial Log Prob: 406.87742139338167 Prob: 1.9637474700603375e-5 Frac: 0.05616605616605617
Step: 15420 Walker: 48 Trial Log Prob: 411.31976428768024 Prob: 0.1806452454194173 Frac: 0.05395751976378703
Step: 15759 Walker: 13 Trial Log Prob: 399.7406885811559 Prob: 3.866049116488348e-8 Frac: 0.05298973966713265
Step: 15911 Walker: 45 Trial Log Prob: 385.0273864161672 Prob: 2.7390922776525957e-12 Frac: 0.052782961905807446
Step: 15933 Walker: 4 Trial Log Prob: -Inf Prob: 0.0 Frac: 0.05269933911252253
Number of steps: 16000 Acceptance Rate: 0.05268
Step: 16133 Walker: 14 Trial Log Prob: 266.98902918004086 Prob: 4.186346167839588e-62 Frac: 0.05700030238887209
Step: 16164 Walker: 39 Trial Log Prob: 411.72898254403617 Prob: 1.4506638313945481 Frac: 0.05714983514470631
Step: 16271 Walker: 49 Trial Log Prob: 412.03615120576336 Prob: 2.353628715259895e-5 Frac: 0.056018894383349324
Step: 16389 Walker: 45 Trial Log Prob: 394.81671849986765 Prob: 3.2920883451418494e-6 Frac: 0.05698122910773978
Step: 16407 Walker: 37 Trial Log Prob: 398.22119099637655 Prob: 2.520819273105595e-7 Frac: 0.057432266312632145
Step: 16877 Walker: 10 Trial Log Prob: 408.1024303569863 Prob: 2.327521389875363e-8 Frac: 0.054918968272084
Step: 16921 Walker: 3 Trial Log Prob: 381.1868011577455 Prob: 3.1634590989715936e-14 Frac: 0.05527900354324718
Number of steps: 17000 Acceptance Rate: 0.0556
Step: 17170 Walker: 45 Trial Log Prob: 373.54482588114644 Prob: 9.524256647787684e-22 Frac: 0.05426721600941731
Step: 17295 Walker: 4 Trial Log Prob: -Inf Prob: 0.0 Frac: 0.058011425462459194
Step: 17442 Walker: 12 Trial Log Prob: 404.8860055301592 Prob: 1.5289394888587922 Frac: 0.06060193998730849
Step: 17565 Walker: 24 Trial Log Prob: -Inf Prob: 0.0 Frac: 0.05994897959183673
Step: 17859 Walker: 48 Trial Log Prob: -Inf Prob: 0.0 Frac: 0.060212349818385025
Step: 17866 Walker: 49 Trial Log Prob: 400.3083979100455 Prob: 0.017250010113685307 Frac: 0.06000138571329592
Number of steps: 18000 Acceptance Rate: 0.05924
Step: 18157 Walker: 4 Trial Log Prob: -Inf Prob: 0.0 Frac: 0.05304971809328549
Step: 18577 Walker: 5 Trial Log Prob: 391.2383664787723 Prob: 0.25196299724766896 Frac: 0.056170803679916684
Step: 18627 Walker: 27 Trial Log Prob: 348.86876056667995 Prob: 3.902734707985478e-25 Frac: 0.0565007820729722
Step: 18699 Walker: 21 Trial Log Prob: 350.67157793376253 Prob: 9.909466220731731e-18 Frac: 0.057615761289768336
Step: 18736 Walker: 9 Trial Log Prob: -Inf Prob: 0.0 Frac: 0.05737370439892271
Step: 18820 Walker: 11 Trial Log Prob: 388.83041240298405 Prob: 6.621986438935553e-7 Frac: 0.057835502062937916
Step: 18824 Walker: 5 Trial Log Prob: 391.29899200769376 Prob: 1.636340898060549e-10 Frac: 0.05778155752642449
Step: 18826 Walker: 47 Trial Log Prob: -Inf Prob: 0.0 Frac: 0.05767973460541928
Step: 18918 Walker: 33 Trial Log Prob: 372.77179911076485 Prob: 3.162224311877375e-17 Frac: 0.05775559575441885
Number of steps: 19000 Acceptance Rate: 0.0586
Step: 19328 Walker: 11 Trial Log Prob: -Inf Prob: 0.0 Frac: 0.06814986858993949
Step: 19394 Walker: 9 Trial Log Prob: -Inf Prob: 0.0 Frac: 0.06882343964596369
Step: 19695 Walker: 11 Trial Log Prob: 354.383028536765 Prob: 1.1033516044821917e-25 Frac: 0.0689118723171329
Step: 19785 Walker: 17 Trial Log Prob: -Inf Prob: 0.0 Frac: 0.06933217737205803
Number of steps: 20000 Acceptance Rate: 0.06768
Step: 20282 Walker: 24 Trial Log Prob: -Inf Prob: 0.0 Frac: 0.06529771209322155
Step: 20298 Walker: 42 Trial Log Prob: -Inf Prob: 0.0 Frac: 0.06453129196884233
Step: 20530 Walker: 26 Trial Log Prob: 340.7979206160567 Prob: 8.70805728887177e-20 Frac: 0.06632421815984288
Step: 20584 Walker: 37 Trial Log Prob: -Inf Prob: 0.0 Frac: 0.06701613732141022
Step: 20816 Walker: 4 Trial Log Prob: 397.45720251496016 Prob: 1.0128300014198016e-10 Frac: 0.06733081415321196
Number of steps: 21000 Acceptance Rate: 0.06746
Step: 21344 Walker: 50 Trial Log Prob: 396.49124263515273 Prob: 0.0002874861662669977 Frac: 0.07151162790697674
Step: 21377 Walker: 2 Trial Log Prob: 306.08186825717877 Prob: 2.1071361122512307e-42 Frac: 0.07169450058504415
Step: 21546 Walker: 27 Trial Log Prob: 408.3632240374582 Prob: 0.09983117840268045 Frac: 0.06928914470066357
Number of steps: 22000 Acceptance Rate: 0.0675
Step: 22664 Walker: 32 Trial Log Prob: -Inf Prob: 0.0 Frac: 0.06675305888734856
Step: 22667 Walker: 47 Trial Log Prob: 395.0070248884181 Prob: 0.001105832837641652 Frac: 0.0668126068311992
Step: 22932 Walker: 27 Trial Log Prob: 407.54353827941577 Prob: 0.0037139018691087784 Frac: 0.06846726925306482
Number of steps: 23000 Acceptance Rate: 0.06854
Step: 23235 Walker: 42 Trial Log Prob: -Inf Prob: 0.0 Frac: 0.07528530063021632
Step: 23401 Walker: 12 Trial Log Prob: 404.104762048032 Prob: 0.3619099660733409 Frac: 0.07550469718169099
Step: 23716 Walker: 36 Trial Log Prob: 392.33759520766336 Prob: 0.05753242452716561 Frac: 0.07748840328620131
Step: 23895 Walker: 40 Trial Log Prob: -Inf Prob: 0.0 Frac: 0.0803308001788109
Number of steps: 24000 Acceptance Rate: 0.08088
Step: 24057 Walker: 14 Trial Log Prob: 351.134651097367 Prob: 8.837731867303171e-17 Frac: 0.07818052594171997
Step: 24199 Walker: 26 Trial Log Prob: -Inf Prob: 0.0 Frac: 0.0849284706830546
Step: 24480 Walker: 10 Trial Log Prob: 397.9259255267479 Prob: 3.20431364599551 Frac: 0.08034223706176961
Step: 24495 Walker: 47 Trial Log Prob: 397.2136360669893 Prob: 1.2790138268731508e-7 Frac: 0.07972683557602941
Step: 24542 Walker: 45 Trial Log Prob: 405.5642014819233 Prob: 1.5303943581823213e-5 Frac: 0.07802177523528327
Step: 24572 Walker: 30 Trial Log Prob: 398.5712675346552 Prob: 0.02221273427204144 Frac: 0.07760671798460461
Step: 24609 Walker: 27 Trial Log Prob: 408.0852582131833 Prob: 12.984819197138558 Frac: 0.07680678344891051
Step: 24771 Walker: 5 Trial Log Prob: 354.12290231293093 Prob: 1.5668912156404236e-17 Frac: 0.07443189196208284
Number of steps: 25000 Acceptance Rate: 0.0737
Step: 25121 Walker: 43 Trial Log Prob: 384.3303684236797 Prob: 5.872542515251685e-15 Frac: 0.0774449776601026
Step: 25184 Walker: 9 Trial Log Prob: -Inf Prob: 0.0 Frac: 0.07620919314335627
Step: 25398 Walker: 14 Trial Log Prob: 389.33534516637275 Prob: 0.3360595973511103 Frac: 0.07782923882400322
Step: 25410 Walker: 16 Trial Log Prob: 392.3615452553669 Prob: 5.6973468585247135e-9 Frac: 0.07886250366461449
Step: 25436 Walker: 21 Trial Log Prob: 330.74461281238047 Prob: 1.9513765241209195e-22 Frac: 0.07905011253502366
Step: 25641 Walker: 27 Trial Log Prob: 398.61694083872993 Prob: 0.7922067212652887 Frac: 0.0817747525525338
Step: 25733 Walker: 20 Trial Log Prob: 404.4430678926432 Prob: 7.153236146365486e-5 Frac: 0.0831785909339159
Number of steps: 26000 Acceptance Rate: 0.0843
Step: 26295 Walker: 21 Trial Log Prob: -328.80223758754005 Prob: 2.9481612589824193e-301 Frac: 0.08070103933156715
Step: 26522 Walker: 28 Trial Log Prob: 410.54013482664 Prob: 0.7791450310784717 Frac: 0.08294347726052612
Step: 26537 Walker: 23 Trial Log Prob: -Inf Prob: 0.0 Frac: 0.08280207284792902
Step: 26617 Walker: 8 Trial Log Prob: 355.3940725839151 Prob: 2.8359931933838783e-25 Frac: 0.0836795637496754
Step: 26700 Walker: 29 Trial Log Prob: 407.15606490548316 Prob: 0.9955032899791569 Frac: 0.08462220189256411
Step: 26720 Walker: 45 Trial Log Prob: 410.6795952160126 Prob: 0.6376078509106042 Frac: 0.08501180719544381
Number of steps: 27000 Acceptance Rate: 0.08656
Step: 27141 Walker: 5 Trial Log Prob: 402.465249212901 Prob: 2.1711752624289624 Frac: 0.09379014989293362
Step: 27548 Walker: 5 Trial Log Prob: 407.6016640906606 Prob: 0.010053945850901169 Frac: 0.09530250411259368
Step: 27670 Walker: 21 Trial Log Prob: 224.61244369187196 Prob: 6.10622460245332e-69 Frac: 0.09420095007618536
Step: 27726 Walker: 10 Trial Log Prob: -Inf Prob: 0.0 Frac: 0.09387755102040816
Step: 27788 Walker: 25 Trial Log Prob: -Inf Prob: 0.0 Frac: 0.09277460317460318
Step: 27909 Walker: 28 Trial Log Prob: 410.8564549317304 Prob: 4.8811254792295434e-5 Frac: 0.09174958175574535
Number of steps: 28000 Acceptance Rate: 0.09088
Step: 28492 Walker: 19 Trial Log Prob: 398.4075838149419 Prob: 9.392537087011706e-8 Frac: 0.09214864259839635
Step: 28546 Walker: 39 Trial Log Prob: 159.61476324828521 Prob: 3.515983314754337e-106 Frac: 0.09201509765839716
Step: 28760 Walker: 48 Trial Log Prob: 398.08909771993126 Prob: 7.117892208824812e-7 Frac: 0.09095215537659877
Number of steps: 29000 Acceptance Rate: 0.08806
Step: 29211 Walker: 48 Trial Log Prob: 378.01802027561433 Prob: 1.2446418186584562e-7 Frac: 0.07755024649222601
Step: 29278 Walker: 47 Trial Log Prob: 394.79734134197105 Prob: 5.003935060086045e-6 Frac: 0.07735482478232712
Step: 29288 Walker: 22 Trial Log Prob: 405.8398166000544 Prob: 0.11461365888933267 Frac: 0.07758140829390482
Step: 29526 Walker: 39 Trial Log Prob: -Inf Prob: 0.0 Frac: 0.07626764045798623
Step: 29836 Walker: 12 Trial Log Prob: 392.80555795329786 Prob: 5.369896814348211e-11 Frac: 0.07753460083329343
Step: 29913 Walker: 48 Trial Log Prob: 397.0771937199416 Prob: 0.9842126413912892 Frac: 0.07822905713284262
Number of steps: 30000 Acceptance Rate: 0.07962
Step: 30279 Walker: 34 Trial Log Prob: 394.58159088896485 Prob: 3.8560811502626995e-6 Frac: 0.08368020668867518
Step: 30819 Walker: 9 Trial Log Prob: 388.01358254405267 Prob: 7.412687244107384e-10 Frac: 0.08225573834608521
Number of steps: 31000 Acceptance Rate: 0.08262
Step: 31340 Walker: 16 Trial Log Prob: 374.6063204585033 Prob: 1.6106700475419835e-11 Frac: 0.08263585995520453
Step: 31722 Walker: 5 Trial Log Prob: -Inf Prob: 0.0 Frac: 0.08423242268756068
Step: 31822 Walker: 26 Trial Log Prob: 352.97466537337516 Prob: 2.6796201709167958e-17 Frac: 0.08479404031551271
Step: 31870 Walker: 37 Trial Log Prob: 402.31144866891003 Prob: 0.6186863285846134 Frac: 0.08565778278566008
Step: 31892 Walker: 12 Trial Log Prob: 364.29875938712473 Prob: 2.576215945075802e-18 Frac: 0.08590278712804632
Step: 31984 Walker: 21 Trial Log Prob: 294.69258427259496 Prob: 7.155426960243777e-37 Frac: 0.08590429318093999
Number of steps: 32000 Acceptance Rate: 0.0862
Step: 32325 Walker: 27 Trial Log Prob: 367.91379888109486 Prob: 6.834516106431929e-13 Frac: 0.08658408824798176
Step: 32502 Walker: 50 Trial Log Prob: 382.61467888573867 Prob: 9.742150424507513e-13 Frac: 0.08597609561752988
Step: 32668 Walker: 34 Trial Log Prob: 387.65118262952967 Prob: 3.044652870054436e-8 Frac: 0.08590941768511862
Number of steps: 33000 Acceptance Rate: 0.08368
Step: 33401 Walker: 31 Trial Log Prob: 398.89665135190774 Prob: 0.12958458958560776 Frac: 0.08007588238230742
Step: 33405 Walker: 32 Trial Log Prob: -Inf Prob: 0.0 Frac: 0.08031830763147489
Step: 33534 Walker: 19 Trial Log Prob: 388.3112067641872 Prob: 2.19210984761655 Frac: 0.08054295249165698
Step: 33800 Walker: 24 Trial Log Prob: -Inf Prob: 0.0 Frac: 0.08062740781507981
Step: 33821 Walker: 9 Trial Log Prob: -Inf Prob: 0.0 Frac: 0.080640834938672
Step: 33862 Walker: 7 Trial Log Prob: 382.25690344483246 Prob: 0.010818263915898381 Frac: 0.08049794458508489
Number of steps: 34000 Acceptance Rate: 0.07992
Step: 34451 Walker: 16 Trial Log Prob: 397.8382665857705 Prob: 0.7340811431356327 Frac: 0.07967667436489607
Step: 34635 Walker: 18 Trial Log Prob: 409.4350784670333 Prob: 6.27313085457327e-8 Frac: 0.08067974021060596
Step: 34795 Walker: 25 Trial Log Prob: 356.02903020389783 Prob: 7.053944092326836e-17 Frac: 0.07947136563876651
Step: 34976 Walker: 4 Trial Log Prob: 395.2855210216334 Prob: 8.446925720865524e-10 Frac: 0.07993190302334167
Number of steps: 35000 Acceptance Rate: 0.08006
Step: 35970 Walker: 16 Trial Log Prob: 402.7627248271796 Prob: 0.11659232940195126 Frac: 0.08418272603474601
Number of steps: 36000 Acceptance Rate: 0.08366
Step: 36133 Walker: 46 Trial Log Prob: 399.5508519995298 Prob: 0.16145316201911586 Frac: 0.08004814926271442
Step: 36491 Walker: 32 Trial Log Prob: -Inf Prob: 0.0 Frac: 0.08107777596608512
Step: 36761 Walker: 33 Trial Log Prob: 398.6875673080395 Prob: 0.5110043239222835 Frac: 0.0809297189282991
Step: 36998 Walker: 50 Trial Log Prob: 403.15001611304484 Prob: 0.7400764622939031 Frac: 0.08140280561122244
Number of steps: 37000 Acceptance Rate: 0.08142
Step: 37070 Walker: 24 Trial Log Prob: -Inf Prob: 0.0 Frac: 0.07340241796200346
Step: 37986 Walker: 8 Trial Log Prob: -Inf Prob: 0.0 Frac: 0.0777741686629583
Number of steps: 38000 Acceptance Rate: 0.07802
Step: 38028 Walker: 25 Trial Log Prob: 388.4634843244543 Prob: 3.8459118952513e-6 Frac: 0.08
Step: 38189 Walker: 21 Trial Log Prob: -368.15110553601806 Prob: 3.63286e-319 Frac: 0.07493896613947564
Step: 38615 Walker: 39 Trial Log Prob: 389.40471852599114 Prob: 4.847500503873178e-16 Frac: 0.07488857802791242
Step: 38758 Walker: 10 Trial Log Prob: -Inf Prob: 0.0 Frac: 0.07503961965134706
Step: 38910 Walker: 17 Trial Log Prob: 393.9948046994299 Prob: 2.793782768447638e-5 Frac: 0.07546132359733433
Number of steps: 39000 Acceptance Rate: 0.07566
Step: 39028 Walker: 40 Trial Log Prob: 405.67701067866017 Prob: 0.029361223293198842 Frac: 0.06474820143884892
Step: 39595 Walker: 5 Trial Log Prob: 406.9359713376993 Prob: 0.441762107028018 Frac: 0.07379229086012455
Step: 39729 Walker: 29 Trial Log Prob: 407.3824893163263 Prob: 9.46948645553463e-6 Frac: 0.07417167641165005
Step: 39903 Walker: 40 Trial Log Prob: 405.99532361017503 Prob: 0.008837960143111966 Frac: 0.07607443509082853
Step: 39965 Walker: 14 Trial Log Prob: 394.61203372750583 Prob: 0.002823414399119315 Frac: 0.07626415563944082
Number of steps: 40000 Acceptance Rate: 0.07654
Step: 40850 Walker: 4 Trial Log Prob: 353.1654924050521 Prob: 5.159155467147259e-23 Frac: 0.08223017854619118
Step: 40872 Walker: 38 Trial Log Prob: -Inf Prob: 0.0 Frac: 0.08222446544920621
Step: 40957 Walker: 24 Trial Log Prob: 380.89033078678045 Prob: 0.000215022249250841 Frac: 0.0820508531281365
Number of steps: 41000 Acceptance Rate: 0.08188
Step: 41319 Walker: 33 Trial Log Prob: 334.3302093101516 Prob: 2.219222316908378e-32 Frac: 0.07625682545659951
Step: 41430 Walker: 20 Trial Log Prob: -554.1709074610993 Prob: 0.0 Frac: 0.07610619469026549
Step: 41532 Walker: 47 Trial Log Prob: 396.81291305607584 Prob: 2.6916840293029658e-5 Frac: 0.07632439748843854
Step: 41602 Walker: 16 Trial Log Prob: -Inf Prob: 0.0 Frac: 0.07673119137896628
Step: 41849 Walker: 44 Trial Log Prob: 406.3550631316844 Prob: 0.11418589296246576 Frac: 0.07852700028272547
Number of steps: 42000 Acceptance Rate: 0.07876
Step: 42125 Walker: 4 Trial Log Prob: 397.65485861970006 Prob: 1.5310521652356452e-9 Frac: 0.08172147001934237
Step: 42535 Walker: 50 Trial Log Prob: 394.3650259183739 Prob: 8.093078321427313e-9 Frac: 0.07854205607476636
Step: 42586 Walker: 20 Trial Log Prob: -Inf Prob: 0.0 Frac: 0.07871540826785105
Step: 42686 Walker: 42 Trial Log Prob: -Inf Prob: 0.0 Frac: 0.07832730666044559
Step: 42766 Walker: 45 Trial Log Prob: 401.9353530517218 Prob: 2.5548042298748643e-11 Frac: 0.07917482700091395
Step: 42895 Walker: 26 Trial Log Prob: -Inf Prob: 0.0 Frac: 0.07964047757456513
Number of steps: 43000 Acceptance Rate: 0.08016
Step: 43095 Walker: 15 Trial Log Prob: 404.28835759031995 Prob: 1.136884793043944 Frac: 0.08080593849416755
Step: 43207 Walker: 13 Trial Log Prob: 330.65516474432917 Prob: 3.2949794389979627e-32 Frac: 0.08125666634345001
Step: 43239 Walker: 47 Trial Log Prob: 377.0720020161507 Prob: 2.6169729013176466e-8 Frac: 0.08361931865740353
Step: 43315 Walker: 41 Trial Log Prob: -Inf Prob: 0.0 Frac: 0.0835398005209326
Step: 43376 Walker: 17 Trial Log Prob: -Inf Prob: 0.0 Frac: 0.0829114935791549
Step: 43522 Walker: 9 Trial Log Prob: 404.8439901083867 Prob: 2.9005169567436856e-8 Frac: 0.08473080317740513
Step: 43645 Walker: 39 Trial Log Prob: 360.74664383261114 Prob: 9.977239308842782e-25 Frac: 0.0844318992524582
Number of steps: 44000 Acceptance Rate: 0.08528
Step: 44034 Walker: 22 Trial Log Prob: -Inf Prob: 0.0 Frac: 0.07715311004784689
Step: 44411 Walker: 45 Trial Log Prob: -Inf Prob: 0.0 Frac: 0.08425407641761985
Step: 44413 Walker: 2 Trial Log Prob: -Inf Prob: 0.0 Frac: 0.08416658576837201
Step: 44858 Walker: 44 Trial Log Prob: 404.3699366523916 Prob: 0.019004811855460272 Frac: 0.08772788735021216
Number of steps: 45000 Acceptance Rate: 0.08952
Step: 45012 Walker: 35 Trial Log Prob: 405.2956894340269 Prob: 26.822340674504574 Frac: 0.0905982905982906
Step: 45426 Walker: 39 Trial Log Prob: 390.3143689988578 Prob: 2.1311475495290982e-16 Frac: 0.09173751702757292
Step: 45573 Walker: 23 Trial Log Prob: 317.2129008151366 Prob: 4.43814721862682e-31 Frac: 0.09345631135799881
Step: 45709 Walker: 29 Trial Log Prob: 408.6758751687055 Prob: 0.00019672522001530377 Frac: 0.0954302972141466
Step: 45773 Walker: 39 Trial Log Prob: 390.685428732264 Prob: 1.3735461717233558e-14 Frac: 0.0946970677294961
Number of steps: 46000 Acceptance Rate: 0.09536
Step: 46700 Walker: 41 Trial Log Prob: -Inf Prob: 0.0 Frac: 0.08982309736789461
Step: 46885 Walker: 13 Trial Log Prob: 379.5412826490144 Prob: 7.280762422426806e-14 Frac: 0.0899056838486418
Number of steps: 47000 Acceptance Rate: 0.08992
Step: 47340 Walker: 15 Trial Log Prob: 406.69946475721366 Prob: 0.4237713017727939 Frac: 0.07816091954022988
Step: 47678 Walker: 19 Trial Log Prob: 399.39658443705684 Prob: 0.26832767057963286 Frac: 0.07629395612507012
Step: 47690 Walker: 48 Trial Log Prob: 398.3381931223425 Prob: 1.3279266379651604e-5 Frac: 0.07643921386747057
Number of steps: 48000 Acceptance Rate: 0.07908
Step: 48119 Walker: 2 Trial Log Prob: 393.7553688334497 Prob: 6.056216656115198e-11 Frac: 0.08675025415113521
Step: 48239 Walker: 2 Trial Log Prob: 384.276819414932 Prob: 2.5409358423262544e-15 Frac: 0.08645605780541085
Step: 48263 Walker: 1 Trial Log Prob: -Inf Prob: 0.0 Frac: 0.08663460804518738
Step: 48272 Walker: 30 Trial Log Prob: 394.35222357994024 Prob: 7.378257792169502e-5 Frac: 0.08718703976435935
Step: 48466 Walker: 23 Trial Log Prob: 380.45093563555065 Prob: 8.463838116922365e-9 Frac: 0.08658101662871139
Step: 48607 Walker: 36 Trial Log Prob: 389.51182195391914 Prob: 5.829912171596212e-6 Frac: 0.08541007383966245
Step: 48673 Walker: 42 Trial Log Prob: 394.949367074519 Prob: 9.484245441851134e-8 Frac: 0.08486415789786576
Step: 48816 Walker: 44 Trial Log Prob: 372.61028068245963 Prob: 4.0032629021554645e-9 Frac: 0.0839829386674511
Step: 48981 Walker: 44 Trial Log Prob: 80.43843743397032 Prob: 2.690758400403769e-141 Frac: 0.08172253486665035
Number of steps: 49000 Acceptance Rate: 0.08176
Step: 49552 Walker: 38 Trial Log Prob: 392.61290998364075 Prob: 6.725759327791261e-14 Frac: 0.08206466579672321
Step: 49643 Walker: 20 Trial Log Prob: 382.3944526741623 Prob: 2.504457573987365e-6 Frac: 0.08306351183063512
Step: 49851 Walker: 18 Trial Log Prob: 405.7879186154121 Prob: 0.023804633959091482 Frac: 0.08118914342160967
Step: 49865 Walker: 42 Trial Log Prob: 387.8762862167242 Prob: 2.242603313147363e-6 Frac: 0.08100920401461542
Step: 49956 Walker: 18 Trial Log Prob: 407.4575028348422 Prob: 0.0014621601359044248 Frac: 0.08166555015910233
Number of steps: 50000 Acceptance Rate: 0.08204
Burn-in Number (ends): 50000
Independent Sample Size: 231.12740964226
20121.277644 seconds (114.85 M allocations: 2.907 TiB, 12.81% gc time)
