args = ["full", "30.0", "30", "ppmp"]
Initial parameters: [3.0e-6, 224.70077409695637, 2.4335037688074433e6, 0.01, 0.01, 3.0e-6, 365.25642931529126, 2.4336244078769577e6, 0.01, 0.01]
Initial chi-square: 1116.9958357876117
Finished 2-planet fit: [4.513519229108455e-6, 224.70077801541302, 2.4335037687537777e6, -0.0175050266179791, -0.025801638584714393, 2.964754129377914e-6, 365.25643897142635, 2.4336244077652446e6, 0.003030566580559538, -0.01953468392084722]
New 2-planet chi-square: 667.8479408806473
Finished 3-planet fit w/ fixed period: [3.905208389257846e-6, 224.7007801007333, 2.4335037686755448e6, -0.0671488682593506, -0.0574855451979648, 2.6455518550144907e-6, 365.25646170695114, 2.4336244073416074e6, -0.03677039606044537, -0.043753060874453416, 0.0003487775474160629, 4186.413650662596, 2.439872756933303e6, -0.11406957897666707, 0.1271880837610344]
Finished global 3-planet fit.
New 3-planet chi-square: 216.95735640077996
Maximum: -209.80833197792825 Param: [3.9052084682319525e-6, 224.70078010073505, 2.4335037686755448e6, -0.06714885495691195, -0.057485549802320436, 2.6455519533342297e-6, 365.25646170695285, 2.4336244073416074e6, -0.036770398489665825, -0.04375306194714992, 0.0003487776992314608, 4186.419394121827, 2.4398727574292216e6, -0.11407000739133775, 0.12718803379813465]
Finished lunar search.
3-planet lunar chi-square: 108.29139529038243
Maximum: -182.70820223427384 Param: [2.385304692886642e-6, 224.70077994820093, 2.4335037686780626e6, -0.0007578622618620059, 0.0021746969164312987, 3.0323129191940537e-6, 365.2564518714576, 2.433624407491205e6, 0.013232960497691128, 0.004281701750221764, 0.000786047361279365, 4226.9915016114655, 2.439073492185968e6, 0.013850982583069906, -0.03446715090833824, -1.5904767485956524e-5, -0.0018230374351980254, 2.312653803301091]
1366.708180 seconds (556.43 M allocations: 64.676 GiB, 0.67% gc time)
Step: 155 Walker: 27 Trial Log Prob: 573.7337273978079 Prob: 0.0013567239448115625 Frac: 0.31072861395108065
Step: 168 Walker: 22 Trial Log Prob: 558.544795558951 Prob: 1.6454809236829036e-7 Frac: 0.31175346392737696
Step: 241 Walker: 1 Trial Log Prob: 589.0972968063968 Prob: 0.4228645492771683 Frac: 0.31114073827181066
Step: 543 Walker: 30 Trial Log Prob: 592.0405198152822 Prob: 1.6834993369524873 Frac: 0.31065241430151125
Step: 734 Walker: 45 Trial Log Prob: 576.8128912631975 Prob: 0.327734414671267 Frac: 0.3083526365989917
Step: 875 Walker: 26 Trial Log Prob: 588.883807504398 Prob: 1.2536682278052644 Frac: 0.3065453048529479
Number of steps: 1000 Acceptance Rate: 0.30372
Step: 1119 Walker: 6 Trial Log Prob: 577.5361821831018 Prob: 0.003229571464887922 Frac: 0.2934304097527938
Step: 1484 Walker: 17 Trial Log Prob: 581.2087829312 Prob: 0.24440121046205956 Frac: 0.29192700790333925
Step: 1523 Walker: 49 Trial Log Prob: 584.4912207980199 Prob: 1.081510316157418 Frac: 0.29178936096982677
Step: 1587 Walker: 43 Trial Log Prob: 571.5131517013461 Prob: 0.0020208544946849123 Frac: 0.2910745322564155
Step: 1734 Walker: 33 Trial Log Prob: 559.2792514023986 Prob: 1.6276260682547015e-7 Frac: 0.28879862606657036
Step: 1855 Walker: 39 Trial Log Prob: 555.933565452639 Prob: 1.564106543344965e-10 Frac: 0.2874657806687101
Step: 1945 Walker: 48 Trial Log Prob: 588.6246570623733 Prob: 0.6625047248197937 Frac: 0.2870809346427362
Number of steps: 2000 Acceptance Rate: 0.28712
Step: 2016 Walker: 28 Trial Log Prob: 590.301916261575 Prob: 2.4163290146331036e-5 Frac: 0.30077120822622105
Step: 2039 Walker: 46 Trial Log Prob: 588.6881729824638 Prob: 0.005405427287096046 Frac: 0.28879753340184994
Step: 2087 Walker: 34 Trial Log Prob: 594.5668669871601 Prob: 0.09524619717320049 Frac: 0.2808029533917859
Step: 2108 Walker: 39 Trial Log Prob: 591.9747282008735 Prob: 0.013991797391792741 Frac: 0.2842827982928187
Step: 2319 Walker: 34 Trial Log Prob: 571.9124675676254 Prob: 0.020695877599136814 Frac: 0.28197564955441196
Step: 2692 Walker: 2 Trial Log Prob: 584.6171676822903 Prob: 0.004902680498260765 Frac: 0.27871034961796715
Step: 2710 Walker: 47 Trial Log Prob: 575.3801781477838 Prob: 0.0022370163752398024 Frac: 0.278671437022847
Step: 2914 Walker: 1 Trial Log Prob: 588.7827969790033 Prob: 0.5240651623645619 Frac: 0.277759523340124
Number of steps: 3000 Acceptance Rate: 0.27728
Step: 3603 Walker: 2 Trial Log Prob: 586.5099568248694 Prob: 0.6865024084019518 Frac: 0.2808783469536908
Step: 3630 Walker: 27 Trial Log Prob: 579.2943805538301 Prob: 0.1955782453328949 Frac: 0.2819519013883153
Step: 3703 Walker: 50 Trial Log Prob: 577.2540227776151 Prob: 0.01051288808671946 Frac: 0.28216216216216217
Step: 3712 Walker: 29 Trial Log Prob: 572.9370216219538 Prob: 0.0016767801542892466 Frac: 0.28204839933668735
Number of steps: 4000 Acceptance Rate: 0.28268
Step: 4091 Walker: 45 Trial Log Prob: 586.8614302024935 Prob: 0.16371073570733052 Frac: 0.2893289328932893
Step: 4146 Walker: 25 Trial Log Prob: 585.683167171336 Prob: 0.975133383970658 Frac: 0.2813745704467354
Step: 4361 Walker: 40 Trial Log Prob: 512.0692644630645 Prob: 2.0596524111260576e-28 Frac: 0.28093126385809314
Step: 4640 Walker: 41 Trial Log Prob: 595.3136120312636 Prob: 0.20767568427227304 Frac: 0.2800787721546685
Step: 4688 Walker: 35 Trial Log Prob: 561.9366560909759 Prob: 1.3873372147134466e-7 Frac: 0.28012214628471716
Number of steps: 5000 Acceptance Rate: 0.28464
Step: 5224 Walker: 42 Trial Log Prob: 555.6362567164925 Prob: 1.5398790616995514e-9 Frac: 0.28931379556826303
Step: 5280 Walker: 33 Trial Log Prob: 590.0215277945506 Prob: 0.7587520368657671 Frac: 0.28749195451619824
Step: 5353 Walker: 48 Trial Log Prob: 575.8745320468566 Prob: 0.015238513705525319 Frac: 0.2879646418857661
Step: 5371 Walker: 46 Trial Log Prob: 575.6957434059402 Prob: 0.08189579494618948 Frac: 0.2866925482583846
Step: 5398 Walker: 9 Trial Log Prob: 593.0440500899149 Prob: 0.002281842001920983 Frac: 0.28611712573644194
Step: 5413 Walker: 19 Trial Log Prob: 584.7880034876671 Prob: 8.43018654054448 Frac: 0.2852708666763665
Step: 5723 Walker: 35 Trial Log Prob: 591.3693104211786 Prob: 1.4818712004695633 Frac: 0.2832987408329874
Step: 5793 Walker: 20 Trial Log Prob: 581.184866643468 Prob: 0.2291609862808463 Frac: 0.28313982836951035
Step: 5854 Walker: 9 Trial Log Prob: 585.1536151082328 Prob: 0.10020562726637008 Frac: 0.2831289997421412
Step: 5921 Walker: 16 Trial Log Prob: 594.5521199763989 Prob: 0.09144905181968882 Frac: 0.28314064673157163
Number of steps: 6000 Acceptance Rate: 0.28314
Step: 6146 Walker: 39 Trial Log Prob: -Inf Prob: 0.0 Frac: 0.2817944848401701
Step: 6188 Walker: 45 Trial Log Prob: 591.9253805142441 Prob: 0.0010499766881745742 Frac: 0.28291644491750934
Step: 6234 Walker: 40 Trial Log Prob: 591.8510098196231 Prob: 0.6612116859601699 Frac: 0.2843455945252352
Step: 6266 Walker: 21 Trial Log Prob: 591.4493969638675 Prob: 0.26381472253372396 Frac: 0.28453017858488433
Step: 6292 Walker: 15 Trial Log Prob: 587.7248732933821 Prob: 1.2603269408771482 Frac: 0.2858908341915551
Step: 6294 Walker: 47 Trial Log Prob: 592.2645007951734 Prob: 51.96668327286985 Frac: 0.2857726066544193
Step: 6326 Walker: 25 Trial Log Prob: 583.9636952905488 Prob: 0.29401029039625076 Frac: 0.28632872503840245
Step: 6400 Walker: 37 Trial Log Prob: 593.7461109240531 Prob: 0.022977268025820077 Frac: 0.28443488267373795
Step: 6444 Walker: 26 Trial Log Prob: 577.5565537942906 Prob: 0.0018004742944578284 Frac: 0.2824675324675325
Step: 6541 Walker: 32 Trial Log Prob: 592.9701261647314 Prob: 0.0009219927527578831 Frac: 0.28314590115418764
Step: 6624 Walker: 8 Trial Log Prob: 592.4301739561716 Prob: 0.5584019211792456 Frac: 0.28406829706656395
Step: 6771 Walker: 44 Trial Log Prob: 586.9822289741809 Prob: 1.173542475739564 Frac: 0.2847914072229141
Step: 6953 Walker: 43 Trial Log Prob: 565.5816868837755 Prob: 0.0006638144424557281 Frac: 0.285246520999937
Number of steps: 7000 Acceptance Rate: 0.28422
Step: 7363 Walker: 17 Trial Log Prob: 593.3706424402131 Prob: 0.9271787890156558 Frac: 0.28740961527846776
Step: 7516 Walker: 14 Trial Log Prob: 587.5391843785092 Prob: 0.0003717943566479861 Frac: 0.28675671479583914
Step: 7785 Walker: 21 Trial Log Prob: 585.9074913706753 Prob: 0.208660428962995 Frac: 0.28466892736034266
Number of steps: 8000 Acceptance Rate: 0.28656
Step: 8082 Walker: 34 Trial Log Prob: 544.5914242347453 Prob: 3.436662969874759e-16 Frac: 0.294564152791381
Step: 8125 Walker: 17 Trial Log Prob: 587.8443550070799 Prob: 0.036474190669365095 Frac: 0.2949975872607367
Step: 8246 Walker: 31 Trial Log Prob: 570.6452642736834 Prob: 0.0007873546019732053 Frac: 0.29207719241104146
Step: 8543 Walker: 38 Trial Log Prob: 585.3072122943155 Prob: 0.20611743620505027 Frac: 0.28730930798142823
Step: 8641 Walker: 9 Trial Log Prob: 588.0529402969094 Prob: 0.7139760790073101 Frac: 0.28626323846418195
Step: 8692 Walker: 19 Trial Log Prob: 584.0773107204868 Prob: 0.605441251609557 Frac: 0.284966299285487
Step: 8757 Walker: 34 Trial Log Prob: 542.0812905409226 Prob: 5.378488606247309e-16 Frac: 0.28601258127610085
Step: 8858 Walker: 23 Trial Log Prob: 595.2202357764911 Prob: 0.004056633321699532 Frac: 0.28649732932148436
Step: 8880 Walker: 26 Trial Log Prob: 462.5138538895869 Prob: 2.58327124034132e-50 Frac: 0.28656539930871383
Number of steps: 9000 Acceptance Rate: 0.28802
Step: 9311 Walker: 29 Trial Log Prob: 576.1665462564263 Prob: 0.01447082338930326 Frac: 0.2880417283791616
Step: 9353 Walker: 42 Trial Log Prob: 587.8234389587802 Prob: 0.5334991746052604 Frac: 0.2868722367078563
Step: 9609 Walker: 46 Trial Log Prob: 558.840297766537 Prob: 1.4426781360533392e-8 Frac: 0.28338698022728764
Step: 9818 Walker: 26 Trial Log Prob: 545.931966915923 Prob: 2.0210578994179397e-11 Frac: 0.2798708288482239
Step: 9880 Walker: 44 Trial Log Prob: 564.7766560982245 Prob: 1.849996174320085e-6 Frac: 0.28047006409965
Number of steps: 10000 Acceptance Rate: 0.28182
Step: 10137 Walker: 28 Trial Log Prob: 582.1240741721481 Prob: 0.18685295491207396 Frac: 0.29525483304042177
Step: 10408 Walker: 31 Trial Log Prob: 580.8209938194259 Prob: 1.604012390621192 Frac: 0.28654138658554534
Step: 10511 Walker: 24 Trial Log Prob: 563.8029162548976 Prob: 0.0001887367737521229 Frac: 0.28455571227080395
Step: 10748 Walker: 16 Trial Log Prob: 596.62684993408 Prob: 0.0020302008181831773 Frac: 0.2815393673392924
Number of steps: 11000 Acceptance Rate: 0.28126
Step: 11038 Walker: 48 Trial Log Prob: 590.1049441650341 Prob: 0.1522844493664574 Frac: 0.3071654373024236
Step: 11065 Walker: 35 Trial Log Prob: 583.5094234453677 Prob: 0.9990489577704542 Frac: 0.30046367851622874
Step: 11468 Walker: 7 Trial Log Prob: 534.546783208518 Prob: 2.6188221172255397e-18 Frac: 0.2930170826732885
Step: 11607 Walker: 25 Trial Log Prob: 553.9191043297302 Prob: 1.0986679152447664e-10 Frac: 0.28916735366859025
Step: 11731 Walker: 24 Trial Log Prob: 582.1640927318015 Prob: 0.6009624126950757 Frac: 0.2895082685357573
Step: 11774 Walker: 32 Trial Log Prob: 580.5198245597627 Prob: 0.3858901678028437 Frac: 0.28876480016545164
Number of steps: 12000 Acceptance Rate: 0.28984
Step: 12352 Walker: 11 Trial Log Prob: 588.7577318119122 Prob: 1.5834073187747357 Frac: 0.2924093160981721
Step: 12486 Walker: 2 Trial Log Prob: 593.2526357635469 Prob: 5.421287128164675e-7 Frac: 0.28863598878443014
Step: 12511 Walker: 12 Trial Log Prob: 551.2765364363848 Prob: 3.419327849141005e-10 Frac: 0.289079648792725
Step: 12743 Walker: 42 Trial Log Prob: 582.6422391751032 Prob: 0.3551184948707293 Frac: 0.28999515373431695
Step: 12929 Walker: 4 Trial Log Prob: 575.8665868303225 Prob: 0.014916764369125979 Frac: 0.28991035255581415
Number of steps: 13000 Acceptance Rate: 0.28952
Step: 13012 Walker: 15 Trial Log Prob: 350.20512376329077 Prob: 5.5970823633248314e-99 Frac: 0.2814159292035398
Step: 13057 Walker: 36 Trial Log Prob: 490.6192351786345 Prob: 1.33435257265207e-35 Frac: 0.28737658674189
Step: 13098 Walker: 4 Trial Log Prob: 580.7718846465034 Prob: 0.030896106268684675 Frac: 0.29563246806757315
Step: 13391 Walker: 34 Trial Log Prob: 591.1601039352374 Prob: 0.0028689589043744785 Frac: 0.289444046278284
Step: 13533 Walker: 50 Trial Log Prob: 586.9254349040544 Prob: 0.8847623684242137 Frac: 0.28874296435272045
Step: 13624 Walker: 31 Trial Log Prob: 589.1153577147833 Prob: 0.43114200291473814 Frac: 0.28587922132067606
Step: 13673 Walker: 6 Trial Log Prob: 593.021597333273 Prob: 0.0006863472630844426 Frac: 0.2856930310063679
Step: 13691 Walker: 18 Trial Log Prob: 585.5559123059787 Prob: 3.0164742151118387 Frac: 0.28489483747609945
Step: 13694 Walker: 9 Trial Log Prob: 593.3900753048489 Prob: 0.08532645756879474 Frac: 0.2848322225107476
Step: 13846 Walker: 1 Trial Log Prob: 591.5441960160563 Prob: 0.02690027906749716 Frac: 0.2856027076282218
Step: 13899 Walker: 27 Trial Log Prob: 574.3757508867232 Prob: 0.00016691226809727232 Frac: 0.2842833930598527
Number of steps: 14000 Acceptance Rate: 0.286
Step: 14050 Walker: 32 Trial Log Prob: 558.2753732835475 Prob: 5.588486505805739e-9 Frac: 0.28283642224012895
Step: 14213 Walker: 18 Trial Log Prob: 591.1819220914169 Prob: 0.05937779698957905 Frac: 0.28225654548879264
Step: 14544 Walker: 47 Trial Log Prob: 588.9828108578183 Prob: 0.598057217358437 Frac: 0.28378129940802294
Step: 14687 Walker: 19 Trial Log Prob: 586.0456306304023 Prob: 0.9353563837514709 Frac: 0.28538127567819577
Step: 14728 Walker: 3 Trial Log Prob: 561.1990287555619 Prob: 9.631861773823592e-6 Frac: 0.28487332544769345
Number of steps: 15000 Acceptance Rate: 0.28574
Step: 15021 Walker: 44 Trial Log Prob: 579.1438380357664 Prob: 0.15697282589581874 Frac: 0.3045977011494253
Step: 15301 Walker: 17 Trial Log Prob: 581.2196627138035 Prob: 0.6511001087335585 Frac: 0.2924685356595858
Number of steps: 16000 Acceptance Rate: 0.28972
Step: 16001 Walker: 30 Trial Log Prob: -Inf Prob: 0.0 Frac: 0.23333333333333334
Step: 16076 Walker: 47 Trial Log Prob: 583.8102858561483 Prob: 1.213629479579426 Frac: 0.2841717145114564
Step: 16181 Walker: 44 Trial Log Prob: 591.5307309181892 Prob: 0.013931259945013446 Frac: 0.2769792127377267
Step: 16211 Walker: 25 Trial Log Prob: 571.5479237880793 Prob: 0.011356771225859217 Frac: 0.27486935866983375
Step: 16628 Walker: 5 Trial Log Prob: 592.3649310028534 Prob: 0.8321934346153625 Frac: 0.283431669590177
Step: 16869 Walker: 28 Trial Log Prob: 580.3909722924687 Prob: 0.11980812980926793 Frac: 0.28276687851155935
Number of steps: 17000 Acceptance Rate: 0.28144
Step: 17061 Walker: 16 Trial Log Prob: 594.9453974498061 Prob: 0.03624660910440345 Frac: 0.26956233421750664
Step: 17144 Walker: 38 Trial Log Prob: 591.4789465522763 Prob: 0.017957418796110798 Frac: 0.27879799666110183
Step: 17326 Walker: 48 Trial Log Prob: 584.6539107136211 Prob: 0.9086535738289355 Frac: 0.2793594306049822
Step: 17367 Walker: 6 Trial Log Prob: 585.5904652665771 Prob: 0.1374892856176349 Frac: 0.2802906150988747
Step: 17457 Walker: 4 Trial Log Prob: 592.5270428773161 Prob: 0.19263694919925428 Frac: 0.27990703385370985
Step: 17664 Walker: 46 Trial Log Prob: -Inf Prob: 0.0 Frac: 0.28135919990360286
Step: 17917 Walker: 36 Trial Log Prob: 571.0473919760275 Prob: 0.00011372228689770066 Frac: 0.2802600575966489
Number of steps: 18000 Acceptance Rate: 0.27956
Step: 18075 Walker: 36 Trial Log Prob: 592.7418041494732 Prob: 0.41794109909973476 Frac: 0.2898822269807281
Step: 18122 Walker: 37 Trial Log Prob: 588.6423975288782 Prob: 3.671167660702117 Frac: 0.2891407918514868
Step: 18236 Walker: 10 Trial Log Prob: 592.5502222221527 Prob: 0.18906636246800873 Frac: 0.28537414965986396
Step: 18358 Walker: 19 Trial Log Prob: 554.4521902669811 Prob: 4.723264509769429e-10 Frac: 0.284403156304214
Step: 18571 Walker: 42 Trial Log Prob: 594.5288233723535 Prob: 0.002718151464100471 Frac: 0.28978347698129076
Step: 18634 Walker: 17 Trial Log Prob: 592.3010636720505 Prob: 0.028431911154479426 Frac: 0.28850222629235484
Step: 18669 Walker: 10 Trial Log Prob: 578.6156953373992 Prob: 0.09693625037882979 Frac: 0.28907512720742295
Number of steps: 19000 Acceptance Rate: 0.28952
Step: 19324 Walker: 27 Trial Log Prob: 557.2316031674382 Prob: 3.6098185058096503e-10 Frac: 0.2830561908882982
Step: 19525 Walker: 46 Trial Log Prob: -Inf Prob: 0.0 Frac: 0.27962356168559016
Step: 19666 Walker: 42 Trial Log Prob: 591.2663807715744 Prob: 0.9853224036268323 Frac: 0.2793764267691938
Step: 19713 Walker: 19 Trial Log Prob: 571.4588988343078 Prob: 0.0019829600755154318 Frac: 0.27926106853084026
Step: 19961 Walker: 37 Trial Log Prob: 563.7582700958087 Prob: 2.597102839147162e-6 Frac: 0.2814497158440369
Number of steps: 20000 Acceptance Rate: 0.28138
Step: 20140 Walker: 35 Trial Log Prob: 592.8442425027245 Prob: 0.06954709646638087 Frac: 0.2949176807444524
Step: 20158 Walker: 15 Trial Log Prob: 576.8422176984643 Prob: 0.0002468779048643916 Frac: 0.29332485696122057
Step: 20163 Walker: 17 Trial Log Prob: 570.5539410735715 Prob: 0.00015466592701154303 Frac: 0.29284218307256377
Step: 20304 Walker: 31 Trial Log Prob: 590.8084613690155 Prob: 0.8527556810190855 Frac: 0.2852908240563863
Step: 20369 Walker: 3 Trial Log Prob: 581.4975316442526 Prob: 1.1392905363510457 Frac: 0.28332337118948
Step: 20727 Walker: 44 Trial Log Prob: 593.7178113369881 Prob: 0.002514153381489792 Frac: 0.2862920977327757
Step: 20737 Walker: 37 Trial Log Prob: 589.9562744317099 Prob: 1.4957601045480602 Frac: 0.2865054157504683
Step: 20783 Walker: 8 Trial Log Prob: 559.8496341508211 Prob: 1.8305172114808373e-9 Frac: 0.28592615321673315
Step: 20883 Walker: 23 Trial Log Prob: 590.1947521173812 Prob: 0.08782318452898275 Frac: 0.28647190807515355
Step: 20885 Walker: 47 Trial Log Prob: 590.6347952389696 Prob: 0.15215468689606026 Frac: 0.28661830180577214
Number of steps: 21000 Acceptance Rate: 0.28548
Step: 21275 Walker: 20 Trial Log Prob: 592.7598312168896 Prob: 0.41781941662915467 Frac: 0.2793002915451895
Step: 21680 Walker: 39 Trial Log Prob: 579.4826091126611 Prob: 0.7763077388695258 Frac: 0.28144399658713115
Step: 21899 Walker: 32 Trial Log Prob: 575.4054538947325 Prob: 0.0001261497916447673 Frac: 0.28055728656636697
Step: 21992 Walker: 34 Trial Log Prob: 550.0568425768176 Prob: 2.231542866014372e-10 Frac: 0.2813810906744111
Number of steps: 22000 Acceptance Rate: 0.2814
Step: 22296 Walker: 36 Trial Log Prob: 521.3726481902899 Prob: 3.7500818681902346e-25 Frac: 0.2843230082510483
Step: 22551 Walker: 37 Trial Log Prob: 509.23837908156617 Prob: 1.422368879713873e-29 Frac: 0.2866325307767731
Step: 22552 Walker: 39 Trial Log Prob: 589.4994357185351 Prob: 0.46399034359881397 Frac: 0.28663597810721664
Step: 22631 Walker: 13 Trial Log Prob: 592.5939296007302 Prob: 1.6702419675873386 Frac: 0.2891822422492305
Step: 22899 Walker: 44 Trial Log Prob: 582.7039710682296 Prob: 0.22502776602204932 Frac: 0.28624510501957995
Number of steps: 23000 Acceptance Rate: 0.28746
Step: 23176 Walker: 14 Trial Log Prob: 592.2222480856719 Prob: 0.0006067938847018363 Frac: 0.2773847558192606
Step: 23199 Walker: 46 Trial Log Prob: 584.1491484545409 Prob: 0.09582827715252805 Frac: 0.27709632012869495
Step: 23296 Walker: 37 Trial Log Prob: 590.339185230882 Prob: 0.00735499212738563 Frac: 0.27733820247514707
Step: 23376 Walker: 34 Trial Log Prob: 590.6837456958405 Prob: 0.19771337758235355 Frac: 0.2768313458262351
Step: 23390 Walker: 34 Trial Log Prob: 569.5700806962226 Prob: 4.800801508096889e-5 Frac: 0.2761753233422295
Step: 23424 Walker: 41 Trial Log Prob: 591.2845904823987 Prob: 0.0191356795815485 Frac: 0.27582464253692607
Step: 23806 Walker: 38 Trial Log Prob: 575.3418382922481 Prob: 0.0033983089416195866 Frac: 0.2849980142970612
Step: 23975 Walker: 47 Trial Log Prob: 570.6139305392824 Prob: 0.958497672207076 Frac: 0.2852278088908035
Number of steps: 24000 Acceptance Rate: 0.28536
Step: 24141 Walker: 50 Trial Log Prob: 538.2390269830461 Prob: 1.1396242473989527e-14 Frac: 0.2904964539007092
Step: 24484 Walker: 25 Trial Log Prob: 594.8962978408779 Prob: 0.00204232535252652 Frac: 0.2898862461220269
Step: 24787 Walker: 24 Trial Log Prob: 593.5567447185983 Prob: 0.0036113077509081506 Frac: 0.29104363747329876
Step: 24923 Walker: 4 Trial Log Prob: 571.7773498037661 Prob: 0.018771297843137764 Frac: 0.29090751344785704
Step: 24948 Walker: 24 Trial Log Prob: 574.5597040160643 Prob: 7.35505093716832e-5 Frac: 0.290074724532444
Step: 24971 Walker: 9 Trial Log Prob: 590.7162026602825 Prob: 1.7111717091138972 Frac: 0.2896369745820363
Number of steps: 25000 Acceptance Rate: 0.2897
Step: 25805 Walker: 28 Trial Log Prob: 570.3072798022432 Prob: 0.0001639673205086564 Frac: 0.2821169334791687
Step: 25865 Walker: 42 Trial Log Prob: 591.254304430686 Prob: 0.00010137647882912797 Frac: 0.28310438925119097
Step: 25923 Walker: 23 Trial Log Prob: 594.7996449869422 Prob: 4.024574739091969e-5 Frac: 0.2832643149838475
Number of steps: 26000 Acceptance Rate: 0.28334
Number of steps: 27000 Acceptance Rate: 0.2822
Step: 27065 Walker: 40 Trial Log Prob: 588.1473932193111 Prob: 0.008802033974750259 Frac: 0.2796296296296296
Step: 27200 Walker: 23 Trial Log Prob: 587.8032359615513 Prob: 0.056727150898572186 Frac: 0.28627293692971023
Step: 27323 Walker: 13 Trial Log Prob: 571.4916429430976 Prob: 0.00014587659467066622 Frac: 0.28511140073232794
Step: 27379 Walker: 45 Trial Log Prob: -Inf Prob: 0.0 Frac: 0.28704143573502244
Step: 27391 Walker: 47 Trial Log Prob: 587.0646451173204 Prob: 1.2066396500891294 Frac: 0.28689824525502633
Step: 27512 Walker: 33 Trial Log Prob: 584.7903084570377 Prob: 1.0103717771772622 Frac: 0.28882461009263966
Step: 27558 Walker: 10 Trial Log Prob: 573.9357516986661 Prob: 0.021718318124539438 Frac: 0.28729361091170136
Number of steps: 28000 Acceptance Rate: 0.28648
Step: 28260 Walker: 3 Trial Log Prob: 573.3376652130696 Prob: 0.0019668819405837343 Frac: 0.28394966417046247
Step: 28301 Walker: 45 Trial Log Prob: 590.8795036571632 Prob: 0.007628395862885953 Frac: 0.28501163177135264
Step: 28441 Walker: 49 Trial Log Prob: 583.1712639784657 Prob: 0.6816277733729208 Frac: 0.2856818903351626
Step: 28554 Walker: 16 Trial Log Prob: 586.6130162508487 Prob: 0.14291293023205187 Frac: 0.2855129039253958
Step: 28786 Walker: 50 Trial Log Prob: 578.3754675015074 Prob: 0.096952058224843 Frac: 0.2865903307888041
Step: 28798 Walker: 21 Trial Log Prob: 591.7903139451074 Prob: 2.6640970127661867 Frac: 0.2864237164856663
Step: 28903 Walker: 23 Trial Log Prob: 571.0372856556584 Prob: 0.0030656497148422767 Frac: 0.28688252110896884
Number of steps: 29000 Acceptance Rate: 0.28658
Step: 29108 Walker: 9 Trial Log Prob: 587.4889805865827 Prob: 1.7825704797966744 Frac: 0.2804627729053928
Step: 29339 Walker: 8 Trial Log Prob: 591.3996869453579 Prob: 0.1770965946442933 Frac: 0.27454459427489947
Step: 29561 Walker: 16 Trial Log Prob: 565.1407222372793 Prob: 2.6212966439234823e-6 Frac: 0.2787692747001713
Number of steps: 30000 Acceptance Rate: 0.28158
Step: 30089 Walker: 21 Trial Log Prob: 591.3854507937608 Prob: 0.9863339306909262 Frac: 0.2827414612078715
Step: 30101 Walker: 34 Trial Log Prob: 591.6595255435808 Prob: 0.6992861274225312 Frac: 0.2846642828764402
Step: 30108 Walker: 43 Trial Log Prob: 589.6445695583501 Prob: 0.0012334681741574215 Frac: 0.2835156684591137
Step: 30261 Walker: 13 Trial Log Prob: 587.1424270723813 Prob: 0.5173521840730477 Frac: 0.2882502113271344
Step: 30534 Walker: 47 Trial Log Prob: 546.0997359618051 Prob: 1.0953511164468404e-12 Frac: 0.29014496010787727
Number of steps: 31000 Acceptance Rate: 0.28892
Number of steps: 32000 Acceptance Rate: 0.28684
Step: 32320 Walker: 18 Trial Log Prob: -Inf Prob: 0.0 Frac: 0.281625751503006
Step: 32558 Walker: 32 Trial Log Prob: 573.4189395360967 Prob: 0.0023471637505913597 Frac: 0.2742629653539918
Step: 32955 Walker: 37 Trial Log Prob: 583.6566020639965 Prob: 0.09760932174425029 Frac: 0.27492301569013555
Number of steps: 33000 Acceptance Rate: 0.27484
Step: 33425 Walker: 16 Trial Log Prob: 583.557934942108 Prob: 0.5244828498433052 Frac: 0.2813442684766214
Step: 33489 Walker: 15 Trial Log Prob: 592.2953408543121 Prob: 0.18414381557245332 Frac: 0.27982797460577513
Step: 33559 Walker: 12 Trial Log Prob: 560.788543876293 Prob: 1.3752546866190584e-7 Frac: 0.28081112066494696
Step: 33721 Walker: 11 Trial Log Prob: 577.4015336133602 Prob: 0.02933769984230551 Frac: 0.28260809197189746
Step: 33802 Walker: 44 Trial Log Prob: 587.9598270138933 Prob: 0.2725724715779515 Frac: 0.282211802264678
Number of steps: 34000 Acceptance Rate: 0.28348
Step: 34185 Walker: 35 Trial Log Prob: 587.2101283475135 Prob: 0.0060306972304407635 Frac: 0.2813210611802924
Step: 34284 Walker: 10 Trial Log Prob: 577.4995366257237 Prob: 0.0013013318751899574 Frac: 0.2809322033898305
Step: 34889 Walker: 46 Trial Log Prob: 592.2868783987064 Prob: 0.4104661596219451 Frac: 0.2774152904648337
Step: 34908 Walker: 30 Trial Log Prob: 567.0718929572122 Prob: 4.984633581992991e-6 Frac: 0.27763331864257385
Number of steps: 35000 Acceptance Rate: 0.27754
Step: 35154 Walker: 9 Trial Log Prob: 586.4031173512114 Prob: 0.5048715754624077 Frac: 0.27993210601906254
Step: 35575 Walker: 1 Trial Log Prob: 588.297808770571 Prob: 0.983146511487317 Frac: 0.2799902442423609
Step: 35575 Walker: 40 Trial Log Prob: 563.8869084580612 Prob: 3.248624983299316e-5 Frac: 0.27999304105775924
Step: 35773 Walker: 8 Trial Log Prob: 589.2709061083596 Prob: 0.07369567686780493 Frac: 0.28203999171156235
Step: 35993 Walker: 32 Trial Log Prob: 587.6066174553374 Prob: 4.312115900155122 Frac: 0.2836073500967118
Number of steps: 36000 Acceptance Rate: 0.2839
Step: 36186 Walker: 47 Trial Log Prob: 571.7979856141585 Prob: 1.2133525091466387e-5 Frac: 0.2814886522534151
Step: 36363 Walker: 30 Trial Log Prob: 588.3365736665654 Prob: 0.096030912852949 Frac: 0.28102592388306674
Step: 36503 Walker: 28 Trial Log Prob: 580.4557867297648 Prob: 0.0037783407093406854 Frac: 0.2789716650748169
Step: 36545 Walker: 31 Trial Log Prob: 588.4541709461146 Prob: 0.00047963761328731843 Frac: 0.280011751312842
Step: 36719 Walker: 20 Trial Log Prob: 578.6617947959346 Prob: 1.0565299285941872 Frac: 0.2829064587973274
Step: 36835 Walker: 32 Trial Log Prob: 592.2845321945917 Prob: 0.0036789005089920604 Frac: 0.28143870411195243
Step: 36883 Walker: 33 Trial Log Prob: 594.1808455555971 Prob: 0.00038852200631557266 Frac: 0.28155801780980216
Number of steps: 37000 Acceptance Rate: 0.28244
Step: 37337 Walker: 5 Trial Log Prob: 584.768714322722 Prob: 0.9028467252850676 Frac: 0.28378458792026184
Step: 37413 Walker: 34 Trial Log Prob: 591.9870514878614 Prob: 0.000309750794932251 Frac: 0.28617815256372975
Step: 37902 Walker: 1 Trial Log Prob: 592.9592941724262 Prob: 0.0031756833809270203 Frac: 0.2860313866506848
Number of steps: 38000 Acceptance Rate: 0.28562
Step: 38112 Walker: 43 Trial Log Prob: 590.6009760675056 Prob: 0.3996596419694455 Frac: 0.29304487752547825
Step: 38186 Walker: 23 Trial Log Prob: 594.12160851418 Prob: 0.110116551806556 Frac: 0.29041302706783134
Step: 38220 Walker: 3 Trial Log Prob: 580.8459660426458 Prob: 0.0033216264906754567 Frac: 0.2907879119875833
Step: 38353 Walker: 3 Trial Log Prob: 530.4665966303719 Prob: 2.1377375709913903e-23 Frac: 0.2913707890700449
Step: 38427 Walker: 3 Trial Log Prob: 514.8751989125299 Prob: 1.5261250615285846e-25 Frac: 0.2897244519551237
Step: 38749 Walker: 41 Trial Log Prob: 585.1277923640768 Prob: 0.34342844656968263 Frac: 0.28094869260970595
Number of steps: 39000 Acceptance Rate: 0.27848
Step: 39313 Walker: 27 Trial Log Prob: 587.4299137901282 Prob: 1.1389250092451821 Frac: 0.2827798041850643
Step: 39546 Walker: 26 Trial Log Prob: 586.6391238979435 Prob: 0.8639298010105434 Frac: 0.2846458424989001
Step: 39678 Walker: 14 Trial Log Prob: 574.5184897327546 Prob: 0.005385037699545875 Frac: 0.2844909047956532
Number of steps: 40000 Acceptance Rate: 0.28526
Step: 40323 Walker: 13 Trial Log Prob: 589.0576513398606 Prob: 0.009869974944543893 Frac: 0.270899273878235
Step: 40506 Walker: 36 Trial Log Prob: 586.2813621381214 Prob: 0.5116908520619728 Frac: 0.2749742940757732
Step: 40527 Walker: 29 Trial Log Prob: 592.0857870235977 Prob: 0.004516495807907935 Frac: 0.2745261878536974
Step: 40531 Walker: 27 Trial Log Prob: 579.7772809939148 Prob: 0.02940028329787561 Frac: 0.2749274324273382
Step: 40564 Walker: 24 Trial Log Prob: 563.592305834738 Prob: 3.6018862972743964e-5 Frac: 0.27468588059913396
Step: 40824 Walker: 32 Trial Log Prob: 590.1035721878114 Prob: 0.023607022072716984 Frac: 0.27609149628478463
Step: 40884 Walker: 44 Trial Log Prob: 588.9772887359419 Prob: 0.8513872794211753 Frac: 0.27591980811874917
Step: 40944 Walker: 24 Trial Log Prob: 590.2091759405689 Prob: 0.3098968714868147 Frac: 0.27612667995082035
Number of steps: 41000 Acceptance Rate: 0.2775
Step: 41015 Walker: 36 Trial Log Prob: 588.2098461950786 Prob: 4.72208049347128e-5 Frac: 0.3233695652173913
Step: 41175 Walker: 10 Trial Log Prob: 566.1066993170034 Prob: 5.90638246256845e-6 Frac: 0.2947187141216992
Step: 41327 Walker: 5 Trial Log Prob: 581.0084476460464 Prob: 0.0007695636233503711 Frac: 0.29647347439435756
Step: 41428 Walker: 46 Trial Log Prob: -Inf Prob: 0.0 Frac: 0.2957094784071789
Step: 41960 Walker: 44 Trial Log Prob: 590.9631824381904 Prob: 0.005774993506557818 Frac: 0.2856815435262741
Number of steps: 42000 Acceptance Rate: 0.28564
Number of steps: 43000 Acceptance Rate: 0.28232
Step: 43055 Walker: 10 Trial Log Prob: 562.8793927360708 Prob: 2.4761717777483405e-7 Frac: 0.3011070110701107
Step: 43058 Walker: 11 Trial Log Prob: 592.1544033398624 Prob: 0.04907735813649936 Frac: 0.29954561342188046
Step: 43203 Walker: 47 Trial Log Prob: 572.1995933906117 Prob: 0.0009737598980003344 Frac: 0.2911205282349463
Step: 43413 Walker: 50 Trial Log Prob: 580.6876681063001 Prob: 0.27204507623326446 Frac: 0.29404358353510895
Step: 43425 Walker: 43 Trial Log Prob: 556.7602183165328 Prob: 1.549388407951082e-7 Frac: 0.2939321188156098
Step: 43817 Walker: 9 Trial Log Prob: 592.0876901326018 Prob: 1.0938174521213961 Frac: 0.2944938616481658
Step: 43937 Walker: 3 Trial Log Prob: 586.5014431997129 Prob: 0.2926541688995425 Frac: 0.29318633420934553
Number of steps: 44000 Acceptance Rate: 0.29214
Step: 44368 Walker: 25 Trial Log Prob: 589.5170138200069 Prob: 0.45401620231252804 Frac: 0.28522448979591836
Step: 44390 Walker: 26 Trial Log Prob: 572.4942360328146 Prob: 0.014943970960090775 Frac: 0.28512014787430684
Step: 44450 Walker: 39 Trial Log Prob: 580.3727853968146 Prob: 0.0366862543976515 Frac: 0.2852505669438392
Step: 44870 Walker: 37 Trial Log Prob: 594.4234406565784 Prob: 0.19995000084271825 Frac: 0.282820153149217
Number of steps: 45000 Acceptance Rate: 0.28258
Step: 45190 Walker: 34 Trial Log Prob: 567.0102670355573 Prob: 7.316900411035064e-8 Frac: 0.28142134120624207
Step: 45265 Walker: 44 Trial Log Prob: 588.9045426577146 Prob: 0.9899786425289526 Frac: 0.28601630927212324
Step: 45790 Walker: 17 Trial Log Prob: 567.7610003083773 Prob: 0.0006815902776660351 Frac: 0.284541515696658
Step: 45872 Walker: 19 Trial Log Prob: 587.027940457603 Prob: 1.0139229006616892 Frac: 0.2839633684500448
Step: 45915 Walker: 29 Trial Log Prob: 579.8508953131889 Prob: 0.37343508231883005 Frac: 0.2846989875133941
Number of steps: 46000 Acceptance Rate: 0.28476
Step: 46429 Walker: 7 Trial Log Prob: 553.5342471045705 Prob: 4.9391877407258654e-11 Frac: 0.28397253234923153
Step: 46513 Walker: 27 Trial Log Prob: 572.0965963404965 Prob: 0.045165877825704887 Frac: 0.2821633433488118
Step: 46813 Walker: 24 Trial Log Prob: 570.469142310003 Prob: 1.097664908007621e-6 Frac: 0.28672705789680974
Number of steps: 47000 Acceptance Rate: 0.28668
Step: 47323 Walker: 50 Trial Log Prob: 584.8726760962289 Prob: 2.358270467649774 Frac: 0.2894736842105263
Step: 47451 Walker: 43 Trial Log Prob: 560.4817819749029 Prob: 6.6844241630131815e-9 Frac: 0.28997915095595084
Step: 47653 Walker: 8 Trial Log Prob: 586.5081932048648 Prob: 0.2682348634569487 Frac: 0.29201422963689894
Number of steps: 48000 Acceptance Rate: 0.29038
Step: 48056 Walker: 39 Trial Log Prob: 589.6279530363652 Prob: 0.876592854808423 Frac: 0.28397275008963785
Step: 48071 Walker: 40 Trial Log Prob: 588.4808201804493 Prob: 1.4446424775429698 Frac: 0.28559322033898304
Step: 48402 Walker: 32 Trial Log Prob: 590.0467005845906 Prob: 0.0028634218005809055 Frac: 0.28906483417986256
Step: 48602 Walker: 3 Trial Log Prob: 573.7674987025217 Prob: 0.0134843431466488 Frac: 0.2854623498486008
Step: 48773 Walker: 47 Trial Log Prob: 590.8551249991757 Prob: 2.2445456455638926 Frac: 0.2817295003493156
Step: 48784 Walker: 46 Trial Log Prob: 593.5596017953527 Prob: 0.3112334650484282 Frac: 0.2815338299826513
Step: 48857 Walker: 34 Trial Log Prob: 573.099078594489 Prob: 0.0009119299085959155 Frac: 0.2805248167343699
Step: 48920 Walker: 47 Trial Log Prob: 586.5404334128739 Prob: 0.9953324044601721 Frac: 0.2808226623475444
Step: 48957 Walker: 21 Trial Log Prob: 593.6481812903444 Prob: 0.0029542164354196317 Frac: 0.28102716379833126
Step: 48960 Walker: 42 Trial Log Prob: 583.9163909035235 Prob: 0.9752214558273662 Frac: 0.2810885147524587
Number of steps: 49000 Acceptance Rate: 0.28086
Step: 49208 Walker: 20 Trial Log Prob: 590.4800451820581 Prob: 0.8629039279155747 Frac: 0.2922854387656702
Step: 49496 Walker: 24 Trial Log Prob: 591.5796760591393 Prob: 0.019970125339162776 Frac: 0.2909501897150238
Step: 49498 Walker: 18 Trial Log Prob: 589.3406059979629 Prob: 0.48521257447635746 Frac: 0.29101656747627475
Step: 49647 Walker: 21 Trial Log Prob: 594.8804877189972 Prob: 0.08958514305969169 Frac: 0.28937842269731756
Step: 49830 Walker: 14 Trial Log Prob: 595.1923059659559 Prob: 0.23155233059709449 Frac: 0.28605537333590586
Step: 49891 Walker: 24 Trial Log Prob: 557.6832835099193 Prob: 1.7297473533994167e-9 Frac: 0.2839816728056778
Number of steps: 50000 Acceptance Rate: 0.28326
Burn-in Number (ends): 2234
Independent Sample Size: 4000.4234210074505
917.679411 seconds (95.52 M allocations: 423.797 GiB, 6.45% gc time)
