args = ["full", "30.0", "20", "ppmp"]
Initial parameters: [3.0e-6, 224.70078764380233, 2.4335037686355244e6, 0.01, 0.01, 3.0e-6, 365.25633379803037, 2.433624408663217e6, 0.01, 0.01]
Initial chi-square: 672.2597508626533
Finished 2-planet fit: [3.971963865431213e-6, 224.70077830194774, 2.433503768760164e6, -0.049224846309914964, -0.02391569356966754, 2.6726551173073704e-6, 365.2563635087854, 2.4336244084254415e6, -0.024335544941247306, -0.01838900080445356]
New 2-planet chi-square: 417.94881021034644
Finished 3-planet fit w/ fixed period: [4.88535506184184e-6, 224.7007775148414, 2.433503768737565e6, 0.012796762325049019, -0.0028520462012280906, 3.0205296580874565e-6, 365.25635800014436, 2.433624408560564e6, 0.028123488403147535, -0.002068640181882252, 0.0012428239162634957, 5021.57906380581, 2.4395219417598555e6, 0.023158921962206338, -0.024612378901696683]
Finished global 3-planet fit.
New 3-planet chi-square: 104.01932624695485
Maximum: -120.75899449054715 Param: [5.140798716627655e-6, 224.7007738123177, 2.433503768796242e6, 0.017541371928186698, -0.006941429527669074, 3.0246452618232216e-6, 365.25633162715076, 2.433624408799177e6, 0.03218627738005216, -0.005332318612149095, 0.0013623744477012638, 5253.868346429046, 2.439678215440574e6, 0.020836226249685764, -0.01971759373077881]
Finished lunar search.
3-planet lunar chi-square: 66.4445105274811
Maximum: -109.10554645054142 Param: [2.195676334124078e-6, 224.70078302771765, 2.4335037686492302e6, 0.003023833096980155, 0.00815143794041294, 2.9747611984194744e-6, 365.25640772149984, 2.433624408056682e6, 0.015444030129389469, 0.007698016680016352, 0.0009904934630699446, 4557.835118667094, 2.439181909407966e6, 0.0333493328165988, -0.038736701363367904, 0.00016037947477360042, -0.0017398596930149359, 2.325159444441341]
1569.790103 seconds (701.68 M allocations: 70.168 GiB, 0.76% gc time)
Step: 219 Walker: 2 Trial Log Prob: 381.15075578441827 Prob: 7.017596673743953e-6 Frac: 0.3136121812511466
Step: 324 Walker: 42 Trial Log Prob: 388.1434826201519 Prob: 0.237793141830752 Frac: 0.3126235177865613
Step: 779 Walker: 26 Trial Log Prob: 400.78781150105556 Prob: 0.11860568182321315 Frac: 0.3110003596567847
Number of steps: 1000 Acceptance Rate: 0.3061
Step: 1097 Walker: 27 Trial Log Prob: 356.87366485897405 Prob: 1.0040685489457003e-16 Frac: 0.2943857468406878
Step: 1124 Walker: 12 Trial Log Prob: 353.8757956054026 Prob: 3.857612060285481e-14 Frac: 0.293735800064914
Step: 1264 Walker: 25 Trial Log Prob: 389.49634056547194 Prob: 0.09271589261719614 Frac: 0.28523719165085387
Step: 1679 Walker: 26 Trial Log Prob: 401.6221650100537 Prob: 0.0036505443471266507 Frac: 0.2763072569710546
Step: 1715 Walker: 24 Trial Log Prob: 399.3618344295463 Prob: 1.2222798844827472 Frac: 0.2769846601724331
Step: 1777 Walker: 13 Trial Log Prob: 390.36949084883787 Prob: 0.5499920846469989 Frac: 0.27591270965913484
Step: 1873 Walker: 15 Trial Log Prob: 360.7560740178114 Prob: 4.902170299066679e-12 Frac: 0.2754098360655738
Step: 1887 Walker: 31 Trial Log Prob: 397.33402691871413 Prob: 1.1070072247162457 Frac: 0.275698720985315
Number of steps: 2000 Acceptance Rate: 0.27406
Step: 2108 Walker: 29 Trial Log Prob: 390.0870287275475 Prob: 0.3269036625820738 Frac: 0.26919501766127535
Step: 2353 Walker: 30 Trial Log Prob: 394.9123864148017 Prob: 0.6533016448632469 Frac: 0.271355643788996
Step: 2449 Walker: 42 Trial Log Prob: 385.0829445367262 Prob: 0.0009544290739750495 Frac: 0.27105427323767933
Step: 2573 Walker: 23 Trial Log Prob: 379.2748282029022 Prob: 0.0005632865956321755 Frac: 0.26894455507808407
Step: 2581 Walker: 18 Trial Log Prob: 396.7773617310596 Prob: 0.09812921076198661 Frac: 0.2687642153146323
Step: 2688 Walker: 33 Trial Log Prob: 375.67065052889126 Prob: 0.011041646334470079 Frac: 0.2694645609749004
Step: 2699 Walker: 8 Trial Log Prob: 402.62894680315674 Prob: 1.133995445094551 Frac: 0.26979488942362784
Step: 2828 Walker: 32 Trial Log Prob: 345.80805658145465 Prob: 1.780785144316937e-14 Frac: 0.27234063119230584
Number of steps: 3000 Acceptance Rate: 0.27192
Step: 3126 Walker: 31 Trial Log Prob: 383.5010822528658 Prob: 0.07585804304603459 Frac: 0.2663588600541315
Step: 3136 Walker: 5 Trial Log Prob: 404.10646767357315 Prob: 0.0024070717870088 Frac: 0.26735751295336785
Step: 3175 Walker: 26 Trial Log Prob: 385.6861000906315 Prob: 0.01099820272723675 Frac: 0.2661013064405226
Step: 3208 Walker: 10 Trial Log Prob: 394.01325016602476 Prob: 0.19718350448950184 Frac: 0.26583011583011584
Step: 3244 Walker: 19 Trial Log Prob: 389.65321818083504 Prob: 0.6541565400083929 Frac: 0.26477113978141176
Step: 3469 Walker: 21 Trial Log Prob: 360.9737246430077 Prob: 5.818058431691458e-10 Frac: 0.2669826224328594
Step: 3545 Walker: 22 Trial Log Prob: 395.9760402440953 Prob: 2.7939820260216988 Frac: 0.266879729630446
Step: 3555 Walker: 19 Trial Log Prob: 402.4831637801548 Prob: 0.0006759265755002084 Frac: 0.2671813557487644
Step: 3837 Walker: 15 Trial Log Prob: 400.1676747221647 Prob: 0.4361609960705495 Frac: 0.2633983020447208
Number of steps: 4000 Acceptance Rate: 0.2633
Step: 4235 Walker: 23 Trial Log Prob: 379.3705545383825 Prob: 0.0009169334001442705 Frac: 0.2721999488185618
Step: 4379 Walker: 3 Trial Log Prob: 402.3797028697603 Prob: 2.2521835757981894e-5 Frac: 0.277098873194731
Step: 4498 Walker: 43 Trial Log Prob: 396.6328762107575 Prob: 1.8752293146458305 Frac: 0.27461535371389545
Step: 4545 Walker: 21 Trial Log Prob: 379.1790873533236 Prob: 9.44157353733688e-5 Frac: 0.2740163844090959
Step: 4764 Walker: 1 Trial Log Prob: 391.14345272750035 Prob: 0.4189283319167094 Frac: 0.27380671542030355
Step: 4827 Walker: 17 Trial Log Prob: 399.607762750964 Prob: 0.7391832674878581 Frac: 0.27376140571677515
Number of steps: 5000 Acceptance Rate: 0.27188
Step: 5141 Walker: 36 Trial Log Prob: 325.72412777867777 Prob: 3.5291955654593905e-28 Frac: 0.2622228538942581
Step: 5893 Walker: 50 Trial Log Prob: 386.64697591185654 Prob: 0.0008320632391001334 Frac: 0.2616573348264278
Step: 5961 Walker: 43 Trial Log Prob: 403.75924377394193 Prob: 0.034089717767466415 Frac: 0.2619736486064567
Number of steps: 6000 Acceptance Rate: 0.26264
Step: 6159 Walker: 10 Trial Log Prob: 394.0505226969298 Prob: 0.002698393206159422 Frac: 0.25992414664981034
Step: 6330 Walker: 12 Trial Log Prob: 401.30456801385213 Prob: 0.019860953774910237 Frac: 0.2654598469201798
Step: 6360 Walker: 50 Trial Log Prob: 402.98814568075124 Prob: 3.2677673848065216e-5 Frac: 0.2655
Step: 6417 Walker: 48 Trial Log Prob: 395.03165576262484 Prob: 1.1092895336343185 Frac: 0.26520529547198773
Step: 6445 Walker: 15 Trial Log Prob: 385.71727240311725 Prob: 0.006041487616409428 Frac: 0.26603646185010127
Step: 6660 Walker: 20 Trial Log Prob: 401.58199061705596 Prob: 0.0008182667201849951 Frac: 0.26684865028814075
Step: 6703 Walker: 46 Trial Log Prob: 396.5346679474485 Prob: 1.945744114243348 Frac: 0.267199681329312
Number of steps: 7000 Acceptance Rate: 0.26414
Step: 7226 Walker: 21 Trial Log Prob: 400.5426691681445 Prob: 0.9672987884721985 Frac: 0.2597817407505989
Step: 7359 Walker: 17 Trial Log Prob: 398.2383840553724 Prob: 0.20824296206939813 Frac: 0.25902773901880893
Step: 7532 Walker: 28 Trial Log Prob: 330.38658930625127 Prob: 8.752917031122532e-25 Frac: 0.25795770938370083
Step: 7617 Walker: 47 Trial Log Prob: 396.04960385268754 Prob: 0.44179430831551963 Frac: 0.2588258177456479
Step: 7742 Walker: 6 Trial Log Prob: 391.3180440301224 Prob: 5.832192797697307e-6 Frac: 0.2595800949913644
Step: 7799 Walker: 18 Trial Log Prob: 379.7639274096875 Prob: 0.0015553471966714067 Frac: 0.2581041134325367
Number of steps: 8000 Acceptance Rate: 0.2602
Step: 8019 Walker: 4 Trial Log Prob: 400.00340437136055 Prob: 0.00039697011884507453 Frac: 0.2577433628318584
Step: 8773 Walker: 7 Trial Log Prob: 398.22783562741546 Prob: 0.01642514584540015 Frac: 0.25741445851788536
Number of steps: 9000 Acceptance Rate: 0.25736
Step: 9060 Walker: 25 Trial Log Prob: 365.2756934532841 Prob: 2.263508014811918e-10 Frac: 0.2557983193277311
Step: 9082 Walker: 11 Trial Log Prob: 403.7551994098194 Prob: 0.013969631013118492 Frac: 0.25757202659443484
Step: 9193 Walker: 50 Trial Log Prob: 400.4526377817675 Prob: 2.1362666690720515 Frac: 0.26259067357512955
Step: 9825 Walker: 46 Trial Log Prob: -Inf Prob: 0.0 Frac: 0.2654317994472191
Number of steps: 10000 Acceptance Rate: 0.26578
Step: 10175 Walker: 20 Trial Log Prob: 403.7243547342267 Prob: 0.010211544811837017 Frac: 0.26559633027522933
Step: 10180 Walker: 16 Trial Log Prob: 388.74504559232736 Prob: 0.9513215715752573 Frac: 0.2652241802364488
Step: 10193 Walker: 21 Trial Log Prob: 405.7387726363407 Prob: 0.0005470992607777418 Frac: 0.26348612410352357
Step: 10196 Walker: 4 Trial Log Prob: 402.87465804564044 Prob: 0.09292799354968163 Frac: 0.2630715603854829
Step: 10708 Walker: 5 Trial Log Prob: 397.73055870866943 Prob: 1.9600740780589296 Frac: 0.26437561872436716
Step: 10780 Walker: 24 Trial Log Prob: 375.3394348962802 Prob: 0.01105931838713871 Frac: 0.2648432288192128
Step: 10950 Walker: 6 Trial Log Prob: -Inf Prob: 0.0 Frac: 0.2644976399190829
Number of steps: 11000 Acceptance Rate: 0.26474
Step: 11037 Walker: 36 Trial Log Prob: 405.2362921631063 Prob: 0.2804303724575003 Frac: 0.2570806100217865
Step: 11725 Walker: 36 Trial Log Prob: 387.2788608305512 Prob: 1.4314368549059506 Frac: 0.2690694337123303
Step: 11836 Walker: 21 Trial Log Prob: 395.13782550221333 Prob: 0.7343660628127913 Frac: 0.2682004261329631
Step: 11957 Walker: 37 Trial Log Prob: -151.37882583840147 Prob: 7.504166833509965e-234 Frac: 0.2679306812718189
Step: 11984 Walker: 7 Trial Log Prob: 399.0967074481447 Prob: 0.20800128026243098 Frac: 0.26783571007181073
Number of steps: 12000 Acceptance Rate: 0.26776
Step: 12087 Walker: 28 Trial Log Prob: 391.70386863475267 Prob: 0.9899379026837077 Frac: 0.2601663585951941
Step: 12404 Walker: 16 Trial Log Prob: 398.1108559967637 Prob: 3.125334744149 Frac: 0.2684716850143806
Step: 12510 Walker: 43 Trial Log Prob: 383.8349160829389 Prob: 0.02432353310048105 Frac: 0.26893657082336325
Step: 12726 Walker: 11 Trial Log Prob: 355.8000997921003 Prob: 1.8673341485741764e-16 Frac: 0.2702628168004192
Step: 12890 Walker: 36 Trial Log Prob: 381.12746166822603 Prob: 1.0265324349316542e-5 Frac: 0.2702423234275952
Number of steps: 13000 Acceptance Rate: 0.27086
Step: 13131 Walker: 11 Trial Log Prob: 382.89571257951746 Prob: 0.0023626905424512026 Frac: 0.2629396406082015
Step: 13394 Walker: 37 Trial Log Prob: 370.2479852575408 Prob: 4.7109884442547557e-7 Frac: 0.27027988012393966
Step: 13464 Walker: 31 Trial Log Prob: 398.8275923862377 Prob: 0.2336694379444928 Frac: 0.2697467753763858
Step: 13485 Walker: 9 Trial Log Prob: 282.6581358216535 Prob: 1.0201504600269378e-44 Frac: 0.269486554587137
Step: 13487 Walker: 9 Trial Log Prob: 369.21646121965824 Prob: 7.117559570664337e-8 Frac: 0.26952980377637914
Step: 13998 Walker: 1 Trial Log Prob: 392.3182520158909 Prob: 0.3509800391787177 Frac: 0.27285310224468917
Number of steps: 14000 Acceptance Rate: 0.27274
Step: 14176 Walker: 5 Trial Log Prob: 402.84011569689204 Prob: 0.02969607326506051 Frac: 0.2836093660765277
Step: 14283 Walker: 44 Trial Log Prob: 370.14022326294884 Prob: 2.7988719257851565e-7 Frac: 0.2808257918552036
Step: 14507 Walker: 22 Trial Log Prob: 403.0197556803916 Prob: 0.9221802542453771 Frac: 0.280941473817234
Step: 14822 Walker: 46 Trial Log Prob: 343.66025959732127 Prob: 1.0180421130429585e-15 Frac: 0.2781535915904224
Step: 14908 Walker: 20 Trial Log Prob: -Inf Prob: 0.0 Frac: 0.2768789949305709
Number of steps: 15000 Acceptance Rate: 0.27672
Step: 15653 Walker: 16 Trial Log Prob: 397.62222970050135 Prob: 5.416555499418901e-6 Frac: 0.2753249938680402
Step: 15718 Walker: 37 Trial Log Prob: 401.76864786054097 Prob: 0.13733485941224421 Frac: 0.2761445648842199
Step: 15948 Walker: 34 Trial Log Prob: 399.70095704025897 Prob: 0.6147946333871142 Frac: 0.2766123586020598
Step: 15957 Walker: 37 Trial Log Prob: 402.99508922766415 Prob: 0.0023770334394862406 Frac: 0.27660597445491986
Step: 15969 Walker: 5 Trial Log Prob: 401.2285627942447 Prob: 0.46399037758653067 Frac: 0.27656233860138413
Number of steps: 16000 Acceptance Rate: 0.27652
Step: 16040 Walker: 10 Trial Log Prob: 393.20732596119444 Prob: 1.0926727667952163 Frac: 0.2897959183673469
Step: 16076 Walker: 28 Trial Log Prob: 397.77351374097805 Prob: 0.05688094733201348 Frac: 0.2930121757543674
Step: 16111 Walker: 44 Trial Log Prob: 384.53870932449246 Prob: 0.02078478894776346 Frac: 0.2896825396825397
Step: 16180 Walker: 30 Trial Log Prob: 393.64253202633927 Prob: 0.6261495088000413 Frac: 0.28997772828507795
Step: 16407 Walker: 37 Trial Log Prob: 403.7703520609499 Prob: 0.7503749120458915 Frac: 0.2831784432315484
Step: 16987 Walker: 36 Trial Log Prob: 399.7498108906686 Prob: 0.00013129771228266395 Frac: 0.28459948110912925
Number of steps: 17000 Acceptance Rate: 0.28416
Step: 17047 Walker: 12 Trial Log Prob: 393.0124657446554 Prob: 8.25058971848677e-5 Frac: 0.27205882352941174
Step: 17145 Walker: 31 Trial Log Prob: 393.49939557009924 Prob: 1.394234129178335 Frac: 0.27050200525515145
Step: 17272 Walker: 7 Trial Log Prob: 401.3746702915062 Prob: 0.6773981113563995 Frac: 0.27476580364387404
Step: 17510 Walker: 17 Trial Log Prob: 396.0890615711034 Prob: 0.01139787794620933 Frac: 0.2747869792280206
Step: 17571 Walker: 8 Trial Log Prob: 396.630074742749 Prob: 0.0004833262901196601 Frac: 0.27529114634488566
Step: 17621 Walker: 9 Trial Log Prob: 399.4275124051734 Prob: 0.08405271924939288 Frac: 0.27446870263471895
Step: 17796 Walker: 12 Trial Log Prob: 353.339829163112 Prob: 5.240389211543655e-12 Frac: 0.2729993461093506
Step: 17955 Walker: 14 Trial Log Prob: 402.88399559442394 Prob: 0.00025862975051411724 Frac: 0.2718070168084839
Number of steps: 18000 Acceptance Rate: 0.2707
Step: 18061 Walker: 6 Trial Log Prob: 399.69376882606304 Prob: 1.0111209912006383 Frac: 0.2634730538922156
Step: 18089 Walker: 5 Trial Log Prob: 370.2057455117199 Prob: 3.6076588934445127e-8 Frac: 0.2608399545970488
Step: 18122 Walker: 9 Trial Log Prob: 382.65962269189833 Prob: 9.237558182924389e-5 Frac: 0.2662155471199868
Step: 18292 Walker: 13 Trial Log Prob: 371.7581557308833 Prob: 2.094958318495067e-8 Frac: 0.2638192680079654
Step: 18439 Walker: 45 Trial Log Prob: 400.94799989737515 Prob: 1.8821701975283005 Frac: 0.2674413305992253
Step: 18603 Walker: 10 Trial Log Prob: 381.08232150611707 Prob: 1.5973365489609587e-5 Frac: 0.26951179010295584
Step: 18746 Walker: 18 Trial Log Prob: 408.920006271594 Prob: 0.38013385504081204 Frac: 0.2702854996243426
Number of steps: 19000 Acceptance Rate: 0.27248
Step: 19225 Walker: 42 Trial Log Prob: 372.2808848113593 Prob: 9.390681869239731e-7 Frac: 0.27690802348336596
Step: 19295 Walker: 12 Trial Log Prob: 370.2691201764943 Prob: 3.6502927502628814e-7 Frac: 0.2788879825992387
Step: 19569 Walker: 16 Trial Log Prob: 380.64701098026825 Prob: 8.105685345604045e-6 Frac: 0.27737894144144143
Number of steps: 20000 Acceptance Rate: 0.2767
Step: 20239 Walker: 27 Trial Log Prob: 396.9092265431988 Prob: 0.49126686348539494 Frac: 0.28733126519661273
Step: 20508 Walker: 24 Trial Log Prob: 383.8647883845292 Prob: 0.0051965216471644435 Frac: 0.2820209663435012
Step: 20611 Walker: 50 Trial Log Prob: 390.61119572886 Prob: 1.017434703141457 Frac: 0.281342062193126
Number of steps: 21000 Acceptance Rate: 0.28304
Step: 21102 Walker: 43 Trial Log Prob: 389.20091661985765 Prob: 0.17160180503836917 Frac: 0.2801884940113882
Step: 21172 Walker: 5 Trial Log Prob: 404.6841086115525 Prob: 0.02940471317823196 Frac: 0.27796610169491526
Step: 21606 Walker: 26 Trial Log Prob: 404.5606287409539 Prob: 0.9874359255445314 Frac: 0.2745739199365834
Step: 21839 Walker: 24 Trial Log Prob: 400.8377304085576 Prob: 1.0092512735287114 Frac: 0.27561778456254177
Step: 21929 Walker: 17 Trial Log Prob: 368.7582860663297 Prob: 5.041790029448091e-7 Frac: 0.2757179481655428
Step: 21929 Walker: 24 Trial Log Prob: 369.1019976880158 Prob: 2.656364598236388e-10 Frac: 0.2757194554540755
Step: 21953 Walker: 6 Trial Log Prob: 353.47567701101815 Prob: 1.4521519730641998e-12 Frac: 0.27567953619291685
Step: 21959 Walker: 11 Trial Log Prob: 398.08397208018704 Prob: 0.5308147374290977 Frac: 0.2757195633570579
Number of steps: 22000 Acceptance Rate: 0.27594
Step: 22255 Walker: 3 Trial Log Prob: 406.02144506598967 Prob: 1.332188914997303 Frac: 0.2853656616547272
Step: 22398 Walker: 6 Trial Log Prob: 380.03367575172285 Prob: 1.4440515605702947e-6 Frac: 0.2825342465753425
Step: 22531 Walker: 49 Trial Log Prob: 397.5382049332712 Prob: 0.4193694709566949 Frac: 0.28366416814192624
Step: 22604 Walker: 16 Trial Log Prob: 395.9369736041589 Prob: 0.7870302826441435 Frac: 0.2836305774713253
Step: 22608 Walker: 11 Trial Log Prob: 28.853046104251565 Prob: 1.551822449068324e-153 Frac: 0.28352162313494284
Step: 22617 Walker: 47 Trial Log Prob: 397.5137715801615 Prob: 1.1050257353574346 Frac: 0.2832042013810095
Number of steps: 23000 Acceptance Rate: 0.2798
Step: 23032 Walker: 40 Trial Log Prob: 349.0073205494629 Prob: 7.568708385677699e-21 Frac: 0.27358490566037735
Step: 23470 Walker: 6 Trial Log Prob: 384.52463762755025 Prob: 0.009484073071882612 Frac: 0.2679911323328786
Step: 23859 Walker: 18 Trial Log Prob: 366.32155661814085 Prob: 6.449604850150327e-10 Frac: 0.27475651241903165
Number of steps: 24000 Acceptance Rate: 0.27474
Step: 24200 Walker: 21 Trial Log Prob: 401.3457267210094 Prob: 2.5721960965357566 Frac: 0.2762009828502658
Step: 24244 Walker: 16 Trial Log Prob: 404.2439638184033 Prob: 0.7587772821901766 Frac: 0.27494657241492687
Step: 24404 Walker: 5 Trial Log Prob: 387.95661889289505 Prob: 0.011816993687183827 Frac: 0.27526668320516
Step: 24595 Walker: 18 Trial Log Prob: 323.21194708275357 Prob: 1.2119254116126821e-28 Frac: 0.27360522242412005
Step: 24597 Walker: 44 Trial Log Prob: 399.123297642058 Prob: 0.21851874512146977 Frac: 0.27365634633427155
Step: 24681 Walker: 29 Trial Log Prob: 397.7307810922042 Prob: 0.6594362948233947 Frac: 0.2752358282641277
Step: 24707 Walker: 14 Trial Log Prob: 397.2217308860694 Prob: 0.12151136092805168 Frac: 0.27555643654074874
Number of steps: 25000 Acceptance Rate: 0.27598
Step: 25138 Walker: 39 Trial Log Prob: 378.2408748163827 Prob: 0.04112500339573781 Frac: 0.287705037015532
Step: 25384 Walker: 24 Trial Log Prob: 404.63245689587256 Prob: 0.17695344741737348 Frac: 0.27735475122561803
Step: 25772 Walker: 47 Trial Log Prob: 388.77921094026254 Prob: 0.06453852725240816 Frac: 0.27722361841593907
Step: 25891 Walker: 27 Trial Log Prob: 385.56896623652483 Prob: 0.0011578803536779231 Frac: 0.27666359736788915
Number of steps: 26000 Acceptance Rate: 0.27696
Step: 26102 Walker: 42 Trial Log Prob: 399.2684147691856 Prob: 0.039428891669863936 Frac: 0.2663000785545954
Step: 26171 Walker: 32 Trial Log Prob: 402.06492788347765 Prob: 0.7173428592340544 Frac: 0.2694561650257853
Step: 26631 Walker: 2 Trial Log Prob: 395.32097020079 Prob: 0.9778620478647049 Frac: 0.2708399466700527
Step: 26652 Walker: 33 Trial Log Prob: 382.49057834380204 Prob: 0.023618842915843253 Frac: 0.2714912684528742
Step: 26883 Walker: 11 Trial Log Prob: 402.8541133451498 Prob: 0.020750629515566804 Frac: 0.26922989730452723
Step: 26934 Walker: 23 Trial Log Prob: 397.3409184204385 Prob: 0.5330751887565289 Frac: 0.269491997514623
Step: 26978 Walker: 6 Trial Log Prob: 387.53989903012985 Prob: 0.13770268726461835 Frac: 0.2695267725560832
Number of steps: 27000 Acceptance Rate: 0.26884
Step: 27273 Walker: 5 Trial Log Prob: 391.60138220879026 Prob: 0.5733533872505098 Frac: 0.26997427416391034
Step: 27910 Walker: 50 Trial Log Prob: 402.38706869109495 Prob: 0.7239148512538356 Frac: 0.2672747252747253
Number of steps: 28000 Acceptance Rate: 0.2675
Step: 28159 Walker: 19 Trial Log Prob: 363.9646242830651 Prob: 1.0257975595763638e-12 Frac: 0.27629751231216065
Step: 28167 Walker: 20 Trial Log Prob: 340.56873018951995 Prob: 1.0023869031933896e-18 Frac: 0.27572115384615387
Step: 28366 Walker: 10 Trial Log Prob: 394.5163707486725 Prob: 0.00012430695102535227 Frac: 0.27464403066812704
Step: 28562 Walker: 8 Trial Log Prob: 390.70253040826265 Prob: 0.02037124932423005 Frac: 0.2715446574951885
Step: 28857 Walker: 36 Trial Log Prob: 396.61348587188644 Prob: 1.3248484691775804 Frac: 0.2681156036978243
Number of steps: 29000 Acceptance Rate: 0.26902
Step: 29724 Walker: 38 Trial Log Prob: 362.4897827489269 Prob: 6.99261726030013e-10 Frac: 0.2735437161489997
Step: 29881 Walker: 45 Trial Log Prob: 398.4326804417147 Prob: 0.5558493406151024 Frac: 0.2734022022931093
Step: 29882 Walker: 3 Trial Log Prob: 385.6786671905054 Prob: 0.001009273723663565 Frac: 0.27342065239597757
Number of steps: 30000 Acceptance Rate: 0.27326
Step: 30274 Walker: 9 Trial Log Prob: 384.55520614748485 Prob: 0.36915327369327017 Frac: 0.2707372428435464
Step: 30411 Walker: 39 Trial Log Prob: 400.22310498478265 Prob: 0.05470677098234431 Frac: 0.2745995423340961
Step: 30489 Walker: 5 Trial Log Prob: 380.23433759383147 Prob: 0.00016339498432530388 Frac: 0.27424708051628766
Step: 30877 Walker: 36 Trial Log Prob: 387.83279840583515 Prob: 0.5937380682169596 Frac: 0.2708504425586276
Number of steps: 31000 Acceptance Rate: 0.2679
Step: 31328 Walker: 42 Trial Log Prob: -Inf Prob: 0.0 Frac: 0.2547584187408492
Step: 31351 Walker: 15 Trial Log Prob: 397.66774402693954 Prob: 2.2234418231323185 Frac: 0.25458178703968026
Step: 31439 Walker: 50 Trial Log Prob: 394.9146063609198 Prob: 1.086213613902864 Frac: 0.2555353075170843
Step: 31852 Walker: 3 Trial Log Prob: 382.312051313376 Prob: 7.874642435221833e-5 Frac: 0.2608041736187813
Number of steps: 32000 Acceptance Rate: 0.26188
Step: 32021 Walker: 22 Trial Log Prob: 398.208378989083 Prob: 0.020625245206677346 Frac: 0.299412915851272
Step: 32168 Walker: 3 Trial Log Prob: 377.1185586635989 Prob: 1.1294204276831045e-5 Frac: 0.2783431102597869
Step: 32246 Walker: 14 Trial Log Prob: 401.43092083200753 Prob: 1.0124455621361506 Frac: 0.2802511415525114
Step: 32382 Walker: 20 Trial Log Prob: 393.7561955532603 Prob: 0.08412195769048027 Frac: 0.2796014682747771
Step: 32515 Walker: 39 Trial Log Prob: 397.46062823329993 Prob: 0.23168384391903762 Frac: 0.2765841718792494
Step: 32565 Walker: 38 Trial Log Prob: 392.8244095419428 Prob: 1.0782566909354694 Frac: 0.27802960549614
Step: 32633 Walker: 34 Trial Log Prob: 403.2202184536558 Prob: 0.000727655818711079 Frac: 0.2775178605298097
Step: 32723 Walker: 46 Trial Log Prob: 391.0928397940879 Prob: 0.11586473727063519 Frac: 0.27745808664859184
Step: 32764 Walker: 42 Trial Log Prob: 400.6066870335686 Prob: 0.015618902089589281 Frac: 0.2762620444072057
Step: 32817 Walker: 32 Trial Log Prob: 398.03190616565536 Prob: 1.0733160962186161 Frac: 0.2768906739811912
Number of steps: 33000 Acceptance Rate: 0.27486
Step: 33033 Walker: 39 Trial Log Prob: 403.69751337999793 Prob: 0.003096420795468672 Frac: 0.2647956070774863
Step: 33157 Walker: 18 Trial Log Prob: 390.0400046756965 Prob: 0.10201189469631028 Frac: 0.26771552826809925
Step: 33448 Walker: 17 Trial Log Prob: 403.6861772659873 Prob: 0.46858370915192726 Frac: 0.2782223811865695
Step: 33568 Walker: 10 Trial Log Prob: 402.709182536841 Prob: 0.003792460152602533 Frac: 0.2751410437235543
Step: 33684 Walker: 31 Trial Log Prob: 368.17665044222343 Prob: 4.97261994234975e-8 Frac: 0.2750358386237968
Step: 33996 Walker: 24 Trial Log Prob: 396.0040595896104 Prob: 1.0496581102649993 Frac: 0.27691164061558243
Number of steps: 34000 Acceptance Rate: 0.27706
Number of steps: 35000 Acceptance Rate: 0.2724
Step: 35108 Walker: 40 Trial Log Prob: 393.4910824649042 Prob: 0.5670153979527335 Frac: 0.2771799628942486
Step: 35120 Walker: 34 Trial Log Prob: 389.513611139558 Prob: 0.0903138153425124 Frac: 0.28058155080213903
Step: 35187 Walker: 3 Trial Log Prob: 328.1742330875096 Prob: 1.2062937383247298e-23 Frac: 0.2742126195850801
Step: 35232 Walker: 42 Trial Log Prob: 352.35940037786287 Prob: 1.29383815194262e-16 Frac: 0.2751035196687371
Step: 35362 Walker: 7 Trial Log Prob: 390.4050905121571 Prob: 0.045639361409713 Frac: 0.27496261837514535
Step: 35409 Walker: 2 Trial Log Prob: 390.8197316442078 Prob: 0.20328468716762832 Frac: 0.2754631898833448
Step: 35483 Walker: 46 Trial Log Prob: 402.23551330644267 Prob: 0.01974336232487822 Frac: 0.2758220823324774
Step: 35613 Walker: 13 Trial Log Prob: 397.8597286217586 Prob: 6.746828273015542e-5 Frac: 0.27792114461176626
Step: 35639 Walker: 12 Trial Log Prob: 388.96126518467383 Prob: 0.050058527100968815 Frac: 0.27773251441464025
Step: 35724 Walker: 5 Trial Log Prob: 341.6505466154234 Prob: 4.841735968862071e-22 Frac: 0.2788825888535472
Number of steps: 36000 Acceptance Rate: 0.27914
Step: 36157 Walker: 4 Trial Log Prob: 401.1016131106757 Prob: 2.641925089836637e-6 Frac: 0.26883649410558685
Step: 36239 Walker: 1 Trial Log Prob: 384.7396775503655 Prob: 0.04810242947037467 Frac: 0.2697252331736829
Step: 36430 Walker: 18 Trial Log Prob: 395.21534455448887 Prob: 0.3005377153258607 Frac: 0.27412893609092603
Step: 36510 Walker: 11 Trial Log Prob: 387.04975283019735 Prob: 0.014144183855715897 Frac: 0.275990730921802
Step: 36923 Walker: 2 Trial Log Prob: 395.2038718258798 Prob: 0.9974474587513814 Frac: 0.2719621708385753
Step: 36939 Walker: 48 Trial Log Prob: 400.8102997450415 Prob: 0.8571041564429223 Frac: 0.27176876544261735
Number of steps: 37000 Acceptance Rate: 0.27098
Step: 37096 Walker: 25 Trial Log Prob: 385.03808380919594 Prob: 0.0008265025952008849 Frac: 0.2743455497382199
Step: 37102 Walker: 47 Trial Log Prob: 352.84425517963854 Prob: 3.5108404722869226e-11 Frac: 0.2772218952324897
Step: 37334 Walker: 19 Trial Log Prob: 377.0583945762966 Prob: 0.1854062979167121 Frac: 0.2753014577959086
Step: 37496 Walker: 6 Trial Log Prob: 381.7248919777503 Prob: 0.04172925443742981 Frac: 0.2743173372111811
Step: 37796 Walker: 31 Trial Log Prob: 395.51505373312193 Prob: 0.51845349441525 Frac: 0.26731354164048166
Step: 37820 Walker: 34 Trial Log Prob: 394.07407711860077 Prob: 0.7392101622282992 Frac: 0.2672262346281476
Number of steps: 38000 Acceptance Rate: 0.26712
Step: 38390 Walker: 15 Trial Log Prob: 364.1258979133628 Prob: 3.990985649641388e-8 Frac: 0.2680195222193681
Step: 38500 Walker: 8 Trial Log Prob: 403.2520566685905 Prob: 9.525721867523699e-5 Frac: 0.2675695167882042
Step: 38574 Walker: 42 Trial Log Prob: 401.39720614154635 Prob: 0.3128442944027602 Frac: 0.26979645894325943
Step: 38604 Walker: 38 Trial Log Prob: 403.97439213891164 Prob: 0.1452494054833995 Frac: 0.26997482443354975
Step: 38950 Walker: 14 Trial Log Prob: 396.75226599893284 Prob: 0.023454803031606585 Frac: 0.26712877127928536
Step: 38957 Walker: 33 Trial Log Prob: 393.3821710730454 Prob: 0.26078955051042296 Frac: 0.2674722471933602
Number of steps: 39000 Acceptance Rate: 0.26666
Step: 39329 Walker: 6 Trial Log Prob: 389.51300430488317 Prob: 0.004509827653848723 Frac: 0.2694136291600634
Step: 39413 Walker: 12 Trial Log Prob: 399.7774717631929 Prob: 1.3612332198877637 Frac: 0.2713953037065787
Step: 39722 Walker: 30 Trial Log Prob: 386.47348534697835 Prob: 3.5414119352738925e-5 Frac: 0.2712860310421286
Number of steps: 40000 Acceptance Rate: 0.2715
Step: 40456 Walker: 20 Trial Log Prob: 363.5596075336407 Prob: 7.22119531818492e-10 Frac: 0.26881862099253406
Step: 40539 Walker: 16 Trial Log Prob: 392.2853761006043 Prob: 0.0005483998161166937 Frac: 0.265306880665775
Step: 40612 Walker: 27 Trial Log Prob: 395.6721851865455 Prob: 7.339983750054541e-6 Frac: 0.2635968211400726
Step: 40646 Walker: 29 Trial Log Prob: 376.9534823203399 Prob: 1.9168929817695562e-7 Frac: 0.26391771740140646
Step: 40783 Walker: 32 Trial Log Prob: 383.0719921205909 Prob: 1.4482315275647826e-5 Frac: 0.2632372482878463
Number of steps: 41000 Acceptance Rate: 0.26294
Step: 41086 Walker: 10 Trial Log Prob: -Inf Prob: 0.0 Frac: 0.2516431924882629
Step: 41599 Walker: 16 Trial Log Prob: 397.4452748316218 Prob: 0.11193418760088493 Frac: 0.2643735793555288
Number of steps: 42000 Acceptance Rate: 0.26602
Step: 42383 Walker: 12 Trial Log Prob: 390.40558901691406 Prob: 0.1287169593204137 Frac: 0.274539556299707
Step: 42750 Walker: 27 Trial Log Prob: 399.60768826112974 Prob: 0.7740581234167105 Frac: 0.268457987565707
Step: 42775 Walker: 41 Trial Log Prob: 392.06094548421817 Prob: 0.16494461395081744 Frac: 0.268449446323017
Step: 42892 Walker: 20 Trial Log Prob: 391.8424921005441 Prob: 0.16934716149816337 Frac: 0.26856630020192956
Step: 42895 Walker: 9 Trial Log Prob: 393.64801086226083 Prob: 0.9906967065090614 Frac: 0.26862600371289896
Number of steps: 43000 Acceptance Rate: 0.26642
Step: 43074 Walker: 46 Trial Log Prob: 391.11940884424075 Prob: 0.07256735740821971 Frac: 0.26596320346320346
Step: 43512 Walker: 6 Trial Log Prob: 397.51829119663046 Prob: 1.1464436858984843e-7 Frac: 0.2645562685866333
Step: 43828 Walker: 41 Trial Log Prob: 404.9901533212194 Prob: 0.012964942724049069 Frac: 0.2656857771013022
Number of steps: 44000 Acceptance Rate: 0.26482
Step: 44280 Walker: 48 Trial Log Prob: 369.6762039157262 Prob: 2.1326484538516956e-7 Frac: 0.2664666380911559
Step: 44285 Walker: 50 Trial Log Prob: 385.7672553333408 Prob: 0.779169995879799 Frac: 0.26652631578947367
Step: 44335 Walker: 23 Trial Log Prob: 402.5674503543437 Prob: 0.0003104772930443473 Frac: 0.26484482449321295
Step: 44493 Walker: 2 Trial Log Prob: 384.58528599732784 Prob: 0.1108512155449512 Frac: 0.2673359889439883
Number of steps: 45000 Acceptance Rate: 0.2689
Step: 45093 Walker: 17 Trial Log Prob: 394.54137730103764 Prob: 0.7852039627569909 Frac: 0.2683560753736192
Step: 45330 Walker: 39 Trial Log Prob: 401.6844610646318 Prob: 0.9558064759196829 Frac: 0.2696949481472497
Step: 45381 Walker: 7 Trial Log Prob: 389.30368984888827 Prob: 0.05485304605300147 Frac: 0.27168937759772716
Step: 45620 Walker: 41 Trial Log Prob: 83.29204804474597 Prob: 8.48589675741877e-132 Frac: 0.2684650382369075
Step: 45625 Walker: 21 Trial Log Prob: 404.76884642809415 Prob: 9.377918652326608e-5 Frac: 0.2684731430767752
Step: 45693 Walker: 18 Trial Log Prob: 401.84134589897775 Prob: 1.139732703286075 Frac: 0.26757756080651685
Step: 45756 Walker: 45 Trial Log Prob: 289.342893749295 Prob: 1.4188796049844834e-43 Frac: 0.2686598756449266
Step: 45862 Walker: 33 Trial Log Prob: 392.31670298693683 Prob: 0.936785653480326 Frac: 0.26690341898196507
Step: 45969 Walker: 31 Trial Log Prob: 403.53027340344096 Prob: 0.7968232196370479 Frac: 0.2666267473312548
Step: 45991 Walker: 5 Trial Log Prob: 397.6155344175874 Prob: 0.4052824649843526 Frac: 0.2664377335622664
Number of steps: 46000 Acceptance Rate: 0.26628
Step: 46098 Walker: 4 Trial Log Prob: 401.1455284723721 Prob: 0.17543859348613766 Frac: 0.2426864441697569
Step: 46322 Walker: 2 Trial Log Prob: 391.8719103634888 Prob: 0.11260884459310531 Frac: 0.24869175180662845
Step: 46394 Walker: 34 Trial Log Prob: 382.0744770998008 Prob: 2.57256136539659e-9 Frac: 0.2542674253200569
Step: 46412 Walker: 21 Trial Log Prob: 400.4892398139104 Prob: 1.2264300625447133 Frac: 0.2552622624082446
Number of steps: 47000 Acceptance Rate: 0.25782
Step: 47052 Walker: 11 Trial Log Prob: 384.6485391618742 Prob: 0.029161788198566775 Frac: 0.25107379929714957
Step: 47616 Walker: 25 Trial Log Prob: 398.78657698089216 Prob: 1.7747535583107577 Frac: 0.26570268074735987
Step: 47681 Walker: 24 Trial Log Prob: 386.74800377973133 Prob: 0.12259270439368221 Frac: 0.2666059252292499
Step: 47752 Walker: 26 Trial Log Prob: 380.79019336451523 Prob: 0.0002773799345949162 Frac: 0.26657973174366617
Number of steps: 48000 Acceptance Rate: 0.26844
Step: 48267 Walker: 18 Trial Log Prob: 399.0603307329434 Prob: 0.04997135749106557 Frac: 0.2804475146418381
Step: 48316 Walker: 42 Trial Log Prob: 389.3382686164029 Prob: 0.07043877372028005 Frac: 0.2781788247213779
Step: 48470 Walker: 43 Trial Log Prob: 403.15127347176923 Prob: 1.039662732739252 Frac: 0.2762950666155876
Step: 48612 Walker: 40 Trial Log Prob: 384.53269813179264 Prob: 0.0042547155702158425 Frac: 0.2794704151683557
Step: 48769 Walker: 38 Trial Log Prob: 403.9960214961355 Prob: 0.008696535809234246 Frac: 0.2769915188095114
Step: 48862 Walker: 39 Trial Log Prob: 362.66830654642973 Prob: 3.354530839257e-10 Frac: 0.27665993641068487
Step: 48864 Walker: 47 Trial Log Prob: 401.8859752310244 Prob: 0.16083522064041195 Frac: 0.2766395814524157
Step: 48869 Walker: 18 Trial Log Prob: 403.45886421465303 Prob: 0.0015788907944428783 Frac: 0.2766594499976968
Step: 48872 Walker: 36 Trial Log Prob: 390.34390719808107 Prob: 0.09048873274895743 Frac: 0.2764190336346533
Number of steps: 49000 Acceptance Rate: 0.27652
Step: 49021 Walker: 44 Trial Log Prob: 389.94126498182555 Prob: 0.8362399844087778 Frac: 0.3074712643678161
Step: 49321 Walker: 39 Trial Log Prob: 400.64946995766826 Prob: 0.01696335463771694 Frac: 0.27925681152191534
Step: 49672 Walker: 18 Trial Log Prob: 368.4832918438687 Prob: 1.3435868035018225e-11 Frac: 0.2770197807435653
Step: 49728 Walker: 5 Trial Log Prob: 403.0943454997959 Prob: 0.010703207979086684 Frac: 0.2771283179755192
Step: 49794 Walker: 14 Trial Log Prob: 404.85631705520586 Prob: 0.06562520699264167 Frac: 0.27697660346914077
Step: 49914 Walker: 48 Trial Log Prob: 398.1009632171773 Prob: 1.499494436598846 Frac: 0.2753293360759771
Step: 49989 Walker: 17 Trial Log Prob: 399.7846069385262 Prob: 0.1594271133192679 Frac: 0.2747030374162738
Number of steps: 50000 Acceptance Rate: 0.27438
Burn-in Number (ends): 3201
Independent Sample Size: 2924.3952479729423
950.284559 seconds (95.35 M allocations: 532.731 GiB, 7.12% gc time)
