args = ["full", "30.0", "25", "ppmp"]
Initial parameters: [3.0e-6, 224.70077621217757, 2.433503768762097e6, 0.01, 0.01, 3.0e-6, 365.2564356734278, 2.43362440790228e6, 0.01, 0.01]
Initial chi-square: 1011.772063100914
Finished 2-planet fit: [4.649923939131956e-6, 224.70078115456135, 2.4335037687074486e6, -0.009901262427534509, -0.014478882130767048, 2.9611316232387624e-6, 365.2564377973072, 2.4336244078630465e6, 0.008419306011538966, -0.010835890455839709]
New 2-planet chi-square: 649.9806932966462
Finished 3-planet fit w/ fixed period: [4.678468464428036e-6, 224.7007853249335, 2.4335037685927367e6, -0.009054533657760709, 0.00020128204821859738, 2.9741695782864892e-6, 365.2564469357211, 2.4336244076151783e6, 0.0087692474571269, 0.0028002196674314266, 0.001154419037883227, 4228.460368349245, 2.4388825871092924e6, 0.06085150435672226, -0.04966174826096675]
Finished global 3-planet fit.
New 3-planet chi-square: 183.2998007953678
Maximum: -169.3614997124945 Param: [4.6774122826200745e-6, 224.70078532126618, 2.4335037685926966e6, -0.00911778007587906, 0.0001293295884565054, 2.9738387297715873e-6, 365.2564470546298, 2.433624407612893e6, 0.00872731366974316, 0.002742112073815068, 0.0011517460047133546, 4226.196373283741, 2.438882942391882e6, 0.060695837514061886, -0.04973606558141257]
Finished lunar search.
3-planet lunar chi-square: 88.7083627469565
Maximum: -145.77401039897327 Param: [2.51687318285283e-6, 224.700783292019, 2.4335037686295416e6, 0.004756622714604792, 0.0027709849310627276, 3.0435931913622484e-6, 365.25644933657577, 2.433624407610483e6, 0.017379068753230864, 0.004746738489411168, 0.0009820759994473348, 4200.462056510845, 2.43897210078475e6, 0.0456170673640738, -0.043609928475594854, -0.00011468514520333233, -0.0017147145110913262, 2.306491837595039]
1434.161714 seconds (590.58 M allocations: 63.311 GiB, 0.77% gc time)
Step: 213 Walker: 32 Trial Log Prob: 498.647635111178 Prob: 0.04300076479264766 Frac: 0.31790820165538
Step: 451 Walker: 34 Trial Log Prob: 482.76437403204926 Prob: 0.00024313038558729371 Frac: 0.3142806425845389
Step: 514 Walker: 4 Trial Log Prob: 465.1173952992964 Prob: 2.695628758008046e-9 Frac: 0.31168628673891013
Step: 581 Walker: 29 Trial Log Prob: 449.30250404050815 Prob: 4.28211914753882e-14 Frac: 0.3091391367253436
Step: 589 Walker: 14 Trial Log Prob: 478.98431939788276 Prob: 0.0006220582355899968 Frac: 0.3093764873869586
Step: 632 Walker: 18 Trial Log Prob: 475.0590551044686 Prob: 0.00014753935318617806 Frac: 0.3078750633552965
Number of steps: 1000 Acceptance Rate: 0.30472
Step: 1101 Walker: 31 Trial Log Prob: 487.84253298677817 Prob: 0.28231214565583146 Frac: 0.2927847346451998
Step: 1381 Walker: 12 Trial Log Prob: 496.96895807184933 Prob: 0.4546866934916246 Frac: 0.2882390069429834
Step: 1809 Walker: 17 Trial Log Prob: 490.0802510883586 Prob: 5.993478894029227 Frac: 0.29057079941608727
Number of steps: 2000 Acceptance Rate: 0.29096
Step: 2080 Walker: 19 Trial Log Prob: 487.5702154949017 Prob: 1.1535785603027964 Frac: 0.2887377173091459
Step: 2247 Walker: 48 Trial Log Prob: 497.0372742580387 Prob: 0.002287131713889717 Frac: 0.2921930677032718
Step: 2326 Walker: 9 Trial Log Prob: 457.0677041339405 Prob: 2.8965838537215126e-12 Frac: 0.2925764192139738
Step: 2420 Walker: 38 Trial Log Prob: 497.72337367410137 Prob: 0.267461452427026 Frac: 0.2899752239374881
Step: 2830 Walker: 32 Trial Log Prob: 495.73119831693367 Prob: 0.020107521052527284 Frac: 0.29070440190926183
Number of steps: 3000 Acceptance Rate: 0.29096
Step: 3409 Walker: 8 Trial Log Prob: 472.8767518133457 Prob: 0.00012229550979082657 Frac: 0.2836142689141513
Step: 3645 Walker: 23 Trial Log Prob: 481.5888732812157 Prob: 0.018011760771227157 Frac: 0.28402073053409055
Number of steps: 4000 Acceptance Rate: 0.28576
Step: 4298 Walker: 9 Trial Log Prob: 452.1645594025492 Prob: 2.7520781280933653e-12 Frac: 0.29106938555757456
Step: 4530 Walker: 8 Trial Log Prob: 481.90645160106413 Prob: 0.06447315548537051 Frac: 0.28823040290271373
Step: 4534 Walker: 21 Trial Log Prob: 483.1616458688814 Prob: 0.02647153599548202 Frac: 0.2881406771399648
Step: 4673 Walker: 34 Trial Log Prob: 474.47737338569794 Prob: 5.705363712709831e-6 Frac: 0.28830944877207587
Step: 4788 Walker: 5 Trial Log Prob: 466.0369367927446 Prob: 1.8239420750705145e-8 Frac: 0.2862914496252065
Step: 4800 Walker: 29 Trial Log Prob: -Inf Prob: 0.0 Frac: 0.28622526826583955
Step: 4837 Walker: 28 Trial Log Prob: 482.004524375576 Prob: 0.25429879987605836 Frac: 0.28564597877020176
Number of steps: 5000 Acceptance Rate: 0.28526
Step: 5001 Walker: 28 Trial Log Prob: 492.3344700131023 Prob: 8.696052785707868 Frac: 0.21428571428571427
Step: 5093 Walker: 23 Trial Log Prob: 440.05449708403603 Prob: 1.537229741456092e-17 Frac: 0.2840147090633788
Step: 5247 Walker: 31 Trial Log Prob: 469.5646607458072 Prob: 1.3191562373615384e-12 Frac: 0.29081177520071366
Step: 5253 Walker: 32 Trial Log Prob: 487.83899375558826 Prob: 2.1675031880826405 Frac: 0.28997783407219757
Step: 5540 Walker: 43 Trial Log Prob: 475.3227849186128 Prob: 0.0009034189082748759 Frac: 0.2919275367687919
Step: 5575 Walker: 26 Trial Log Prob: 491.3904657070211 Prob: 8.157251063058015e-6 Frac: 0.29297500522175035
Step: 5968 Walker: 11 Trial Log Prob: 445.1575745956067 Prob: 3.906207646727383e-14 Frac: 0.29161927999834575
Number of steps: 6000 Acceptance Rate: 0.29112
Step: 6038 Walker: 47 Trial Log Prob: -Inf Prob: 0.0 Frac: 0.2878228782287823
Step: 6136 Walker: 41 Trial Log Prob: 472.75500388447983 Prob: 1.4204445882479165e-7 Frac: 0.2890590487409807
Step: 6380 Walker: 41 Trial Log Prob: 499.43778294074406 Prob: 0.004874254498448827 Frac: 0.293876046548365
Step: 6523 Walker: 14 Trial Log Prob: 486.2803697182668 Prob: 1.2970442009067704 Frac: 0.29061040055142834
Step: 6672 Walker: 37 Trial Log Prob: 497.35336505785153 Prob: 0.0672577309981457 Frac: 0.2910352219608777
Number of steps: 7000 Acceptance Rate: 0.2914
Step: 7241 Walker: 13 Trial Log Prob: 462.0794853238237 Prob: 2.4443855577119107e-6 Frac: 0.29542995088653956
Step: 7293 Walker: 40 Trial Log Prob: 495.10362378279166 Prob: 0.0028360479751789345 Frac: 0.29815573770491804
Step: 7362 Walker: 1 Trial Log Prob: 480.15678026614484 Prob: 0.007716467327016416 Frac: 0.2978228352999834
Step: 7485 Walker: 50 Trial Log Prob: 477.72585407352335 Prob: 0.02162628788420427 Frac: 0.29777319587628864
Step: 7497 Walker: 35 Trial Log Prob: 496.203743608082 Prob: 3.026871139577362 Frac: 0.29796657942419974
Step: 7714 Walker: 13 Trial Log Prob: 472.91706086297955 Prob: 2.9379263850871274e-5 Frac: 0.29944199871014776
Step: 7769 Walker: 43 Trial Log Prob: 430.243984732937 Prob: 2.0456459949515288e-20 Frac: 0.2994043128788076
Number of steps: 8000 Acceptance Rate: 0.29852
Step: 8397 Walker: 5 Trial Log Prob: 464.7585090384811 Prob: 2.4203234602940267e-8 Frac: 0.2958848775561727
Step: 8429 Walker: 50 Trial Log Prob: 480.9648506094039 Prob: 3.2666412825069415e-7 Frac: 0.2960839160839161
Step: 8496 Walker: 32 Trial Log Prob: 475.0974853883071 Prob: 0.031830819623852896 Frac: 0.29505286094746186
Step: 8583 Walker: 47 Trial Log Prob: 497.05183216168734 Prob: 0.01237969583013789 Frac: 0.29505609496689195
Step: 8658 Walker: 45 Trial Log Prob: 491.2587390869349 Prob: 1.21140115715201 Frac: 0.29527283781729746
Step: 8982 Walker: 32 Trial Log Prob: 489.0072828580428 Prob: 1.2442761862210339 Frac: 0.2954036102848295
Number of steps: 9000 Acceptance Rate: 0.29526
Step: 9459 Walker: 36 Trial Log Prob: 485.00397637087485 Prob: 0.5932547471122912 Frac: 0.28928322288106034
Step: 9564 Walker: 48 Trial Log Prob: 490.46287735486965 Prob: 0.1334301181662853 Frac: 0.2847010426271367
Step: 9578 Walker: 39 Trial Log Prob: 472.1043025404301 Prob: 3.5651790193775845e-5 Frac: 0.28436429090657345
Step: 9646 Walker: 20 Trial Log Prob: 447.69521072652026 Prob: 6.306178783024868e-13 Frac: 0.2844437558103502
Step: 9868 Walker: 35 Trial Log Prob: 490.30710853643814 Prob: 0.9128323732130317 Frac: 0.28569782182782066
Step: 9959 Walker: 44 Trial Log Prob: 488.64447969235573 Prob: 1.0198622531731094 Frac: 0.287168363090272
Number of steps: 10000 Acceptance Rate: 0.28666
Step: 10745 Walker: 29 Trial Log Prob: 461.61857871486734 Prob: 2.3607128786478023e-10 Frac: 0.2806414354401139
Number of steps: 11000 Acceptance Rate: 0.28136
Step: 11099 Walker: 31 Trial Log Prob: 497.0150768654652 Prob: 0.006500796640593948 Frac: 0.292841208679781
Step: 11190 Walker: 23 Trial Log Prob: 490.545666020553 Prob: 0.552876523770631 Frac: 0.29251557056898553
Step: 11269 Walker: 19 Trial Log Prob: 478.88551836355646 Prob: 5.3188404058380416e-5 Frac: 0.29242119382964454
Step: 11382 Walker: 28 Trial Log Prob: 495.6442229309538 Prob: 0.01571667387497319 Frac: 0.2883425935632666
Step: 11664 Walker: 15 Trial Log Prob: 467.42719903783797 Prob: 0.0002490787750515231 Frac: 0.28572290064827377
Step: 11755 Walker: 7 Trial Log Prob: 479.6351354635631 Prob: 0.44279079407531374 Frac: 0.2850664332882489
Number of steps: 12000 Acceptance Rate: 0.28584
Step: 12569 Walker: 44 Trial Log Prob: 484.87315749737144 Prob: 0.7826409286639456 Frac: 0.28751230487976376
Step: 12653 Walker: 27 Trial Log Prob: 490.74792958379874 Prob: 2.549803849485128 Frac: 0.28779844913721764
Step: 12715 Walker: 43 Trial Log Prob: 483.21825609890425 Prob: 1.126576383533146 Frac: 0.28760876255490586
Step: 12875 Walker: 2 Trial Log Prob: 488.44996391150266 Prob: 0.3451960682398673 Frac: 0.28662303784723814
Step: 12890 Walker: 32 Trial Log Prob: 497.50973145771997 Prob: 0.6069035409176854 Frac: 0.2863630232453577
Number of steps: 13000 Acceptance Rate: 0.28582
Step: 13086 Walker: 1 Trial Log Prob: 496.66327064902066 Prob: 1.477315138878715 Frac: 0.28534462479416606
Step: 13133 Walker: 11 Trial Log Prob: 494.8273423904113 Prob: 7.606360651564477e-6 Frac: 0.2961730449251248
Step: 13233 Walker: 28 Trial Log Prob: 497.40579891695836 Prob: 1.7834382566996045 Frac: 0.2908496732026144
Step: 13236 Walker: 21 Trial Log Prob: 494.5782655728804 Prob: 0.4460390021728173 Frac: 0.2915640132529097
Step: 13261 Walker: 47 Trial Log Prob: 482.6463139760639 Prob: 0.03744909014935993 Frac: 0.29002835900973406
Step: 13486 Walker: 17 Trial Log Prob: 427.03377256433004 Prob: 2.709059613645836e-23 Frac: 0.28705649647669673
Step: 13780 Walker: 48 Trial Log Prob: 472.7886848077051 Prob: 2.7781262673731928e-5 Frac: 0.28614287912200626
Number of steps: 14000 Acceptance Rate: 0.28538
Step: 14107 Walker: 26 Trial Log Prob: 492.44144844757625 Prob: 2.386229964851921e-6 Frac: 0.27731881336838154
Step: 14326 Walker: 6 Trial Log Prob: 493.02294821533735 Prob: 0.4821164323757445 Frac: 0.281865157480315
Step: 14489 Walker: 15 Trial Log Prob: 487.14824819215096 Prob: 0.589619085658222 Frac: 0.2819168543927913
Number of steps: 15000 Acceptance Rate: 0.2851
Step: 15184 Walker: 23 Trial Log Prob: 481.0732810245693 Prob: 0.006202174256910291 Frac: 0.28769213997601656
Number of steps: 16000 Acceptance Rate: 0.2899
Step: 16039 Walker: 19 Trial Log Prob: 429.1208970817515 Prob: 2.7203396759746816e-21 Frac: 0.27253778009379886
Step: 16328 Walker: 10 Trial Log Prob: 476.13674958511103 Prob: 0.0306875302941045 Frac: 0.28881418092909533
Step: 16409 Walker: 18 Trial Log Prob: 432.042481635841 Prob: 1.1694794862815706e-17 Frac: 0.28724654716426684
Step: 16511 Walker: 10 Trial Log Prob: 487.7447106739384 Prob: 0.5973516850297947 Frac: 0.28690709525676206
Number of steps: 17000 Acceptance Rate: 0.28742
Step: 17168 Walker: 20 Trial Log Prob: 494.17635728291486 Prob: 1.1779494787938676 Frac: 0.2898446833930705
Step: 17209 Walker: 46 Trial Log Prob: 481.7793104513866 Prob: 0.059420457864764104 Frac: 0.2890101474248516
Step: 17369 Walker: 43 Trial Log Prob: 496.0864978698553 Prob: 0.04290697905136858 Frac: 0.28964918939435014
Step: 17377 Walker: 9 Trial Log Prob: 474.7233348159344 Prob: 0.0015496906629587919 Frac: 0.2903928970173853
Step: 17441 Walker: 24 Trial Log Prob: 480.4193279406052 Prob: 0.006385753362032095 Frac: 0.2917726116963313
Step: 17630 Walker: 46 Trial Log Prob: 477.80446039882366 Prob: 0.0023514820501581535 Frac: 0.29394208788417575
Number of steps: 18000 Acceptance Rate: 0.29206
Step: 18734 Walker: 41 Trial Log Prob: 486.35518146413597 Prob: 0.006625228726457833 Frac: 0.2966940121555695
Step: 18896 Walker: 16 Trial Log Prob: 478.3876071519262 Prob: 0.0007647358674682438 Frac: 0.29584952866014386
Number of steps: 19000 Acceptance Rate: 0.29516
Step: 19048 Walker: 3 Trial Log Prob: 491.5410111148322 Prob: 1.504524668399579 Frac: 0.3055673608159796
Step: 19294 Walker: 17 Trial Log Prob: 475.7447636627231 Prob: 0.045483090192026746 Frac: 0.2968568896161451
Step: 19436 Walker: 37 Trial Log Prob: 493.7092225078483 Prob: 0.11184392352251632 Frac: 0.29604810207922155
Step: 19556 Walker: 20 Trial Log Prob: 483.66053834526116 Prob: 1.532555528596865 Frac: 0.29636298163485775
Step: 19772 Walker: 39 Trial Log Prob: 495.3572964671144 Prob: 1.31055624205007 Frac: 0.29145611443675656
Number of steps: 20000 Acceptance Rate: 0.29296
Step: 20059 Walker: 40 Trial Log Prob: 464.7369404902219 Prob: 1.429103388691909e-7 Frac: 0.2891156462585034
Step: 20278 Walker: 6 Trial Log Prob: 493.5584514798732 Prob: 1.325718913220964 Frac: 0.2899105080831409
Step: 20523 Walker: 36 Trial Log Prob: 468.6292287465919 Prob: 1.8224961266712612e-5 Frac: 0.29224058769513317
Number of steps: 21000 Acceptance Rate: 0.29144
Step: 21177 Walker: 29 Trial Log Prob: 494.23639672913424 Prob: 0.6026505277243026 Frac: 0.29980745271265147
Step: 21361 Walker: 48 Trial Log Prob: 482.9876463622926 Prob: 0.003798453819228473 Frac: 0.29305186170212766
Step: 21457 Walker: 26 Trial Log Prob: 492.5405313317914 Prob: 0.0007511861672881524 Frac: 0.29391921493034256
Step: 21462 Walker: 4 Trial Log Prob: 487.1428942213872 Prob: 0.061459530772579665 Frac: 0.29413550793788495
Step: 21562 Walker: 23 Trial Log Prob: 462.96073780359643 Prob: 1.939524856927619e-7 Frac: 0.2940547857371852
Step: 21588 Walker: 27 Trial Log Prob: 478.7633723546904 Prob: 8.378057155095358e-5 Frac: 0.2940055145181605
Step: 21816 Walker: 41 Trial Log Prob: 480.8502480739844 Prob: 0.030981677137747316 Frac: 0.2920987472726827
Step: 21829 Walker: 27 Trial Log Prob: 495.3908884381606 Prob: 0.07412747258275114 Frac: 0.2917421005624351
Step: 21830 Walker: 1 Trial Log Prob: -Inf Prob: 0.0 Frac: 0.29176618175677305
Step: 21894 Walker: 6 Trial Log Prob: 497.24302761937577 Prob: 0.0002563005772857983 Frac: 0.2912262629881763
Number of steps: 22000 Acceptance Rate: 0.29118
Step: 22031 Walker: 18 Trial Log Prob: 498.0064476467213 Prob: 0.016142158119841467 Frac: 0.2977602108036891
Step: 22099 Walker: 10 Trial Log Prob: 494.25568106485116 Prob: 0.5055208366201941 Frac: 0.29816700610997965
Step: 22583 Walker: 38 Trial Log Prob: 471.6457290374595 Prob: 0.001039757136678864 Frac: 0.2934998970416638
Step: 22716 Walker: 1 Trial Log Prob: 478.78787403181764 Prob: 0.07896262086641868 Frac: 0.29221560236077315
Number of steps: 23000 Acceptance Rate: 0.29276
Step: 23262 Walker: 50 Trial Log Prob: 496.3373665926219 Prob: 0.10192432835274128 Frac: 0.2970992366412214
Step: 23390 Walker: 40 Trial Log Prob: 453.1442854114423 Prob: 7.06995376043251e-13 Frac: 0.2962544894817855
Step: 23406 Walker: 15 Trial Log Prob: 493.20008881604366 Prob: 0.1342100086227389 Frac: 0.29686651862817665
Step: 23421 Walker: 33 Trial Log Prob: 462.8221543856241 Prob: 6.073463180750464e-9 Frac: 0.2966766509770361
Step: 23876 Walker: 10 Trial Log Prob: 481.55439839937 Prob: 0.0003699140586389458 Frac: 0.29241316270566725
Number of steps: 24000 Acceptance Rate: 0.29214
Step: 24039 Walker: 49 Trial Log Prob: 476.57199881391307 Prob: 0.0022090489848018368 Frac: 0.2796305797845049
Step: 24172 Walker: 44 Trial Log Prob: 479.84254509833704 Prob: 0.16832295680277304 Frac: 0.28612985804049335
Step: 24255 Walker: 13 Trial Log Prob: -Inf Prob: 0.0 Frac: 0.2875009832454967
Step: 24266 Walker: 48 Trial Log Prob: 455.6568545143353 Prob: 1.796694587543342e-10 Frac: 0.287261242292074
Step: 24364 Walker: 33 Trial Log Prob: 438.08371065345756 Prob: 4.758151256825696e-17 Frac: 0.28873123246988946
Step: 24568 Walker: 21 Trial Log Prob: 496.86549374003135 Prob: 5.0331502556068e-5 Frac: 0.2887807972930105
Step: 24568 Walker: 47 Trial Log Prob: 485.1068866606064 Prob: 21.96623678881664 Frac: 0.2887276825016727
Step: 24797 Walker: 23 Trial Log Prob: 471.566570104135 Prob: 2.3318793083332354e-5 Frac: 0.2874218416492981
Number of steps: 25000 Acceptance Rate: 0.28762
Step: 25008 Walker: 12 Trial Log Prob: 496.71850941302375 Prob: 0.3323128256461168 Frac: 0.3011049723756906
Step: 25099 Walker: 7 Trial Log Prob: 491.88870549557623 Prob: 0.5640447435619212 Frac: 0.27552476054615854
Step: 25342 Walker: 14 Trial Log Prob: 485.35774108527283 Prob: 0.31666891283582477 Frac: 0.28246601031411156
Step: 25425 Walker: 27 Trial Log Prob: 484.34856321116666 Prob: 0.6802658042010379 Frac: 0.2833655250388656
Step: 25513 Walker: 2 Trial Log Prob: 449.509159881873 Prob: 6.450296771166331e-15 Frac: 0.2842356065932349
Step: 25567 Walker: 20 Trial Log Prob: 428.74777980868424 Prob: 1.689876217584576e-20 Frac: 0.28326271186440677
Step: 25642 Walker: 48 Trial Log Prob: 495.717894665676 Prob: 0.23646832401001294 Frac: 0.28472178951959626
Step: 25921 Walker: 2 Trial Log Prob: 491.4004756802211 Prob: 1.1375865104518743 Frac: 0.2888352680318247
Step: 25994 Walker: 40 Trial Log Prob: 493.61261076676135 Prob: 0.07542343290285053 Frac: 0.28949486818273296
Number of steps: 26000 Acceptance Rate: 0.28954
Step: 26560 Walker: 32 Trial Log Prob: 500.6600185565637 Prob: 0.007848579398553594 Frac: 0.28843542277178186
Step: 26560 Walker: 42 Trial Log Prob: 489.5369001757573 Prob: 0.0005092913876406542 Frac: 0.28847527865104317
Step: 26575 Walker: 44 Trial Log Prob: 486.97339871271055 Prob: 0.634631074625596 Frac: 0.2890342332312831
Step: 26577 Walker: 26 Trial Log Prob: 496.67130573384065 Prob: 0.28151923463011164 Frac: 0.2890099215985569
Step: 26680 Walker: 38 Trial Log Prob: 488.62596245205776 Prob: 5.130634462190542 Frac: 0.2884547487348476
Step: 26696 Walker: 36 Trial Log Prob: 493.08676403703123 Prob: 0.001143160610103722 Frac: 0.2888518369458978
Number of steps: 27000 Acceptance Rate: 0.28562
Step: 27064 Walker: 8 Trial Log Prob: 494.04930195788484 Prob: 0.00014490957268440435 Frac: 0.29385687143761874
Step: 27257 Walker: 13 Trial Log Prob: 492.7708216248064 Prob: 1.3427724084342045 Frac: 0.29438851166783736
Step: 27659 Walker: 32 Trial Log Prob: 491.4687733404768 Prob: 0.995214059020579 Frac: 0.29211708976071904
Step: 27723 Walker: 32 Trial Log Prob: 492.64898672782886 Prob: 0.001070852624216125 Frac: 0.291984944093878
Step: 27868 Walker: 38 Trial Log Prob: 450.86852443998794 Prob: 5.708776001655795e-8 Frac: 0.29286899603577027
Step: 27940 Walker: 8 Trial Log Prob: 493.47145586136884 Prob: 1.3409683054451769 Frac: 0.29422036713659017
Step: 27963 Walker: 16 Trial Log Prob: 491.22508121874864 Prob: 0.4460964321748624 Frac: 0.29455898245905726
Step: 27987 Walker: 19 Trial Log Prob: 479.6754924196799 Prob: 0.011133872061504442 Frac: 0.2942679291956447
Number of steps: 28000 Acceptance Rate: 0.29424
Step: 28015 Walker: 25 Trial Log Prob: 478.64929720654004 Prob: 0.00013048231279735197 Frac: 0.3255172413793103
Step: 28128 Walker: 14 Trial Log Prob: 492.82104864171447 Prob: 1.0978598750801967 Frac: 0.2974544311753614
Step: 28131 Walker: 24 Trial Log Prob: 496.2665730009642 Prob: 2.3469624707161656 Frac: 0.29751686082158185
Step: 28280 Walker: 48 Trial Log Prob: 486.3679804695318 Prob: 0.0612494823680409 Frac: 0.29011287326760965
Step: 28349 Walker: 21 Trial Log Prob: -Inf Prob: 0.0 Frac: 0.2914298834739682
Step: 28433 Walker: 4 Trial Log Prob: -Inf Prob: 0.0 Frac: 0.2901777448620626
Step: 29000 Walker: 25 Trial Log Prob: 440.96120146498663 Prob: 3.698843601961124e-17 Frac: 0.2899449724862431
Number of steps: 29000 Acceptance Rate: 0.28996
Step: 29075 Walker: 23 Trial Log Prob: 490.0940594108379 Prob: 0.7214052362186167 Frac: 0.30110126242277735
Step: 29261 Walker: 6 Trial Log Prob: 494.6500135643492 Prob: 0.031102902308406004 Frac: 0.28971244041211747
Step: 29657 Walker: 1 Trial Log Prob: 497.0894870791062 Prob: 1.489881365375387 Frac: 0.29438126886375415
Step: 29693 Walker: 40 Trial Log Prob: 471.8998372428675 Prob: 0.0024471787924760257 Frac: 0.2933602771362587
Step: 29894 Walker: 7 Trial Log Prob: 481.67504583326746 Prob: 0.3737426755697099 Frac: 0.2942427838860649
Number of steps: 30000 Acceptance Rate: 0.29374
Step: 30023 Walker: 7 Trial Log Prob: 498.16747980368774 Prob: 0.020166561563267325 Frac: 0.28545618789521227
Step: 30397 Walker: 11 Trial Log Prob: 457.92651086091576 Prob: 3.995495043483398e-12 Frac: 0.2937761849477563
Step: 30403 Walker: 15 Trial Log Prob: 490.95927817008413 Prob: 0.7957710818888407 Frac: 0.29376087496892866
Step: 30526 Walker: 50 Trial Log Prob: -Inf Prob: 0.0 Frac: 0.2935361216730038
Step: 30831 Walker: 37 Trial Log Prob: 477.19728280338876 Prob: 0.0007688381039869979 Frac: 0.2933047644268965
Step: 30853 Walker: 18 Trial Log Prob: 493.5370547178815 Prob: 3.7568620437278852 Frac: 0.29264629968557887
Step: 30903 Walker: 37 Trial Log Prob: 489.82268529667306 Prob: 0.459576355945911 Frac: 0.291578970689235
Step: 30933 Walker: 34 Trial Log Prob: 487.6836885952601 Prob: 0.04262835320719426 Frac: 0.2916756014924733
Number of steps: 31000 Acceptance Rate: 0.29084
Step: 31479 Walker: 14 Trial Log Prob: 471.5975877487343 Prob: 0.0003044742124199369 Frac: 0.2892447938446098
Step: 31683 Walker: 50 Trial Log Prob: 464.3640885782561 Prob: 7.683155196362177e-11 Frac: 0.2904831625183016
Step: 31701 Walker: 27 Trial Log Prob: -Inf Prob: 0.0 Frac: 0.2903759956604905
Step: 31852 Walker: 1 Trial Log Prob: 497.0533884099172 Prob: 0.05178470191694004 Frac: 0.2887358698972997
Step: 31859 Walker: 29 Trial Log Prob: 492.6577871863617 Prob: 1.1172988462930649 Frac: 0.28838314426145495
Step: 31888 Walker: 8 Trial Log Prob: 473.30695009680085 Prob: 0.018909262519694502 Frac: 0.28822309391766987
Number of steps: 32000 Acceptance Rate: 0.28862
Step: 32092 Walker: 47 Trial Log Prob: 484.7055999530417 Prob: 0.8787614660524041 Frac: 0.297367848596911
Step: 32190 Walker: 27 Trial Log Prob: 474.20405330301077 Prob: 3.3296372843460385e-5 Frac: 0.3011501530020049
Step: 32243 Walker: 36 Trial Log Prob: 489.7973288165796 Prob: 0.08461972981721795 Frac: 0.30009887936717206
Step: 32583 Walker: 40 Trial Log Prob: 469.35483370157255 Prob: 1.3100044703474937e-7 Frac: 0.29742621825669185
Step: 32720 Walker: 25 Trial Log Prob: 496.5195032054225 Prob: 1.7971613953299638e-6 Frac: 0.2970396108408617
Number of steps: 33000 Acceptance Rate: 0.29424
Step: 33150 Walker: 45 Trial Log Prob: 482.28674992083506 Prob: 0.007945118387643755 Frac: 0.28872581721147433
Step: 33170 Walker: 19 Trial Log Prob: 469.1971578257652 Prob: 9.638353766838194e-7 Frac: 0.28917227535718504
Step: 33313 Walker: 47 Trial Log Prob: 480.4217009317651 Prob: 0.049548113945170384 Frac: 0.2839521953090049
Step: 33933 Walker: 26 Trial Log Prob: 476.85285761060027 Prob: 4.2600440231639946e-5 Frac: 0.28700724917428044
Number of steps: 34000 Acceptance Rate: 0.2882
Step: 34176 Walker: 45 Trial Log Prob: 493.79397064324894 Prob: 1.174117796698337 Frac: 0.2907333712336555
Step: 34562 Walker: 12 Trial Log Prob: 479.2711056480509 Prob: 0.033917299117864036 Frac: 0.2954885610434039
Step: 34677 Walker: 26 Trial Log Prob: 498.70918870867695 Prob: 0.1166637332995592 Frac: 0.29515757109915447
Step: 34825 Walker: 7 Trial Log Prob: 268.08120000090156 Prob: 3.537834947737519e-91 Frac: 0.2945858713325406
Number of steps: 35000 Acceptance Rate: 0.29564
Step: 35372 Walker: 8 Trial Log Prob: 463.07857810017805 Prob: 7.96400257994592e-12 Frac: 0.29496713007867226
Step: 35692 Walker: 34 Trial Log Prob: 495.8306004499452 Prob: 0.282111600589177 Frac: 0.2900474207726116
Step: 35712 Walker: 25 Trial Log Prob: 466.3886343948469 Prob: 8.129779108264252e-7 Frac: 0.28983836964160226
Step: 35741 Walker: 4 Trial Log Prob: 493.49006196594405 Prob: 0.9645683676814666 Frac: 0.28894173602853745
Number of steps: 36000 Acceptance Rate: 0.28932
Step: 36018 Walker: 44 Trial Log Prob: 496.5344700785312 Prob: 0.013511756344985653 Frac: 0.2595078299776286
Step: 36236 Walker: 9 Trial Log Prob: 491.811473099316 Prob: 0.012575121101919525 Frac: 0.2904158516880687
Step: 36606 Walker: 8 Trial Log Prob: 494.076169298883 Prob: 1.0063465627995571 Frac: 0.28855178795690395
Step: 36801 Walker: 40 Trial Log Prob: 489.6405902932627 Prob: 0.6826290296658972 Frac: 0.29075924075924076
Number of steps: 37000 Acceptance Rate: 0.2916
Step: 37083 Walker: 31 Trial Log Prob: 494.2365350470028 Prob: 0.12051287227968381 Frac: 0.289518276446381
Step: 37089 Walker: 29 Trial Log Prob: 462.12562552715116 Prob: 1.3746537694053716e-7 Frac: 0.2921652743282908
Step: 37366 Walker: 42 Trial Log Prob: 494.6863156436917 Prob: 0.268197888610799 Frac: 0.29439099059698226
Step: 37428 Walker: 43 Trial Log Prob: 479.2599822687902 Prob: 0.0028503746389806606 Frac: 0.2943486187070537
Step: 37435 Walker: 2 Trial Log Prob: 476.79669505010304 Prob: 0.08260481153396403 Frac: 0.2940282001658833
Step: 37564 Walker: 21 Trial Log Prob: 495.8063670606682 Prob: 0.00831174801511769 Frac: 0.2934578112243087
Step: 37598 Walker: 39 Trial Log Prob: 459.538923386902 Prob: 1.8830445478921023e-13 Frac: 0.2934858978219412
Step: 37655 Walker: 16 Trial Log Prob: 481.3806282824863 Prob: 0.017170162350957828 Frac: 0.29309817826140117
Step: 37815 Walker: 33 Trial Log Prob: 439.28509413016565 Prob: 6.3406787947370065e-18 Frac: 0.29273561976775586
Number of steps: 38000 Acceptance Rate: 0.28986
Step: 38210 Walker: 1 Trial Log Prob: 493.9320540943222 Prob: 0.1743848075862556 Frac: 0.29183810161707013
Step: 38266 Walker: 21 Trial Log Prob: 491.79762626492123 Prob: 0.5910580475003682 Frac: 0.29146258759701604
Step: 38445 Walker: 19 Trial Log Prob: 470.2726400482637 Prob: 0.0015859159933206348 Frac: 0.29470273189612495
Number of steps: 39000 Acceptance Rate: 0.29364
Step: 39407 Walker: 35 Trial Log Prob: 491.4026127490241 Prob: 0.7566377095766924 Frac: 0.28202606343742315
Step: 39446 Walker: 25 Trial Log Prob: 495.8337808766224 Prob: 0.018884474367975728 Frac: 0.28139169472502806
Step: 39549 Walker: 42 Trial Log Prob: 488.3591380482033 Prob: 0.9770821758477245 Frac: 0.283871437941841
Step: 39567 Walker: 10 Trial Log Prob: 455.8827952224674 Prob: 2.2634642482454846e-9 Frac: 0.2839985870717061
Step: 39600 Walker: 36 Trial Log Prob: 458.03319688407527 Prob: 3.6427734708252324e-9 Frac: 0.2828986860534916
Step: 39728 Walker: 48 Trial Log Prob: 481.59692522169604 Prob: 0.2708047007353244 Frac: 0.28399912083081486
Step: 39853 Walker: 46 Trial Log Prob: 459.5588814443446 Prob: 3.7402225239806684e-11 Frac: 0.28518501148994047
Number of steps: 40000 Acceptance Rate: 0.28498
Step: 40037 Walker: 43 Trial Log Prob: -Inf Prob: 0.0 Frac: 0.29679869777536627
Step: 40048 Walker: 26 Trial Log Prob: 437.0049431945892 Prob: 5.181296259022488e-20 Frac: 0.28324915824915825
Step: 40075 Walker: 12 Trial Log Prob: 496.4943881896353 Prob: 0.5543793552689813 Frac: 0.28125
Step: 40375 Walker: 27 Trial Log Prob: 496.71500260726236 Prob: 2.9460010532221395e-5 Frac: 0.2802904896673252
Step: 40463 Walker: 21 Trial Log Prob: 495.0272616346112 Prob: 3.2939057356953394 Frac: 0.28251373210501274
Step: 40557 Walker: 27 Trial Log Prob: 477.4916657506022 Prob: 6.099048856827831e-5 Frac: 0.2836453803859561
Step: 40898 Walker: 35 Trial Log Prob: 459.17006147148686 Prob: 3.608401074143529e-10 Frac: 0.28579703687200625
Step: 40913 Walker: 50 Trial Log Prob: 487.07290371007315 Prob: 1.5797079865735448 Frac: 0.28639649507119386
Number of steps: 41000 Acceptance Rate: 0.2869
Step: 41371 Walker: 12 Trial Log Prob: 486.42706529590487 Prob: 0.5563343093954259 Frac: 0.28943388072601556
Step: 41440 Walker: 35 Trial Log Prob: 433.2095209036711 Prob: 1.7194637395879644e-17 Frac: 0.28960654992040025
Step: 41944 Walker: 47 Trial Log Prob: 498.388464257224 Prob: 4.7505079005039085e-7 Frac: 0.2896794287772528
Step: 41963 Walker: 2 Trial Log Prob: 496.54926938902247 Prob: 0.06658868646001923 Frac: 0.28953058084902916
Number of steps: 42000 Acceptance Rate: 0.28944
Step: 42078 Walker: 22 Trial Log Prob: 496.8921925252336 Prob: 0.11706720573873097 Frac: 0.2897727272727273
Step: 42526 Walker: 44 Trial Log Prob: 494.98202396115425 Prob: 1.790215742660548 Frac: 0.2956568038335742
Step: 42539 Walker: 29 Trial Log Prob: 493.21770942824475 Prob: 0.9090128193584146 Frac: 0.29492368821716364
Step: 42891 Walker: 26 Trial Log Prob: 495.7270410254595 Prob: 0.0033510292561473236 Frac: 0.29845483537708306
Number of steps: 43000 Acceptance Rate: 0.29778
Step: 43013 Walker: 29 Trial Log Prob: 499.1517220216505 Prob: 0.0024752872509156954 Frac: 0.3068362480127186
Step: 43340 Walker: 29 Trial Log Prob: 487.6620187586668 Prob: 0.4600764795816707 Frac: 0.29471700335708817
Step: 43354 Walker: 17 Trial Log Prob: 498.1594482872328 Prob: 0.021202485770502124 Frac: 0.29405105564045964
Step: 43441 Walker: 8 Trial Log Prob: 361.5596987494132 Prob: 6.0146161044860974e-49 Frac: 0.29421119592875317
Step: 43461 Walker: 16 Trial Log Prob: 477.51997286629586 Prob: 4.704091307943836e-5 Frac: 0.29318734793187345
Step: 43692 Walker: 29 Trial Log Prob: 485.067488924057 Prob: 0.2940666820959469 Frac: 0.29095693918274096
Number of steps: 44000 Acceptance Rate: 0.2918
Step: 44323 Walker: 48 Trial Log Prob: 490.3533411819197 Prob: 0.5676974350100346 Frac: 0.2935967302452316
Step: 44369 Walker: 38 Trial Log Prob: 492.81082025606634 Prob: 1.0000867769380022 Frac: 0.2913005748996637
Step: 44865 Walker: 45 Trial Log Prob: 494.28489225268413 Prob: 0.0006722485016050736 Frac: 0.2875708174355417
Number of steps: 45000 Acceptance Rate: 0.28956
Step: 45136 Walker: 23 Trial Log Prob: 495.85135467185825 Prob: 0.033111390684430184 Frac: 0.28584083862394805
Step: 45154 Walker: 7 Trial Log Prob: -Inf Prob: 0.0 Frac: 0.28653519655217446
Step: 45154 Walker: 39 Trial Log Prob: 495.5882614200158 Prob: 0.07091990522063783 Frac: 0.2865132006762908
Step: 45305 Walker: 34 Trial Log Prob: 434.06444027255253 Prob: 7.89824027665432e-19 Frac: 0.2837074963896547
Step: 45432 Walker: 45 Trial Log Prob: 496.532483805435 Prob: 0.6933824596054711 Frac: 0.2817318823801806
Step: 45747 Walker: 49 Trial Log Prob: 488.400196691823 Prob: 0.3477337027022368 Frac: 0.2849875498674663
Step: 45788 Walker: 47 Trial Log Prob: 460.5135538069412 Prob: 1.3633444931217628e-9 Frac: 0.28481864101327514
Step: 45801 Walker: 42 Trial Log Prob: 458.83634284999187 Prob: 1.8001827328558075e-11 Frac: 0.2851006443234604
Step: 45927 Walker: 24 Trial Log Prob: 493.81889201982085 Prob: 0.036219877327322396 Frac: 0.2858129695190398
Step: 45944 Walker: 45 Trial Log Prob: 392.35418912967793 Prob: 8.292906146015771e-38 Frac: 0.2859836847123636
Number of steps: 46000 Acceptance Rate: 0.28578
Step: 46048 Walker: 3 Trial Log Prob: 478.0482316810757 Prob: 0.011143727270755474 Frac: 0.28134296642583934
Step: 46252 Walker: 38 Trial Log Prob: 484.0104336107402 Prob: 0.32380568656325587 Frac: 0.28797267238639973
Step: 46313 Walker: 39 Trial Log Prob: 466.1979212323629 Prob: 4.617098006330179e-5 Frac: 0.2890849798580472
Step: 46371 Walker: 25 Trial Log Prob: 497.85502486810066 Prob: 0.08983377371517937 Frac: 0.2889068825910931
Step: 46423 Walker: 5 Trial Log Prob: 477.106291529258 Prob: 0.0013313290287506 Frac: 0.28813077469793885
Step: 46533 Walker: 6 Trial Log Prob: 494.1527661787535 Prob: 0.005347124950216842 Frac: 0.28767947079606104
Step: 46866 Walker: 20 Trial Log Prob: 490.5742159159495 Prob: 0.41697327362490627 Frac: 0.28349896001848857
Number of steps: 47000 Acceptance Rate: 0.28416
Step: 47052 Walker: 30 Trial Log Prob: 497.16092350409485 Prob: 0.6114598620311966 Frac: 0.2833333333333333
Step: 47130 Walker: 45 Trial Log Prob: 474.31280632358585 Prob: 0.0002695893217380608 Frac: 0.2849884526558891
Step: 47252 Walker: 49 Trial Log Prob: 492.77780450922006 Prob: 0.0922197510129222 Frac: 0.2900230176998174
Step: 47551 Walker: 48 Trial Log Prob: 488.45744514565774 Prob: 0.676868979103312 Frac: 0.28931319878031075
Step: 47631 Walker: 33 Trial Log Prob: 498.15317353671765 Prob: 0.9110597565193929 Frac: 0.2896013699933403
Step: 47948 Walker: 20 Trial Log Prob: 488.2037790584002 Prob: 0.017692422693263658 Frac: 0.2896136795440152
Number of steps: 48000 Acceptance Rate: 0.28876
Step: 48589 Walker: 34 Trial Log Prob: 481.55486049546863 Prob: 0.010523213503299255 Frac: 0.29177142080587076
Step: 48687 Walker: 18 Trial Log Prob: 494.32140794990124 Prob: 0.0028154387045322246 Frac: 0.29287837286555163
Step: 48847 Walker: 32 Trial Log Prob: 484.38231663497436 Prob: 0.00023614736893582094 Frac: 0.29384390059529436
Step: 48968 Walker: 37 Trial Log Prob: 498.27395076165857 Prob: 0.35773468205743175 Frac: 0.2931985863971728
Number of steps: 49000 Acceptance Rate: 0.29276
Step: 49012 Walker: 6 Trial Log Prob: 479.7676044176376 Prob: 0.00642207088506077 Frac: 0.32014388489208634
Step: 49136 Walker: 29 Trial Log Prob: 403.8106752082087 Prob: 2.4604553519809172e-33 Frac: 0.2981265673403157
Step: 49664 Walker: 4 Trial Log Prob: 497.3420586199048 Prob: 0.2866086692859751 Frac: 0.2954997888640888
Step: 49691 Walker: 7 Trial Log Prob: 470.19876964026713 Prob: 0.09021791561678416 Frac: 0.2956791375662909
Number of steps: 50000 Acceptance Rate: 0.29344
Burn-in Number (ends): 1504
Independent Sample Size: 4565.406873377957
882.913396 seconds (94.47 M allocations: 367.281 GiB, 6.06% gc time)
