args = ["full", "60.0", "30", "ppmp"]
Initial parameters: [3.0e-6, 224.70077875799396, 2.4335037686881623e6, 0.01, 0.01, 3.0e-6, 365.2564289007335, 2.433624407799657e6, 0.01, 0.01]
Initial chi-square: 337.4150015758231
Finished 2-planet fit: [4.6808597815140576e-6, 224.70078254071797, 2.433503768633948e6, -0.016239553553723623, -0.020361124711503253, 2.947148046906085e-6, 365.256438714877, 2.433624407692332e6, 0.004916831369777735, -0.01463323923992799]
New 2-planet chi-square: 211.29644401536302
Finished 3-planet fit w/ fixed period: [3.945235953517605e-6, 224.7007874955763, 2.433503768487781e6, -0.07301296697828154, -0.05189083034196308, 2.603916513416459e-6, 365.25647087198735, 2.4336244071286125e6, -0.04050904411856772, -0.038509638597194196, 0.00023284316821510617, 4012.300516800379, 2.4401632761917133e6, -0.14851870078783677, 0.25872768841925486]
Finished global 3-planet fit.
New 3-planet chi-square: 102.95275601173972
Maximum: -180.73653793674742 Param: [3.945235953517605e-6, 224.7007874955763, 2.433503768487781e6, -0.07301296697828154, -0.05189083034196308, 2.603916513416459e-6, 365.25647087198735, 2.4336244071286125e6, -0.04050904411856772, -0.038509638597194196, 0.00023284316821510617, 4012.300516800379, 2.4401632761917133e6, -0.14851870078783677, 0.25872768841925486]
Finished lunar search.
3-planet lunar chi-square: 76.02435389421753
Maximum: -168.91109566231023 Param: [2.4214969153201966e-6, 224.7007857570325, 2.4335037685282803e6, -0.01593121183830083, 0.01507420373324471, 2.9317838356829715e-6, 365.2564600377944, 2.433624407285936e6, 0.0019142064770956385, 0.014995061100291472, 0.0007485327460566536, 4132.635768927994, 2.439011017727998e6, 0.014550153910206068, -0.04060791664750288, -6.18659954982774e-6, -0.001822628738527147, 2.3136471700699723]
1337.695211 seconds (533.13 M allocations: 62.230 GiB, 0.73% gc time)
Step: 139 Walker: 30 Trial Log Prob: 553.3561372303647 Prob: 0.002166277095230605 Frac: 0.30548340548340547
Step: 158 Walker: 35 Trial Log Prob: 547.0929041765205 Prob: 1.0579101841670977 Frac: 0.3037412809131262
Step: 309 Walker: 1 Trial Log Prob: 549.4631764620661 Prob: 1.0281501838375275 Frac: 0.30608402051814815
Step: 313 Walker: 44 Trial Log Prob: 524.3908549376754 Prob: 7.24616220104663e-7 Frac: 0.3053566862694963
Step: 345 Walker: 46 Trial Log Prob: 534.2484111508282 Prob: 0.07011146946609363 Frac: 0.3048822915458657
Step: 369 Walker: 27 Trial Log Prob: 550.9964853246349 Prob: 0.38523385704785545 Frac: 0.3041732240733706
Step: 789 Walker: 22 Trial Log Prob: 548.101125836565 Prob: 0.02065572802452802 Frac: 0.29628126426868245
Step: 834 Walker: 26 Trial Log Prob: -Inf Prob: 0.0 Frac: 0.29561378251271714
Step: 907 Walker: 29 Trial Log Prob: 547.5929609771293 Prob: 1.754202342585196 Frac: 0.29440314147675883
Number of steps: 1000 Acceptance Rate: 0.29282
Step: 1094 Walker: 24 Trial Log Prob: 549.2619094583196 Prob: 0.5793699006702052 Frac: 0.27749251176722295
Step: 1188 Walker: 35 Trial Log Prob: 544.7299088633398 Prob: 0.8042340567290721 Frac: 0.2791688865210442
Step: 1356 Walker: 14 Trial Log Prob: 552.3438433036496 Prob: 7.657106417952438e-5 Frac: 0.27735870299482096
Number of steps: 2000 Acceptance Rate: 0.2718
Step: 2340 Walker: 12 Trial Log Prob: 530.0128741846962 Prob: 0.06375412674624585 Frac: 0.2654168140549463
Step: 2547 Walker: 30 Trial Log Prob: 540.3486114429965 Prob: 0.0747059557292247 Frac: 0.26802049030369557
Step: 2877 Walker: 35 Trial Log Prob: 549.3907215331395 Prob: 1.075886281006863 Frac: 0.26627124443937494
Number of steps: 3000 Acceptance Rate: 0.26604
Step: 3277 Walker: 49 Trial Log Prob: 552.7106352943414 Prob: 0.0002795567334811367 Frac: 0.26817820781283846
Step: 3525 Walker: 35 Trial Log Prob: 554.589739097857 Prob: 0.00020014266472550762 Frac: 0.2679245283018868
Step: 3649 Walker: 17 Trial Log Prob: 514.2398128223025 Prob: 5.006913740917107e-10 Frac: 0.26772989480827963
Step: 3771 Walker: 13 Trial Log Prob: 548.1386051701006 Prob: 0.8218631255253374 Frac: 0.2678316412639888
Step: 3795 Walker: 18 Trial Log Prob: 543.623814331716 Prob: 0.9369158761266485 Frac: 0.26831663225741476
Step: 3821 Walker: 17 Trial Log Prob: 545.3955913662737 Prob: 1.1875961207678147 Frac: 0.26859594802155207
Step: 3835 Walker: 16 Trial Log Prob: 552.4510766321418 Prob: 0.5787494638743265 Frac: 0.2687458049669192
Number of steps: 4000 Acceptance Rate: 0.27034
Step: 4119 Walker: 46 Trial Log Prob: 546.605200458779 Prob: 0.00020233227696721698 Frac: 0.256811301715439
Step: 4367 Walker: 49 Trial Log Prob: 547.0683964331183 Prob: 0.0034649871430612682 Frac: 0.2559812523843261
Step: 4585 Walker: 18 Trial Log Prob: -Inf Prob: 0.0 Frac: 0.25881306044219315
Step: 4856 Walker: 12 Trial Log Prob: 547.5910550954069 Prob: 0.019505512599704546 Frac: 0.2590851690753473
Number of steps: 5000 Acceptance Rate: 0.26006
Step: 5001 Walker: 21 Trial Log Prob: 544.5802254560932 Prob: 1.354490781694685 Frac: 0.14285714285714285
Step: 5024 Walker: 47 Trial Log Prob: 548.7313583093656 Prob: 0.0371885847015185 Frac: 0.2698412698412698
Step: 5329 Walker: 22 Trial Log Prob: 526.4058424453855 Prob: 1.5098407060229059e-5 Frac: 0.2672634271099744
Step: 5579 Walker: 32 Trial Log Prob: 501.36886963792006 Prob: 8.732657607549737e-15 Frac: 0.2652426379095811
Step: 5727 Walker: 26 Trial Log Prob: 549.3513321297329 Prob: 0.2720503517013211 Frac: 0.265622419203876
Step: 5731 Walker: 12 Trial Log Prob: 515.9176427642618 Prob: 4.047265698802605e-9 Frac: 0.2657208588957055
Number of steps: 6000 Acceptance Rate: 0.26656
Step: 6194 Walker: 42 Trial Log Prob: -Inf Prob: 0.0 Frac: 0.2752785802723896
Step: 6353 Walker: 45 Trial Log Prob: 548.9273409798836 Prob: 0.0008463136874610393 Frac: 0.27656559931992064
Step: 6443 Walker: 18 Trial Log Prob: 548.4335033726408 Prob: 1.140391410051934 Frac: 0.2755221991138439
Step: 6510 Walker: 49 Trial Log Prob: 522.1688376536282 Prob: 1.9249852107068233e-6 Frac: 0.2756578689360367
Step: 6531 Walker: 11 Trial Log Prob: 550.6725835481328 Prob: 1.6417849823394614e-5 Frac: 0.275621440156916
Step: 6916 Walker: 1 Trial Log Prob: 538.5961048158574 Prob: 0.9234850738803032 Frac: 0.2698738825380866
Number of steps: 7000 Acceptance Rate: 0.26822
Step: 7285 Walker: 15 Trial Log Prob: 540.9663710065166 Prob: 0.859494653767791 Frac: 0.26197678508617656
Step: 7306 Walker: 4 Trial Log Prob: 546.3410759615541 Prob: 0.6301394760461729 Frac: 0.2609807263668546
Number of steps: 8000 Acceptance Rate: 0.26634
Step: 8081 Walker: 20 Trial Log Prob: 523.5386842364676 Prob: 7.020667289337127e-7 Frac: 0.2512437810945274
Step: 8240 Walker: 27 Trial Log Prob: 538.7694985380324 Prob: 1.4428322005531877 Frac: 0.2565751022793688
Step: 8430 Walker: 8 Trial Log Prob: 530.2101269403937 Prob: 0.0033103833425776235 Frac: 0.26148755708826543
Step: 8542 Walker: 37 Trial Log Prob: 547.6682322013859 Prob: 0.010402758529537204 Frac: 0.26311514748772474
Step: 8565 Walker: 20 Trial Log Prob: 550.4023058221684 Prob: 0.004007536912920704 Frac: 0.26364280652019845
Step: 8584 Walker: 19 Trial Log Prob: 529.7852228606794 Prob: 0.0024340709261670835 Frac: 0.2634303541430971
Step: 8672 Walker: 14 Trial Log Prob: 549.1096093337161 Prob: 0.0017793949795295713 Frac: 0.26382433559766416
Step: 8858 Walker: 23 Trial Log Prob: 536.860630774589 Prob: 0.05780933127297589 Frac: 0.2643388612879901
Number of steps: 9000 Acceptance Rate: 0.26444
Step: 9176 Walker: 14 Trial Log Prob: 551.7088606832516 Prob: 0.023729150185583532 Frac: 0.26106800547695114
Step: 9287 Walker: 8 Trial Log Prob: 529.3808607356278 Prob: 0.000542731748260488 Frac: 0.26355884819681297
Step: 9291 Walker: 34 Trial Log Prob: 430.4366688542643 Prob: 1.9783918706061466e-47 Frac: 0.26393284711710474
Step: 9879 Walker: 33 Trial Log Prob: 549.7763661490635 Prob: 0.6592504263761831 Frac: 0.26032822707304304
Step: 9890 Walker: 40 Trial Log Prob: 540.0091729617458 Prob: 0.07824793428748444 Frac: 0.26053045628231064
Step: 9929 Walker: 11 Trial Log Prob: 539.6105602065002 Prob: 0.8567101505739695 Frac: 0.26084333455430825
Number of steps: 10000 Acceptance Rate: 0.26044
Step: 10188 Walker: 4 Trial Log Prob: 549.3198185644679 Prob: 0.3074285543099647 Frac: 0.26202694034637586
Step: 10389 Walker: 3 Trial Log Prob: 552.0237560464997 Prob: 2.1175247911711654 Frac: 0.26655671803329384
Step: 10425 Walker: 4 Trial Log Prob: 548.4699922028694 Prob: 0.9033296018873479 Frac: 0.26707225051877004
Step: 10732 Walker: 14 Trial Log Prob: 540.2520734322247 Prob: 0.06070325048567747 Frac: 0.2652882616781534
Step: 10772 Walker: 17 Trial Log Prob: 520.7680625302853 Prob: 4.226960123059312e-7 Frac: 0.2636969429823424
Step: 10793 Walker: 50 Trial Log Prob: 540.6482456317328 Prob: 1.0144663364610749 Frac: 0.2630769230769231
Step: 10836 Walker: 49 Trial Log Prob: 552.8750922525696 Prob: 0.20507907710573492 Frac: 0.2618962176128615
Number of steps: 11000 Acceptance Rate: 0.262
Step: 11483 Walker: 35 Trial Log Prob: 545.5134003143672 Prob: 1.1984872550054024 Frac: 0.2585042469442718
Step: 11751 Walker: 20 Trial Log Prob: 550.5253660057286 Prob: 0.21767784221000305 Frac: 0.2579690831556503
Step: 11891 Walker: 9 Trial Log Prob: 551.8807626817853 Prob: 0.07754514527923105 Frac: 0.25799276550809946
Number of steps: 12000 Acceptance Rate: 0.25836
Step: 12047 Walker: 18 Trial Log Prob: 268.8870794265443 Prob: 6.694978049267505e-117 Frac: 0.2532355478861087
Step: 12729 Walker: 38 Trial Log Prob: 547.949390811682 Prob: 0.00011707738819527798 Frac: 0.2619792524287831
Step: 12901 Walker: 9 Trial Log Prob: 550.5538020879941 Prob: 0.46144796682426736 Frac: 0.26201426381390386
Step: 12918 Walker: 34 Trial Log Prob: 547.3519672288222 Prob: 1.320472629594226 Frac: 0.2620739255513905
Number of steps: 13000 Acceptance Rate: 0.26206
Step: 13209 Walker: 23 Trial Log Prob: 548.4526426649252 Prob: 0.9358093705031795 Frac: 0.25232658543605485
Step: 13215 Walker: 49 Trial Log Prob: 549.693018707628 Prob: 0.003943072209714964 Frac: 0.2523955716810866
Step: 13326 Walker: 49 Trial Log Prob: 549.9665036319601 Prob: 0.039235756546989825 Frac: 0.2554144426038407
Step: 13602 Walker: 5 Trial Log Prob: 547.1150799604728 Prob: 9.995461847828069e-5 Frac: 0.2626850773581767
Step: 13673 Walker: 49 Trial Log Prob: -Inf Prob: 0.0 Frac: 0.2632767689975928
Step: 13836 Walker: 30 Trial Log Prob: 534.409907107686 Prob: 0.004789322540650833 Frac: 0.2644566778362853
Number of steps: 14000 Acceptance Rate: 0.26508
Step: 14170 Walker: 21 Trial Log Prob: 545.4758625723532 Prob: 1.549861202208519 Frac: 0.25180025970959746
Step: 14251 Walker: 7 Trial Log Prob: 550.8210241973803 Prob: 0.7675701386781507 Frac: 0.254817302310706
Step: 14991 Walker: 19 Trial Log Prob: 550.2977867643673 Prob: 1.1011628870152514 Frac: 0.2598598517740665
Number of steps: 15000 Acceptance Rate: 0.26012
Step: 15199 Walker: 30 Trial Log Prob: 548.6254803026034 Prob: 8.048942183638934e-5 Frac: 0.27069486404833837
Step: 15657 Walker: 41 Trial Log Prob: 549.2601815083033 Prob: 0.0017252646171233882 Frac: 0.267013793733443
Step: 15811 Walker: 21 Trial Log Prob: 547.269930580396 Prob: 0.24519813823860262 Frac: 0.26623232398015845
Step: 15835 Walker: 23 Trial Log Prob: 545.7373448080212 Prob: 0.6627209299158804 Frac: 0.2660403134961532
Number of steps: 16000 Acceptance Rate: 0.26792
Step: 16001 Walker: 7 Trial Log Prob: 552.4920774304342 Prob: 1.2957518985682182 Frac: 0.14285714285714285
Step: 16005 Walker: 45 Trial Log Prob: 524.4556432246776 Prob: 1.5296674957328403e-6 Frac: 0.2897959183673469
Step: 16092 Walker: 34 Trial Log Prob: 534.0109652039976 Prob: 0.0010657608078368404 Frac: 0.27835951134380454
Step: 16476 Walker: 15 Trial Log Prob: 481.42642449540034 Prob: 1.643000997159083e-22 Frac: 0.27010309278350514
Step: 16571 Walker: 13 Trial Log Prob: 533.7418806519272 Prob: 0.00013180598924461445 Frac: 0.268228527338407
Step: 16742 Walker: 20 Trial Log Prob: 536.2759545752109 Prob: 0.018262038469434225 Frac: 0.2657404909630429
Step: 16859 Walker: 15 Trial Log Prob: 553.2398092001746 Prob: 1.0043536808940148 Frac: 0.26680647792147266
Step: 16934 Walker: 2 Trial Log Prob: 549.8873893807777 Prob: 0.027970563671159708 Frac: 0.2656477750150047
Number of steps: 17000 Acceptance Rate: 0.26514
Step: 17067 Walker: 41 Trial Log Prob: 547.6368184640784 Prob: 0.8904116367527491 Frac: 0.2687818018557318
Step: 17131 Walker: 26 Trial Log Prob: 549.5474640300913 Prob: 0.0009031566624370058 Frac: 0.2634079068342017
Step: 17151 Walker: 14 Trial Log Prob: 524.5325340870384 Prob: 0.0005983184188922804 Frac: 0.25964865584242747
Step: 17294 Walker: 24 Trial Log Prob: 552.6334044901802 Prob: 0.009957756973180328 Frac: 0.26127845168324926
Number of steps: 18000 Acceptance Rate: 0.26426
Step: 18261 Walker: 48 Trial Log Prob: 551.8070678509525 Prob: 0.0001266832112303709 Frac: 0.2655579399141631
Step: 18266 Walker: 15 Trial Log Prob: -Inf Prob: 0.0 Frac: 0.2655107425555974
Step: 18380 Walker: 15 Trial Log Prob: 548.8929547199556 Prob: 0.36744137170948915 Frac: 0.2612707619298708
Step: 18564 Walker: 41 Trial Log Prob: 541.3780665836159 Prob: 3.990856531426077 Frac: 0.2632400411478841
Step: 18924 Walker: 47 Trial Log Prob: 544.8918096199693 Prob: 0.7252921778914746 Frac: 0.25982206636794597
Number of steps: 19000 Acceptance Rate: 0.25764
Step: 19181 Walker: 34 Trial Log Prob: -Inf Prob: 0.0 Frac: 0.261678104936905
Step: 19576 Walker: 43 Trial Log Prob: 547.1144704167174 Prob: 0.02370136300213391 Frac: 0.2513458132184906
Step: 19807 Walker: 13 Trial Log Prob: 543.8703775304605 Prob: 2.4264616839874322 Frac: 0.24937365117952026
Step: 19908 Walker: 25 Trial Log Prob: 543.897532697652 Prob: 2.2849827362693474e-6 Frac: 0.25040220385674933
Number of steps: 20000 Acceptance Rate: 0.25068
Step: 20213 Walker: 18 Trial Log Prob: 538.9320615073586 Prob: 0.06090950104809517 Frac: 0.25400263703145604
Step: 20522 Walker: 36 Trial Log Prob: 520.3430623807276 Prob: 0.014879966250018844 Frac: 0.2571494288123898
Step: 20603 Walker: 40 Trial Log Prob: 502.9344192561515 Prob: 3.341466845927775e-15 Frac: 0.2570006635700066
Step: 20619 Walker: 39 Trial Log Prob: 538.2947410878097 Prob: 0.2578622765943644 Frac: 0.2558906234849219
Number of steps: 21000 Acceptance Rate: 0.25838
Step: 21117 Walker: 49 Trial Log Prob: 546.8433946856283 Prob: 1.1179551303162107 Frac: 0.24807659428962217
Step: 21178 Walker: 43 Trial Log Prob: 536.626580763159 Prob: 0.02640742421259864 Frac: 0.2512088159226358
Step: 21394 Walker: 18 Trial Log Prob: -Inf Prob: 0.0 Frac: 0.25513524506813096
Step: 21397 Walker: 49 Trial Log Prob: 550.6787240381265 Prob: 0.019387470808121934 Frac: 0.2554788654340269
Step: 21473 Walker: 9 Trial Log Prob: 523.4569772200183 Prob: 6.707795381340294e-8 Frac: 0.2571476979118133
Step: 21837 Walker: 39 Trial Log Prob: 509.89787385755386 Prob: 2.1875253160519347e-11 Frac: 0.2602117641435025
Step: 21927 Walker: 22 Trial Log Prob: 546.891383472922 Prob: 0.48374617870399356 Frac: 0.2614956176330901
Number of steps: 22000 Acceptance Rate: 0.2606
Step: 22173 Walker: 17 Trial Log Prob: 547.6139559638993 Prob: 1.0444445782941285 Frac: 0.2563537193918997
Step: 22207 Walker: 12 Trial Log Prob: 518.209079511945 Prob: 7.867135081774941e-12 Frac: 0.2575640031031808
Step: 22779 Walker: 35 Trial Log Prob: 549.7436147581287 Prob: 1.053586092944521 Frac: 0.254424040066778
Number of steps: 23000 Acceptance Rate: 0.25726
Step: 23254 Walker: 24 Trial Log Prob: 529.3315190905902 Prob: 0.00045267719112878263 Frac: 0.26400504970806377
Step: 23433 Walker: 25 Trial Log Prob: 543.7288908187693 Prob: 0.5883748311700545 Frac: 0.2611791907514451
Step: 23467 Walker: 9 Trial Log Prob: 549.9309277306239 Prob: 0.037819777004216 Frac: 0.2608863529108928
Step: 23894 Walker: 24 Trial Log Prob: 553.7048349277107 Prob: 0.01047617390756872 Frac: 0.26055423736401484
Step: 23946 Walker: 2 Trial Log Prob: 549.8392642353431 Prob: 0.001538229532428457 Frac: 0.2599889951748074
Step: 23980 Walker: 9 Trial Log Prob: 550.6019792188017 Prob: 0.00972670230564981 Frac: 0.2593190220388488
Number of steps: 24000 Acceptance Rate: 0.25966
Step: 24234 Walker: 12 Trial Log Prob: 546.2154723994071 Prob: 0.3325230017750145 Frac: 0.2647916309380895
Step: 24252 Walker: 15 Trial Log Prob: 401.60994106123087 Prob: 2.4664739877242683e-55 Frac: 0.2634301631516116
Step: 24587 Walker: 14 Trial Log Prob: 549.1609503076087 Prob: 0.10583426340901463 Frac: 0.26144504332400903
Step: 24610 Walker: 26 Trial Log Prob: 550.8026157455167 Prob: 0.0003611695744035581 Frac: 0.2620750754692217
Step: 24738 Walker: 38 Trial Log Prob: 533.9008391152864 Prob: 5.4521338682401076e-5 Frac: 0.26436781609195403
Step: 24842 Walker: 10 Trial Log Prob: 545.6364659416934 Prob: 2.462980254122318 Frac: 0.26578697099381837
Number of steps: 25000 Acceptance Rate: 0.26592
Step: 25054 Walker: 12 Trial Log Prob: 542.0729280732666 Prob: 1.1841858567718002 Frac: 0.24755822689706988
Step: 25361 Walker: 12 Trial Log Prob: -Inf Prob: 0.0 Frac: 0.262880302020875
Step: 25412 Walker: 40 Trial Log Prob: -Inf Prob: 0.0 Frac: 0.2661971830985915
Step: 25457 Walker: 26 Trial Log Prob: 537.7823638710951 Prob: 0.1798669243351787 Frac: 0.26614387102427056
Step: 25480 Walker: 36 Trial Log Prob: 518.0734395300564 Prob: 1.7614514657810317e-6 Frac: 0.26565496539648126
Step: 25544 Walker: 18 Trial Log Prob: 501.2643331897177 Prob: 3.1194732680012777e-15 Frac: 0.26464958775029446
Step: 25776 Walker: 45 Trial Log Prob: 542.9424449169408 Prob: 0.9949137551781955 Frac: 0.26423508184044336
Number of steps: 26000 Acceptance Rate: 0.2624
Step: 26151 Walker: 12 Trial Log Prob: 528.2943411177658 Prob: 7.857722633338815e-5 Frac: 0.2659744408945687
Step: 26202 Walker: 25 Trial Log Prob: 554.2741584411941 Prob: 0.07320155968021762 Frac: 0.2688833746898263
Step: 26532 Walker: 43 Trial Log Prob: 544.9306244190552 Prob: 6.53806949721105e-5 Frac: 0.25991802354002935
Step: 26587 Walker: 38 Trial Log Prob: 491.84235444239056 Prob: 6.437165786364313e-15 Frac: 0.26082214193196535
Step: 26630 Walker: 3 Trial Log Prob: -Inf Prob: 0.0 Frac: 0.2606428639557435
Step: 26871 Walker: 23 Trial Log Prob: 552.6767048331436 Prob: 0.4121109064930733 Frac: 0.26114927739356203
Number of steps: 27000 Acceptance Rate: 0.26062
Step: 27001 Walker: 23 Trial Log Prob: 528.6105468568765 Prob: 6.588683812343852e-6 Frac: 0.34782608695652173
Step: 27009 Walker: 17 Trial Log Prob: 552.3320009116484 Prob: 0.0003022086022809069 Frac: 0.23741007194244604
Step: 27393 Walker: 30 Trial Log Prob: 541.4555408658184 Prob: 0.04604213431774054 Frac: 0.26113092205807437
Step: 27407 Walker: 16 Trial Log Prob: -Inf Prob: 0.0 Frac: 0.2608781256152786
Number of steps: 28000 Acceptance Rate: 0.2656
Step: 28054 Walker: 46 Trial Log Prob: 531.3958230985071 Prob: 4.660780729516669e-5 Frac: 0.2770771513353116
Step: 28061 Walker: 24 Trial Log Prob: 546.4237546701237 Prob: 0.9930113419543343 Frac: 0.27843915343915343
Step: 28112 Walker: 20 Trial Log Prob: 522.3265456067611 Prob: 0.00023813003646151764 Frac: 0.2755834829443447
Step: 28538 Walker: 22 Trial Log Prob: 550.9866494387381 Prob: 0.018369183665670898 Frac: 0.2703185471866627
Step: 28788 Walker: 50 Trial Log Prob: 551.6151687071747 Prob: 0.00010499920610522703 Frac: 0.26941624365482236
Number of steps: 29000 Acceptance Rate: 0.26568
Step: 29175 Walker: 9 Trial Log Prob: 546.2131893125099 Prob: 0.00019194875101075396 Frac: 0.2619129636008727
Step: 29196 Walker: 2 Trial Log Prob: 511.7513408988321 Prob: 4.082351585393858e-10 Frac: 0.264766201804758
Step: 29210 Walker: 22 Trial Log Prob: 524.0676365574034 Prob: 2.748566966956324e-6 Frac: 0.2660427807486631
Step: 29347 Walker: 36 Trial Log Prob: 550.9721540282625 Prob: 0.23244429033708305 Frac: 0.264132441162898
Step: 29504 Walker: 32 Trial Log Prob: 528.1849073813743 Prob: 0.004828909072456973 Frac: 0.2656262409657692
Step: 29511 Walker: 30 Trial Log Prob: 518.4182655575411 Prob: 1.6184613991723107e-6 Frac: 0.26521739130434785
Step: 29583 Walker: 38 Trial Log Prob: 538.030799474138 Prob: 0.9265559191174851 Frac: 0.26446564623515684
Number of steps: 30000 Acceptance Rate: 0.26444
Step: 30075 Walker: 38 Trial Log Prob: 544.9020750121508 Prob: 1.7730080515233615 Frac: 0.2536115569823435
Step: 30179 Walker: 35 Trial Log Prob: 518.3729726477299 Prob: 2.6407238417769864e-8 Frac: 0.2617795187465025
Step: 30244 Walker: 25 Trial Log Prob: 553.9747966956531 Prob: 0.005055053224954138 Frac: 0.2638193018480493
Step: 30725 Walker: 43 Trial Log Prob: 542.9276392024333 Prob: 0.8139346797888918 Frac: 0.26738956488149435
Step: 30773 Walker: 24 Trial Log Prob: 496.866743596233 Prob: 9.859521614174988e-16 Frac: 0.26843413421706713
Step: 30973 Walker: 41 Trial Log Prob: 535.1142734188056 Prob: 0.12129693834862289 Frac: 0.2674903887666783
Number of steps: 31000 Acceptance Rate: 0.2672
Step: 31009 Walker: 46 Trial Log Prob: 539.8942917825731 Prob: 0.07025114058407526 Frac: 0.226457399103139
Step: 31037 Walker: 6 Trial Log Prob: 544.1292520462514 Prob: 0.04003864169893537 Frac: 0.26411960132890366
Step: 31196 Walker: 50 Trial Log Prob: 531.7512190790655 Prob: 0.42524245575806796 Frac: 0.26326530612244897
Step: 31236 Walker: 10 Trial Log Prob: 541.8068581152926 Prob: 0.2905883551776968 Frac: 0.2606292517006803
Step: 31415 Walker: 11 Trial Log Prob: 547.1635421047954 Prob: 0.13695687480567584 Frac: 0.2664767514847183
Step: 31460 Walker: 6 Trial Log Prob: 542.65866489609 Prob: 1.5318723001524468 Frac: 0.2667276529012023
Step: 31574 Walker: 43 Trial Log Prob: 527.7553364298558 Prob: 0.00010456437705448178 Frac: 0.26797476736486253
Step: 31670 Walker: 25 Trial Log Prob: 462.7398426102126 Prob: 1.0475303302568372e-30 Frac: 0.2671844660194175
Step: 31723 Walker: 31 Trial Log Prob: 550.7733143559085 Prob: 0.0022739795802345303 Frac: 0.2652846586034153
Step: 31758 Walker: 18 Trial Log Prob: 552.4974958435954 Prob: 4.824499029208919e-5 Frac: 0.2633093905144185
Step: 31881 Walker: 32 Trial Log Prob: 548.501962141022 Prob: 1.7129974878271896 Frac: 0.26344476744186046
Step: 31888 Walker: 2 Trial Log Prob: 555.0636182763284 Prob: 0.003109605439616858 Frac: 0.2637310606060606
Step: 31890 Walker: 40 Trial Log Prob: 527.1265925496202 Prob: 4.33738969953238e-7 Frac: 0.2636322769161609
Step: 31983 Walker: 35 Trial Log Prob: 548.2760872321533 Prob: 0.043544502867545035 Frac: 0.2613615548997659
Number of steps: 32000 Acceptance Rate: 0.26186
Step: 32042 Walker: 45 Trial Log Prob: 517.9427441312532 Prob: 1.3869763139649814e-8 Frac: 0.26205250596658713
Step: 32513 Walker: 4 Trial Log Prob: 548.7497093518793 Prob: 0.933522457488127 Frac: 0.2658178409623496
Step: 32677 Walker: 31 Trial Log Prob: 545.8435440674626 Prob: 0.3501920723786567 Frac: 0.26688540096361324
Number of steps: 33000 Acceptance Rate: 0.26808
Step: 33042 Walker: 30 Trial Log Prob: 508.5559901877354 Prob: 2.8288923336139037e-12 Frac: 0.27884615384615385
Step: 33057 Walker: 13 Trial Log Prob: 552.840873220814 Prob: 0.11988933309420892 Frac: 0.2676857447564877
Step: 33330 Walker: 49 Trial Log Prob: 547.2775606810603 Prob: 0.00930597903444101 Frac: 0.27098612037093156
Step: 33546 Walker: 49 Trial Log Prob: 517.8063720282241 Prob: 5.897094562230479e-7 Frac: 0.2699732590937397
Step: 33602 Walker: 3 Trial Log Prob: 537.9393685463654 Prob: 0.02457612971334125 Frac: 0.2714204904668419
Step: 33661 Walker: 26 Trial Log Prob: 547.39327392481 Prob: 0.05079967463957238 Frac: 0.271513353115727
Step: 33908 Walker: 8 Trial Log Prob: 545.8624961795438 Prob: 0.814447798672684 Frac: 0.27055866660787514
Step: 33943 Walker: 10 Trial Log Prob: 538.466580468566 Prob: 0.009900014762595511 Frac: 0.27087667161961365
Number of steps: 34000 Acceptance Rate: 0.26932
Step: 34297 Walker: 12 Trial Log Prob: 540.6861662496597 Prob: 0.8487521756392382 Frac: 0.2541857953011072
Number of steps: 35000 Acceptance Rate: 0.25396
Step: 35027 Walker: 27 Trial Log Prob: 544.410119203316 Prob: 0.04912766150052487 Frac: 0.24114544084400905
Step: 35564 Walker: 34 Trial Log Prob: -Inf Prob: 0.0 Frac: 0.2579477717854102
Step: 35710 Walker: 14 Trial Log Prob: 501.10130150384043 Prob: 2.419947968082503e-13 Frac: 0.2575569591698624
Step: 35894 Walker: 44 Trial Log Prob: 544.9310440720465 Prob: 0.002297399186824683 Frac: 0.2567682462970421
Step: 35950 Walker: 4 Trial Log Prob: 525.1891678813718 Prob: 1.4760089878916285e-5 Frac: 0.2560795717958444
Number of steps: 36000 Acceptance Rate: 0.2565
Step: 36055 Walker: 16 Trial Log Prob: -Inf Prob: 0.0 Frac: 0.27503681885125186
Step: 36131 Walker: 47 Trial Log Prob: 540.2055409380998 Prob: 1.0044199104565894 Frac: 0.27569879334046127
Number of steps: 37000 Acceptance Rate: 0.25894
Step: 37016 Walker: 3 Trial Log Prob: 535.2002835733623 Prob: 0.021160271029247387 Frac: 0.26693227091633465
Step: 37041 Walker: 33 Trial Log Prob: 520.102654820559 Prob: 0.0003192773873319487 Frac: 0.25528775209050664
Step: 37064 Walker: 5 Trial Log Prob: 541.8571546076237 Prob: 0.2330027205673352 Frac: 0.2513470681458003
Step: 37601 Walker: 24 Trial Log Prob: 549.9471469233581 Prob: 0.0005782944826616537 Frac: 0.26202371436184385
Step: 37712 Walker: 13 Trial Log Prob: 508.16759082700264 Prob: 6.780479193729608e-14 Frac: 0.2617608188285578
Number of steps: 38000 Acceptance Rate: 0.26312
Step: 38030 Walker: 40 Trial Log Prob: 508.3488469582865 Prob: 4.3878245406261906e-12 Frac: 0.2557046979865772
Step: 38177 Walker: 13 Trial Log Prob: 542.0464861982302 Prob: 0.0016571545052095683 Frac: 0.27005559968228754
Step: 38181 Walker: 27 Trial Log Prob: 533.8851920221534 Prob: 0.0019404498883084697 Frac: 0.26952475905616485
Step: 38836 Walker: 12 Trial Log Prob: 521.2562802252195 Prob: 5.485693632961815e-7 Frac: 0.26976677362195295
Number of steps: 39000 Acceptance Rate: 0.26764
Step: 39013 Walker: 41 Trial Log Prob: 544.4055761762291 Prob: 0.6336289613061543 Frac: 0.2589703588143526
Step: 39032 Walker: 2 Trial Log Prob: 549.9960524600813 Prob: 0.8034726214619513 Frac: 0.26417525773195877
Step: 39105 Walker: 9 Trial Log Prob: 537.6430555765403 Prob: 0.0009353941127369612 Frac: 0.2455365713188712
Step: 39267 Walker: 25 Trial Log Prob: 555.562542359242 Prob: 0.007383636966361662 Frac: 0.24810506566604126
Step: 39315 Walker: 37 Trial Log Prob: 518.2061248457085 Prob: 2.0212589833229807e-9 Frac: 0.24617144309588868
Step: 39345 Walker: 17 Trial Log Prob: 542.9041751610041 Prob: 0.22119032399833005 Frac: 0.2478945228553174
Step: 39366 Walker: 13 Trial Log Prob: 546.050918231022 Prob: 0.1368843679685862 Frac: 0.2478782237310409
Step: 39382 Walker: 29 Trial Log Prob: -Inf Prob: 0.0 Frac: 0.24865034855076262
Step: 39423 Walker: 28 Trial Log Prob: 518.8478736965171 Prob: 1.5033668141941964e-8 Frac: 0.24962135554714124
Step: 39524 Walker: 28 Trial Log Prob: 518.5044875931018 Prob: 9.560126502999105e-9 Frac: 0.2546795018718008
Step: 39791 Walker: 21 Trial Log Prob: 463.07919839096684 Prob: 7.137848478405408e-32 Frac: 0.2559145770602971
Step: 39966 Walker: 2 Trial Log Prob: 546.0157602254632 Prob: 0.027722272620708255 Frac: 0.2564453286910387
Number of steps: 40000 Acceptance Rate: 0.25628
Step: 40015 Walker: 25 Trial Log Prob: 548.366290959285 Prob: 0.9639328279610622 Frac: 0.2896551724137931
Step: 40390 Walker: 34 Trial Log Prob: 551.3770455628854 Prob: 0.12993007075151974 Frac: 0.2613426401149661
Step: 40399 Walker: 46 Trial Log Prob: 451.01640544425925 Prob: 4.956824128907273e-36 Frac: 0.2611049834553294
Step: 40578 Walker: 9 Trial Log Prob: 412.56714210038945 Prob: 2.7348376216636508e-49 Frac: 0.25905263522644584
Step: 40582 Walker: 19 Trial Log Prob: 536.7936875327584 Prob: 0.051896666072885775 Frac: 0.2592108431662596
Number of steps: 41000 Acceptance Rate: 0.25908
Step: 41003 Walker: 36 Trial Log Prob: 545.4522587936386 Prob: 0.5398136813305334 Frac: 0.2867647058823529
Step: 41715 Walker: 22 Trial Log Prob: 537.9500677520399 Prob: 0.06646858158583852 Frac: 0.2692738368512401
Number of steps: 42000 Acceptance Rate: 0.26832
Step: 42158 Walker: 30 Trial Log Prob: 530.757308488828 Prob: 0.00025766134045603274 Frac: 0.2572335025380711
Step: 42381 Walker: 39 Trial Log Prob: 524.0635886041275 Prob: 0.0005857922434380311 Frac: 0.2611481695467199
Step: 42415 Walker: 22 Trial Log Prob: 550.921268063607 Prob: 0.0020970460912701243 Frac: 0.2617507962551877
Step: 42628 Walker: 11 Trial Log Prob: 544.1204099482145 Prob: 0.19556378176152742 Frac: 0.2609291795542234
Step: 42645 Walker: 28 Trial Log Prob: 546.1533560542721 Prob: 0.41574680129563507 Frac: 0.2606739481196475
Step: 42652 Walker: 12 Trial Log Prob: 484.86821785765335 Prob: 3.8254147385756295e-22 Frac: 0.2604569743873226
Step: 42759 Walker: 9 Trial Log Prob: 547.2205787396014 Prob: 0.5189354340743293 Frac: 0.2611780843599145
Step: 42830 Walker: 23 Trial Log Prob: 547.1005680060431 Prob: 0.9226067538921803 Frac: 0.2620982325850553
Number of steps: 43000 Acceptance Rate: 0.26358
Step: 43292 Walker: 28 Trial Log Prob: -Inf Prob: 0.0 Frac: 0.26245026752640965
Step: 43349 Walker: 40 Trial Log Prob: 548.7399059029574 Prob: 0.7958052795201574 Frac: 0.26232798165137616
Step: 43731 Walker: 37 Trial Log Prob: 536.4889200250099 Prob: 0.005694547961150049 Frac: 0.2653474560035033
Number of steps: 44000 Acceptance Rate: 0.2633
Step: 44051 Walker: 23 Trial Log Prob: 548.9344432538531 Prob: 0.0004185478652225626 Frac: 0.2671422909235038
Step: 44564 Walker: 4 Trial Log Prob: 536.8046490648615 Prob: 0.0025635051613978922 Frac: 0.2581515948000284
Step: 44596 Walker: 13 Trial Log Prob: 546.4608290698875 Prob: 0.005296574666206479 Frac: 0.25844168934583206
Step: 44628 Walker: 47 Trial Log Prob: 544.4214087380483 Prob: 22.3758453029587 Frac: 0.2588782367742141
Number of steps: 45000 Acceptance Rate: 0.26032
Step: 45120 Walker: 16 Trial Log Prob: 535.524338881732 Prob: 1.5410712240345905e-5 Frac: 0.2604760308414348
Step: 45222 Walker: 16 Trial Log Prob: 515.0953494139721 Prob: 2.152445464995107e-13 Frac: 0.2603470088559552
Step: 45294 Walker: 4 Trial Log Prob: 535.3749103324487 Prob: 2.0323315176108516 Frac: 0.2596560666029753
Step: 45546 Walker: 20 Trial Log Prob: 527.7798613499059 Prob: 7.08444261976394e-6 Frac: 0.2558855885588559
Step: 45559 Walker: 30 Trial Log Prob: 539.1168919401509 Prob: 0.0003783372009792591 Frac: 0.25588972431077694
Step: 45761 Walker: 42 Trial Log Prob: 534.7144539348691 Prob: 0.10895078355813638 Frac: 0.25676883444613846
Step: 45805 Walker: 3 Trial Log Prob: 527.8611002947698 Prob: 4.817934432613497e-6 Frac: 0.256299281148173
Step: 45988 Walker: 35 Trial Log Prob: 549.597559803232 Prob: 2.414631775590053 Frac: 0.2590867672370153
Step: 45994 Walker: 13 Trial Log Prob: 542.5039240310269 Prob: 1.0528400722471662 Frac: 0.25900569840726495
Number of steps: 46000 Acceptance Rate: 0.25924
Step: 46017 Walker: 49 Trial Log Prob: 538.7795752149365 Prob: 0.042479967330124414 Frac: 0.28032979976442873
Step: 46243 Walker: 5 Trial Log Prob: -Inf Prob: 0.0 Frac: 0.2682362660057827
Step: 46271 Walker: 4 Trial Log Prob: 551.5408587325278 Prob: 0.0051983023938391975 Frac: 0.2672541469194313
Step: 46408 Walker: 35 Trial Log Prob: 539.7497700819151 Prob: 0.014658740392695283 Frac: 0.2656364974245769
Step: 46486 Walker: 20 Trial Log Prob: 526.4898624699549 Prob: 0.0012926551599578358 Frac: 0.2651009476720231
Step: 46660 Walker: 48 Trial Log Prob: 549.928335445323 Prob: 0.02702782528363142 Frac: 0.2673495363355355
Step: 46681 Walker: 22 Trial Log Prob: 539.7556031331586 Prob: 0.13018728027055976 Frac: 0.2670624889777203
Number of steps: 47000 Acceptance Rate: 0.26672
Step: 47354 Walker: 12 Trial Log Prob: 548.0915383432302 Prob: 0.002975232089621814 Frac: 0.2614086739893557
Step: 47696 Walker: 26 Trial Log Prob: 540.0098945015842 Prob: 0.28973622552498113 Frac: 0.2583965953531171
Number of steps: 48000 Acceptance Rate: 0.25724
Step: 48161 Walker: 13 Trial Log Prob: 547.2847508421127 Prob: 0.0032957978418856155 Frac: 0.26506926244852114
Step: 48280 Walker: 3 Trial Log Prob: 551.2517837527496 Prob: 0.33842286846774183 Frac: 0.2627391958718555
Step: 48713 Walker: 5 Trial Log Prob: 510.9506593508045 Prob: 4.1195915574028144e-12 Frac: 0.26431680943687685
Step: 48785 Walker: 6 Trial Log Prob: 544.4968963401504 Prob: 1.1086442001515588 Frac: 0.2640667244809468
Step: 48994 Walker: 43 Trial Log Prob: 544.9946083629658 Prob: 0.27209965228185923 Frac: 0.26408146016541567
Number of steps: 49000 Acceptance Rate: 0.26428
Step: 49178 Walker: 10 Trial Log Prob: 543.4138607969023 Prob: 0.6976874926754435 Frac: 0.2598194130925508
Step: 49655 Walker: 13 Trial Log Prob: 522.7212681772522 Prob: 2.3357338039644697e-6 Frac: 0.2607220371106288
Step: 49713 Walker: 6 Trial Log Prob: 547.1255204004343 Prob: 0.6509822425499505 Frac: 0.2596191653092175
Step: 49745 Walker: 2 Trial Log Prob: 551.2420057658651 Prob: 0.05278041022770324 Frac: 0.2595559378528036
Number of steps: 50000 Acceptance Rate: 0.26034
Burn-in Number (ends): 2622
Independent Sample Size: 2773.309161836329
1018.634464 seconds (91.17 M allocations: 534.578 GiB, 7.71% gc time)
