args = ["full", "60.0", "20", "ppmp"]
Initial parameters: [3.0e-6, 224.7007850516114, 2.4335037686073896e6, 0.01, 0.01, 3.0e-6, 365.25632980544844, 2.433624408784467e6, 0.01, 0.01]
Initial chi-square: 201.65104817074592
Finished 2-planet fit: [3.970627255278439e-6, 224.70077624745971, 2.433503768722877e6, -0.05510922617771621, -0.01568080369530852, 2.5442602278871664e-6, 365.25635810142313, 2.4336244085652884e6, -0.028390736426278047, -0.01228352233557266]
New 2-planet chi-square: 133.53559741818864
Finished 3-planet fit w/ fixed period: [5.013613865244974e-6, 224.70077391985987, 2.433503768731269e6, 0.004914908976452325, 0.0036661701446431506, 2.847789849702042e-6, 365.25632610947804, 2.4336244089731188e6, 0.023277674992849634, 0.0031223481218374386, 0.0018722113058661169, 5186.55, 2.4396098748414195e6, 0.0529151772776672, -0.013070973284588193]
Finished global 3-planet fit.
New 3-planet chi-square: 54.14157125836238
Maximum: -103.78165995338782 Param: [5.068805340145062e-6, 224.70077331989097, 2.433503768741161e6, 0.00590294304840679, 0.0025812426531203136, 2.8487073022202882e-6, 365.256321228461, 2.4336244090148383e6, 0.02406392758337808, 0.0022579459305583937, 0.0018888335764504624, 5234.503373576927, 2.439642419271686e6, 0.051719638176655584, -0.012701499131314666]
Finished lunar search.
3-planet lunar chi-square: 50.17219982950755
Maximum: -101.80198821113125 Param: [2.1634582876126404e-6, 224.70077748981214, 2.4335037686690884e6, -0.003916056052132133, 0.010710581803468492, 2.8384415722991054e-6, 365.2563713807444, 2.433624408503557e6, 0.011443733172816826, 0.009110424477323029, 0.001504613562323564, 4792.548625595135, 2.4393629389707376e6, 0.05796852844129646, -0.01828938708914769, 0.0001566293134181977, -0.001747699467149818, 2.3215900313100626]
1470.349214 seconds (597.92 M allocations: 59.843 GiB, 0.64% gc time)
Step: 173 Walker: 37 Trial Log Prob: 374.91252474758613 Prob: 0.7888236448330161 Frac: 0.29651499363204814
Step: 403 Walker: 4 Trial Log Prob: 359.8823144161766 Prob: 0.04977153513719498 Frac: 0.29705531237564664
Step: 419 Walker: 9 Trial Log Prob: 330.68900999810614 Prob: 7.530754610273762e-11 Frac: 0.2970012913099622
Number of steps: 1000 Acceptance Rate: 0.28802
Step: 1155 Walker: 43 Trial Log Prob: 375.58947295530015 Prob: 0.00030147726676108054 Frac: 0.27469972878729176
Step: 1522 Walker: 28 Trial Log Prob: 366.96142572906945 Prob: 0.0005186306902480258 Frac: 0.2697292737173096
Step: 1550 Walker: 25 Trial Log Prob: 343.27804532759495 Prob: 2.140458192386681e-6 Frac: 0.26955414012738854
Step: 1551 Walker: 21 Trial Log Prob: 370.9555353320978 Prob: 0.00435990067568056 Frac: 0.26961229606482323
Number of steps: 2000 Acceptance Rate: 0.26882
Step: 2427 Walker: 50 Trial Log Prob: 322.39484269935605 Prob: 1.62858225642567e-15 Frac: 0.26332552693208433
Step: 2541 Walker: 50 Trial Log Prob: 336.7007493450022 Prob: 2.958664760689649e-8 Frac: 0.2609611829944547
Step: 2734 Walker: 42 Trial Log Prob: 330.62502756960913 Prob: 1.3303874652448667e-9 Frac: 0.25700425160797996
Step: 2862 Walker: 9 Trial Log Prob: 300.09384785359407 Prob: 4.296025241758009e-24 Frac: 0.2562530481432453
Number of steps: 3000 Acceptance Rate: 0.25472
Step: 3123 Walker: 43 Trial Log Prob: 362.0868109091528 Prob: 0.0009957114647643722 Frac: 0.24238971186716587
Step: 3156 Walker: 19 Trial Log Prob: 365.53257424206714 Prob: 0.7768581886244459 Frac: 0.24198738576393358
Step: 3501 Walker: 12 Trial Log Prob: 371.4124740224485 Prob: 1.0556326092482113 Frac: 0.24172397249320327
Step: 3513 Walker: 27 Trial Log Prob: 358.12850620648413 Prob: 0.0024192004519800886 Frac: 0.24259569984781676
Step: 3525 Walker: 17 Trial Log Prob: 351.55024320838174 Prob: 0.002288440954511776 Frac: 0.24262882862264942
Step: 3854 Walker: 50 Trial Log Prob: 317.1728028728867 Prob: 1.007812694364322e-16 Frac: 0.24379391100702577
Step: 3941 Walker: 23 Trial Log Prob: 358.12027366184464 Prob: 0.02010099591571161 Frac: 0.24424217935903705
Number of steps: 4000 Acceptance Rate: 0.24432
Step: 4026 Walker: 27 Trial Log Prob: 367.0331939776216 Prob: 0.022600170453786535 Frac: 0.2638997650743931
Step: 4037 Walker: 9 Trial Log Prob: 368.7172795435258 Prob: 2.236158277280785 Frac: 0.2603648424543947
Step: 4373 Walker: 27 Trial Log Prob: -Inf Prob: 0.0 Frac: 0.24550383851398508
Step: 4441 Walker: 6 Trial Log Prob: 289.9875282312264 Prob: 6.046312250263416e-27 Frac: 0.24393347268926657
Step: 4722 Walker: 4 Trial Log Prob: 354.4833361371774 Prob: 0.0009663008240795071 Frac: 0.24263604593110336
Step: 4927 Walker: 5 Trial Log Prob: 370.23008302931714 Prob: 0.07407487258292089 Frac: 0.24347262714609652
Step: 4981 Walker: 44 Trial Log Prob: 288.88082011633577 Prob: 5.569120060910184e-28 Frac: 0.24247614387080987
Number of steps: 5000 Acceptance Rate: 0.24198
Step: 5091 Walker: 18 Trial Log Prob: -Inf Prob: 0.0 Frac: 0.23550243470562196
Step: 5418 Walker: 31 Trial Log Prob: 371.830550431275 Prob: 0.3047224206081706 Frac: 0.23758440687706528
Step: 5454 Walker: 22 Trial Log Prob: 348.5924926225924 Prob: 0.0007671080631568822 Frac: 0.23619442484121383
Step: 5480 Walker: 17 Trial Log Prob: -Inf Prob: 0.0 Frac: 0.23661701506237742
Step: 5522 Walker: 39 Trial Log Prob: 367.88375972570935 Prob: 1.05892531625482 Frac: 0.23465828510100042
Step: 5537 Walker: 48 Trial Log Prob: 363.9499321988938 Prob: 0.33706414355744274 Frac: 0.23439362336114422
Step: 5671 Walker: 28 Trial Log Prob: 361.3385136591784 Prob: 0.7143818465042899 Frac: 0.23410283941780005
Step: 5809 Walker: 18 Trial Log Prob: 334.32460510002403 Prob: 4.671774641666375e-8 Frac: 0.23588500173190163
Number of steps: 6000 Acceptance Rate: 0.2391
Step: 6363 Walker: 8 Trial Log Prob: 367.18254474771686 Prob: 1.9881995421731504 Frac: 0.24099845372211176
Step: 6637 Walker: 45 Trial Log Prob: 357.3523173829471 Prob: 0.31206956725540447 Frac: 0.24440257497252316
Number of steps: 7000 Acceptance Rate: 0.24296
Step: 7643 Walker: 26 Trial Log Prob: 369.51266138691454 Prob: 0.0033874054906788075 Frac: 0.2409886073585258
Step: 7705 Walker: 15 Trial Log Prob: 360.212489917762 Prob: 0.027099521261117702 Frac: 0.24066448956410622
Step: 7777 Walker: 14 Trial Log Prob: 367.5657471223251 Prob: 1.0019022965186744 Frac: 0.241742670170557
Step: 7905 Walker: 2 Trial Log Prob: 356.060702922774 Prob: 0.004886990138750219 Frac: 0.24036547055440025
Step: 7965 Walker: 31 Trial Log Prob: 369.6683555789433 Prob: 1.1270987018940697 Frac: 0.2396176732806701
Number of steps: 8000 Acceptance Rate: 0.23942
Step: 8061 Walker: 25 Trial Log Prob: 372.68740923013405 Prob: 9.220772117025496e-5 Frac: 0.22181818181818183
Step: 8120 Walker: 24 Trial Log Prob: -Inf Prob: 0.0 Frac: 0.2301640441914965
Step: 8211 Walker: 28 Trial Log Prob: 331.59547840146746 Prob: 6.8911263544431355e-15 Frac: 0.22853343465045592
Step: 8382 Walker: 45 Trial Log Prob: 362.1625265979804 Prob: 0.11759211123644488 Frac: 0.22618486514794447
Step: 8856 Walker: 16 Trial Log Prob: 342.40045540588517 Prob: 7.335433651683801e-7 Frac: 0.22613758593275032
Step: 8918 Walker: 10 Trial Log Prob: 374.606874346518 Prob: 0.004980053892878454 Frac: 0.22714784125599652
Step: 8945 Walker: 30 Trial Log Prob: 359.7800183978771 Prob: 0.2567120738448744 Frac: 0.2268049968240525
Step: 8986 Walker: 29 Trial Log Prob: 371.28224408099464 Prob: 0.9929539154763517 Frac: 0.2255727591874835
Number of steps: 9000 Acceptance Rate: 0.22596
Step: 9090 Walker: 5 Trial Log Prob: 323.9670898488198 Prob: 1.133095457307663e-14 Frac: 0.22514029180695846
Step: 9250 Walker: 5 Trial Log Prob: 338.6353239809299 Prob: 4.0788036001756375e-6 Frac: 0.2225612203934163
Step: 9709 Walker: 18 Trial Log Prob: -Inf Prob: 0.0 Frac: 0.21785532779942401
Step: 9917 Walker: 32 Trial Log Prob: 367.17060437571115 Prob: 0.8448043274469176 Frac: 0.21489352417524873
Number of steps: 10000 Acceptance Rate: 0.21328
Step: 10229 Walker: 30 Trial Log Prob: 366.83617887162717 Prob: 0.8777589518573493 Frac: 0.20551181102362204
Step: 10285 Walker: 23 Trial Log Prob: 364.7998258216746 Prob: 3.7313230746394423e-6 Frac: 0.20649651972157773
Step: 10434 Walker: 29 Trial Log Prob: 369.9577705815452 Prob: 1.051055200686317 Frac: 0.1978412288389686
Step: 10535 Walker: 6 Trial Log Prob: 367.33086006754206 Prob: 0.9671363108497649 Frac: 0.19924361566689133
Step: 10845 Walker: 27 Trial Log Prob: 370.5547216931148 Prob: 2.227235144687802 Frac: 0.19539631041750538
Number of steps: 11000 Acceptance Rate: 0.19574
Step: 11141 Walker: 31 Trial Log Prob: 357.62544863423386 Prob: 0.7247586071963351 Frac: 0.20893187313326697
Step: 11183 Walker: 36 Trial Log Prob: 352.03142149795315 Prob: 2.3368380705927324e-13 Frac: 0.21311295971978983
Number of steps: 12000 Acceptance Rate: 0.20386
Step: 12185 Walker: 23 Trial Log Prob: 373.2933389583378 Prob: 0.26663782119454693 Frac: 0.18844193863168165
Step: 12316 Walker: 13 Trial Log Prob: -Inf Prob: 0.0 Frac: 0.18860622977859545
Step: 12338 Walker: 9 Trial Log Prob: 365.07552630564913 Prob: 1.288906268496636e-8 Frac: 0.19010617474346048
Step: 12400 Walker: 9 Trial Log Prob: 367.35132840411205 Prob: 1.1154184350581176 Frac: 0.1915927651685956
Step: 12667 Walker: 50 Trial Log Prob: -Inf Prob: 0.0 Frac: 0.19187406296851575
Number of steps: 13000 Acceptance Rate: 0.19482
Step: 13315 Walker: 42 Trial Log Prob: 367.07271585860997 Prob: 0.9270853290547071 Frac: 0.19864057934188795
Step: 13317 Walker: 10 Trial Log Prob: 355.9226324742949 Prob: 0.3416815413986657 Frac: 0.19860847564832385
Step: 13665 Walker: 32 Trial Log Prob: 372.6346940172068 Prob: 0.014768175135701557 Frac: 0.19613625421280692
Step: 13721 Walker: 31 Trial Log Prob: -Inf Prob: 0.0 Frac: 0.1946934584108129
Number of steps: 14000 Acceptance Rate: 0.188
Step: 14344 Walker: 21 Trial Log Prob: 356.1074715663843 Prob: 8.068331222945101e-5 Frac: 0.18164346863898434
Step: 14433 Walker: 25 Trial Log Prob: 375.94973787305395 Prob: 0.11051331131190685 Frac: 0.18279768786127168
Step: 14579 Walker: 50 Trial Log Prob: 150.49709119555513 Prob: 2.0144196026149837e-90 Frac: 0.1826943005181347
Step: 14797 Walker: 49 Trial Log Prob: 370.5693315439836 Prob: 0.5987870260559667 Frac: 0.17987904338879268
Step: 14847 Walker: 34 Trial Log Prob: 367.40708578647303 Prob: 0.13298183719578707 Frac: 0.1794774885434875
Number of steps: 15000 Acceptance Rate: 0.17934
Step: 15301 Walker: 25 Trial Log Prob: 366.52494926128594 Prob: 0.38954956694186454 Frac: 0.17590682196339436
Step: 15331 Walker: 46 Trial Log Prob: 323.91441024701055 Prob: 1.6994505629126133e-17 Frac: 0.17551069744953463
Step: 15442 Walker: 48 Trial Log Prob: -Inf Prob: 0.0 Frac: 0.17512897094759708
Step: 15619 Walker: 7 Trial Log Prob: 358.8200535178895 Prob: 1.5123976719997252 Frac: 0.1756236451289352
Step: 15702 Walker: 33 Trial Log Prob: -Inf Prob: 0.0 Frac: 0.17752187669241512
Step: 15865 Walker: 31 Trial Log Prob: 362.7532852047529 Prob: 0.6690680291343091 Frac: 0.1781823228701626
Step: 15943 Walker: 11 Trial Log Prob: 309.09995494243447 Prob: 4.170642928682893e-21 Frac: 0.1787268366198977
Number of steps: 16000 Acceptance Rate: 0.1793
Step: 16195 Walker: 17 Trial Log Prob: 368.9483995988601 Prob: 0.0035572163672925408 Frac: 0.1695996706802511
Step: 16291 Walker: 10 Trial Log Prob: 362.073076074499 Prob: 1.0582168416265443 Frac: 0.168986905582357
Step: 16343 Walker: 39 Trial Log Prob: -Inf Prob: 0.0 Frac: 0.17007993465196336
Step: 16453 Walker: 28 Trial Log Prob: 359.29847054267873 Prob: 1.009262091527942e-5 Frac: 0.16859642920275764
Step: 16506 Walker: 49 Trial Log Prob: -Inf Prob: 0.0 Frac: 0.1682279932013123
Step: 16726 Walker: 27 Trial Log Prob: 367.7018333876192 Prob: 0.015841962738071518 Frac: 0.16936350855914215
Step: 16745 Walker: 49 Trial Log Prob: 374.8237187439835 Prob: 0.002116967647096918 Frac: 0.16953475261080833
Step: 16762 Walker: 40 Trial Log Prob: 261.15945866699633 Prob: 2.898355622960197e-36 Frac: 0.16965082698871095
Number of steps: 17000 Acceptance Rate: 0.1709
Step: 17483 Walker: 26 Trial Log Prob: 354.75116727098253 Prob: 0.00046911000592883095 Frac: 0.17611705214291637
Step: 17515 Walker: 32 Trial Log Prob: -Inf Prob: 0.0 Frac: 0.17565676978081765
Step: 17789 Walker: 35 Trial Log Prob: 287.6654134082495 Prob: 1.3831882536411097e-28 Frac: 0.17357677190313173
Number of steps: 18000 Acceptance Rate: 0.17134
Step: 18329 Walker: 14 Trial Log Prob: 365.49928010318376 Prob: 0.1847303426181557 Frac: 0.16705251614475447
Step: 18489 Walker: 5 Trial Log Prob: 358.1263713380853 Prob: 0.2292708889238732 Frac: 0.16750665847162466
Step: 18549 Walker: 5 Trial Log Prob: 366.7023476073788 Prob: 0.00038595854066349693 Frac: 0.16898376208721036
Step: 18949 Walker: 28 Trial Log Prob: 357.23722776984334 Prob: 0.9665723376103649 Frac: 0.17122796660200726
Number of steps: 19000 Acceptance Rate: 0.17122
Number of steps: 20000 Acceptance Rate: 0.16388
Step: 20029 Walker: 43 Trial Log Prob: 336.864319108857 Prob: 2.2704841839908953e-12 Frac: 0.16562716562716562
Step: 20065 Walker: 20 Trial Log Prob: -Inf Prob: 0.0 Frac: 0.17173913043478262
Step: 20065 Walker: 22 Trial Log Prob: 269.8169124392965 Prob: 1.289121746613768e-35 Frac: 0.17163252638112975
Step: 20939 Walker: 41 Trial Log Prob: 309.95317556141737 Prob: 7.540643296155171e-26 Frac: 0.17283398308514944
Step: 20964 Walker: 16 Trial Log Prob: 336.7567812493883 Prob: 2.343999412698379e-11 Frac: 0.17292280862018852
Step: 20971 Walker: 31 Trial Log Prob: 369.4631316629459 Prob: 0.014768378429723934 Frac: 0.172982217551668
Number of steps: 21000 Acceptance Rate: 0.1731
Step: 21018 Walker: 7 Trial Log Prob: 371.4942263232967 Prob: 0.33429389721849473 Frac: 0.17152858809801633
Step: 21039 Walker: 3 Trial Log Prob: 345.01274410642657 Prob: 0.022494033122761097 Frac: 0.17183394640042038
Step: 21245 Walker: 31 Trial Log Prob: 368.91839714281855 Prob: 7.204635380385116e-5 Frac: 0.17292126563649743
Step: 21284 Walker: 15 Trial Log Prob: 362.335338674734 Prob: 0.6247398658338273 Frac: 0.17303212142605012
Step: 21445 Walker: 30 Trial Log Prob: 362.36578748906 Prob: 0.6957297759709405 Frac: 0.17359424201529464
Step: 21533 Walker: 16 Trial Log Prob: 325.61367116752047 Prob: 6.266563988974756e-18 Frac: 0.17557108506161706
Step: 21772 Walker: 32 Trial Log Prob: 326.32860269508944 Prob: 8.098202794318472e-11 Frac: 0.1733191643771707
Step: 21819 Walker: 27 Trial Log Prob: 359.86991887246296 Prob: 0.36838571033832546 Frac: 0.17233122388643193
Number of steps: 22000 Acceptance Rate: 0.1725
Step: 22022 Walker: 15 Trial Log Prob: 359.3200323919955 Prob: 0.011617275011176494 Frac: 0.1812206572769953
Step: 22384 Walker: 9 Trial Log Prob: 370.5009014583192 Prob: 0.0035338801843239473 Frac: 0.1752701080432173
Step: 22537 Walker: 49 Trial Log Prob: 363.8655608853792 Prob: 0.00038783308718130425 Frac: 0.17475511192223175
Step: 22570 Walker: 12 Trial Log Prob: 368.48596750754575 Prob: 1.3242027066246687 Frac: 0.17482959735788067
Step: 22628 Walker: 38 Trial Log Prob: 374.35505320932697 Prob: 0.009606266318229957 Frac: 0.17344207977571047
Step: 22652 Walker: 35 Trial Log Prob: 369.6635567678842 Prob: 0.9456804819458314 Frac: 0.17323922050023016
Step: 22870 Walker: 11 Trial Log Prob: 353.2276404488369 Prob: 2.6719601103701273e-8 Frac: 0.1731897563332643
Step: 22984 Walker: 23 Trial Log Prob: 367.21650724649555 Prob: 1.3571028078734956e-5 Frac: 0.17233034388790597
Number of steps: 23000 Acceptance Rate: 0.17218
Step: 23126 Walker: 8 Trial Log Prob: 360.02253977645654 Prob: 0.02409611994455697 Frac: 0.1714605305209332
Step: 23145 Walker: 19 Trial Log Prob: 365.19358522380674 Prob: 0.002639755838992205 Frac: 0.16982961629034493
Step: 23168 Walker: 45 Trial Log Prob: 357.19794482322243 Prob: 5.075163931533535e-9 Frac: 0.16926742108397855
Step: 23213 Walker: 6 Trial Log Prob: 370.6310881172289 Prob: 0.09411941936098601 Frac: 0.16999811427493872
Step: 23223 Walker: 40 Trial Log Prob: 233.66308177831934 Prob: 1.2318848594989057e-50 Frac: 0.17055655296229802
Step: 23265 Walker: 32 Trial Log Prob: 365.0504752514368 Prob: 0.3976877703148943 Frac: 0.1695888754534462
Step: 23331 Walker: 25 Trial Log Prob: 364.5490366462061 Prob: 0.5111778798732848 Frac: 0.17046898638426627
Step: 23527 Walker: 25 Trial Log Prob: 367.10539101006356 Prob: 1.1238499998300115 Frac: 0.165318138651472
Step: 23666 Walker: 35 Trial Log Prob: 367.43880398277133 Prob: 0.07305866130912013 Frac: 0.16650142706925042
Step: 23860 Walker: 50 Trial Log Prob: -Inf Prob: 0.0 Frac: 0.16834883720930233
Step: 23988 Walker: 28 Trial Log Prob: 354.05808344300624 Prob: 0.057678038552305584 Frac: 0.17039977317833854
Number of steps: 24000 Acceptance Rate: 0.1705
Step: 24493 Walker: 10 Trial Log Prob: 176.83226412849865 Prob: 9.863582504126627e-83 Frac: 0.17444128403088174
Step: 24828 Walker: 10 Trial Log Prob: -Inf Prob: 0.0 Frac: 0.17101063829787233
Step: 24856 Walker: 39 Trial Log Prob: 367.51305081342383 Prob: 1.941018525594523e-5 Frac: 0.17088504054780435
Number of steps: 25000 Acceptance Rate: 0.17098
Step: 25048 Walker: 9 Trial Log Prob: 375.3163508031357 Prob: 0.5169065334675972 Frac: 0.16362865621025857
Step: 25270 Walker: 31 Trial Log Prob: 346.8847288696163 Prob: 4.858538482749256e-5 Frac: 0.16067057339959945
Step: 25325 Walker: 23 Trial Log Prob: 347.1023166804707 Prob: 0.0005189224104711174 Frac: 0.16223879677001787
Step: 25711 Walker: 14 Trial Log Prob: 362.1867184741316 Prob: 0.1407010954570486 Frac: 0.16159824294644365
Step: 25735 Walker: 20 Trial Log Prob: -Inf Prob: 0.0 Frac: 0.16206427015250544
Step: 25887 Walker: 46 Trial Log Prob: 329.34057097714356 Prob: 4.170320329832568e-14 Frac: 0.16078113020340054
Step: 25906 Walker: 10 Trial Log Prob: 320.2722029938759 Prob: 5.018950678570039e-16 Frac: 0.16042863455589926
Step: 25951 Walker: 19 Trial Log Prob: 319.5103911262488 Prob: 2.2413911512669603e-22 Frac: 0.16020960037037815
Step: 25985 Walker: 8 Trial Log Prob: 282.6413757595698 Prob: 1.6779443234974556e-32 Frac: 0.1596691594862624
Number of steps: 26000 Acceptance Rate: 0.15988
Step: 26061 Walker: 50 Trial Log Prob: -Inf Prob: 0.0 Frac: 0.16229508196721312
Step: 26292 Walker: 17 Trial Log Prob: 362.3714724496804 Prob: 0.3680201885962352 Frac: 0.15761653051417587
Step: 26921 Walker: 7 Trial Log Prob: 368.74895024502416 Prob: 0.4309935959358627 Frac: 0.14791227421914058
Number of steps: 27000 Acceptance Rate: 0.1486
Step: 27364 Walker: 25 Trial Log Prob: -Inf Prob: 0.0 Frac: 0.15356258596973865
Step: 27401 Walker: 11 Trial Log Prob: 370.47274370515004 Prob: 4.354940304516281e-5 Frac: 0.15351556643845884
Step: 27711 Walker: 48 Trial Log Prob: -Inf Prob: 0.0 Frac: 0.15013502869359738
Step: 27834 Walker: 43 Trial Log Prob: 372.9959663148714 Prob: 0.2038290407656921 Frac: 0.15124841100424533
Step: 27852 Walker: 26 Trial Log Prob: 352.0768304571216 Prob: 1.1782302452732883e-8 Frac: 0.15165821119879744
Number of steps: 28000 Acceptance Rate: 0.15302
Step: 28382 Walker: 18 Trial Log Prob: 350.81856499615157 Prob: 1.5402649183344836e-5 Frac: 0.16761065659744073
Step: 28528 Walker: 34 Trial Log Prob: 372.30543456638054 Prob: 0.0008390588257427874 Frac: 0.16657822922983626
Step: 28736 Walker: 26 Trial Log Prob: -Inf Prob: 0.0 Frac: 0.16467261257341745
Step: 28775 Walker: 34 Trial Log Prob: 342.09199063013057 Prob: 8.047087489198388e-9 Frac: 0.163835390096556
Number of steps: 29000 Acceptance Rate: 0.16366
Step: 29116 Walker: 29 Trial Log Prob: 318.2000361083102 Prob: 4.1227913726865035e-12 Frac: 0.156428447828344
Step: 29359 Walker: 18 Trial Log Prob: 312.86469834565094 Prob: 7.772348701904322e-18 Frac: 0.15280723295010604
Step: 29485 Walker: 35 Trial Log Prob: 368.3998676224355 Prob: 0.003158755472766995 Frac: 0.15040231070765422
Step: 29783 Walker: 40 Trial Log Prob: 365.22298875537143 Prob: 0.0019899920287958896 Frac: 0.14872253449156872
Step: 29893 Walker: 11 Trial Log Prob: 347.2047643215037 Prob: 0.0014336905089196033 Frac: 0.14857322185111296
Step: 29983 Walker: 26 Trial Log Prob: 365.9554531986105 Prob: 0.581728289188872 Frac: 0.1482921467247486
Number of steps: 30000 Acceptance Rate: 0.14788
Step: 30390 Walker: 20 Trial Log Prob: 333.0250998909429 Prob: 6.6801621906178926e-18 Frac: 0.13143297380585517
Step: 30719 Walker: 31 Trial Log Prob: 356.06308280811606 Prob: 0.00033688907191567724 Frac: 0.129971333945618
Step: 30726 Walker: 8 Trial Log Prob: 360.0169992445111 Prob: 1.375019136271958e-9 Frac: 0.12981962601356942
Number of steps: 31000 Acceptance Rate: 0.12892
Step: 31025 Walker: 36 Trial Log Prob: 321.17337760607427 Prob: 3.002645872189154e-17 Frac: 0.11488673139158576
Step: 31301 Walker: 20 Trial Log Prob: 242.75418378626773 Prob: 6.743556845779814e-50 Frac: 0.11984021304926765
Step: 31329 Walker: 2 Trial Log Prob: 363.7206720583155 Prob: 0.03827360623410748 Frac: 0.12004633581270577
Step: 31398 Walker: 21 Trial Log Prob: 261.51728939140804 Prob: 6.917559097846022e-47 Frac: 0.12138291983292235
Step: 31445 Walker: 46 Trial Log Prob: 289.0603414575314 Prob: 2.857286447441607e-30 Frac: 0.12222422008450957
Step: 31517 Walker: 34 Trial Log Prob: 364.6485332932867 Prob: 6.376047560820671e-5 Frac: 0.12344197569094992
Number of steps: 32000 Acceptance Rate: 0.12232
Step: 32009 Walker: 4 Trial Log Prob: 345.24206199600906 Prob: 2.745503416107596e-11 Frac: 0.10148514851485149
Step: 32320 Walker: 26 Trial Log Prob: 186.04050205987815 Prob: 2.1749708300553228e-74 Frac: 0.12149474211316975
Step: 32416 Walker: 1 Trial Log Prob: -1.2217304580136682e8 Prob: 0.0 Frac: 0.12042793118403933
Step: 32479 Walker: 24 Trial Log Prob: 177.29779367127924 Prob: 8.063314313449116e-71 Frac: 0.1200050158836315
Step: 32558 Walker: 15 Trial Log Prob: 353.0284893926453 Prob: 1.7056167870283318e-5 Frac: 0.11896644536156468
Number of steps: 33000 Acceptance Rate: 0.11664
Step: 33007 Walker: 34 Trial Log Prob: 333.3049895687613 Prob: 5.0425532957682595e-12 Frac: 0.12874251497005987
Step: 33500 Walker: 5 Trial Log Prob: -243386.62728792548 Prob: 0.0 Frac: 0.1209376878381086
Step: 33500 Walker: 29 Trial Log Prob: 279.38557172892735 Prob: 8.837127989828642e-35 Frac: 0.12090155730813884
Step: 33915 Walker: 23 Trial Log Prob: -Inf Prob: 0.0 Frac: 0.12129562802090851
Step: 33985 Walker: 27 Trial Log Prob: 358.4331239493873 Prob: 2.386395609956537 Frac: 0.120888943059703
Number of steps: 34000 Acceptance Rate: 0.1208
Step: 34146 Walker: 18 Trial Log Prob: 239.1689280947682 Prob: 6.343585492064564e-48 Frac: 0.12039075399009357
Step: 34196 Walker: 41 Trial Log Prob: 342.5515046407603 Prob: 1.5876009276197155e-6 Frac: 0.11837401695434582
Step: 34199 Walker: 47 Trial Log Prob: 362.99125543363095 Prob: 0.718670539948768 Frac: 0.11812606816125465
Step: 34268 Walker: 3 Trial Log Prob: 362.51365248864556 Prob: 0.11914837832001668 Frac: 0.11532988841458848
Step: 34487 Walker: 13 Trial Log Prob: 360.8968317608968 Prob: 2.2778989546860533e-9 Frac: 0.11520585694895735
Step: 34807 Walker: 24 Trial Log Prob: 192.04873626499622 Prob: 1.3752923362429295e-66 Frac: 0.11539033826009325
Step: 34920 Walker: 16 Trial Log Prob: 343.9608099029064 Prob: 1.329900865692908 Frac: 0.11510681808293086
Number of steps: 35000 Acceptance Rate: 0.11506
Step: 35036 Walker: 12 Trial Log Prob: 363.4160555825725 Prob: 0.45504406774630546 Frac: 0.10045402951191827
Step: 35149 Walker: 33 Trial Log Prob: 350.2379325367701 Prob: 0.01973010087514731 Frac: 0.11085698910265035
Step: 35212 Walker: 6 Trial Log Prob: 212.00532845308862 Prob: 3.849224329835241e-65 Frac: 0.11140583554376658
Step: 35252 Walker: 9 Trial Log Prob: 361.6843013550298 Prob: 0.43830695762412525 Frac: 0.10908511824189825
Step: 35407 Walker: 5 Trial Log Prob: 362.6534198212989 Prob: 1.1295826646491781e-7 Frac: 0.10898793400640236
Step: 35548 Walker: 20 Trial Log Prob: 312.62618364366887 Prob: 2.471082283966033e-11 Frac: 0.10887833394227256
Number of steps: 36000 Acceptance Rate: 0.10912
Step: 36027 Walker: 22 Trial Log Prob: 356.1514063934965 Prob: 0.09152813594377536 Frac: 0.10665658093797277
Step: 36176 Walker: 20 Trial Log Prob: 336.11763870397715 Prob: 2.42219809234393e-5 Frac: 0.11106043329532497
Step: 36317 Walker: 7 Trial Log Prob: 346.3666005000969 Prob: 1.0408912665108898e-18 Frac: 0.10893907762383755
Step: 36442 Walker: 39 Trial Log Prob: 351.5349248513264 Prob: 0.0003863750703132224 Frac: 0.10715740866494636
Step: 36563 Walker: 50 Trial Log Prob: 347.5379084604455 Prob: 0.005898520725702126 Frac: 0.10600355239786856
Step: 36892 Walker: 20 Trial Log Prob: 354.97219037719424 Prob: 0.31992265366850375 Frac: 0.10617006955351133
Step: 36945 Walker: 43 Trial Log Prob: 342.42199691167195 Prob: 1.3743621706299898e-8 Frac: 0.10642846559278624
Number of steps: 37000 Acceptance Rate: 0.10668
Step: 37114 Walker: 48 Trial Log Prob: 356.8288475148297 Prob: 0.03417492737324862 Frac: 0.10336960336960337
Step: 37124 Walker: 34 Trial Log Prob: 331.46266080991415 Prob: 8.781917981773969e-21 Frac: 0.10397800776196636
Step: 37436 Walker: 22 Trial Log Prob: 362.3194562656299 Prob: 0.5612358467622319 Frac: 0.10444607753077347
Step: 37467 Walker: 26 Trial Log Prob: -Inf Prob: 0.0 Frac: 0.10348966818142845
Step: 37643 Walker: 31 Trial Log Prob: 325.5560067138322 Prob: 6.852443130971385e-19 Frac: 0.10208210139740438
Step: 37690 Walker: 36 Trial Log Prob: 218.93811097932746 Prob: 9.129050874557045e-60 Frac: 0.10137447079974482
Step: 37794 Walker: 41 Trial Log Prob: 328.7565019968027 Prob: 3.4764075914474415e-11 Frac: 0.10080370864931597
Number of steps: 38000 Acceptance Rate: 0.10004
Step: 38194 Walker: 27 Trial Log Prob: 363.0281725105417 Prob: 0.08101240362349485 Frac: 0.09651751575901622
Step: 38594 Walker: 3 Trial Log Prob: -Inf Prob: 0.0 Frac: 0.09931541496644522
Step: 38898 Walker: 13 Trial Log Prob: 149.5079082299484 Prob: 1.288033410169769e-91 Frac: 0.09905712948309298
Number of steps: 39000 Acceptance Rate: 0.09996
Step: 39087 Walker: 16 Trial Log Prob: 339.5044327163585 Prob: 9.046426655112595e-5 Frac: 0.0989341983317887
Step: 39304 Walker: 6 Trial Log Prob: 337.1610007188814 Prob: 6.175364177497903e-16 Frac: 0.09685932963842703
Step: 39337 Walker: 37 Trial Log Prob: 346.87376081847435 Prob: 1.3402922282512307e-14 Frac: 0.09615727267327909
Step: 39415 Walker: 17 Trial Log Prob: 244.8115701112016 Prob: 3.0063310220821184e-46 Frac: 0.09547714437418545
Step: 39629 Walker: 11 Trial Log Prob: 350.3028904283311 Prob: 0.00025647209316436955 Frac: 0.0950304033618796
Step: 39632 Walker: 30 Trial Log Prob: 372.25660784144867 Prob: 0.5046781774166818 Frac: 0.09509183027232426
Step: 39673 Walker: 32 Trial Log Prob: 355.9415521017878 Prob: 7.958704631639355e-13 Frac: 0.09568268315889629
Step: 39995 Walker: 34 Trial Log Prob: 363.12931268444476 Prob: 1.15522998691354 Frac: 0.0983632927172558
Number of steps: 40000 Acceptance Rate: 0.0983
Step: 40088 Walker: 20 Trial Log Prob: 279.9711334198157 Prob: 1.64216553980762e-30 Frac: 0.09633867276887872
Step: 40369 Walker: 47 Trial Log Prob: 354.5679861916257 Prob: 2.6957112363349354e-14 Frac: 0.10012468152003036
Step: 40802 Walker: 42 Trial Log Prob: 317.9512633654184 Prob: 4.2138915886339976e-19 Frac: 0.09732614985533274
Step: 40817 Walker: 19 Trial Log Prob: 354.7235528512394 Prob: 0.00019255450679927957 Frac: 0.09728312795511894
Step: 40859 Walker: 42 Trial Log Prob: -46.99243556589957 Prob: 1.949209622119861e-176 Frac: 0.09727073727353173
Step: 40924 Walker: 20 Trial Log Prob: 317.8952868732966 Prob: 3.3543317858409718e-18 Frac: 0.09779077322936972
Number of steps: 41000 Acceptance Rate: 0.09904
Step: 41197 Walker: 42 Trial Log Prob: 363.79522483024124 Prob: 3.147123733454655e-6 Frac: 0.09571225360699046
Step: 41524 Walker: 37 Trial Log Prob: 359.1273089478777 Prob: 9.689407531839475e-11 Frac: 0.09455073127887884
Step: 41821 Walker: 43 Trial Log Prob: -Inf Prob: 0.0 Frac: 0.09636235167994542
Step: 41832 Walker: 17 Trial Log Prob: 347.60166041004493 Prob: 3.2089400852222916e-10 Frac: 0.09637452787066664
Step: 41873 Walker: 33 Trial Log Prob: 230.28243930764089 Prob: 3.8613681005054035e-58 Frac: 0.09653244104233034
Number of steps: 42000 Acceptance Rate: 0.09646
Step: 42962 Walker: 43 Trial Log Prob: 246.30525346125447 Prob: 7.810779572535249e-58 Frac: 0.09589753186534423
Number of steps: 43000 Acceptance Rate: 0.09606
Step: 43120 Walker: 46 Trial Log Prob: 288.32981154122 Prob: 6.941160109813587e-27 Frac: 0.09489659773182121
Step: 43377 Walker: 23 Trial Log Prob: 368.0525891548208 Prob: 0.00021006527106902275 Frac: 0.09387451522074058
Step: 43391 Walker: 23 Trial Log Prob: 223.1843834340247 Prob: 3.829346447159649e-67 Frac: 0.09409414536700302
Step: 43580 Walker: 17 Trial Log Prob: 288.502664558531 Prob: 3.236821186896998e-35 Frac: 0.09524631477198191
Step: 43599 Walker: 6 Trial Log Prob: 311.7180386509511 Prob: 1.430651002119746e-20 Frac: 0.0952317260750351
Step: 43643 Walker: 44 Trial Log Prob: 367.69882580321604 Prob: 0.5670737424618342 Frac: 0.09510328521652564
Step: 43950 Walker: 44 Trial Log Prob: 317.4705749627139 Prob: 2.7766757558160445e-18 Frac: 0.09620162546848023
Number of steps: 44000 Acceptance Rate: 0.09614
Step: 44169 Walker: 44 Trial Log Prob: 368.69933310444753 Prob: 0.7755562792339582 Frac: 0.10137375651350071
Step: 44454 Walker: 18 Trial Log Prob: 12.87417487858363 Prob: 6.773278086408052e-148 Frac: 0.10049408858302453
Step: 44692 Walker: 41 Trial Log Prob: 368.3186799987797 Prob: 6.237655050736055e-5 Frac: 0.09670145413546877
Number of steps: 45000 Acceptance Rate: 0.0939
Step: 45064 Walker: 37 Trial Log Prob: 256.1115560009295 Prob: 3.034289452899707e-47 Frac: 0.09978035770316912
Step: 45756 Walker: 1 Trial Log Prob: 365.9175607208824 Prob: 0.02255121752664097 Frac: 0.09602394638552621
Step: 45994 Walker: 20 Trial Log Prob: 213.63852120689256 Prob: 2.4821838826448517e-55 Frac: 0.09577209583249446
Number of steps: 46000 Acceptance Rate: 0.09574
Step: 46421 Walker: 40 Trial Log Prob: 370.72776948434563 Prob: 0.06245700812434884 Frac: 0.09596007604562738
Step: 46744 Walker: 7 Trial Log Prob: 361.36363543513187 Prob: 0.4384424699954517 Frac: 0.09610571359367011
Step: 46805 Walker: 35 Trial Log Prob: 359.47829994001864 Prob: 0.0003699367856955658 Frac: 0.09596122778675283
Step: 46829 Walker: 45 Trial Log Prob: 216.77889220404592 Prob: 7.975502548652641e-62 Frac: 0.09554831704668838
Step: 46912 Walker: 21 Trial Log Prob: 364.41194412254595 Prob: 0.004474861797334143 Frac: 0.09587237497531324
Number of steps: 47000 Acceptance Rate: 0.096
Step: 47194 Walker: 43 Trial Log Prob: 346.29965148581834 Prob: 1.4752847218355974e-11 Frac: 0.09749303621169916
Step: 47272 Walker: 21 Trial Log Prob: 255.0451456929829 Prob: 1.0887650249151397e-43 Frac: 0.09689779677252966
Step: 47552 Walker: 1 Trial Log Prob: 363.1867291245348 Prob: 0.09915155943109347 Frac: 0.09291858734710173
Step: 47911 Walker: 46 Trial Log Prob: 295.7711259930871 Prob: 3.8106025619345535e-18 Frac: 0.09471742853379002
Step: 47968 Walker: 36 Trial Log Prob: 369.8609048465505 Prob: 2.6011121873332677 Frac: 0.09480014880337288
Number of steps: 48000 Acceptance Rate: 0.09466
Step: 48264 Walker: 21 Trial Log Prob: 368.4161349744319 Prob: 0.2865316750476211 Frac: 0.0984739199757042
Step: 48284 Walker: 34 Trial Log Prob: 367.48944748147386 Prob: 0.08915421623547896 Frac: 0.09771573604060914
Step: 48313 Walker: 30 Trial Log Prob: 373.3345666835264 Prob: 0.00022573894438715 Frac: 0.09686500319897633
Step: 48405 Walker: 29 Trial Log Prob: 369.3302653493376 Prob: 0.17064890521084386 Frac: 0.09609965890553167
Step: 48667 Walker: 47 Trial Log Prob: -Inf Prob: 0.0 Frac: 0.09805979548385162
Step: 48773 Walker: 45 Trial Log Prob: 209.45086035124302 Prob: 3.256872445835397e-66 Frac: 0.0974770345452193
Step: 48829 Walker: 12 Trial Log Prob: 291.49320085947386 Prob: 7.835667619723414e-27 Frac: 0.09724234521394765
Number of steps: 49000 Acceptance Rate: 0.0971
Step: 49151 Walker: 17 Trial Log Prob: 371.4851539766835 Prob: 0.014578911919324254 Frac: 0.09272316083543967
Step: 49301 Walker: 37 Trial Log Prob: 365.2773504471969 Prob: 9.136448642689578e-6 Frac: 0.09410121699807142
Step: 49430 Walker: 27 Trial Log Prob: 329.9922469961784 Prob: 4.6892268156605565e-12 Frac: 0.09377473576384039
Step: 49523 Walker: 45 Trial Log Prob: 185.7209755654352 Prob: 3.7687704096217187e-76 Frac: 0.09462612354178619
Step: 49612 Walker: 1 Trial Log Prob: 213.84059099454947 Prob: 7.576087148351428e-65 Frac: 0.09561061831036627
Number of steps: 50000 Acceptance Rate: 0.09502
Burn-in Number (ends): 4756
Independent Sample Size: 762.4675629602605
2528.085405 seconds (112.11 M allocations: 2.231 TiB, 12.90% gc time)
