args = ["full", "60.0", "25", "ppmp"]
Initial parameters: [3.0e-6, 224.70078013736273, 2.4335037686541737e6, 0.01, 0.01, 3.0e-6, 365.2564209903412, 2.4336244080511327e6, 0.01, 0.01]
Initial chi-square: 304.7865306805631
Finished 2-planet fit: [4.763153077693585e-6, 224.70078501992512, 2.433503768598494e6, -0.005869340784135979, -0.002693091887590397, 2.947207078223805e-6, 365.25642228524146, 2.433624408023061e6, 0.011760011738831247, -0.0012333820097005846]
New 2-planet chi-square: 214.91196259808328
Finished 3-planet fit w/ fixed period: [4.773150104192632e-6, 224.70078903290087, 2.433503768482955e6, -0.010904874156389372, 0.00882556342619629, 2.9122486297699626e-6, 365.25643216003766, 2.4336244077705e6, 0.00711648386044643, 0.010249803050632018, 0.0013439841078742602, 4222.252111646869, 2.4430407578773876e6, 0.0757901269581192, -0.04301061675021378]
Finished global 3-planet fit.
New 3-planet chi-square: 87.55169350650459
Maximum: -145.34745556017427 Param: [4.7731515609843835e-6, 224.70078903290604, 2.433503768482955e6, -0.010904772524676656, 0.00882554253987026, 2.9122482784350694e-6, 365.2564321600832, 2.4336244077705e6, 0.007116481737472728, 0.010249871560765157, 0.0013439854350511934, 4222.256549771791, 2.4430407572722635e6, 0.07578981309529197, -0.04301042893073135]
Finished lunar search.
3-planet lunar chi-square: 66.22147883623512
Maximum: -136.27265808126103 Param: [2.8334370591259908e-6, 224.70078731930948, 2.4335037685135733e6, 0.005634473999137537, 0.012259829940576289, 3.0119030443064027e-6, 365.2564333805677, 2.4336244077769183e6, 0.018665909330576626, 0.012439690977673713, 0.001022481381343646, 4186.578525228361, 2.443096598085007e6, 0.0541560495127443, -0.04297728550862732, -0.00030205803095678413, -0.0015620802984516406, 2.299363917781719]
1280.557662 seconds (567.86 M allocations: 60.846 GiB, 0.74% gc time)
Step: 139 Walker: 37 Trial Log Prob: 462.9532926564015 Prob: 0.014144347484006338 Frac: 0.3151218105809428
Step: 175 Walker: 27 Trial Log Prob: 448.8758058785342 Prob: 0.03017947499086626 Frac: 0.3125931018677667
Step: 465 Walker: 9 Trial Log Prob: 452.02051075046865 Prob: 1.876173020615264 Frac: 0.30298591063811453
Step: 585 Walker: 30 Trial Log Prob: 432.1287786376978 Prob: 0.0077303732465573306 Frac: 0.30352377694149846
Step: 826 Walker: 44 Trial Log Prob: 425.9300126500158 Prob: 5.5970234603508724e-8 Frac: 0.30309488061219547
Step: 885 Walker: 4 Trial Log Prob: 451.6045828408589 Prob: 0.44436431539617016 Frac: 0.3014659306850059
Number of steps: 1000 Acceptance Rate: 0.2982
Step: 1061 Walker: 49 Trial Log Prob: 458.75332888809453 Prob: 4.9030233313573115 Frac: 0.2866513611020007
Step: 1072 Walker: 7 Trial Log Prob: 436.42069661338405 Prob: 0.0001388079932643917 Frac: 0.28619623278043294
Step: 1315 Walker: 8 Trial Log Prob: 458.568564285721 Prob: 1.6596905129402135 Frac: 0.27285459638400816
Step: 1348 Walker: 29 Trial Log Prob: 459.2368024513181 Prob: 0.0002798406087946348 Frac: 0.27418148339950515
Step: 1554 Walker: 15 Trial Log Prob: -Inf Prob: 0.0 Frac: 0.27279956623893004
Step: 1667 Walker: 4 Trial Log Prob: 461.03350827439357 Prob: 0.017180866706897363 Frac: 0.2737208743694451
Step: 1833 Walker: 24 Trial Log Prob: 460.98518370999227 Prob: 0.012439015511571522 Frac: 0.2748174130309437
Number of steps: 2000 Acceptance Rate: 0.27398
Step: 2472 Walker: 15 Trial Log Prob: 460.4693725217691 Prob: 0.0010547785476462455 Frac: 0.27023127519626566
Step: 2542 Walker: 33 Trial Log Prob: 439.7422555007654 Prob: 7.32449243833742e-5 Frac: 0.26961562603847433
Number of steps: 3000 Acceptance Rate: 0.27178
Step: 3101 Walker: 19 Trial Log Prob: 457.3339441898131 Prob: 0.07282382529678043 Frac: 0.26200438334329545
Step: 3211 Walker: 26 Trial Log Prob: 452.80046370842825 Prob: 1.138274089071623 Frac: 0.2646779403382101
Step: 3312 Walker: 40 Trial Log Prob: 455.206690930883 Prob: 0.04044213185986259 Frac: 0.2657472738935215
Step: 3498 Walker: 6 Trial Log Prob: 454.8235341123694 Prob: 1.0662678985113188 Frac: 0.267018023817187
Step: 3932 Walker: 11 Trial Log Prob: 455.832497176362 Prob: 1.5341439375873838 Frac: 0.26603810055625954
Number of steps: 4000 Acceptance Rate: 0.26614
Step: 4120 Walker: 38 Trial Log Prob: 454.55847886208153 Prob: 0.5852171293647964 Frac: 0.27955911823647295
Step: 4290 Walker: 1 Trial Log Prob: 457.31328249713636 Prob: 0.16420783467648475 Frac: 0.27485987128918415
Step: 4487 Walker: 43 Trial Log Prob: 458.0782609428326 Prob: 0.009206652240616507 Frac: 0.2731791480096948
Step: 4596 Walker: 13 Trial Log Prob: 462.293608482842 Prob: 0.01363973072721899 Frac: 0.27487148472936196
Step: 4650 Walker: 44 Trial Log Prob: 435.2592439385904 Prob: 2.7222318810236174e-5 Frac: 0.27445066781559674
Step: 4828 Walker: 27 Trial Log Prob: 458.15995246229664 Prob: 2.559199965249002 Frac: 0.27599874326316554
Number of steps: 5000 Acceptance Rate: 0.27848
Step: 5521 Walker: 50 Trial Log Prob: 427.60711357297527 Prob: 7.68298263576985e-8 Frac: 0.2718618042226488
Step: 5525 Walker: 1 Trial Log Prob: 444.7696768651476 Prob: 0.21076577312592662 Frac: 0.27201251860616005
Step: 5671 Walker: 18 Trial Log Prob: 447.79997149704417 Prob: 5.937979888833306 Frac: 0.27182409451637923
Step: 5868 Walker: 41 Trial Log Prob: 428.1508124454905 Prob: 1.9279738323010016e-9 Frac: 0.27445783687861536
Step: 5886 Walker: 15 Trial Log Prob: 448.4062752467027 Prob: 0.44985542786619376 Frac: 0.2740088105726872
Step: 5947 Walker: 46 Trial Log Prob: 461.8306556796481 Prob: 0.42489572266784853 Frac: 0.27463777299032655
Step: 5956 Walker: 17 Trial Log Prob: 408.86619848582006 Prob: 2.700078826816818e-16 Frac: 0.2748131555257814
Number of steps: 6000 Acceptance Rate: 0.27472
Step: 6736 Walker: 48 Trial Log Prob: 456.85051547953714 Prob: 0.30388673919729153 Frac: 0.28213489863579544
Step: 6781 Walker: 16 Trial Log Prob: 456.2765037195686 Prob: 0.0003222875038437336 Frac: 0.28083350420340375
Step: 6920 Walker: 25 Trial Log Prob: 460.4450487361137 Prob: 0.8012305795092183 Frac: 0.27849918433931486
Step: 6991 Walker: 32 Trial Log Prob: 455.0378975243941 Prob: 4.608938236002103 Frac: 0.2785472018089316
Number of steps: 7000 Acceptance Rate: 0.27848
Step: 7200 Walker: 23 Trial Log Prob: 443.17082083294355 Prob: 0.0038338102433986858 Frac: 0.2688258297402988
Step: 7201 Walker: 21 Trial Log Prob: 457.7489624976338 Prob: 0.21391628407965124 Frac: 0.26943418820477
Step: 7223 Walker: 24 Trial Log Prob: 454.7235184903168 Prob: 0.8529604812338489 Frac: 0.27148507731032
Step: 7508 Walker: 49 Trial Log Prob: 450.5551655915795 Prob: 3.585637876045738 Frac: 0.2778062128430253
Step: 7523 Walker: 8 Trial Log Prob: 443.9267340877552 Prob: 0.018115135855425693 Frac: 0.27761605638118586
Step: 7785 Walker: 39 Trial Log Prob: 443.9064424626253 Prob: 0.028445885271584634 Frac: 0.2774535538622289
Number of steps: 8000 Acceptance Rate: 0.2766
Step: 8266 Walker: 21 Trial Log Prob: 455.686971039544 Prob: 0.5373764602202131 Frac: 0.2775977695727526
Step: 8298 Walker: 14 Trial Log Prob: 457.27183030250507 Prob: 0.09012491356215566 Frac: 0.27791980624327234
Step: 8307 Walker: 11 Trial Log Prob: 429.4987908358 Prob: 2.31120997438075e-8 Frac: 0.2775782117431912
Step: 8495 Walker: 20 Trial Log Prob: 455.7448475086805 Prob: 0.810616529774274 Frac: 0.27297734627831716
Step: 8949 Walker: 24 Trial Log Prob: 423.8464494882395 Prob: 3.77781512077428e-7 Frac: 0.2717611336032389
Number of steps: 9000 Acceptance Rate: 0.27154
Step: 9126 Walker: 49 Trial Log Prob: 426.2394529418948 Prob: 2.331684627523652e-8 Frac: 0.27036037466264484
Step: 9131 Walker: 40 Trial Log Prob: 419.26730133523955 Prob: 6.383672265911395e-13 Frac: 0.2707951070336391
Step: 9240 Walker: 26 Trial Log Prob: 429.8030208724494 Prob: 7.922025853043056e-5 Frac: 0.26661656646626586
Step: 9566 Walker: 4 Trial Log Prob: 458.4280352775564 Prob: 4.606439970157282 Frac: 0.26463509591562256
Step: 9598 Walker: 35 Trial Log Prob: 443.6899973939344 Prob: 0.09813401462851902 Frac: 0.2649489710557136
Number of steps: 10000 Acceptance Rate: 0.26588
Step: 10240 Walker: 39 Trial Log Prob: 452.6449784522801 Prob: 1.2784932614293152 Frac: 0.2630744849445325
Step: 10551 Walker: 43 Trial Log Prob: 397.15255442776754 Prob: 2.689972665931606e-22 Frac: 0.26634716624913773
Step: 10552 Walker: 21 Trial Log Prob: 458.4018938036594 Prob: 0.36720873883128086 Frac: 0.2663668347176381
Step: 10601 Walker: 20 Trial Log Prob: -Inf Prob: 0.0 Frac: 0.26548967355096603
Step: 10658 Walker: 43 Trial Log Prob: 460.6893458480625 Prob: 0.02495561531547816 Frac: 0.26415954762411453
Step: 10663 Walker: 15 Trial Log Prob: 456.5745996094281 Prob: 0.014342945345640321 Frac: 0.2639891287935981
Step: 10866 Walker: 15 Trial Log Prob: 458.47496956388636 Prob: 0.0015527699188246332 Frac: 0.2646712122963134
Step: 10924 Walker: 41 Trial Log Prob: 445.62731262732467 Prob: 0.09378167831630871 Frac: 0.26464029789352905
Number of steps: 11000 Acceptance Rate: 0.26396
Step: 11098 Walker: 49 Trial Log Prob: 444.76397813934494 Prob: 0.10076112756004041 Frac: 0.26638089406001225
Step: 11781 Walker: 7 Trial Log Prob: -Inf Prob: 0.0 Frac: 0.27128464121824286
Step: 11840 Walker: 3 Trial Log Prob: 456.16069361335417 Prob: 0.4163864343186849 Frac: 0.27123209305651563
Number of steps: 12000 Acceptance Rate: 0.27162
Step: 12319 Walker: 45 Trial Log Prob: 453.8002121967175 Prob: 1.6603933506839457 Frac: 0.2677955471934776
Number of steps: 13000 Acceptance Rate: 0.26948
Step: 13252 Walker: 31 Trial Log Prob: 449.16851095332504 Prob: 2.468129079118567 Frac: 0.27263333598283124
Step: 13525 Walker: 21 Trial Log Prob: 433.55415785807946 Prob: 1.65726001566478e-5 Frac: 0.27066092063613134
Step: 13849 Walker: 27 Trial Log Prob: 461.07272055690606 Prob: 0.002174458417696519 Frac: 0.26874396021401464
Number of steps: 14000 Acceptance Rate: 0.26964
Step: 14516 Walker: 28 Trial Log Prob: 441.6529032766406 Prob: 0.07527138437798563 Frac: 0.2701916362789976
Step: 14556 Walker: 4 Trial Log Prob: -Inf Prob: 0.0 Frac: 0.27008719463861064
Number of steps: 15000 Acceptance Rate: 0.27032
Step: 15288 Walker: 20 Trial Log Prob: 456.0016787020673 Prob: 0.0018245049249196608 Frac: 0.2649965205288796
Step: 15759 Walker: 21 Trial Log Prob: 450.47069932919885 Prob: 0.21650672260238216 Frac: 0.2702987790406371
Number of steps: 16000 Acceptance Rate: 0.27146
Step: 16041 Walker: 33 Trial Log Prob: 452.63079753487636 Prob: 0.1942098012091688 Frac: 0.28726020659124446
Step: 16918 Walker: 25 Trial Log Prob: 459.8246263775512 Prob: 1.076518773831707 Frac: 0.2740708446866485
Number of steps: 17000 Acceptance Rate: 0.27342
Step: 17271 Walker: 45 Trial Log Prob: 455.7378499623105 Prob: 0.013321985712014083 Frac: 0.2637873754152824
Step: 17300 Walker: 15 Trial Log Prob: 452.0233124820066 Prob: 0.5866045288467938 Frac: 0.26348145673237555
Step: 17334 Walker: 47 Trial Log Prob: 452.8250488005764 Prob: 2.9352040567677977 Frac: 0.2625621369108223
Step: 17932 Walker: 24 Trial Log Prob: 451.92079048607036 Prob: 0.7122632355833616 Frac: 0.26680121956456393
Step: 17959 Walker: 23 Trial Log Prob: 449.12452654618454 Prob: 0.8054956108108468 Frac: 0.26732466665275545
Number of steps: 18000 Acceptance Rate: 0.26754
Step: 18055 Walker: 32 Trial Log Prob: 398.2350649724067 Prob: 2.7181498650563424e-21 Frac: 0.28733528550512444
Step: 18265 Walker: 18 Trial Log Prob: 455.4514037626594 Prob: 0.23939703170680857 Frac: 0.27046451808140415
Step: 18339 Walker: 30 Trial Log Prob: -Inf Prob: 0.0 Frac: 0.2689899586532782
Step: 18361 Walker: 41 Trial Log Prob: 450.7963101256274 Prob: 0.6903410273896414 Frac: 0.2696081148495095
Step: 18819 Walker: 16 Trial Log Prob: 425.83618389997343 Prob: 3.0773248548664783e-7 Frac: 0.2644931078306775
Number of steps: 19000 Acceptance Rate: 0.267
Step: 19739 Walker: 15 Trial Log Prob: 455.78514407307085 Prob: 0.0003677201622545907 Frac: 0.27674387105512666
Step: 19844 Walker: 43 Trial Log Prob: 451.48747404905413 Prob: 0.4127759345830902 Frac: 0.2762069537601024
Step: 19909 Walker: 10 Trial Log Prob: 452.3635639358623 Prob: 0.003964895571327626 Frac: 0.2758863686412684
Number of steps: 20000 Acceptance Rate: 0.27624
Step: 20171 Walker: 34 Trial Log Prob: 454.8334048153548 Prob: 0.4229910108134534 Frac: 0.27536911178814155
Step: 20183 Walker: 45 Trial Log Prob: 449.1384744321233 Prob: 0.42581527187467794 Frac: 0.27588846364133407
Step: 20199 Walker: 41 Trial Log Prob: -Inf Prob: 0.0 Frac: 0.2745196660295745
Step: 20459 Walker: 35 Trial Log Prob: 456.211571315209 Prob: 0.9057392805850569 Frac: 0.27713102245476345
Step: 20547 Walker: 46 Trial Log Prob: 446.78252127359457 Prob: 15.379081616092225 Frac: 0.27579901996635703
Number of steps: 21000 Acceptance Rate: 0.27538
Step: 21079 Walker: 38 Trial Log Prob: 457.25415936822066 Prob: 0.14507866709551415 Frac: 0.2541899441340782
Step: 21290 Walker: 29 Trial Log Prob: 420.5452259279063 Prob: 1.020557044116579e-9 Frac: 0.26472822708750604
Number of steps: 22000 Acceptance Rate: 0.26316
Step: 22004 Walker: 41 Trial Log Prob: 456.1637030161876 Prob: 0.0772183730147618 Frac: 0.2879581151832461
Step: 22170 Walker: 42 Trial Log Prob: -Inf Prob: 0.0 Frac: 0.2641309467734338
Step: 22185 Walker: 26 Trial Log Prob: 453.3124621105141 Prob: 9.343197343062307 Frac: 0.26403641881638845
Step: 22208 Walker: 33 Trial Log Prob: 440.90992542880906 Prob: 0.022163942227667995 Frac: 0.26649330636617546
Step: 22238 Walker: 32 Trial Log Prob: 453.74683152210577 Prob: 3.051807405485899 Frac: 0.2658643326039387
Step: 22584 Walker: 1 Trial Log Prob: 411.4268730812587 Prob: 1.2099206529003787e-12 Frac: 0.26712634214949743
Number of steps: 23000 Acceptance Rate: 0.26874
Step: 23605 Walker: 48 Trial Log Prob: 427.67723745475615 Prob: 1.778887101022426e-7 Frac: 0.2738032266596139
Step: 23629 Walker: 38 Trial Log Prob: 458.89106250708414 Prob: 0.0018653364901212626 Frac: 0.2738405751001972
Step: 23652 Walker: 36 Trial Log Prob: 450.82551074255866 Prob: 0.26146746277342975 Frac: 0.27300067513656173
Step: 23916 Walker: 50 Trial Log Prob: 452.9180740212297 Prob: 1.2936588489117133 Frac: 0.27102620087336243
Step: 23955 Walker: 37 Trial Log Prob: 447.67780370882605 Prob: 0.04242422697880194 Frac: 0.27096382261139157
Number of steps: 24000 Acceptance Rate: 0.27052
Step: 24084 Walker: 44 Trial Log Prob: 458.995539685006 Prob: 0.08063897031699804 Frac: 0.26657129232236526
Step: 24459 Walker: 12 Trial Log Prob: 448.00722768241303 Prob: 0.17430590591574288 Frac: 0.2666288407821229
Step: 24461 Walker: 31 Trial Log Prob: 454.9094260885433 Prob: 0.03604080276718517 Frac: 0.2664235161304329
Step: 24491 Walker: 11 Trial Log Prob: 460.9594198598798 Prob: 1.0590672390764402e-5 Frac: 0.2659214230345559
Step: 24534 Walker: 17 Trial Log Prob: 422.70357280868575 Prob: 2.6884222538810576e-10 Frac: 0.2665466681666479
Step: 24782 Walker: 21 Trial Log Prob: 462.4106028708389 Prob: 0.012115444612650846 Frac: 0.2647231962324998
Step: 24919 Walker: 41 Trial Log Prob: 458.9474573476725 Prob: 0.09486011317080337 Frac: 0.26568860059641713
Step: 24964 Walker: 8 Trial Log Prob: 200.77590923805576 Prob: 1.0608942408417386e-107 Frac: 0.2656671788695544
Number of steps: 25000 Acceptance Rate: 0.2654
Step: 25015 Walker: 46 Trial Log Prob: 460.61131235504064 Prob: 1.1199926853787647 Frac: 0.24932975871313673
Step: 25054 Walker: 11 Trial Log Prob: 451.71042498975646 Prob: 1.959046393347224 Frac: 0.2743329575347614
Step: 25212 Walker: 31 Trial Log Prob: 464.9142531623696 Prob: 0.19177325793848024 Frac: 0.2662319251488517
Number of steps: 26000 Acceptance Rate: 0.2718
Step: 26084 Walker: 19 Trial Log Prob: 452.75134656763254 Prob: 0.8902671545581865 Frac: 0.2753657951547134
Step: 26101 Walker: 2 Trial Log Prob: -Inf Prob: 0.0 Frac: 0.27548980407836865
Step: 26367 Walker: 35 Trial Log Prob: 458.4723650244594 Prob: 0.002453321778006234 Frac: 0.27122988819198257
Step: 26468 Walker: 12 Trial Log Prob: 458.67364838902745 Prob: 1.1470756447687587 Frac: 0.2726222070028251
Step: 26700 Walker: 38 Trial Log Prob: 455.34148081857137 Prob: 0.001993903034561185 Frac: 0.27300788841888646
Step: 26916 Walker: 4 Trial Log Prob: 415.153035596016 Prob: 4.164347957959131e-11 Frac: 0.2711894042050968
Step: 26968 Walker: 41 Trial Log Prob: 444.5114548507518 Prob: 0.036117802438078946 Frac: 0.2709594759356079
Step: 26980 Walker: 20 Trial Log Prob: 425.4993909482442 Prob: 2.754653293400976e-9 Frac: 0.2705329793751276
Number of steps: 27000 Acceptance Rate: 0.26996
Step: 27004 Walker: 21 Trial Log Prob: 454.0368445991589 Prob: 0.001147465746222611 Frac: 0.28654970760233917
Step: 27078 Walker: 27 Trial Log Prob: 439.56966139818536 Prob: 1.9469246471470292e-7 Frac: 0.26670105751870005
Step: 27117 Walker: 50 Trial Log Prob: -Inf Prob: 0.0 Frac: 0.2635897435897436
Step: 27214 Walker: 2 Trial Log Prob: 457.1653126207567 Prob: 0.4425481047056314 Frac: 0.26577168606834395
Step: 27758 Walker: 23 Trial Log Prob: 456.61829478378337 Prob: 0.011976739001134858 Frac: 0.2664167084730547
Step: 27763 Walker: 28 Trial Log Prob: 452.6824395285436 Prob: 22.06956834510455 Frac: 0.266995383969786
Number of steps: 28000 Acceptance Rate: 0.27138
Step: 28343 Walker: 39 Trial Log Prob: 449.4897369389689 Prob: 0.039888841262362626 Frac: 0.2777291557267052
Step: 28348 Walker: 41 Trial Log Prob: 458.4996025538144 Prob: 0.12290717112686965 Frac: 0.27744235524121674
Step: 28445 Walker: 36 Trial Log Prob: 457.76099490217626 Prob: 0.01376547891270392 Frac: 0.2784673502428494
Step: 28544 Walker: 26 Trial Log Prob: -Inf Prob: 0.0 Frac: 0.2774874889608478
Number of steps: 29000 Acceptance Rate: 0.2729
Step: 29752 Walker: 9 Trial Log Prob: 457.66154354578333 Prob: 5.402515496501185e-5 Frac: 0.26744588514071194
Step: 29975 Walker: 6 Trial Log Prob: 439.21941132740704 Prob: 3.343323562129241e-5 Frac: 0.26910442245308586
Step: 30000 Walker: 48 Trial Log Prob: 459.8143459969834 Prob: 0.16848051163851213 Frac: 0.2689507580303212
Number of steps: 30000 Acceptance Rate: 0.26894
Step: 30302 Walker: 24 Trial Log Prob: 432.9036678270274 Prob: 2.0396417309371815e-5 Frac: 0.2700013267878466
Step: 30698 Walker: 1 Trial Log Prob: 460.4152923242025 Prob: 0.20026055450675603 Frac: 0.2723881667670942
Step: 30726 Walker: 14 Trial Log Prob: 457.97802275576043 Prob: 0.02066127875980164 Frac: 0.271343481138319
Step: 30732 Walker: 44 Trial Log Prob: 453.3978046961772 Prob: 0.6443452000595222 Frac: 0.2712466524566869
Step: 30855 Walker: 49 Trial Log Prob: 454.0488555967549 Prob: 3.37690079853536 Frac: 0.2719127932817142
Number of steps: 31000 Acceptance Rate: 0.27174
Step: 31118 Walker: 35 Trial Log Prob: 450.72701911505754 Prob: 0.29430640835371685 Frac: 0.2779949022939677
Step: 31156 Walker: 30 Trial Log Prob: 409.3253499056382 Prob: 2.351174374035242e-12 Frac: 0.2802056555269923
Step: 31490 Walker: 47 Trial Log Prob: 457.9948156647097 Prob: 0.3003238184377918 Frac: 0.27978936196268933
Step: 31936 Walker: 35 Trial Log Prob: 458.79599541530126 Prob: 0.45986754703913446 Frac: 0.27485305119162123
Number of steps: 32000 Acceptance Rate: 0.27386
Step: 32177 Walker: 40 Trial Log Prob: 443.08876665179383 Prob: 0.00016713540537688804 Frac: 0.25871040723981903
Step: 32230 Walker: 34 Trial Log Prob: 461.66927562955107 Prob: 7.33270680029441 Frac: 0.25853361198188785
Step: 32476 Walker: 32 Trial Log Prob: 418.37878816614335 Prob: 3.966182896610419e-10 Frac: 0.26309814145151794
Step: 32491 Walker: 38 Trial Log Prob: 459.49881326080225 Prob: 0.008991219857469975 Frac: 0.262653843018991
Step: 32647 Walker: 20 Trial Log Prob: 451.4396601928095 Prob: 1.6854226727683503 Frac: 0.2661509900990099
Step: 32912 Walker: 43 Trial Log Prob: 426.83437417061936 Prob: 1.452066774019965e-9 Frac: 0.2658302809641831
Number of steps: 33000 Acceptance Rate: 0.26696
Step: 33399 Walker: 19 Trial Log Prob: 456.9821445816887 Prob: 0.0001604466587159937 Frac: 0.27290526632863094
Step: 33421 Walker: 25 Trial Log Prob: 455.5721174151903 Prob: 0.008059617024410994 Frac: 0.27305588585017837
Step: 33743 Walker: 43 Trial Log Prob: 460.3339237370256 Prob: 0.10257423694516513 Frac: 0.2704951134803328
Step: 33898 Walker: 5 Trial Log Prob: 458.234785320794 Prob: 0.04459966334666132 Frac: 0.26962434511202765
Step: 33958 Walker: 36 Trial Log Prob: 449.11069967974095 Prob: 0.3255353257527994 Frac: 0.26945244956772335
Step: 33995 Walker: 2 Trial Log Prob: 460.338327366141 Prob: 0.5675889525296909 Frac: 0.2694861373787775
Number of steps: 34000 Acceptance Rate: 0.26938
Step: 34060 Walker: 42 Trial Log Prob: 413.8990090047632 Prob: 4.4229407910612445e-14 Frac: 0.2767379679144385
Number of steps: 35000 Acceptance Rate: 0.27562
Step: 35174 Walker: 1 Trial Log Prob: 445.5142858287923 Prob: 0.161184443302444 Frac: 0.2812391631025315
Step: 35178 Walker: 18 Trial Log Prob: 443.2717836995404 Prob: 0.0004829259509715846 Frac: 0.2803337843933243
Step: 35195 Walker: 11 Trial Log Prob: 442.3758295484128 Prob: 0.0006946277250927032 Frac: 0.27824116980743485
Step: 35213 Walker: 46 Trial Log Prob: 430.1938270971443 Prob: 2.056954973131586e-6 Frac: 0.27691151606237085
Step: 35352 Walker: 29 Trial Log Prob: 432.7886907340107 Prob: 2.1068528830910817e-5 Frac: 0.2740201376642585
Step: 35911 Walker: 24 Trial Log Prob: 450.4724424555187 Prob: 0.27009707806888705 Frac: 0.2727572269572094
Step: 35969 Walker: 23 Trial Log Prob: 457.1516406951265 Prob: 0.15833862782093683 Frac: 0.27249447576564856
Number of steps: 36000 Acceptance Rate: 0.27276
Step: 36160 Walker: 12 Trial Log Prob: 440.9768451754863 Prob: 0.08549089229418494 Frac: 0.2798291886460688
Step: 36529 Walker: 24 Trial Log Prob: 457.3194513862855 Prob: 0.1689051180117519 Frac: 0.2724795640326976
Step: 36627 Walker: 25 Trial Log Prob: 306.92377276458774 Prob: 1.80516332358857e-55 Frac: 0.27160415003990424
Number of steps: 37000 Acceptance Rate: 0.2654
Step: 37018 Walker: 16 Trial Log Prob: 459.8977228261989 Prob: 6.490134661043508e-5 Frac: 0.23672055427251731
Step: 37283 Walker: 42 Trial Log Prob: 457.0639609291213 Prob: 0.8093505209156824 Frac: 0.25364163484655633
Step: 37332 Walker: 27 Trial Log Prob: 440.5153557122285 Prob: 0.0005227403981557955 Frac: 0.2563189961995536
Step: 37460 Walker: 21 Trial Log Prob: 416.9855885258993 Prob: 7.076848282409986e-8 Frac: 0.2616777676200427
Step: 37477 Walker: 22 Trial Log Prob: 450.14588287486646 Prob: 1.3995319521888132 Frac: 0.26173285198555957
Step: 37527 Walker: 27 Trial Log Prob: 455.4119307360084 Prob: 0.06289176767408836 Frac: 0.2637976222129373
Step: 37600 Walker: 7 Trial Log Prob: 451.8548701429144 Prob: 0.1030423359042083 Frac: 0.264979804386287
Step: 37904 Walker: 26 Trial Log Prob: 457.9317945240627 Prob: 3.2285008489383e-5 Frac: 0.26629183637329557
Number of steps: 38000 Acceptance Rate: 0.2673
Step: 38264 Walker: 42 Trial Log Prob: 456.15927056450766 Prob: 1.0453744968705565 Frac: 0.26842025469981806
Step: 38795 Walker: 15 Trial Log Prob: 451.08633523580176 Prob: 0.6142865191715212 Frac: 0.27513533929245876
Step: 38962 Walker: 25 Trial Log Prob: 458.7531762830235 Prob: 0.0005861538815384939 Frac: 0.27559022360894436
Number of steps: 39000 Acceptance Rate: 0.2758
Step: 39029 Walker: 10 Trial Log Prob: 458.414955796597 Prob: 0.9628686999163719 Frac: 0.2843971631205674
Step: 39181 Walker: 26 Trial Log Prob: 451.328137382517 Prob: 0.388521055875404 Frac: 0.2749833813427875
Step: 39323 Walker: 24 Trial Log Prob: 450.4850706907947 Prob: 0.731259912399779 Frac: 0.2751178367650707
Step: 39324 Walker: 14 Trial Log Prob: 454.71584084641364 Prob: 0.0035754895553697613 Frac: 0.2752412769116555
Step: 39547 Walker: 40 Trial Log Prob: 429.9046463482716 Prob: 8.633092845207434e-9 Frac: 0.27735918068763715
Step: 39758 Walker: 35 Trial Log Prob: 457.95083784605083 Prob: 6.998170852549643e-5 Frac: 0.27630988517883065
Step: 39926 Walker: 23 Trial Log Prob: 455.5251482819646 Prob: 2.651017335974348e-5 Frac: 0.2777213493830095
Step: 39991 Walker: 4 Trial Log Prob: 454.6968830473327 Prob: 0.6141640810468523 Frac: 0.27824014221073046
Number of steps: 40000 Acceptance Rate: 0.27844
Step: 40004 Walker: 49 Trial Log Prob: 462.205221850554 Prob: 0.5477954339432292 Frac: 0.22613065326633167
Step: 40139 Walker: 22 Trial Log Prob: 431.92227235130747 Prob: 2.0878883680083938e-6 Frac: 0.27737648078590005
Step: 40192 Walker: 39 Trial Log Prob: 458.7211926176287 Prob: 7.889758975061449e-5 Frac: 0.27677547189487955
Step: 40248 Walker: 15 Trial Log Prob: 458.7597649879207 Prob: 1.0955852569897069 Frac: 0.2775576223210675
Step: 40944 Walker: 1 Trial Log Prob: -Inf Prob: 0.0 Frac: 0.2728680197662828
Step: 40965 Walker: 6 Trial Log Prob: 448.5719604742152 Prob: 0.7963238621695802 Frac: 0.2728291084097415
Number of steps: 41000 Acceptance Rate: 0.27276
Step: 41113 Walker: 5 Trial Log Prob: 452.08947194485853 Prob: 5.301049626743327 Frac: 0.26280107047279216
Step: 41184 Walker: 36 Trial Log Prob: 441.54630437705777 Prob: 0.00017145095511253373 Frac: 0.26496843021989985
Step: 41892 Walker: 12 Trial Log Prob: 332.49024404295244 Prob: 3.263514147760103e-47 Frac: 0.2687491584758314
Number of steps: 42000 Acceptance Rate: 0.2682
Step: 42314 Walker: 26 Trial Log Prob: 455.5409594581856 Prob: 0.0882882517147685 Frac: 0.262056647103853
Step: 42701 Walker: 43 Trial Log Prob: 456.4031848298894 Prob: 0.3669204096447889 Frac: 0.2648175099163884
Step: 42713 Walker: 40 Trial Log Prob: 455.77691757830155 Prob: 0.9894286217134848 Frac: 0.2643658810325477
Step: 42880 Walker: 16 Trial Log Prob: 394.56369036678444 Prob: 6.284713893648027e-19 Frac: 0.26622844925624345
Number of steps: 43000 Acceptance Rate: 0.26636
Step: 43233 Walker: 37 Trial Log Prob: 459.28692919540106 Prob: 0.00661814254901046 Frac: 0.27128985133625505
Step: 43648 Walker: 5 Trial Log Prob: 461.04732683613724 Prob: 0.00018214699077508093 Frac: 0.27352804821511356
Step: 43995 Walker: 49 Trial Log Prob: 414.21639543073945 Prob: 3.6686401780063634e-12 Frac: 0.27435727351303546
Number of steps: 44000 Acceptance Rate: 0.27434
Step: 44091 Walker: 46 Trial Log Prob: 457.27492447399 Prob: 0.8376700416606445 Frac: 0.26638803343598766
Step: 44184 Walker: 4 Trial Log Prob: 458.08812160520495 Prob: 0.04240968562079414 Frac: 0.27168450950404194
Step: 44294 Walker: 49 Trial Log Prob: 457.2522459201511 Prob: 5.423252667298111 Frac: 0.26641268113477107
Step: 44343 Walker: 3 Trial Log Prob: 454.51740539786465 Prob: 1.3850246811299058 Frac: 0.26661989124714963
Number of steps: 45000 Acceptance Rate: 0.27432
Step: 45199 Walker: 18 Trial Log Prob: 423.662254930378 Prob: 1.8472661673264573e-11 Frac: 0.26688848558177053
Step: 45494 Walker: 42 Trial Log Prob: 456.15925884485523 Prob: 0.26521945676039616 Frac: 0.27328689454074195
Step: 45635 Walker: 29 Trial Log Prob: 448.09193349407155 Prob: 0.006269552868559046 Frac: 0.27353525166251696
Step: 45733 Walker: 23 Trial Log Prob: 430.52835787138304 Prob: 3.149333511453043e-5 Frac: 0.2719329383174508
Step: 45761 Walker: 29 Trial Log Prob: 460.1457970887902 Prob: 0.00029656764450063897 Frac: 0.2708985248100134
Step: 45855 Walker: 30 Trial Log Prob: 456.4615258087357 Prob: 0.16250549806294728 Frac: 0.269904048677744
Step: 45876 Walker: 18 Trial Log Prob: -Inf Prob: 0.0 Frac: 0.26960336318771705
Number of steps: 46000 Acceptance Rate: 0.27086
Step: 46053 Walker: 1 Trial Log Prob: 427.15868419497133 Prob: 3.1776721155262374e-7 Frac: 0.2706651287966167
Step: 46057 Walker: 32 Trial Log Prob: 449.5977674948817 Prob: 3.638968702527166 Frac: 0.2673022598870056
Step: 46103 Walker: 42 Trial Log Prob: 458.26800093003254 Prob: 0.14407164517616167 Frac: 0.2707117852975496
Step: 46144 Walker: 29 Trial Log Prob: 418.0256741594265 Prob: 1.4512841305234826e-14 Frac: 0.26772530993174537
Step: 46319 Walker: 18 Trial Log Prob: 455.6219863945475 Prob: 0.025277165258087674 Frac: 0.27384093479080285
Step: 46421 Walker: 12 Trial Log Prob: -Inf Prob: 0.0 Frac: 0.2739387016942699
Step: 46530 Walker: 26 Trial Log Prob: 452.51598382519535 Prob: 2.1783952588820688 Frac: 0.27262426348390995
Step: 46651 Walker: 45 Trial Log Prob: 448.5404014569381 Prob: 0.040125757103624995 Frac: 0.27147027193117224
Step: 46665 Walker: 26 Trial Log Prob: 451.6736324540227 Prob: 1.701489073099662 Frac: 0.2708421115993499
Step: 46690 Walker: 31 Trial Log Prob: -Inf Prob: 0.0 Frac: 0.2721208781647864
Step: 46973 Walker: 42 Trial Log Prob: 452.56184346114935 Prob: 0.7018971169179514 Frac: 0.27529706837712264
Number of steps: 47000 Acceptance Rate: 0.27496
Step: 47169 Walker: 34 Trial Log Prob: 458.40326930317235 Prob: 14.400348502406516 Frac: 0.28136115722077304
Step: 47169 Walker: 47 Trial Log Prob: 456.910505165454 Prob: 0.34615057212550016 Frac: 0.2814016810702024
Step: 47579 Walker: 48 Trial Log Prob: 454.35286868218145 Prob: 0.0006535733927536668 Frac: 0.2786030122979135
Step: 47631 Walker: 11 Trial Log Prob: 452.99342527381 Prob: 0.6053271384862473 Frac: 0.2768557011837136
Step: 47675 Walker: 27 Trial Log Prob: -Inf Prob: 0.0 Frac: 0.27609926764906456
Step: 47735 Walker: 29 Trial Log Prob: 457.9775422773779 Prob: 0.009005936677135248 Frac: 0.2760216722480873
Step: 47919 Walker: 49 Trial Log Prob: 461.3478784085548 Prob: 0.0010008300817141058 Frac: 0.2742605932664476
Number of steps: 48000 Acceptance Rate: 0.27472
Step: 48525 Walker: 25 Trial Log Prob: 454.4673014221211 Prob: 1.0290011166383908 Frac: 0.26718779790276453
Step: 48599 Walker: 27 Trial Log Prob: 455.0692363168213 Prob: 0.0005515688937665573 Frac: 0.26621445517425735
Step: 48701 Walker: 29 Trial Log Prob: 459.22593307801185 Prob: 0.023700406397044613 Frac: 0.26323903051757114
Number of steps: 49000 Acceptance Rate: 0.26202
Step: 49405 Walker: 15 Trial Log Prob: -Inf Prob: 0.0 Frac: 0.26772198862231017
Step: 49979 Walker: 37 Trial Log Prob: 453.4443827866758 Prob: 0.6538228147203944 Frac: 0.2670576455442712
Number of steps: 50000 Acceptance Rate: 0.26706
Burn-in Number (ends): 3738
Independent Sample Size: 3349.1047105786442
930.945108 seconds (92.57 M allocations: 489.952 GiB, 7.21% gc time)
