args = ["full", "90.0", "30", "ppmp"]
Initial parameters: [3.0e-6, 224.70078341878255, 2.433503768568889e6, 0.01, 0.01, 3.0e-6, 365.25642848645487, 2.433624407722351e6, 0.01, 0.01]
Initial chi-square: 193.00993842270415
Finished 2-planet fit: [4.860615809794757e-6, 224.70078706659578, 2.4335037685142155e6, -0.014607592598921047, -0.015027479186694984, 2.9285016182546915e-6, 365.2564384668169, 2.4336244076195396e6, 0.007045311209375065, -0.009820333027614678]
New 2-planet chi-square: 129.83135693187648
Finished 3-planet fit w/ fixed period: [4.09480900340557e-6, 224.70079276426915, 2.433503768350728e6, -0.07079310784690233, -0.043962825105636254, 2.5949486162190814e-6, 365.2564701151449, 2.43362440706895e6, -0.03779795498849347, -0.031599089497482864, 0.0003356266059414557, 3944.6999999999994, 2.44032082691175e6, 0.02452532149123582, 0.22021216514631106]
Finished global 3-planet fit.
New 3-planet chi-square: 79.63451732990681
Maximum: -170.7204577125748 Param: [4.098218099361015e-6, 224.70079292626613, 2.433503768349234e6, -0.07056540798626633, -0.043816195887723376, 2.595505719428682e-6, 365.2564702141451, 2.433624407074692e6, -0.03766819541812261, -0.03150908029524235, 0.00033365888113978415, 3919.5996916037197, 2.4403223153211162e6, 0.03053996337060734, 0.22159617158737338]
Finished lunar search.
3-planet lunar chi-square: 68.6287854727152
Maximum: -164.91977034092366 Param: [2.575774042813461e-6, 224.70079016236176, 2.433503768412485e6, -0.04519614272505768, 0.01982057215505685, 2.7661585794209903e-6, 365.25646846005463, 2.433624407081686e6, -0.020387336823653027, 0.019268795814341426, 0.0008889193318325666, 3998.7434506077443, 2.4388609489876046e6, 0.04526887630123561, -0.04923325217304847, 6.171224572065389e-5, -0.0016596436109047148, 2.314107372132959]
1721.193732 seconds (622.34 M allocations: 72.601 GiB, 0.63% gc time)
Parameters from fit: [2.575774042813461e-6, 224.70079016236176, 2.433503768412485e6, -0.04519614272505768, 0.01982057215505685, 2.7661585794209903e-6, 365.25646846005463, 2.433624407081686e6, -0.020387336823653027, 0.019268795814341426, 0.0008889193318325666, 3998.7434506077443, 2.4388609489876046e6, 0.04526887630123561, -0.04923325217304847, 6.171224572065389e-5, -0.0016596436109047148, 2.314107372132959]
Maximum log Prob from fit: -164.91977034092366
Step: 21 Walker: 8 Trial Log Prob: 513.1645437735823 Prob: 11.10369361758261 Frac: 0.3630952380952381
Step: 294 Walker: 42 Trial Log Prob: 517.1098123491229 Prob: 0.004222421872047511 Frac: 0.30043561121698886
Step: 449 Walker: 33 Trial Log Prob: -Inf Prob: 0.0 Frac: 0.29880087371283376
Step: 525 Walker: 45 Trial Log Prob: 519.2998015628045 Prob: 1.5540801757431166 Frac: 0.29864736140217185
Step: 585 Walker: 46 Trial Log Prob: 514.2868339843434 Prob: 0.9204538706774357 Frac: 0.2967585310811735
Step: 690 Walker: 32 Trial Log Prob: 485.81146724741535 Prob: 2.8751299457561574e-10 Frac: 0.29424047329041236
Step: 831 Walker: 48 Trial Log Prob: 480.7262412127529 Prob: 1.7238848052765035e-7 Frac: 0.29132569558101473
Number of steps: 1000 Acceptance Rate: 0.2897
Step: 1569 Walker: 45 Trial Log Prob: 516.042926882089 Prob: 1.6647214098467942 Frac: 0.25839339075408685
Step: 1846 Walker: 27 Trial Log Prob: 513.0931719704452 Prob: 3.318626044875827 Frac: 0.2569009153913475
Number of steps: 2000 Acceptance Rate: 0.25642
Step: 2666 Walker: 18 Trial Log Prob: 518.8288568493103 Prob: 1.251234361873474 Frac: 0.2544487194902008
Number of steps: 3000 Acceptance Rate: 0.25436
Step: 3180 Walker: 13 Trial Log Prob: 465.45953398403003 Prob: 1.8065215513265347e-20 Frac: 0.2400981814124735
Step: 3357 Walker: 46 Trial Log Prob: 522.1877951528581 Prob: 0.0015547688602567304 Frac: 0.23786842990025775
Step: 3522 Walker: 49 Trial Log Prob: 520.2128527393293 Prob: 0.02460930095714154 Frac: 0.24514349208781946
Step: 3906 Walker: 34 Trial Log Prob: 518.6083715984462 Prob: 0.5332911113119034 Frac: 0.24991166858051408
Number of steps: 4000 Acceptance Rate: 0.25136
Step: 4032 Walker: 41 Trial Log Prob: 496.6174656456462 Prob: 0.0004564704465909354 Frac: 0.25895663104965433
Step: 4535 Walker: 24 Trial Log Prob: 519.1696368273873 Prob: 0.07607585334239723 Frac: 0.24936386768447838
Step: 4733 Walker: 39 Trial Log Prob: 523.3780562501228 Prob: 0.021808303401094836 Frac: 0.25074374300608643
Step: 4774 Walker: 42 Trial Log Prob: 476.35445278139593 Prob: 5.042276033573444e-14 Frac: 0.25180915951617905
Number of steps: 5000 Acceptance Rate: 0.25586
Step: 5435 Walker: 49 Trial Log Prob: 522.38440156351 Prob: 1.6603646425085978 Frac: 0.2597360798197618
Step: 5539 Walker: 3 Trial Log Prob: 519.2991886260041 Prob: 5.874208935079547e-5 Frac: 0.2600453481024421
Step: 5585 Walker: 45 Trial Log Prob: 487.5395124680739 Prob: 5.989107161694068e-7 Frac: 0.26042058471533597
Step: 5591 Walker: 49 Trial Log Prob: 513.3064260116877 Prob: 1.0037132720011424 Frac: 0.26065179870723204
Number of steps: 6000 Acceptance Rate: 0.25744
Step: 6333 Walker: 34 Trial Log Prob: 501.53984404735365 Prob: 0.0005621323183695951 Frac: 0.2530359504629073
Step: 6456 Walker: 48 Trial Log Prob: 509.6603601881306 Prob: 0.6801632716797678 Frac: 0.252478287569085
Step: 6631 Walker: 23 Trial Log Prob: 513.5929681978045 Prob: 0.16516778007322078 Frac: 0.25432224090346733
Number of steps: 7000 Acceptance Rate: 0.25418
Step: 7122 Walker: 18 Trial Log Prob: 496.6600135074495 Prob: 0.0002811199155638952 Frac: 0.2556031641397495
Step: 7423 Walker: 19 Trial Log Prob: -Inf Prob: 0.0 Frac: 0.25735120034092523
Step: 7721 Walker: 3 Trial Log Prob: 500.80284998278086 Prob: 0.006466543650618741 Frac: 0.2610060272755048
Step: 7812 Walker: 15 Trial Log Prob: 511.14001037623075 Prob: 0.19365844532815354 Frac: 0.26002711697275976
Step: 7977 Walker: 47 Trial Log Prob: 515.0057175395131 Prob: 0.6525617102115427 Frac: 0.25999549614101175
Number of steps: 8000 Acceptance Rate: 0.25992
Step: 8286 Walker: 30 Trial Log Prob: 513.7744633404426 Prob: 0.041594363829965994 Frac: 0.25868347338935577
Step: 8827 Walker: 28 Trial Log Prob: 502.3484977900806 Prob: 0.06134122543195939 Frac: 0.2532181571815718
Step: 8839 Walker: 42 Trial Log Prob: 517.1912860580901 Prob: 0.0024259764165235486 Frac: 0.25337370654713653
Number of steps: 9000 Acceptance Rate: 0.25196
Step: 9009 Walker: 13 Trial Log Prob: -Inf Prob: 0.0 Frac: 0.3268765133171913
Step: 9074 Walker: 2 Trial Log Prob: -Inf Prob: 0.0 Frac: 0.25
Step: 9385 Walker: 30 Trial Log Prob: 474.68624002878255 Prob: 5.420160735178024e-14 Frac: 0.24466978679147167
Step: 9426 Walker: 26 Trial Log Prob: 517.3860419408392 Prob: 7.283322999980041 Frac: 0.24417183681143073
Step: 9519 Walker: 14 Trial Log Prob: -Inf Prob: 0.0 Frac: 0.24442386354866097
Step: 9706 Walker: 45 Trial Log Prob: 505.3707229880538 Prob: 0.04100489436995034 Frac: 0.24312225527695142
Step: 9715 Walker: 20 Trial Log Prob: -Inf Prob: 0.0 Frac: 0.24308510638297873
Step: 9720 Walker: 8 Trial Log Prob: 516.4394053509733 Prob: 0.008063488049381382 Frac: 0.2433116413593637
Step: 9963 Walker: 47 Trial Log Prob: 518.3318357091406 Prob: 0.7948293498883864 Frac: 0.24487507009782541
Number of steps: 10000 Acceptance Rate: 0.24522
Step: 10078 Walker: 32 Trial Log Prob: 510.48584051230137 Prob: 0.7020222201959925 Frac: 0.2514167954662545
Step: 10511 Walker: 1 Trial Log Prob: 508.5280567452505 Prob: 4.6649049095768e-7 Frac: 0.23650052939100427
Step: 10893 Walker: 6 Trial Log Prob: 514.3570104307714 Prob: 0.15493393481641585 Frac: 0.23696363717885485
Step: 10898 Walker: 28 Trial Log Prob: 509.9673744030341 Prob: 1.4000970852180956 Frac: 0.2372431926556442
Number of steps: 11000 Acceptance Rate: 0.23718
Step: 11164 Walker: 17 Trial Log Prob: 489.4477331889035 Prob: 8.461132568732713e-10 Frac: 0.2446430757928248
Step: 11601 Walker: 42 Trial Log Prob: 507.4559842534527 Prob: 0.012620501773238715 Frac: 0.253977764463085
Step: 11714 Walker: 24 Trial Log Prob: 520.6528774484857 Prob: 3.412113527194141e-5 Frac: 0.2528452093961989
Number of steps: 12000 Acceptance Rate: 0.25132
Step: 12082 Walker: 13 Trial Log Prob: -Inf Prob: 0.0 Frac: 0.2631060792517844
Step: 12192 Walker: 28 Trial Log Prob: 517.5911597814645 Prob: 1.0701320987465306 Frac: 0.25360200459386095
Step: 12232 Walker: 34 Trial Log Prob: 388.5700523355581 Prob: 1.2399114761860738e-52 Frac: 0.2513812154696133
Step: 12305 Walker: 28 Trial Log Prob: 490.50766664489703 Prob: 1.8515772763611628e-7 Frac: 0.24802994483845547
Step: 12334 Walker: 32 Trial Log Prob: 522.1018008525712 Prob: 0.0024607976269561435 Frac: 0.24697278503776526
Step: 12715 Walker: 40 Trial Log Prob: 516.4982475867934 Prob: 0.15305380803172225 Frac: 0.24283715724678231
Step: 12885 Walker: 41 Trial Log Prob: 496.10412935399313 Prob: 2.736492279574314e-5 Frac: 0.24194751474876247
Step: 12912 Walker: 9 Trial Log Prob: -Inf Prob: 0.0 Frac: 0.24098421826642377
Step: 12928 Walker: 12 Trial Log Prob: -Inf Prob: 0.0 Frac: 0.2414477373711229
Number of steps: 13000 Acceptance Rate: 0.24134
Step: 13016 Walker: 8 Trial Log Prob: 520.0910880520671 Prob: 0.00032959239492134576 Frac: 0.2519788918205805
Step: 13125 Walker: 30 Trial Log Prob: 517.130920846714 Prob: 1.0100486523678078 Frac: 0.24093097913322634
Step: 13752 Walker: 17 Trial Log Prob: 508.2966566299635 Prob: 1.3042260484712098e-8 Frac: 0.23930577368435063
Number of steps: 14000 Acceptance Rate: 0.23648
Step: 14051 Walker: 37 Trial Log Prob: 508.27122821811093 Prob: 0.681536004492326 Frac: 0.2364998029168309
Step: 14246 Walker: 48 Trial Log Prob: -Inf Prob: 0.0 Frac: 0.23499756057895593
Step: 14286 Walker: 20 Trial Log Prob: 494.79444840322526 Prob: 1.7703239543059968e-7 Frac: 0.23230553608969867
Step: 14566 Walker: 18 Trial Log Prob: 503.75616474214996 Prob: 0.016211743446495695 Frac: 0.23570822131031555
Step: 14776 Walker: 33 Trial Log Prob: -Inf Prob: 0.0 Frac: 0.23592811283294227
Step: 14965 Walker: 44 Trial Log Prob: 347.96423236405315 Prob: 9.95273374818581e-70 Frac: 0.23248486858469447
Number of steps: 15000 Acceptance Rate: 0.23192
Step: 15039 Walker: 41 Trial Log Prob: 516.5246739916288 Prob: 0.20482913347730375 Frac: 0.22926326635754765
Step: 15208 Walker: 45 Trial Log Prob: -Inf Prob: 0.0 Frac: 0.23347763347763348
Step: 15418 Walker: 14 Trial Log Prob: 516.8603563378872 Prob: 0.8260462732440437 Frac: 0.22742523006134968
Step: 15566 Walker: 49 Trial Log Prob: 521.5800839265956 Prob: 0.0019498499379058188 Frac: 0.22862998692533304
Step: 15781 Walker: 48 Trial Log Prob: 523.0041452032228 Prob: 0.009916526540926557 Frac: 0.23284163081335793
Number of steps: 16000 Acceptance Rate: 0.23394
Step: 16101 Walker: 12 Trial Log Prob: 518.904606823529 Prob: 0.018551113283856925 Frac: 0.235634477254589
Step: 16324 Walker: 17 Trial Log Prob: 511.6085000222927 Prob: 0.4517953019061368 Frac: 0.24160326591204306
Step: 16364 Walker: 32 Trial Log Prob: 500.2919946545175 Prob: 0.04377688252715029 Frac: 0.24056759432405675
Step: 16612 Walker: 8 Trial Log Prob: 519.0626599920552 Prob: 0.715753829928477 Frac: 0.2395444728058119
Step: 16736 Walker: 37 Trial Log Prob: 517.2190362308943 Prob: 0.003586228109128241 Frac: 0.23902465544893575
Step: 16739 Walker: 21 Trial Log Prob: 508.306317319979 Prob: 0.03581631069155406 Frac: 0.2387530131903253
Number of steps: 17000 Acceptance Rate: 0.23878
Step: 17021 Walker: 9 Trial Log Prob: 517.8310092399997 Prob: 0.10257059175507911 Frac: 0.24182358771060455
Step: 17179 Walker: 48 Trial Log Prob: 521.4828354139883 Prob: 0.6431051270515593 Frac: 0.2445239159588735
Step: 17344 Walker: 7 Trial Log Prob: 507.8878552336507 Prob: 0.7087642080532671 Frac: 0.24625517281576034
Step: 17438 Walker: 45 Trial Log Prob: 505.37289114883816 Prob: 0.0023563508289923952 Frac: 0.24585521808632108
Step: 17837 Walker: 26 Trial Log Prob: 480.01449091921376 Prob: 1.6457253727161182e-12 Frac: 0.2453975995792091
Number of steps: 18000 Acceptance Rate: 0.24342
Step: 18209 Walker: 44 Trial Log Prob: 518.6852599726908 Prob: 0.0326610239337644 Frac: 0.23611643048640368
Step: 18335 Walker: 8 Trial Log Prob: 513.8922288332715 Prob: 0.22837343250523554 Frac: 0.2364735456068949
Step: 18335 Walker: 9 Trial Log Prob: 518.9798272948324 Prob: 0.00304139285486303 Frac: 0.23645939314142078
Step: 18626 Walker: 43 Trial Log Prob: 518.8761779901686 Prob: 0.03432151717583923 Frac: 0.23800850030358228
Step: 18749 Walker: 29 Trial Log Prob: 441.28191993443204 Prob: 6.435712465758135e-30 Frac: 0.23797055758903524
Step: 18843 Walker: 33 Trial Log Prob: 484.97178553850745 Prob: 1.5886957005621363e-10 Frac: 0.238174352645195
Step: 18914 Walker: 13 Trial Log Prob: 516.0997420176561 Prob: 0.16592044399455688 Frac: 0.23934038499441562
Number of steps: 19000 Acceptance Rate: 0.23982
Step: 19597 Walker: 15 Trial Log Prob: -Inf Prob: 0.0 Frac: 0.24212644641958744
Step: 19709 Walker: 32 Trial Log Prob: 517.9070413794658 Prob: 2.106602786793024 Frac: 0.24288778505305939
Step: 19860 Walker: 41 Trial Log Prob: 511.72642127805557 Prob: 0.021429210022422953 Frac: 0.24409760182363752
Step: 19958 Walker: 24 Trial Log Prob: 509.4059005148984 Prob: 0.2407862977147622 Frac: 0.24370221832309813
Step: 19992 Walker: 8 Trial Log Prob: -Inf Prob: 0.0 Frac: 0.24367407885709674
Number of steps: 20000 Acceptance Rate: 0.24394
Step: 20011 Walker: 2 Trial Log Prob: 509.08368114483227 Prob: 1.10637365503096 Frac: 0.24701195219123506
Step: 20139 Walker: 50 Trial Log Prob: 481.34326008119706 Prob: 1.0279367635370973e-8 Frac: 0.23913669064748203
Step: 20321 Walker: 6 Trial Log Prob: 490.8280565760818 Prob: 1.0994147330071788e-5 Frac: 0.24140947144820693
Step: 20374 Walker: 33 Trial Log Prob: 521.7462946285998 Prob: 0.1030795654719408 Frac: 0.24300165926243109
Number of steps: 21000 Acceptance Rate: 0.23994
Step: 21873 Walker: 18 Trial Log Prob: -Inf Prob: 0.0 Frac: 0.24315649502498968
Step: 21968 Walker: 5 Trial Log Prob: 484.13868045976517 Prob: 1.3453532165732615e-6 Frac: 0.24320132354461793
Number of steps: 22000 Acceptance Rate: 0.24328
Step: 22004 Walker: 6 Trial Log Prob: 519.0783203353124 Prob: 0.0009503932647318057 Frac: 0.2564102564102564
Step: 22060 Walker: 34 Trial Log Prob: 519.304654837155 Prob: 1.5696441930191871 Frac: 0.23927613941018766
Step: 22523 Walker: 49 Trial Log Prob: 512.9232777095365 Prob: 0.7597343358347343 Frac: 0.24658686756663734
Step: 22717 Walker: 25 Trial Log Prob: 520.3775038383884 Prob: 0.00013819158392092387 Frac: 0.24778785764131192
Number of steps: 23000 Acceptance Rate: 0.2474
Step: 23460 Walker: 40 Trial Log Prob: -Inf Prob: 0.0 Frac: 0.2545454545454545
Step: 23599 Walker: 6 Trial Log Prob: -Inf Prob: 0.0 Frac: 0.2510533003410687
Number of steps: 24000 Acceptance Rate: 0.24786
Step: 24319 Walker: 5 Trial Log Prob: 515.6188345827443 Prob: 0.9343617140702365 Frac: 0.24218799119773657
Number of steps: 25000 Acceptance Rate: 0.2385
Step: 25062 Walker: 31 Trial Log Prob: 519.8058024776087 Prob: 2.7851282024479018e-5 Frac: 0.2388834793898085
Step: 25153 Walker: 49 Trial Log Prob: 510.79418257907986 Prob: 1.5625965238663382e-6 Frac: 0.2371551836841417
Step: 25317 Walker: 25 Trial Log Prob: 502.7171732830848 Prob: 7.89432616806403e-5 Frac: 0.2296998420221169
Step: 25564 Walker: 12 Trial Log Prob: -Inf Prob: 0.0 Frac: 0.23492649669767773
Step: 25604 Walker: 18 Trial Log Prob: 487.6193595565114 Prob: 2.19052309965633e-8 Frac: 0.23551445239989394
Step: 25686 Walker: 28 Trial Log Prob: 512.9106885011157 Prob: 0.9203587080303691 Frac: 0.23630316821284789
Step: 25893 Walker: 44 Trial Log Prob: 498.4088023779921 Prob: 4.463128383946482e-5 Frac: 0.2389570826986829
Step: 25954 Walker: 31 Trial Log Prob: 513.6227446738607 Prob: 0.35069761455244675 Frac: 0.23957131771565193
Number of steps: 26000 Acceptance Rate: 0.24036
Step: 26275 Walker: 41 Trial Log Prob: -Inf Prob: 0.0 Frac: 0.24321373990248163
Step: 26713 Walker: 48 Trial Log Prob: 485.75530256336657 Prob: 1.4265355888374458e-8 Frac: 0.24248204667863554
Step: 26933 Walker: 46 Trial Log Prob: 521.954852486475 Prob: 0.022404145654992116 Frac: 0.24164987351541398
Number of steps: 27000 Acceptance Rate: 0.24196
Step: 27482 Walker: 10 Trial Log Prob: 520.9299287434471 Prob: 0.0006445160851568241 Frac: 0.2412718204488778
Step: 27653 Walker: 18 Trial Log Prob: 483.0952883232283 Prob: 1.4077586320010561e-11 Frac: 0.24078729535839108
Step: 27716 Walker: 6 Trial Log Prob: 519.914889859129 Prob: 0.002948824005603925 Frac: 0.23954021702651304
Step: 27821 Walker: 15 Trial Log Prob: 507.93329906808503 Prob: 0.04562039035254892 Frac: 0.24015604047299768
Step: 27958 Walker: 34 Trial Log Prob: 488.2427567533073 Prob: 7.188969516083039e-7 Frac: 0.23922395789825412
Number of steps: 28000 Acceptance Rate: 0.23964
Step: 28069 Walker: 47 Trial Log Prob: 506.952625524643 Prob: 0.2008852822909876 Frac: 0.23672758920800696
Step: 28401 Walker: 31 Trial Log Prob: 509.84743482198326 Prob: 0.05835654995527947 Frac: 0.24157555788527782
Step: 28475 Walker: 14 Trial Log Prob: 520.2462320732958 Prob: 5.822772496070546e-6 Frac: 0.2405751876528633
Step: 28912 Walker: 39 Trial Log Prob: 514.518350187044 Prob: 0.19191879681053392 Frac: 0.23803987804075544
Number of steps: 29000 Acceptance Rate: 0.23692
Step: 29030 Walker: 25 Trial Log Prob: 519.655300272156 Prob: 0.3604272837536282 Frac: 0.2216949152542373
Step: 29098 Walker: 1 Trial Log Prob: 509.80423444076126 Prob: 0.0011914142080520589 Frac: 0.24077509791795507
Step: 29131 Walker: 19 Trial Log Prob: 503.0680712959274 Prob: 0.001613473778265983 Frac: 0.2377665286086823
Step: 29144 Walker: 9 Trial Log Prob: 523.6528095657627 Prob: 0.011041517422712163 Frac: 0.23606648973320296
Step: 29235 Walker: 40 Trial Log Prob: -Inf Prob: 0.0 Frac: 0.23824531516183986
Step: 29260 Walker: 10 Trial Log Prob: 519.0434520484661 Prob: 0.16775729234476702 Frac: 0.23711419753086418
Step: 29462 Walker: 2 Trial Log Prob: 508.9308045350064 Prob: 0.0039702729596510335 Frac: 0.23390595176123546
Step: 29626 Walker: 5 Trial Log Prob: 506.9875770914304 Prob: 1.3977934341364247e-10 Frac: 0.2345224764037754
Number of steps: 30000 Acceptance Rate: 0.23748
Step: 30403 Walker: 49 Trial Log Prob: 503.5439513882487 Prob: 0.11055812050976153 Frac: 0.22944066703062188
Step: 30657 Walker: 48 Trial Log Prob: 498.15805644824394 Prob: 3.5205637542691805e-6 Frac: 0.2325864588407209
Step: 30986 Walker: 11 Trial Log Prob: -Inf Prob: 0.0 Frac: 0.2361300014210024
Number of steps: 31000 Acceptance Rate: 0.23628
Step: 31154 Walker: 50 Trial Log Prob: 477.8309507628726 Prob: 4.4574246135512404e-10 Frac: 0.25
Step: 31521 Walker: 4 Trial Log Prob: 511.82975667606746 Prob: 0.7544179086195056 Frac: 0.24842331948930935
Step: 31833 Walker: 29 Trial Log Prob: 513.378686284245 Prob: 0.14955765360374226 Frac: 0.247327584136059
Number of steps: 32000 Acceptance Rate: 0.24558
Step: 32021 Walker: 10 Trial Log Prob: 514.8982127264748 Prob: 0.6831008026538776 Frac: 0.21287128712871287
Step: 32163 Walker: 4 Trial Log Prob: 505.09012281651684 Prob: 9.420728029123782e-7 Frac: 0.2281589338598223
Step: 32245 Walker: 38 Trial Log Prob: 524.1581435036829 Prob: 0.0005846640335148148 Frac: 0.2307566595848995
Step: 32284 Walker: 34 Trial Log Prob: 511.55385883103276 Prob: 0.00026497388941421746 Frac: 0.23202199661590525
Step: 32553 Walker: 44 Trial Log Prob: 519.3184069134445 Prob: 0.3501031875820621 Frac: 0.23516857184199103
Number of steps: 33000 Acceptance Rate: 0.23594
Step: 33191 Walker: 36 Trial Log Prob: 493.1023897726974 Prob: 1.8325205240683455e-8 Frac: 0.24643456375838926
Step: 33234 Walker: 50 Trial Log Prob: 509.13163538230344 Prob: 0.6180201236219725 Frac: 0.2452136752136752
Step: 33423 Walker: 30 Trial Log Prob: 500.3078860583479 Prob: 0.014274219387710941 Frac: 0.24060577378135353
Step: 33494 Walker: 22 Trial Log Prob: 515.9591619960813 Prob: 1.8078849517383737 Frac: 0.23812418936446172
Step: 33823 Walker: 46 Trial Log Prob: 456.5294504072667 Prob: 7.71616939228011e-20 Frac: 0.23411753268847518
Number of steps: 34000 Acceptance Rate: 0.23376
Step: 34481 Walker: 49 Trial Log Prob: -Inf Prob: 0.0 Frac: 0.2338558775832675
Number of steps: 35000 Acceptance Rate: 0.24172
Step: 35103 Walker: 23 Trial Log Prob: 521.398408785459 Prob: 0.23782517347072993 Frac: 0.25492875268397425
Step: 35198 Walker: 36 Trial Log Prob: 515.8108482183826 Prob: 0.03438531961338159 Frac: 0.24307100950839572
Step: 35282 Walker: 35 Trial Log Prob: 519.403454201699 Prob: 0.5526430889503361 Frac: 0.23755768548100817
Step: 35390 Walker: 17 Trial Log Prob: -Inf Prob: 0.0 Frac: 0.2383520830122772
Step: 35739 Walker: 42 Trial Log Prob: 518.5780325074363 Prob: 2.6282301194325113 Frac: 0.24294840560879216
Step: 35933 Walker: 27 Trial Log Prob: 506.5068063707716 Prob: 0.017833937196569727 Frac: 0.24294936410234413
Number of steps: 36000 Acceptance Rate: 0.24204
Step: 36024 Walker: 25 Trial Log Prob: 518.4147217265455 Prob: 0.7186712065175282 Frac: 0.2246808510638298
Step: 36195 Walker: 28 Trial Log Prob: -Inf Prob: 0.0 Frac: 0.24434621710526316
Step: 36215 Walker: 16 Trial Log Prob: 507.9480867823917 Prob: 0.009159677782735187 Frac: 0.24468085106382978
Step: 36255 Walker: 7 Trial Log Prob: 521.0082547446606 Prob: 0.07420909137678633 Frac: 0.2457700480050366
Step: 36382 Walker: 18 Trial Log Prob: -Inf Prob: 0.0 Frac: 0.24711558632263478
Step: 36396 Walker: 37 Trial Log Prob: 518.3988980562192 Prob: 0.0006984430040700418 Frac: 0.24804164350331026
Step: 36483 Walker: 30 Trial Log Prob: 511.47623879277654 Prob: 0.6871576519765934 Frac: 0.2467882304185661
Step: 36761 Walker: 21 Trial Log Prob: 518.3876460792513 Prob: 0.13836831746487374 Frac: 0.24320770100733805
Number of steps: 37000 Acceptance Rate: 0.23882
Step: 37046 Walker: 24 Trial Log Prob: 507.1353534964292 Prob: 0.007042235198508919 Frac: 0.2233948988566403
Step: 37304 Walker: 16 Trial Log Prob: 495.9045968689942 Prob: 3.752624392436556e-5 Frac: 0.22253725438480812
Step: 37342 Walker: 43 Trial Log Prob: 511.14950625337326 Prob: 0.00011446386864514678 Frac: 0.22477037383724333
Step: 37423 Walker: 11 Trial Log Prob: 515.1582892089955 Prob: 0.038475918330023756 Frac: 0.22618540097579462
Step: 37511 Walker: 3 Trial Log Prob: 501.1466815147387 Prob: 8.370148390203966e-7 Frac: 0.22989452221307297
Number of steps: 38000 Acceptance Rate: 0.23128
Step: 38445 Walker: 48 Trial Log Prob: -Inf Prob: 0.0 Frac: 0.23049262855088098
Step: 38583 Walker: 40 Trial Log Prob: 522.6142008832903 Prob: 0.00611216910385983 Frac: 0.2316060398078243
Step: 38590 Walker: 16 Trial Log Prob: 468.33327490799167 Prob: 4.659348810445036e-14 Frac: 0.2315889499762438
Number of steps: 39000 Acceptance Rate: 0.2321
Step: 39127 Walker: 19 Trial Log Prob: -Inf Prob: 0.0 Frac: 0.23500553885108402
Step: 39494 Walker: 4 Trial Log Prob: 510.04403368334033 Prob: 2.611167941467131 Frac: 0.22973959600876126
Step: 39558 Walker: 50 Trial Log Prob: 504.2705162774886 Prob: 0.0353588078904093 Frac: 0.22874551971326165
Step: 39751 Walker: 48 Trial Log Prob: -Inf Prob: 0.0 Frac: 0.2265899648449984
Step: 39791 Walker: 38 Trial Log Prob: 498.94513369093465 Prob: 0.0003477070646056625 Frac: 0.2261368809752643
Step: 39968 Walker: 49 Trial Log Prob: 504.2066543142985 Prob: 0.5545024215532708 Frac: 0.22742205417467304
Number of steps: 40000 Acceptance Rate: 0.22756
Step: 40031 Walker: 43 Trial Log Prob: 497.0356120292177 Prob: 0.0014424207767083149 Frac: 0.23784834737524305
Step: 40520 Walker: 45 Trial Log Prob: 522.1462269852343 Prob: 0.03477715466521596 Frac: 0.23150605885747258
Step: 40692 Walker: 15 Trial Log Prob: 508.4127038826073 Prob: 2.19912495625682 Frac: 0.23599016346014756
Step: 40741 Walker: 19 Trial Log Prob: 520.1612620366501 Prob: 9.94603449466956e-6 Frac: 0.23668926767335693
Number of steps: 41000 Acceptance Rate: 0.24094
Step: 41070 Walker: 6 Trial Log Prob: 518.539276211558 Prob: 0.032353423084360865 Frac: 0.234375
Step: 41300 Walker: 14 Trial Log Prob: 522.6044039564055 Prob: 0.05515912418751259 Frac: 0.2393076717455226
Step: 41411 Walker: 27 Trial Log Prob: 519.4571122053145 Prob: 0.004032828821174205 Frac: 0.23983046718955522
Step: 41711 Walker: 18 Trial Log Prob: 517.2267846682051 Prob: 1.2095543946812501 Frac: 0.24066670420631792
Step: 41962 Walker: 26 Trial Log Prob: -Inf Prob: 0.0 Frac: 0.24115983026874116
Step: 41963 Walker: 48 Trial Log Prob: 524.0141814831635 Prob: 0.0034086744927978303 Frac: 0.2412353576472543
Step: 41995 Walker: 28 Trial Log Prob: 495.4648054843701 Prob: 1.890892048225865e-6 Frac: 0.2405888030888031
Number of steps: 42000 Acceptance Rate: 0.2406
Step: 42494 Walker: 32 Trial Log Prob: 503.84549119026855 Prob: 0.00018880791214817333 Frac: 0.2484806741755125
Step: 42496 Walker: 27 Trial Log Prob: -Inf Prob: 0.0 Frac: 0.24861766961294748
Step: 42578 Walker: 43 Trial Log Prob: 501.6695100813634 Prob: 1.0795670936528082e-9 Frac: 0.2481916035025785
Number of steps: 43000 Acceptance Rate: 0.25064
Step: 43078 Walker: 28 Trial Log Prob: 468.6168503213928 Prob: 6.842884570203861e-17 Frac: 0.24161939143888603
Step: 43557 Walker: 18 Trial Log Prob: 514.3243091328724 Prob: 0.8196316630148353 Frac: 0.2441944064993889
Step: 43738 Walker: 45 Trial Log Prob: 495.8273461956214 Prob: 1.7092967201748923e-7 Frac: 0.24523648190811764
Number of steps: 44000 Acceptance Rate: 0.24572
Step: 44184 Walker: 40 Trial Log Prob: 515.8018072073529 Prob: 4.958302976498007 Frac: 0.24885745375408053
Step: 44426 Walker: 46 Trial Log Prob: 491.67021209214477 Prob: 2.6504473525824045e-6 Frac: 0.24549211119459052
Step: 44445 Walker: 36 Trial Log Prob: 507.21680521795696 Prob: 0.2402389187914829 Frac: 0.24496312286382443
Step: 44533 Walker: 4 Trial Log Prob: -Inf Prob: 0.0 Frac: 0.2456021650879567
Step: 44650 Walker: 24 Trial Log Prob: 483.7136504111626 Prob: 3.798859309079077e-13 Frac: 0.245365523187781
Number of steps: 45000 Acceptance Rate: 0.24476
Step: 45093 Walker: 8 Trial Log Prob: 506.3753854579164 Prob: 0.08489079508185629 Frac: 0.2263454861111111
Step: 45096 Walker: 19 Trial Log Prob: 520.8583362496224 Prob: 0.04097103709048527 Frac: 0.2256238205074439
Step: 45169 Walker: 48 Trial Log Prob: 512.8577832101395 Prob: 1.7676472375517626e-7 Frac: 0.2284564393939394
Step: 45562 Walker: 32 Trial Log Prob: 508.31186502092044 Prob: 0.10672820243369516 Frac: 0.2342069653158607
Step: 45697 Walker: 10 Trial Log Prob: 516.0161334128301 Prob: 5.086030720533573 Frac: 0.23320884803217468
Step: 45808 Walker: 33 Trial Log Prob: 520.3147364081276 Prob: 0.43288100459131235 Frac: 0.2351236906619122
Step: 45897 Walker: 47 Trial Log Prob: 524.5133116975785 Prob: 0.05804762445995866 Frac: 0.2362476865788124
Step: 45995 Walker: 25 Trial Log Prob: 506.292187926141 Prob: 0.14554011879529605 Frac: 0.23623931623931624
Number of steps: 46000 Acceptance Rate: 0.23612
Number of steps: 47000 Acceptance Rate: 0.23122
Step: 47054 Walker: 42 Trial Log Prob: 509.65509824124337 Prob: 0.375907087069452 Frac: 0.24591381872213966
Step: 47171 Walker: 50 Trial Log Prob: 503.5051301898599 Prob: 2.371772958654482e-5 Frac: 0.24701754385964914
Step: 47735 Walker: 18 Trial Log Prob: 509.9478618691007 Prob: 0.6054056259245975 Frac: 0.2453292662999074
Number of steps: 48000 Acceptance Rate: 0.24522
Step: 48434 Walker: 34 Trial Log Prob: 509.8307930548894 Prob: 0.10714563080743686 Frac: 0.2425290536801328
Number of steps: 49000 Acceptance Rate: 0.24686
Step: 49204 Walker: 9 Trial Log Prob: 509.9732951355144 Prob: 0.9407615853405435 Frac: 0.24716999704695344
Step: 49293 Walker: 26 Trial Log Prob: 501.5453678002148 Prob: 0.00015973450066161267 Frac: 0.2512648707780665
Step: 49456 Walker: 39 Trial Log Prob: 519.9368210733621 Prob: 0.0014524602983245034 Frac: 0.25310456799333014
Step: 49643 Walker: 28 Trial Log Prob: 510.86349170667995 Prob: 0.9828982963700051 Frac: 0.25202315737051795
Step: 49684 Walker: 15 Trial Log Prob: 519.411343054739 Prob: 0.04195890955189961 Frac: 0.25171959607785743
Step: 49895 Walker: 15 Trial Log Prob: 495.0779577842055 Prob: 0.00033521121045629505 Frac: 0.24792575198479258
Step: 49992 Walker: 18 Trial Log Prob: 512.3508494468125 Prob: 0.000366239621962547 Frac: 0.24608618463524853
Number of steps: 50000 Acceptance Rate: 0.2459
Burn-in Number (ends): 3292
Independent Sample Size: 2324.836154445937
1170.768597 seconds (92.25 M allocations: 748.390 GiB, 8.92% gc time)
