args = ["full", "90.0", "25", "ppmp"]
Initial parameters: [3.0e-6, 224.70078406221324, 2.433503768546258e6, 0.01, 0.01, 3.0e-6, 365.2564063076733, 2.4336244081999785e6, 0.01, 0.01]
Initial chi-square: 173.7349035343768
Finished 2-planet fit: [4.899419383921921e-6, 224.70078852043952, 2.4335037684981558e6, -0.000912553392650174, 0.008713401710246357, 2.93973024426908e-6, 365.2564067373695, 2.4336244081830513e6, 0.015821498988059606, 0.008075883760805357]
New 2-planet chi-square: 133.49593597291587
Finished 3-planet fit w/ fixed period: [4.8719666314395956e-6, 224.70079265368622, 2.433503768376208e6, -0.011680737448529592, 0.015177918451560897, 2.8617889714586694e-6, 365.25641650620287, 2.4336244079389716e6, 0.006487227468042069, 0.01568031876965363, 0.0014449777302078329, 4222.252111646869, 2.4387806180312107e6, 0.08222231612102288, -0.0385424918829566]
Finished global 3-planet fit.
New 3-planet chi-square: 71.28059520023201
Maximum: -138.66528433222715 Param: [4.87149883144098e-6, 224.70079265880892, 2.4335037683760053e6, -0.0116374670487805, 0.015024979344864357, 2.862079579868194e-6, 365.2564167325452, 2.4336244079349153e6, 0.006545331399762003, 0.015564847461289142, 0.0014413028391457364, 4219.676880445539, 2.438782230720801e6, 0.0820516765670908, -0.03857291045890092]
Finished lunar search.
3-planet lunar chi-square: 62.60614006974945
Maximum: -134.448059118016 Param: [3.1192601018669763e-6, 224.70079127351562, 2.433503768399534e6, 0.004950234263781797, 0.020844861295767878, 2.9707142107179645e-6, 365.2564172930384, 2.4336244079466546e6, 0.01867938918846606, 0.019515896858325846, 0.0010700779956974253, 4180.019521791112, 2.43885978764041e6, 0.06136020891197588, -0.04102088168434662, -0.00046472707397613865, -0.001406667639498529, 2.2901305605449984]
1259.860812 seconds (562.32 M allocations: 60.219 GiB, 0.63% gc time)
Parameters from fit: [3.1192601018669763e-6, 224.70079127351562, 2.433503768399534e6, 0.004950234263781797, 0.020844861295767878, 2.9707142107179645e-6, 365.2564172930384, 2.4336244079466546e6, 0.01867938918846606, 0.019515896858325846, 0.0010700779956974253, 4180.019521791112, 2.43885978764041e6, 0.06136020891197588, -0.04102088168434662, -0.00046472707397613865, -0.001406667639498529, 2.2901305605449984]
Maximum log Prob from fit: -134.448059118016
Step: 191 Walker: 9 Trial Log Prob: 372.8126659182244 Prob: 2.346632080211791e-21 Frac: 0.29761278788516143
Step: 370 Walker: 6 Trial Log Prob: 408.8839735906231 Prob: 5.413985744671319e-6 Frac: 0.2950801907238838
Step: 444 Walker: 18 Trial Log Prob: 437.07841698174605 Prob: 0.29081635506361864 Frac: 0.2951100685673042
Step: 559 Walker: 15 Trial Log Prob: 419.0443141980489 Prob: 0.13425217101773604 Frac: 0.29271001253806195
Step: 826 Walker: 33 Trial Log Prob: 425.43313223471176 Prob: 1.055489852193527 Frac: 0.2918150328222271
Number of steps: 1000 Acceptance Rate: 0.28846
Step: 1072 Walker: 17 Trial Log Prob: 432.2324903861325 Prob: 6.395014087332556e-5 Frac: 0.2879170171012055
Step: 1091 Walker: 2 Trial Log Prob: 387.3318152423212 Prob: 1.25663354326609e-10 Frac: 0.28431808085295424
Step: 1120 Walker: 28 Trial Log Prob: 434.339612252821 Prob: 0.0006148518988420095 Frac: 0.2813650050184008
Step: 1152 Walker: 31 Trial Log Prob: -Inf Prob: 0.0 Frac: 0.28149320670096295
Step: 1936 Walker: 40 Trial Log Prob: 406.4853262494607 Prob: 9.562197118366349e-5 Frac: 0.27202393673861935
Number of steps: 2000 Acceptance Rate: 0.27108
Step: 2223 Walker: 37 Trial Log Prob: 364.7300395639929 Prob: 1.8684501842068318e-23 Frac: 0.26362575199784505
Step: 2238 Walker: 1 Trial Log Prob: 412.4927352507658 Prob: 0.5315767547786716 Frac: 0.2641971141675808
Step: 2248 Walker: 35 Trial Log Prob: -Inf Prob: 0.0 Frac: 0.2629794105773113
Step: 2451 Walker: 3 Trial Log Prob: 395.331083597203 Prob: 9.213080207582242e-11 Frac: 0.2624538950362174
Step: 2731 Walker: 44 Trial Log Prob: 380.8684451485172 Prob: 3.0624984069257893e-16 Frac: 0.2592491243432574
Number of steps: 3000 Acceptance Rate: 0.26022
Step: 3191 Walker: 5 Trial Log Prob: 423.568845006955 Prob: 1.5864670557593614 Frac: 0.25270910047343503
Step: 3410 Walker: 43 Trial Log Prob: 423.3506144129218 Prob: 0.5851532674021258 Frac: 0.25794173620260574
Step: 3446 Walker: 18 Trial Log Prob: -Inf Prob: 0.0 Frac: 0.2581282557930663
Step: 3612 Walker: 37 Trial Log Prob: 411.97392154289514 Prob: 0.01286955177976502 Frac: 0.2604701343708111
Step: 3715 Walker: 39 Trial Log Prob: 431.6716852032081 Prob: 0.0017313277500237904 Frac: 0.25918464422619547
Step: 3947 Walker: 9 Trial Log Prob: 386.9002554794557 Prob: 8.443466592153535e-13 Frac: 0.2575619860914414
Step: 3986 Walker: 12 Trial Log Prob: 425.45382138248533 Prob: 1.2289559177999148 Frac: 0.25695262068125535
Number of steps: 4000 Acceptance Rate: 0.25742
Step: 4181 Walker: 3 Trial Log Prob: 378.26694940500295 Prob: 7.955400214640345e-16 Frac: 0.2508052871265134
Step: 4225 Walker: 48 Trial Log Prob: 430.91554724310544 Prob: 0.4233953117286245 Frac: 0.24804409672830727
Step: 4328 Walker: 3 Trial Log Prob: 430.44367287675215 Prob: 0.294928663487783 Frac: 0.2444811349599462
Step: 4707 Walker: 34 Trial Log Prob: 395.98189889118055 Prob: 1.6696810169673104e-7 Frac: 0.23999547178355127
Step: 4996 Walker: 43 Trial Log Prob: 420.2212847026933 Prob: 0.09876246749255835 Frac: 0.24041531942240876
Number of steps: 5000 Acceptance Rate: 0.24064
Step: 5042 Walker: 4 Trial Log Prob: 374.1744120444832 Prob: 6.5636382063840536e-18 Frac: 0.24050632911392406
Step: 5104 Walker: 26 Trial Log Prob: 428.71562241263945 Prob: 0.832868688534977 Frac: 0.23338485316846985
Step: 5635 Walker: 46 Trial Log Prob: 395.07575445601094 Prob: 1.876885319826099e-8 Frac: 0.22538272538272539
Step: 5655 Walker: 5 Trial Log Prob: 429.4395076016125 Prob: 0.22830748217453542 Frac: 0.22501146613667636
Step: 5707 Walker: 36 Trial Log Prob: 422.24219787722296 Prob: 2.6659149067213717e-8 Frac: 0.22447362463210324
Step: 5882 Walker: 49 Trial Log Prob: -Inf Prob: 0.0 Frac: 0.21918864373341798
Number of steps: 6000 Acceptance Rate: 0.2184
Step: 6174 Walker: 15 Trial Log Prob: 407.77155856523007 Prob: 9.500725757301141e-8 Frac: 0.20877091748413157
Number of steps: 7000 Acceptance Rate: 0.19786
Step: 7035 Walker: 48 Trial Log Prob: 377.6887401237662 Prob: 1.04480354630394e-18 Frac: 0.17906178489702518
Step: 7072 Walker: 14 Trial Log Prob: 402.48479956784803 Prob: 8.353092039786404e-8 Frac: 0.15993265993265993
Step: 7135 Walker: 48 Trial Log Prob: 426.4647057821283 Prob: 6.424018883335974e-7 Frac: 0.17427385892116182
Step: 7616 Walker: 6 Trial Log Prob: 426.67270509494193 Prob: 0.0003503831362494185 Frac: 0.1664390687995838
Step: 7630 Walker: 13 Trial Log Prob: 404.0360151022063 Prob: 1.0291341811921138e-10 Frac: 0.16613164669611924
Step: 7788 Walker: 9 Trial Log Prob: 419.78990020421253 Prob: 2.958557653808124e-10 Frac: 0.16433344343098147
Step: 7866 Walker: 17 Trial Log Prob: 409.6941526046792 Prob: 2.623877580256844e-6 Frac: 0.1632884184251277
Number of steps: 8000 Acceptance Rate: 0.16112
Step: 8150 Walker: 20 Trial Log Prob: -Inf Prob: 0.0 Frac: 0.14149933065595716
Step: 8236 Walker: 4 Trial Log Prob: 436.09665977883253 Prob: 0.0637742994445977 Frac: 0.1432703760421984
Step: 8360 Walker: 38 Trial Log Prob: 385.9338394501661 Prob: 1.589504008005662e-17 Frac: 0.14187235935067824
Step: 8537 Walker: 25 Trial Log Prob: 423.27262566321866 Prob: 3.3952748419527885 Frac: 0.13744641192917054
Step: 8744 Walker: 28 Trial Log Prob: -Inf Prob: 0.0 Frac: 0.137419979557803
Number of steps: 9000 Acceptance Rate: 0.13738
Step: 9240 Walker: 15 Trial Log Prob: 410.4980025195858 Prob: 8.152514455039614e-10 Frac: 0.13414124529878813
Step: 9423 Walker: 50 Trial Log Prob: 405.8706255756846 Prob: 1.5462841573356483e-8 Frac: 0.1422695035460993
Step: 9490 Walker: 7 Trial Log Prob: 420.88492087424106 Prob: 0.012751835918764777 Frac: 0.14102301999427566
Step: 9519 Walker: 8 Trial Log Prob: 430.607627204222 Prob: 0.0024675127350764583 Frac: 0.14072873243785702
Step: 10000 Walker: 21 Trial Log Prob: 418.0051165254209 Prob: 0.001224598610333241 Frac: 0.1337775910027816
Number of steps: 10000 Acceptance Rate: 0.1338
Step: 10251 Walker: 11 Trial Log Prob: 427.9121635880876 Prob: 0.001529772390942781 Frac: 0.12628886579809767
Step: 10449 Walker: 37 Trial Log Prob: 435.28417893524664 Prob: 0.00042947872004851827 Frac: 0.12448188260462628
Step: 10509 Walker: 48 Trial Log Prob: 393.73369495992654 Prob: 1.5770437623348935e-7 Frac: 0.12232788431310909
Step: 10932 Walker: 24 Trial Log Prob: 404.98954739853144 Prob: 1.803637363826601e-13 Frac: 0.12305148795465282
Number of steps: 11000 Acceptance Rate: 0.12256
Step: 11131 Walker: 10 Trial Log Prob: 426.69151208815595 Prob: 0.0002756299091794986 Frac: 0.11950844854070661
Step: 11665 Walker: 26 Trial Log Prob: 379.5363197778625 Prob: 1.1585353673398961e-20 Frac: 0.12297598266417865
Step: 11778 Walker: 3 Trial Log Prob: 408.7116222909445 Prob: 9.755952316771931e-10 Frac: 0.12302782281934471
Step: 11898 Walker: 12 Trial Log Prob: 410.1648835612827 Prob: 2.242094252831496e-8 Frac: 0.12219695956488788
Number of steps: 12000 Acceptance Rate: 0.12206
Step: 12172 Walker: 36 Trial Log Prob: 432.3562677833641 Prob: 0.8341839336265814 Frac: 0.11099464244118332
Step: 12224 Walker: 43 Trial Log Prob: 394.3890437479549 Prob: 1.118875192047048e-18 Frac: 0.11283838113106406
Step: 12307 Walker: 39 Trial Log Prob: 403.8849941705158 Prob: 1.3334285764668898e-11 Frac: 0.11376230523502184
Step: 12492 Walker: 12 Trial Log Prob: 432.0846431876878 Prob: 1.892992442178995 Frac: 0.11464864424721113
Step: 12542 Walker: 22 Trial Log Prob: -Inf Prob: 0.0 Frac: 0.11447251773049645
Step: 12638 Walker: 45 Trial Log Prob: 422.68447974242315 Prob: 2.0553979282383642e-8 Frac: 0.11509641009562627
Step: 12877 Walker: 36 Trial Log Prob: -Inf Prob: 0.0 Frac: 0.11353681905283329
Step: 12918 Walker: 6 Trial Log Prob: 419.74222704736866 Prob: 9.353453621098591e-13 Frac: 0.11318039078855548
Step: 12947 Walker: 7 Trial Log Prob: 417.58918650805373 Prob: 1.9398161056300267e-10 Frac: 0.11304880884435707
Number of steps: 13000 Acceptance Rate: 0.11322
Step: 13026 Walker: 32 Trial Log Prob: 358.64097089810855 Prob: 1.2421433295081712e-30 Frac: 0.11076443057722309
Step: 13057 Walker: 24 Trial Log Prob: 383.3510499570776 Prob: 1.605114703369818e-21 Frac: 0.1048158640226629
Step: 13271 Walker: 28 Trial Log Prob: 385.12363953205255 Prob: 3.0720350147692336e-11 Frac: 0.11605558840922531
Step: 13354 Walker: 31 Trial Log Prob: 369.7839435609634 Prob: 1.1051365863178224e-25 Frac: 0.11503874215259317
Step: 13454 Walker: 44 Trial Log Prob: 420.74355565666156 Prob: 1.579046513745806e-10 Frac: 0.11373050145412884
Step: 13887 Walker: 3 Trial Log Prob: 434.8439239790069 Prob: 0.0019277605806129446 Frac: 0.1129946053314674
Number of steps: 14000 Acceptance Rate: 0.11236
Step: 14251 Walker: 1 Trial Log Prob: 402.58401228535246 Prob: 9.990238356334613e-12 Frac: 0.11591072714182865
Step: 14390 Walker: 49 Trial Log Prob: 376.8197788462419 Prob: 8.61104739036437e-17 Frac: 0.11559567157290117
Step: 14420 Walker: 36 Trial Log Prob: 431.4709315566915 Prob: 0.2601236424811477 Frac: 0.11593443247879538
Step: 14855 Walker: 50 Trial Log Prob: 431.53664206686295 Prob: 1.1240935440944788 Frac: 0.10996491228070175
Step: 14951 Walker: 17 Trial Log Prob: 418.0140900397721 Prob: 3.492737704456575e-10 Frac: 0.109413473072795
Number of steps: 15000 Acceptance Rate: 0.1096
Step: 15625 Walker: 5 Trial Log Prob: 428.9530459923504 Prob: 1.254295167386226 Frac: 0.1063932062169524
Step: 15817 Walker: 39 Trial Log Prob: -Inf Prob: 0.0 Frac: 0.10906241582800755
Step: 15891 Walker: 19 Trial Log Prob: 418.10924774467776 Prob: 1.0052427666179935 Frac: 0.10860531458478402
Number of steps: 16000 Acceptance Rate: 0.10942
Step: 16234 Walker: 17 Trial Log Prob: 422.550949656764 Prob: 1.3297903714434662 Frac: 0.12145367275220707
Step: 16554 Walker: 15 Trial Log Prob: 302.2460321579697 Prob: 4.155808337433406e-49 Frac: 0.12011566961865172
Step: 16640 Walker: 45 Trial Log Prob: 429.4985281476161 Prob: 0.3630458093596701 Frac: 0.11923738084075637
Step: 16715 Walker: 22 Trial Log Prob: 421.7341647500093 Prob: 0.00012098390006083267 Frac: 0.1190022955041711
Step: 16755 Walker: 16 Trial Log Prob: 333.8420011625121 Prob: 1.9341984340732062e-37 Frac: 0.11851734012090359
Step: 16785 Walker: 36 Trial Log Prob: 408.5425874670293 Prob: 2.1093103389773437e-9 Frac: 0.11787644000407789
Number of steps: 17000 Acceptance Rate: 0.1169
Step: 17264 Walker: 17 Trial Log Prob: 424.8205253386286 Prob: 2.467626867358993 Frac: 0.11862990810359231
Step: 17283 Walker: 24 Trial Log Prob: 434.5877472811383 Prob: 8.901577840009894e-6 Frac: 0.11894647408666101
Number of steps: 18000 Acceptance Rate: 0.11304
Step: 18277 Walker: 45 Trial Log Prob: 390.4531621507239 Prob: 1.2276133908238625e-16 Frac: 0.1158540989526905
Step: 18361 Walker: 11 Trial Log Prob: 403.2593489252964 Prob: 1.731140689285108e-5 Frac: 0.1161512409083338
Step: 18385 Walker: 43 Trial Log Prob: 419.9922655022589 Prob: 3.06850785701484e-9 Frac: 0.116094164111625
Step: 18668 Walker: 2 Trial Log Prob: 372.34745782841446 Prob: 7.835055377082715e-25 Frac: 0.11615495322619333
Step: 18807 Walker: 35 Trial Log Prob: 417.653106338699 Prob: 6.229606080978275e-5 Frac: 0.11570596256353043
Step: 18893 Walker: 36 Trial Log Prob: 437.97803306028345 Prob: 0.03765315929251878 Frac: 0.11533291513576485
Number of steps: 19000 Acceptance Rate: 0.1151
Step: 19416 Walker: 14 Trial Log Prob: 390.39458101378455 Prob: 2.8617730629817333e-12 Frac: 0.11654787131573878
Step: 19665 Walker: 38 Trial Log Prob: 332.421636282216 Prob: 3.824684818338279e-36 Frac: 0.11366508213490584
Number of steps: 20000 Acceptance Rate: 0.11234
Step: 20291 Walker: 7 Trial Log Prob: 385.20367981634666 Prob: 3.470373001228959e-14 Frac: 0.10918866753980837
Step: 20455 Walker: 28 Trial Log Prob: 433.611315305084 Prob: 0.00014949787506335886 Frac: 0.10990848292854628
Step: 20697 Walker: 5 Trial Log Prob: -Inf Prob: 0.0 Frac: 0.1093521045826749
Step: 20874 Walker: 7 Trial Log Prob: 420.28862171893473 Prob: 0.03813176241436614 Frac: 0.10983347458597705
Number of steps: 21000 Acceptance Rate: 0.11192
Step: 21313 Walker: 29 Trial Log Prob: 281.915279703262 Prob: 2.5444314408025095e-61 Frac: 0.12623968264124383
Step: 21573 Walker: 9 Trial Log Prob: -Inf Prob: 0.0 Frac: 0.12485581460379601
Step: 21671 Walker: 49 Trial Log Prob: 397.8476754549152 Prob: 7.221368214609647e-10 Frac: 0.12626307788607707
Step: 21785 Walker: 19 Trial Log Prob: -Inf Prob: 0.0 Frac: 0.12685178102450342
Step: 21823 Walker: 27 Trial Log Prob: 429.6508201361802 Prob: 0.0012620167282416095 Frac: 0.1268023439589564
Step: 21943 Walker: 20 Trial Log Prob: 365.05613304821867 Prob: 6.893780077160794e-23 Frac: 0.12661290322580646
Number of steps: 22000 Acceptance Rate: 0.12602
Step: 22589 Walker: 3 Trial Log Prob: 417.2925679023671 Prob: 1.842907913610789e-6 Frac: 0.11328775975240622
Step: 22611 Walker: 25 Trial Log Prob: 432.09413512895196 Prob: 0.24801669657825484 Frac: 0.11289107289107289
Step: 22629 Walker: 1 Trial Log Prob: 432.2626933269871 Prob: 7.560114332906462e-5 Frac: 0.11337218559918474
Number of steps: 23000 Acceptance Rate: 0.1132
Step: 23115 Walker: 29 Trial Log Prob: 438.83174481520126 Prob: 0.002234139515072501 Frac: 0.11642520509687554
Step: 23694 Walker: 29 Trial Log Prob: 435.05607828800396 Prob: 0.2837174510600227 Frac: 0.11739092822745754
Step: 23731 Walker: 28 Trial Log Prob: 416.7714828438324 Prob: 2.615033004667935e-8 Frac: 0.11626697328077092
Number of steps: 24000 Acceptance Rate: 0.11598
Step: 24499 Walker: 12 Trial Log Prob: 426.2467348184284 Prob: 0.33406745248337033 Frac: 0.12142742453436095
Step: 24807 Walker: 11 Trial Log Prob: 257.90725499862435 Prob: 4.3803229623788076e-69 Frac: 0.12033936146461263
Step: 24924 Walker: 33 Trial Log Prob: 432.03734377294944 Prob: 0.0005913872891878248 Frac: 0.12015243704393391
Number of steps: 25000 Acceptance Rate: 0.12028
Step: 25379 Walker: 49 Trial Log Prob: 383.1996332930916 Prob: 1.6966680929008504e-15 Frac: 0.12253944799197847
Step: 25702 Walker: 3 Trial Log Prob: 389.4028675348212 Prob: 8.920712527148505e-18 Frac: 0.12221493167489231
Step: 25910 Walker: 39 Trial Log Prob: 403.7055845666757 Prob: 2.7854501020492558e-14 Frac: 0.12251313504363692
Step: 25919 Walker: 6 Trial Log Prob: 411.8875992604266 Prob: 2.3266300411192677e-6 Frac: 0.12227159848385832
Number of steps: 26000 Acceptance Rate: 0.1227
Step: 26175 Walker: 13 Trial Log Prob: 419.6404505224345 Prob: 2.5470157016091446e-6 Frac: 0.13152760243314587
Step: 26626 Walker: 4 Trial Log Prob: 352.7869788197893 Prob: 1.3730284511569018e-23 Frac: 0.12443207269469508
Step: 26996 Walker: 24 Trial Log Prob: 419.1670896998221 Prob: 1.9717829626485774e-10 Frac: 0.12219230923775465
Number of steps: 27000 Acceptance Rate: 0.12204
Step: 27291 Walker: 2 Trial Log Prob: 429.28026607579307 Prob: 0.004591394863021489 Frac: 0.12087987863742931
Step: 27967 Walker: 45 Trial Log Prob: 421.79621977453684 Prob: 0.1217990459168813 Frac: 0.12487330644327231
Number of steps: 28000 Acceptance Rate: 0.12472
Step: 28267 Walker: 19 Trial Log Prob: 387.7951374237472 Prob: 6.324222881533613e-15 Frac: 0.1355206847360913
Step: 28281 Walker: 23 Trial Log Prob: 423.5379387522219 Prob: 3.652201975377376e-6 Frac: 0.13527775796905084
Step: 28687 Walker: 29 Trial Log Prob: 423.20522143332647 Prob: 0.11315505136507771 Frac: 0.13393923504908387
Step: 28839 Walker: 40 Trial Log Prob: 434.4715095332776 Prob: 0.06768136532390541 Frac: 0.13516928946113496
Step: 28862 Walker: 19 Trial Log Prob: 418.49334845847784 Prob: 0.0004815868584880631 Frac: 0.13566602428660987
Number of steps: 29000 Acceptance Rate: 0.13434
Step: 29081 Walker: 47 Trial Log Prob: 427.7577728652697 Prob: 0.4426618814925065 Frac: 0.12601927353595255
Step: 29468 Walker: 46 Trial Log Prob: 431.4356897506076 Prob: 0.00032538081115281495 Frac: 0.12779962386732774
Step: 29658 Walker: 48 Trial Log Prob: 400.0961640011775 Prob: 1.467289658872743e-15 Frac: 0.12915678764666544
Step: 29736 Walker: 28 Trial Log Prob: 428.7882165432781 Prob: 0.46145096872308267 Frac: 0.1282560226222198
Step: 29753 Walker: 37 Trial Log Prob: 425.82527384881746 Prob: 4.633116542682951e-6 Frac: 0.1283045938836783
Number of steps: 30000 Acceptance Rate: 0.12652
Step: 30469 Walker: 4 Trial Log Prob: 361.92236800191245 Prob: 2.411722794982465e-25 Frac: 0.12767048367800377
Step: 30571 Walker: 17 Trial Log Prob: 427.17454730485133 Prob: 1.0362019422382574e-8 Frac: 0.12725742539537818
Step: 30590 Walker: 14 Trial Log Prob: 331.08148374634413 Prob: 4.321298592281064e-41 Frac: 0.12757941895194136
Step: 30633 Walker: 16 Trial Log Prob: 432.0354673516123 Prob: 0.867926162439047 Frac: 0.1279099190283401
Step: 30902 Walker: 25 Trial Log Prob: 429.98500580679007 Prob: 2.387984889092398 Frac: 0.130471436494731
Step: 30915 Walker: 16 Trial Log Prob: 422.3677254340335 Prob: 0.0018257592500203123 Frac: 0.1306326012774521
Number of steps: 31000 Acceptance Rate: 0.13094
Step: 31381 Walker: 46 Trial Log Prob: 432.1847547147525 Prob: 1.2386268617579976 Frac: 0.13913682663026358
Step: 31524 Walker: 40 Trial Log Prob: -Inf Prob: 0.0 Frac: 0.14047346315387552
Step: 31562 Walker: 11 Trial Log Prob: 342.2441852857643 Prob: 2.624244112923441e-36 Frac: 0.14186949859235237
Step: 31708 Walker: 30 Trial Log Prob: 411.69861315283043 Prob: 1.7986927974644547e-6 Frac: 0.13954211418880724
Step: 31840 Walker: 36 Trial Log Prob: 416.0263532709666 Prob: 1.0672099629904806e-5 Frac: 0.13735530891249464
Number of steps: 32000 Acceptance Rate: 0.13534
Step: 32058 Walker: 38 Trial Log Prob: 119.8700327304085 Prob: 1.380366272471378e-123 Frac: 0.12361495844875346
Step: 32848 Walker: 29 Trial Log Prob: 419.7881054102416 Prob: 2.220950944743786e-5 Frac: 0.12529790698223175
Step: 32978 Walker: 8 Trial Log Prob: 434.45179947096216 Prob: 0.0781159512589024 Frac: 0.12476974088173892
Number of steps: 33000 Acceptance Rate: 0.1243
Step: 33007 Walker: 9 Trial Log Prob: 417.81847338938815 Prob: 4.8484613652076804e-5 Frac: 0.11650485436893204
Step: 33028 Walker: 40 Trial Log Prob: 422.8803495566186 Prob: 0.009174080445344462 Frac: 0.12589928057553956
Step: 33097 Walker: 47 Trial Log Prob: 401.1681505256953 Prob: 6.549874293068092e-12 Frac: 0.1254384155147514
Step: 33229 Walker: 26 Trial Log Prob: 431.2731707770014 Prob: 0.11776061775886566 Frac: 0.12261508839488885
Step: 33660 Walker: 2 Trial Log Prob: 427.806824612335 Prob: 1.4961682652859445 Frac: 0.12339159990288905
Step: 33765 Walker: 9 Trial Log Prob: 404.77710615367647 Prob: 6.3360504910011915e-9 Frac: 0.12455180716585097
Step: 33926 Walker: 18 Trial Log Prob: 430.6232009482351 Prob: 0.20197472540668684 Frac: 0.12585372179476095
Step: 33948 Walker: 24 Trial Log Prob: 431.3747520950148 Prob: 0.07747326379939062 Frac: 0.12561742728078693
Number of steps: 34000 Acceptance Rate: 0.12622
Step: 34089 Walker: 42 Trial Log Prob: 418.65642342380346 Prob: 8.833904633125535 Frac: 0.13732552904097253
Step: 34732 Walker: 26 Trial Log Prob: 410.3478109784924 Prob: 2.8386203861919764e-7 Frac: 0.14558727034120736
Step: 34740 Walker: 26 Trial Log Prob: 396.86918062611915 Prob: 3.1303172409605266e-13 Frac: 0.14544569450454348
Step: 34785 Walker: 24 Trial Log Prob: 428.4188047135096 Prob: 2.0804180043262048e-7 Frac: 0.14519171935549663
Step: 34871 Walker: 23 Trial Log Prob: 436.9988519640698 Prob: 1.613286394874773 Frac: 0.1445672403097213
Number of steps: 35000 Acceptance Rate: 0.14412
Step: 35024 Walker: 5 Trial Log Prob: 416.4658567659747 Prob: 0.042394469753930644 Frac: 0.1523809523809524
Step: 35105 Walker: 17 Trial Log Prob: 435.3855166128279 Prob: 0.0004363391703790555 Frac: 0.14126892850297107
Step: 35274 Walker: 2 Trial Log Prob: -Inf Prob: 0.0 Frac: 0.14627893348959858
Step: 35294 Walker: 46 Trial Log Prob: 403.5318301495744 Prob: 7.599490473303563e-12 Frac: 0.14534567229178008
Step: 35422 Walker: 5 Trial Log Prob: 422.03901577352394 Prob: 1.1762657140677806 Frac: 0.14552362859178342
Step: 35520 Walker: 12 Trial Log Prob: 386.1040871322061 Prob: 1.467710574162573e-13 Frac: 0.1469840536168246
Step: 35563 Walker: 49 Trial Log Prob: -Inf Prob: 0.0 Frac: 0.1475718497992824
Number of steps: 36000 Acceptance Rate: 0.14766
Step: 36157 Walker: 40 Trial Log Prob: 434.75152559974345 Prob: 0.006733579711476259 Frac: 0.1434948979591837
Step: 36173 Walker: 5 Trial Log Prob: 415.2905201794178 Prob: 0.7859405742457023 Frac: 0.14352120859965137
Step: 36253 Walker: 19 Trial Log Prob: 428.59025977402086 Prob: 1.0174880109819813 Frac: 0.144781678421428
Step: 36320 Walker: 40 Trial Log Prob: 329.0348079513442 Prob: 8.32332911358395e-43 Frac: 0.14427767354596624
Step: 36324 Walker: 35 Trial Log Prob: -Inf Prob: 0.0 Frac: 0.1441458140253321
Step: 36488 Walker: 20 Trial Log Prob: -Inf Prob: 0.0 Frac: 0.14452195322117356
Step: 36521 Walker: 22 Trial Log Prob: 436.97083601607807 Prob: 0.00016391652808229426 Frac: 0.14453155022673123
Step: 36561 Walker: 40 Trial Log Prob: 429.4446767323916 Prob: 36.414086874512236 Frac: 0.14600570613409414
Step: 36562 Walker: 18 Trial Log Prob: 405.9934787407482 Prob: 2.897327513993724e-9 Frac: 0.14600256519880292
Step: 36787 Walker: 29 Trial Log Prob: 345.8063816023542 Prob: 8.733446133522234e-33 Frac: 0.14452439675557477
Step: 36806 Walker: 20 Trial Log Prob: 415.00319454474914 Prob: 0.001545937069997143 Frac: 0.14420163893717408
Number of steps: 37000 Acceptance Rate: 0.14268
Step: 37049 Walker: 34 Trial Log Prob: 415.8378107298305 Prob: 0.037936501732252124 Frac: 0.14133114215283485
Step: 37587 Walker: 35 Trial Log Prob: -Inf Prob: 0.0 Frac: 0.13523095278677347
Step: 37686 Walker: 31 Trial Log Prob: 430.75048262721367 Prob: 0.5395538380638899 Frac: 0.1355269682914734
Step: 37909 Walker: 6 Trial Log Prob: 401.8131905540945 Prob: 3.309330232076484e-12 Frac: 0.1336387261595384
Number of steps: 38000 Acceptance Rate: 0.13354
Step: 38201 Walker: 44 Trial Log Prob: 412.54343961824844 Prob: 2.2231611627262896e-5 Frac: 0.1388888888888889
Step: 38204 Walker: 39 Trial Log Prob: 426.27256538729205 Prob: 0.6875846030913787 Frac: 0.13916969280596722
Step: 38552 Walker: 24 Trial Log Prob: 425.06266364139356 Prob: 0.4516591039796812 Frac: 0.14477406252266628
Step: 38873 Walker: 15 Trial Log Prob: 408.7593894069095 Prob: 4.7688627408771426e-6 Frac: 0.14662386793534335
Step: 38969 Walker: 50 Trial Log Prob: 385.0449761946964 Prob: 5.788306497741436e-16 Frac: 0.14831785345717236
Number of steps: 39000 Acceptance Rate: 0.14784
Step: 39904 Walker: 46 Trial Log Prob: 437.1049972416771 Prob: 1.0605421526382837 Frac: 0.14629613240109743
Number of steps: 40000 Acceptance Rate: 0.14828
Step: 40050 Walker: 11 Trial Log Prob: -Inf Prob: 0.0 Frac: 0.15115806582689964
Step: 40309 Walker: 22 Trial Log Prob: 421.7935484378511 Prob: 0.051195163179882014 Frac: 0.1521203475554403
Step: 40500 Walker: 27 Trial Log Prob: 397.3286824665413 Prob: 2.060205476611549e-14 Frac: 0.1532610001201105
Step: 40846 Walker: 25 Trial Log Prob: 406.22624242930067 Prob: 2.7465789741362217e-8 Frac: 0.15399172087522175
Number of steps: 41000 Acceptance Rate: 0.15434
Step: 41171 Walker: 43 Trial Log Prob: 433.92105122582996 Prob: 0.4016928783051858 Frac: 0.16411096804401265
Step: 41300 Walker: 17 Trial Log Prob: 420.8577187140302 Prob: 0.05263256483513478 Frac: 0.1631589496893165
Step: 41310 Walker: 32 Trial Log Prob: 432.611113010478 Prob: 0.015029096907793988 Frac: 0.16367394393489212
Step: 41445 Walker: 49 Trial Log Prob: 419.93676858235494 Prob: 0.00014566554304345727 Frac: 0.16355791271517822
Step: 41747 Walker: 15 Trial Log Prob: 346.8087236311442 Prob: 1.4459034526062606e-33 Frac: 0.16165081066595202
Step: 41792 Walker: 25 Trial Log Prob: 389.5414645304747 Prob: 1.712021531898822e-12 Frac: 0.16090966519267214
Step: 41978 Walker: 6 Trial Log Prob: 423.4095518588353 Prob: 5.938103526651603 Frac: 0.16176109382675619
Number of steps: 42000 Acceptance Rate: 0.16172
Step: 42109 Walker: 37 Trial Log Prob: 419.61825793284015 Prob: 0.0009578852011688988 Frac: 0.15412911532094906
Step: 42293 Walker: 4 Trial Log Prob: 240.16312690511324 Prob: 4.39008184642978e-76 Frac: 0.15228704464530265
Step: 42714 Walker: 50 Trial Log Prob: 421.704367180854 Prob: 2.924482055151648e-8 Frac: 0.1538375350140056
Step: 42841 Walker: 46 Trial Log Prob: 405.29502413268096 Prob: 5.522856485161475e-11 Frac: 0.15433097084145936
Number of steps: 43000 Acceptance Rate: 0.1531
Step: 43270 Walker: 35 Trial Log Prob: 387.6114361718373 Prob: 1.6029571915589054e-24 Frac: 0.16225435669262142
Step: 43632 Walker: 19 Trial Log Prob: 424.9533226571505 Prob: 6.510445548327906e-8 Frac: 0.16506699610377268
Step: 43950 Walker: 13 Trial Log Prob: -Inf Prob: 0.0 Frac: 0.1663822345827276
Step: 43997 Walker: 6 Trial Log Prob: -Inf Prob: 0.0 Frac: 0.16652612135084127
Number of steps: 44000 Acceptance Rate: 0.16668
Step: 44153 Walker: 37 Trial Log Prob: 426.51208877582013 Prob: 2.5103810088475993 Frac: 0.17048579285059579
Step: 44185 Walker: 37 Trial Log Prob: 377.85703738991884 Prob: 4.954282754941958e-19 Frac: 0.17170076864782938
Step: 44334 Walker: 41 Trial Log Prob: 434.7245533424031 Prob: 1.0859447563741182 Frac: 0.17134982924929604
Step: 44665 Walker: 9 Trial Log Prob: 428.5429995656919 Prob: 1.7089567368411966 Frac: 0.16953235568671143
Number of steps: 45000 Acceptance Rate: 0.1686
Step: 45186 Walker: 44 Trial Log Prob: 426.60048028170377 Prob: 0.006751083303387805 Frac: 0.16494512588766946
Step: 45363 Walker: 21 Trial Log Prob: 428.2338372172668 Prob: 0.9228464825078849 Frac: 0.15782793444070414
Step: 45464 Walker: 9 Trial Log Prob: 436.86520642653625 Prob: 4.278288272329301 Frac: 0.16002418066410468
Step: 45534 Walker: 20 Trial Log Prob: 424.8466124056791 Prob: 0.06683162443078694 Frac: 0.16040494938132732
Step: 45708 Walker: 29 Trial Log Prob: 418.24352146167803 Prob: 2.6339321483522087e-9 Frac: 0.15978405268662202
Number of steps: 46000 Acceptance Rate: 0.16008
Step: 46271 Walker: 29 Trial Log Prob: 408.5223677072365 Prob: 4.2530365179228795e-11 Frac: 0.15950920245398773
Step: 46323 Walker: 6 Trial Log Prob: -Inf Prob: 0.0 Frac: 0.15969204023345338
Step: 46402 Walker: 42 Trial Log Prob: 357.7313318008939 Prob: 3.1647432023247026e-24 Frac: 0.1581226358749751
Step: 46478 Walker: 8 Trial Log Prob: 391.85797848852184 Prob: 3.5228572248187305e-13 Frac: 0.16011400787995642
Step: 46654 Walker: 42 Trial Log Prob: 381.31374398423645 Prob: 1.161440092853463e-16 Frac: 0.16147681389942495
Step: 46745 Walker: 22 Trial Log Prob: 417.11426175137984 Prob: 0.011399304047048484 Frac: 0.16071140723228197
Step: 46825 Walker: 31 Trial Log Prob: 409.23679278380536 Prob: 0.06726292736872415 Frac: 0.16094686037205017
Step: 46856 Walker: 21 Trial Log Prob: 436.23705799700406 Prob: 0.052156444079905634 Frac: 0.16090341586589044
Number of steps: 47000 Acceptance Rate: 0.1614
Step: 47087 Walker: 20 Trial Log Prob: 437.0875314837994 Prob: 0.007965002252555578 Frac: 0.14907407407407408
Step: 47380 Walker: 39 Trial Log Prob: 419.1761973661485 Prob: 0.11446830607686269 Frac: 0.1616725472642056
Step: 47478 Walker: 16 Trial Log Prob: 320.2020087392049 Prob: 8.274839438007472e-47 Frac: 0.16060504483365456
Step: 47561 Walker: 33 Trial Log Prob: 431.4956718315825 Prob: 0.03743911838756725 Frac: 0.15966896158099383
Step: 47723 Walker: 10 Trial Log Prob: 302.10420432966157 Prob: 6.3624425761332e-52 Frac: 0.1582664081971753
Number of steps: 48000 Acceptance Rate: 0.15834
Step: 48113 Walker: 18 Trial Log Prob: 367.10728146044517 Prob: 6.533174866176089e-22 Frac: 0.16037735849056603
Step: 48137 Walker: 39 Trial Log Prob: 423.22742913157055 Prob: 2.4390032950235176 Frac: 0.159087585904372
Step: 48490 Walker: 20 Trial Log Prob: -Inf Prob: 0.0 Frac: 0.1563547200653862
Step: 48729 Walker: 31 Trial Log Prob: 360.77052931359384 Prob: 6.98973569474749e-27 Frac: 0.15698169141665066
Number of steps: 49000 Acceptance Rate: 0.15544
Step: 49193 Walker: 10 Trial Log Prob: 428.7780102215075 Prob: 0.0001675921995233791 Frac: 0.15150884495317377
Step: 49460 Walker: 7 Trial Log Prob: 413.95389320570166 Prob: 3.4778541294102503e-9 Frac: 0.14840789301738033
Step: 49604 Walker: 11 Trial Log Prob: 400.16404271847296 Prob: 5.392079547430773e-12 Frac: 0.1474752163389808
Step: 49808 Walker: 21 Trial Log Prob: 409.50097436797375 Prob: 1.0642835234855754e-6 Frac: 0.1453766317406059
Number of steps: 50000 Acceptance Rate: 0.1451
Burn-in Number (ends): 50000
Independent Sample Size: 479.7542051912427
2013.538490 seconds (107.03 M allocations: 1.778 TiB, 12.29% gc time)
