args = ["full", "90.0", "20", "ppmp"]
Initial parameters: [3.0e-6, 224.70078245909826, 2.4335037685792614e6, 0.01, 0.01, 3.0e-6, 365.25632581339255, 2.433624408905711e6, 0.01, 0.01]
Initial chi-square: 117.79516887887
Finished 2-planet fit: [3.970752778783162e-6, 224.7007741817859, 2.4335037686858173e6, -0.06106472104273345, -0.006833387755052225, 2.420382524903421e-6, 365.25635261731895, 2.433624408706092e6, -0.032470962349834244, -0.005678759516834846]
New 2-planet chi-square: 84.89742034209515
Finished 3-planet fit w/ fixed period: [4.9848605675234665e-6, 224.70077372073433, 2.43350376867197e6, -0.004116297487857361, 0.007780012605863532, 2.694688633577301e-6, 365.2563154771143, 2.4336244091943474e6, 0.01721420846971909, 0.006560954310590424, 0.00250525426417832, 5178.935069033464, 2.439597451548651e6, 0.0714598642461506, -0.007194735429975858]
Finished global 3-planet fit.
New 3-planet chi-square: 46.921375121174336
Maximum: -100.06030660960684 Param: [5.0057100686571806e-6, 224.70077354117117, 2.433503768675182e6, -0.0037932539142889114, 0.007417533778362087, 2.6952482923353445e-6, 365.2563136158419, 2.4336244092101105e6, 0.017451060415789477, 0.0062637231878275084, 0.002514415939931909, 5196.445576055131, 2.4396092480123783e6, 0.07108757022697845, -0.0071477627284725325]
Finished lunar search.
3-planet lunar chi-square: 45.892639682501425
Maximum: -99.48392346638522 Param: [2.1292729272804736e-6, 224.7007753904746, 2.4335037686379305e6, -0.010805694831882765, 0.010936031898834516, 2.70138467872509e-6, 365.25635032737836, 2.433624408810531e6, 0.007521177465727581, 0.009079828547072, 0.0021823941430543434, 4893.05797097918, 2.4394444820936206e6, 0.07634610247365223, -0.008494855845080505, 0.0001508364002099015, -0.001773295891622665, 2.3392832417329923]
1299.010339 seconds (542.02 M allocations: 54.511 GiB, 0.62% gc time)
Parameters from fit: [2.1292729272804736e-6, 224.7007753904746, 2.4335037686379305e6, -0.010805694831882765, 0.010936031898834516, 2.70138467872509e-6, 365.25635032737836, 2.433624408810531e6, 0.007521177465727581, 0.009079828547072, 0.0021823941430543434, 4893.05797097918, 2.4394444820936206e6, 0.07634610247365223, -0.008494855845080505, 0.0001508364002099015, -0.001773295891622665, 2.3392832417329923]
Maximum log Prob from fit: -99.48392346638522
Step: 214 Walker: 47 Trial Log Prob: 351.03662912406764 Prob: 0.13427780591963331 Frac: 0.2941946340095354
Step: 342 Walker: 46 Trial Log Prob: 337.7854335894786 Prob: 0.013963696020707033 Frac: 0.2888979878334113
Step: 382 Walker: 49 Trial Log Prob: 347.5076171662495 Prob: 0.7614008926182212 Frac: 0.287868474789256
Step: 977 Walker: 23 Trial Log Prob: 351.500787980512 Prob: 0.17408440268638453 Frac: 0.27908977326260165
Number of steps: 1000 Acceptance Rate: 0.27864
Step: 1194 Walker: 34 Trial Log Prob: 352.927183271535 Prob: 0.00010334479817855342 Frac: 0.25753820735233374
Step: 1540 Walker: 6 Trial Log Prob: 345.9293962798894 Prob: 0.6468801785875858 Frac: 0.2533016768066479
Step: 1612 Walker: 41 Trial Log Prob: 352.83953118496635 Prob: 8.26382514337644e-5 Frac: 0.2521329802883201
Step: 1829 Walker: 40 Trial Log Prob: -Inf Prob: 0.0 Frac: 0.2492519305019305
Number of steps: 2000 Acceptance Rate: 0.24876
Step: 2166 Walker: 16 Trial Log Prob: 346.59491977254385 Prob: 0.536580990462744 Frac: 0.24449552383256715
Step: 2314 Walker: 20 Trial Log Prob: -Inf Prob: 0.0 Frac: 0.24301212507977027
Step: 2530 Walker: 40 Trial Log Prob: 339.9378058312162 Prob: 9.840445213210795e-7 Frac: 0.23631559078897696
Step: 2664 Walker: 37 Trial Log Prob: 340.30341436435003 Prob: 0.5244158235735064 Frac: 0.23388676288908308
Step: 2806 Walker: 22 Trial Log Prob: 339.921505388974 Prob: 1.029000760438987 Frac: 0.22857071911005164
Number of steps: 3000 Acceptance Rate: 0.22724
Step: 3186 Walker: 35 Trial Log Prob: 328.93024214097767 Prob: 6.704085932994523 Frac: 0.2115239633817986
Step: 3660 Walker: 18 Trial Log Prob: 340.70533217545096 Prob: 1.4749793061099357 Frac: 0.2151176898810968
Step: 3839 Walker: 2 Trial Log Prob: 121.68544598970914 Prob: 1.4274887288830005e-87 Frac: 0.2131163190301179
Step: 3908 Walker: 24 Trial Log Prob: -716389.9419565827 Prob: 0.0 Frac: 0.21236831665711642
Number of steps: 4000 Acceptance Rate: 0.2108
Step: 4051 Walker: 18 Trial Log Prob: 337.5099233702257 Prob: 0.03708039762852213 Frac: 0.19023034154090548
Step: 4084 Walker: 10 Trial Log Prob: 350.9128337655198 Prob: 3.0444773042206154e-5 Frac: 0.19615384615384615
Step: 4512 Walker: 47 Trial Log Prob: 341.23167010949595 Prob: 0.04113878905166997 Frac: 0.1994374340743056
Step: 4735 Walker: 17 Trial Log Prob: 317.56177524831884 Prob: 1.5184209636296197e-11 Frac: 0.19405180161777924
Step: 4784 Walker: 1 Trial Log Prob: 343.34726757258125 Prob: 4.499803059507679 Frac: 0.19332839518786238
Step: 4787 Walker: 17 Trial Log Prob: 339.5828273179825 Prob: 1.0529821261959058 Frac: 0.19319887071750133
Number of steps: 5000 Acceptance Rate: 0.18964
Step: 5185 Walker: 46 Trial Log Prob: 311.92990132943277 Prob: 1.0683562035406547e-7 Frac: 0.1827817434566299
Step: 5784 Walker: 50 Trial Log Prob: -Inf Prob: 0.0 Frac: 0.17959183673469387
Step: 5837 Walker: 2 Trial Log Prob: 304.7266617569034 Prob: 8.931236438397991e-21 Frac: 0.17850820534902637
Number of steps: 6000 Acceptance Rate: 0.17662
Step: 6219 Walker: 9 Trial Log Prob: -Inf Prob: 0.0 Frac: 0.16243468695572463
Step: 6310 Walker: 34 Trial Log Prob: -Inf Prob: 0.0 Frac: 0.1604882459312839
Step: 6533 Walker: 14 Trial Log Prob: 307.51195516811555 Prob: 4.169773361538244e-15 Frac: 0.15334034718569173
Step: 6768 Walker: 23 Trial Log Prob: 268.94507414952176 Prob: 3.0205117782006215e-21 Frac: 0.15052250280144894
Step: 6791 Walker: 11 Trial Log Prob: -Inf Prob: 0.0 Frac: 0.1499835488851206
Step: 6935 Walker: 19 Trial Log Prob: 312.7160475694839 Prob: 7.773685701268798e-15 Frac: 0.14835505896958412
Step: 6992 Walker: 22 Trial Log Prob: 333.95003606345966 Prob: 1.0015308313463156 Frac: 0.14679657871379004
Number of steps: 7000 Acceptance Rate: 0.14658
Step: 7484 Walker: 3 Trial Log Prob: 337.42197624832323 Prob: 2.0721050987485476 Frac: 0.1378710719165321
Step: 7857 Walker: 21 Trial Log Prob: 331.4150997411066 Prob: 0.9644552650448357 Frac: 0.13526073655449428
Step: 7979 Walker: 36 Trial Log Prob: -Inf Prob: 0.0 Frac: 0.1342365538662743
Step: 8000 Walker: 2 Trial Log Prob: -Inf Prob: 0.0 Frac: 0.13394859064702114
Number of steps: 8000 Acceptance Rate: 0.13396
Step: 8070 Walker: 17 Trial Log Prob: -Inf Prob: 0.0 Frac: 0.13441015286991637
Step: 8672 Walker: 35 Trial Log Prob: 323.11407215871054 Prob: 8.591331606343605e-7 Frac: 0.13098109274973946
Number of steps: 9000 Acceptance Rate: 0.12916
Step: 9629 Walker: 19 Trial Log Prob: 210.731978866385 Prob: 3.469634526853511e-55 Frac: 0.12225086730958974
Step: 9666 Walker: 16 Trial Log Prob: 340.8657435038944 Prob: 0.018598748826940976 Frac: 0.12189623038537846
Step: 9723 Walker: 7 Trial Log Prob: 351.30024589060133 Prob: 1.0164297998198388 Frac: 0.12169385437726757
Step: 9758 Walker: 16 Trial Log Prob: 148.74602878116644 Prob: 6.809208535357127e-78 Frac: 0.12145460307399779
Number of steps: 10000 Acceptance Rate: 0.12258
Step: 10063 Walker: 41 Trial Log Prob: 341.48355142309504 Prob: 0.014133975497752615 Frac: 0.12289079910856415
Step: 10157 Walker: 45 Trial Log Prob: 310.278439887167 Prob: 1.8475672288298622e-16 Frac: 0.1207138304652645
Step: 10919 Walker: 45 Trial Log Prob: -Inf Prob: 0.0 Frac: 0.10886930025029927
Number of steps: 11000 Acceptance Rate: 0.10902
Step: 11306 Walker: 10 Trial Log Prob: 334.2008921505233 Prob: 1.6499807014518029 Frac: 0.09750982961992136
Step: 11971 Walker: 2 Trial Log Prob: -Inf Prob: 0.0 Frac: 0.09609912993278627
Number of steps: 12000 Acceptance Rate: 0.0958
Step: 12104 Walker: 16 Trial Log Prob: 332.3174417914907 Prob: 3.29541241856529e-6 Frac: 0.08168795973674023
Step: 12179 Walker: 8 Trial Log Prob: 270.1075729178487 Prob: 1.2095525562904077e-28 Frac: 0.08767400089806915
Step: 12333 Walker: 6 Trial Log Prob: -Inf Prob: 0.0 Frac: 0.08713717933277129
Step: 12453 Walker: 22 Trial Log Prob: 333.65125208629166 Prob: 303.5733627040439 Frac: 0.08509415613119972
Step: 12553 Walker: 19 Trial Log Prob: -Inf Prob: 0.0 Frac: 0.08617256236648684
Number of steps: 13000 Acceptance Rate: 0.08648
Step: 13107 Walker: 5 Trial Log Prob: -Inf Prob: 0.0 Frac: 0.0887841658812441
Number of steps: 14000 Acceptance Rate: 0.07994
Step: 14330 Walker: 7 Trial Log Prob: -Inf Prob: 0.0 Frac: 0.07832533268517956
Step: 14815 Walker: 23 Trial Log Prob: 298.1394970036902 Prob: 1.1004831253334576e-13 Frac: 0.07985659209783169
Number of steps: 15000 Acceptance Rate: 0.07974
Step: 15473 Walker: 17 Trial Log Prob: 321.00297482644544 Prob: 1.0417783020214047e-5 Frac: 0.07820637676250158
Step: 15660 Walker: 7 Trial Log Prob: 344.5941888770342 Prob: 1.9810270547678612e-5 Frac: 0.07631155748399429
Step: 15734 Walker: 43 Trial Log Prob: 316.4630018745125 Prob: 3.238095334156773e-7 Frac: 0.07660861744746955
Step: 15757 Walker: 34 Trial Log Prob: 256.9254666629169 Prob: 2.4947835092134658e-39 Frac: 0.07659776920230481
Step: 15983 Walker: 29 Trial Log Prob: 150.67107598846587 Prob: 8.321051890287924e-87 Frac: 0.07561725253923345
Number of steps: 16000 Acceptance Rate: 0.0755
Step: 16013 Walker: 11 Trial Log Prob: 336.91437196872386 Prob: 0.026891875118206288 Frac: 0.07528641571194762
Step: 16147 Walker: 30 Trial Log Prob: -Inf Prob: 0.0 Frac: 0.07544338335607094
Step: 16635 Walker: 30 Trial Log Prob: -Inf Prob: 0.0 Frac: 0.07034352347935707
Step: 16758 Walker: 49 Trial Log Prob: 309.5044155723134 Prob: 1.9421568331005906e-5 Frac: 0.07039763582152564
Number of steps: 17000 Acceptance Rate: 0.06964
Step: 17071 Walker: 49 Trial Log Prob: 126.40360990567287 Prob: 1.2129693039583917e-85 Frac: 0.05860805860805861
Step: 17266 Walker: 48 Trial Log Prob: 327.5685357247214 Prob: 5.8953790908007486e-8 Frac: 0.06384418709580388
Step: 17343 Walker: 48 Trial Log Prob: -Inf Prob: 0.0 Frac: 0.06449731747142524
Step: 17484 Walker: 15 Trial Log Prob: -Inf Prob: 0.0 Frac: 0.0643492654665839
Step: 17670 Walker: 47 Trial Log Prob: -Inf Prob: 0.0 Frac: 0.06376690449891036
Step: 17803 Walker: 11 Trial Log Prob: 330.85223467841473 Prob: 0.27700476337442376 Frac: 0.06442123108374262
Number of steps: 18000 Acceptance Rate: 0.06438
Step: 18332 Walker: 41 Trial Log Prob: -Inf Prob: 0.0 Frac: 0.058947622204809834
Step: 18427 Walker: 10 Trial Log Prob: -Inf Prob: 0.0 Frac: 0.05795401220084467
Step: 18477 Walker: 7 Trial Log Prob: -Inf Prob: 0.0 Frac: 0.05750409543411602
Step: 18495 Walker: 26 Trial Log Prob: 333.73987471351376 Prob: 0.003594864158907712 Frac: 0.057672086063253254
Step: 18563 Walker: 40 Trial Log Prob: -Inf Prob: 0.0 Frac: 0.056823027718550106
Step: 18619 Walker: 11 Trial Log Prob: 336.7592596018178 Prob: 8.142066434970004e-6 Frac: 0.05648474653036136
Step: 18701 Walker: 44 Trial Log Prob: 332.2139895401634 Prob: 0.000794937325695508 Frac: 0.05670014838488757
Step: 18731 Walker: 15 Trial Log Prob: 332.0546806086395 Prob: 0.004743166718574888 Frac: 0.05657948788169245
Number of steps: 19000 Acceptance Rate: 0.05556
Step: 19185 Walker: 5 Trial Log Prob: -210.24392364928278 Prob: 8.009087457324295e-241 Frac: 0.048669201520912544
Step: 19289 Walker: 1 Trial Log Prob: 325.9080852016615 Prob: 1.6562204130178672e-8 Frac: 0.04784389972918547
Step: 19361 Walker: 27 Trial Log Prob: 302.57598594370626 Prob: 2.6088409302878488e-23 Frac: 0.049481333555222724
Step: 19445 Walker: 17 Trial Log Prob: 239.35582785845577 Prob: 9.143971795258193e-40 Frac: 0.05027681505153711
Step: 19862 Walker: 28 Trial Log Prob: -Inf Prob: 0.0 Frac: 0.05232369190770231
Number of steps: 20000 Acceptance Rate: 0.05324
Step: 20238 Walker: 37 Trial Log Prob: 322.2533219509305 Prob: 1.0623568573269147e-9 Frac: 0.061579877176747705
Step: 20318 Walker: 43 Trial Log Prob: -Inf Prob: 0.0 Frac: 0.06071855533882842
Step: 20626 Walker: 13 Trial Log Prob: -128.49038937134392 Prob: 8.966245846576178e-197 Frac: 0.06141445158813933
Step: 20869 Walker: 34 Trial Log Prob: -Inf Prob: 0.0 Frac: 0.05965372749458949
Number of steps: 21000 Acceptance Rate: 0.05946
Step: 21158 Walker: 35 Trial Log Prob: -Inf Prob: 0.0 Frac: 0.061636017755231455
Step: 21167 Walker: 10 Trial Log Prob: 317.48188907320133 Prob: 5.952454214741806e-10 Frac: 0.06125150421179302
Step: 21743 Walker: 7 Trial Log Prob: -Inf Prob: 0.0 Frac: 0.05664699382865766
Number of steps: 22000 Acceptance Rate: 0.05634
Step: 22124 Walker: 2 Trial Log Prob: 281.4790293207457 Prob: 6.80789210667957e-25 Frac: 0.047139141742522754
Step: 22358 Walker: 38 Trial Log Prob: 316.6767741176154 Prob: 5.230316390274178e-6 Frac: 0.05176654740608229
Step: 22408 Walker: 48 Trial Log Prob: -Inf Prob: 0.0 Frac: 0.05191685459358761
Step: 22763 Walker: 18 Trial Log Prob: -Inf Prob: 0.0 Frac: 0.05278346188152579
Step: 22804 Walker: 8 Trial Log Prob: -Inf Prob: 0.0 Frac: 0.05281637531749589
Number of steps: 23000 Acceptance Rate: 0.05372
Step: 23032 Walker: 11 Trial Log Prob: 299.18307866446867 Prob: 4.644089282434955e-13 Frac: 0.06213965406790519
Step: 23066 Walker: 28 Trial Log Prob: 277.1657137879388 Prob: 1.7445810809858242e-23 Frac: 0.059182428309945086
Step: 23147 Walker: 12 Trial Log Prob: 326.7452155343242 Prob: 6.579218286114639e-11 Frac: 0.0625
Step: 23369 Walker: 37 Trial Log Prob: 293.7132328315831 Prob: 6.4898502129682564e-18 Frac: 0.06118132017139448
Step: 23500 Walker: 31 Trial Log Prob: -Inf Prob: 0.0 Frac: 0.058764661142468276
Step: 23536 Walker: 40 Trial Log Prob: 268.7002286336641 Prob: 2.868417488718995e-32 Frac: 0.058305337812616646
Step: 23553 Walker: 22 Trial Log Prob: 284.44740207153677 Prob: 2.9975324601002064e-19 Frac: 0.05799724856998045
Step: 23688 Walker: 9 Trial Log Prob: 322.5407591923503 Prob: 1.519307045505919e-9 Frac: 0.05759771821065805
Step: 23823 Walker: 22 Trial Log Prob: 341.94890689836126 Prob: 0.08264763252363301 Frac: 0.0568552113224065
Step: 23835 Walker: 20 Trial Log Prob: 320.08504694105187 Prob: 0.00018846851989135532 Frac: 0.056735378715244485
Number of steps: 24000 Acceptance Rate: 0.05688
Step: 24277 Walker: 4 Trial Log Prob: 325.47887587135637 Prob: 5.843376813162282e-9 Frac: 0.05136192407997682
Step: 24365 Walker: 19 Trial Log Prob: 275.18750720198 Prob: 1.7880416405946394e-25 Frac: 0.052088479060321644
Step: 24678 Walker: 30 Trial Log Prob: -Inf Prob: 0.0 Frac: 0.0519185360094451
Step: 24683 Walker: 11 Trial Log Prob: 341.1216749038917 Prob: 0.05212037019522276 Frac: 0.052065316173668316
Step: 24757 Walker: 34 Trial Log Prob: -Inf Prob: 0.0 Frac: 0.0516730982713961
Step: 24920 Walker: 19 Trial Log Prob: 276.12321787266023 Prob: 5.016877724098435e-22 Frac: 0.050338271443799085
Number of steps: 25000 Acceptance Rate: 0.0505
Step: 25228 Walker: 14 Trial Log Prob: 144.27988559556846 Prob: 6.5745766564493875e-84 Frac: 0.0549982400563182
Step: 25598 Walker: 16 Trial Log Prob: 277.35248365176153 Prob: 1.0820278491556503e-28 Frac: 0.054309247974285144
Step: 25692 Walker: 21 Trial Log Prob: -Inf Prob: 0.0 Frac: 0.054699025194527205
Step: 25766 Walker: 45 Trial Log Prob: -Inf Prob: 0.0 Frac: 0.05436741088915002
Step: 25942 Walker: 29 Trial Log Prob: 102.07905484158829 Prob: 1.8795251572378363e-113 Frac: 0.0551838399286306
Step: 25944 Walker: 18 Trial Log Prob: -Inf Prob: 0.0 Frac: 0.055206919945725914
Number of steps: 26000 Acceptance Rate: 0.05536
Step: 26167 Walker: 39 Trial Log Prob: -Inf Prob: 0.0 Frac: 0.05264420194267898
Number of steps: 27000 Acceptance Rate: 0.05462
Step: 27021 Walker: 49 Trial Log Prob: 315.7467098455767 Prob: 1.0091957704101069e-5 Frac: 0.0667302192564347
Step: 27125 Walker: 50 Trial Log Prob: 273.3445116709547 Prob: 1.295150621648194e-25 Frac: 0.06032
Step: 27204 Walker: 28 Trial Log Prob: -Inf Prob: 0.0 Frac: 0.06278247199842799
Step: 27822 Walker: 44 Trial Log Prob: -1259.1375819005866 Prob: 0.0 Frac: 0.06416995181778362
Step: 27840 Walker: 39 Trial Log Prob: -Inf Prob: 0.0 Frac: 0.06382624020576817
Step: 27996 Walker: 21 Trial Log Prob: -Inf Prob: 0.0 Frac: 0.06310903940045408
Number of steps: 28000 Acceptance Rate: 0.0631
Step: 28308 Walker: 21 Trial Log Prob: 338.5631175844517 Prob: 1.493865884595204 Frac: 0.05972285472643289
Number of steps: 29000 Acceptance Rate: 0.05626
Step: 29555 Walker: 35 Trial Log Prob: -65.05261780353587 Prob: 4.556906952471644e-172 Frac: 0.05188390120786011
Step: 29791 Walker: 37 Trial Log Prob: 329.2609928873484 Prob: 4.236384293671266e-9 Frac: 0.05402534334926778
Number of steps: 30000 Acceptance Rate: 0.05464
Step: 30129 Walker: 33 Trial Log Prob: -45.157047298480094 Prob: 1.8245889942154182e-169 Frac: 0.053007927871910464
Step: 30135 Walker: 29 Trial Log Prob: -Inf Prob: 0.0 Frac: 0.05349977708426215
Step: 30466 Walker: 12 Trial Log Prob: -Inf Prob: 0.0 Frac: 0.050683518184163015
Step: 30576 Walker: 23 Trial Log Prob: -Inf Prob: 0.0 Frac: 0.04837868835366489
Step: 30686 Walker: 28 Trial Log Prob: -1005.2452195687487 Prob: 0.0 Frac: 0.04772740533286656
Step: 30879 Walker: 20 Trial Log Prob: 306.0092505934109 Prob: 5.742987574436736e-19 Frac: 0.04658469945355191
Step: 30911 Walker: 16 Trial Log Prob: 334.8876801276492 Prob: 0.06395374632222962 Frac: 0.04679673081993145
Step: 30957 Walker: 19 Trial Log Prob: 311.1634698092751 Prob: 1.4548143718674858e-10 Frac: 0.046655095255024155
Number of steps: 31000 Acceptance Rate: 0.04638
Step: 31035 Walker: 6 Trial Log Prob: -1886.9220307407002 Prob: 0.0 Frac: 0.044548651817116064
Step: 31118 Walker: 24 Trial Log Prob: -Inf Prob: 0.0 Frac: 0.04324140279196459
Step: 31345 Walker: 45 Trial Log Prob: -Inf Prob: 0.0 Frac: 0.043896781675848075
Step: 31371 Walker: 49 Trial Log Prob: 327.53832977126405 Prob: 0.0001826159596538397 Frac: 0.04469243624993261
Step: 31490 Walker: 27 Trial Log Prob: -Inf Prob: 0.0 Frac: 0.04743228336805981
Step: 31861 Walker: 11 Trial Log Prob: 193.35960748768662 Prob: 2.1686256659464464e-55 Frac: 0.047452977145381416
Step: 31875 Walker: 13 Trial Log Prob: 160.82356167875753 Prob: 1.7599484621425524e-74 Frac: 0.04737721044082996
Number of steps: 32000 Acceptance Rate: 0.0477
Step: 32173 Walker: 15 Trial Log Prob: 316.4448363777094 Prob: 2.528700126950981e-13 Frac: 0.047359257109692396
Step: 32308 Walker: 27 Trial Log Prob: -Inf Prob: 0.0 Frac: 0.04454705079014112
Number of steps: 33000 Acceptance Rate: 0.04764
Step: 33047 Walker: 2 Trial Log Prob: -Inf Prob: 0.0 Frac: 0.04083405734144222
Step: 33222 Walker: 38 Trial Log Prob: 321.14496551720526 Prob: 0.018911633160263154 Frac: 0.04482323232323232
Step: 33299 Walker: 24 Trial Log Prob: -Inf Prob: 0.0 Frac: 0.04744036451353525
Step: 33488 Walker: 18 Trial Log Prob: -Inf Prob: 0.0 Frac: 0.04583880499015102
Step: 33520 Walker: 20 Trial Log Prob: -Inf Prob: 0.0 Frac: 0.04547554871005006
Step: 33580 Walker: 16 Trial Log Prob: 331.33630417319097 Prob: 0.0004967194083319073 Frac: 0.04574328523096043
Step: 33692 Walker: 50 Trial Log Prob: 331.7405487717538 Prob: 0.23046514140257254 Frac: 0.0465028901734104
Step: 33752 Walker: 20 Trial Log Prob: -Inf Prob: 0.0 Frac: 0.046872504657971784
Step: 33868 Walker: 32 Trial Log Prob: -Inf Prob: 0.0 Frac: 0.04713936655755843
Number of steps: 34000 Acceptance Rate: 0.04764
Step: 34236 Walker: 34 Trial Log Prob: 239.25084474058332 Prob: 1.253882027832302e-47 Frac: 0.046673455532926005
Step: 34389 Walker: 26 Trial Log Prob: 321.4455837990362 Prob: 0.0022895370424497025 Frac: 0.047359209307114174
Step: 34439 Walker: 1 Trial Log Prob: 307.9344689936002 Prob: 5.704298380503018e-17 Frac: 0.047075476005661844
Step: 34548 Walker: 21 Trial Log Prob: -Inf Prob: 0.0 Frac: 0.04727631434730189
Step: 34688 Walker: 36 Trial Log Prob: 317.9492057470436 Prob: 8.880462539889089e-9 Frac: 0.046646891176641656
Step: 34814 Walker: 34 Trial Log Prob: -Inf Prob: 0.0 Frac: 0.04660308720873071
Step: 34939 Walker: 38 Trial Log Prob: 330.94885087487825 Prob: 0.0030470596557032313 Frac: 0.04644424560057949
Number of steps: 35000 Acceptance Rate: 0.04576
Step: 35470 Walker: 7 Trial Log Prob: 301.7866967329844 Prob: 4.785480611111867e-25 Frac: 0.041096474399965895
Step: 35523 Walker: 9 Trial Log Prob: 319.0587383662567 Prob: 2.0397715080730435e-11 Frac: 0.041441648473706384
Step: 35618 Walker: 38 Trial Log Prob: 336.3247871213331 Prob: 0.08218404250314912 Frac: 0.04176379176379176
Step: 35792 Walker: 17 Trial Log Prob: 259.5259884680734 Prob: 1.0354416187857397e-28 Frac: 0.041600323501908155
Number of steps: 36000 Acceptance Rate: 0.0414
Step: 36762 Walker: 1 Trial Log Prob: 317.02823911006584 Prob: 3.782033416702238e-12 Frac: 0.040839925363328165
Step: 36987 Walker: 48 Trial Log Prob: 326.5166131920113 Prob: 6.02902256100049e-10 Frac: 0.040427170300721404
Number of steps: 37000 Acceptance Rate: 0.0404
Step: 37117 Walker: 30 Trial Log Prob: -Inf Prob: 0.0 Frac: 0.04099485420240137
Step: 37207 Walker: 33 Trial Log Prob: -2506.8409170557493 Prob: 0.0 Frac: 0.0405496951514565
Step: 37346 Walker: 24 Trial Log Prob: -Inf Prob: 0.0 Frac: 0.04353363436378372
Step: 37582 Walker: 42 Trial Log Prob: 336.26286420141 Prob: 1.06045127339907 Frac: 0.042382785645538296
Step: 37600 Walker: 30 Trial Log Prob: 231.582853721693 Prob: 8.917956710022559e-49 Frac: 0.04249499666444296
Step: 37961 Walker: 5 Trial Log Prob: 311.1128985125839 Prob: 2.6220026857205552e-8 Frac: 0.04120404124570357
Number of steps: 38000 Acceptance Rate: 0.04102
Step: 38141 Walker: 6 Trial Log Prob: 323.33311591855437 Prob: 0.0002385134199164968 Frac: 0.04553240079931487
Step: 38181 Walker: 17 Trial Log Prob: 204.390176393789 Prob: 1.414100923498039e-54 Frac: 0.04491516025285572
Step: 38503 Walker: 23 Trial Log Prob: -Inf Prob: 0.0 Frac: 0.04199339250885643
Step: 38705 Walker: 47 Trial Log Prob: 332.1692277501689 Prob: 0.8680243868888249 Frac: 0.043379578403835786
Step: 38904 Walker: 1 Trial Log Prob: -Inf Prob: 0.0 Frac: 0.04252397510575624
Number of steps: 39000 Acceptance Rate: 0.04244
Step: 39062 Walker: 21 Trial Log Prob: 331.4818068617488 Prob: 0.6507301764032764 Frac: 0.042005861282969716
Step: 39138 Walker: 8 Trial Log Prob: -Inf Prob: 0.0 Frac: 0.03805774278215223
Step: 39178 Walker: 8 Trial Log Prob: 297.561396507982 Prob: 1.5838393547200422e-23 Frac: 0.038157597651840146
Step: 39244 Walker: 37 Trial Log Prob: -Inf Prob: 0.0 Frac: 0.038565684746040864
Step: 39289 Walker: 11 Trial Log Prob: 333.55643086185427 Prob: 0.0003294578834363586 Frac: 0.0378877246547776
Step: 39331 Walker: 35 Trial Log Prob: 56.458996069739 Prob: 7.323808408263053e-121 Frac: 0.037072875718173574
Step: 39345 Walker: 17 Trial Log Prob: 317.28610721170025 Prob: 0.0023558070998561504 Frac: 0.036998315618284254
Step: 39991 Walker: 17 Trial Log Prob: 261.0398392896062 Prob: 1.165921659299732e-31 Frac: 0.03691661449603167
Number of steps: 40000 Acceptance Rate: 0.037
Step: 40069 Walker: 5 Trial Log Prob: 184.22684048956282 Prob: 2.5334965712992406e-66 Frac: 0.039647577092511016
Step: 40105 Walker: 26 Trial Log Prob: 326.4099030545672 Prob: 3.295573180338206e-9 Frac: 0.039418293149636435
Step: 40170 Walker: 12 Trial Log Prob: 333.3469644392822 Prob: 0.004112978387410786 Frac: 0.036988891515008275
Step: 40192 Walker: 1 Trial Log Prob: 307.3024112265585 Prob: 8.262466009871571e-18 Frac: 0.03675007852580882
Step: 40596 Walker: 9 Trial Log Prob: 318.37279550459687 Prob: 8.534526646602491e-10 Frac: 0.03699721092778655
Step: 40692 Walker: 1 Trial Log Prob: 167.06034808896203 Prob: 5.587300100999171e-68 Frac: 0.03722034094526931
Step: 40876 Walker: 43 Trial Log Prob: 319.18236725696954 Prob: 5.295260470555731e-5 Frac: 0.03779142785376658
Number of steps: 41000 Acceptance Rate: 0.0377
Step: 41038 Walker: 20 Trial Log Prob: 308.6785900063708 Prob: 3.574731136364414e-9 Frac: 0.029946524064171122
Step: 41340 Walker: 6 Trial Log Prob: 269.52385307155697 Prob: 3.610886425186864e-27 Frac: 0.04092946449634348
Step: 41373 Walker: 24 Trial Log Prob: -Inf Prob: 0.0 Frac: 0.04145189003436426
Step: 41597 Walker: 40 Trial Log Prob: 314.55385409261027 Prob: 1.7768614482156349e-12 Frac: 0.03991286863270777
Number of steps: 42000 Acceptance Rate: 0.04036
Step: 42368 Walker: 13 Trial Log Prob: -Inf Prob: 0.0 Frac: 0.04345695147851658
Step: 42476 Walker: 41 Trial Log Prob: 331.79077668277307 Prob: 0.5486983522112839 Frac: 0.04409230381236602
Step: 42639 Walker: 20 Trial Log Prob: 315.52905108843413 Prob: 5.80754235643179e-10 Frac: 0.04552005012531328
Number of steps: 43000 Acceptance Rate: 0.04382
Step: 43123 Walker: 47 Trial Log Prob: 326.16695589341884 Prob: 6.943989321826221e-6 Frac: 0.04538799414348463
Step: 43748 Walker: 23 Trial Log Prob: 298.78335716892747 Prob: 2.5107918764153674e-19 Frac: 0.04267786904984882
Step: 43837 Walker: 3 Trial Log Prob: 285.97446427189254 Prob: 6.594880879555409e-23 Frac: 0.04224577183455733
Number of steps: 44000 Acceptance Rate: 0.04174
Step: 44379 Walker: 33 Trial Log Prob: -Inf Prob: 0.0 Frac: 0.04135636190778007
Step: 44500 Walker: 11 Trial Log Prob: 316.25845177277495 Prob: 3.059915600531129e-10 Frac: 0.042626497335843914
Step: 44887 Walker: 4 Trial Log Prob: -Inf Prob: 0.0 Frac: 0.045142650776453595
Step: 44917 Walker: 24 Trial Log Prob: -Inf Prob: 0.0 Frac: 0.044670914804469275
Number of steps: 45000 Acceptance Rate: 0.04438
Number of steps: 46000 Acceptance Rate: 0.04838
Step: 46040 Walker: 46 Trial Log Prob: 340.4830805464315 Prob: 1.7565201753497442e-5 Frac: 0.045591182364729456
Step: 46209 Walker: 50 Trial Log Prob: 335.6467264791568 Prob: 1.7183192993772264e-5 Frac: 0.04325358851674641
Step: 46517 Walker: 21 Trial Log Prob: 327.43947686104275 Prob: 9.241532514762705e-7 Frac: 0.04314317803338368
Step: 46685 Walker: 50 Trial Log Prob: 326.0084143434524 Prob: 1.3612179550975002e-11 Frac: 0.04426277372262774
Step: 46989 Walker: 40 Trial Log Prob: 288.9362394433535 Prob: 3.4856931546959276e-26 Frac: 0.04524676375404531
Number of steps: 47000 Acceptance Rate: 0.04514
Step: 47279 Walker: 2 Trial Log Prob: 310.3090168581945 Prob: 1.1725411105963097e-12 Frac: 0.04603654150481945
Step: 47415 Walker: 5 Trial Log Prob: 341.83706206851133 Prob: 3.087831638685706e-5 Frac: 0.04482009176527409
Step: 47759 Walker: 7 Trial Log Prob: 342.97707359403717 Prob: 1.1242393022313806e-6 Frac: 0.04299997361964809
Step: 47836 Walker: 47 Trial Log Prob: -Inf Prob: 0.0 Frac: 0.04275426466014307
Step: 47987 Walker: 32 Trial Log Prob: -Inf Prob: 0.0 Frac: 0.042366009892159245
Number of steps: 48000 Acceptance Rate: 0.04234
Step: 48058 Walker: 8 Trial Log Prob: -Inf Prob: 0.0 Frac: 0.03848845346396081
Step: 48628 Walker: 38 Trial Log Prob: 228.65607233633915 Prob: 3.626712714887706e-46 Frac: 0.046227857780043326
Step: 48912 Walker: 4 Trial Log Prob: 328.8868118896333 Prob: 1.4493313452994335e-8 Frac: 0.04561619177240198
Step: 48946 Walker: 43 Trial Log Prob: -Inf Prob: 0.0 Frac: 0.045418983781955045
Number of steps: 49000 Acceptance Rate: 0.04532
Step: 49229 Walker: 27 Trial Log Prob: 324.82692442790363 Prob: 2.7693648256316107e-8 Frac: 0.04550625711035267
Step: 49318 Walker: 49 Trial Log Prob: 333.3485279216761 Prob: 4.286444357934864e-6 Frac: 0.04528586703566262
Step: 49458 Walker: 2 Trial Log Prob: -Inf Prob: 0.0 Frac: 0.04542272011202521
Step: 49534 Walker: 24 Trial Log Prob: 328.6092504977208 Prob: 0.010202193991097553 Frac: 0.045737422208892556
Step: 49640 Walker: 49 Trial Log Prob: -Inf Prob: 0.0 Frac: 0.04528266508328385
Step: 49695 Walker: 3 Trial Log Prob: 285.19022463491484 Prob: 1.800382352753577e-20 Frac: 0.04495288591764401
Step: 49912 Walker: 15 Trial Log Prob: 214.53663915461638 Prob: 1.0517707777179257e-49 Frac: 0.044003072533743005
Number of steps: 50000 Acceptance Rate: 0.04408
Burn-in Number (ends): 50000
Independent Sample Size: 195.6468501058248
3375.693165 seconds (111.81 M allocations: 3.013 TiB, 14.00% gc time)
