args = ["mcmc", "10.0", "15", "ppp"]
Parameters from fit: [3.5570649588471375e-6, 224.7007882410954, 2.4335037687251186e6, -0.0993800700330937, -0.026176797571235155, 2.4615711465491734e-6, 365.2564097799468, 2.4336244079164844e6, -0.06340202179242006, -0.019241537729368784, 0.0008606261374934168, 4638.555399069516, 2.440367068225719e6, 0.0156161270857787, 0.08906256914917095]
Maximum log Prob from fit: -116.56946091960744
Step: 165 Walker: 38 Trial Log Prob: 296.6025229535137 Prob: 0.037622807080837053 Frac: 0.37533381888807965
Step: 234 Walker: 32 Trial Log Prob: 306.24063635903156 Prob: 0.0050514400118820075 Frac: 0.37151172744393085
Step: 278 Walker: 13 Trial Log Prob: 306.8966196994755 Prob: 0.2957720945688759 Frac: 0.3701219072350862
Step: 481 Walker: 10 Trial Log Prob: 303.135156279306 Prob: 0.09840883027079438 Frac: 0.3529362765514369
Step: 558 Walker: 40 Trial Log Prob: 306.05126018005296 Prob: 0.15927042619944562 Frac: 0.3512370025098602
Step: 753 Walker: 5 Trial Log Prob: 294.92171714088676 Prob: 0.0027270278015800835 Frac: 0.3458316713203031
Step: 843 Walker: 27 Trial Log Prob: 300.68179775324967 Prob: 0.6366525059133684 Frac: 0.3421558620362238
Number of steps: 1000 Acceptance Rate: 0.33846
Step: 1133 Walker: 7 Trial Log Prob: 307.0107213416133 Prob: 0.8616604648306593 Frac: 0.3083093688512184
Step: 1655 Walker: 21 Trial Log Prob: 299.02418526717366 Prob: 1.0607417203801175 Frac: 0.3011216038629626
Step: 1881 Walker: 43 Trial Log Prob: -38.22111425823265 Prob: 5.19855007348006e-147 Frac: 0.2978679926435529
Step: 1897 Walker: 33 Trial Log Prob: 298.5712744123947 Prob: 4.533820650093755 Frac: 0.2980393906274396
Number of steps: 2000 Acceptance Rate: 0.29708
Step: 2249 Walker: 33 Trial Log Prob: 278.56491795235183 Prob: 1.0877672463352561e-5 Frac: 0.2746722432236789
Step: 2268 Walker: 2 Trial Log Prob: 296.5808141647565 Prob: 0.24729027908735055 Frac: 0.2733672857998802
Step: 2504 Walker: 39 Trial Log Prob: 303.8559610823235 Prob: 0.0011367630612545306 Frac: 0.26579062289094446
Step: 2853 Walker: 30 Trial Log Prob: 297.4102221692088 Prob: 0.1967067802344077 Frac: 0.26354679802955666
Number of steps: 3000 Acceptance Rate: 0.26184
Step: 3160 Walker: 2 Trial Log Prob: 298.146102350201 Prob: 0.5801718061103014 Frac: 0.2393108651911469
Step: 3249 Walker: 17 Trial Log Prob: 187.67295665810843 Prob: 5.7534318648821384e-46 Frac: 0.23363131191108963
Step: 3440 Walker: 2 Trial Log Prob: 299.0443411944226 Prob: 0.836046063568901 Frac: 0.23405612244897958
Step: 3536 Walker: 46 Trial Log Prob: 303.40714579571335 Prob: 0.18669767912226437 Frac: 0.23350500074638006
Step: 3777 Walker: 40 Trial Log Prob: 303.7377820148977 Prob: 1.021603353287665 Frac: 0.22955715756951597
Number of steps: 4000 Acceptance Rate: 0.22506
Step: 4194 Walker: 36 Trial Log Prob: 302.76067089193805 Prob: 0.28066222016815306 Frac: 0.19316539335122856
Step: 4461 Walker: 37 Trial Log Prob: 187.31699460675023 Prob: 1.1598841207420863e-45 Frac: 0.19650996223466596
Step: 4596 Walker: 47 Trial Log Prob: 287.8398563242738 Prob: 0.08023866350540321 Frac: 0.1960264456153304
Step: 4695 Walker: 29 Trial Log Prob: 284.4110927534241 Prob: 0.0006121120601676544 Frac: 0.1959457513893288
Number of steps: 5000 Acceptance Rate: 0.19228
Step: 5015 Walker: 5 Trial Log Prob: 266.3175760826831 Prob: 2.4481275438943926e-18 Frac: 0.18014184397163122
Step: 5238 Walker: 37 Trial Log Prob: 270.6764214062099 Prob: 3.4133533220292402e-9 Frac: 0.1829729957095987
Step: 5433 Walker: 25 Trial Log Prob: 269.0567907872188 Prob: 1.1819122022142078e-15 Frac: 0.1813179190751445
Number of steps: 6000 Acceptance Rate: 0.18356
Step: 6082 Walker: 2 Trial Log Prob: 310.6962798289757 Prob: 0.0636922850571571 Frac: 0.19076999012833168
Step: 6125 Walker: 24 Trial Log Prob: 228.43791647561983 Prob: 5.919855864039799e-30 Frac: 0.18974935732647816
Step: 6309 Walker: 45 Trial Log Prob: 305.07305049452526 Prob: 0.16220932880461433 Frac: 0.18989964389770153
Step: 6416 Walker: 13 Trial Log Prob: 292.3907261252832 Prob: 3.6475369964550544e-10 Frac: 0.18966430669941722
Step: 6521 Walker: 19 Trial Log Prob: 299.9423773807706 Prob: 7.679824929512518e-5 Frac: 0.18928475344940235
Step: 6532 Walker: 45 Trial Log Prob: 234.537959904436 Prob: 3.228588651395331e-30 Frac: 0.18935890204925737
Step: 6541 Walker: 25 Trial Log Prob: 290.21149813002046 Prob: 0.0013675636824178167 Frac: 0.1891581868640148
Step: 6637 Walker: 30 Trial Log Prob: 299.9714825903729 Prob: 0.24028612764536453 Frac: 0.18972667295004714
Step: 6638 Walker: 35 Trial Log Prob: 295.41059894469214 Prob: 8.182372743181665e-5 Frac: 0.1897443939156343
Step: 6806 Walker: 15 Trial Log Prob: -Inf Prob: 0.0 Frac: 0.19163044828014406
Step: 6869 Walker: 30 Trial Log Prob: 252.04948711594852 Prob: 3.66253634746941e-22 Frac: 0.19090490444393277
Number of steps: 7000 Acceptance Rate: 0.19012
Step: 7088 Walker: 44 Trial Log Prob: 305.21238422141636 Prob: 0.7263249711254203 Frac: 0.18730086481565772
Step: 7132 Walker: 11 Trial Log Prob: -624.3420941285026 Prob: 0.0 Frac: 0.18975765889346136
Step: 7171 Walker: 29 Trial Log Prob: 303.77688529362104 Prob: 5.626825483794115e-5 Frac: 0.19064368624692227
Step: 7262 Walker: 17 Trial Log Prob: 310.86829932606116 Prob: 1.0859575233422072 Frac: 0.19147470727787558
Step: 7274 Walker: 7 Trial Log Prob: 311.25604213764456 Prob: 0.0016781842680691566 Frac: 0.19155012081716336
Step: 7872 Walker: 31 Trial Log Prob: 310.4083227293772 Prob: 2.3101028866906 Frac: 0.18813244303710333
Step: 7882 Walker: 1 Trial Log Prob: -2321.1082719653077 Prob: 0.0 Frac: 0.1881682595173776
Number of steps: 8000 Acceptance Rate: 0.1881
Step: 8096 Walker: 14 Trial Log Prob: 304.4699539698269 Prob: 0.03112887047685534 Frac: 0.19500419815281275
Step: 8199 Walker: 41 Trial Log Prob: 305.4124849104128 Prob: 1.0305551265199855 Frac: 0.19334071019012172
Step: 8301 Walker: 32 Trial Log Prob: 301.95386054862274 Prob: 0.0021483854639315664 Frac: 0.19318786588610964
Step: 8360 Walker: 19 Trial Log Prob: 295.6063567361991 Prob: 1.5102550885590946e-6 Frac: 0.19216428293171572
Number of steps: 9000 Acceptance Rate: 0.19574
Step: 9202 Walker: 46 Trial Log Prob: 27.612153211298263 Prob: 4.6022614004729556e-117 Frac: 0.20740887480190173
Step: 9243 Walker: 26 Trial Log Prob: 306.5327447430734 Prob: 0.10816270912268657 Frac: 0.20790037935015668
Step: 9328 Walker: 6 Trial Log Prob: 295.41565463438826 Prob: 0.5143396076211969 Frac: 0.20805820494008315
Step: 9409 Walker: 39 Trial Log Prob: 309.0993788059804 Prob: 36.68714795318669 Frac: 0.20925681295562404
Step: 9598 Walker: 23 Trial Log Prob: 275.6087258178242 Prob: 3.450448080877729e-12 Frac: 0.20690924915475514
Step: 9994 Walker: 16 Trial Log Prob: 305.35135190723526 Prob: 0.8090915453179257 Frac: 0.20782829299722144
Number of steps: 10000 Acceptance Rate: 0.20792
Step: 10153 Walker: 14 Trial Log Prob: 295.39394322765025 Prob: 9.652118325370573e-5 Frac: 0.22905174678224324
Step: 10242 Walker: 9 Trial Log Prob: 282.86026693818167 Prob: 1.0359952934665718e-16 Frac: 0.23219172402355087
Step: 10269 Walker: 16 Trial Log Prob: 278.35864375786133 Prob: 8.443545971557353e-14 Frac: 0.23389982110912344
Step: 10398 Walker: 23 Trial Log Prob: 295.2893904145813 Prob: 7.765276807582958e-5 Frac: 0.23710562069139032
Step: 10448 Walker: 47 Trial Log Prob: 310.2517779542317 Prob: 2.4877376238729085 Frac: 0.23605840067866232
Step: 10859 Walker: 48 Trial Log Prob: 291.5642067633144 Prob: 8.266451033063197e-10 Frac: 0.23954549687994783
Step: 10964 Walker: 20 Trial Log Prob: -1358.1435519594593 Prob: 0.0 Frac: 0.24000415196180194
Number of steps: 11000 Acceptance Rate: 0.24016
Step: 11096 Walker: 28 Trial Log Prob: 67.10049009300712 Prob: 1.040438877598021e-99 Frac: 0.22750104646295521
Step: 11338 Walker: 22 Trial Log Prob: 306.5196891910356 Prob: 1.7628951678922042 Frac: 0.24318397344713133
Step: 11653 Walker: 12 Trial Log Prob: 305.607749283928 Prob: 0.30329533486938176 Frac: 0.241567521157856
Number of steps: 12000 Acceptance Rate: 0.23972
Step: 12433 Walker: 20 Trial Log Prob: 307.6462426455353 Prob: 0.28738188450931995 Frac: 0.23279370952821463
Step: 12443 Walker: 14 Trial Log Prob: 312.77329102134786 Prob: 0.9968663479892409 Frac: 0.2335172289047662
Step: 12617 Walker: 45 Trial Log Prob: 291.26215322674165 Prob: 0.06434271063803221 Frac: 0.2345598962554709
Step: 12660 Walker: 40 Trial Log Prob: 299.9789316430147 Prob: 3.0289782423115045e-10 Frac: 0.2348287359806002
Step: 12680 Walker: 24 Trial Log Prob: 300.03825976495625 Prob: 2.770832923711064 Frac: 0.235209277682934
Step: 12824 Walker: 45 Trial Log Prob: 309.2408832475829 Prob: 0.2759616153483565 Frac: 0.2363150867823765
Step: 12965 Walker: 49 Trial Log Prob: 284.00822802244636 Prob: 1.3518494657249723e-5 Frac: 0.23735206947294243
Number of steps: 13000 Acceptance Rate: 0.23688
Step: 13107 Walker: 1 Trial Log Prob: 311.490644441048 Prob: 0.34014577208094765 Frac: 0.23599320882852293
Step: 13121 Walker: 17 Trial Log Prob: 300.50453009604445 Prob: 0.8056150423027939 Frac: 0.24098387900947316
Step: 13655 Walker: 40 Trial Log Prob: 308.7272644979299 Prob: 0.3639298064305123 Frac: 0.24569334147831398
Number of steps: 14000 Acceptance Rate: 0.24782
Step: 14043 Walker: 49 Trial Log Prob: 317.0679837453215 Prob: 0.0028895831646063596 Frac: 0.24895300139599813
Step: 14112 Walker: 33 Trial Log Prob: -169.51311428753232 Prob: 5.252012046750712e-200 Frac: 0.24699982088482894
Step: 14115 Walker: 19 Trial Log Prob: 316.63024770300797 Prob: 0.7928552130022174 Frac: 0.24672145479979019
Step: 14292 Walker: 40 Trial Log Prob: 300.0822397202795 Prob: 0.0005428339139521484 Frac: 0.2468814256339959
Step: 14431 Walker: 28 Trial Log Prob: 17.637634026150995 Prob: 1.434452881291811e-120 Frac: 0.2520903010033445
Step: 14479 Walker: 4 Trial Log Prob: 302.1083284841632 Prob: 0.5853474707554429 Frac: 0.2514223560910308
Step: 14873 Walker: 23 Trial Log Prob: 232.30991716583927 Prob: 1.8173510647922084e-29 Frac: 0.24943263874561583
Step: 14924 Walker: 14 Trial Log Prob: 285.0670370975082 Prob: 7.009302040595218e-9 Frac: 0.24950177627588596
Number of steps: 15000 Acceptance Rate: 0.24932
Step: 15084 Walker: 35 Trial Log Prob: 267.4717034374073 Prob: 4.079721061695177e-18 Frac: 0.24922341696535244
Step: 15335 Walker: 28 Trial Log Prob: 281.1988317490712 Prob: 9.633862545981518e-14 Frac: 0.2632711621233859
Step: 15370 Walker: 42 Trial Log Prob: 283.1030400653744 Prob: 3.791673850666516e-17 Frac: 0.2618429591174562
Step: 15403 Walker: 22 Trial Log Prob: -1346.203233700531 Prob: 0.0 Frac: 0.2631945134678461
Step: 15623 Walker: 38 Trial Log Prob: 313.1256503840846 Prob: 1.3100302291137382 Frac: 0.26771147793692596
Step: 15628 Walker: 49 Trial Log Prob: 310.88278732149064 Prob: 4.132595220396803 Frac: 0.267333354565432
Step: 15714 Walker: 2 Trial Log Prob: 297.60418307110785 Prob: 0.011719542876677619 Frac: 0.2663525187927746
Step: 15902 Walker: 36 Trial Log Prob: 312.18339215479597 Prob: 0.01196322092510333 Frac: 0.26717828150645434
Step: 15943 Walker: 36 Trial Log Prob: 280.3568963607347 Prob: 1.3605369660205024e-14 Frac: 0.2669509504412763
Number of steps: 16000 Acceptance Rate: 0.26686
Step: 16148 Walker: 4 Trial Log Prob: 305.8380439458314 Prob: 1.8350701942904315 Frac: 0.2665216208865923
Step: 16164 Walker: 22 Trial Log Prob: 306.6770479004374 Prob: 0.02023710941762454 Frac: 0.26700930004894763
Step: 16286 Walker: 31 Trial Log Prob: 314.7889208868355 Prob: 0.000350374653731613 Frac: 0.266577970730341
Step: 16647 Walker: 9 Trial Log Prob: 143.07073203520298 Prob: 2.4744469150390965e-70 Frac: 0.26299173604877896
Step: 16709 Walker: 16 Trial Log Prob: 313.06413608028026 Prob: 0.27406653323030294 Frac: 0.26183081093291166
Step: 16715 Walker: 44 Trial Log Prob: -203.60902940836905 Prob: 2.3977217300092904e-223 Frac: 0.26166629364368843
Step: 16824 Walker: 50 Trial Log Prob: 298.383466300401 Prob: 0.02016606620855214 Frac: 0.26031553398058255
Number of steps: 17000 Acceptance Rate: 0.26044
Step: 17473 Walker: 38 Trial Log Prob: 291.26938201203484 Prob: 3.3428045743920296e-7 Frac: 0.26030120991623656
Number of steps: 18000 Acceptance Rate: 0.25704
Step: 18092 Walker: 11 Trial Log Prob: 202.3834782819945 Prob: 5.712176880672578e-45 Frac: 0.2538916904187678
Step: 18094 Walker: 6 Trial Log Prob: 314.40585524769807 Prob: 1.6436942232905793 Frac: 0.25322164948453607
Step: 18291 Walker: 44 Trial Log Prob: 303.9116074062369 Prob: 0.869086965048549 Frac: 0.2592821782178218
Step: 18421 Walker: 22 Trial Log Prob: 312.1515041016632 Prob: 1.0077705915567592 Frac: 0.2542574445818666
Step: 18531 Walker: 18 Trial Log Prob: 275.07192720909376 Prob: 3.89099419192328e-15 Frac: 0.2536390376348141
Step: 18723 Walker: 41 Trial Log Prob: 308.3760729007915 Prob: 2.857422658680143 Frac: 0.25331341136105806
Step: 18803 Walker: 50 Trial Log Prob: 302.9498974222366 Prob: 0.007942813478972856 Frac: 0.25240348692403486
Step: 18811 Walker: 27 Trial Log Prob: 262.97278169864865 Prob: 2.678948904581042e-6 Frac: 0.2521282108224147
Step: 18870 Walker: 45 Trial Log Prob: 316.15932019815654 Prob: 0.5075942771971836 Frac: 0.25106334061386365
Number of steps: 19000 Acceptance Rate: 0.25232
Step: 19170 Walker: 3 Trial Log Prob: 315.2659480330341 Prob: 0.0010398590571444764 Frac: 0.2706731337986514
Step: 19357 Walker: 26 Trial Log Prob: 313.3854914492209 Prob: 0.5162105306900701 Frac: 0.2618646920228879
Step: 19418 Walker: 7 Trial Log Prob: -4157.803655657944 Prob: 0.0 Frac: 0.26274152562688785
Step: 19464 Walker: 39 Trial Log Prob: 308.7206303765611 Prob: 2.2071893276251484 Frac: 0.2614170511880633
Step: 19791 Walker: 6 Trial Log Prob: 312.81202124538413 Prob: 0.025575929850009664 Frac: 0.2580114413000557
Step: 19850 Walker: 22 Trial Log Prob: 309.288904595518 Prob: 0.31721226485537196 Frac: 0.25875871162177433
Number of steps: 20000 Acceptance Rate: 0.25868
Step: 20169 Walker: 1 Trial Log Prob: 276.31261658318743 Prob: 6.823228770105902e-11 Frac: 0.25627901440304723
Step: 20337 Walker: 41 Trial Log Prob: 298.1069574753299 Prob: 0.00018709559420203244 Frac: 0.26257348138471587
Step: 20344 Walker: 45 Trial Log Prob: 315.57287154149964 Prob: 0.007004358726175889 Frac: 0.26356498982262283
Step: 20583 Walker: 2 Trial Log Prob: 283.63797409131064 Prob: 2.4458135669420133e-12 Frac: 0.2641399216548691
Step: 20752 Walker: 28 Trial Log Prob: 309.0079410909876 Prob: 0.9398911993854576 Frac: 0.26393102347117997
Step: 20943 Walker: 3 Trial Log Prob: 303.26793195280896 Prob: 0.05043616774280938 Frac: 0.2632953315075473
Number of steps: 21000 Acceptance Rate: 0.26276
Step: 21093 Walker: 8 Trial Log Prob: 314.7452399441547 Prob: 0.8417201716098416 Frac: 0.2632378472222222
Step: 21263 Walker: 49 Trial Log Prob: 313.5744791453537 Prob: 4.242259715547939 Frac: 0.2763708266788349
Step: 21490 Walker: 7 Trial Log Prob: 292.170774177746 Prob: 4.1020364622142976e-7 Frac: 0.2751359528969211
Step: 21969 Walker: 46 Trial Log Prob: 208.23051261264516 Prob: 3.687398511208965e-46 Frac: 0.27589481071708705
Step: 21999 Walker: 37 Trial Log Prob: 313.7596038228039 Prob: 0.15911031794572023 Frac: 0.27650840058473675
Number of steps: 22000 Acceptance Rate: 0.2765
Step: 22024 Walker: 2 Trial Log Prob: 289.2719154925518 Prob: 1.3045393157072497e-12 Frac: 0.2465277777777778
Step: 22066 Walker: 7 Trial Log Prob: 298.25917671327727 Prob: 0.007678939333636416 Frac: 0.25852011053116364
Step: 22322 Walker: 23 Trial Log Prob: -Inf Prob: 0.0 Frac: 0.2580103278790518
Step: 22785 Walker: 50 Trial Log Prob: 296.25650212368305 Prob: 0.11796557676679956 Frac: 0.2624968152866242
Number of steps: 23000 Acceptance Rate: 0.26316
Step: 23203 Walker: 25 Trial Log Prob: 53.557512518143284 Prob: 7.879024837159446e-110 Frac: 0.2743703703703704
Step: 23258 Walker: 8 Trial Log Prob: 295.55314237378155 Prob: 0.00022386098915544827 Frac: 0.26994867008866075
Step: 23433 Walker: 3 Trial Log Prob: -748.3775026952494 Prob: 0.0 Frac: 0.2655186779613943
Number of steps: 24000 Acceptance Rate: 0.26232
Step: 24053 Walker: 13 Trial Log Prob: 273.031812731899 Prob: 6.7134372980336484e-15 Frac: 0.25526215078453884
Step: 24285 Walker: 45 Trial Log Prob: 306.2266602214231 Prob: 0.8775468630304691 Frac: 0.25868725868725867
Step: 24598 Walker: 3 Trial Log Prob: 285.6010767967397 Prob: 1.9654305316077858e-10 Frac: 0.2633571165377014
Step: 24782 Walker: 23 Trial Log Prob: 290.7345552481449 Prob: 6.989435853019362e-9 Frac: 0.2665011644869859
Number of steps: 25000 Acceptance Rate: 0.26826
Step: 25130 Walker: 29 Trial Log Prob: 299.960711532776 Prob: 0.0001009037758533175 Frac: 0.27596851365951536
Step: 25176 Walker: 49 Trial Log Prob: 310.912240377225 Prob: 0.0009549240106269105 Frac: 0.2773042391180816
Step: 25387 Walker: 49 Trial Log Prob: 317.3774221450872 Prob: 0.0021192838893149806 Frac: 0.26926456147604527
Step: 25541 Walker: 22 Trial Log Prob: 50.00205959597632 Prob: 8.38664305717795e-109 Frac: 0.2670046628672933
Step: 25581 Walker: 47 Trial Log Prob: 278.5127242275645 Prob: 8.569210835478865e-16 Frac: 0.26839260508830515
Step: 25778 Walker: 6 Trial Log Prob: 308.5746972437986 Prob: 0.4368119521305612 Frac: 0.267088737904056
Number of steps: 26000 Acceptance Rate: 0.2677
Step: 26135 Walker: 9 Trial Log Prob: 281.2533723903984 Prob: 2.7707479655418525e-8 Frac: 0.2589059472350574
Step: 26395 Walker: 17 Trial Log Prob: 296.05091399858145 Prob: 0.011620255304015161 Frac: 0.2629710402191003
Step: 26409 Walker: 8 Trial Log Prob: 308.7534662796325 Prob: 1.0904823868464506 Frac: 0.26342610740885924
Step: 26573 Walker: 10 Trial Log Prob: 311.4900540419098 Prob: 1.695990536080289 Frac: 0.26165676336945126
Step: 26666 Walker: 46 Trial Log Prob: 286.8847989017707 Prob: 8.609655671221191e-6 Frac: 0.25955069678039405
Number of steps: 27000 Acceptance Rate: 0.2594
Step: 27319 Walker: 11 Trial Log Prob: 303.8702011153096 Prob: 0.3806978961813874 Frac: 0.2631512789893784
Step: 27546 Walker: 43 Trial Log Prob: 309.7534131075994 Prob: 2.6174696840689307e-7 Frac: 0.2651595647235555
Step: 27742 Walker: 12 Trial Log Prob: 302.5668119816157 Prob: 0.06478101850770343 Frac: 0.26404403432086776
Step: 27840 Walker: 47 Trial Log Prob: -Inf Prob: 0.0 Frac: 0.26585232278496085
Number of steps: 28000 Acceptance Rate: 0.26682
Step: 28055 Walker: 4 Trial Log Prob: 45.208353186273456 Prob: 1.1898076443071077e-112 Frac: 0.2692307692307692
Step: 28293 Walker: 31 Trial Log Prob: 312.3006305824197 Prob: 4.621896159806161 Frac: 0.2567835417948192
Step: 28338 Walker: 18 Trial Log Prob: 291.71597772637483 Prob: 0.1614903894951532 Frac: 0.2571140621294759
Step: 28412 Walker: 13 Trial Log Prob: 309.0856047702274 Prob: 0.2980416992583531 Frac: 0.25638282351796915
Step: 28424 Walker: 7 Trial Log Prob: 281.13035214750664 Prob: 0.15955577006795948 Frac: 0.2561799877109231
Number of steps: 29000 Acceptance Rate: 0.25668
Step: 29034 Walker: 41 Trial Log Prob: 306.5629374174901 Prob: 2.186526260018547 Frac: 0.26493199290360736
Step: 29064 Walker: 45 Trial Log Prob: 307.220018827969 Prob: 0.9209316375347952 Frac: 0.27261345852895147
Step: 29067 Walker: 21 Trial Log Prob: 296.61120820135875 Prob: 5.281025068829866e-5 Frac: 0.27250828063836197
Step: 29199 Walker: 30 Trial Log Prob: 315.9015275146678 Prob: 0.24039428205826327 Frac: 0.2705941591137966
Step: 29408 Walker: 35 Trial Log Prob: 310.6591109625694 Prob: 0.3551288183204267 Frac: 0.2704439538876625
Step: 29464 Walker: 38 Trial Log Prob: 105.4666869386961 Prob: 1.6321306679090156e-87 Frac: 0.26927721235121616
Step: 29487 Walker: 40 Trial Log Prob: 305.32661735154744 Prob: 0.9840572599096404 Frac: 0.2687756778964667
Step: 29503 Walker: 35 Trial Log Prob: 304.4508339482229 Prob: 1.90880694377438 Frac: 0.2695046747563159
Step: 29561 Walker: 36 Trial Log Prob: 305.3633921446853 Prob: 1.1881891571637793 Frac: 0.26865458695962335
Step: 29731 Walker: 19 Trial Log Prob: 311.53613990080015 Prob: 1.1648830918883855 Frac: 0.2704345683069087
Step: 29782 Walker: 1 Trial Log Prob: 308.7847986729705 Prob: 0.7318415187083511 Frac: 0.27067168574428313
Step: 29891 Walker: 35 Trial Log Prob: 305.0515180519976 Prob: 0.2000081615063669 Frac: 0.27126978780734257
Number of steps: 30000 Acceptance Rate: 0.27206
Step: 30596 Walker: 45 Trial Log Prob: 298.961901535001 Prob: 0.0940491818488843 Frac: 0.2723611344185266
Step: 30832 Walker: 49 Trial Log Prob: 303.83572506449747 Prob: 2.289281884404477 Frac: 0.26880453857063874
Step: 30972 Walker: 23 Trial Log Prob: 175.77469408932873 Prob: 4.899569466545353e-53 Frac: 0.26885306651843616
Number of steps: 31000 Acceptance Rate: 0.26834
Step: 31238 Walker: 39 Trial Log Prob: 308.6464016361277 Prob: 0.9475472695712543 Frac: 0.2670535789385146
Step: 31269 Walker: 12 Trial Log Prob: -754.9760911337191 Prob: 0.0 Frac: 0.2678944229048613
Step: 31455 Walker: 31 Trial Log Prob: 309.8559986543222 Prob: 0.016162775362750067 Frac: 0.26448462452157845
Step: 31673 Walker: 11 Trial Log Prob: 305.0924219516489 Prob: 0.11403960363831936 Frac: 0.26550831572996936
Number of steps: 32000 Acceptance Rate: 0.26732
Step: 32064 Walker: 37 Trial Log Prob: 292.5385499256329 Prob: 0.00019249025813117168 Frac: 0.288672732977722
Step: 32070 Walker: 49 Trial Log Prob: 296.8709450798405 Prob: 0.0005219636714793488 Frac: 0.2869391254644184
Step: 32240 Walker: 39 Trial Log Prob: 305.4072379202261 Prob: 0.017865193446237073 Frac: 0.2802569021603136
Step: 32336 Walker: 29 Trial Log Prob: 309.86648122910015 Prob: 0.4902949050718618 Frac: 0.27951606174384647
Step: 32555 Walker: 46 Trial Log Prob: 315.2441534104549 Prob: 0.005700986589155329 Frac: 0.2809413969581201
Step: 32909 Walker: 1 Trial Log Prob: 295.98893899893767 Prob: 9.800283978784208e-6 Frac: 0.28171185656703596
Number of steps: 33000 Acceptance Rate: 0.2831
Step: 33201 Walker: 46 Trial Log Prob: 305.56859728196264 Prob: 0.25406303011980536 Frac: 0.274437587099343
Step: 33336 Walker: 18 Trial Log Prob: 292.9735903324532 Prob: 0.007202004360275524 Frac: 0.2760615458015267
Step: 33581 Walker: 32 Trial Log Prob: 310.7860506145559 Prob: 0.7031414351807324 Frac: 0.2782446955084045
Step: 33931 Walker: 18 Trial Log Prob: 297.53991004115926 Prob: 0.4238247490445759 Frac: 0.2786448256588847
Number of steps: 34000 Acceptance Rate: 0.28
Step: 34739 Walker: 41 Trial Log Prob: 310.676940145351 Prob: 0.005122613953226993 Frac: 0.27855228607779975
Step: 34761 Walker: 2 Trial Log Prob: 301.3867592902531 Prob: 0.9553620741685012 Frac: 0.2785642860902058
Number of steps: 35000 Acceptance Rate: 0.27708
Step: 35006 Walker: 47 Trial Log Prob: 304.7062442718077 Prob: 0.2736157715392287 Frac: 0.31313131313131315
Step: 35135 Walker: 40 Trial Log Prob: 309.5109260014543 Prob: 0.038032955361938174 Frac: 0.26572700296735907
Step: 35355 Walker: 11 Trial Log Prob: 289.68940064250864 Prob: 2.8436565531437618e-5 Frac: 0.26644458246287617
Step: 35438 Walker: 39 Trial Log Prob: 313.3166560060805 Prob: 0.07827464232942866 Frac: 0.2644707387272146
Step: 35637 Walker: 47 Trial Log Prob: 308.4362152560621 Prob: 2.0746046566541687 Frac: 0.2670581216441109
Step: 35771 Walker: 27 Trial Log Prob: 310.7430809567479 Prob: 6.044861538560008 Frac: 0.26760453707789345
Step: 35852 Walker: 13 Trial Log Prob: 309.62083562547525 Prob: 0.6429454671874333 Frac: 0.26837863872377415
Step: 35936 Walker: 23 Trial Log Prob: 171.6846408761733 Prob: 3.018355884525596e-51 Frac: 0.26953584332841596
Number of steps: 36000 Acceptance Rate: 0.26884
Step: 36043 Walker: 25 Trial Log Prob: 309.80332023080626 Prob: 0.28909550018207275 Frac: 0.2696470588235294
Step: 36338 Walker: 36 Trial Log Prob: 307.07044480594965 Prob: 0.18533761454153108 Frac: 0.2790477318488689
Step: 36919 Walker: 5 Trial Log Prob: 314.01207319291547 Prob: 0.00026744355564232547 Frac: 0.27574338307373925
Number of steps: 37000 Acceptance Rate: 0.27478
Step: 37056 Walker: 22 Trial Log Prob: 297.88533887495896 Prob: 3.7285077992934586e-5 Frac: 0.25793650793650796
Step: 37099 Walker: 17 Trial Log Prob: 316.82499767586313 Prob: 0.8769780402200857 Frac: 0.266422615415904
Step: 37342 Walker: 21 Trial Log Prob: 286.68339580612826 Prob: 5.3329804815562655e-8 Frac: 0.26489367933923025
Step: 37550 Walker: 26 Trial Log Prob: 315.32661861316876 Prob: 0.00032407809102157417 Frac: 0.2619740864754695
Step: 37601 Walker: 16 Trial Log Prob: 307.3136268484976 Prob: 0.9030597441537924 Frac: 0.26275986140724944
Step: 37842 Walker: 42 Trial Log Prob: 308.51962239126175 Prob: 0.17068675799330205 Frac: 0.26273401121353224
Number of steps: 38000 Acceptance Rate: 0.26454
Step: 38068 Walker: 26 Trial Log Prob: 306.401554999327 Prob: 0.04543862521027678 Frac: 0.2710308056872038
Step: 38191 Walker: 20 Trial Log Prob: 303.3233073985625 Prob: 1.7497182632767831 Frac: 0.27247899159663863
Step: 38514 Walker: 38 Trial Log Prob: 315.7327240269113 Prob: 0.4910228413645057 Frac: 0.26705076300218
Step: 38588 Walker: 45 Trial Log Prob: 275.04791598081874 Prob: 7.457660706350936e-8 Frac: 0.2687191699268583
Step: 38766 Walker: 27 Trial Log Prob: 316.18911806340566 Prob: 0.0047146495041676525 Frac: 0.2726702719648875
Step: 38797 Walker: 13 Trial Log Prob: 276.2675672463548 Prob: 1.503282936097105e-16 Frac: 0.2733529249240198
Step: 38923 Walker: 17 Trial Log Prob: 294.8803697360293 Prob: 2.732557846117964e-5 Frac: 0.2736734826636598
Step: 38935 Walker: 48 Trial Log Prob: 302.8135228697314 Prob: 0.056528503785431033 Frac: 0.2739154616240267
Step: 38990 Walker: 50 Trial Log Prob: 306.699665121722 Prob: 9.066734929145137e-5 Frac: 0.27426262626262626
Number of steps: 39000 Acceptance Rate: 0.27444
Step: 39086 Walker: 26 Trial Log Prob: 310.5323002516958 Prob: 0.005541347578629795 Frac: 0.2885874649204864
Step: 39099 Walker: 17 Trial Log Prob: 312.29117279553134 Prob: 0.23748257453710808 Frac: 0.2881838519422412
Step: 39130 Walker: 27 Trial Log Prob: -7281.493791314552 Prob: 0.0 Frac: 0.28284699706654315
Step: 39932 Walker: 31 Trial Log Prob: 264.38742712550555 Prob: 5.425571857099718e-14 Frac: 0.2740173031922887
Step: 39944 Walker: 9 Trial Log Prob: 301.03785122362257 Prob: 0.0008809858581898964 Frac: 0.27369113000699763
Number of steps: 40000 Acceptance Rate: 0.27324
Step: 40049 Walker: 45 Trial Log Prob: -Inf Prob: 0.0 Frac: 0.2588957055214724
Step: 40071 Walker: 12 Trial Log Prob: 294.46322620888753 Prob: 1.8316032493208393e-6 Frac: 0.25996583143507973
Step: 40414 Walker: 1 Trial Log Prob: 311.0388235067875 Prob: 1.2613020459670066 Frac: 0.2693332042031863
Step: 40509 Walker: 42 Trial Log Prob: 275.31109828633714 Prob: 8.90479345141648e-18 Frac: 0.27022246678720224
Number of steps: 41000 Acceptance Rate: 0.26988
Step: 41095 Walker: 42 Trial Log Prob: 310.5786314806863 Prob: 0.3568612918761097 Frac: 0.26613243357233235
Step: 41657 Walker: 15 Trial Log Prob: 312.8952936451569 Prob: 0.7535478214060802 Frac: 0.2679872009751638
Step: 41683 Walker: 16 Trial Log Prob: 313.7457842169366 Prob: 0.05380317236686778 Frac: 0.2677043029663501
Step: 41689 Walker: 10 Trial Log Prob: 313.55081191640284 Prob: 0.6452386645140328 Frac: 0.26803254867771
Step: 41911 Walker: 1 Trial Log Prob: 317.11867291535134 Prob: 0.03318240452348987 Frac: 0.26680732291597986
Number of steps: 42000 Acceptance Rate: 0.26618
Step: 42113 Walker: 2 Trial Log Prob: 250.13529377620705 Prob: 4.1605221138021356e-20 Frac: 0.28222063548732595
Step: 42123 Walker: 3 Trial Log Prob: 287.9885993999601 Prob: 7.877579697921906e-12 Frac: 0.28133704735376047
Step: 42235 Walker: 49 Trial Log Prob: 315.226941659304 Prob: 1.5366307428209753 Frac: 0.2719380372797685
Step: 42311 Walker: 33 Trial Log Prob: 292.056877854667 Prob: 0.00456363594413852 Frac: 0.27367540075967295
Step: 42486 Walker: 19 Trial Log Prob: 201.7052975104106 Prob: 1.1833395665907083e-42 Frac: 0.273064403148049
Step: 42725 Walker: 20 Trial Log Prob: 312.7393503132558 Prob: 0.021994629546644745 Frac: 0.27073440088348977
Step: 42730 Walker: 45 Trial Log Prob: 184.23879267401566 Prob: 3.4375971805656465e-53 Frac: 0.27066721468694344
Number of steps: 43000 Acceptance Rate: 0.27216
Step: 43021 Walker: 16 Trial Log Prob: 291.2844320226164 Prob: 2.436358348181218e-6 Frac: 0.2824803149606299
Step: 43127 Walker: 3 Trial Log Prob: 312.3363722201952 Prob: 0.013823281458927392 Frac: 0.27256861811835636
Step: 43220 Walker: 11 Trial Log Prob: 318.64994315344165 Prob: 0.09285558303982523 Frac: 0.2760697016695557
Step: 43424 Walker: 28 Trial Log Prob: 307.6827227560516 Prob: 5.7632348550861145e-6 Frac: 0.27915761639437153
Step: 43479 Walker: 20 Trial Log Prob: 313.6485554511783 Prob: 0.008603083550198449 Frac: 0.279180602006689
Step: 43850 Walker: 6 Trial Log Prob: 314.18333421269256 Prob: 0.00040275221272402815 Frac: 0.2764038062935745
Step: 43858 Walker: 14 Trial Log Prob: 302.94680982158457 Prob: 0.0005233747974421357 Frac: 0.2764324374766704
Number of steps: 44000 Acceptance Rate: 0.27644
Step: 44308 Walker: 9 Trial Log Prob: 307.99902207789074 Prob: 7.748451551513688 Frac: 0.2716322677257634
Step: 44641 Walker: 38 Trial Log Prob: 301.38192903274097 Prob: 0.1200499725196526 Frac: 0.27117797615331796
Step: 44720 Walker: 21 Trial Log Prob: 313.4495172299913 Prob: 3.9475819640627363 Frac: 0.2699674737983376
Step: 44758 Walker: 11 Trial Log Prob: 256.04920519135175 Prob: 1.3131765800488175e-20 Frac: 0.2697762869443491
Number of steps: 45000 Acceptance Rate: 0.26966
Step: 45398 Walker: 7 Trial Log Prob: 306.52970669609243 Prob: 0.07145670834733885 Frac: 0.25829682227929696
Step: 45470 Walker: 32 Trial Log Prob: 306.17995307434234 Prob: 4.064101052109064 Frac: 0.25943275700536583
Number of steps: 46000 Acceptance Rate: 0.26448
Step: 46104 Walker: 29 Trial Log Prob: 313.025758163036 Prob: 0.4809140111666126 Frac: 0.28074917937825833
Step: 46241 Walker: 39 Trial Log Prob: 214.41945053331085 Prob: 3.556022200756149e-39 Frac: 0.2793421380513332
Step: 46546 Walker: 32 Trial Log Prob: 297.39203923059983 Prob: 0.0002666740983130684 Frac: 0.27989150355545783
Step: 46643 Walker: 32 Trial Log Prob: 295.64333203512643 Prob: 0.002066142023071626 Frac: 0.27850740694634635
Step: 46661 Walker: 20 Trial Log Prob: 308.2421386404756 Prob: 11.61389777362359 Frac: 0.278709872804361
Step: 46914 Walker: 1 Trial Log Prob: 315.8518687756415 Prob: 1.0673972429979903 Frac: 0.2791395588267508
Step: 46919 Walker: 12 Trial Log Prob: -276.62402385982904 Prob: 4.3535978256459253e-252 Frac: 0.2790555845966196
Number of steps: 47000 Acceptance Rate: 0.27814
Step: 47345 Walker: 28 Trial Log Prob: 306.77818360634444 Prob: 0.5529453273739449 Frac: 0.2800092872068725
Step: 47391 Walker: 41 Trial Log Prob: 303.8561089498463 Prob: 0.005130205876523776 Frac: 0.28110127424389747
Step: 47482 Walker: 41 Trial Log Prob: 288.69988132167396 Prob: 7.434112398123783e-10 Frac: 0.280436677597443
Step: 47630 Walker: 20 Trial Log Prob: 303.4296830622884 Prob: 0.04884267704667455 Frac: 0.2771210676835081
Step: 47776 Walker: 10 Trial Log Prob: 297.1676217821295 Prob: 0.41621020592119834 Frac: 0.27623839009287926
Number of steps: 48000 Acceptance Rate: 0.27352
Step: 48297 Walker: 33 Trial Log Prob: 297.0870163716233 Prob: 0.24117837805007586 Frac: 0.26137666014966626
Step: 48555 Walker: 20 Trial Log Prob: 303.6588795212259 Prob: 0.15118761602160205 Frac: 0.2684343434343434
Step: 48674 Walker: 29 Trial Log Prob: 282.53820919055113 Prob: 1.3862330174640355e-11 Frac: 0.2712966537011194
Step: 48839 Walker: 49 Trial Log Prob: 314.3417705023079 Prob: 0.0031215694458305845 Frac: 0.2729028105556747
Step: 48922 Walker: 47 Trial Log Prob: 284.7442130577458 Prob: 2.409636887894438e-8 Frac: 0.2719482829685229
Number of steps: 49000 Acceptance Rate: 0.27316
Step: 49117 Walker: 5 Trial Log Prob: 308.47095930342647 Prob: 0.10895509140651256 Frac: 0.27786391042204994
Step: 49594 Walker: 35 Trial Log Prob: 311.0220600930203 Prob: 9.359967730966485 Frac: 0.2740104429846724
Number of steps: 50000 Acceptance Rate: 0.27782
Burn-in Number (ends): 50000
Independent Sample Size: 195.8375776216236
2967.445955 seconds (130.36 M allocations: 2.792 TiB, 12.89% gc time)
