args = ["mcmc", "10.0", "20", "ppp"]
Parameters from fit: [3.7573121558718995e-6, 224.70077683507287, 2.4335037688503615e6, -0.06890118186701293, -0.03200282378385743, 2.6481105107430443e-6, 365.25639005913615, 2.433624408124549e6, -0.04011568250742065, -0.024345828924138013, 0.001102984497792815, 4805.042326959485, 2.4403853215500177e6, 0.03894261496661924, 0.06429227740176204]
Maximum log Prob from fit: -169.38328021161948
Step: 197 Walker: 32 Trial Log Prob: 388.7242098040462 Prob: 1.0545809491770113 Frac: 0.3838486574450773
Step: 303 Walker: 21 Trial Log Prob: 393.43712560480907 Prob: 0.30032921808230756 Frac: 0.3698168110574697
Step: 600 Walker: 8 Trial Log Prob: 396.45274967663676 Prob: 2.503398205843899 Frac: 0.3555310768409106
Step: 725 Walker: 16 Trial Log Prob: 397.7049280821181 Prob: 4.710328125266116e-5 Frac: 0.3518610558869008
Step: 831 Walker: 44 Trial Log Prob: 383.56176833866715 Prob: 0.42482531650187155 Frac: 0.35025515116502987
Step: 849 Walker: 41 Trial Log Prob: 395.53913316098595 Prob: 0.9388805116562182 Frac: 0.3497796941636625
Number of steps: 1000 Acceptance Rate: 0.34494
Step: 1092 Walker: 30 Trial Log Prob: 386.68158806349703 Prob: 0.008931863916500636 Frac: 0.31986899563318777
Step: 1152 Walker: 16 Trial Log Prob: 376.9608154970792 Prob: 0.008785585365280386 Frac: 0.3185302669838752
Step: 1271 Walker: 7 Trial Log Prob: 396.00816732214383 Prob: 0.00258611129521259 Frac: 0.3161323758051381
Step: 1286 Walker: 18 Trial Log Prob: 389.6523440993983 Prob: 0.4520812301149142 Frac: 0.31567143257639474
Step: 1643 Walker: 20 Trial Log Prob: 393.91751391467324 Prob: 0.20613325132429675 Frac: 0.31285803237858034
Step: 1766 Walker: 30 Trial Log Prob: 395.94524936252924 Prob: 0.1547805599304857 Frac: 0.30971786833855797
Number of steps: 2000 Acceptance Rate: 0.30166
Step: 2399 Walker: 22 Trial Log Prob: 392.5933487183629 Prob: 0.212403249975788 Frac: 0.26387912860154605
Number of steps: 3000 Acceptance Rate: 0.24818
Step: 3052 Walker: 36 Trial Log Prob: 392.0005117634849 Prob: 0.00025540382299784383 Frac: 0.21809744779582366
Step: 3117 Walker: 2 Trial Log Prob: 361.80636753704715 Prob: 2.6694820454960896e-10 Frac: 0.22130299896587383
Step: 3731 Walker: 17 Trial Log Prob: 391.2340260185013 Prob: 5.338035283133581 Frac: 0.21858312566749732
Step: 3834 Walker: 32 Trial Log Prob: 339.2487201398774 Prob: 1.2031929108020849e-20 Frac: 0.21707211746077443
Number of steps: 4000 Acceptance Rate: 0.21628
Step: 4053 Walker: 29 Trial Log Prob: -142.783186295419 Prob: 2.150538186425807e-230 Frac: 0.21338912133891214
Step: 4085 Walker: 19 Trial Log Prob: 385.9205339641457 Prob: 0.04807975189268087 Frac: 0.21735008295804692
Step: 4289 Walker: 42 Trial Log Prob: 390.4077818238518 Prob: 0.43710471154728275 Frac: 0.2194986843927434
Step: 4873 Walker: 27 Trial Log Prob: 396.0383670138212 Prob: 0.09060874781614803 Frac: 0.22644234075228642
Number of steps: 5000 Acceptance Rate: 0.22828
Step: 5094 Walker: 34 Trial Log Prob: 136.93225525424577 Prob: 6.785527326822415e-107 Frac: 0.2233134073441503
Step: 5202 Walker: 45 Trial Log Prob: 398.0048036778956 Prob: 0.06542739145645222 Frac: 0.22862803368003962
Number of steps: 6000 Acceptance Rate: 0.24822
Step: 6248 Walker: 13 Trial Log Prob: 345.351401713911 Prob: 1.8558112905432055e-18 Frac: 0.25495429911833695
Step: 6617 Walker: 49 Trial Log Prob: 345.3605089125095 Prob: 1.8058528642410237e-15 Frac: 0.25770689487503645
Step: 6737 Walker: 31 Trial Log Prob: 392.91389764751153 Prob: 0.5703650182450214 Frac: 0.25663164182346393
Step: 6843 Walker: 42 Trial Log Prob: 337.4837347089191 Prob: 9.614214829520175e-23 Frac: 0.2557306250296616
Step: 6857 Walker: 35 Trial Log Prob: 400.9000232622696 Prob: 0.09966040451556116 Frac: 0.2553986226216879
Number of steps: 7000 Acceptance Rate: 0.2539
Step: 7084 Walker: 47 Trial Log Prob: 393.3276437522828 Prob: 0.1236549963751754 Frac: 0.2582797236121039
Step: 7208 Walker: 26 Trial Log Prob: 312.5459308373317 Prob: 1.3588369344274017e-32 Frac: 0.24585582112567464
Step: 7340 Walker: 37 Trial Log Prob: 397.57076462593596 Prob: 0.055214500573622635 Frac: 0.24548183905339377
Step: 7341 Walker: 19 Trial Log Prob: 396.0419167002312 Prob: 0.14726829173612038 Frac: 0.2454315764733533
Step: 7443 Walker: 1 Trial Log Prob: 398.751483805845 Prob: 0.001823983059060717 Frac: 0.24501153793945976
Step: 7479 Walker: 42 Trial Log Prob: 388.8936490455727 Prob: 0.001381746712290562 Frac: 0.2453846796424693
Step: 7501 Walker: 18 Trial Log Prob: 392.30425567148393 Prob: 1.0653427679645695 Frac: 0.24538332400671517
Step: 7999 Walker: 24 Trial Log Prob: 383.53473623445643 Prob: 1.0883788145421829 Frac: 0.24875811233074274
Number of steps: 8000 Acceptance Rate: 0.24882
Step: 8291 Walker: 31 Trial Log Prob: 389.5589355876008 Prob: 4.872656021598047e-7 Frac: 0.24031381185052647
Step: 8408 Walker: 15 Trial Log Prob: 376.65700723499606 Prob: 0.0003338720207960036 Frac: 0.23884114903019887
Step: 8587 Walker: 31 Trial Log Prob: 397.0661070342311 Prob: 0.00024040292965436046 Frac: 0.23371177252736014
Step: 8903 Walker: 10 Trial Log Prob: 384.40564470734927 Prob: 1.0809329076758598 Frac: 0.23212148082465087
Number of steps: 9000 Acceptance Rate: 0.232
Step: 9010 Walker: 49 Trial Log Prob: 395.28615387028253 Prob: 0.7593030336545802 Frac: 0.2545090180360721
Step: 9646 Walker: 33 Trial Log Prob: 387.55381170574157 Prob: 0.13178673483664072 Frac: 0.23201065576309512
Step: 9760 Walker: 47 Trial Log Prob: 391.77650589830614 Prob: 0.24069807476978142 Frac: 0.2338079322051741
Step: 9966 Walker: 19 Trial Log Prob: 391.665381950674 Prob: 0.6800205183850743 Frac: 0.2347676562597112
Step: 9998 Walker: 12 Trial Log Prob: 371.08293586319684 Prob: 1.9873776190304703e-8 Frac: 0.23464762745176687
Number of steps: 10000 Acceptance Rate: 0.23454
Step: 10030 Walker: 13 Trial Log Prob: 367.42692102933773 Prob: 5.902067384834464e-9 Frac: 0.24470266575529734
Step: 10232 Walker: 36 Trial Log Prob: 393.68669853382846 Prob: 0.05640006102263492 Frac: 0.24313827032625582
Step: 10377 Walker: 48 Trial Log Prob: 392.3543832861451 Prob: 0.5332298705377092 Frac: 0.23938879456706283
Step: 10487 Walker: 1 Trial Log Prob: 386.6988094964991 Prob: 0.13129532574845174 Frac: 0.2368215299781902
Step: 10778 Walker: 44 Trial Log Prob: 384.424842245803 Prob: 0.025914442591019504 Frac: 0.23057541008895974
Step: 10877 Walker: 36 Trial Log Prob: 378.40706579545065 Prob: 1.997403354484922e-10 Frac: 0.230906104571585
Number of steps: 11000 Acceptance Rate: 0.23094
Step: 11217 Walker: 43 Trial Log Prob: 387.14748208111416 Prob: 0.009415916226485575 Frac: 0.2326846813612469
Step: 11584 Walker: 24 Trial Log Prob: 372.7182358831319 Prob: 1.1505788645552183e-6 Frac: 0.2416878042092274
Step: 11747 Walker: 43 Trial Log Prob: 392.9625533131164 Prob: 0.8724020866421505 Frac: 0.24095546688803793
Step: 11833 Walker: 41 Trial Log Prob: 385.6395473051511 Prob: 0.9081195166335343 Frac: 0.2419730554021277
Step: 11838 Walker: 29 Trial Log Prob: 395.8670772258215 Prob: 1.048727520050384 Frac: 0.24183958547243248
Step: 11844 Walker: 29 Trial Log Prob: 397.9850971405104 Prob: 0.011989785863532094 Frac: 0.24192133526162307
Number of steps: 12000 Acceptance Rate: 0.242
Step: 12133 Walker: 4 Trial Log Prob: 397.28204204078423 Prob: 0.04269173128256416 Frac: 0.23319200484554814
Step: 12144 Walker: 40 Trial Log Prob: -290.3758633180253 Prob: 5.836815668877067e-292 Frac: 0.23268428372739916
Number of steps: 13000 Acceptance Rate: 0.23796
Step: 13156 Walker: 40 Trial Log Prob: 397.54102483212426 Prob: 0.0713360487719643 Frac: 0.26405648267008985
Step: 13374 Walker: 16 Trial Log Prob: 396.6431113148411 Prob: 3.6394334444009367e-6 Frac: 0.26272366870245367
Step: 13712 Walker: 8 Trial Log Prob: 370.362637555621 Prob: 1.2242640547632144e-8 Frac: 0.2586759660273356
Step: 13975 Walker: 6 Trial Log Prob: 390.86576882560394 Prob: 0.3860890323935328 Frac: 0.25649817270972775
Number of steps: 14000 Acceptance Rate: 0.25598
Step: 14014 Walker: 13 Trial Log Prob: 389.5741985766212 Prob: 1.2903873154589844 Frac: 0.2383107088989442
Step: 14346 Walker: 5 Trial Log Prob: 378.2418306899618 Prob: 1.6418488540945363e-9 Frac: 0.23512025499855113
Step: 14492 Walker: 22 Trial Log Prob: 389.109988504808 Prob: 0.18709056035617375 Frac: 0.2367735634055022
Step: 14639 Walker: 26 Trial Log Prob: 392.75850424382287 Prob: 0.00024128772926697352 Frac: 0.23786255716344046
Step: 14780 Walker: 30 Trial Log Prob: 386.9553915622216 Prob: 0.4002168803645208 Frac: 0.23819907644946126
Step: 14845 Walker: 16 Trial Log Prob: 398.4100404415368 Prob: 0.13028839457011926 Frac: 0.23815614932726928
Step: 14870 Walker: 8 Trial Log Prob: 393.9663051376461 Prob: 0.000309560894871536 Frac: 0.2381379722950895
Number of steps: 15000 Acceptance Rate: 0.23774
Step: 15445 Walker: 40 Trial Log Prob: 391.09566614860137 Prob: 0.0001287755724759162 Frac: 0.24285071942446043
Step: 15445 Walker: 48 Trial Log Prob: 393.13808767969834 Prob: 12.867566023738938 Frac: 0.24280834232290543
Number of steps: 16000 Acceptance Rate: 0.24352
Step: 16368 Walker: 40 Trial Log Prob: 385.8328199959322 Prob: 5.873994044747058e-7 Frac: 0.25067971723762916
Step: 16622 Walker: 18 Trial Log Prob: 393.49435422345323 Prob: 0.19161185267250572 Frac: 0.2532187459765675
Step: 16729 Walker: 34 Trial Log Prob: 387.3037912087671 Prob: 3.655818234451449e-5 Frac: 0.25393862875336226
Step: 16780 Walker: 32 Trial Log Prob: 385.541433608171 Prob: 0.30894364899991317 Frac: 0.25273203016776974
Number of steps: 17000 Acceptance Rate: 0.24934
Step: 17432 Walker: 38 Trial Log Prob: 326.55207637526587 Prob: 4.0399664438465295e-27 Frac: 0.2436538817861775
Step: 17574 Walker: 50 Trial Log Prob: 391.3920047372653 Prob: 0.8497443015904751 Frac: 0.2448432055749129
Step: 17900 Walker: 38 Trial Log Prob: 394.89298527755693 Prob: 3.537393129873187 Frac: 0.25020005334755935
Step: 17927 Walker: 1 Trial Log Prob: 385.9622826234675 Prob: 0.09988129037728762 Frac: 0.25018898079955076
Number of steps: 18000 Acceptance Rate: 0.24984
Step: 18307 Walker: 22 Trial Log Prob: 392.7621031976955 Prob: 0.1880304531322127 Frac: 0.2522516642735935
Step: 18350 Walker: 28 Trial Log Prob: 309.03487731827965 Prob: 2.925733911371022e-34 Frac: 0.2523744135484609
Step: 18534 Walker: 21 Trial Log Prob: 381.21012687404243 Prob: 0.02277709535796181 Frac: 0.2548085936035394
Step: 18714 Walker: 39 Trial Log Prob: 387.1512078045202 Prob: 0.6114457446331053 Frac: 0.2529630978732943
Number of steps: 19000 Acceptance Rate: 0.25324
Step: 19046 Walker: 47 Trial Log Prob: 383.19032137623606 Prob: 0.014807851751391352 Frac: 0.24902046147148454
Step: 19241 Walker: 23 Trial Log Prob: 392.64374045879896 Prob: 1.20671837869307 Frac: 0.2545953588954504
Step: 19581 Walker: 30 Trial Log Prob: 396.51050461918504 Prob: 0.00035420051658363946 Frac: 0.2600413365483982
Step: 19768 Walker: 1 Trial Log Prob: 387.59251664372925 Prob: 0.002673722856770456 Frac: 0.2598367708795077
Step: 19807 Walker: 16 Trial Log Prob: 383.75494992258564 Prob: 0.007159906724002066 Frac: 0.259227105863677
Number of steps: 20000 Acceptance Rate: 0.25932
Step: 20182 Walker: 47 Trial Log Prob: 392.4577188351248 Prob: 1.616528126301239 Frac: 0.2571177311201495
Step: 20399 Walker: 24 Trial Log Prob: 390.1736102700154 Prob: 0.16558623474689926 Frac: 0.25597269624573377
Step: 20675 Walker: 25 Trial Log Prob: 385.26588809520854 Prob: 0.26204862098402404 Frac: 0.25868050407709414
Step: 20795 Walker: 50 Trial Log Prob: 396.2325132305289 Prob: 0.016580863290479586 Frac: 0.25861635220125784
Step: 20941 Walker: 20 Trial Log Prob: 384.42302527164793 Prob: 0.40158714814211255 Frac: 0.25901743938749466
Number of steps: 21000 Acceptance Rate: 0.25894
Step: 21192 Walker: 47 Trial Log Prob: 362.81418335790437 Prob: 1.6255995138168575e-11 Frac: 0.2435135979993748
Step: 21728 Walker: 19 Trial Log Prob: 387.6702739341745 Prob: 1.2960184204048262 Frac: 0.24680359646952074
Number of steps: 22000 Acceptance Rate: 0.24492
Step: 22182 Walker: 50 Trial Log Prob: 389.80008408925437 Prob: 0.12034178903054393 Frac: 0.23813186813186812
Step: 22273 Walker: 45 Trial Log Prob: 366.67350138428503 Prob: 1.8560243975506915e-6 Frac: 0.23781604983510443
Step: 22843 Walker: 30 Trial Log Prob: -Inf Prob: 0.0 Frac: 0.23591265131735106
Number of steps: 23000 Acceptance Rate: 0.2368
Step: 23462 Walker: 43 Trial Log Prob: 391.6844412293645 Prob: 1.0601204986001995 Frac: 0.23730134672844586
Step: 23643 Walker: 16 Trial Log Prob: 395.1992317729542 Prob: 2.296444764481813 Frac: 0.24000498194046582
Step: 23889 Walker: 1 Trial Log Prob: 395.01771902913583 Prob: 0.05643295968873179 Frac: 0.24017477083849462
Number of steps: 24000 Acceptance Rate: 0.24088
Step: 24037 Walker: 48 Trial Log Prob: 389.7324597330844 Prob: 1.543377416549857 Frac: 0.24134199134199133
Step: 24079 Walker: 33 Trial Log Prob: 393.3064490802759 Prob: 0.4947881788722379 Frac: 0.24510551741673023
Step: 24278 Walker: 36 Trial Log Prob: 396.3523389517893 Prob: 0.007864914078659154 Frac: 0.2448509289932306
Step: 24323 Walker: 5 Trial Log Prob: 377.5430779251954 Prob: 0.0026343248585413495 Frac: 0.2438373176032288
Step: 24598 Walker: 14 Trial Log Prob: 345.40186657740037 Prob: 4.530410826766592e-19 Frac: 0.244910259844629
Number of steps: 25000 Acceptance Rate: 0.24504
Step: 25835 Walker: 44 Trial Log Prob: 389.1430173521649 Prob: 0.0029020297277200986 Frac: 0.26307972403219626
Step: 25992 Walker: 38 Trial Log Prob: 328.035625338273 Prob: 1.8122680477747295e-26 Frac: 0.260365410986529
Number of steps: 26000 Acceptance Rate: 0.26022
Step: 26779 Walker: 9 Trial Log Prob: 389.76257707963856 Prob: 1.685360523755847 Frac: 0.2502248837029993
Number of steps: 27000 Acceptance Rate: 0.24904
Step: 27014 Walker: 15 Trial Log Prob: 391.486678138222 Prob: 0.0005501597988986283 Frac: 0.23909774436090225
Step: 27044 Walker: 43 Trial Log Prob: 371.901595190385 Prob: 5.785570990244186e-7 Frac: 0.24076607387140903
Step: 27139 Walker: 5 Trial Log Prob: 394.8634049811533 Prob: 0.10663840913388499 Frac: 0.24779145546705286
Step: 27556 Walker: 25 Trial Log Prob: 389.8762128501654 Prob: 0.006045349195920181 Frac: 0.25015301530153017
Step: 27698 Walker: 21 Trial Log Prob: 398.3201195014003 Prob: 0.0013156564764803408 Frac: 0.2509535143815778
Step: 27917 Walker: 23 Trial Log Prob: 389.666039536659 Prob: 1.5524335092249768 Frac: 0.25124937258581936
Step: 27932 Walker: 5 Trial Log Prob: 390.0599354300708 Prob: 0.033957536934899744 Frac: 0.2512726882182365
Step: 27939 Walker: 36 Trial Log Prob: 392.93456954168795 Prob: 0.9641846340036199 Frac: 0.2514274757116073
Number of steps: 28000 Acceptance Rate: 0.2516
Step: 28039 Walker: 2 Trial Log Prob: 273.93382311285586 Prob: 2.5351424034681333e-48 Frac: 0.25814931650893796
Step: 28132 Walker: 13 Trial Log Prob: 249.02998809553466 Prob: 4.109168038451824e-58 Frac: 0.25293310985829653
Step: 28397 Walker: 38 Trial Log Prob: 390.72616553315805 Prob: 1.2586600953165759 Frac: 0.25551970964815
Step: 28675 Walker: 45 Trial Log Prob: 394.5324674367148 Prob: 0.0016545033022041338 Frac: 0.25375611201659504
Step: 28708 Walker: 5 Trial Log Prob: 382.24812862520747 Prob: 0.01001399325068614 Frac: 0.2537406307452977
Step: 28774 Walker: 50 Trial Log Prob: 394.5962658293329 Prob: 1.8358294959021095e-5 Frac: 0.2542894056847545
Step: 28859 Walker: 40 Trial Log Prob: 395.4113944111905 Prob: 4.48671480529045e-6 Frac: 0.25274802049371214
Step: 28989 Walker: 30 Trial Log Prob: 391.72948886760247 Prob: 0.6847507572197938 Frac: 0.25241756018612177
Number of steps: 29000 Acceptance Rate: 0.25224
Step: 29106 Walker: 41 Trial Log Prob: 386.79339271141765 Prob: 0.6746902284711098 Frac: 0.2574182574182574
Step: 29430 Walker: 10 Trial Log Prob: 396.5988983054739 Prob: 0.021552915690721063 Frac: 0.2609040074557316
Step: 29493 Walker: 36 Trial Log Prob: 387.8191302412554 Prob: 0.03998133417631565 Frac: 0.2617308004546193
Step: 29822 Walker: 42 Trial Log Prob: 364.8485621671509 Prob: 1.0097186618121139e-10 Frac: 0.25941789156040107
Number of steps: 30000 Acceptance Rate: 0.25852
Step: 30070 Walker: 19 Trial Log Prob: 330.37373353261506 Prob: 4.777765737845004e-21 Frac: 0.24704525799942348
Step: 30119 Walker: 29 Trial Log Prob: 392.76089971287274 Prob: 0.10554358942694723 Frac: 0.25130713442401753
Step: 30127 Walker: 24 Trial Log Prob: 394.77199663124685 Prob: 1.0394423486324653 Frac: 0.25126502213788743
Step: 30502 Walker: 18 Trial Log Prob: 386.6598196207517 Prob: 0.005563240010328561 Frac: 0.26164831657890536
Step: 30607 Walker: 44 Trial Log Prob: 389.9892826603726 Prob: 0.6894831425970386 Frac: 0.2584695491695228
Step: 30813 Walker: 23 Trial Log Prob: 373.0271482508892 Prob: 1.4351036557517579e-6 Frac: 0.25657878541712825
Step: 30868 Walker: 19 Trial Log Prob: 386.1756978233509 Prob: 0.5697376158466655 Frac: 0.25631211233830614
Number of steps: 31000 Acceptance Rate: 0.2547
Step: 31251 Walker: 35 Trial Log Prob: 390.5040019314071 Prob: 0.6592453513363453 Frac: 0.24499401675309135
Step: 31412 Walker: 49 Trial Log Prob: 398.31190505623067 Prob: 0.40055114642543854 Frac: 0.24700228166415844
Step: 31517 Walker: 28 Trial Log Prob: 378.67877006718237 Prob: 7.06558430787157e-5 Frac: 0.24535387951060864
Step: 31604 Walker: 16 Trial Log Prob: 397.69745043569293 Prob: 0.363524332081923 Frac: 0.24676788437313532
Number of steps: 32000 Acceptance Rate: 0.24402
Step: 32167 Walker: 31 Trial Log Prob: 344.199469443369 Prob: 4.1533169718820036e-17 Frac: 0.2337054375225063
Step: 32182 Walker: 49 Trial Log Prob: 379.27657609528467 Prob: 0.0018765079443441124 Frac: 0.23277283217936037
Step: 32670 Walker: 7 Trial Log Prob: 393.35470762064733 Prob: 0.2293788366531052 Frac: 0.23292584511462475
Step: 32715 Walker: 29 Trial Log Prob: 392.37982615615863 Prob: 0.3959821707210533 Frac: 0.23389963335105937
Step: 32878 Walker: 24 Trial Log Prob: 389.05705878604425 Prob: 1.7487009941972802 Frac: 0.23198249532752882
Number of steps: 33000 Acceptance Rate: 0.23136
Step: 33391 Walker: 50 Trial Log Prob: 351.5024155856516 Prob: 7.250273784399929e-15 Frac: 0.23892583120204602
Step: 33395 Walker: 33 Trial Log Prob: 374.73982274882104 Prob: 9.267689865831083e-6 Frac: 0.23807834591800536
Step: 33507 Walker: 18 Trial Log Prob: 258.113137837176 Prob: 6.277335395487445e-56 Frac: 0.23722252942570504
Step: 33537 Walker: 50 Trial Log Prob: 397.166737550622 Prob: 0.6467858446908918 Frac: 0.23661080074487895
Step: 33867 Walker: 41 Trial Log Prob: 393.2094913182124 Prob: 9.711515622082292e-5 Frac: 0.2332894949355114
Step: 33949 Walker: 36 Trial Log Prob: -69.74957277777698 Prob: 3.50585803031011e-200 Frac: 0.23372544059364195
Number of steps: 34000 Acceptance Rate: 0.23378
Step: 34137 Walker: 24 Trial Log Prob: 396.66884602727276 Prob: 1.1729310050669635 Frac: 0.24794841735052756
Step: 34213 Walker: 31 Trial Log Prob: 396.5168157628492 Prob: 0.00016818338372253652 Frac: 0.24381525726648481
Step: 34321 Walker: 6 Trial Log Prob: 395.68047311180885 Prob: 0.0034761273324143112 Frac: 0.24265900287392228
Step: 34672 Walker: 39 Trial Log Prob: 396.4605860937396 Prob: 0.08739551154464344 Frac: 0.24671767542945608
Number of steps: 35000 Acceptance Rate: 0.24616
Step: 35108 Walker: 3 Trial Log Prob: 335.99256338135933 Prob: 1.9781787958611356e-21 Frac: 0.2577993648421446
Step: 35252 Walker: 50 Trial Log Prob: 397.5338782971036 Prob: 1.0083390494127262 Frac: 0.25817460317460317
Step: 35285 Walker: 13 Trial Log Prob: 397.2428822959423 Prob: 0.3985638830801506 Frac: 0.2594807570534018
Step: 35398 Walker: 8 Trial Log Prob: 392.46130187378225 Prob: 1.0036991261730674 Frac: 0.25652130123879546
Step: 35471 Walker: 18 Trial Log Prob: -73.08898859795295 Prob: 2.3069018323557874e-201 Frac: 0.25478357003146523
Step: 35716 Walker: 45 Trial Log Prob: 371.1026236444079 Prob: 1.4769744952130613e-6 Frac: 0.25196256460399497
Number of steps: 36000 Acceptance Rate: 0.25206
Step: 36195 Walker: 35 Trial Log Prob: 351.70988730337393 Prob: 1.226386514597759e-9 Frac: 0.2453004622496148
Step: 36439 Walker: 32 Trial Log Prob: 397.2701291454237 Prob: 0.16402726139747814 Frac: 0.2525989421849352
Step: 36543 Walker: 39 Trial Log Prob: 327.5131772080626 Prob: 1.5084709409908467e-21 Frac: 0.2515568001768672
Step: 36617 Walker: 12 Trial Log Prob: 395.40067631670763 Prob: 0.7325607421853904 Frac: 0.25214202258860186
Step: 36619 Walker: 3 Trial Log Prob: 392.6476226185088 Prob: 1.0428103786073215 Frac: 0.2524350386693848
Step: 36848 Walker: 28 Trial Log Prob: 392.0993218825897 Prob: 0.006752280834120912 Frac: 0.2514984189909859
Number of steps: 37000 Acceptance Rate: 0.25066
Step: 37144 Walker: 28 Trial Log Prob: 397.0285475038894 Prob: 0.8339055215607657 Frac: 0.24505433268319865
Step: 37316 Walker: 21 Trial Log Prob: 368.19968406182574 Prob: 1.1120923853786827e-7 Frac: 0.24088516898104115
Step: 37495 Walker: 30 Trial Log Prob: 390.73577352690415 Prob: 0.827326612528829 Frac: 0.24314597654670442
Step: 37506 Walker: 8 Trial Log Prob: 394.0194492311243 Prob: 0.6305274827276554 Frac: 0.24293293214031197
Step: 37665 Walker: 25 Trial Log Prob: 396.04522725663173 Prob: 0.031185430588572434 Frac: 0.24379232505643342
Number of steps: 38000 Acceptance Rate: 0.24328
Step: 38227 Walker: 30 Trial Log Prob: 376.4235667185764 Prob: 3.5074260757979984e-5 Frac: 0.2409532215357458
Step: 38271 Walker: 11 Trial Log Prob: 388.5873045747129 Prob: 2.993891438306787e-7 Frac: 0.2401006587225224
Step: 38766 Walker: 13 Trial Log Prob: 392.374514520849 Prob: 0.7642466820887509 Frac: 0.2456942738415702
Step: 38850 Walker: 24 Trial Log Prob: 391.76371771233914 Prob: 0.13119124265071658 Frac: 0.2448556764138061
Number of steps: 39000 Acceptance Rate: 0.24302
Step: 39127 Walker: 38 Trial Log Prob: 383.01055178495216 Prob: 11.385381294725612 Frac: 0.23871883875039446
Step: 39292 Walker: 20 Trial Log Prob: 398.6763362487714 Prob: 2.371486018695006 Frac: 0.23218943033630748
Step: 39596 Walker: 43 Trial Log Prob: 377.5153123640687 Prob: 0.020940717697316334 Frac: 0.2319336756956332
Step: 39608 Walker: 1 Trial Log Prob: 288.65344055842064 Prob: 6.806807012429246e-44 Frac: 0.23178807947019867
Step: 39828 Walker: 48 Trial Log Prob: -Inf Prob: 0.0 Frac: 0.2310498091695251
Number of steps: 40000 Acceptance Rate: 0.23408
Step: 40184 Walker: 28 Trial Log Prob: 348.16974924773547 Prob: 9.713260537984009e-9 Frac: 0.24112006973196776
Step: 40270 Walker: 7 Trial Log Prob: 395.98874186692103 Prob: 0.0007570620162788244 Frac: 0.23794307795199524
Step: 40404 Walker: 32 Trial Log Prob: 387.4285779441834 Prob: 1.0004562067436416 Frac: 0.23748885145178872
Step: 40435 Walker: 3 Trial Log Prob: 385.6038124022272 Prob: 0.2139588336631194 Frac: 0.2377090724784592
Step: 40495 Walker: 38 Trial Log Prob: 385.96138419329947 Prob: 2.6340017921738192e-5 Frac: 0.23498261783490987
Step: 40709 Walker: 1 Trial Log Prob: 395.402033418458 Prob: 0.017461086334550322 Frac: 0.230078246377221
Step: 40735 Walker: 17 Trial Log Prob: 360.47215709500256 Prob: 2.2932090905270479e-10 Frac: 0.23027480458643135
Step: 40993 Walker: 24 Trial Log Prob: 394.3577546417588 Prob: 0.15366264338876026 Frac: 0.23077543124294697
Number of steps: 41000 Acceptance Rate: 0.2306
Step: 41077 Walker: 8 Trial Log Prob: 371.81143590297086 Prob: 0.0002473948566392472 Frac: 0.24317226890756302
Step: 41445 Walker: 27 Trial Log Prob: 328.45206154689396 Prob: 1.8311877814081895e-23 Frac: 0.23736896567238044
Step: 41581 Walker: 47 Trial Log Prob: 398.60636512881314 Prob: 0.0021556234276431793 Frac: 0.23751161910007917
Step: 41797 Walker: 30 Trial Log Prob: 297.5499667247519 Prob: 4.047092249318172e-40 Frac: 0.2373587747928697
Step: 41836 Walker: 34 Trial Log Prob: 395.5697674356531 Prob: 2.654026555005996e-5 Frac: 0.2374832471759525
Number of steps: 42000 Acceptance Rate: 0.23626
Step: 42172 Walker: 13 Trial Log Prob: 366.0952225327006 Prob: 3.3355898792987712e-9 Frac: 0.24675931332476936
Step: 42442 Walker: 15 Trial Log Prob: 342.31631257167953 Prob: 2.562142395315019e-17 Frac: 0.24876501246317698
Step: 42446 Walker: 15 Trial Log Prob: 390.8286356117535 Prob: 0.9714770545142931 Frac: 0.24864136537165957
Number of steps: 43000 Acceptance Rate: 0.2499
Step: 43003 Walker: 29 Trial Log Prob: 343.34255803452095 Prob: 9.185182750049308e-18 Frac: 0.2713178294573643
Step: 43131 Walker: 17 Trial Log Prob: 389.11984700520134 Prob: 0.118082097423411 Frac: 0.25671321160042965
Step: 43185 Walker: 2 Trial Log Prob: 394.2214204131348 Prob: 1.1403811159187984 Frac: 0.26211693110193435
Step: 43852 Walker: 29 Trial Log Prob: 372.0966991315053 Prob: 4.272338010908793e-6 Frac: 0.24979449963597078
Number of steps: 44000 Acceptance Rate: 0.24888
Step: 44101 Walker: 24 Trial Log Prob: 328.41703089890143 Prob: 1.1317007507061898e-22 Frac: 0.2304936305732484
Step: 44110 Walker: 13 Trial Log Prob: 331.451662502678 Prob: 5.589884732837693e-18 Frac: 0.2304594545121728
Step: 44835 Walker: 36 Trial Log Prob: 387.47993969467734 Prob: 0.05667744898017085 Frac: 0.24451313015142803
Number of steps: 45000 Acceptance Rate: 0.24278
Step: 45218 Walker: 6 Trial Log Prob: 371.18862434611805 Prob: 1.2505678375238952e-8 Frac: 0.23332719233603538
Step: 45550 Walker: 29 Trial Log Prob: 395.2566263599141 Prob: 1.603753911516992 Frac: 0.23981949852614723
Step: 45722 Walker: 20 Trial Log Prob: 388.9566299503473 Prob: 0.7139515914922422 Frac: 0.2436096479068478
Step: 45855 Walker: 18 Trial Log Prob: 378.15977405876555 Prob: 0.0002653992797016124 Frac: 0.24408914275012875
Number of steps: 46000 Acceptance Rate: 0.2431
Step: 46756 Walker: 4 Trial Log Prob: 371.7234448879604 Prob: 0.0001291823831435467 Frac: 0.2441860465116279
Step: 46955 Walker: 40 Trial Log Prob: 391.5920642711056 Prob: 2.031278038260033 Frac: 0.24819857561793046
Number of steps: 47000 Acceptance Rate: 0.24944
Step: 47029 Walker: 21 Trial Log Prob: 389.5143681257876 Prob: 2.1849948285341125 Frac: 0.24912033779028853
Step: 47452 Walker: 8 Trial Log Prob: 396.7807832676544 Prob: 1.177370576451308 Frac: 0.26110470786417234
Step: 47625 Walker: 9 Trial Log Prob: 397.4685298378813 Prob: 0.016234248352488444 Frac: 0.2586753821013169
Number of steps: 48000 Acceptance Rate: 0.2517
Step: 48168 Walker: 31 Trial Log Prob: 396.11279799731307 Prob: 0.7430856989775769 Frac: 0.23935091277890466
Step: 48623 Walker: 17 Trial Log Prob: 367.02248291556293 Prob: 3.478594182532657e-10 Frac: 0.2418613619564868
Step: 48791 Walker: 31 Trial Log Prob: 390.58508034112697 Prob: 2.103524093150505 Frac: 0.24229086033745667
Number of steps: 49000 Acceptance Rate: 0.2438
Step: 49520 Walker: 13 Trial Log Prob: 384.41352050657633 Prob: 0.0004744667061669435 Frac: 0.24584986326695682
Step: 49722 Walker: 6 Trial Log Prob: -9.803698952766144 Prob: 3.2562665242001985e-170 Frac: 0.24730974040381629
Step: 49825 Walker: 7 Trial Log Prob: 399.343382797832 Prob: 0.28450644885163917 Frac: 0.24736088528648045
Step: 49947 Walker: 6 Trial Log Prob: 385.96411339192196 Prob: 2.338056152226736e-6 Frac: 0.24557138629349343
Number of steps: 50000 Acceptance Rate: 0.24552
Burn-in Number (ends): 11277
Independent Sample Size: 975.221247032654
1410.164270 seconds (106.47 M allocations: 1.024 TiB, 9.73% gc time)
