args = ["mcmc", "10.0", "30", "ppp"]
Parameters from fit: [3.7289123126215386e-6, 224.70077616301975, 2.4335037687782003e6, -0.07694204392322318, -0.06265537975523863, 2.608664024845969e-6, 365.25645891552847, 2.433624407437844e6, -0.04511816215660164, -0.04818773972024614, 0.0003907609176202404, 4222.098360512293, 2.4398926368598826e6, -0.09007320902956864, 0.12030673455053578]
Maximum log Prob from fit: -282.91566426044045
Step: 655 Walker: 26 Trial Log Prob: 555.2260638818925 Prob: 9.961267315770043e-5 Frac: 0.3639308195318707
Number of steps: 1000 Acceptance Rate: 0.35006
Step: 1071 Walker: 27 Trial Log Prob: 572.4530558482552 Prob: 0.021503185048220227 Frac: 0.3189679614403175
Step: 1294 Walker: 2 Trial Log Prob: 558.8258608853048 Prob: 0.0009307102411844866 Frac: 0.32254982254982256
Step: 1379 Walker: 6 Trial Log Prob: 553.7996436276142 Prob: 0.06220750964794091 Frac: 0.3201629112451074
Step: 1533 Walker: 13 Trial Log Prob: 569.3462201980133 Prob: 0.4371001432657641 Frac: 0.3143200691391425
Step: 1634 Walker: 10 Trial Log Prob: 569.2367201714794 Prob: 0.8070633551749447 Frac: 0.31535060012634236
Step: 1635 Walker: 12 Trial Log Prob: 561.5095680487466 Prob: 0.4393126658691978 Frac: 0.3154326437941473
Step: 1689 Walker: 12 Trial Log Prob: 559.1668356296495 Prob: 0.03912780311963228 Frac: 0.31552946646518654
Number of steps: 2000 Acceptance Rate: 0.31348
Step: 2058 Walker: 26 Trial Log Prob: 566.0521723398017 Prob: 0.975760979878024 Frac: 0.30598052851182195
Step: 2169 Walker: 22 Trial Log Prob: 571.4970120389276 Prob: 1.3567642737503325 Frac: 0.31025884587983854
Step: 2715 Walker: 49 Trial Log Prob: 559.2277869619734 Prob: 0.0005978974308385064 Frac: 0.2988335338051414
Step: 2794 Walker: 49 Trial Log Prob: 555.2072745654626 Prob: 8.267153299931288e-6 Frac: 0.30018388372503085
Step: 2898 Walker: 17 Trial Log Prob: 552.2862583460527 Prob: 6.0399598147447045e-6 Frac: 0.2992845521207123
Step: 2915 Walker: 4 Trial Log Prob: 569.7493604785012 Prob: 1.6082570481614424 Frac: 0.2994486259408367
Number of steps: 3000 Acceptance Rate: 0.29888
Step: 3051 Walker: 1 Trial Log Prob: 572.6358114972886 Prob: 0.014355277950705576 Frac: 0.3010795681727309
Step: 3168 Walker: 27 Trial Log Prob: 568.7318195900613 Prob: 0.08892744959514191 Frac: 0.2970037006088098
Step: 3575 Walker: 40 Trial Log Prob: 571.0049678897784 Prob: 0.014558765046773742 Frac: 0.28963117606123867
Step: 3893 Walker: 12 Trial Log Prob: 558.2001182245033 Prob: 0.00026913298176490955 Frac: 0.2912220927104815
Number of steps: 4000 Acceptance Rate: 0.29134
Step: 4076 Walker: 8 Trial Log Prob: 559.6976518166204 Prob: 0.012950105461278822 Frac: 0.2937732836615221
Step: 4129 Walker: 47 Trial Log Prob: 572.3495440448312 Prob: 0.009311500182253962 Frac: 0.28928183651310685
Step: 4152 Walker: 35 Trial Log Prob: 566.605177517062 Prob: 0.23053186677172352 Frac: 0.2908371786420567
Step: 4167 Walker: 45 Trial Log Prob: 566.8628088469314 Prob: 2.155058498509084 Frac: 0.2891551827441582
Step: 4319 Walker: 30 Trial Log Prob: -Inf Prob: 0.0 Frac: 0.2955430006277464
Step: 4841 Walker: 25 Trial Log Prob: 574.0092484852887 Prob: 0.0043134784135448944 Frac: 0.29801308744794763
Step: 4967 Walker: 9 Trial Log Prob: 567.0268683514727 Prob: 1.2340391281481309 Frac: 0.2992196071125463
Number of steps: 5000 Acceptance Rate: 0.2998
Step: 5090 Walker: 10 Trial Log Prob: 552.7214210058776 Prob: 0.00047288180151846746 Frac: 0.29798206278026906
Step: 5183 Walker: 33 Trial Log Prob: -Inf Prob: 0.0 Frac: 0.3003394284462937
Step: 5622 Walker: 32 Trial Log Prob: 530.8451295810501 Prob: 2.004269473964415e-14 Frac: 0.30294060871243805
Step: 5874 Walker: 7 Trial Log Prob: 570.7302339401979 Prob: 0.0745405496043006 Frac: 0.30089103694711045
Step: 5965 Walker: 50 Trial Log Prob: 562.3243307201068 Prob: 0.009742982926531954 Frac: 0.30093264248704665
Number of steps: 6000 Acceptance Rate: 0.3005
Step: 6106 Walker: 18 Trial Log Prob: 567.558479045452 Prob: 0.9253026987941038 Frac: 0.2925208807896735
Step: 6182 Walker: 36 Trial Log Prob: 574.216590602872 Prob: 0.18231825545085117 Frac: 0.2971604666519921
Step: 6699 Walker: 9 Trial Log Prob: 572.0077998306699 Prob: 0.026171586492762303 Frac: 0.29734452433469877
Number of steps: 7000 Acceptance Rate: 0.29786
Step: 7087 Walker: 42 Trial Log Prob: 574.4606562800352 Prob: 0.012805152759646667 Frac: 0.290879778903731
Step: 7095 Walker: 45 Trial Log Prob: 562.7057473469563 Prob: 0.06895133653950386 Frac: 0.2933614330874605
Step: 7372 Walker: 30 Trial Log Prob: 567.3194606263498 Prob: 1.0015231183152882 Frac: 0.291227125941873
Step: 7418 Walker: 32 Trial Log Prob: 565.5740347472486 Prob: 0.0006922731530260955 Frac: 0.2918302844555119
Step: 7986 Walker: 24 Trial Log Prob: 562.9346411316222 Prob: 0.20849915096380672 Frac: 0.2912489345293664
Number of steps: 8000 Acceptance Rate: 0.2922
Step: 8758 Walker: 39 Trial Log Prob: 569.5092444156276 Prob: 0.7269889371506164 Frac: 0.2990577740241231
Number of steps: 9000 Acceptance Rate: 0.29924
Step: 9006 Walker: 19 Trial Log Prob: 562.0574594616585 Prob: 0.9225371826923283 Frac: 0.2899628252788104
Step: 9100 Walker: 45 Trial Log Prob: 571.2462963862407 Prob: 0.08254431219723286 Frac: 0.2924924924924925
Step: 9109 Walker: 23 Trial Log Prob: 533.3583123514609 Prob: 1.8218671215041345e-10 Frac: 0.28932325281209664
Step: 9320 Walker: 45 Trial Log Prob: 568.9757971694511 Prob: 0.04291625959509763 Frac: 0.2963426070647077
Step: 9490 Walker: 2 Trial Log Prob: 550.1319251435789 Prob: 0.00189503300210813 Frac: 0.30247014559136265
Step: 9631 Walker: 30 Trial Log Prob: 554.5064691187681 Prob: 0.0007749142348770806 Frac: 0.30133206470028545
Step: 9681 Walker: 11 Trial Log Prob: 565.6040273752783 Prob: 0.27376143234923905 Frac: 0.30134368292611213
Step: 9846 Walker: 47 Trial Log Prob: 565.2287492468678 Prob: 1.2405836024397074 Frac: 0.3001158474596307
Number of steps: 10000 Acceptance Rate: 0.299
Step: 10271 Walker: 35 Trial Log Prob: 571.6702131067303 Prob: 0.03575220382103138 Frac: 0.29412633912079794
Step: 10731 Walker: 16 Trial Log Prob: 338.2941497456999 Prob: 1.9667827238189698e-98 Frac: 0.2951309015226202
Step: 10847 Walker: 16 Trial Log Prob: 570.6901271391503 Prob: 0.2942456887167679 Frac: 0.2953965403157198
Number of steps: 11000 Acceptance Rate: 0.29482
Step: 11201 Walker: 10 Trial Log Prob: 557.155533313248 Prob: 0.031278222331026256 Frac: 0.2982017982017982
Step: 11326 Walker: 21 Trial Log Prob: 559.9409544983563 Prob: 0.027924536639919128 Frac: 0.2959867248478889
Step: 11453 Walker: 28 Trial Log Prob: 544.6201530190364 Prob: 3.4069156764633817e-9 Frac: 0.29485593070532085
Step: 11585 Walker: 37 Trial Log Prob: 571.0987990501444 Prob: 3.3661724780227593 Frac: 0.29110373841365395
Step: 11714 Walker: 27 Trial Log Prob: 541.0844894182115 Prob: 4.47177995377687e-8 Frac: 0.2895142528800067
Step: 11822 Walker: 12 Trial Log Prob: 569.9688541828532 Prob: 4.9845655783129885 Frac: 0.28983001315084506
Number of steps: 12000 Acceptance Rate: 0.28784
Step: 12361 Walker: 22 Trial Log Prob: 570.3839015357956 Prob: 0.14543431123788822 Frac: 0.2914770835645322
Number of steps: 13000 Acceptance Rate: 0.29182
Step: 13033 Walker: 35 Trial Log Prob: 571.5604423539726 Prob: 0.9132538945928529 Frac: 0.28440366972477066
Step: 13519 Walker: 11 Trial Log Prob: 573.3414992746004 Prob: 0.5949077249401605 Frac: 0.2918837559337733
Step: 13874 Walker: 49 Trial Log Prob: 562.4498399035267 Prob: 0.1654245898937941 Frac: 0.2927069269319664
Number of steps: 14000 Acceptance Rate: 0.29372
Step: 14059 Walker: 40 Trial Log Prob: 570.5523436965263 Prob: 0.29400539644797025 Frac: 0.2969387755102041
Step: 14060 Walker: 3 Trial Log Prob: 566.1835397738454 Prob: 0.9430965240987979 Frac: 0.2976633931594988
Step: 14303 Walker: 28 Trial Log Prob: 573.969500883994 Prob: 0.04537381634836817 Frac: 0.30479904812268643
Number of steps: 15000 Acceptance Rate: 0.30456
Step: 15278 Walker: 24 Trial Log Prob: 574.42078307454 Prob: 0.07377051171126264 Frac: 0.3054634568257172
Step: 15320 Walker: 15 Trial Log Prob: 558.5638553688351 Prob: 0.025071472241542263 Frac: 0.30460382085812715
Step: 15917 Walker: 32 Trial Log Prob: 550.4146032689614 Prob: 1.5009404798870996e-6 Frac: 0.30227788444754755
Number of steps: 16000 Acceptance Rate: 0.3011
Step: 16037 Walker: 35 Trial Log Prob: 566.5958018238448 Prob: 1.4035796064730977 Frac: 0.28119891008174386
Step: 16582 Walker: 19 Trial Log Prob: 453.67287566009816 Prob: 4.88885787610182e-46 Frac: 0.28999965599091815
Step: 16763 Walker: 36 Trial Log Prob: 551.5763282810458 Prob: 0.0006940630790865566 Frac: 0.28970002097755404
Number of steps: 17000 Acceptance Rate: 0.29196
Step: 17267 Walker: 5 Trial Log Prob: 556.6915632217672 Prob: 0.007793819891178498 Frac: 0.295152198421646
Step: 17341 Walker: 32 Trial Log Prob: 568.8873956411787 Prob: 0.007029802798552186 Frac: 0.2996712071395021
Step: 17358 Walker: 9 Trial Log Prob: 568.7158257013673 Prob: 0.9414375939761777 Frac: 0.30012878660619297
Step: 17371 Walker: 21 Trial Log Prob: 573.8681285215121 Prob: 0.10700643164902633 Frac: 0.30057772258517357
Step: 17409 Walker: 4 Trial Log Prob: 557.1712968787946 Prob: 0.0010549919612453044 Frac: 0.2995491080180357
Step: 17410 Walker: 26 Trial Log Prob: -Inf Prob: 0.0 Frac: 0.299374877905841
Step: 17445 Walker: 24 Trial Log Prob: 562.0976960425052 Prob: 1.5676419881641432 Frac: 0.29855111591072714
Step: 17558 Walker: 12 Trial Log Prob: 568.4215303051124 Prob: 1.4819577488099043 Frac: 0.29743019165889023
Step: 17603 Walker: 43 Trial Log Prob: 569.6073885335513 Prob: 0.0020090339727718495 Frac: 0.29997014232160035
Step: 17833 Walker: 6 Trial Log Prob: 569.9300335690216 Prob: 0.9657196733203116 Frac: 0.3000769119838485
Number of steps: 18000 Acceptance Rate: 0.29982
Step: 18033 Walker: 45 Trial Log Prob: 568.6878042248552 Prob: 0.6966742604371978 Frac: 0.3021276595744681
Step: 18094 Walker: 36 Trial Log Prob: 572.1963176033738 Prob: 0.06200780589973435 Frac: 0.2972684592402902
Step: 18156 Walker: 32 Trial Log Prob: 570.0040727080518 Prob: 1.0573952315794901 Frac: 0.2932408121305577
Step: 18167 Walker: 10 Trial Log Prob: 550.7073510055523 Prob: 2.316201813316544e-5 Frac: 0.292057761732852
Step: 18282 Walker: 49 Trial Log Prob: 564.8442742841468 Prob: 1.1266545865666842 Frac: 0.29200652528548127
Step: 18399 Walker: 49 Trial Log Prob: 568.2344446491703 Prob: 0.021762081993865735 Frac: 0.2899894731565492
Step: 18519 Walker: 37 Trial Log Prob: 571.4551608996409 Prob: 1.3655252513442273 Frac: 0.290897173921425
Step: 18545 Walker: 49 Trial Log Prob: 566.8994636368119 Prob: 0.1860084020457491 Frac: 0.2909831553451503
Step: 18589 Walker: 35 Trial Log Prob: 572.4485739826936 Prob: 0.0007143845833040494 Frac: 0.2904025819602514
Number of steps: 19000 Acceptance Rate: 0.29524
Step: 19081 Walker: 2 Trial Log Prob: 553.0979524244245 Prob: 0.0001556043734185833 Frac: 0.30109945027486257
Step: 19184 Walker: 36 Trial Log Prob: 564.6023069263686 Prob: 1.2372879371415084 Frac: 0.3019812758545613
Step: 19266 Walker: 1 Trial Log Prob: 572.860238278856 Prob: 0.0588516991871112 Frac: 0.3012602822428496
Step: 19409 Walker: 20 Trial Log Prob: 528.2340337686315 Prob: 6.869282017346148e-18 Frac: 0.2997061704211557
Step: 19437 Walker: 14 Trial Log Prob: 510.6087126738225 Prob: 2.057090940642915e-23 Frac: 0.3000825158155313
Step: 19854 Walker: 26 Trial Log Prob: 564.6370704877573 Prob: 0.2636475244903194 Frac: 0.2938185396944418
Step: 19935 Walker: 6 Trial Log Prob: 570.7085789687362 Prob: 1.2656520501120092 Frac: 0.2934740718537233
Number of steps: 20000 Acceptance Rate: 0.29308
Step: 20090 Walker: 27 Trial Log Prob: 561.3074831304862 Prob: 0.007230619439627433 Frac: 0.2794281885190976
Step: 20201 Walker: 16 Trial Log Prob: 535.5722381697682 Prob: 2.489625204341516e-13 Frac: 0.28833865814696485
Step: 20411 Walker: 50 Trial Log Prob: 539.840725174289 Prob: 3.185571610916066e-10 Frac: 0.29450121654501216
Step: 20497 Walker: 28 Trial Log Prob: 567.0924415935874 Prob: 0.9805362660575424 Frac: 0.2949895279523119
Step: 20576 Walker: 9 Trial Log Prob: 563.8550337287016 Prob: 0.2654820852713043 Frac: 0.29573350951006644
Step: 20636 Walker: 44 Trial Log Prob: 571.1382335834899 Prob: 0.2170130695600745 Frac: 0.29458388375165123
Step: 20666 Walker: 4 Trial Log Prob: 564.6391917718879 Prob: 3.784687371193613 Frac: 0.2946713177362122
Step: 20667 Walker: 26 Trial Log Prob: 575.275376458233 Prob: 0.1162169689410041 Frac: 0.29475484606613456
Step: 20720 Walker: 6 Trial Log Prob: 521.5409230949751 Prob: 1.616819549010459e-18 Frac: 0.29519412615418844
Step: 20758 Walker: 37 Trial Log Prob: -Inf Prob: 0.0 Frac: 0.29587985324781585
Step: 20887 Walker: 50 Trial Log Prob: 572.2722648044977 Prob: 0.013367685986317115 Frac: 0.29668545659526496
Number of steps: 21000 Acceptance Rate: 0.29706
Step: 21204 Walker: 35 Trial Log Prob: 573.3137077264378 Prob: 0.5852018363431184 Frac: 0.2885616102110947
Step: 21349 Walker: 41 Trial Log Prob: 571.6924501428879 Prob: 0.6058084824705854 Frac: 0.29287311507367697
Step: 21465 Walker: 8 Trial Log Prob: 562.26273129673 Prob: 0.24190449319604512 Frac: 0.29614788004136505
Step: 21674 Walker: 6 Trial Log Prob: 551.6552515862024 Prob: 0.0004436767152409142 Frac: 0.29878773472783454
Step: 21908 Walker: 17 Trial Log Prob: 565.0732391584376 Prob: 0.07772793283101684 Frac: 0.29757312584036855
Number of steps: 22000 Acceptance Rate: 0.29774
Step: 22564 Walker: 2 Trial Log Prob: 569.8491827220109 Prob: 1.3421327394997369 Frac: 0.29610684853651603
Step: 22698 Walker: 27 Trial Log Prob: 534.377085072806 Prob: 8.206238191510723e-12 Frac: 0.2977607018952318
Step: 22756 Walker: 34 Trial Log Prob: 556.5044864655746 Prob: 0.0019166668328458123 Frac: 0.2980362058013974
Number of steps: 23000 Acceptance Rate: 0.29896
Step: 23258 Walker: 42 Trial Log Prob: 560.3951029895276 Prob: 0.09173015414397881 Frac: 0.302901023890785
Step: 23400 Walker: 2 Trial Log Prob: 569.2172143900245 Prob: 1.8394264707789065 Frac: 0.30177425821972736
Step: 23595 Walker: 36 Trial Log Prob: 571.0219127997267 Prob: 0.9515438090021576 Frac: 0.3020244821092279
Step: 23792 Walker: 36 Trial Log Prob: 551.5002014498748 Prob: 8.989252446746759e-7 Frac: 0.3016723083918557
Step: 23844 Walker: 11 Trial Log Prob: 544.9707964098561 Prob: 4.303545211333344e-6 Frac: 0.30205640283674484
Number of steps: 24000 Acceptance Rate: 0.30396
Step: 24355 Walker: 47 Trial Log Prob: 524.6310640003906 Prob: 3.032211540545938e-15 Frac: 0.30596720572491126
Step: 24567 Walker: 25 Trial Log Prob: 571.3018902603038 Prob: 0.00032825172929902894 Frac: 0.3019240953221536
Step: 24934 Walker: 4 Trial Log Prob: 569.9670936328116 Prob: 2.0683060906005113 Frac: 0.2968234235006645
Number of steps: 25000 Acceptance Rate: 0.29604
Step: 25242 Walker: 49 Trial Log Prob: 571.2758650696616 Prob: 1.1200907672937153 Frac: 0.2930820728985867
Step: 25522 Walker: 4 Trial Log Prob: 539.7547269370843 Prob: 1.3185045973270851e-9 Frac: 0.2899362861748676
Step: 25635 Walker: 14 Trial Log Prob: 563.9505924853507 Prob: 0.08558775806326901 Frac: 0.2896827899350445
Number of steps: 26000 Acceptance Rate: 0.28956
Step: 26118 Walker: 29 Trial Log Prob: 573.4288124937001 Prob: 2.0685040835181403 Frac: 0.2874638543970063
Step: 26230 Walker: 5 Trial Log Prob: 569.2720073144691 Prob: 0.7781495631823315 Frac: 0.2929725010912265
Step: 26755 Walker: 17 Trial Log Prob: 569.4670913278087 Prob: 1.6781007757343884 Frac: 0.29466818675928624
Number of steps: 27000 Acceptance Rate: 0.29386
Step: 27015 Walker: 39 Trial Log Prob: 568.0408502553151 Prob: 0.4985381545622761 Frac: 0.3112313937753721
Step: 27111 Walker: 13 Trial Log Prob: 542.2098467023949 Prob: 7.840309339371358e-7 Frac: 0.2943950662071467
Step: 27326 Walker: 33 Trial Log Prob: 567.4541314120883 Prob: 1.3360794700788778 Frac: 0.2979794878093717
Step: 27600 Walker: 7 Trial Log Prob: 570.0135666114335 Prob: 1.1216850909307732 Frac: 0.2914844610608539
Step: 27653 Walker: 16 Trial Log Prob: 557.3461091586046 Prob: 0.042242360322787546 Frac: 0.29040961491292616
Step: 27793 Walker: 2 Trial Log Prob: -287.37899387641704 Prob: 0.0 Frac: 0.2890763092773092
Number of steps: 28000 Acceptance Rate: 0.28892
Step: 28008 Walker: 3 Trial Log Prob: 553.4767277801259 Prob: 0.00014496926950150095 Frac: 0.29178470254957506
Step: 28087 Walker: 10 Trial Log Prob: 569.3739030135823 Prob: 0.9525803916191505 Frac: 0.29559164733178656
Step: 28546 Walker: 9 Trial Log Prob: 547.4646063123472 Prob: 2.6039818601833694e-5 Frac: 0.2932609413404747
Step: 28627 Walker: 37 Trial Log Prob: -Inf Prob: 0.0 Frac: 0.2949548457095446
Step: 28653 Walker: 27 Trial Log Prob: 558.2136961606192 Prob: 0.0129612579121803 Frac: 0.29380574370919793
Step: 28687 Walker: 44 Trial Log Prob: 569.0282818785442 Prob: 1.200463328317521 Frac: 0.29390868856277663
Step: 28735 Walker: 40 Trial Log Prob: 556.8716972937202 Prob: 0.007498945147849883 Frac: 0.2934676102340773
Step: 28771 Walker: 38 Trial Log Prob: 560.2790629127851 Prob: 0.00016379530501737694 Frac: 0.2939695884581452
Step: 28891 Walker: 21 Trial Log Prob: 568.1221404158292 Prob: 1.0574492877195956 Frac: 0.2937714786280632
Number of steps: 29000 Acceptance Rate: 0.29538
Step: 29599 Walker: 18 Trial Log Prob: 570.766916412662 Prob: 0.44164181645540646 Frac: 0.30479978608195735
Step: 29787 Walker: 45 Trial Log Prob: 573.9779180688947 Prob: 0.1705983495199848 Frac: 0.30618884229254034
Step: 29933 Walker: 6 Trial Log Prob: 569.6053648900859 Prob: 1.0608334992996746 Frac: 0.30601210144616575
Step: 29996 Walker: 35 Trial Log Prob: 572.1637148437165 Prob: 0.1550141257265639 Frac: 0.30627699106156475
Number of steps: 30000 Acceptance Rate: 0.30644
Step: 30326 Walker: 37 Trial Log Prob: -Inf Prob: 0.0 Frac: 0.30066924541045004
Step: 30532 Walker: 8 Trial Log Prob: 505.1935145020759 Prob: 5.490455805523127e-23 Frac: 0.30254537239249946
Number of steps: 31000 Acceptance Rate: 0.29552
Step: 31009 Walker: 43 Trial Log Prob: 568.2463157529313 Prob: 1.1223137210748284 Frac: 0.3295711060948081
Step: 31267 Walker: 17 Trial Log Prob: 568.7309575819854 Prob: 3.103799688776178 Frac: 0.29488623563865735
Number of steps: 32000 Acceptance Rate: 0.29792
Step: 32508 Walker: 50 Trial Log Prob: 572.5945832210682 Prob: 0.08385264528143478 Frac: 0.30031496062992125
Step: 32748 Walker: 22 Trial Log Prob: 568.6299306117324 Prob: 1.1612665975492065 Frac: 0.30116129722787116
Number of steps: 33000 Acceptance Rate: 0.29918
Step: 33559 Walker: 18 Trial Log Prob: 568.4639005466605 Prob: 0.016855698206791815 Frac: 0.29275019700551613
Step: 33676 Walker: 23 Trial Log Prob: 570.461338965206 Prob: 1.7065076099332082 Frac: 0.2913570011547686
Step: 33676 Walker: 26 Trial Log Prob: 565.3547580930929 Prob: 0.32452364175117465 Frac: 0.2913607295120796
Number of steps: 34000 Acceptance Rate: 0.29152
Step: 34409 Walker: 30 Trial Log Prob: 561.0872846892008 Prob: 0.5835226002063886 Frac: 0.2868330885952031
Step: 34524 Walker: 26 Trial Log Prob: 571.1510684136796 Prob: 0.7843076529902925 Frac: 0.2901894865525672
Step: 34922 Walker: 33 Trial Log Prob: 564.2175966240449 Prob: 2.3765259920324655 Frac: 0.2918212789965931
Number of steps: 35000 Acceptance Rate: 0.29266
Step: 35003 Walker: 33 Trial Log Prob: 564.5993239230993 Prob: 0.1441481150490234 Frac: 0.3533834586466165
Step: 35090 Walker: 9 Trial Log Prob: 569.0770232186916 Prob: 2.9634144980646564 Frac: 0.3018614039022202
Step: 35525 Walker: 41 Trial Log Prob: 552.4130466090243 Prob: 1.5780917156087918e-5 Frac: 0.3072672535345452
Step: 35996 Walker: 45 Trial Log Prob: 522.1048686784007 Prob: 1.0040796876814814e-15 Frac: 0.30926799879505973
Number of steps: 36000 Acceptance Rate: 0.30918
Step: 36024 Walker: 42 Trial Log Prob: 571.9016672863745 Prob: 0.004473874338138696 Frac: 0.2978187919463087
Step: 36267 Walker: 3 Trial Log Prob: 531.6180983825353 Prob: 2.6208322470350243e-12 Frac: 0.30827632864767346
Step: 36369 Walker: 39 Trial Log Prob: 563.9777006078255 Prob: 2.4296507007041765 Frac: 0.3073377081186615
Step: 36373 Walker: 8 Trial Log Prob: 546.0939618716844 Prob: 3.4006953966937776e-8 Frac: 0.3080395528804815
Step: 36420 Walker: 46 Trial Log Prob: 564.7640013333036 Prob: 0.0026384267637826844 Frac: 0.30782053724518954
Step: 36647 Walker: 22 Trial Log Prob: 541.575669587424 Prob: 3.275600201575945e-10 Frac: 0.30706639440628675
Step: 36650 Walker: 39 Trial Log Prob: 570.2376940857258 Prob: 0.7703627737421318 Frac: 0.3069654344547385
Step: 36800 Walker: 7 Trial Log Prob: 560.8019259221119 Prob: 0.05700004399264489 Frac: 0.30457742072728183
Number of steps: 37000 Acceptance Rate: 0.30284
Step: 37390 Walker: 46 Trial Log Prob: 572.8410087358116 Prob: 0.012169484255343145 Frac: 0.29662494870742717
Step: 37941 Walker: 3 Trial Log Prob: 568.2849894278974 Prob: 0.6068064818467047 Frac: 0.29872561325872815
Step: 37968 Walker: 20 Trial Log Prob: 567.450205163387 Prob: 0.37134105791074257 Frac: 0.29886293156915444
Number of steps: 38000 Acceptance Rate: 0.29872
Step: 38071 Walker: 5 Trial Log Prob: 527.0653497970294 Prob: 4.3378946058877505e-14 Frac: 0.2907275320970043
Step: 38135 Walker: 34 Trial Log Prob: 555.1285721264892 Prob: 1.3875282510261079e-5 Frac: 0.2894267894267894
Step: 38352 Walker: 13 Trial Log Prob: 563.7681268617181 Prob: 0.021903287043350556 Frac: 0.2914650116722656
Step: 38721 Walker: 43 Trial Log Prob: 560.9728758208618 Prob: 0.1341798858805712 Frac: 0.2952584413062176
Step: 38888 Walker: 21 Trial Log Prob: 571.9039149034772 Prob: 0.2976889301262794 Frac: 0.2961168330666426
Step: 38982 Walker: 37 Trial Log Prob: 572.0706338639077 Prob: 0.12065937834737163 Frac: 0.2963717481206837
Number of steps: 39000 Acceptance Rate: 0.2963
Step: 39005 Walker: 11 Trial Log Prob: 571.5015044482543 Prob: 0.20833391656493672 Frac: 0.2890995260663507
Step: 39052 Walker: 46 Trial Log Prob: 510.26776329892976 Prob: 2.2124370184007816e-20 Frac: 0.29622496147919875
Step: 39331 Walker: 8 Trial Log Prob: 566.6792003410766 Prob: 1.5894683924345518 Frac: 0.30282287375817785
Step: 39561 Walker: 33 Trial Log Prob: -Inf Prob: 0.0 Frac: 0.30235793529055044
Step: 39570 Walker: 11 Trial Log Prob: 572.3093953255895 Prob: 0.6586278017857006 Frac: 0.3019570640525632
Step: 39754 Walker: 32 Trial Log Prob: 573.4102969405135 Prob: 0.0003306381661843076 Frac: 0.29788758558462924
Number of steps: 40000 Acceptance Rate: 0.29698
Step: 40080 Walker: 38 Trial Log Prob: 555.790583828762 Prob: 0.0028124898449217294 Frac: 0.2913741223671013
Step: 40084 Walker: 5 Trial Log Prob: 570.8334789230661 Prob: 0.71523246566569 Frac: 0.29169675090252706
Step: 40313 Walker: 25 Trial Log Prob: 564.5258915570412 Prob: 0.10067752813110592 Frac: 0.28576
Step: 40757 Walker: 4 Trial Log Prob: 573.0115021966611 Prob: 0.013664271704671221 Frac: 0.2801555390963919
Step: 40869 Walker: 3 Trial Log Prob: 562.2051176112581 Prob: 0.02668295555637103 Frac: 0.281501278713453
Number of steps: 41000 Acceptance Rate: 0.28116
Step: 41449 Walker: 38 Trial Log Prob: 560.137246010014 Prob: 0.00359590898492008 Frac: 0.2957482841607986
Step: 41488 Walker: 30 Trial Log Prob: 571.2885943951442 Prob: 0.012325192303597148 Frac: 0.29688269073010665
Step: 41666 Walker: 18 Trial Log Prob: 564.6482656883991 Prob: 1.9632810597808648 Frac: 0.2953589034507635
Number of steps: 42000 Acceptance Rate: 0.29952
Step: 42256 Walker: 38 Trial Log Prob: 553.2781397472006 Prob: 1.34483015607647e-5 Frac: 0.29167969971848606
Step: 42865 Walker: 19 Trial Log Prob: 531.7467824925612 Prob: 5.168256836986374e-15 Frac: 0.3002151831370462
Step: 42965 Walker: 33 Trial Log Prob: 570.2960167115083 Prob: 0.005676512175261158 Frac: 0.29969108286857543
Number of steps: 43000 Acceptance Rate: 0.29974
Step: 43046 Walker: 8 Trial Log Prob: 565.8498981481937 Prob: 2.4906486324483117 Frac: 0.2945084145261293
Step: 43585 Walker: 37 Trial Log Prob: 551.4982011432342 Prob: 1.416717182160084e-5 Frac: 0.2939426069706194
Step: 43749 Walker: 10 Trial Log Prob: 485.9510680673829 Prob: 6.902431583016355e-32 Frac: 0.29358460304731354
Number of steps: 44000 Acceptance Rate: 0.29324
Step: 44531 Walker: 17 Trial Log Prob: 572.2368460001876 Prob: 0.005268135126752255 Frac: 0.29614963985367876
Step: 44665 Walker: 12 Trial Log Prob: 533.8786063888527 Prob: 1.5845330283784738e-14 Frac: 0.29657954956039984
Number of steps: 45000 Acceptance Rate: 0.29388
Step: 45419 Walker: 3 Trial Log Prob: 568.0370088930574 Prob: 0.6654447240689427 Frac: 0.2851265368607377
Step: 45672 Walker: 11 Trial Log Prob: 541.0221656405668 Prob: 1.11398691750972e-10 Frac: 0.2871189773844641
Step: 45786 Walker: 4 Trial Log Prob: 567.5500168582951 Prob: 2.3887620874597544 Frac: 0.2879451775615224
Number of steps: 46000 Acceptance Rate: 0.28966
Step: 46871 Walker: 49 Trial Log Prob: 571.2604984241119 Prob: 18.473080758317156 Frac: 0.29794025121127926
Step: 46969 Walker: 24 Trial Log Prob: 556.5596294548807 Prob: 0.0011538572946560755 Frac: 0.29793077812654883
Number of steps: 47000 Acceptance Rate: 0.29794
Step: 47654 Walker: 5 Trial Log Prob: 570.7943433582221 Prob: 0.00025273400328147357 Frac: 0.30313887612922985
Step: 47663 Walker: 38 Trial Log Prob: 572.0858807002835 Prob: 1.23864712194569 Frac: 0.3032772044178888
Step: 47672 Walker: 46 Trial Log Prob: 560.6297384714389 Prob: 0.13130527368028458 Frac: 0.30339921419216576
Step: 47717 Walker: 42 Trial Log Prob: 569.3059882689932 Prob: 0.31890821253165763 Frac: 0.30352658891802914
Step: 47788 Walker: 10 Trial Log Prob: 568.3156710564022 Prob: 1.2493888765408938 Frac: 0.3028201219512195
Number of steps: 48000 Acceptance Rate: 0.30088
Step: 48315 Walker: 16 Trial Log Prob: 542.8245407907622 Prob: 1.550667466673957e-7 Frac: 0.29167727157037415
Step: 48457 Walker: 15 Trial Log Prob: 564.7659939549167 Prob: 0.21905511568254343 Frac: 0.28783694937541093
Step: 48467 Walker: 12 Trial Log Prob: 546.437018960498 Prob: 7.727620557922891e-6 Frac: 0.2877487989018531
Step: 48672 Walker: 5 Trial Log Prob: 566.5699813066029 Prob: 2.2110686536992223 Frac: 0.28678289375651916
Step: 48720 Walker: 32 Trial Log Prob: 551.1534786090773 Prob: 0.0033197060277349783 Frac: 0.28661552998721584
Step: 48840 Walker: 19 Trial Log Prob: 565.0805960623069 Prob: 0.15855069831979132 Frac: 0.2875455693488051
Number of steps: 49000 Acceptance Rate: 0.29052
Step: 49090 Walker: 38 Trial Log Prob: 568.9475799576292 Prob: 0.9170413905984608 Frac: 0.30102495543672014
Step: 49454 Walker: 28 Trial Log Prob: 509.62453666089516 Prob: 2.427372310191988e-22 Frac: 0.3076990916306553
Step: 49490 Walker: 29 Trial Log Prob: 570.9693163314139 Prob: 0.9291897840301012 Frac: 0.3060991053556109
Step: 49537 Walker: 43 Trial Log Prob: 569.4027047280802 Prob: 0.028430365052136898 Frac: 0.305256491450285
Step: 49669 Walker: 29 Trial Log Prob: 527.6373069499531 Prob: 6.896803701573845e-15 Frac: 0.3036884142510993
Step: 49755 Walker: 27 Trial Log Prob: 566.7811673196904 Prob: 0.0007169066393842775 Frac: 0.302303390144989
Step: 49828 Walker: 19 Trial Log Prob: 497.1723983146631 Prob: 1.803807396213622e-27 Frac: 0.30167516739587613
Number of steps: 50000 Acceptance Rate: 0.30072
Burn-in Number (ends): 3067
Independent Sample Size: 4085.5781523748083
858.281069 seconds (96.12 M allocations: 364.050 GiB, 5.53% gc time)
