args = ["mcmc", "120.0", "20", "ppp"]
Parameters from fit: [4.995755753845939e-6, 224.70077374763477, 2.4335037686090795e6, -0.010171273901818526, 0.009458269142569009, 2.5621567327401352e-6, 365.25630611898384, 2.433624409403675e6, 0.013415347066854993, 0.008168729328395855, 0.0031474576508750953, 5165.513217055711, 2.4395902914303886e6, 0.08270895916455771, -0.0032716803823299827]
Maximum log Prob from fit: -98.98712012414833
Step: 29 Walker: 49 Trial Log Prob: -Inf Prob: 0.0 Frac: 0.3554175293305728
Step: 31 Walker: 11 Trial Log Prob: 315.9143557621146 Prob: 4.5222005592215776e-6 Frac: 0.35473196558570486
Step: 819 Walker: 10 Trial Log Prob: 337.3448640018611 Prob: 0.19922594913830238 Frac: 0.31219750672207286
Step: 989 Walker: 6 Trial Log Prob: 328.0593174995664 Prob: 0.7848293260739057 Frac: 0.30834311622070193
Number of steps: 1000 Acceptance Rate: 0.30816
Step: 1134 Walker: 27 Trial Log Prob: 328.8923744217376 Prob: 0.4864474703761512 Frac: 0.25894862962408266
Step: 1778 Walker: 20 Trial Log Prob: 332.6079566090215 Prob: 0.996426710098747 Frac: 0.25881142269102136
Step: 1860 Walker: 14 Trial Log Prob: 303.8593201573738 Prob: 5.8833790165962734e-8 Frac: 0.2595894237035658
Step: 1990 Walker: 38 Trial Log Prob: 322.156791311962 Prob: 1.0207152970948075 Frac: 0.25822421597154865
Number of steps: 2000 Acceptance Rate: 0.25784
Step: 2142 Walker: 11 Trial Log Prob: 318.2953960674495 Prob: 3.378866042577797e-6 Frac: 0.2518056932445829
Step: 2309 Walker: 44 Trial Log Prob: 324.31369447471013 Prob: 1.1479329292460758 Frac: 0.24572649572649571
Step: 2761 Walker: 2 Trial Log Prob: 320.21256817372796 Prob: 0.08205320241588156 Frac: 0.23188253249828955
Step: 2834 Walker: 26 Trial Log Prob: 326.9653728489866 Prob: 5.252895745061521e-5 Frac: 0.2296285632018428
Number of steps: 3000 Acceptance Rate: 0.22652
Step: 3055 Walker: 22 Trial Log Prob: 326.7106009916763 Prob: 2.2344778237295155e-5 Frac: 0.21344599559147687
Step: 3315 Walker: 40 Trial Log Prob: 327.38456883893696 Prob: 0.19251574047679182 Frac: 0.1954891994917408
Step: 3589 Walker: 41 Trial Log Prob: 326.37841660760796 Prob: 0.9691238564216842 Frac: 0.18834278726945416
Step: 3648 Walker: 25 Trial Log Prob: 210.75192961586788 Prob: 2.3318732139989306e-50 Frac: 0.18866409266409268
Step: 3695 Walker: 7 Trial Log Prob: 318.7589987049958 Prob: 1.191072164503611 Frac: 0.18797360762958482
Step: 3799 Walker: 15 Trial Log Prob: -Inf Prob: 0.0 Frac: 0.18524364274082425
Step: 3995 Walker: 14 Trial Log Prob: 308.3683216113884 Prob: 6.976925554561746e-11 Frac: 0.18210162127368548
Number of steps: 4000 Acceptance Rate: 0.18206
Step: 4459 Walker: 27 Trial Log Prob: -Inf Prob: 0.0 Frac: 0.1616870938195141
Step: 4709 Walker: 48 Trial Log Prob: 328.8373425858308 Prob: 0.24897903228952192 Frac: 0.15888061385691718
Step: 4782 Walker: 3 Trial Log Prob: 327.82756377691913 Prob: 0.7384302829402548 Frac: 0.1580416357258085
Step: 4811 Walker: 30 Trial Log Prob: 313.7884838128641 Prob: 0.5821836493009858 Frac: 0.15852454971625957
Step: 4879 Walker: 32 Trial Log Prob: -Inf Prob: 0.0 Frac: 0.15860875899116816
Step: 4925 Walker: 27 Trial Log Prob: -Inf Prob: 0.0 Frac: 0.1586518701191944
Number of steps: 5000 Acceptance Rate: 0.15876
Step: 5158 Walker: 23 Trial Log Prob: -Inf Prob: 0.0 Frac: 0.15241966213641558
Step: 5214 Walker: 23 Trial Log Prob: 320.79301830812386 Prob: 5.116065240156228e-5 Frac: 0.15234704394265905
Step: 5330 Walker: 39 Trial Log Prob: -Inf Prob: 0.0 Frac: 0.14791679301352417
Step: 5888 Walker: 28 Trial Log Prob: 326.3504687224954 Prob: 0.27599432838295984 Frac: 0.13808643922664382
Number of steps: 6000 Acceptance Rate: 0.13752
Step: 6052 Walker: 36 Trial Log Prob: 289.4309667261902 Prob: 3.9254193620468925e-13 Frac: 0.1554524361948956
Step: 6183 Walker: 31 Trial Log Prob: 339.5868380555636 Prob: 0.8052875064422994 Frac: 0.1316394699375753
Step: 6270 Walker: 18 Trial Log Prob: 321.3658041777889 Prob: 2.207231132933589e-6 Frac: 0.1300861300861301
Step: 6616 Walker: 24 Trial Log Prob: 321.44561624092 Prob: 1.651650758101028 Frac: 0.12559303307987263
Step: 6898 Walker: 8 Trial Log Prob: -Inf Prob: 0.0 Frac: 0.12414730928708369
Number of steps: 7000 Acceptance Rate: 0.12372
Step: 7147 Walker: 39 Trial Log Prob: 306.1106528402553 Prob: 4.167947271169867e-16 Frac: 0.10791660989235591
Step: 7862 Walker: 17 Trial Log Prob: -Inf Prob: 0.0 Frac: 0.111222049364943
Step: 7871 Walker: 46 Trial Log Prob: 136.65670713740232 Prob: 9.923313259000273e-81 Frac: 0.11110090479033666
Number of steps: 8000 Acceptance Rate: 0.11232
Step: 8409 Walker: 6 Trial Log Prob: 251.93710931107643 Prob: 6.333153748066595e-35 Frac: 0.1154562383612663
Step: 8761 Walker: 38 Trial Log Prob: 61.12785702204309 Prob: 2.2264055736604835e-115 Frac: 0.11696198538303801
Step: 8875 Walker: 28 Trial Log Prob: 45.094604861017956 Prob: 1.451522301409567e-122 Frac: 0.11660720819612148
Number of steps: 9000 Acceptance Rate: 0.11744
Step: 9662 Walker: 19 Trial Log Prob: -Inf Prob: 0.0 Frac: 0.11790498654328828
Step: 9753 Walker: 46 Trial Log Prob: -Inf Prob: 0.0 Frac: 0.11751580513201934
Step: 9819 Walker: 5 Trial Log Prob: 301.5193149345252 Prob: 2.859695004236084e-12 Frac: 0.11675834250091675
Step: 9849 Walker: 45 Trial Log Prob: 174.08100121255004 Prob: 3.212129065226052e-67 Frac: 0.11648015078336671
Number of steps: 10000 Acceptance Rate: 0.1151
Step: 10339 Walker: 1 Trial Log Prob: 327.42046441988504 Prob: 2.8402348827893416e-6 Frac: 0.09869238506597243
Step: 10534 Walker: 13 Trial Log Prob: 314.6693115410017 Prob: 0.0025759352803149337 Frac: 0.09935116078460789
Number of steps: 11000 Acceptance Rate: 0.09868
Step: 11075 Walker: 42 Trial Log Prob: 315.06743062490744 Prob: 0.010633177838489058 Frac: 0.08364510956707644
Step: 11165 Walker: 31 Trial Log Prob: -Inf Prob: 0.0 Frac: 0.08832462641234358
Step: 11301 Walker: 33 Trial Log Prob: 325.06093719315606 Prob: 0.5144391064036369 Frac: 0.08614381693607397
Number of steps: 12000 Acceptance Rate: 0.08694
Step: 12030 Walker: 26 Trial Log Prob: 64.28827033769733 Prob: 1.426898683948538e-110 Frac: 0.07113821138211382
Step: 12145 Walker: 5 Trial Log Prob: 320.9834970139849 Prob: 4.807587371897473e-5 Frac: 0.08341429562803608
Step: 12669 Walker: 24 Trial Log Prob: -Inf Prob: 0.0 Frac: 0.0945428434657731
Number of steps: 13000 Acceptance Rate: 0.09532
Step: 13332 Walker: 24 Trial Log Prob: 305.8292316002985 Prob: 1.091822380030016e-11 Frac: 0.08700374079884156
Step: 13334 Walker: 42 Trial Log Prob: 324.86782766329526 Prob: 0.23789020825604662 Frac: 0.08722741433021806
Step: 13388 Walker: 38 Trial Log Prob: 323.196705061036 Prob: 1.1172564409312528e-6 Frac: 0.08814730761295647
Step: 13851 Walker: 32 Trial Log Prob: -Inf Prob: 0.0 Frac: 0.09049656729051067
Step: 13936 Walker: 4 Trial Log Prob: 326.188405136117 Prob: 0.07116953274078223 Frac: 0.08959661205458357
Step: 13948 Walker: 28 Trial Log Prob: 306.9093902200084 Prob: 7.413699787880468e-8 Frac: 0.08959854784921271
Step: 13959 Walker: 3 Trial Log Prob: 280.89450987495604 Prob: 6.758300954166255e-19 Frac: 0.08947247562783124
Number of steps: 14000 Acceptance Rate: 0.08898
Step: 14048 Walker: 49 Trial Log Prob: 309.3413012600415 Prob: 1.689891375357023e-5 Frac: 0.08878699458107545
Step: 14061 Walker: 15 Trial Log Prob: 317.8642206459203 Prob: 0.09319221896461019 Frac: 0.09353233830845771
Step: 14100 Walker: 9 Trial Log Prob: -Inf Prob: 0.0 Frac: 0.08489614841701956
Step: 14413 Walker: 26 Trial Log Prob: 324.5387735064625 Prob: 0.009736652109354661 Frac: 0.09478328323475226
Step: 14645 Walker: 12 Trial Log Prob: -Inf Prob: 0.0 Frac: 0.09915559418850119
Step: 14969 Walker: 20 Trial Log Prob: -510.93495061059605 Prob: 0.0 Frac: 0.10574142916150352
Step: 14984 Walker: 37 Trial Log Prob: 329.0271020665431 Prob: 0.0010713604497918979 Frac: 0.10606461056783296
Number of steps: 15000 Acceptance Rate: 0.10642
Step: 15227 Walker: 29 Trial Log Prob: -Inf Prob: 0.0 Frac: 0.12022243799099656
Step: 15275 Walker: 25 Trial Log Prob: 309.63844933440197 Prob: 1.2276880555724367e-10 Frac: 0.1229143897996357
Step: 15742 Walker: 27 Trial Log Prob: 280.68526298256376 Prob: 6.10026426930941e-17 Frac: 0.11540847425627748
Step: 15752 Walker: 18 Trial Log Prob: -Inf Prob: 0.0 Frac: 0.11544399488926746
Step: 15776 Walker: 22 Trial Log Prob: 318.9003814061778 Prob: 0.05174954413235951 Frac: 0.11513463324048283
Number of steps: 16000 Acceptance Rate: 0.11552
Step: 16387 Walker: 38 Trial Log Prob: 316.3960518759242 Prob: 0.011825347893619413 Frac: 0.10704312752094322
Step: 16475 Walker: 45 Trial Log Prob: -Inf Prob: 0.0 Frac: 0.1074752579490419
Step: 16713 Walker: 27 Trial Log Prob: 320.3001833389348 Prob: 0.47887704603470976 Frac: 0.11196564403401914
Step: 16744 Walker: 31 Trial Log Prob: 327.1066209747596 Prob: 2.1714807048798962e-10 Frac: 0.11215405717974235
Step: 16927 Walker: 47 Trial Log Prob: -Inf Prob: 0.0 Frac: 0.11025524845189548
Step: 16962 Walker: 27 Trial Log Prob: 326.139753453754 Prob: 0.5376383226225177 Frac: 0.11001102398236162
Number of steps: 17000 Acceptance Rate: 0.10966
Step: 17120 Walker: 42 Trial Log Prob: 328.65368112461056 Prob: 2.914891445048113 Frac: 0.10263684913217623
Number of steps: 18000 Acceptance Rate: 0.10524
Step: 18051 Walker: 6 Trial Log Prob: -Inf Prob: 0.0 Frac: 0.11731843575418995
Step: 18059 Walker: 34 Trial Log Prob: 238.8174362799239 Prob: 2.6233725348411567e-40 Frac: 0.12133605998636673
Step: 18068 Walker: 3 Trial Log Prob: -Inf Prob: 0.0 Frac: 0.12496271995228155
Step: 18152 Walker: 9 Trial Log Prob: 261.10892446626843 Prob: 5.543147484150756e-30 Frac: 0.1244873660537108
Step: 18361 Walker: 7 Trial Log Prob: -Inf Prob: 0.0 Frac: 0.12050869106458599
Step: 18792 Walker: 46 Trial Log Prob: -Inf Prob: 0.0 Frac: 0.12082028487726033
Step: 18859 Walker: 15 Trial Log Prob: 326.9753719494578 Prob: 0.9700538186314913 Frac: 0.12156588605382733
Step: 18941 Walker: 33 Trial Log Prob: 311.8778958541158 Prob: 0.0014163647463986907 Frac: 0.12182935385792953
Number of steps: 19000 Acceptance Rate: 0.12164
Step: 19115 Walker: 44 Trial Log Prob: -Inf Prob: 0.0 Frac: 0.11838440111420613
Step: 19529 Walker: 2 Trial Log Prob: 326.30294981934316 Prob: 0.0006187060840670394 Frac: 0.1212029391712749
Step: 19847 Walker: 17 Trial Log Prob: 318.00525844605227 Prob: 0.00020793157828453645 Frac: 0.13039676725665808
Step: 19918 Walker: 34 Trial Log Prob: -Inf Prob: 0.0 Frac: 0.13098247755208786
Number of steps: 20000 Acceptance Rate: 0.13164
Step: 20076 Walker: 10 Trial Log Prob: 322.8378818360803 Prob: 2.335346108543075 Frac: 0.14813829787234042
Step: 20265 Walker: 23 Trial Log Prob: 321.9931756848671 Prob: 0.007165232681738636 Frac: 0.137336459199879
Step: 20287 Walker: 34 Trial Log Prob: -Inf Prob: 0.0 Frac: 0.13687735454164923
Step: 20451 Walker: 40 Trial Log Prob: -Inf Prob: 0.0 Frac: 0.13615794143744453
Step: 20592 Walker: 7 Trial Log Prob: -Inf Prob: 0.0 Frac: 0.1350610684440234
Step: 20622 Walker: 24 Trial Log Prob: -Inf Prob: 0.0 Frac: 0.13477505309905388
Step: 20623 Walker: 23 Trial Log Prob: 326.72891832641744 Prob: 0.24359917485221558 Frac: 0.134819908106545
Step: 20642 Walker: 26 Trial Log Prob: 327.0093135408269 Prob: 0.017395794078051054 Frac: 0.13489836637984787
Step: 20717 Walker: 26 Trial Log Prob: -Inf Prob: 0.0 Frac: 0.13319935242561268
Step: 20844 Walker: 48 Trial Log Prob: 294.1250213074864 Prob: 3.269918196777124e-19 Frac: 0.1321626617375231
Number of steps: 21000 Acceptance Rate: 0.13336
Step: 21070 Walker: 20 Trial Log Prob: -Inf Prob: 0.0 Frac: 0.11642651296829971
Step: 21087 Walker: 4 Trial Log Prob: -Inf Prob: 0.0 Frac: 0.11570631970260223
Step: 21562 Walker: 7 Trial Log Prob: 324.9048949512301 Prob: 0.4753504166137228 Frac: 0.10606978650604128
Step: 21615 Walker: 23 Trial Log Prob: 262.5303084315069 Prob: 6.490229713474764e-26 Frac: 0.10519806008527813
Step: 21631 Walker: 37 Trial Log Prob: -Inf Prob: 0.0 Frac: 0.10517804483622412
Step: 21695 Walker: 24 Trial Log Prob: -Inf Prob: 0.0 Frac: 0.10367469185577699
Number of steps: 22000 Acceptance Rate: 0.0977
Step: 22042 Walker: 2 Trial Log Prob: 307.1783468441547 Prob: 3.128300361505515e-6 Frac: 0.07504873294346978
Step: 22309 Walker: 31 Trial Log Prob: -Inf Prob: 0.0 Frac: 0.07932084764435228
Step: 22325 Walker: 12 Trial Log Prob: 309.39616068141606 Prob: 0.00042147481062447555 Frac: 0.07944732297063903
Step: 22334 Walker: 44 Trial Log Prob: -Inf Prob: 0.0 Frac: 0.07907032466754522
Step: 22526 Walker: 15 Trial Log Prob: 296.2477185526473 Prob: 3.073154287889368e-12 Frac: 0.0747382448124881
Step: 22643 Walker: 6 Trial Log Prob: 132.4104577445214 Prob: 7.116201177663279e-87 Frac: 0.07303930729458669
Step: 22774 Walker: 37 Trial Log Prob: -6579.774500546136 Prob: 0.0 Frac: 0.07165197611600796
Number of steps: 23000 Acceptance Rate: 0.07036
Step: 23781 Walker: 8 Trial Log Prob: 263.05502381098967 Prob: 3.4274957466565347e-28 Frac: 0.05737284659557014
Step: 23968 Walker: 46 Trial Log Prob: 315.95384393040746 Prob: 8.11246533058956e-9 Frac: 0.05645094635920324
Number of steps: 24000 Acceptance Rate: 0.05628
Step: 24086 Walker: 30 Trial Log Prob: NaN Prob: NaN Frac: 0.06191588785046729
Step: 24414 Walker: 36 Trial Log Prob: 32.02846081645909 Prob: 1.8645155417411657e-128 Frac: 0.05433626607367301
Step: 24549 Walker: 31 Trial Log Prob: 302.6027117361534 Prob: 3.3139721884988657e-18 Frac: 0.05293281324049433
Step: 24682 Walker: 19 Trial Log Prob: 322.1376483681766 Prob: 1.999912999517662e-6 Frac: 0.05139569696791805
Step: 24749 Walker: 4 Trial Log Prob: NaN Prob: NaN Frac: 0.05074323601753823
Step: 24758 Walker: 19 Trial Log Prob: -Inf Prob: 0.0 Frac: 0.050701101164540914
Step: 24852 Walker: 16 Trial Log Prob: NaN Prob: NaN Frac: 0.04978151576375511
Step: 24886 Walker: 25 Trial Log Prob: 249.29994613875618 Prob: 6.439891277035887e-35 Frac: 0.049689440993788817
Number of steps: 25000 Acceptance Rate: 0.04922
Step: 25420 Walker: 23 Trial Log Prob: 325.3104667767517 Prob: 10.25861853180247 Frac: 0.04701282601439947
Step: 25446 Walker: 36 Trial Log Prob: NaN Prob: NaN Frac: 0.046935295701337164
Step: 25603 Walker: 41 Trial Log Prob: NaN Prob: NaN Frac: 0.047941342357586014
Step: 25608 Walker: 37 Trial Log Prob: NaN Prob: NaN Frac: 0.0479152269062428
Step: 25995 Walker: 44 Trial Log Prob: -Inf Prob: 0.0 Frac: 0.048367642328723065
Number of steps: 26000 Acceptance Rate: 0.0483
Step: 26130 Walker: 28 Trial Log Prob: 320.8217279366473 Prob: 0.004289419079048511 Frac: 0.05294844087681383
Step: 26569 Walker: 13 Trial Log Prob: -Inf Prob: 0.0 Frac: 0.04948439094780558
Step: 26739 Walker: 18 Trial Log Prob: 321.24667812257917 Prob: 4.310006532712957e-5 Frac: 0.04867544287339509
Step: 26739 Walker: 30 Trial Log Prob: 299.8486106068635 Prob: 3.4823259509796158e-9 Frac: 0.048686704576225294
Step: 26757 Walker: 50 Trial Log Prob: 304.71332066417693 Prob: 4.037686587653696e-5 Frac: 0.048375165125495376
Step: 26986 Walker: 26 Trial Log Prob: 320.19253202107296 Prob: 0.0004597241503275722 Frac: 0.04687880509781638
Number of steps: 27000 Acceptance Rate: 0.04672
Step: 27343 Walker: 4 Trial Log Prob: -4703.389551573496 Prob: 0.0 Frac: 0.041510757717492984
Step: 27376 Walker: 25 Trial Log Prob: -2400.1938341745617 Prob: 0.0 Frac: 0.04079893475366179
Step: 27771 Walker: 8 Trial Log Prob: 328.82167580093414 Prob: 0.0023384493242720626 Frac: 0.040848654824971437
Step: 28000 Walker: 25 Trial Log Prob: 104.07274091814489 Prob: 5.716124470524815e-100 Frac: 0.04098049024512256
Number of steps: 28000 Acceptance Rate: 0.04096
Step: 28177 Walker: 25 Trial Log Prob: -Inf Prob: 0.0 Frac: 0.03603399433427762
Step: 28360 Walker: 43 Trial Log Prob: -696.4317606213752 Prob: 0.0 Frac: 0.03801478352692714
Step: 28657 Walker: 45 Trial Log Prob: 300.5677809554937 Prob: 9.425458658652476e-14 Frac: 0.036657025422438726
Step: 28676 Walker: 3 Trial Log Prob: -Inf Prob: 0.0 Frac: 0.0366189672029153
Number of steps: 29000 Acceptance Rate: 0.03754
Step: 29213 Walker: 16 Trial Log Prob: NaN Prob: NaN Frac: 0.03692539562923888
Step: 29214 Walker: 32 Trial Log Prob: 260.38742602691497 Prob: 2.562914712368753e-32 Frac: 0.03688447856206703
Step: 29382 Walker: 9 Trial Log Prob: -Inf Prob: 0.0 Frac: 0.03609843118736555
Step: 29555 Walker: 16 Trial Log Prob: 310.4013917413123 Prob: 8.307719896697867e-13 Frac: 0.035539038822340885
Number of steps: 30000 Acceptance Rate: 0.037
Step: 30376 Walker: 7 Trial Log Prob: 309.07108586750047 Prob: 0.0011502476614625417 Frac: 0.036999520179133126
Step: 30825 Walker: 14 Trial Log Prob: 271.2790385377074 Prob: 4.1287034037753865e-27 Frac: 0.034187412044450916
Number of steps: 31000 Acceptance Rate: 0.03312
Step: 31393 Walker: 50 Trial Log Prob: 99.1945347909624 Prob: 1.2025365090410673e-96 Frac: 0.030330788804071248
Step: 31961 Walker: 5 Trial Log Prob: 316.33906236729825 Prob: 1.4604175035757848e-5 Frac: 0.033683991250911365
Number of steps: 32000 Acceptance Rate: 0.03374
Step: 32035 Walker: 20 Trial Log Prob: -3675.4729823050075 Prob: 0.0 Frac: 0.03488372093023256
Step: 32344 Walker: 7 Trial Log Prob: 316.22145790389663 Prob: 0.0001117091299923228 Frac: 0.03438829632220085
Step: 32594 Walker: 36 Trial Log Prob: 207.31093302993608 Prob: 5.931855805379119e-51 Frac: 0.032978508387792226
Step: 32677 Walker: 42 Trial Log Prob: NaN Prob: NaN Frac: 0.032326694639796705
Step: 32701 Walker: 12 Trial Log Prob: 305.27988445611857 Prob: 1.0587418447319826e-5 Frac: 0.032103278875814004
Step: 32742 Walker: 12 Trial Log Prob: 291.3160711144117 Prob: 1.3164399730064143e-14 Frac: 0.03210835896605688
Number of steps: 33000 Acceptance Rate: 0.0309
Step: 33327 Walker: 40 Trial Log Prob: 258.97182116170507 Prob: 1.1762780708999342e-25 Frac: 0.029436964504283965
Step: 33572 Walker: 14 Trial Log Prob: 315.7282671175105 Prob: 0.0019613580120841447 Frac: 0.030002800728189328
Step: 33679 Walker: 31 Trial Log Prob: 321.02453535193024 Prob: 2.24607261662534e-9 Frac: 0.029972591435560404
Step: 33777 Walker: 18 Trial Log Prob: 55.03151497398683 Prob: 6.608420789293031e-122 Frac: 0.029316296563449945
Step: 33969 Walker: 32 Trial Log Prob: 205.74163073142674 Prob: 4.873816475199416e-55 Frac: 0.029009745622728775
Number of steps: 34000 Acceptance Rate: 0.02894
Step: 34044 Walker: 41 Trial Log Prob: 278.44029528374006 Prob: 1.1651076555718356e-22 Frac: 0.0314924691921497
Step: 34064 Walker: 35 Trial Log Prob: 264.1848107618751 Prob: 6.1859127414145785e-31 Frac: 0.032025117739403454
Step: 34078 Walker: 44 Trial Log Prob: -Inf Prob: 0.0 Frac: 0.029789419619928096
Step: 34185 Walker: 42 Trial Log Prob: -19.336932042551396 Prob: 6.241657139239651e-155 Frac: 0.027807833802207315
Step: 34820 Walker: 23 Trial Log Prob: 273.075509886822 Prob: 1.240211960680676e-28 Frac: 0.027139823786395918
Number of steps: 35000 Acceptance Rate: 0.02698
Step: 35872 Walker: 48 Trial Log Prob: 307.6482603580365 Prob: 1.785441783997175e-6 Frac: 0.02403779989907794
Step: 35932 Walker: 9 Trial Log Prob: -Inf Prob: 0.0 Frac: 0.024248802594557445
Number of steps: 36000 Acceptance Rate: 0.02424
Step: 36123 Walker: 33 Trial Log Prob: 254.76786990318192 Prob: 3.412242328630423e-30 Frac: 0.025925322028371108
Step: 36469 Walker: 7 Trial Log Prob: 204.6151019503056 Prob: 5.991190736704533e-53 Frac: 0.02678685863203315
Step: 36617 Walker: 4 Trial Log Prob: 204.88527184195559 Prob: 4.1999336481991786e-50 Frac: 0.025905726529022205
Step: 36637 Walker: 26 Trial Log Prob: -Inf Prob: 0.0 Frac: 0.02582793942059951
Step: 36883 Walker: 14 Trial Log Prob: -Inf Prob: 0.0 Frac: 0.025751462120868658
Number of steps: 37000 Acceptance Rate: 0.02606
Step: 37038 Walker: 14 Trial Log Prob: -14.115091866537668 Prob: 1.0491970710469512e-146 Frac: 0.02628755364806867
Step: 37062 Walker: 36 Trial Log Prob: NaN Prob: NaN Frac: 0.0220349967595593
Step: 37164 Walker: 41 Trial Log Prob: 155.09795226208314 Prob: 3.762650416229137e-70 Frac: 0.025759980466365524
Step: 37458 Walker: 48 Trial Log Prob: -Inf Prob: 0.0 Frac: 0.029696916761289195
Step: 37592 Walker: 43 Trial Log Prob: -107.21626165354036 Prob: 2.483244004438636e-186 Frac: 0.03041259757375055
Step: 37784 Walker: 35 Trial Log Prob: 204.66996001346484 Prob: 2.82378982556601e-58 Frac: 0.02967972438433074
Step: 37835 Walker: 38 Trial Log Prob: -6981.456416622528 Prob: 0.0 Frac: 0.02949350711581772
Step: 37880 Walker: 35 Trial Log Prob: 93.8946157333833 Prob: 6.961311279250254e-99 Frac: 0.029737410480845744
Number of steps: 38000 Acceptance Rate: 0.02954
Step: 38060 Walker: 31 Trial Log Prob: 305.0908361451711 Prob: 2.5021158746081697e-18 Frac: 0.028513921502851394
Step: 38147 Walker: 50 Trial Log Prob: -1343.0025688725786 Prob: 0.0 Frac: 0.028979591836734694
Number of steps: 39000 Acceptance Rate: 0.02856
Step: 39028 Walker: 8 Trial Log Prob: 125.08495304585922 Prob: 4.628084035041961e-91 Frac: 0.020618556701030927
Step: 39535 Walker: 1 Trial Log Prob: -Inf Prob: 0.0 Frac: 0.024793078910902214
Step: 39561 Walker: 20 Trial Log Prob: -58.34317297123812 Prob: 3.350981573186513e-168 Frac: 0.024982155603140613
Number of steps: 40000 Acceptance Rate: 0.02722
Step: 40129 Walker: 25 Trial Log Prob: -328.79480054773677 Prob: 2.255091248220858e-287 Frac: 0.027392996108949415
Step: 40207 Walker: 32 Trial Log Prob: -303.2697800860676 Prob: 1.792593640659722e-275 Frac: 0.02710027100271003
Step: 40810 Walker: 22 Trial Log Prob: -1743.508785837565 Prob: 0.0 Frac: 0.027920537655663175
Step: 40876 Walker: 5 Trial Log Prob: -852.4072773455583 Prob: 0.0 Frac: 0.0276539824020112
Step: 40881 Walker: 27 Trial Log Prob: -Inf Prob: 0.0 Frac: 0.02755127535376019
Step: 40910 Walker: 15 Trial Log Prob: 328.93438115723717 Prob: 0.1680676068563819 Frac: 0.027515671395579016
Step: 40964 Walker: 29 Trial Log Prob: 198.3249932215336 Prob: 9.149715163937458e-59 Frac: 0.027584632308682206
Number of steps: 41000 Acceptance Rate: 0.02776
Step: 41021 Walker: 37 Trial Log Prob: -Inf Prob: 0.0 Frac: 0.01446480231436837
Step: 41200 Walker: 41 Trial Log Prob: 81.8629551108273 Prob: 1.6234738301007826e-109 Frac: 0.02312080872785507
Step: 41218 Walker: 8 Trial Log Prob: -8413.417991703951 Prob: 0.0 Frac: 0.023577086019524775
Step: 41680 Walker: 27 Trial Log Prob: -Inf Prob: 0.0 Frac: 0.02719486711599023
Step: 41844 Walker: 26 Trial Log Prob: -1064.1784981425208 Prob: 0.0 Frac: 0.027290402124430957
Step: 41969 Walker: 9 Trial Log Prob: -Inf Prob: 0.0 Frac: 0.027556859261707534
Number of steps: 42000 Acceptance Rate: 0.02748
Step: 42196 Walker: 5 Trial Log Prob: -3810.7916796578475 Prob: 0.0 Frac: 0.02860071758072783
Step: 42269 Walker: 45 Trial Log Prob: 328.82503873738676 Prob: 0.08550456577284789 Frac: 0.029081442915582
Step: 42540 Walker: 43 Trial Log Prob: -1696.6453087444004 Prob: 0.0 Frac: 0.028896380543103766
Number of steps: 43000 Acceptance Rate: 0.03052
Step: 43087 Walker: 8 Trial Log Prob: -Inf Prob: 0.0 Frac: 0.033890436397400185
Step: 43492 Walker: 41 Trial Log Prob: 330.6729421416294 Prob: 0.0344659849772693 Frac: 0.02972632263836363
Step: 43802 Walker: 39 Trial Log Prob: 309.06521265172034 Prob: 1.8480273563968475e-6 Frac: 0.029484397216193968
Number of steps: 44000 Acceptance Rate: 0.02894
Step: 44017 Walker: 40 Trial Log Prob: -3970.917076951899 Prob: 0.0 Frac: 0.02142857142857143
Step: 44076 Walker: 37 Trial Log Prob: NaN Prob: NaN Frac: 0.01795616583047267
Step: 44144 Walker: 45 Trial Log Prob: 230.36119418370163 Prob: 6.546886757690342e-44 Frac: 0.022098679638637944
Step: 44308 Walker: 33 Trial Log Prob: -Inf Prob: 0.0 Frac: 0.02346746408372879
Step: 44460 Walker: 31 Trial Log Prob: 327.0196736434572 Prob: 4.476938072221462e-9 Frac: 0.024280927722901528
Step: 44488 Walker: 16 Trial Log Prob: 100.42607623765487 Prob: 2.060044149822082e-99 Frac: 0.024173027989821884
Step: 44629 Walker: 37 Trial Log Prob: -261.3225047627052 Prob: 2.8329263298660484e-256 Frac: 0.024143525145529154
Step: 44793 Walker: 4 Trial Log Prob: 326.355691704881 Prob: 3.1433017100503375e-5 Frac: 0.024517725482274516
Step: 44885 Walker: 40 Trial Log Prob: -Inf Prob: 0.0 Frac: 0.024570524412296565
Number of steps: 45000 Acceptance Rate: 0.02472
Step: 45017 Walker: 50 Trial Log Prob: 321.28485670264973 Prob: 2.239448339843843 Frac: 0.02235294117647059
Step: 45260 Walker: 15 Trial Log Prob: -Inf Prob: 0.0 Frac: 0.02699575780948708
Step: 45283 Walker: 45 Trial Log Prob: -Inf Prob: 0.0 Frac: 0.026652527394839167
Step: 45358 Walker: 34 Trial Log Prob: NaN Prob: NaN Frac: 0.02790203533885037
Step: 45754 Walker: 5 Trial Log Prob: -542.3006550853944 Prob: 0.0 Frac: 0.027778515469393174
Step: 45927 Walker: 46 Trial Log Prob: -Inf Prob: 0.0 Frac: 0.026345315669097657
Number of steps: 46000 Acceptance Rate: 0.02594
Step: 46371 Walker: 43 Trial Log Prob: -1290.827911488679 Prob: 0.0 Frac: 0.02216469826888853
Step: 46576 Walker: 30 Trial Log Prob: -858.0595852371285 Prob: 0.0 Frac: 0.022029186935371786
Number of steps: 47000 Acceptance Rate: 0.02254
Step: 47139 Walker: 19 Trial Log Prob: 134.65282332724195 Prob: 1.7348302444967956e-82 Frac: 0.02326925856337621
Step: 47139 Walker: 44 Trial Log Prob: 229.3925895817662 Prob: 3.81658175045378e-44 Frac: 0.023185483870967742
Step: 47419 Walker: 35 Trial Log Prob: 315.5781508702777 Prob: 1.0491780848437797e-7 Frac: 0.025650823978982565
Step: 47535 Walker: 49 Trial Log Prob: 278.1912172789013 Prob: 2.023519791171615e-22 Frac: 0.026655202063628546
Step: 47545 Walker: 33 Trial Log Prob: -Inf Prob: 0.0 Frac: 0.026695553189145522
Step: 47634 Walker: 27 Trial Log Prob: 327.7839685044196 Prob: 0.8600785624770413 Frac: 0.026707074533573256
Step: 47789 Walker: 47 Trial Log Prob: -Inf Prob: 0.0 Frac: 0.027150353639060005
Step: 47809 Walker: 41 Trial Log Prob: 255.39515839233593 Prob: 7.562414950033892e-34 Frac: 0.026977572265769887
Step: 47877 Walker: 40 Trial Log Prob: 180.78279009678062 Prob: 5.2794996115946915e-67 Frac: 0.027052919708029196
Number of steps: 48000 Acceptance Rate: 0.02666
Step: 48049 Walker: 12 Trial Log Prob: -188.0059647142046 Prob: 3.1248356126229823e-220 Frac: 0.02155887230514096
Step: 48252 Walker: 20 Trial Log Prob: 73.37179405210719 Prob: 5.44768996653963e-112 Frac: 0.023707239459029434
Step: 48265 Walker: 50 Trial Log Prob: NaN Prob: NaN Frac: 0.023320754716981133
Step: 48515 Walker: 48 Trial Log Prob: NaN Prob: NaN Frac: 0.02578841075034954
Step: 48865 Walker: 8 Trial Log Prob: 299.61138508420413 Prob: 5.752405481950268e-12 Frac: 0.02677744862062581
Number of steps: 49000 Acceptance Rate: 0.02592
Step: 49195 Walker: 39 Trial Log Prob: NaN Prob: NaN Frac: 0.024951227025361948
Step: 49205 Walker: 13 Trial Log Prob: -18.224390592641058 Prob: 4.626412756911025e-153 Frac: 0.02438069127582493
Step: 49754 Walker: 21 Trial Log Prob: 322.7012814584025 Prob: 0.00011038290313779753 Frac: 0.022431047755567944
Number of steps: 50000 Acceptance Rate: 0.0225
Burn-in Number (ends): 50000
Independent Sample Size: 242.06640102200984
2444.176142 seconds (102.95 M allocations: 2.242 TiB, 13.49% gc time)
