args = ["mcmc", "120.0", "30", "ppp"]
Parameters from fit: [4.347610366972319e-6, 224.7007978393434, 2.43350376822214e6, -0.06005904498030866, -0.035527666673304974, 2.618728894799224e-6, 365.2564669272958, 2.433624407054682e6, -0.02864060258128805, -0.024246165296947297, 0.0005572190644309645, 3876.001560589205, 2.440314245191088e6, 0.10239155142863761, 0.13485655050991024]
Maximum log Prob from fit: -166.14600296139997
Step: 64 Walker: 12 Trial Log Prob: 490.8269873599671 Prob: 0.11616293007514325 Frac: 0.325426944971537
Step: 96 Walker: 49 Trial Log Prob: 491.9968054143781 Prob: 2.415573751978617 Frac: 0.3236090852260888
Step: 309 Walker: 34 Trial Log Prob: 493.1853309821893 Prob: 1.149961169484811 Frac: 0.32208111960606456
Step: 397 Walker: 17 Trial Log Prob: 496.14499882978413 Prob: 0.07487950245452439 Frac: 0.319574103042842
Step: 613 Walker: 37 Trial Log Prob: -Inf Prob: 0.0 Frac: 0.31452165682018474
Step: 667 Walker: 48 Trial Log Prob: 492.117995543104 Prob: 1.0509117633686436 Frac: 0.31297229219143574
Number of steps: 1000 Acceptance Rate: 0.3089
Step: 1348 Walker: 21 Trial Log Prob: 488.860132841496 Prob: 0.978448305861086 Frac: 0.292844395832134
Step: 1509 Walker: 22 Trial Log Prob: 296.42931691783 Prob: 2.6361338078770007e-79 Frac: 0.28514672331051844
Step: 1596 Walker: 38 Trial Log Prob: 491.96512065204917 Prob: 0.15960339697592588 Frac: 0.28209346045387407
Number of steps: 2000 Acceptance Rate: 0.27772
Step: 2591 Walker: 26 Trial Log Prob: 492.56117002585256 Prob: 0.005848753722490797 Frac: 0.26454650138860664
Number of steps: 3000 Acceptance Rate: 0.268
Step: 3026 Walker: 4 Trial Log Prob: 496.14841991277217 Prob: 0.19297839508841128 Frac: 0.29904306220095694
Step: 3288 Walker: 16 Trial Log Prob: 485.2715536185664 Prob: 0.6066618273900969 Frac: 0.27753027982737016
Step: 3378 Walker: 41 Trial Log Prob: 494.4222517716561 Prob: 0.842631010604041 Frac: 0.2755280292202636
Step: 3692 Walker: 6 Trial Log Prob: 494.2683713542936 Prob: 0.11449978307424316 Frac: 0.2688389859937493
Step: 3725 Walker: 50 Trial Log Prob: 495.59035432665297 Prob: 0.13454307113231642 Frac: 0.2690758620689655
Step: 3847 Walker: 20 Trial Log Prob: 485.6194953144951 Prob: 0.25202479516350645 Frac: 0.26885633270321363
Step: 3952 Walker: 28 Trial Log Prob: 493.82361301752627 Prob: 0.4967714769107462 Frac: 0.2688637605616041
Step: 3979 Walker: 2 Trial Log Prob: 496.5820165144394 Prob: 0.2793170173269283 Frac: 0.2682098891660873
Number of steps: 4000 Acceptance Rate: 0.26784
Step: 4207 Walker: 12 Trial Log Prob: 490.3441244978873 Prob: 0.032462567410943444 Frac: 0.26280062063615206
Step: 4251 Walker: 48 Trial Log Prob: 492.6438628308797 Prob: 0.10254945650754668 Frac: 0.2623525661459994
Step: 4426 Walker: 22 Trial Log Prob: 491.29956252821694 Prob: 0.00012776498414640406 Frac: 0.26560737119217753
Step: 4568 Walker: 2 Trial Log Prob: -Inf Prob: 0.0 Frac: 0.2651312076749436
Step: 4771 Walker: 2 Trial Log Prob: 492.9020151866464 Prob: 0.03928127465204624 Frac: 0.26427198587086387
Step: 4974 Walker: 7 Trial Log Prob: 489.82191083178816 Prob: 0.981251062879044 Frac: 0.26039418788663504
Number of steps: 5000 Acceptance Rate: 0.26012
Step: 5538 Walker: 21 Trial Log Prob: -Inf Prob: 0.0 Frac: 0.2560008931561907
Step: 5951 Walker: 16 Trial Log Prob: 496.30263515186175 Prob: 0.051293455136093465 Frac: 0.2534514689788703
Number of steps: 6000 Acceptance Rate: 0.25416
Step: 6494 Walker: 37 Trial Log Prob: 485.6485600132225 Prob: 7.225232521411585e-6 Frac: 0.2491999837971402
Step: 6514 Walker: 50 Trial Log Prob: 493.9686388742892 Prob: 0.996785850816649 Frac: 0.2480544747081712
Step: 6532 Walker: 23 Trial Log Prob: 494.5065254698426 Prob: 0.0009220438207120569 Frac: 0.24761976442253414
Step: 6666 Walker: 18 Trial Log Prob: 482.0879827265838 Prob: 0.000327813780088055 Frac: 0.24242515330046893
Step: 6869 Walker: 42 Trial Log Prob: -Inf Prob: 0.0 Frac: 0.23919248653376915
Number of steps: 7000 Acceptance Rate: 0.23598
Step: 7128 Walker: 23 Trial Log Prob: 493.5665123125673 Prob: 1.0079890619804628 Frac: 0.2215597050054919
Step: 7182 Walker: 45 Trial Log Prob: 495.9765575846276 Prob: 0.06926391822888206 Frac: 0.22155030236393622
Step: 7460 Walker: 25 Trial Log Prob: 484.07547636226866 Prob: 5.267371192083598e-7 Frac: 0.22424374319912949
Number of steps: 8000 Acceptance Rate: 0.22414
Step: 8308 Walker: 4 Trial Log Prob: 493.02838089823877 Prob: 0.35545748897479457 Frac: 0.22157092614302462
Step: 8390 Walker: 44 Trial Log Prob: 483.41245631372027 Prob: 0.1528585809238413 Frac: 0.21975992613111728
Step: 8495 Walker: 39 Trial Log Prob: 484.68955576680446 Prob: 0.006922937755182694 Frac: 0.21835967500707384
Number of steps: 9000 Acceptance Rate: 0.2178
Step: 9043 Walker: 31 Trial Log Prob: 472.5168844683563 Prob: 4.3443703447147465e-9 Frac: 0.20741435945565462
Step: 9184 Walker: 25 Trial Log Prob: 487.7689890281844 Prob: 3.8296317912380144e-5 Frac: 0.2227792915531335
Step: 9262 Walker: 40 Trial Log Prob: 487.5189256134442 Prob: 0.060450938107493156 Frac: 0.21818181818181817
Step: 9323 Walker: 36 Trial Log Prob: 492.2825560347163 Prob: 1.5036458316903136 Frac: 0.21771194843827466
Step: 9331 Walker: 25 Trial Log Prob: 374.20915318873267 Prob: 6.604209587324964e-47 Frac: 0.21706505295007564
Step: 9339 Walker: 28 Trial Log Prob: 408.69526842986926 Prob: 5.221038414849145e-29 Frac: 0.21703686200378072
Step: 9385 Walker: 3 Trial Log Prob: 489.36601672480464 Prob: 1.469038057816146 Frac: 0.21486226110503567
Step: 9484 Walker: 33 Trial Log Prob: 491.7638066853167 Prob: 1.170827095888341 Frac: 0.21238059794070216
Step: 9617 Walker: 48 Trial Log Prob: 486.44893175167175 Prob: 0.04617237318840504 Frac: 0.210451244813278
Number of steps: 10000 Acceptance Rate: 0.20914
Step: 10092 Walker: 38 Trial Log Prob: -Inf Prob: 0.0 Frac: 0.2018308631211857
Step: 10298 Walker: 44 Trial Log Prob: 467.244021639184 Prob: 4.13266542093576e-5 Frac: 0.20021485161810124
Step: 10364 Walker: 17 Trial Log Prob: 481.2940899955649 Prob: 0.005256447412197228 Frac: 0.20173941762536468
Step: 10510 Walker: 4 Trial Log Prob: 477.43686340167096 Prob: 4.994718338437357e-6 Frac: 0.2007150153217569
Step: 10519 Walker: 42 Trial Log Prob: 491.1089625856793 Prob: 1.0510888583288092 Frac: 0.2006398889831162
Step: 10607 Walker: 49 Trial Log Prob: 471.2755989526273 Prob: 6.143530760826384e-5 Frac: 0.19928168967676035
Number of steps: 11000 Acceptance Rate: 0.19594
Step: 11295 Walker: 36 Trial Log Prob: 487.0658081900211 Prob: 1.4615777828796523e-7 Frac: 0.186414223669924
Step: 11788 Walker: 11 Trial Log Prob: 474.6070699444351 Prob: 2.608815032897652e-10 Frac: 0.18701252508828536
Step: 11951 Walker: 19 Trial Log Prob: 478.8758763529416 Prob: 0.00046383375000253336 Frac: 0.18451566741724362
Number of steps: 12000 Acceptance Rate: 0.18404
Step: 12197 Walker: 20 Trial Log Prob: 493.99872353328294 Prob: 1.0360294441541904 Frac: 0.17484725050916497
Step: 12257 Walker: 25 Trial Log Prob: 491.1814295934279 Prob: 0.1632288692821652 Frac: 0.1791812865497076
Step: 12273 Walker: 24 Trial Log Prob: 482.1746020631438 Prob: 3.728550652580731e-5 Frac: 0.17880211391661774
Step: 12411 Walker: 13 Trial Log Prob: 482.59766728160434 Prob: 7.365679626984798e-10 Frac: 0.17915468239652904
Step: 12424 Walker: 19 Trial Log Prob: -Inf Prob: 0.0 Frac: 0.17922433747460909
Step: 12504 Walker: 6 Trial Log Prob: 486.96659838643683 Prob: 2.800521322058582e-5 Frac: 0.17844649387820002
Step: 12619 Walker: 19 Trial Log Prob: 477.86276690583765 Prob: 1.249139366942472 Frac: 0.17662278857660338
Step: 12639 Walker: 36 Trial Log Prob: 493.3706697775169 Prob: 0.06269019768048856 Frac: 0.17663451903807614
Step: 12772 Walker: 14 Trial Log Prob: 482.8500281150141 Prob: 0.03234768706890779 Frac: 0.17498184835597966
Number of steps: 13000 Acceptance Rate: 0.17196
Step: 13073 Walker: 40 Trial Log Prob: 444.30242517318305 Prob: 5.0177575447496204e-18 Frac: 0.14835164835164835
Step: 13113 Walker: 41 Trial Log Prob: 491.38601943689866 Prob: 0.35286066954721806 Frac: 0.14873249423861018
Step: 13540 Walker: 41 Trial Log Prob: -Inf Prob: 0.0 Frac: 0.1444185098736616
Step: 13594 Walker: 19 Trial Log Prob: 481.4418664607958 Prob: 0.09680004776360307 Frac: 0.14537058883009202
Step: 13628 Walker: 31 Trial Log Prob: 494.126842771895 Prob: 0.19603451918717352 Frac: 0.14476912781619453
Step: 13682 Walker: 40 Trial Log Prob: 50.30915703015668 Prob: 5.50111775476909e-189 Frac: 0.14491053094749193
Step: 13686 Walker: 46 Trial Log Prob: 474.9591168760487 Prob: 0.10234957463390962 Frac: 0.1446524376020527
Step: 13719 Walker: 19 Trial Log Prob: -Inf Prob: 0.0 Frac: 0.1452434644617055
Step: 13808 Walker: 36 Trial Log Prob: 448.46396184136535 Prob: 6.539218905876087e-19 Frac: 0.14438171643638884
Step: 13894 Walker: 46 Trial Log Prob: -Inf Prob: 0.0 Frac: 0.14348040093073205
Step: 13941 Walker: 9 Trial Log Prob: -Inf Prob: 0.0 Frac: 0.14361079793231082
Number of steps: 14000 Acceptance Rate: 0.1443
Step: 14838 Walker: 16 Trial Log Prob: -Inf Prob: 0.0 Frac: 0.13385563464386377
Number of steps: 15000 Acceptance Rate: 0.1309
Step: 15348 Walker: 47 Trial Log Prob: 466.7778260878211 Prob: 7.89456715515968e-9 Frac: 0.12300971431856067
Step: 15524 Walker: 30 Trial Log Prob: 490.27365535470796 Prob: 0.4216407940019963 Frac: 0.12440794499618028
Step: 15626 Walker: 7 Trial Log Prob: -Inf Prob: 0.0 Frac: 0.12474005822695716
Step: 15634 Walker: 19 Trial Log Prob: 477.83591313103494 Prob: 3.3064248245226486 Frac: 0.12494868799141116
Step: 15730 Walker: 4 Trial Log Prob: 475.14163721209593 Prob: 1.4666181183211402 Frac: 0.12574751741921325
Step: 15839 Walker: 20 Trial Log Prob: -Inf Prob: 0.0 Frac: 0.12497614503816794
Step: 15861 Walker: 10 Trial Log Prob: 442.35419001310885 Prob: 1.0741265892519412e-17 Frac: 0.12494768658451523
Step: 15898 Walker: 40 Trial Log Prob: 465.17993528496396 Prob: 7.397819921462091e-14 Frac: 0.12461572733348185
Step: 15960 Walker: 33 Trial Log Prob: 478.3197534273126 Prob: 0.29282897133292624 Frac: 0.12425233937019362
Number of steps: 16000 Acceptance Rate: 0.12478
Step: 16331 Walker: 31 Trial Log Prob: 478.91871467606757 Prob: 1.4384860770467569e-8 Frac: 0.1314500030246204
Step: 16743 Walker: 37 Trial Log Prob: -Inf Prob: 0.0 Frac: 0.1330209763847376
Step: 16936 Walker: 6 Trial Log Prob: 454.0598837433826 Prob: 5.5399159313686265e-11 Frac: 0.13465651467191375
Number of steps: 17000 Acceptance Rate: 0.13548
Step: 17388 Walker: 36 Trial Log Prob: 492.5624687212042 Prob: 1.8172562849612306 Frac: 0.14051377282575053
Step: 17395 Walker: 5 Trial Log Prob: 471.1029270440567 Prob: 5.425115398541836e-9 Frac: 0.14087794975894444
Step: 17896 Walker: 10 Trial Log Prob: 431.9757676201415 Prob: 1.4698237693757482e-21 Frac: 0.1399687220732797
Number of steps: 18000 Acceptance Rate: 0.14
Step: 18358 Walker: 4 Trial Log Prob: 474.53187712666033 Prob: 9.138551070590543 Frac: 0.13800828945894478
Step: 18361 Walker: 15 Trial Log Prob: 480.2956317864282 Prob: 0.027508859004797596 Frac: 0.13805162364696086
Step: 18581 Walker: 7 Trial Log Prob: 466.7608587494309 Prob: 7.832574569619988e-10 Frac: 0.13900093080980452
Step: 18622 Walker: 28 Trial Log Prob: 477.57829742341465 Prob: 2.0637207301989255e-6 Frac: 0.13877984426282258
Step: 18641 Walker: 16 Trial Log Prob: 482.72524747747667 Prob: 3.933605716536976e-5 Frac: 0.1388368315842079
Step: 18794 Walker: 14 Trial Log Prob: 483.67533418525244 Prob: 0.11826456335484484 Frac: 0.13954719645018152
Step: 18893 Walker: 27 Trial Log Prob: 480.89329943043936 Prob: 0.019222692320072423 Frac: 0.1395343626055975
Number of steps: 19000 Acceptance Rate: 0.14068
Step: 19108 Walker: 8 Trial Log Prob: 464.87352453913945 Prob: 1.1071044731613437e-14 Frac: 0.16592011944755505
Step: 19294 Walker: 40 Trial Log Prob: 489.2348793016671 Prob: 0.011088286773265479 Frac: 0.1694349897889721
Step: 19481 Walker: 4 Trial Log Prob: 473.1301348896011 Prob: 0.04413625211341398 Frac: 0.16197300449925012
Step: 19597 Walker: 10 Trial Log Prob: 478.64966285958764 Prob: 2.845378303937404 Frac: 0.15880576987588058
Step: 19641 Walker: 34 Trial Log Prob: 478.9162318435685 Prob: 2.570390831943746 Frac: 0.1588936754698133
Number of steps: 20000 Acceptance Rate: 0.15526
Step: 20851 Walker: 3 Trial Log Prob: -Inf Prob: 0.0 Frac: 0.15561254499682375
Number of steps: 21000 Acceptance Rate: 0.1554
Step: 21148 Walker: 10 Trial Log Prob: 482.31363236334795 Prob: 0.00032999032329937767 Frac: 0.1529891304347826
Step: 21628 Walker: 40 Trial Log Prob: -Inf Prob: 0.0 Frac: 0.15517680790060528
Step: 21710 Walker: 48 Trial Log Prob: 477.06026422822436 Prob: 0.2867263892259121 Frac: 0.15651586004845344
Step: 21796 Walker: 6 Trial Log Prob: 480.14125431342586 Prob: 0.26362127263576174 Frac: 0.1578378106449341
Number of steps: 22000 Acceptance Rate: 0.15826
Step: 22080 Walker: 33 Trial Log Prob: 482.3481522129552 Prob: 0.0023524525703443352 Frac: 0.16695957820738136
Step: 22773 Walker: 4 Trial Log Prob: 479.865386841796 Prob: 0.44603714357962526 Frac: 0.17107035540358512
Number of steps: 23000 Acceptance Rate: 0.17006
Step: 23016 Walker: 8 Trial Log Prob: -Inf Prob: 0.0 Frac: 0.16358839050131926
Step: 23149 Walker: 39 Trial Log Prob: 471.1217480084411 Prob: 1.9028756437432907e-8 Frac: 0.17085629788950127
Step: 23398 Walker: 38 Trial Log Prob: 464.9767863835927 Prob: 6.90840942111908e-8 Frac: 0.17075623491552694
Step: 23597 Walker: 33 Trial Log Prob: 466.8748865896137 Prob: 4.730076338761657e-11 Frac: 0.1647169242114437
Number of steps: 24000 Acceptance Rate: 0.16232
Step: 24018 Walker: 10 Trial Log Prob: 483.1609527643168 Prob: 0.18954115313905845 Frac: 0.14418604651162792
Step: 24045 Walker: 45 Trial Log Prob: 475.13585664033974 Prob: 1.6358903249367949 Frac: 0.1514476614699332
Step: 24764 Walker: 33 Trial Log Prob: 462.6332506366684 Prob: 0.036930656033654696 Frac: 0.15577613073881047
Number of steps: 25000 Acceptance Rate: 0.15634
Step: 25245 Walker: 41 Trial Log Prob: 481.30974033908694 Prob: 3.1479270300945704e-6 Frac: 0.1524385262641941
Step: 25303 Walker: 20 Trial Log Prob: 448.83641437384057 Prob: 3.2492569262830705e-15 Frac: 0.15205026455026455
Step: 25437 Walker: 1 Trial Log Prob: 480.283620658616 Prob: 0.8761393975232394 Frac: 0.15746984083298932
Step: 25945 Walker: 8 Trial Log Prob: 467.78921856124305 Prob: 8.16284306956658e-9 Frac: 0.15342738518895102
Number of steps: 26000 Acceptance Rate: 0.1528
Step: 26207 Walker: 33 Trial Log Prob: 476.87893795831883 Prob: 0.5886490639867784 Frac: 0.13442369108680924
Step: 26641 Walker: 10 Trial Log Prob: 457.3866687455245 Prob: 6.195198840394635e-10 Frac: 0.15039050296782255
Step: 26673 Walker: 13 Trial Log Prob: 460.26643592023066 Prob: 3.725617481130542e-5 Frac: 0.15026924106744413
Number of steps: 27000 Acceptance Rate: 0.14738
Step: 27080 Walker: 5 Trial Log Prob: -Inf Prob: 0.0 Frac: 0.12060682680151706
Step: 27214 Walker: 31 Trial Log Prob: -Inf Prob: 0.0 Frac: 0.11628124707424399
Step: 27723 Walker: 13 Trial Log Prob: 426.15628707030623 Prob: 3.043365176853711e-21 Frac: 0.1134771411956913
Step: 27726 Walker: 32 Trial Log Prob: 485.31837300439685 Prob: 0.9076243406049189 Frac: 0.11347224519045257
Number of steps: 28000 Acceptance Rate: 0.11338
Step: 28372 Walker: 19 Trial Log Prob: NaN Prob: NaN Frac: 0.09752813829500781
Step: 28393 Walker: 14 Trial Log Prob: 443.86800331076853 Prob: 7.890168778468992e-14 Frac: 0.0974304068522484
Step: 28423 Walker: 47 Trial Log Prob: 483.97248594262174 Prob: 0.6193732608136003 Frac: 0.09812266515344967
Step: 28450 Walker: 36 Trial Log Prob: NaN Prob: NaN Frac: 0.09819443209107889
Step: 28823 Walker: 43 Trial Log Prob: -Inf Prob: 0.0 Frac: 0.09748924482901102
Step: 28825 Walker: 36 Trial Log Prob: -Inf Prob: 0.0 Frac: 0.09736637889223008
Step: 28943 Walker: 24 Trial Log Prob: -4978.558832535041 Prob: 0.0 Frac: 0.09424072659366776
Number of steps: 29000 Acceptance Rate: 0.09338
Step: 29675 Walker: 32 Trial Log Prob: 481.15742597563883 Prob: 0.022344032497157634 Frac: 0.0699928850942725
Step: 29692 Walker: 41 Trial Log Prob: -Inf Prob: 0.0 Frac: 0.07022057760689196
Step: 29714 Walker: 25 Trial Log Prob: 479.70770170957553 Prob: 1.0090165453432491 Frac: 0.07046951646811493
Step: 29928 Walker: 38 Trial Log Prob: NaN Prob: NaN Frac: 0.070363024920238
Number of steps: 30000 Acceptance Rate: 0.06936
Step: 30255 Walker: 20 Trial Log Prob: 438.78483830406566 Prob: 9.583232752161331e-24 Frac: 0.06619496855345912
Step: 30612 Walker: 35 Trial Log Prob: -Inf Prob: 0.0 Frac: 0.06689553702795488
Step: 30669 Walker: 12 Trial Log Prob: 412.79621968523855 Prob: 5.844602173507193e-37 Frac: 0.06665269962887585
Number of steps: 31000 Acceptance Rate: 0.06832
Step: 31177 Walker: 46 Trial Log Prob: 487.7787488547532 Prob: 0.7203663309670955 Frac: 0.05607054035722361
Step: 31465 Walker: 21 Trial Log Prob: 192.80707998356866 Prob: 6.209808417826588e-131 Frac: 0.05464880926747341
Step: 31993 Walker: 43 Trial Log Prob: 408.0036849150523 Prob: 2.6571120032573036e-31 Frac: 0.0564631468686421
Number of steps: 32000 Acceptance Rate: 0.05652
Step: 32479 Walker: 17 Trial Log Prob: 462.3273728331156 Prob: 4.374390346086219e-12 Frac: 0.05385290797340803
Step: 32520 Walker: 32 Trial Log Prob: 473.93262172581404 Prob: 0.0556779512562288 Frac: 0.05476868601339389
Step: 32631 Walker: 30 Trial Log Prob: 482.98571177522444 Prob: 0.12518503394942476 Frac: 0.0538534728829686
Step: 32763 Walker: 43 Trial Log Prob: 483.7214197507145 Prob: 0.3236427517559816 Frac: 0.05447919670712844
Step: 32859 Walker: 3 Trial Log Prob: -Inf Prob: 0.0 Frac: 0.054168706151085
Step: 32892 Walker: 14 Trial Log Prob: 479.259750835701 Prob: 1.2044233629575463 Frac: 0.05412440534960955
Number of steps: 33000 Acceptance Rate: 0.05464
Step: 33041 Walker: 25 Trial Log Prob: 380.2782460390424 Prob: 6.403249022932798e-49 Frac: 0.0637037037037037
Step: 33049 Walker: 11 Trial Log Prob: -Inf Prob: 0.0 Frac: 0.06677727084197428
Step: 33530 Walker: 45 Trial Log Prob: 481.5022155928227 Prob: 0.8904219767862996 Frac: 0.05816191734289489
Step: 33760 Walker: 39 Trial Log Prob: -Inf Prob: 0.0 Frac: 0.059569875490273504
Step: 33903 Walker: 1 Trial Log Prob: 483.8348547838438 Prob: 0.18514603605565913 Frac: 0.058757012039644355
Number of steps: 34000 Acceptance Rate: 0.0586
Step: 34033 Walker: 29 Trial Log Prob: 474.90777145990126 Prob: 0.029236129989021475 Frac: 0.0620012277470841
Step: 34157 Walker: 42 Trial Log Prob: -Inf Prob: 0.0 Frac: 0.054450395307319564
Step: 34585 Walker: 21 Trial Log Prob: 464.2050368447129 Prob: 4.029241767663765e-14 Frac: 0.05283871188528798
Step: 34703 Walker: 31 Trial Log Prob: 318.4798417016002 Prob: 2.5825197936186142e-76 Frac: 0.05328627138424753
Number of steps: 35000 Acceptance Rate: 0.05518
Step: 35014 Walker: 33 Trial Log Prob: 476.1334050468906 Prob: 0.00023914449452388522 Frac: 0.07027818448023426
Step: 35045 Walker: 30 Trial Log Prob: -Inf Prob: 0.0 Frac: 0.0726457399103139
Step: 35193 Walker: 44 Trial Log Prob: 454.15703410056625 Prob: 1.5562684208268024e-14 Frac: 0.06625881377021983
Step: 35546 Walker: 5 Trial Log Prob: 466.33300411680653 Prob: 4.620327316346989e-9 Frac: 0.060355898000366906
Step: 35740 Walker: 10 Trial Log Prob: -123.7846952922826 Prob: 6.889435795289808e-266 Frac: 0.059199134199134196
Number of steps: 36000 Acceptance Rate: 0.05656
Step: 36148 Walker: 12 Trial Log Prob: -Inf Prob: 0.0 Frac: 0.04822059223037218
Step: 36562 Walker: 45 Trial Log Prob: 301.70233345302887 Prob: 2.024006045759005e-80 Frac: 0.04822922228154476
Step: 36679 Walker: 20 Trial Log Prob: 470.5390029770991 Prob: 1.5858828424799716e-10 Frac: 0.04814268867924528
Step: 36825 Walker: 28 Trial Log Prob: 476.20193461796737 Prob: 4.1246679293208575e-6 Frac: 0.04788008149801106
Number of steps: 37000 Acceptance Rate: 0.04808
Step: 37057 Walker: 8 Trial Log Prob: -Inf Prob: 0.0 Frac: 0.049145299145299144
Step: 37086 Walker: 3 Trial Log Prob: -Inf Prob: 0.0 Frac: 0.04726075711262638
Step: 37151 Walker: 39 Trial Log Prob: -Inf Prob: 0.0 Frac: 0.04496617588539594
Step: 37257 Walker: 15 Trial Log Prob: -Inf Prob: 0.0 Frac: 0.045493562231759654
Step: 37406 Walker: 17 Trial Log Prob: 138.80066111407353 Prob: 7.598030081783327e-147 Frac: 0.04761434844821631
Step: 37600 Walker: 32 Trial Log Prob: -163592.62431869586 Prob: 0.0 Frac: 0.04762857714628777
Step: 37768 Walker: 31 Trial Log Prob: -176.36675774713552 Prob: 3.8210104213384345e-292 Frac: 0.047054532190406714
Number of steps: 38000 Acceptance Rate: 0.0465
Step: 38088 Walker: 32 Trial Log Prob: -Inf Prob: 0.0 Frac: 0.03263350068461889
Step: 38120 Walker: 14 Trial Log Prob: -Inf Prob: 0.0 Frac: 0.03420523138832998
Step: 38378 Walker: 18 Trial Log Prob: 483.8915257356884 Prob: 0.5090819725361755 Frac: 0.03593385626457494
Step: 38546 Walker: 32 Trial Log Prob: NaN Prob: NaN Frac: 0.03573784913129536
Step: 38562 Walker: 6 Trial Log Prob: 394.1705735146015 Prob: 3.4938764117815155e-36 Frac: 0.03603507271171942
Step: 38899 Walker: 14 Trial Log Prob: 458.31021107001493 Prob: 8.944493036681496e-14 Frac: 0.037115376052010506
Number of steps: 39000 Acceptance Rate: 0.03862
Step: 39036 Walker: 22 Trial Log Prob: 488.8830194315233 Prob: 0.0050674785674419765 Frac: 0.0417607223476298
Step: 39089 Walker: 37 Trial Log Prob: -480.8505413914893 Prob: 0.0 Frac: 0.045075501464953795
Step: 39228 Walker: 31 Trial Log Prob: -Inf Prob: 0.0 Frac: 0.046656708549336616
Step: 39232 Walker: 32 Trial Log Prob: 479.69014348369666 Prob: 0.005766326163799789 Frac: 0.046796753583146264
Step: 39304 Walker: 35 Trial Log Prob: 473.5640815072712 Prob: 0.6175961974174464 Frac: 0.04741521238063879
Step: 39510 Walker: 30 Trial Log Prob: 2.3705731229853173 Prob: 8.115534981136954e-205 Frac: 0.0489010989010989
Step: 39593 Walker: 42 Trial Log Prob: -635.5836970359019 Prob: 0.0 Frac: 0.04844477430672694
Step: 39643 Walker: 22 Trial Log Prob: -Inf Prob: 0.0 Frac: 0.04753751323080754
Number of steps: 40000 Acceptance Rate: 0.04678
Step: 40148 Walker: 37 Trial Log Prob: 188.27910813286252 Prob: 5.1762794876044904e-130 Frac: 0.040341139840259915
Step: 40182 Walker: 9 Trial Log Prob: 471.3720263060303 Prob: 0.0003098611138591109 Frac: 0.04139529749420466
Step: 40203 Walker: 29 Trial Log Prob: 416.44547929203117 Prob: 2.5914973660373055e-26 Frac: 0.04126764734919538
Step: 40529 Walker: 15 Trial Log Prob: -Inf Prob: 0.0 Frac: 0.03876585273518834
Step: 40552 Walker: 22 Trial Log Prob: 480.3211007277056 Prob: 8.97927228309944e-8 Frac: 0.038154649644566954
Step: 40568 Walker: 26 Trial Log Prob: 339.9813536894893 Prob: 7.775683493563144e-60 Frac: 0.037919368480405974
Step: 40624 Walker: 15 Trial Log Prob: -Inf Prob: 0.0 Frac: 0.036996630835873574
Step: 40661 Walker: 11 Trial Log Prob: -Inf Prob: 0.0 Frac: 0.036957377843749056
Number of steps: 41000 Acceptance Rate: 0.0348
Step: 41174 Walker: 48 Trial Log Prob: -Inf Prob: 0.0 Frac: 0.03334099793055875
Step: 41293 Walker: 16 Trial Log Prob: NaN Prob: NaN Frac: 0.032567049808429116
Step: 41802 Walker: 15 Trial Log Prob: -Inf Prob: 0.0 Frac: 0.033894920753775114
Number of steps: 42000 Acceptance Rate: 0.03582
Step: 42330 Walker: 10 Trial Log Prob: -Inf Prob: 0.0 Frac: 0.043560145808019445
Step: 42651 Walker: 47 Trial Log Prob: 375.1766145552705 Prob: 4.901752740438484e-50 Frac: 0.04166282606691861
Step: 42845 Walker: 4 Trial Log Prob: 409.6373116127215 Prob: 1.2471255975499136e-34 Frac: 0.04115723628092124
Number of steps: 43000 Acceptance Rate: 0.04032
Step: 43427 Walker: 17 Trial Log Prob: 472.4301472259739 Prob: 7.495244163634651e-5 Frac: 0.03433879063658113
Step: 43472 Walker: 42 Trial Log Prob: -9142.813575984439 Prob: 0.0 Frac: 0.03437605968124788
Step: 43625 Walker: 37 Trial Log Prob: 402.2105952414874 Prob: 5.9761707858309246e-34 Frac: 0.033453916829401034
Step: 43958 Walker: 5 Trial Log Prob: -231.88314880398025 Prob: 8.113222924378806e-308 Frac: 0.03289102497126737
Number of steps: 44000 Acceptance Rate: 0.03256
Step: 44182 Walker: 3 Trial Log Prob: 410.30947080371436 Prob: 2.2878014939829155e-37 Frac: 0.03578924113553518
Step: 44201 Walker: 13 Trial Log Prob: NaN Prob: NaN Frac: 0.035354039748327175
Step: 44233 Walker: 29 Trial Log Prob: -Inf Prob: 0.0 Frac: 0.03456875053744948
Step: 44258 Walker: 3 Trial Log Prob: 203.31998892691024 Prob: 4.177046381996443e-127 Frac: 0.034777872870147046
Step: 44730 Walker: 9 Trial Log Prob: NaN Prob: NaN Frac: 0.03472393647659014
Number of steps: 45000 Acceptance Rate: 0.03512
Step: 45031 Walker: 43 Trial Log Prob: 442.3682349287763 Prob: 1.3352709168101748e-21 Frac: 0.0440699935191186
Step: 45206 Walker: 29 Trial Log Prob: 463.2266254976722 Prob: 6.496033427865877e-12 Frac: 0.041930148847164124
Step: 45292 Walker: 8 Trial Log Prob: 480.36952689297885 Prob: 2.7636453150068143e-5 Frac: 0.041351834043137796
Step: 45312 Walker: 10 Trial Log Prob: -349.03351541759685 Prob: 0.0 Frac: 0.040424164524421595
Step: 45451 Walker: 26 Trial Log Prob: 477.3333073540775 Prob: 6.642066680753124e-8 Frac: 0.03804492586344668
Step: 45598 Walker: 45 Trial Log Prob: 471.56808704275653 Prob: 1.988118904732958e-8 Frac: 0.03696270279310922
Number of steps: 46000 Acceptance Rate: 0.03544
Step: 46025 Walker: 48 Trial Log Prob: -11787.009569291658 Prob: 0.0 Frac: 0.032852564102564104
Step: 46088 Walker: 12 Trial Log Prob: 353.18977618871 Prob: 6.839681507068017e-63 Frac: 0.035534158642824394
Step: 46210 Walker: 8 Trial Log Prob: 468.4301373033528 Prob: 5.311894752919269e-7 Frac: 0.033084719831707785
Step: 46475 Walker: 18 Trial Log Prob: 475.329742190804 Prob: 0.00041122913710660476 Frac: 0.03069398768867527
Step: 46720 Walker: 43 Trial Log Prob: 411.1788983691362 Prob: 1.0940593238435652e-31 Frac: 0.030617064429194565
Step: 46804 Walker: 41 Trial Log Prob: 364.38521663946165 Prob: 2.0200669039160406e-54 Frac: 0.03100196561419223
Step: 46840 Walker: 41 Trial Log Prob: 405.1864023186285 Prob: 3.757618713958138e-39 Frac: 0.03105427353480508
Number of steps: 47000 Acceptance Rate: 0.03102
Step: 47057 Walker: 42 Trial Log Prob: -Inf Prob: 0.0 Frac: 0.02920478536242083
Step: 47405 Walker: 16 Trial Log Prob: 14.106836046984606 Prob: 2.567501469757931e-200 Frac: 0.03418084685397705
Step: 47469 Walker: 7 Trial Log Prob: -21566.562049157168 Prob: 0.0 Frac: 0.03443414363224676
Step: 47479 Walker: 50 Trial Log Prob: 361.3343234862004 Prob: 3.337606116373253e-57 Frac: 0.03427974947807933
Step: 47511 Walker: 34 Trial Log Prob: 485.0572559397049 Prob: 0.019261763387874144 Frac: 0.034111380903892846
Step: 47679 Walker: 22 Trial Log Prob: -Inf Prob: 0.0 Frac: 0.033724426625788576
Step: 47721 Walker: 23 Trial Log Prob: -Inf Prob: 0.0 Frac: 0.03342309080309802
Step: 47777 Walker: 7 Trial Log Prob: -Inf Prob: 0.0 Frac: 0.03406601901718762
Number of steps: 48000 Acceptance Rate: 0.03344
Step: 48273 Walker: 11 Trial Log Prob: -7401.1433241578625 Prob: 0.0 Frac: 0.029167585041510544
Step: 48422 Walker: 14 Trial Log Prob: 469.4547507186392 Prob: 1.0791569808824049e-5 Frac: 0.029149259399924042
Step: 48431 Walker: 22 Trial Log Prob: 486.05380283736383 Prob: 2.204403950723214e-6 Frac: 0.029040052039773254
Step: 48956 Walker: 17 Trial Log Prob: -522.435240817267 Prob: 0.0 Frac: 0.02832499424288735
Number of steps: 49000 Acceptance Rate: 0.02848
Step: 49421 Walker: 11 Trial Log Prob: 461.32645881577326 Prob: 4.0048232966607114e-11 Frac: 0.03236399980962353
Step: 49742 Walker: 33 Trial Log Prob: 477.55465720134686 Prob: 0.053408997162957265 Frac: 0.032117142626001134
Step: 49838 Walker: 47 Trial Log Prob: NaN Prob: NaN Frac: 0.031744516313817216
Step: 49934 Walker: 6 Trial Log Prob: 481.5792141996748 Prob: 0.0006585039994574708 Frac: 0.03148576817558299
Number of steps: 50000 Acceptance Rate: 0.03126
Burn-in Number (ends): 50000
Independent Sample Size: 305.43023823002034
2274.612589 seconds (101.61 M allocations: 2.021 TiB, 12.69% gc time)
