args = ["Hppp", "10", "30", "fittest", "fromEMB", "10000"]
Testing
INPUTS/tt_10.0sEMB30.0yrs.txt loaded.
Initial parameters: [3.0e-6, 224.70077098850638, 3503.7655647741585, 0.01, 0.01, 3.0e-6, 365.2564269332871, 3624.402689945128, 0.01, 0.01]
Initial chi-square: 6854.921404756895
New initial 2-planet fit: [2.861850742544282e-6, 224.70077531188372, 3503.7655090481426, 0.03432815894361848, 0.006951397129469483, 3.293596940930637e-6, 365.2564330932279, 3624.402610611618, 0.04051559080008173, 0.006448935869139194]
Finished 2-planet fit in 2 iterations.
New 2-planet chi-square: 4911.998508411994
Param: [2.861853821007559e-6, 224.70077531188355, 3503.765509048137, 0.034328155119923515, 0.006951416154433736, 3.2935957183068157e-6, 365.2564330932285, 3624.4026106116307, 0.040515594087824874, 0.0064489206515410125]
 10.577276 seconds (13.79 M allocations: 683.726 MiB, 2.60% gc time)
FITS/fromEMB/p2_fit10.0s30.0yrs.jld2 loaded.
Previous model params: [2.861853821007559e-6, 224.70077531188355, 3503.765509048137, 0.034328155119923515, 0.006951416154433736, 3.2935957183068157e-6, 365.2564330932285, 3624.4026106116307, 0.040515594087824874, 0.0064489206515410125]
Period: 4163.8499999999985 log Prob: -242.4929361390506 Param: [2.4810464815779674e-6, 224.7007772917218, 3503.7654246612306, 0.0023034598182673648, 0.0008790035529861137, 3.059861531900311e-6, 365.2564582301491, 3624.402164885727, 0.015237483791697471, 0.003038490645275331, 0.0007556217694678701, 4163.8499999999985, 717.6713435329357, 0.01545357894670226, -0.04259991547044221]
Period: 4178.73988171474 log Prob: -241.64371377198782 Param: [2.4777185821286633e-6, 224.70077713255904, 3503.7654282303247, 0.002268842320953138, 0.000770056289022402, 3.060428644497502e-6, 365.25645694997706, 3624.4021833876277, 0.015248203555167443, 0.002994075844989714, 0.0007737943454040935, 4178.73988171474, 4867.731629667514, 0.01740629476714161, -0.04165420869246147]
Period: 4193.683009482407 log Prob: -240.97133436696038 Param: [2.474799963362774e-6, 224.7007769738238, 3503.765431831311, 0.002259765869325282, 0.0006732806081328808, 3.061164919858542e-6, 365.2564556305464, 3624.4022026270673, 0.01527821050832703, 0.002954487668173332, 0.0007910694417521343, 4193.683009482407, 660.1003898710305, 0.019119356508912194, -0.0407788534468486]
Period: 4208.6795737103 log Prob: -240.49106765596594 Param: [2.4722926596941335e-6, 224.70077681568876, 3503.765435459526, 0.002274516979040639, 0.0005936642149834444, 3.062071677426416e-6, 365.25645427396137, 3624.402222566282, 0.015325622729490862, 0.002923070981023086, 0.0008073916768355853, 4208.6795737103, 4839.64522560778, 0.020609190608823227, -0.03997406688707775]
Period: 4223.7297654866115 log Prob: -240.2162604832987 Param: [2.4702125667089616e-6, 224.70077665838105, 3503.765439108901, 0.0023130627481104957, 0.0005345318324461091, 3.063159362037657e-6, 365.2564528825458, 3624.4022431625667, 0.015389916068385098, 0.0029017598877166656, 0.0008226555423873577, 4223.7297654866115, 601.5712465948503, 0.021881949647013794, -0.039241170908162815]
Period: 4238.833776582867 log Prob: -240.1575641713883 Param: [2.4685602620584284e-6, 224.70077650208262, 3503.7654427761076, 0.0023743690195900677, 0.0004977713010245116, 3.0644324814260383e-6, 365.2564514592121, 3624.4022643650246, 0.015469847710602086, 0.002891461267919691, 0.0008367953703733924, 4238.833776582867, 571.9173897910869, 0.02294746759737987, -0.038577520356145034]
Period: 4253.991799456354 log Prob: -240.32222300328564 Param: [2.4673456016612356e-6, 224.70077634705552, 3503.7654464552975, 0.0024565872819147295, 0.00048772068025364977, 3.065888717065283e-6, 365.25645000733726, 3624.4022861166413, 0.015563507190873111, 0.002895137370484338, 0.0008497478701202184, 4253.991799456354, 541.9740052526848, 0.0238157432359517, -0.03798412010868276]
Period: 4269.2040272525965 log Prob: -240.71349907266557 Param: [2.4665933458167254e-6, 224.70077619347097, 3503.7654501435163, 0.0025608005512959505, 0.0005048636414490358, 3.067542323193797e-6, 365.2564485304869, 3624.4023083565908, 0.015671411393498154, 0.0029125814430364222, 0.0008614009842688556, 4269.2040272525965, 4780.952479948217, 0.024487415701346504, -0.03746044188831785]
Period: 4284.470653807801 log Prob: -241.33030248507316 Param: [2.4663276714548716e-6, 224.70077604154318, 3503.765453836586, 0.002686933749244528, 0.0005518918188949318, 3.0693988568420925e-6, 365.2564470327869, 3624.4023310164853, 0.015793184415294495, 0.0029454823286538204, 0.0008716613751359939, 4284.470653807801, 4765.697940974652, 0.024965578348687407, -0.03700739006691549]
Period: 4299.791873651329 log Prob: -242.167075103809 Param: [2.4665745123582785e-6, 224.70077589140413, 3503.765457532883, 0.00283565348695962, 0.0006293357392034614, 3.071465879597661e-6, 365.25644551877576, 3624.4023540217972, 0.015929150211334425, 0.0029938579760479278, 0.0008804310968477294, 4299.791873651329, 4750.206683842691, 0.02525068135649787, -0.03662467838579298]
Period: 4315.16788200818 log Prob: -243.21394572380507 Param: [2.4673617924605163e-6, 224.7007757432338, 3503.76546122907, 0.0030065261812136325, 0.0007395619774339992, 3.073740046457436e-6, 365.2564439935903, 3624.4023772898186, 0.01607878383313883, 0.0030593328479515043, 0.0008876267079129859, 4315.16788200818, 4734.461140648288, 0.02534425832324416, -0.036314294950688074]
Period: 4330.598874801472 log Prob: -244.4571409745992 Param: [2.468739367183289e-6, 224.70077559702057, 3503.765464926752, 0.0032032220100227196, 0.0008811252796423086, 3.076243126088939e-6, 365.2564424623111, 3624.4024007373173, 0.016244977082214347, 0.0031403714570594054, 0.00089309528168279, 4330.598874801472, 387.8869652709036, 0.025236881219985154, -0.036076860325191445]
Period: 4346.085048654946 log Prob: -245.87960558831622 Param: [2.470753087146906e-6, 224.70077545283195, 3503.7654686247492, 0.003426516001759625, 0.0010562312662220563, 3.078972410540585e-6, 365.25644093076505, 3624.40242427207, 0.01642830732063268, 0.0032386632758384577, 0.0008967476229823516, 4346.085048654946, 4702.2576038622965, 0.024926678279017497, -0.035916267362792416]
Period: 4361.626600895463 log Prob: -247.46176454900956 Param: [2.473458550048607e-6, 224.70077531059493, 3503.765472325384, 0.0036797001381306945, 0.0012643908909637487, 3.081940253010102e-6, 365.25643940487504, 3624.4024477992493, 0.016631514735494228, 0.003353714132706084, 0.0008984554813239867, 4361.626600895463, 324.1595588130524, 0.024403885119318187, -0.03583494168612546]
Period: 4377.223729555525 log Prob: -249.18235071195608 Param: [2.4769142628831015e-6, 224.70077517013232, 3503.7654760332853, 0.003967379671736132, 0.0015032723895809096, 3.0851639115532626e-6, 365.2564378908146, 3624.4024712190535, 0.016858507946677495, 0.003483602680366804, 0.0008980769079722947, 4377.223729555525, 291.87920623747556, 0.023653630038045888, -0.035834421781183366]
Period: 4392.876633375801 log Prob: -251.0192260280913 Param: [2.4812232230646563e-6, 224.7007750313104, 3503.7654797498253, 0.004294605927017871, 0.0017763305190105286, 3.088658393296759e-6, 365.2564363948732, 3624.4024944334537, 0.017113431059494706, 0.0036312503236552167, 0.0008954698141233667, 4392.876633375801, 4652.160495332083, 0.02266164463908661, -0.035925711888137486]
Period: 4408.5855118076415 log Prob: -252.95013711645788 Param: [2.4864517520075536e-6, 224.70077489379236, 3503.7654834825753, 0.004667340981885329, 0.0020799943874804457, 3.092443868305328e-6, 365.25643492357653, 3624.4025173372625, 0.01740146818401718, 0.003794044665102017, 0.0008905197868540488, 4408.5855118076415, 4634.997990919074, 0.02140902071375846, -0.03611081843054665]
Period: 4424.350565015643 log Prob: -254.9533649959432 Param: [2.4927032079795557e-6, 224.70077475726373, 3503.7654872368016, 0.00509320294220418, 0.0024142858137703414, 3.0965483156897257e-6, 365.25643348343027, 3624.402539827475, 0.01772906575956666, 0.003972351677870028, 0.000883090189464339, 4424.350565015643, 4617.610639800783, 0.019871374256192394, -0.03639855126533992]
Period: 4440.171993880186 log Prob: -257.0082476551693 Param: [2.500103893719634e-6, 224.70077462127998, 3503.765491020209, 0.0055830201655642595, 0.0027778941227995604, 3.1010186501787787e-6, 365.25643208079856, 3624.402561802487, 0.01810529945129, 0.004165525593050726, 0.000873024878570802, 4440.171993880186, 4600.007410019981, 0.018014971580582826, -0.03679893412823159]
Period: 4456.049999999999 log Prob: -259.09557095024763 Param: [2.5087915914652147e-6, 224.70077448534016, 3503.765494841071, 0.006149357625458231, 0.003168751385573644, 3.1059116766349454e-6, 365.2564307219621, 3624.4025831616414, 0.018540688380818612, 0.004372493831614269, 0.0008601889852898929, 4456.049999999999, 4582.20039529048, 0.015800781126701705, -0.03732340311051116]
Finished 3-planet fit w/ fixed period: [2.4685602620584284e-6, 224.70077650208262, 3503.7654427761076, 0.0023743690195900677, 0.0004977713010245116, 3.0644324814260383e-6, 365.2564514592121, 3624.4022643650246, 0.015469847710602086, 0.002891461267919691, 0.0008367953703733924, 4238.833776582867, 571.9173897910869, 0.02294746759737987, -0.038577520356145034] in 1469 iterations
Finished global 3-planet fit.
New 3-planet chi-square: 472.35482290003574
Maximum: -240.15148741741046 Param: [2.4689031295070394e-6, 224.70077653847625, 3503.7654419186397, 0.0023577181875855478, 0.0005040997260187956, 3.064116156954778e-6, 365.25645179436833, 3624.40225936117, 0.015449577886331993, 0.0028927332734685787, 0.0008336077905300284, 4235.301310797623, 578.8682147028239, 0.022718124812844596, -0.038725774988576434]
120.789587 seconds (53.65 M allocations: 5.945 GiB, 1.27% gc time)
FITS/fromEMB/p3_fit10.0s30.0yrs.jld2 loaded.
Previous model params: [2.4689031295070394e-6, 224.70077653847625, 3503.7654419186397, 0.0023577181875855478, 0.0005040997260187956, 3.064116156954778e-6, 365.25645179436833, 3624.40225936117, 0.015449577886331993, 0.0028927332734685787, 0.0008336077905300284, 4235.301310797623, 578.8682147028239, 0.022718124812844596, -0.038725774988576434]
Finished 4-planet fit w/ fixed period: [2.3626811062470292e-6, 224.7007746602838, 3503.7655052582236, 0.001132290654430777, -0.0003621073411841816, 3.0448787578086363e-6, 365.25645437450703, 3624.402229784466, 0.013967357414845269, 0.002572807971260217, 3.094407277355195e-7, 691.0366813358056, 372.725722740389, -0.09736305549496199, -0.08394261064278523, 0.0009709628685592049, 4338.364212889255, 373.13302924685206, 0.029343515823069145, -0.03400475674406466] in 2 iterations
Finished global 4-planet fit.
New 4-planet chi-square: 207.44145640875695
Maximum: -208.05911732085775 Param: [2.3819569167998636e-6, 224.70077354978108, 3503.765504823263, -0.0023606852819259743, 0.0004836154104303584, 3.0135301023966263e-6, 365.25645693141615, 3624.402177885988, 0.011219384773016665, 0.003517536652846639, 2.871127983162165e-7, 687.5970489955326, 397.5169257799011, -0.08715970483088563, -0.12817493334460817, 0.0010571023084155254, 4344.937688501639, 337.71524929949715, 0.030466672178892446, -0.038217165884830664]
1178.372923 seconds (300.59 M allocations: 39.599 GiB, 0.85% gc time)
FITS/fromEMB/p4_fit10.0s30.0yrs.jld2 loaded.
Previous model params: [2.3819569167998636e-6, 224.70077354978108, 3503.765504823263, -0.0023606852819259743, 0.0004836154104303584, 3.0135301023966263e-6, 365.25645693141615, 3624.402177885988, 0.011219384773016665, 0.003517536652846639, 2.871127983162165e-7, 687.5970489955326, 397.5169257799011, -0.08715970483088563, -0.12817493334460817, 0.0010571023084155254, 4344.937688501639, 337.71524929949715, 0.030466672178892446, -0.038217165884830664]
Finished 5-planet fit w/ fixed period: [2.3680689516776128e-6, 224.70077879757278, 3503.7653836150625, -0.0049702166124870285, 0.0011878407460217742, 3.0007256374119067e-6, 365.2564711908112, 3624.4019444536393, 0.009080166855157515, 0.004149353285706288, 4.059981868551763e-7, 688.0928683558212, 397.38260612707046, -0.057146169268221504, -0.09570160378526117, 0.0011054804134654635, 4330.706404828973, 363.4883313572813, 0.031060296237700805, -0.036911493952604374, 0.0015786864205516848, 10665.300000000007, 2562.180179420013, 0.07728056281944803, 0.019220572975860137]
Finished global 5-planet fit.
New 5-planet chi-square: 187.20822986195574
Maximum: -204.05663951458297 Param: [2.3693928445213962e-6, 224.70077548798957, 3503.76545615212, -0.005123438237152488, 0.00294054465671956, 3.001831998340644e-6, 365.25646404597325, 3624.402065730773, 0.009107784268443962, 0.0055193471879247, 3.5320864476009606e-7, 687.4566343218197, 401.6157901682339, -0.08037879246526765, -0.11453210042468026, 0.0011132260443620172, 4330.636375809114, 364.25081811609823, 0.030546714666767425, -0.03092984111628122, 0.0011685768248833857, 8944.484980778123, 3581.210168664966, 0.08418476632602176, 0.014416568512728838]
 13.436386 seconds (4.72 M allocations: 513.732 MiB, 1.03% gc time)
