args = ["mcmc", "120.0", "15", "ppp"]
Parameters from fit: [5.236067036595952e-6, 224.70073859741464, 2.43350376891551e6, -0.03844722077228314, 0.015302719155678957, 2.1559692243211914e-6, 365.25648012859773, 2.4336244074114216e6, -0.005458071968037547, -0.0029974438790636364, 0.00151378072272218, 3338.8797480297667, 2.4352249049952244e6, 0.07542788156504732, -0.00598951803874959]
Maximum log Prob from fit: -70.31078335767026
Step: 288 Walker: 41 Trial Log Prob: 257.5894106351433 Prob: 1.835853972427311 Frac: 0.3201306372038079
Step: 351 Walker: 28 Trial Log Prob: 254.01014287554364 Prob: 1.0053514850161356 Frac: 0.32125741670470104
Step: 768 Walker: 39 Trial Log Prob: 256.91510132309116 Prob: 0.0002411437901042992 Frac: 0.31787751699705646
Step: 921 Walker: 48 Trial Log Prob: 253.70859438081348 Prob: 0.19990518361369053 Frac: 0.31469336344683807
Number of steps: 1000 Acceptance Rate: 0.31246
Step: 1776 Walker: 50 Trial Log Prob: 233.65743176779785 Prob: 0.06721437694526149 Frac: 0.2577577319587629
Step: 1977 Walker: 10 Trial Log Prob: -Inf Prob: 0.0 Frac: 0.2544560540872772
Number of steps: 2000 Acceptance Rate: 0.25418
Step: 2053 Walker: 17 Trial Log Prob: 245.192367139136 Prob: 0.1278964185888766 Frac: 0.2296522735957203
Step: 2312 Walker: 44 Trial Log Prob: -Inf Prob: 0.0 Frac: 0.2168782865204566
Step: 2410 Walker: 25 Trial Log Prob: 202.638757923443 Prob: 2.386159923873605e-17 Frac: 0.21665445665445665
Number of steps: 3000 Acceptance Rate: 0.1959
Step: 3212 Walker: 17 Trial Log Prob: -Inf Prob: 0.0 Frac: 0.16097283997350242
Step: 3222 Walker: 50 Trial Log Prob: 242.11343077437007 Prob: 0.006705131656052298 Frac: 0.1608108108108108
Step: 3234 Walker: 50 Trial Log Prob: 247.68476733476615 Prob: 0.28297480669702724 Frac: 0.16213675213675213
Step: 3261 Walker: 3 Trial Log Prob: 190.28059684856012 Prob: 1.4088768474648777e-19 Frac: 0.1621933399984619
Step: 3328 Walker: 2 Trial Log Prob: -Inf Prob: 0.0 Frac: 0.16346624266144813
Step: 3476 Walker: 16 Trial Log Prob: 240.98599946417028 Prob: 1.010739185243088 Frac: 0.16275351342253638
Step: 3868 Walker: 39 Trial Log Prob: 236.69360448631687 Prob: 1.4355792044877496 Frac: 0.16146949687708867
Number of steps: 4000 Acceptance Rate: 0.16044
Step: 4117 Walker: 38 Trial Log Prob: 247.30782890785616 Prob: 9.887422652169763e-6 Frac: 0.1642685851318945
Step: 4498 Walker: 14 Trial Log Prob: 230.50941683911816 Prob: 0.001363684853814467 Frac: 0.1640926640926641
Step: 4527 Walker: 23 Trial Log Prob: 223.99622533135576 Prob: 5.408419132192811e-17 Frac: 0.16331725107320594
Step: 4575 Walker: 2 Trial Log Prob: 232.27430326398954 Prob: 1.4834033158395068 Frac: 0.16392585882516897
Step: 4889 Walker: 19 Trial Log Prob: -Inf Prob: 0.0 Frac: 0.16384880343996938
Number of steps: 5000 Acceptance Rate: 0.16398
Step: 5094 Walker: 42 Trial Log Prob: 87.49733982370022 Prob: 4.184204352239949e-68 Frac: 0.16666666666666666
Step: 5451 Walker: 1 Trial Log Prob: 235.78710856218456 Prob: 0.8531692577563126 Frac: 0.15417092573663393
Number of steps: 6000 Acceptance Rate: 0.1476
Step: 6495 Walker: 13 Trial Log Prob: 239.2328603705381 Prob: 0.02028531619956579 Frac: 0.1341803908873872
Step: 6577 Walker: 3 Trial Log Prob: 190.07826254032884 Prob: 2.197672254985993e-20 Frac: 0.13179182724021804
Step: 6600 Walker: 17 Trial Log Prob: 244.96705474728458 Prob: 0.2734397421638667 Frac: 0.13077718824039777
Step: 6705 Walker: 24 Trial Log Prob: 244.3432616230184 Prob: 2.487497504798134 Frac: 0.1301101521689757
Step: 6770 Walker: 17 Trial Log Prob: 248.03276569623756 Prob: 11.27417428962909 Frac: 0.12946161645046403
Step: 6834 Walker: 46 Trial Log Prob: 225.95673975170234 Prob: 0.0012392621147665835 Frac: 0.13027628549501152
Step: 6856 Walker: 5 Trial Log Prob: 233.5970605842549 Prob: 0.2160442752655504 Frac: 0.1309788328850427
Number of steps: 7000 Acceptance Rate: 0.13116
Step: 7136 Walker: 19 Trial Log Prob: 235.2947022675226 Prob: 1.789367745354564 Frac: 0.1360614566405673
Step: 7635 Walker: 6 Trial Log Prob: 239.61393146343576 Prob: 14.130979136931149 Frac: 0.13909039298555478
Step: 7745 Walker: 16 Trial Log Prob: 226.7695738775229 Prob: 0.12582618984371605 Frac: 0.14004729148753225
Number of steps: 8000 Acceptance Rate: 0.14304
Step: 8876 Walker: 38 Trial Log Prob: 238.56766329971063 Prob: 0.002324012124996876 Frac: 0.15563624737370968
Number of steps: 9000 Acceptance Rate: 0.15588
Step: 9190 Walker: 11 Trial Log Prob: 201.44103985656636 Prob: 2.624990822855999e-13 Frac: 0.15991967022513476
Step: 9207 Walker: 10 Trial Log Prob: 143.73873278681506 Prob: 3.013912892728679e-41 Frac: 0.15984481086323957
Step: 9405 Walker: 46 Trial Log Prob: -Inf Prob: 0.0 Frac: 0.15652474562876617
Step: 9465 Walker: 37 Trial Log Prob: 241.33780164601703 Prob: 0.03216095528982219 Frac: 0.1549253345956879
Number of steps: 10000 Acceptance Rate: 0.14746
Step: 10097 Walker: 17 Trial Log Prob: 233.967281446429 Prob: 0.10333861299110907 Frac: 0.1550757733028856
Step: 10190 Walker: 48 Trial Log Prob: 245.94193839465552 Prob: 4.626245983971332e-5 Frac: 0.15224257738471256
Step: 10232 Walker: 18 Trial Log Prob: 246.21533622055765 Prob: 0.10335537718214022 Frac: 0.1542185338865837
Step: 10493 Walker: 44 Trial Log Prob: 245.47848036660454 Prob: 1.5778232777482752 Frac: 0.1516799220905697
Step: 10829 Walker: 34 Trial Log Prob: 212.67322374427457 Prob: 6.22215395202598e-6 Frac: 0.15122845971907128
Number of steps: 11000 Acceptance Rate: 0.149
Step: 11318 Walker: 27 Trial Log Prob: -Inf Prob: 0.0 Frac: 0.14612332304591547
Step: 11793 Walker: 13 Trial Log Prob: 239.63773148047665 Prob: 0.9496729148612584 Frac: 0.13659657183247922
Number of steps: 12000 Acceptance Rate: 0.13458
Step: 12112 Walker: 20 Trial Log Prob: 249.48275235844048 Prob: 5.162092329983393 Frac: 0.1290843806104129
Step: 12115 Walker: 37 Trial Log Prob: -Inf Prob: 0.0 Frac: 0.12881296845040963
Step: 12679 Walker: 16 Trial Log Prob: -Inf Prob: 0.0 Frac: 0.13247434839014036
Number of steps: 13000 Acceptance Rate: 0.12874
Step: 13221 Walker: 48 Trial Log Prob: 240.2394840012049 Prob: 3.1974406425407654e-5 Frac: 0.12545257060101375
Step: 13379 Walker: 46 Trial Log Prob: 243.07712399338334 Prob: 0.1514280752715063 Frac: 0.11886414018790246
Step: 13491 Walker: 46 Trial Log Prob: 239.61318828453017 Prob: 0.10078418280108135 Frac: 0.1164344496048236
Step: 13588 Walker: 24 Trial Log Prob: 242.1937140519768 Prob: 0.6296738691791027 Frac: 0.11496561585075236
Step: 13779 Walker: 48 Trial Log Prob: 232.9233044046629 Prob: 2.5924981231560733 Frac: 0.11499948649481359
Step: 13873 Walker: 16 Trial Log Prob: 238.47976579751992 Prob: 0.8944764831874444 Frac: 0.11371973587674249
Step: 13875 Walker: 29 Trial Log Prob: 242.79593748537616 Prob: 6.831257526219515 Frac: 0.11379176290333645
Step: 13912 Walker: 41 Trial Log Prob: 224.93971413650644 Prob: 2.0353988617862796e-7 Frac: 0.11388212585817377
Number of steps: 14000 Acceptance Rate: 0.1134
Step: 14241 Walker: 47 Trial Log Prob: -Inf Prob: 0.0 Frac: 0.12052793226529426
Step: 14383 Walker: 14 Trial Log Prob: 227.74708152052662 Prob: 0.00033148188962895574 Frac: 0.1289107460500157
Step: 14396 Walker: 11 Trial Log Prob: 240.09006016329096 Prob: 0.05694781662828176 Frac: 0.12894084307474318
Step: 14659 Walker: 40 Trial Log Prob: 241.65200095779085 Prob: 5.410544081164888 Frac: 0.12853673345476624
Step: 14777 Walker: 14 Trial Log Prob: 234.30866004549432 Prob: 0.010027001915186852 Frac: 0.1299015819034369
Number of steps: 15000 Acceptance Rate: 0.1308
Step: 15642 Walker: 34 Trial Log Prob: 230.3012432458312 Prob: 0.0028139313250340574 Frac: 0.1400074803640444
Number of steps: 16000 Acceptance Rate: 0.13646
Step: 16046 Walker: 4 Trial Log Prob: 241.37097759373705 Prob: 0.18997959383710775 Frac: 0.12999112688553682
Step: 16064 Walker: 42 Trial Log Prob: -Inf Prob: 0.0 Frac: 0.13690476190476192
Step: 16153 Walker: 19 Trial Log Prob: -Inf Prob: 0.0 Frac: 0.13216957605985039
Step: 16617 Walker: 25 Trial Log Prob: 70.3346941544887 Prob: 1.3519377567689817e-74 Frac: 0.11419302514193025
Step: 16619 Walker: 12 Trial Log Prob: 247.24203745862053 Prob: 0.0014022127899385032 Frac: 0.1142274844720497
Step: 16698 Walker: 22 Trial Log Prob: 241.80984977898407 Prob: 0.040402600718232894 Frac: 0.11341477403074099
Step: 16802 Walker: 38 Trial Log Prob: 240.92422944045737 Prob: 0.9826782123150188 Frac: 0.11245260427060468
Number of steps: 17000 Acceptance Rate: 0.11352
Step: 17240 Walker: 21 Trial Log Prob: -Inf Prob: 0.0 Frac: 0.1051708295046362
Step: 17279 Walker: 15 Trial Log Prob: 154.79348247755664 Prob: 4.838159145997906e-38 Frac: 0.10592885375494071
Step: 17418 Walker: 39 Trial Log Prob: 246.8817597769311 Prob: 7.555694192324901 Frac: 0.10177605438268945
Step: 17550 Walker: 22 Trial Log Prob: 215.53537861125557 Prob: 5.08941608087296e-8 Frac: 0.10017472335468841
Step: 17567 Walker: 38 Trial Log Prob: 238.78943271785624 Prob: 0.0798063779001302 Frac: 0.10000705766109111
Step: 17573 Walker: 49 Trial Log Prob: NaN Prob: NaN Frac: 0.09975915389716919
Step: 17599 Walker: 47 Trial Log Prob: -Inf Prob: 0.0 Frac: 0.09897485557818814
Step: 17919 Walker: 47 Trial Log Prob: -Inf Prob: 0.0 Frac: 0.09323786101377675
Step: 17963 Walker: 8 Trial Log Prob: -Inf Prob: 0.0 Frac: 0.0927704331919847
Number of steps: 18000 Acceptance Rate: 0.09234
Step: 18142 Walker: 22 Trial Log Prob: -Inf Prob: 0.0 Frac: 0.08328619909502262
Step: 18314 Walker: 48 Trial Log Prob: 191.55865913418432 Prob: 8.66349625618011e-27 Frac: 0.0761880494330488
Number of steps: 19000 Acceptance Rate: 0.06628
Step: 19570 Walker: 37 Trial Log Prob: 174.80780573170748 Prob: 5.364507787717369e-25 Frac: 0.07269982799171552
Step: 19655 Walker: 11 Trial Log Prob: 242.8418417622105 Prob: 0.11997783743450344 Frac: 0.07376723426370334
Step: 19704 Walker: 25 Trial Log Prob: -Inf Prob: 0.0 Frac: 0.07346126510305614
Number of steps: 20000 Acceptance Rate: 0.0721
Step: 20186 Walker: 44 Trial Log Prob: -669.577118186068 Prob: 0.0 Frac: 0.05401334194103723
Step: 20296 Walker: 46 Trial Log Prob: -3203.4190874966803 Prob: 0.0 Frac: 0.04940524466071911
Step: 20378 Walker: 18 Trial Log Prob: NaN Prob: NaN Frac: 0.04796480814076744
Step: 20762 Walker: 10 Trial Log Prob: -6.10566182432925 Prob: 2.4170741128168463e-108 Frac: 0.050367840252233315
Step: 20792 Walker: 4 Trial Log Prob: NaN Prob: NaN Frac: 0.05036153107144663
Step: 20855 Walker: 37 Trial Log Prob: 231.31910216324775 Prob: 2.638497174484129e-8 Frac: 0.050284296979198354
Number of steps: 21000 Acceptance Rate: 0.04948
Step: 21026 Walker: 29 Trial Log Prob: NaN Prob: NaN Frac: 0.05394839718530102
Step: 21158 Walker: 9 Trial Log Prob: 29.575544456589142 Prob: 5.387041497272028e-89 Frac: 0.05127878864995546
Step: 21716 Walker: 1 Trial Log Prob: 186.53863684239658 Prob: 6.4548812212875615e-25 Frac: 0.049033593465917034
Step: 21770 Walker: 43 Trial Log Prob: -539.7799217933523 Prob: 0.0 Frac: 0.04787883511287767
Step: 21878 Walker: 28 Trial Log Prob: 238.1724045043753 Prob: 1.2161342805384967e-6 Frac: 0.04642417612470942
Number of steps: 22000 Acceptance Rate: 0.04416
Step: 22244 Walker: 46 Trial Log Prob: -Inf Prob: 0.0 Frac: 0.037717284355526404
Step: 22474 Walker: 14 Trial Log Prob: -675.8414843213914 Prob: 0.0 Frac: 0.03989181879648411
Step: 22518 Walker: 19 Trial Log Prob: -Inf Prob: 0.0 Frac: 0.039158838764544436
Step: 22656 Walker: 16 Trial Log Prob: -2054.982150644776 Prob: 0.0 Frac: 0.039736312030763596
Step: 22969 Walker: 13 Trial Log Prob: 220.9324544631558 Prob: 1.423328116900604e-10 Frac: 0.0419928531592754
Number of steps: 23000 Acceptance Rate: 0.04186
Step: 23236 Walker: 23 Trial Log Prob: -Inf Prob: 0.0 Frac: 0.037543531810073895
Step: 23253 Walker: 25 Trial Log Prob: -15470.544281280625 Prob: 0.0 Frac: 0.03754455445544554
Step: 23344 Walker: 3 Trial Log Prob: -Inf Prob: 0.0 Frac: 0.03818574010377194
Step: 23560 Walker: 33 Trial Log Prob: -Inf Prob: 0.0 Frac: 0.03748704570632169
Step: 23749 Walker: 12 Trial Log Prob: -Inf Prob: 0.0 Frac: 0.03744787768630386
Number of steps: 24000 Acceptance Rate: 0.03696
Step: 24102 Walker: 2 Trial Log Prob: 179.1183926543687 Prob: 2.5672831700715183e-28 Frac: 0.0344418052256532
Step: 24151 Walker: 25 Trial Log Prob: -1024.6926187495685 Prob: 0.0 Frac: 0.03495016611295681
Step: 24215 Walker: 19 Trial Log Prob: -Inf Prob: 0.0 Frac: 0.03582423733557235
Step: 24240 Walker: 45 Trial Log Prob: 242.28953849117914 Prob: 0.8292796669883895 Frac: 0.0370154230929554
Step: 24329 Walker: 17 Trial Log Prob: -Inf Prob: 0.0 Frac: 0.03654748126941585
Step: 24469 Walker: 45 Trial Log Prob: 236.0120834060869 Prob: 5.276735389911444e-6 Frac: 0.03514608658562593
Step: 24635 Walker: 7 Trial Log Prob: 238.09030443167907 Prob: 0.2813372258345 Frac: 0.0327687892263538
Step: 24646 Walker: 50 Trial Log Prob: 225.0606640852854 Prob: 1.9513318780813025e-13 Frac: 0.03281733746130031
Step: 24831 Walker: 47 Trial Log Prob: 133.66646014364179 Prob: 1.432266188330691e-51 Frac: 0.030976965845909452
Number of steps: 25000 Acceptance Rate: 0.03044
Step: 25333 Walker: 16 Trial Log Prob: -1240.0672993659182 Prob: 0.0 Frac: 0.030512758786711603
Step: 25540 Walker: 24 Trial Log Prob: NaN Prob: NaN Frac: 0.029769407577667384
Step: 25589 Walker: 1 Trial Log Prob: 234.96257047127762 Prob: 7.125656646778528e-8 Frac: 0.030203054317880344
Step: 25613 Walker: 42 Trial Log Prob: -Inf Prob: 0.0 Frac: 0.030154689641668297
Step: 25638 Walker: 49 Trial Log Prob: -861.615431421708 Prob: 0.0 Frac: 0.029906893633029247
Step: 25790 Walker: 41 Trial Log Prob: 196.45468173128913 Prob: 1.0274080988731675e-23 Frac: 0.02927249246663797
Number of steps: 26000 Acceptance Rate: 0.02838
Step: 26184 Walker: 37 Trial Log Prob: -110397.2342779569 Prob: 0.0 Frac: 0.023729182540546425
Step: 26269 Walker: 40 Trial Log Prob: 145.99625815889982 Prob: 6.634554945929262e-49 Frac: 0.02462797619047619
Step: 26330 Walker: 3 Trial Log Prob: -Inf Prob: 0.0 Frac: 0.024919467574302558
Step: 26519 Walker: 24 Trial Log Prob: -Inf Prob: 0.0 Frac: 0.026693411510569358
Step: 26625 Walker: 49 Trial Log Prob: -Inf Prob: 0.0 Frac: 0.026816858139460463
Step: 26701 Walker: 16 Trial Log Prob: -1278.0323782402106 Prob: 0.0 Frac: 0.027244688142563398
Step: 26784 Walker: 12 Trial Log Prob: 213.56408374567482 Prob: 8.988052208999129e-17 Frac: 0.02773096368929064
Step: 26954 Walker: 26 Trial Log Prob: 238.73809871781532 Prob: 0.0001858016573796584 Frac: 0.02810638476382247
Step: 26982 Walker: 12 Trial Log Prob: 247.24038936261616 Prob: 0.01449263186721928 Frac: 0.028209204679792915
Number of steps: 27000 Acceptance Rate: 0.02826
Step: 27127 Walker: 22 Trial Log Prob: -Inf Prob: 0.0 Frac: 0.029737424865548878
Step: 27209 Walker: 22 Trial Log Prob: -Inf Prob: 0.0 Frac: 0.03070427940894262
Step: 27259 Walker: 44 Trial Log Prob: 237.72095339985057 Prob: 0.021106092985475864 Frac: 0.031288627935723116
Step: 27396 Walker: 5 Trial Log Prob: -Inf Prob: 0.0 Frac: 0.03052391799544419
Step: 27918 Walker: 43 Trial Log Prob: 233.3800668016991 Prob: 0.0006855716196040834 Frac: 0.02828318044146166
Number of steps: 28000 Acceptance Rate: 0.0275
Step: 28065 Walker: 43 Trial Log Prob: 236.39695944802065 Prob: 0.00022426286480833847 Frac: 0.021584952204748688
Step: 28320 Walker: 11 Trial Log Prob: 224.98251401104037 Prob: 9.433728080495096e-9 Frac: 0.024622517386128688
Step: 28384 Walker: 8 Trial Log Prob: 226.20761204341028 Prob: 8.446875318668696e-12 Frac: 0.02468942478338031
Step: 28770 Walker: 10 Trial Log Prob: -Inf Prob: 0.0 Frac: 0.02449297971918877
Number of steps: 29000 Acceptance Rate: 0.02436
Step: 29044 Walker: 44 Trial Log Prob: -Inf Prob: 0.0 Frac: 0.018231540565177756
Step: 29100 Walker: 24 Trial Log Prob: -9.430828683916044 Prob: 1.7422382675344202e-108 Frac: 0.02010454362685967
Step: 29185 Walker: 23 Trial Log Prob: -Inf Prob: 0.0 Frac: 0.021901767320828363
Step: 29543 Walker: 37 Trial Log Prob: -11384.644562066098 Prob: 0.0 Frac: 0.025058038839960203
Step: 29908 Walker: 10 Trial Log Prob: 56.36445626505972 Prob: 3.2186584589179532e-80 Frac: 0.026058201058201058
Number of steps: 30000 Acceptance Rate: 0.02564
Step: 30218 Walker: 26 Trial Log Prob: -91.90448847676497 Prob: 5.484030336340218e-146 Frac: 0.02556086796616403
Step: 30224 Walker: 5 Trial Log Prob: -Inf Prob: 0.0 Frac: 0.025459435230838188
Step: 30308 Walker: 22 Trial Log Prob: -56661.290504438 Prob: 0.0 Frac: 0.023809523809523808
Step: 30704 Walker: 45 Trial Log Prob: -796.4284496901951 Prob: 0.0 Frac: 0.02423639721551357
Step: 30803 Walker: 33 Trial Log Prob: 238.50987503193286 Prob: 0.6451658840285225 Frac: 0.02481748187277303
Number of steps: 31000 Acceptance Rate: 0.02494
Step: 31075 Walker: 10 Trial Log Prob: -Inf Prob: 0.0 Frac: 0.022911051212938006
Step: 31193 Walker: 7 Trial Log Prob: -480.7927038280501 Prob: 1.0907201872704e-310 Frac: 0.023524513375663577
Step: 31198 Walker: 26 Trial Log Prob: 239.3172943839355 Prob: 9.298473097443025e-5 Frac: 0.024098825435398947
Step: 31258 Walker: 37 Trial Log Prob: -945.7548083981353 Prob: 0.0 Frac: 0.026227981686971366
Step: 31515 Walker: 42 Trial Log Prob: 111.91580723170433 Prob: 1.1906581851752167e-58 Frac: 0.025639033486131613
Step: 31570 Walker: 8 Trial Log Prob: -Inf Prob: 0.0 Frac: 0.025792395811371143
Step: 31576 Walker: 1 Trial Log Prob: -179.1703226770365 Prob: 5.851486278260205e-184 Frac: 0.02580779798963514
Step: 31627 Walker: 22 Trial Log Prob: -2206.082381511397 Prob: 0.0 Frac: 0.025541153183066215
Step: 31674 Walker: 8 Trial Log Prob: -Inf Prob: 0.0 Frac: 0.0248677877473409
Step: 31695 Walker: 26 Trial Log Prob: -Inf Prob: 0.0 Frac: 0.024621321200253413
Number of steps: 32000 Acceptance Rate: 0.02368
Step: 32019 Walker: 49 Trial Log Prob: -897.6414210079195 Prob: 0.0 Frac: 0.01791359325605901
Step: 32317 Walker: 33 Trial Log Prob: 245.63314515418392 Prob: 0.07524570362741793 Frac: 0.01730562748689446
Step: 32789 Walker: 28 Trial Log Prob: -769.5053500287693 Prob: 0.0 Frac: 0.01770315511819012
Step: 32834 Walker: 20 Trial Log Prob: 233.96793277154563 Prob: 1.2770101689667176e-8 Frac: 0.01749460043196544
Step: 32939 Walker: 17 Trial Log Prob: -Inf Prob: 0.0 Frac: 0.017307159451797855
Number of steps: 33000 Acceptance Rate: 0.01746
Step: 33100 Walker: 6 Trial Log Prob: 231.32277731248465 Prob: 1.732082448865707e-9 Frac: 0.021388216303470542
Step: 33145 Walker: 17 Trial Log Prob: 176.52763174976695 Prob: 2.758720866282536e-31 Frac: 0.021061382846057918
Step: 33194 Walker: 3 Trial Log Prob: -257.28586643032685 Prob: 3.850518532810761e-216 Frac: 0.020926136952242828
Step: 33333 Walker: 47 Trial Log Prob: -1410.481234556502 Prob: 0.0 Frac: 0.019523037183876976
Step: 33432 Walker: 9 Trial Log Prob: -Inf Prob: 0.0 Frac: 0.01943503873092444
Step: 33487 Walker: 30 Trial Log Prob: 244.20531051359907 Prob: 2.6548427697091874 Frac: 0.019317714755445952
Step: 33544 Walker: 31 Trial Log Prob: 3.396316601501664 Prob: 5.783699094139115e-107 Frac: 0.019351753062801222
Step: 33634 Walker: 20 Trial Log Prob: 58.22330686539414 Prob: 5.402059100201205e-85 Frac: 0.019261130407325546
Step: 33982 Walker: 9 Trial Log Prob: -1759.8669544607983 Prob: 0.0 Frac: 0.01932367149758454
Number of steps: 34000 Acceptance Rate: 0.01926
Step: 34463 Walker: 4 Trial Log Prob: NaN Prob: NaN Frac: 0.018092105263157895
Step: 34524 Walker: 19 Trial Log Prob: 87.17786965847515 Prob: 9.34053381895348e-75 Frac: 0.01811303450647713
Step: 34645 Walker: 25 Trial Log Prob: 224.01601191256955 Prob: 2.3528025166831997e-13 Frac: 0.017408844065166795
Step: 34881 Walker: 15 Trial Log Prob: -3547.1292765593225 Prob: 0.0 Frac: 0.016607974554129275
Number of steps: 35000 Acceptance Rate: 0.01668
Step: 35018 Walker: 49 Trial Log Prob: -283.43036276311295 Prob: 4.0017344896103926e-226 Frac: 0.01668520578420467
Step: 35273 Walker: 13 Trial Log Prob: 250.32123442590205 Prob: 0.021035856652968487 Frac: 0.016822155292734887
Step: 35396 Walker: 44 Trial Log Prob: 215.17330667328926 Prob: 2.4040917879232293e-16 Frac: 0.01611599474588259
Number of steps: 36000 Acceptance Rate: 0.01614
Step: 36423 Walker: 9 Trial Log Prob: -1459.0854470771728 Prob: 0.0 Frac: 0.017528068596333317
Step: 36479 Walker: 22 Trial Log Prob: -647.7053307449091 Prob: 0.0 Frac: 0.017515257921578462
Step: 36742 Walker: 36 Trial Log Prob: -Inf Prob: 0.0 Frac: 0.0168796850563555
Step: 36976 Walker: 8 Trial Log Prob: -Inf Prob: 0.0 Frac: 0.016161450428647608
Step: 36982 Walker: 2 Trial Log Prob: -Inf Prob: 0.0 Frac: 0.016166517165457066
Step: 36983 Walker: 13 Trial Log Prob: -134.6694556949357 Prob: 1.3747975207979526e-169 Frac: 0.016207521430171238
Number of steps: 37000 Acceptance Rate: 0.0162
Step: 37190 Walker: 32 Trial Log Prob: 161.18155675295213 Prob: 6.277827007927896e-37 Frac: 0.014132039654081418
Step: 37733 Walker: 41 Trial Log Prob: 160.41443021166108 Prob: 1.3160245535783568e-35 Frac: 0.016129472448896044
Step: 37901 Walker: 38 Trial Log Prob: -292.286076057235 Prob: 7.457782410794057e-236 Frac: 0.016830232248323636
Step: 37992 Walker: 23 Trial Log Prob: -56.898426751082496 Prob: 3.192763634722394e-140 Frac: 0.017085913703023824
Number of steps: 38000 Acceptance Rate: 0.0171
Step: 38095 Walker: 14 Trial Log Prob: NaN Prob: NaN Frac: 0.022486211285532458
Step: 38103 Walker: 20 Trial Log Prob: 207.71537818406753 Prob: 2.949061638397795e-22 Frac: 0.0220703125
Step: 38160 Walker: 11 Trial Log Prob: NaN Prob: NaN Frac: 0.02072603944228112
Step: 38161 Walker: 45 Trial Log Prob: -Inf Prob: 0.0 Frac: 0.020633934120571785
Step: 38193 Walker: 12 Trial Log Prob: 180.1301456075606 Prob: 7.482770070119056e-31 Frac: 0.022367873491468997
Step: 38232 Walker: 31 Trial Log Prob: 244.10533385425555 Prob: 1.877230164773878e-5 Frac: 0.022364217252396165
Step: 38322 Walker: 20 Trial Log Prob: 246.60685995343243 Prob: 0.10898554381723836 Frac: 0.021468574984443062
Step: 38652 Walker: 39 Trial Log Prob: -12829.89038719583 Prob: 0.0 Frac: 0.020037435944643897
Step: 38867 Walker: 46 Trial Log Prob: 62.21731956914716 Prob: 1.8594390628544127e-82 Frac: 0.02007105615281687
Step: 38877 Walker: 16 Trial Log Prob: -10507.51694559675 Prob: 0.0 Frac: 0.02008398758444404
Step: 38877 Walker: 24 Trial Log Prob: -1885.1903115797916 Prob: 0.0 Frac: 0.020080321285140562
Number of steps: 39000 Acceptance Rate: 0.02028
Step: 39232 Walker: 19 Trial Log Prob: -922.7454953670036 Prob: 0.0 Frac: 0.020399343072002765
Step: 39263 Walker: 23 Trial Log Prob: -Inf Prob: 0.0 Frac: 0.02057456374304656
Step: 39657 Walker: 48 Trial Log Prob: 230.36778189533482 Prob: 2.4383362168849764e-11 Frac: 0.019361909400876766
Step: 39660 Walker: 12 Trial Log Prob: 167.36386503227706 Prob: 1.994791721517736e-36 Frac: 0.019385959589830713
Step: 39979 Walker: 14 Trial Log Prob: 241.1447557157406 Prob: 0.0013819006735016218 Frac: 0.018399640184814162
Number of steps: 40000 Acceptance Rate: 0.01838
Step: 40091 Walker: 37 Trial Log Prob: -7660.244960297009 Prob: 0.0 Frac: 0.015649107339651754
Step: 40142 Walker: 36 Trial Log Prob: 124.94568764957242 Prob: 5.457333020364492e-56 Frac: 0.015664690939881456
Step: 40164 Walker: 19 Trial Log Prob: -2317.458681800631 Prob: 0.0 Frac: 0.01554657852858367
Step: 40221 Walker: 27 Trial Log Prob: -Inf Prob: 0.0 Frac: 0.015053958465584475
Step: 40434 Walker: 27 Trial Log Prob: -61223.11718226518 Prob: 0.0 Frac: 0.015869354615491073
Step: 40570 Walker: 50 Trial Log Prob: -549.837360918135 Prob: 0.0 Frac: 0.015122807017543859
Step: 40973 Walker: 41 Trial Log Prob: 241.3791053538975 Prob: 1.2887945772036202 Frac: 0.01554244361752431
Number of steps: 41000 Acceptance Rate: 0.01568
Step: 41154 Walker: 7 Trial Log Prob: -50.81979985378527 Prob: 7.659031632864827e-129 Frac: 0.022201906751991643
Step: 41293 Walker: 18 Trial Log Prob: NaN Prob: NaN Frac: 0.02072786974962375
Step: 41348 Walker: 37 Trial Log Prob: -6163.133597111187 Prob: 0.0 Frac: 0.020705124518318282
Step: 41633 Walker: 48 Trial Log Prob: -Inf Prob: 0.0 Frac: 0.020854398382204247
Step: 41668 Walker: 5 Trial Log Prob: -Inf Prob: 0.0 Frac: 0.02110628091740369
Step: 41759 Walker: 45 Trial Log Prob: -2788.618663865461 Prob: 0.0 Frac: 0.021979180392673606
Number of steps: 42000 Acceptance Rate: 0.02174
Step: 42175 Walker: 17 Trial Log Prob: -6912.6286463031865 Prob: 0.0 Frac: 0.019043248824136744
Step: 42211 Walker: 11 Trial Log Prob: -Inf Prob: 0.0 Frac: 0.019027685282085434
Step: 42281 Walker: 34 Trial Log Prob: -Inf Prob: 0.0 Frac: 0.019167735499501213
Step: 42321 Walker: 47 Trial Log Prob: -13668.474969985633 Prob: 0.0 Frac: 0.018819717081074345
Step: 42412 Walker: 30 Trial Log Prob: 210.17801106919842 Prob: 2.4937009503329597e-17 Frac: 0.01870748299319728
Step: 42440 Walker: 1 Trial Log Prob: -221.73439211035566 Prob: 5.377901701403347e-206 Frac: 0.018632408546307686
Step: 42722 Walker: 33 Trial Log Prob: -Inf Prob: 0.0 Frac: 0.017847739932932406
Number of steps: 43000 Acceptance Rate: 0.0175
Step: 43483 Walker: 31 Trial Log Prob: -4083.7345213196404 Prob: 0.0 Frac: 0.017819402428411586
Step: 43553 Walker: 5 Trial Log Prob: 238.45030581494734 Prob: 0.00020551065037067304 Frac: 0.017605506248867957
Step: 43631 Walker: 20 Trial Log Prob: 245.00494675459444 Prob: 0.0006797341633405538 Frac: 0.01763959390862944
Step: 43963 Walker: 45 Trial Log Prob: -25344.324099317604 Prob: 0.0 Frac: 0.01842351230657389
Number of steps: 44000 Acceptance Rate: 0.0184
Step: 44094 Walker: 21 Trial Log Prob: NaN Prob: NaN Frac: 0.01605651894669236
Step: 44329 Walker: 31 Trial Log Prob: -1574.4731864513803 Prob: 0.0 Frac: 0.018197309962875052
Step: 44842 Walker: 28 Trial Log Prob: 141.5393346224609 Prob: 1.3133266152030242e-44 Frac: 0.01941632206853938
Step: 44910 Walker: 48 Trial Log Prob: -1757.642793889665 Prob: 0.0 Frac: 0.019451404457338783
Number of steps: 45000 Acceptance Rate: 0.0192
Step: 45082 Walker: 4 Trial Log Prob: -1518.4446945121479 Prob: 0.0 Frac: 0.024913665515540206
Step: 45136 Walker: 36 Trial Log Prob: 38.10439764197599 Prob: 1.6874877523820845e-89 Frac: 0.023430592396109638
Step: 45473 Walker: 48 Trial Log Prob: 196.81366097534055 Prob: 1.0043048960952852e-24 Frac: 0.019578822733423547
Step: 45538 Walker: 41 Trial Log Prob: 158.87247567266627 Prob: 6.245094849841805e-36 Frac: 0.019560447733442416
Step: 45634 Walker: 28 Trial Log Prob: 130.63502208051807 Prob: 3.858806494608446e-55 Frac: 0.019414104425784458
Number of steps: 46000 Acceptance Rate: 0.02064
Step: 46138 Walker: 2 Trial Log Prob: 239.0855438180804 Prob: 0.0006450505941495307 Frac: 0.021161704611792176
Step: 46418 Walker: 15 Trial Log Prob: -2363.8674470745405 Prob: 0.0 Frac: 0.01950635034747184
Step: 46609 Walker: 9 Trial Log Prob: -Inf Prob: 0.0 Frac: 0.01861291065145187
Step: 46705 Walker: 10 Trial Log Prob: -Inf Prob: 0.0 Frac: 0.01868787276341948
Step: 46705 Walker: 39 Trial Log Prob: -1148.647789464818 Prob: 0.0 Frac: 0.01867249354408468
Number of steps: 47000 Acceptance Rate: 0.01848
Step: 47276 Walker: 23 Trial Log Prob: 170.23370660800057 Prob: 6.068903127276908e-39 Frac: 0.01960357220649096
Step: 47945 Walker: 41 Trial Log Prob: -Inf Prob: 0.0 Frac: 0.017654156347240744
Number of steps: 48000 Acceptance Rate: 0.01766
Step: 48121 Walker: 6 Trial Log Prob: NaN Prob: NaN Frac: 0.011821511821511822
Number of steps: 49000 Acceptance Rate: 0.01502
Step: 49263 Walker: 1 Trial Log Prob: 181.49689916611212 Prob: 4.114645345160865e-29 Frac: 0.016487291046485
Step: 49375 Walker: 9 Trial Log Prob: 227.5711446629174 Prob: 0.0003006614812584881 Frac: 0.017104067561066867
Step: 49774 Walker: 27 Trial Log Prob: -6370.0763803432565 Prob: 0.0 Frac: 0.017581508389999223
Step: 49833 Walker: 8 Trial Log Prob: -Inf Prob: 0.0 Frac: 0.018049413574312632
Number of steps: 50000 Acceptance Rate: 0.01834
Burn-in Number (ends): 50000
Independent Sample Size: 201.73610257301092
2267.755963 seconds (106.34 M allocations: 2.253 TiB, 13.28% gc time)
