args = ["mcmc", "120.0", "25", "ppp"]
Parameters from fit: [4.964973367157878e-6, 224.70079625603583, 2.4335037682700506e6, -0.01251357616110801, 0.02085247030527001, 2.8142651899061513e-6, 365.2564008440978, 2.4336244081068696e6, 0.00591060902622886, 0.02051650962751202, 0.0015069387939563312, 4220.636857521035, 2.4387510454114783e6, 0.0859717583057202, -0.03511226690990578]
Maximum log Prob from fit: -136.22667857807824
Step: 235 Walker: 42 Trial Log Prob: 395.1069810702351 Prob: 0.0029204872882475806 Frac: 0.3180889115993868
Step: 499 Walker: 33 Trial Log Prob: 412.4037249645732 Prob: 0.8849492999811771 Frac: 0.31352023422773034
Step: 736 Walker: 23 Trial Log Prob: 393.53186486571275 Prob: 0.0010665767079808916 Frac: 0.3135452641883991
Step: 780 Walker: 3 Trial Log Prob: -Inf Prob: 0.0 Frac: 0.3122737658203476
Number of steps: 1000 Acceptance Rate: 0.31036
Step: 1400 Walker: 1 Trial Log Prob: 414.7194888951884 Prob: 0.06837882012465155 Frac: 0.3158237682321688
Step: 1406 Walker: 19 Trial Log Prob: 401.90010222631 Prob: 0.19841378544582436 Frac: 0.3153090927031427
Step: 1645 Walker: 49 Trial Log Prob: 409.9484676826556 Prob: 0.319992997833911 Frac: 0.3061490278768334
Number of steps: 2000 Acceptance Rate: 0.3032
Step: 2221 Walker: 37 Trial Log Prob: 412.92050085663936 Prob: 1.0506585539941473 Frac: 0.2940110537283682
Step: 2255 Walker: 16 Trial Log Prob: 412.08459025443926 Prob: 1.0297707176472128 Frac: 0.29647687952186225
Step: 2380 Walker: 17 Trial Log Prob: 412.369700114454 Prob: 0.263311882513332 Frac: 0.295618706173881
Step: 2654 Walker: 31 Trial Log Prob: 399.3142181733099 Prob: 0.13328863787376283 Frac: 0.2939934518527585
Step: 2681 Walker: 25 Trial Log Prob: -Inf Prob: 0.0 Frac: 0.29354886113152096
Number of steps: 3000 Acceptance Rate: 0.2965
Step: 3218 Walker: 33 Trial Log Prob: 410.42441178788187 Prob: 0.4054301261888654 Frac: 0.30000918864283743
Step: 3554 Walker: 12 Trial Log Prob: 393.58131188109394 Prob: 0.001044162044488414 Frac: 0.29368809196731976
Step: 3569 Walker: 1 Trial Log Prob: 413.3855306161572 Prob: 0.005620421448465209 Frac: 0.29319390162318226
Step: 3877 Walker: 1 Trial Log Prob: 331.04676425431404 Prob: 1.6300570245040836e-29 Frac: 0.29108924453779594
Step: 3879 Walker: 41 Trial Log Prob: -Inf Prob: 0.0 Frac: 0.29116315058828884
Number of steps: 4000 Acceptance Rate: 0.29298
Step: 4089 Walker: 21 Trial Log Prob: 398.5724884948059 Prob: 0.011738157403112036 Frac: 0.30355123275277085
Step: 4180 Walker: 21 Trial Log Prob: 416.28071104299704 Prob: 0.010150404741029547 Frac: 0.30464831122505853
Step: 4546 Walker: 29 Trial Log Prob: 389.3262963900888 Prob: 1.3696155605129122e-6 Frac: 0.292019502181165
Step: 4968 Walker: 48 Trial Log Prob: 410.3206764670081 Prob: 0.3030066668848476 Frac: 0.2880697549485516
Number of steps: 5000 Acceptance Rate: 0.28824
Step: 5539 Walker: 10 Trial Log Prob: 396.47907059748536 Prob: 0.004157261627721169 Frac: 0.2939799331103679
Step: 5858 Walker: 44 Trial Log Prob: 409.29587181714567 Prob: 0.03163454580206248 Frac: 0.2950995477222922
Step: 5931 Walker: 37 Trial Log Prob: 412.21745997708206 Prob: 2.4346587842488422e-5 Frac: 0.2952274534241571
Number of steps: 6000 Acceptance Rate: 0.29444
Step: 6151 Walker: 18 Trial Log Prob: 407.8862471282086 Prob: 1.0865338464735066 Frac: 0.2931630752859803
Step: 6167 Walker: 31 Trial Log Prob: 412.05133574362105 Prob: 0.0001429526297455416 Frac: 0.2910815028207898
Step: 6260 Walker: 30 Trial Log Prob: 409.6360169572454 Prob: 0.07531761206222598 Frac: 0.2918335901386749
Step: 6622 Walker: 39 Trial Log Prob: 415.0148839719874 Prob: 1.0101140126749735 Frac: 0.2914857345041655
Step: 6762 Walker: 11 Trial Log Prob: 372.5984718150116 Prob: 6.4012999182453215e-9 Frac: 0.292950789522083
Step: 6769 Walker: 42 Trial Log Prob: 406.2391545700534 Prob: 0.32341276933037394 Frac: 0.29311690338692054
Step: 6931 Walker: 16 Trial Log Prob: 405.6383710643909 Prob: 0.9546600459154835 Frac: 0.29355490583885113
Step: 6988 Walker: 34 Trial Log Prob: 372.0808609770339 Prob: 7.34744191484903e-13 Frac: 0.2921999028025271
Number of steps: 7000 Acceptance Rate: 0.29198
Step: 7038 Walker: 42 Trial Log Prob: 395.76291576329896 Prob: 0.00014163534009695327 Frac: 0.2806553911205074
Step: 7313 Walker: 43 Trial Log Prob: 406.3933843909513 Prob: 1.272238787024841 Frac: 0.28837179569136356
Step: 7354 Walker: 23 Trial Log Prob: 394.39455271020154 Prob: 0.06712778230772644 Frac: 0.289650879873253
Step: 7509 Walker: 37 Trial Log Prob: 413.85624158816677 Prob: 1.0482667793503933e-5 Frac: 0.29347014191925147
Step: 7512 Walker: 23 Trial Log Prob: 409.4024710586468 Prob: 1.4641640160213856 Frac: 0.29347358542212487
Step: 7758 Walker: 42 Trial Log Prob: 402.2746265884996 Prob: 0.01743165407913805 Frac: 0.2928058693127837
Step: 7795 Walker: 38 Trial Log Prob: 412.69635274202227 Prob: 0.05757375876627725 Frac: 0.2921385072223061
Number of steps: 8000 Acceptance Rate: 0.2903
Step: 8391 Walker: 15 Trial Log Prob: -Inf Prob: 0.0 Frac: 0.28526774276197797
Step: 8463 Walker: 39 Trial Log Prob: 360.3928669029958 Prob: 2.0938985975258145e-18 Frac: 0.28722070962444357
Step: 8707 Walker: 32 Trial Log Prob: 407.4145960991275 Prob: 0.05818014925408577 Frac: 0.2903883165402468
Number of steps: 9000 Acceptance Rate: 0.2894
Step: 9039 Walker: 39 Trial Log Prob: 403.0594373445579 Prob: 0.0011233919623663006 Frac: 0.2851985559566787
Step: 9146 Walker: 7 Trial Log Prob: 412.7148864422187 Prob: 0.0153438653620895 Frac: 0.2992972302604382
Step: 9229 Walker: 13 Trial Log Prob: 392.4369649820818 Prob: 5.6081694817788375e-5 Frac: 0.2971173223517042
Step: 9304 Walker: 28 Trial Log Prob: 415.9392336286006 Prob: 0.370126416179232 Frac: 0.29714059823428646
Step: 9390 Walker: 19 Trial Log Prob: 414.4972054506408 Prob: 0.6515631618078627 Frac: 0.29662540448918795
Step: 9486 Walker: 17 Trial Log Prob: 407.0647571762243 Prob: 0.8855933755285278 Frac: 0.295009683932913
Step: 9877 Walker: 30 Trial Log Prob: 410.75801939233065 Prob: 0.00687042676224777 Frac: 0.29310974218571756
Number of steps: 10000 Acceptance Rate: 0.29416
Step: 10013 Walker: 31 Trial Log Prob: 397.0349163369637 Prob: 0.15179291074066945 Frac: 0.2900158478605388
Step: 10231 Walker: 4 Trial Log Prob: 396.4703452731507 Prob: 0.0006546091853815825 Frac: 0.30059109874826145
Step: 10433 Walker: 9 Trial Log Prob: 415.7253709128984 Prob: 0.12738342391856733 Frac: 0.29779258642232403
Step: 10541 Walker: 45 Trial Log Prob: -Inf Prob: 0.0 Frac: 0.2973192826770198
Step: 10556 Walker: 10 Trial Log Prob: 412.8932860492258 Prob: 0.050324982872533404 Frac: 0.2974063400576369
Step: 10738 Walker: 27 Trial Log Prob: 410.2018765584544 Prob: 0.02597328823262449 Frac: 0.29557718903381514
Step: 10818 Walker: 49 Trial Log Prob: 411.95633626938485 Prob: 0.3694240150369225 Frac: 0.2953372943103743
Number of steps: 11000 Acceptance Rate: 0.29256
Step: 11095 Walker: 20 Trial Log Prob: 399.5275993387072 Prob: 5.3215345950674765e-8 Frac: 0.2849576271186441
Step: 11725 Walker: 6 Trial Log Prob: 413.7167521026792 Prob: 0.0003498545755672211 Frac: 0.2753411036844722
Step: 11835 Walker: 45 Trial Log Prob: 402.1192387344046 Prob: 0.0002009990031984486 Frac: 0.2758653730985747
Step: 11850 Walker: 27 Trial Log Prob: -Inf Prob: 0.0 Frac: 0.2757256868422911
Number of steps: 12000 Acceptance Rate: 0.27642
Step: 12144 Walker: 40 Trial Log Prob: -Inf Prob: 0.0 Frac: 0.2675938803894298
Step: 12190 Walker: 15 Trial Log Prob: -Inf Prob: 0.0 Frac: 0.27300581088219755
Step: 12346 Walker: 17 Trial Log Prob: 412.7668758455182 Prob: 0.0033347979053129583 Frac: 0.2752070423350901
Step: 12494 Walker: 28 Trial Log Prob: 379.6529691040353 Prob: 1.6231552669316715e-8 Frac: 0.27579220358213796
Step: 12611 Walker: 7 Trial Log Prob: 391.2797619776295 Prob: 0.03435239003124874 Frac: 0.27583833218605563
Step: 12613 Walker: 6 Trial Log Prob: 410.39208036870536 Prob: 0.7506050380795968 Frac: 0.27576292230281646
Step: 12771 Walker: 48 Trial Log Prob: 408.2286665329182 Prob: 0.22151841755763255 Frac: 0.2761232748780741
Step: 12791 Walker: 43 Trial Log Prob: 412.64804259612214 Prob: 0.9997458015852861 Frac: 0.2768125837695673
Number of steps: 13000 Acceptance Rate: 0.27456
Step: 13077 Walker: 37 Trial Log Prob: -Inf Prob: 0.0 Frac: 0.2582746937711754
Step: 13402 Walker: 36 Trial Log Prob: -Inf Prob: 0.0 Frac: 0.2657074579308971
Step: 13946 Walker: 34 Trial Log Prob: 412.65275211161435 Prob: 0.543419008543742 Frac: 0.26258353777176213
Number of steps: 14000 Acceptance Rate: 0.26158
Step: 14023 Walker: 8 Trial Log Prob: 388.09686306071774 Prob: 0.11161513911676646 Frac: 0.2283393501805054
Step: 14106 Walker: 35 Trial Log Prob: -Inf Prob: 0.0 Frac: 0.24408703878902555
Step: 14292 Walker: 21 Trial Log Prob: 402.38846142142563 Prob: 0.4399761061168877 Frac: 0.2458993891977215
Step: 14387 Walker: 26 Trial Log Prob: 411.6216574179419 Prob: 0.5833532602035035 Frac: 0.24474800786505227
Step: 14514 Walker: 45 Trial Log Prob: 391.81839854236426 Prob: 0.004407289542165306 Frac: 0.2437439190503989
Number of steps: 15000 Acceptance Rate: 0.24726
Step: 15022 Walker: 23 Trial Log Prob: 399.79222584153456 Prob: 0.0015738501247738136 Frac: 0.2590866728797763
Step: 15246 Walker: 33 Trial Log Prob: 364.1073269745488 Prob: 1.2350801586323897e-16 Frac: 0.242448913131971
Step: 15399 Walker: 26 Trial Log Prob: 391.77176286934906 Prob: 1.1020619049275753e-5 Frac: 0.24465522433002107
Step: 15600 Walker: 23 Trial Log Prob: 401.690205819171 Prob: 0.2088979569755613 Frac: 0.24565442231341542
Step: 15677 Walker: 6 Trial Log Prob: 394.9584284351205 Prob: 2.0037396841435623e-12 Frac: 0.24433532509022068
Step: 15723 Walker: 26 Trial Log Prob: 412.3854066614139 Prob: 0.12406765298978491 Frac: 0.24580634446105298
Step: 15880 Walker: 18 Trial Log Prob: -Inf Prob: 0.0 Frac: 0.24379093886462883
Number of steps: 16000 Acceptance Rate: 0.24272
Step: 16009 Walker: 25 Trial Log Prob: -Inf Prob: 0.0 Frac: 0.2447058823529412
Step: 16119 Walker: 13 Trial Log Prob: 414.287716373424 Prob: 0.005329957874095932 Frac: 0.2367664468121089
Step: 16358 Walker: 25 Trial Log Prob: 391.18212810214186 Prob: 4.1278682397530915 Frac: 0.2314965034965035
Step: 16482 Walker: 31 Trial Log Prob: 399.87008050686455 Prob: 0.37166572055962854 Frac: 0.22906025497280014
Step: 16659 Walker: 3 Trial Log Prob: 400.39667116451614 Prob: 2.6454795880805712e-5 Frac: 0.22289760812084006
Step: 16684 Walker: 8 Trial Log Prob: 380.8706987599437 Prob: 0.008802503960936832 Frac: 0.22272966801334973
Step: 16842 Walker: 6 Trial Log Prob: 389.3193335713791 Prob: 1.972273649491916e-6 Frac: 0.22056305877877116
Number of steps: 17000 Acceptance Rate: 0.21828
Step: 17715 Walker: 12 Trial Log Prob: 391.7642570720236 Prob: 0.3880162807848954 Frac: 0.21065748207885304
Step: 17735 Walker: 11 Trial Log Prob: 412.273077420221 Prob: 0.6585941236106536 Frac: 0.2114080248426902
Step: 17788 Walker: 22 Trial Log Prob: 384.2669760242976 Prob: 0.3207626276262372 Frac: 0.21182566290765012
Number of steps: 18000 Acceptance Rate: 0.21246
Step: 18014 Walker: 19 Trial Log Prob: -Inf Prob: 0.0 Frac: 0.22122571001494767
Step: 18105 Walker: 42 Trial Log Prob: 401.0722872579028 Prob: 0.06079970670360703 Frac: 0.216520412056467
Step: 18333 Walker: 8 Trial Log Prob: 403.8291170453324 Prob: 1.9955500772859511 Frac: 0.20604527938342967
Step: 18747 Walker: 1 Trial Log Prob: -Inf Prob: 0.0 Frac: 0.20189807243773625
Step: 18942 Walker: 35 Trial Log Prob: 391.8809181267653 Prob: 0.16631883520729868 Frac: 0.20378039715408305
Number of steps: 19000 Acceptance Rate: 0.20352
Step: 19236 Walker: 32 Trial Log Prob: -Inf Prob: 0.0 Frac: 0.20268205737565778
Step: 19638 Walker: 4 Trial Log Prob: 309.2701765679202 Prob: 2.899571589722449e-34 Frac: 0.196678596094682
Number of steps: 20000 Acceptance Rate: 0.19494
Step: 20364 Walker: 45 Trial Log Prob: 397.14278192233525 Prob: 0.026680648260028902 Frac: 0.18582028029678482
Step: 20624 Walker: 46 Trial Log Prob: -Inf Prob: 0.0 Frac: 0.18534427490703936
Step: 20770 Walker: 16 Trial Log Prob: -Inf Prob: 0.0 Frac: 0.18559247127333228
Number of steps: 21000 Acceptance Rate: 0.18602
Step: 21054 Walker: 42 Trial Log Prob: -Inf Prob: 0.0 Frac: 0.18684992570579495
Step: 21110 Walker: 7 Trial Log Prob: 389.4392773238462 Prob: 0.18269913774113497 Frac: 0.18838189481400036
Step: 21161 Walker: 21 Trial Log Prob: 390.0611455543654 Prob: 2.2801033890305712e-9 Frac: 0.19374142874953248
Step: 21386 Walker: 41 Trial Log Prob: 382.54421662881305 Prob: 0.0017857659994719459 Frac: 0.1928360375304546
Step: 21402 Walker: 32 Trial Log Prob: -Inf Prob: 0.0 Frac: 0.19251070610496962
Step: 21506 Walker: 12 Trial Log Prob: 357.14009239952424 Prob: 1.1466707079759284e-14 Frac: 0.19250257303459742
Step: 21569 Walker: 17 Trial Log Prob: 393.06315844506383 Prob: 5.106892106116666e-5 Frac: 0.1920681282330999
Step: 21591 Walker: 34 Trial Log Prob: -Inf Prob: 0.0 Frac: 0.19255773007381324
Step: 21872 Walker: 33 Trial Log Prob: 412.6219361502737 Prob: 0.2907922123073447 Frac: 0.19220797099786613
Number of steps: 22000 Acceptance Rate: 0.19088
Step: 22206 Walker: 24 Trial Log Prob: 399.67547016792906 Prob: 8.486175144550037e-9 Frac: 0.1763675296865875
Step: 22399 Walker: 45 Trial Log Prob: 396.2122420444573 Prob: 1.5244183197746213 Frac: 0.1767861619453497
Step: 22567 Walker: 27 Trial Log Prob: 397.13188904920787 Prob: 0.7423813341303069 Frac: 0.17629823136936493
Step: 22731 Walker: 40 Trial Log Prob: -Inf Prob: 0.0 Frac: 0.17501368363437328
Step: 22761 Walker: 5 Trial Log Prob: 398.23282885150536 Prob: 0.5121434178522143 Frac: 0.17447704249440862
Step: 22942 Walker: 6 Trial Log Prob: -Inf Prob: 0.0 Frac: 0.17349540972458347
Number of steps: 23000 Acceptance Rate: 0.17362
Step: 23031 Walker: 46 Trial Log Prob: 309.5109389117621 Prob: 5.473950721372347e-36 Frac: 0.16041397153945666
Step: 23079 Walker: 5 Trial Log Prob: 395.85817195323784 Prob: 1.0525090293689003 Frac: 0.16081946222791293
Step: 23128 Walker: 5 Trial Log Prob: -Inf Prob: 0.0 Frac: 0.15908733280881196
Step: 23696 Walker: 27 Trial Log Prob: 377.0736752438257 Prob: 5.912034593965315e-6 Frac: 0.18034908128935792
Number of steps: 24000 Acceptance Rate: 0.18028
Step: 24285 Walker: 32 Trial Log Prob: 406.63637569336953 Prob: 0.19002492744342606 Frac: 0.18015739179314222
Step: 24366 Walker: 17 Trial Log Prob: -Inf Prob: 0.0 Frac: 0.17829966606448788
Step: 24783 Walker: 36 Trial Log Prob: 396.71184473775986 Prob: 0.16951749095080876 Frac: 0.1722199509403107
Step: 24815 Walker: 28 Trial Log Prob: 384.06073972383854 Prob: 0.0138603246245056 Frac: 0.17214201532115497
Step: 24967 Walker: 40 Trial Log Prob: -Inf Prob: 0.0 Frac: 0.1721141911460488
Number of steps: 25000 Acceptance Rate: 0.17168
Step: 25600 Walker: 45 Trial Log Prob: 398.3700370547544 Prob: 0.18040179212699534 Frac: 0.1590265044174029
Step: 25858 Walker: 26 Trial Log Prob: 400.2394956796568 Prob: 1.2539550995537633e-6 Frac: 0.16298162141990857
Step: 25859 Walker: 10 Trial Log Prob: 391.2258364694214 Prob: 0.9390555620262553 Frac: 0.1628757865299464
Number of steps: 26000 Acceptance Rate: 0.16404
Step: 26093 Walker: 26 Trial Log Prob: -Inf Prob: 0.0 Frac: 0.17228707306528318
Step: 26109 Walker: 29 Trial Log Prob: 394.4742062010642 Prob: 1.8562258986233304e-5 Frac: 0.1733284214404126
Step: 26189 Walker: 1 Trial Log Prob: 360.91760227121114 Prob: 7.328058893056649e-20 Frac: 0.16913094351664718
Step: 26241 Walker: 28 Trial Log Prob: -Inf Prob: 0.0 Frac: 0.1670269371466578
Step: 26366 Walker: 38 Trial Log Prob: -Inf Prob: 0.0 Frac: 0.16951006124234472
Step: 26601 Walker: 25 Trial Log Prob: 402.41301422907395 Prob: 0.00011980180125406582 Frac: 0.17352206494587843
Number of steps: 27000 Acceptance Rate: 0.1719
Step: 27288 Walker: 5 Trial Log Prob: 377.54860780573 Prob: 1.767601202543457e-6 Frac: 0.15214211076280043
Step: 27544 Walker: 40 Trial Log Prob: 397.1587206440405 Prob: 1.3914477847387532e-6 Frac: 0.15365943361529974
Step: 27712 Walker: 32 Trial Log Prob: 372.656553713251 Prob: 3.390390529555178e-5 Frac: 0.15403855882187623
Step: 27757 Walker: 6 Trial Log Prob: -Inf Prob: 0.0 Frac: 0.15338835105538803
Step: 27867 Walker: 14 Trial Log Prob: 383.30472905579074 Prob: 0.0007116926618673949 Frac: 0.15387634483077064
Number of steps: 28000 Acceptance Rate: 0.15452
Step: 28140 Walker: 14 Trial Log Prob: 399.8455817044634 Prob: 0.07772362074643321 Frac: 0.1635554279149914
Step: 28572 Walker: 7 Trial Log Prob: 387.5874863189904 Prob: 0.5587576935557611 Frac: 0.16468816752459992
Step: 28868 Walker: 34 Trial Log Prob: 383.06123298877526 Prob: 0.003355075006603212 Frac: 0.1546422644292827
Step: 28929 Walker: 26 Trial Log Prob: 393.20872340038943 Prob: 0.0005042713180062042 Frac: 0.15381467281264807
Number of steps: 29000 Acceptance Rate: 0.1525
Step: 29585 Walker: 20 Trial Log Prob: -Inf Prob: 0.0 Frac: 0.13035592060232717
Step: 29837 Walker: 18 Trial Log Prob: -Inf Prob: 0.0 Frac: 0.12590272131617963
Step: 29839 Walker: 48 Trial Log Prob: -77981.29212996457 Prob: 0.0 Frac: 0.12565557356727378
Step: 29869 Walker: 45 Trial Log Prob: 375.2994543507046 Prob: 2.050152996994309e-7 Frac: 0.12510070203705834
Step: 29977 Walker: 33 Trial Log Prob: -Inf Prob: 0.0 Frac: 0.12239673990948743
Number of steps: 30000 Acceptance Rate: 0.122
Step: 30484 Walker: 29 Trial Log Prob: 390.1025236964321 Prob: 0.380434274572512 Frac: 0.0989288225319492
Step: 30526 Walker: 18 Trial Log Prob: 379.413915766254 Prob: 7.160948021050327e-6 Frac: 0.09913202375513934
Step: 30777 Walker: 39 Trial Log Prob: -Inf Prob: 0.0 Frac: 0.0973248538839826
Number of steps: 31000 Acceptance Rate: 0.0959
Step: 31645 Walker: 15 Trial Log Prob: 343.5345763226505 Prob: 4.867710347865878e-25 Frac: 0.07859692689740803
Step: 31680 Walker: 47 Trial Log Prob: 390.7571927798844 Prob: 0.022214043256911908 Frac: 0.07774215371944583
Step: 31683 Walker: 19 Trial Log Prob: 397.7327740164672 Prob: 0.6754795734430871 Frac: 0.07772795216741404
Step: 31728 Walker: 30 Trial Log Prob: 381.64361982444825 Prob: 0.007674975169906981 Frac: 0.07691039032435404
Number of steps: 32000 Acceptance Rate: 0.07748
Step: 32120 Walker: 21 Trial Log Prob: -Inf Prob: 0.0 Frac: 0.08273321051750125
Number of steps: 33000 Acceptance Rate: 0.0785
Step: 33070 Walker: 10 Trial Log Prob: 398.1413265815022 Prob: 0.09733816184299023 Frac: 0.06820809248554913
Step: 33157 Walker: 14 Trial Log Prob: NaN Prob: NaN Frac: 0.06731507550550295
Step: 33163 Walker: 11 Trial Log Prob: 99.33633958806578 Prob: 1.1377381947982105e-137 Frac: 0.06743927999013685
Step: 33189 Walker: 37 Trial Log Prob: -Inf Prob: 0.0 Frac: 0.07067924128430646
Step: 33359 Walker: 45 Trial Log Prob: 188.93712093598464 Prob: 1.5332811518740538e-88 Frac: 0.07500696572861522
Step: 33672 Walker: 36 Trial Log Prob: 332.6072007414254 Prob: 2.8481569830492774e-29 Frac: 0.0730661585184303
Step: 33974 Walker: 16 Trial Log Prob: 399.8184774813948 Prob: 3.337796262605208 Frac: 0.07448732174413349
Step: 33978 Walker: 34 Trial Log Prob: 115.95460494583827 Prob: 6.314653158391003e-124 Frac: 0.07448244824482449
Number of steps: 34000 Acceptance Rate: 0.0744
Step: 34196 Walker: 36 Trial Log Prob: 357.78738560432043 Prob: 7.112675288190502e-22 Frac: 0.08409973431432659
Step: 34324 Walker: 25 Trial Log Prob: -592.719148316086 Prob: 0.0 Frac: 0.07462132921174652
Step: 34568 Walker: 50 Trial Log Prob: 382.1481333385606 Prob: 1.5410829531366668e-14 Frac: 0.07049295774647887
Step: 34702 Walker: 41 Trial Log Prob: 335.642897026833 Prob: 9.478219557034507e-29 Frac: 0.0691345359208914
Step: 34868 Walker: 19 Trial Log Prob: NaN Prob: NaN Frac: 0.06855126933985105
Number of steps: 35000 Acceptance Rate: 0.06698
Step: 35184 Walker: 32 Trial Log Prob: -Inf Prob: 0.0 Frac: 0.05608799825746025
Step: 35714 Walker: 10 Trial Log Prob: 313.691078173954 Prob: 2.828728932652358e-37 Frac: 0.05611329220415031
Step: 35791 Walker: 24 Trial Log Prob: -Inf Prob: 0.0 Frac: 0.05632021050500961
Step: 35911 Walker: 48 Trial Log Prob: 399.1735830540789 Prob: 0.011580921705306387 Frac: 0.05644594713269518
Number of steps: 36000 Acceptance Rate: 0.05594
Step: 36229 Walker: 10 Trial Log Prob: 369.80837943133787 Prob: 6.257182905009039e-16 Frac: 0.054163014899211215
Step: 36353 Walker: 8 Trial Log Prob: 337.8476064644321 Prob: 4.833327772761775e-29 Frac: 0.05423671058609723
Step: 36505 Walker: 31 Trial Log Prob: -Inf Prob: 0.0 Frac: 0.05505132575006936
Step: 36539 Walker: 41 Trial Log Prob: -Inf Prob: 0.0 Frac: 0.05497197579896811
Step: 36560 Walker: 26 Trial Log Prob: -Inf Prob: 0.0 Frac: 0.05490420360308836
Step: 36802 Walker: 2 Trial Log Prob: -Inf Prob: 0.0 Frac: 0.05358034555078398
Number of steps: 37000 Acceptance Rate: 0.05254
Step: 37138 Walker: 14 Trial Log Prob: 347.4690676225126 Prob: 1.0494380230381315e-23 Frac: 0.05244755244755245
Step: 37224 Walker: 30 Trial Log Prob: -Inf Prob: 0.0 Frac: 0.050715563506261184
Step: 37353 Walker: 39 Trial Log Prob: -2783.611627344711 Prob: 0.0 Frac: 0.04739497703951471
Step: 37596 Walker: 6 Trial Log Prob: -Inf Prob: 0.0 Frac: 0.04637720123672537
Step: 37714 Walker: 4 Trial Log Prob: 372.2892153198739 Prob: 1.1255475546814558e-13 Frac: 0.045184271049531606
Step: 37785 Walker: 11 Trial Log Prob: 390.4833669299045 Prob: 7.519600881486244e-9 Frac: 0.045191400372344495
Step: 37914 Walker: 1 Trial Log Prob: 398.64875144753245 Prob: 0.1123351499380315 Frac: 0.045344023132023396
Number of steps: 38000 Acceptance Rate: 0.04556
Step: 38137 Walker: 19 Trial Log Prob: -7228.968202702348 Prob: 0.0 Frac: 0.04238158087696143
Step: 38429 Walker: 12 Trial Log Prob: 389.9077207215149 Prob: 2.8963330946291426 Frac: 0.04595553895012143
Step: 38630 Walker: 5 Trial Log Prob: 394.9237136578128 Prob: 0.6279833484275109 Frac: 0.04501669051025274
Step: 38902 Walker: 44 Trial Log Prob: -704.7911184015911 Prob: 0.0 Frac: 0.04590411141171775
Step: 38993 Walker: 22 Trial Log Prob: 325.09416103736936 Prob: 5.7285157973588115e-28 Frac: 0.045846600298254804
Number of steps: 39000 Acceptance Rate: 0.0459
Step: 39401 Walker: 12 Trial Log Prob: -2644.45515020714 Prob: 0.0 Frac: 0.044023585848490907
Step: 39915 Walker: 28 Trial Log Prob: -Inf Prob: 0.0 Frac: 0.04329951014695591
Number of steps: 40000 Acceptance Rate: 0.04294
Step: 40113 Walker: 26 Trial Log Prob: 296.02272267581145 Prob: 1.6521168572640346e-54 Frac: 0.0357269818698898
Step: 40197 Walker: 38 Trial Log Prob: 397.93814220848054 Prob: 1.064588959248576 Frac: 0.038625736938402114
Step: 40288 Walker: 3 Trial Log Prob: 75.69953072005255 Prob: 4.726553137438304e-138 Frac: 0.03992196753291995
Step: 40798 Walker: 49 Trial Log Prob: -Inf Prob: 0.0 Frac: 0.04122910348630292
Number of steps: 41000 Acceptance Rate: 0.04054
Step: 41205 Walker: 21 Trial Log Prob: -Inf Prob: 0.0 Frac: 0.04158105860483319
Step: 41349 Walker: 15 Trial Log Prob: -Inf Prob: 0.0 Frac: 0.04111398219925352
Number of steps: 42000 Acceptance Rate: 0.03788
Step: 42010 Walker: 9 Trial Log Prob: -4374.236939065119 Prob: 0.0 Frac: 0.04139433551198257
Step: 42518 Walker: 42 Trial Log Prob: 401.14533562882843 Prob: 0.11224673379784687 Frac: 0.03201761161748803
Step: 42972 Walker: 35 Trial Log Prob: -2489.0028886586656 Prob: 0.0 Frac: 0.03412575897910878
Number of steps: 43000 Acceptance Rate: 0.03418
Step: 43144 Walker: 49 Trial Log Prob: 319.7448044464614 Prob: 5.705770337622587e-31 Frac: 0.034865953604667314
Step: 43382 Walker: 16 Trial Log Prob: -Inf Prob: 0.0 Frac: 0.03598027903073534
Step: 43638 Walker: 13 Trial Log Prob: -Inf Prob: 0.0 Frac: 0.03687662806389857
Number of steps: 44000 Acceptance Rate: 0.03668
Step: 44752 Walker: 27 Trial Log Prob: -Inf Prob: 0.0 Frac: 0.02932644968996993
Step: 44797 Walker: 41 Trial Log Prob: 381.9650330843266 Prob: 3.137174103689649e-9 Frac: 0.029416932305916015
Step: 44861 Walker: 2 Trial Log Prob: -Inf Prob: 0.0 Frac: 0.029928840519045624
Step: 44956 Walker: 21 Trial Log Prob: -Inf Prob: 0.0 Frac: 0.03052060873751858
Step: 44998 Walker: 20 Trial Log Prob: -2869.252522313344 Prob: 0.0 Frac: 0.030699819530780027
Number of steps: 45000 Acceptance Rate: 0.0307
Number of steps: 46000 Acceptance Rate: 0.03552
Step: 46233 Walker: 48 Trial Log Prob: -Inf Prob: 0.0 Frac: 0.026957417582417584
Step: 46606 Walker: 4 Trial Log Prob: NaN Prob: NaN Frac: 0.028029351490711972
Step: 46975 Walker: 29 Trial Log Prob: 374.85801082432846 Prob: 9.102305485938416e-8 Frac: 0.03045414434936075
Number of steps: 47000 Acceptance Rate: 0.03068
Step: 47235 Walker: 44 Trial Log Prob: 396.5738537458983 Prob: 0.26937943980408596 Frac: 0.038572888283378744
Step: 47321 Walker: 10 Trial Log Prob: 360.57212204775846 Prob: 1.706550920514273e-21 Frac: 0.03741411617738913
Step: 47496 Walker: 17 Trial Log Prob: 208.54937789849365 Prob: 8.649176887734505e-85 Frac: 0.03831711551661485
Step: 47960 Walker: 9 Trial Log Prob: -Inf Prob: 0.0 Frac: 0.038178444087658206
Number of steps: 48000 Acceptance Rate: 0.03814
Step: 48425 Walker: 28 Trial Log Prob: -Inf Prob: 0.0 Frac: 0.034576973808177876
Step: 48712 Walker: 36 Trial Log Prob: NaN Prob: NaN Frac: 0.0343393469341876
Step: 48722 Walker: 7 Trial Log Prob: 320.2629044490537 Prob: 1.9201671773108395e-36 Frac: 0.034306792023740186
Step: 48756 Walker: 23 Trial Log Prob: -2242.274898754387 Prob: 0.0 Frac: 0.03441611733248617
Step: 48857 Walker: 18 Trial Log Prob: 23.10204319500514 Prob: 9.9771730081471e-160 Frac: 0.03465832126675697
Step: 48891 Walker: 10 Trial Log Prob: 265.1658041907289 Prob: 4.662450688067524e-55 Frac: 0.03437429791058189
Step: 48957 Walker: 2 Trial Log Prob: -Inf Prob: 0.0 Frac: 0.03460106271704113
Number of steps: 49000 Acceptance Rate: 0.03472
Step: 49613 Walker: 4 Trial Log Prob: -225.89209415939013 Prob: 2.9478393366492133e-270 Frac: 0.030910992027185988
Step: 49796 Walker: 23 Trial Log Prob: -Inf Prob: 0.0 Frac: 0.030950644909863476
Step: 49968 Walker: 16 Trial Log Prob: 386.5494115834318 Prob: 5.161699211532 Frac: 0.03157176528966629
Number of steps: 50000 Acceptance Rate: 0.03184
Burn-in Number (ends): 50000
Independent Sample Size: 382.1985922239302
1893.343717 seconds (100.55 M allocations: 1.765 TiB, 12.50% gc time)
