args = ["mcmc", "10.0", "25", "ppp"]
Parameters from fit: [3.798750174325365e-6, 224.7007785600636, 2.433503768751644e6, -0.07885114648337191, -0.05486839975883027, 2.6115477067446275e-6, 365.256460488537, 2.433624407462059e6, -0.0470151456157111, -0.042173855013525156, 0.0004929243938188293, 4227.113521463378, 2.4398698414015677e6, -0.0517192252271837, 0.0931020447657462]
Maximum log Prob from fit: -230.81081892432616
Step: 102 Walker: 37 Trial Log Prob: 417.0950797035481 Prob: 2.0835368916117227 Frac: 0.4047572242972282
Step: 106 Walker: 47 Trial Log Prob: 441.0640636296037 Prob: 32.53266650400723 Frac: 0.40853313196148766
Step: 186 Walker: 5 Trial Log Prob: 438.6887218540677 Prob: 2.227628334523999e-6 Frac: 0.4019448946515397
Number of steps: 1000 Acceptance Rate: 0.34078
Step: 1067 Walker: 20 Trial Log Prob: 434.21937075702294 Prob: 2.418399650277511e-12 Frac: 0.3180722891566265
Step: 1070 Walker: 38 Trial Log Prob: 455.3199905123245 Prob: 1.8774945286827514e-8 Frac: 0.3176605504587156
Step: 1213 Walker: 48 Trial Log Prob: 479.42393550903097 Prob: 0.5233350503224933 Frac: 0.3091660405709992
Step: 1447 Walker: 30 Trial Log Prob: 482.5753894368785 Prob: 0.0054038187460294755 Frac: 0.3002239140170175
Step: 1559 Walker: 44 Trial Log Prob: 480.83665334992605 Prob: 0.043721593889784874 Frac: 0.2969868308044661
Number of steps: 2000 Acceptance Rate: 0.28826
Step: 2094 Walker: 18 Trial Log Prob: 479.24383146973645 Prob: 0.07394973896672469 Frac: 0.2487146529562982
Step: 2208 Walker: 18 Trial Log Prob: 479.4604957595375 Prob: 0.0007925162763532883 Frac: 0.2595486111111111
Step: 2228 Walker: 42 Trial Log Prob: 468.4291010300059 Prob: 0.05312572958486548 Frac: 0.2594803370786517
Step: 2926 Walker: 17 Trial Log Prob: 436.55343307892076 Prob: 4.604242321935552e-14 Frac: 0.2682689605982666
Step: 2940 Walker: 8 Trial Log Prob: 479.09986447778766 Prob: 0.24296664652433503 Frac: 0.2676647216661698
Number of steps: 3000 Acceptance Rate: 0.26758
Step: 3246 Walker: 31 Trial Log Prob: 481.98681830665964 Prob: 0.027810511622111463 Frac: 0.2756290204380751
Step: 3301 Walker: 11 Trial Log Prob: 445.53190815582093 Prob: 1.9468178118595e-9 Frac: 0.2753314236226767
Step: 3321 Walker: 22 Trial Log Prob: 480.59974264329145 Prob: 5.157007366578889 Frac: 0.2751217076519785
Step: 3355 Walker: 2 Trial Log Prob: 440.9100906772717 Prob: 9.107261216303846e-11 Frac: 0.27640944526042255
Step: 3463 Walker: 28 Trial Log Prob: 483.66037798403033 Prob: 0.21651515317530617 Frac: 0.2774558976132826
Step: 3589 Walker: 45 Trial Log Prob: 474.61816305748476 Prob: 0.9427667465742144 Frac: 0.27994566140261506
Step: 3778 Walker: 38 Trial Log Prob: 319.7251882950237 Prob: 1.3692712924297461e-67 Frac: 0.27676918329561817
Step: 3785 Walker: 45 Trial Log Prob: -Inf Prob: 0.0 Frac: 0.2765702637278634
Number of steps: 4000 Acceptance Rate: 0.27738
Step: 4077 Walker: 46 Trial Log Prob: 478.685764481757 Prob: 0.016712299386336234 Frac: 0.27275091003640145
Step: 4202 Walker: 32 Trial Log Prob: 449.7565048366808 Prob: 6.440446683544783e-7 Frac: 0.26770482047212857
Step: 4635 Walker: 15 Trial Log Prob: 421.9332574729408 Prob: 6.842236091305756e-17 Frac: 0.2786378685164749
Step: 4674 Walker: 15 Trial Log Prob: 432.17972538002897 Prob: 9.107607853789164e-13 Frac: 0.2795484924996287
Step: 4742 Walker: 10 Trial Log Prob: 477.29536783829343 Prob: 0.47882061007716414 Frac: 0.28157042633567186
Number of steps: 5000 Acceptance Rate: 0.28208
Step: 5206 Walker: 49 Trial Log Prob: 482.20714514278535 Prob: 0.2538379192354991 Frac: 0.28760073793572194
Step: 5710 Walker: 23 Trial Log Prob: 462.78556072403654 Prob: 1.115477277092335e-5 Frac: 0.27643559890621033
Step: 5770 Walker: 11 Trial Log Prob: 475.2371260460794 Prob: 0.01709991686668754 Frac: 0.276591872286212
Number of steps: 6000 Acceptance Rate: 0.27514
Step: 6059 Walker: 47 Trial Log Prob: 481.2805927178761 Prob: 1.4038967218321672 Frac: 0.25958601968103157
Step: 6238 Walker: 44 Trial Log Prob: 472.0629065457991 Prob: 0.8285238964184475 Frac: 0.2661846309063393
Step: 6739 Walker: 4 Trial Log Prob: 463.6944556696811 Prob: 1.2615879620942149e-5 Frac: 0.2702959028831563
Step: 6761 Walker: 28 Trial Log Prob: 444.53914470959205 Prob: 7.156460673511902e-15 Frac: 0.2701430524876407
Number of steps: 7000 Acceptance Rate: 0.27452
Number of steps: 8000 Acceptance Rate: 0.27906
Step: 8229 Walker: 10 Trial Log Prob: 433.87655699167163 Prob: 2.937467825755859e-16 Frac: 0.27808939526730936
Step: 8492 Walker: 49 Trial Log Prob: 484.2384844413502 Prob: 0.1306956914491489 Frac: 0.27436074637180374
Number of steps: 9000 Acceptance Rate: 0.2769
Step: 9101 Walker: 14 Trial Log Prob: 465.0188684941777 Prob: 0.00019270043467921734 Frac: 0.27502991623454326
Step: 9183 Walker: 50 Trial Log Prob: 482.5355550650879 Prob: 0.0004761987597440156 Frac: 0.27377049180327867
Step: 9507 Walker: 8 Trial Log Prob: 478.1774046559482 Prob: 0.5952562945777291 Frac: 0.27896317370001583
Number of steps: 10000 Acceptance Rate: 0.27594
Step: 10608 Walker: 34 Trial Log Prob: 440.816137011844 Prob: 1.9206901788692424e-13 Frac: 0.2789296998420221
Step: 10921 Walker: 45 Trial Log Prob: 476.765398274895 Prob: 1.0087108691506979 Frac: 0.28183298946682594
Number of steps: 11000 Acceptance Rate: 0.2812
Number of steps: 12000 Acceptance Rate: 0.27238
Step: 12765 Walker: 48 Trial Log Prob: 480.53062831192426 Prob: 0.23894718171502283 Frac: 0.27209265843965696
Number of steps: 13000 Acceptance Rate: 0.27404
Step: 13926 Walker: 33 Trial Log Prob: 478.6322476790693 Prob: 0.0008524728901294481 Frac: 0.27671067130479876
Number of steps: 14000 Acceptance Rate: 0.2777
Step: 14132 Walker: 45 Trial Log Prob: 447.1364107343338 Prob: 5.054101985293366e-11 Frac: 0.267475360121304
Step: 14662 Walker: 48 Trial Log Prob: 478.2874875717919 Prob: 0.00011780625641046512 Frac: 0.27246359296634237
Step: 14832 Walker: 29 Trial Log Prob: 477.1585438646778 Prob: 0.6818998921693745 Frac: 0.2697034560715746
Number of steps: 15000 Acceptance Rate: 0.2675
Step: 15043 Walker: 27 Trial Log Prob: 466.0193708710216 Prob: 0.11044433520269524 Frac: 0.24870709920075224
Step: 15221 Walker: 45 Trial Log Prob: 478.51437344107575 Prob: 8.674269793753721e-5 Frac: 0.26817564508827524
Step: 15417 Walker: 32 Trial Log Prob: 467.1958804058908 Prob: 0.9644570207750517 Frac: 0.2667530721966206
Step: 15536 Walker: 2 Trial Log Prob: 467.28925478642054 Prob: 0.006234930363158863 Frac: 0.26917613636363635
Step: 15536 Walker: 29 Trial Log Prob: 480.29782878430944 Prob: 0.0016530103574216605 Frac: 0.2691661376451697
Step: 15664 Walker: 7 Trial Log Prob: 477.40878768983924 Prob: 0.3602244032409768 Frac: 0.2704707904816479
Step: 15819 Walker: 39 Trial Log Prob: 479.2999112318768 Prob: 0.00022884724823643302 Frac: 0.2696450817069298
Step: 15973 Walker: 19 Trial Log Prob: 479.9353714283354 Prob: 4.060957096358826 Frac: 0.27094345831876426
Number of steps: 16000 Acceptance Rate: 0.27148
Step: 16070 Walker: 48 Trial Log Prob: 469.59119782774104 Prob: 0.23786131340497843 Frac: 0.26758147512864494
Step: 16206 Walker: 4 Trial Log Prob: 479.6329671164673 Prob: 0.058046837742349505 Frac: 0.27891554515311096
Step: 16324 Walker: 24 Trial Log Prob: 474.21607926924406 Prob: 0.6866702204195451 Frac: 0.2782243106219859
Step: 16533 Walker: 36 Trial Log Prob: 466.10766546804666 Prob: 0.7656681093882568 Frac: 0.2781198378134855
Number of steps: 17000 Acceptance Rate: 0.28026
Step: 17282 Walker: 39 Trial Log Prob: 482.42331243572517 Prob: 0.02248622696154303 Frac: 0.27425651217261693
Step: 17439 Walker: 15 Trial Log Prob: 475.22766461898277 Prob: 0.8812357112523475 Frac: 0.27711613050422085
Number of steps: 18000 Acceptance Rate: 0.273
Step: 18095 Walker: 36 Trial Log Prob: 475.6343190973104 Prob: 2.567287616397969e-5 Frac: 0.2599239864864865
Step: 18230 Walker: 22 Trial Log Prob: 482.7303666228957 Prob: 0.00010386855540954782 Frac: 0.2660390516039052
Step: 18474 Walker: 25 Trial Log Prob: 472.3723123413142 Prob: 0.882239152509458 Frac: 0.2730728616684266
Step: 18989 Walker: 14 Trial Log Prob: 367.4928787868415 Prob: 3.0370687934968987e-44 Frac: 0.2700044521795443
Number of steps: 19000 Acceptance Rate: 0.26958
Step: 19019 Walker: 26 Trial Log Prob: 475.5948253579339 Prob: 0.27325462430572406 Frac: 0.2548596112311015
Step: 19567 Walker: 45 Trial Log Prob: 479.4580981243751 Prob: 0.36568773433661533 Frac: 0.272428999823602
Step: 19797 Walker: 40 Trial Log Prob: 480.4125318399201 Prob: 0.41336022992890115 Frac: 0.2739457831325301
Number of steps: 20000 Acceptance Rate: 0.26958
Step: 20570 Walker: 28 Trial Log Prob: 469.36309249315343 Prob: 0.004474214918056964 Frac: 0.2644497506847391
Step: 20879 Walker: 32 Trial Log Prob: 437.6430323514301 Prob: 1.436539826478553e-13 Frac: 0.2692570335973778
Number of steps: 21000 Acceptance Rate: 0.26978
Step: 21562 Walker: 17 Trial Log Prob: 477.31548905496186 Prob: 1.521425974469768 Frac: 0.2705668578757972
Step: 21631 Walker: 31 Trial Log Prob: 483.4052782281072 Prob: 0.009833070117959208 Frac: 0.27147886207224636
Step: 21730 Walker: 45 Trial Log Prob: 481.47713970717035 Prob: 0.7037814786258927 Frac: 0.2714892451020688
Step: 21824 Walker: 48 Trial Log Prob: 483.6178838890158 Prob: 0.4826050312763279 Frac: 0.27001310743239965
Step: 21865 Walker: 39 Trial Log Prob: 454.3757868958301 Prob: 4.1066535186346044e-8 Frac: 0.26920141538888503
Step: 21970 Walker: 48 Trial Log Prob: 32.8719696184284 Prob: 2.8894472581676555e-192 Frac: 0.2684646789558332
Number of steps: 22000 Acceptance Rate: 0.26828
Step: 22023 Walker: 1 Trial Log Prob: 479.0868436693064 Prob: 0.01114279374256038 Frac: 0.2488646684831971
Step: 22214 Walker: 41 Trial Log Prob: 447.7950822786065 Prob: 1.4512115188804974e-10 Frac: 0.2654569263866804
Step: 22217 Walker: 40 Trial Log Prob: 479.98222420456204 Prob: 0.7509253824685596 Frac: 0.2662361623616236
Step: 22294 Walker: 37 Trial Log Prob: 483.35605983855646 Prob: 0.0233026467636358 Frac: 0.2717369101926874
Step: 22464 Walker: 25 Trial Log Prob: -Inf Prob: 0.0 Frac: 0.27426105717367855
Step: 22604 Walker: 19 Trial Log Prob: 475.8343439816887 Prob: 0.3647961122485032 Frac: 0.27395671053067716
Step: 22693 Walker: 25 Trial Log Prob: 476.0661838463745 Prob: 10.44488929116143 Frac: 0.2767942238267148
Step: 22821 Walker: 34 Trial Log Prob: 462.9607376404225 Prob: 0.0001805930861746522 Frac: 0.27986547740897794
Number of steps: 23000 Acceptance Rate: 0.2783
Step: 23248 Walker: 1 Trial Log Prob: 467.0612570649385 Prob: 0.006012736671581496 Frac: 0.2808679459153105
Step: 23322 Walker: 35 Trial Log Prob: 481.805335713675 Prob: 0.24273897036899703 Frac: 0.2816910164749767
Step: 23812 Walker: 9 Trial Log Prob: 480.65689904606967 Prob: 8.739942795287788e-5 Frac: 0.27742301338790404
Number of steps: 24000 Acceptance Rate: 0.28018
Step: 24309 Walker: 4 Trial Log Prob: 479.2421310148337 Prob: 4.793618349865296 Frac: 0.27343547130615425
Step: 24747 Walker: 9 Trial Log Prob: 483.8630522125067 Prob: 0.01437697564724318 Frac: 0.2770377120801951
Step: 24861 Walker: 24 Trial Log Prob: 429.7615298784525 Prob: 1.9011800988430868e-17 Frac: 0.2767060245444403
Number of steps: 25000 Acceptance Rate: 0.27902
Step: 25147 Walker: 49 Trial Log Prob: 481.30935116362946 Prob: 4.854218011000234 Frac: 0.27908558987617366
Step: 25732 Walker: 1 Trial Log Prob: 478.9964341340017 Prob: 0.4617789231721806 Frac: 0.27843287461355365
Step: 25797 Walker: 12 Trial Log Prob: 476.16860988871105 Prob: 1.0480360162151314 Frac: 0.27760474228875714
Step: 25801 Walker: 26 Trial Log Prob: 458.35620526108085 Prob: 1.4210053275413985e-5 Frac: 0.2775945635337031
Number of steps: 26000 Acceptance Rate: 0.27692
Step: 26105 Walker: 22 Trial Log Prob: 478.861653986267 Prob: 1.2518770179410508 Frac: 0.2753734201455381
Step: 26807 Walker: 7 Trial Log Prob: -Inf Prob: 0.0 Frac: 0.2734760711538939
Number of steps: 27000 Acceptance Rate: 0.27402
Step: 27064 Walker: 11 Trial Log Prob: 470.6898954201593 Prob: 0.016767055197563677 Frac: 0.2764947801328693
Step: 27140 Walker: 32 Trial Log Prob: 482.78281239025813 Prob: 0.00018325446434134553 Frac: 0.28759667716986537
Step: 27602 Walker: 35 Trial Log Prob: 480.3795648703477 Prob: 0.6339998990478314 Frac: 0.2811367791258102
Number of steps: 28000 Acceptance Rate: 0.28184
Step: 28381 Walker: 44 Trial Log Prob: 453.1309750160829 Prob: 5.998727726671353e-11 Frac: 0.2697437513127494
Step: 28395 Walker: 21 Trial Log Prob: 476.2020738192947 Prob: 1.4971836425192901 Frac: 0.26961107448912325
Step: 28497 Walker: 12 Trial Log Prob: 440.6307816947964 Prob: 4.490320659407787e-16 Frac: 0.27023214573593424
Step: 28567 Walker: 11 Trial Log Prob: 469.3030514038344 Prob: 0.027383218770252068 Frac: 0.26993041573946525
Step: 28657 Walker: 5 Trial Log Prob: 473.325879931273 Prob: 0.29430982607418654 Frac: 0.27206218564243256
Step: 28714 Walker: 18 Trial Log Prob: 460.6336600605578 Prob: 1.13240147705271e-7 Frac: 0.27324212178983964
Step: 28835 Walker: 48 Trial Log Prob: 478.95185444234926 Prob: 0.8314097967463914 Frac: 0.2728274408354891
Step: 28982 Walker: 22 Trial Log Prob: 476.604522337842 Prob: 0.9542767235472371 Frac: 0.27312927942614934
Number of steps: 29000 Acceptance Rate: 0.273
Step: 29042 Walker: 28 Trial Log Prob: 483.83371633846866 Prob: 0.0517000806190286 Frac: 0.28873917228103946
Step: 29088 Walker: 47 Trial Log Prob: 423.9498064425454 Prob: 1.0906880319084316e-18 Frac: 0.2840573118035024
Step: 29184 Walker: 43 Trial Log Prob: 477.618272627074 Prob: 1.786845070857413 Frac: 0.2779288589143914
Step: 29209 Walker: 48 Trial Log Prob: 451.43521756557647 Prob: 6.712165344599479e-10 Frac: 0.27603369065849925
Step: 29235 Walker: 18 Trial Log Prob: 481.3997459403732 Prob: 0.8410587956412031 Frac: 0.27470558115719407
Step: 29478 Walker: 6 Trial Log Prob: 468.35218250653764 Prob: 0.00802552572349573 Frac: 0.27389336016096577
Step: 29484 Walker: 45 Trial Log Prob: 426.48265393159375 Prob: 3.2421209897426225e-17 Frac: 0.27340359578425294
Step: 29665 Walker: 29 Trial Log Prob: 466.1514944721033 Prob: 0.023937728390471317 Frac: 0.2705769057148876
Step: 29769 Walker: 12 Trial Log Prob: 481.764571599299 Prob: 0.48368296250992454 Frac: 0.26996771842132666
Number of steps: 30000 Acceptance Rate: 0.26888
Step: 30080 Walker: 50 Trial Log Prob: 283.47487451698225 Prob: 4.654725205451842e-81 Frac: 0.2765
Step: 30133 Walker: 28 Trial Log Prob: 447.81915790657297 Prob: 5.991450803393591e-9 Frac: 0.2765540132770066
Step: 30227 Walker: 30 Trial Log Prob: 484.34420481278806 Prob: 0.00037127048317504906 Frac: 0.2729920564872021
Step: 30657 Walker: 36 Trial Log Prob: 473.4593774095038 Prob: 0.02323083048510001 Frac: 0.27746985016445364
Step: 30969 Walker: 50 Trial Log Prob: 479.8248564985592 Prob: 1.240158207509413 Frac: 0.2778328173374613
Number of steps: 31000 Acceptance Rate: 0.27756
Step: 31060 Walker: 47 Trial Log Prob: 472.9660369570397 Prob: 7.689776988803539 Frac: 0.2722722722722723
Step: 31111 Walker: 27 Trial Log Prob: 482.69844007544856 Prob: 0.006223955631459852 Frac: 0.27175683010674867
Step: 31376 Walker: 30 Trial Log Prob: 474.9309503288556 Prob: 0.15120451546751432 Frac: 0.279073482428115
Step: 31581 Walker: 40 Trial Log Prob: 462.33336455986426 Prob: 0.0011244002520703776 Frac: 0.27641184573002753
Step: 31643 Walker: 44 Trial Log Prob: 476.3664519586649 Prob: 0.4729441781723873 Frac: 0.2774079143852663
Step: 31912 Walker: 6 Trial Log Prob: 478.1620286005615 Prob: 0.8284069336803035 Frac: 0.2769777855825797
Step: 31939 Walker: 31 Trial Log Prob: 483.0486319853132 Prob: 0.3357315254622312 Frac: 0.27627793995440114
Step: 31994 Walker: 9 Trial Log Prob: 479.10926734142225 Prob: 5.113674129319396 Frac: 0.2763648079904952
Number of steps: 32000 Acceptance Rate: 0.27652
Step: 32924 Walker: 8 Trial Log Prob: 459.5507399740356 Prob: 7.153156929008435e-7 Frac: 0.27128558429741323
Step: 32959 Walker: 33 Trial Log Prob: -Inf Prob: 0.0 Frac: 0.27175432374355873
Step: 32965 Walker: 49 Trial Log Prob: 480.62424139833735 Prob: 2.209783633494018 Frac: 0.2718398308773239
Number of steps: 33000 Acceptance Rate: 0.2715
Number of steps: 34000 Acceptance Rate: 0.27362
Step: 34018 Walker: 7 Trial Log Prob: 474.64115583213544 Prob: 0.7543026057072986 Frac: 0.28004667444574094
Number of steps: 35000 Acceptance Rate: 0.27188
Step: 35181 Walker: 19 Trial Log Prob: 480.7365947529372 Prob: 0.015759980239217715 Frac: 0.2729792659940126
Step: 35595 Walker: 8 Trial Log Prob: 484.34468590146605 Prob: 0.17701391182294174 Frac: 0.26306045509627035
Step: 35624 Walker: 8 Trial Log Prob: 455.09184720218417 Prob: 4.043263947225748e-9 Frac: 0.26391295975351436
Step: 35643 Walker: 29 Trial Log Prob: 463.5185373717703 Prob: 0.0008334508993929682 Frac: 0.2638115098509135
Step: 35745 Walker: 37 Trial Log Prob: 476.992240431981 Prob: 0.17517479015352766 Frac: 0.26436071649166154
Step: 35839 Walker: 22 Trial Log Prob: 474.5416495894253 Prob: 1.4075328203610393 Frac: 0.26511139735699635
Number of steps: 36000 Acceptance Rate: 0.2685
Step: 36057 Walker: 49 Trial Log Prob: 459.0447136176503 Prob: 7.892738737912057e-8 Frac: 0.2786942786942787
Step: 36331 Walker: 2 Trial Log Prob: 470.4267443172992 Prob: 3.872404774756619e-8 Frac: 0.26505878075384803
Step: 36454 Walker: 17 Trial Log Prob: 447.26197886543355 Prob: 3.3925184673871374e-12 Frac: 0.26104027881942915
Step: 36487 Walker: 14 Trial Log Prob: 474.0609795067725 Prob: 1.239197282461826 Frac: 0.2626059060623509
Step: 36752 Walker: 11 Trial Log Prob: 478.99126682559546 Prob: 6.233505321860051e-5 Frac: 0.26250632304784216
Step: 36844 Walker: 12 Trial Log Prob: 480.55741280943016 Prob: 0.02231696198141214 Frac: 0.2642426829846781
Step: 36947 Walker: 34 Trial Log Prob: 268.32023654397875 Prob: 3.3675595382216316e-88 Frac: 0.26245404994295857
Step: 36967 Walker: 22 Trial Log Prob: 471.43398527792175 Prob: 0.0129652631709076 Frac: 0.26288233102934483
Number of steps: 37000 Acceptance Rate: 0.2629
Step: 37049 Walker: 27 Trial Log Prob: 476.0072985227931 Prob: 0.06930731064596991 Frac: 0.25751957148743304
Step: 37341 Walker: 19 Trial Log Prob: 482.3820141467165 Prob: 0.7482712555017894 Frac: 0.25812327398789586
Step: 37428 Walker: 36 Trial Log Prob: 479.3446671844109 Prob: 2.420445264688085 Frac: 0.2587674179369681
Number of steps: 38000 Acceptance Rate: 0.26652
Step: 38048 Walker: 22 Trial Log Prob: 469.15327079715615 Prob: 0.41500669881389074 Frac: 0.2588532883642496
Step: 38107 Walker: 41 Trial Log Prob: 398.44883816845896 Prob: 4.8942322550889056e-32 Frac: 0.2608125819134993
Step: 38521 Walker: 13 Trial Log Prob: 318.88477383745214 Prob: 6.659553435749223e-65 Frac: 0.2682889324568485
Step: 38739 Walker: 29 Trial Log Prob: 472.96883587385634 Prob: 0.7575848289305808 Frac: 0.2679195212434672
Step: 38905 Walker: 24 Trial Log Prob: 474.3916288187125 Prob: 0.6867832643680355 Frac: 0.2655890677516363
Number of steps: 39000 Acceptance Rate: 0.26628
Step: 39021 Walker: 43 Trial Log Prob: 483.83307468986527 Prob: 0.21427348637349056 Frac: 0.2828379674017258
Step: 39296 Walker: 49 Trial Log Prob: 475.34599053116875 Prob: 0.16716099493477976 Frac: 0.27542401513615783
Step: 39474 Walker: 34 Trial Log Prob: 479.2597555525467 Prob: 0.3876479720062034 Frac: 0.2754602263131228
Step: 39608 Walker: 47 Trial Log Prob: 451.1024598746706 Prob: 1.3706953890765244e-7 Frac: 0.27390860940224365
Number of steps: 40000 Acceptance Rate: 0.2728
Step: 40136 Walker: 28 Trial Log Prob: 468.5965885827838 Prob: 0.06926213428354723 Frac: 0.28208911183239893
Step: 40157 Walker: 26 Trial Log Prob: 480.92210282203735 Prob: 0.8173949095340977 Frac: 0.2804753386148735
Step: 40177 Walker: 4 Trial Log Prob: 474.9433720141981 Prob: 0.49313074877409585 Frac: 0.2805542935029532
Step: 40510 Walker: 21 Trial Log Prob: 463.62877386873936 Prob: 0.0009197048507128863 Frac: 0.2850300341564917
Step: 40632 Walker: 7 Trial Log Prob: 475.0115175584043 Prob: 0.5313366930808063 Frac: 0.28418417466806095
Step: 40697 Walker: 18 Trial Log Prob: 463.42007573278823 Prob: 5.73166344423699e-5 Frac: 0.2858578895973347
Number of steps: 41000 Acceptance Rate: 0.29074
Step: 41013 Walker: 31 Trial Log Prob: 467.3658716477852 Prob: 0.0024970171513313943 Frac: 0.32171156893819336
Step: 41321 Walker: 12 Trial Log Prob: 457.39667678461433 Prob: 4.342246775368575e-6 Frac: 0.291656257806645
Step: 41603 Walker: 24 Trial Log Prob: 471.1459692537063 Prob: 0.0847575299302537 Frac: 0.2878103837471783
Step: 41670 Walker: 37 Trial Log Prob: 465.46857765850314 Prob: 0.008541467905743278 Frac: 0.2852748827903365
Number of steps: 42000 Acceptance Rate: 0.28312
Step: 42079 Walker: 8 Trial Log Prob: 482.64711830648855 Prob: 0.56920680032744 Frac: 0.27789150460593653
Step: 42531 Walker: 6 Trial Log Prob: 473.0644721566333 Prob: 0.33928643035408784 Frac: 0.2831811665283332
Step: 42786 Walker: 45 Trial Log Prob: 479.99172182700136 Prob: 0.8372543438825372 Frac: 0.28352207660007633
Step: 42821 Walker: 18 Trial Log Prob: 478.97675608508547 Prob: 0.7548163395806103 Frac: 0.28341216051489587
Step: 42921 Walker: 32 Trial Log Prob: 480.2253460518478 Prob: 0.9251304451071324 Frac: 0.2807177615571776
Number of steps: 43000 Acceptance Rate: 0.28086
Step: 43064 Walker: 5 Trial Log Prob: 481.97480746108386 Prob: 0.676772339469351 Frac: 0.2729001584786054
Step: 43069 Walker: 14 Trial Log Prob: 477.73886918344954 Prob: 0.7684144270406079 Frac: 0.2741652021089631
Step: 43344 Walker: 22 Trial Log Prob: 442.5543815651385 Prob: 2.7436996017150897e-11 Frac: 0.27783601211274167
Step: 43482 Walker: 5 Trial Log Prob: 474.560406699831 Prob: 1.6586512856118425 Frac: 0.2746206609852421
Step: 43695 Walker: 48 Trial Log Prob: 421.4533456674031 Prob: 7.009728587874937e-23 Frac: 0.27411649591343384
Step: 43992 Walker: 20 Trial Log Prob: 481.09107495577007 Prob: 0.9035865690743834 Frac: 0.2751866048012911
Number of steps: 44000 Acceptance Rate: 0.27478
Step: 44349 Walker: 24 Trial Log Prob: 480.64052197597005 Prob: 0.004448899566745173 Frac: 0.2841483011937557
Step: 44643 Walker: 37 Trial Log Prob: 464.99969423563493 Prob: 0.0010214850293027516 Frac: 0.27852630923857236
Step: 44839 Walker: 38 Trial Log Prob: 465.6694940398448 Prob: 0.30223601128516636 Frac: 0.2783394534789451
Number of steps: 45000 Acceptance Rate: 0.27992
Step: 45304 Walker: 45 Trial Log Prob: 484.9889233604243 Prob: 0.028112272846752908 Frac: 0.28160579137874303
Step: 45429 Walker: 11 Trial Log Prob: 480.4884776468597 Prob: 0.17993274815124416 Frac: 0.28242492176918405
Step: 45567 Walker: 4 Trial Log Prob: 474.6997887445563 Prob: 0.7777069866423997 Frac: 0.28253957037874505
Step: 45687 Walker: 7 Trial Log Prob: 437.6897395713564 Prob: 2.546969673546542e-11 Frac: 0.2827411315474976
Number of steps: 46000 Acceptance Rate: 0.2819
Step: 46042 Walker: 15 Trial Log Prob: 454.917683609288 Prob: 9.686678590406609e-7 Frac: 0.26101694915254237
Step: 46931 Walker: 15 Trial Log Prob: 469.8229841374943 Prob: 1.0485877658963887 Frac: 0.2670966354939267
Step: 46976 Walker: 15 Trial Log Prob: 451.9678546357422 Prob: 3.8908516154013694e-7 Frac: 0.2667691992207526
Number of steps: 47000 Acceptance Rate: 0.26594
Step: 47071 Walker: 36 Trial Log Prob: 471.3764763198951 Prob: 0.044755601763604276 Frac: 0.2559389140271493
Step: 47277 Walker: 50 Trial Log Prob: 474.4719029420486 Prob: 0.00078612642448633 Frac: 0.27061371841155235
Step: 47613 Walker: 2 Trial Log Prob: 456.55090033085094 Prob: 1.8177455081727243e-7 Frac: 0.2709300045748644
Step: 47924 Walker: 12 Trial Log Prob: 472.1261207363661 Prob: 0.9017224560183233 Frac: 0.27104544863740737
Number of steps: 48000 Acceptance Rate: 0.27102
Step: 48096 Walker: 20 Trial Log Prob: 483.6480559912513 Prob: 0.17741556745921214 Frac: 0.28176100628930817
Step: 48206 Walker: 7 Trial Log Prob: 482.3097294059215 Prob: 0.8606001662859044 Frac: 0.2796139221994735
Step: 48221 Walker: 48 Trial Log Prob: 483.11978322137975 Prob: 2.9439257789046478e-5 Frac: 0.2814989138305576
Step: 48482 Walker: 7 Trial Log Prob: 481.64945711439447 Prob: 0.7358380164473297 Frac: 0.27626054786548615
Step: 48586 Walker: 38 Trial Log Prob: 482.4686101076557 Prob: 0.9199111273592286 Frac: 0.2762906309751434
Step: 48637 Walker: 10 Trial Log Prob: 442.23959180544296 Prob: 4.213389694139118e-14 Frac: 0.275888085507702
Step: 48850 Walker: 50 Trial Log Prob: 457.05083397449755 Prob: 3.2983725848169515e-6 Frac: 0.27847058823529414
Number of steps: 49000 Acceptance Rate: 0.27668
Step: 49026 Walker: 43 Trial Log Prob: 409.8935851707877 Prob: 1.0325882229833837e-26 Frac: 0.25986078886310904
Step: 49408 Walker: 44 Trial Log Prob: 481.20665279798914 Prob: 0.10248541647696607 Frac: 0.271158183779543
Step: 49540 Walker: 16 Trial Log Prob: 474.2178648492431 Prob: 2.191889557555113 Frac: 0.2709337684491582
Step: 49623 Walker: 28 Trial Log Prob: 464.32662915176 Prob: 0.00014670163634098468 Frac: 0.27187740940632227
Step: 49701 Walker: 14 Trial Log Prob: 473.58744199927276 Prob: 1.8746686150642589e-6 Frac: 0.2701205232192837
Step: 49879 Walker: 10 Trial Log Prob: 452.0167335696446 Prob: 1.365813241278868e-9 Frac: 0.26845820997494874
Step: 49993 Walker: 33 Trial Log Prob: 442.1363852668076 Prob: 1.6624268987703657e-15 Frac: 0.269800334454899
Number of steps: 50000 Acceptance Rate: 0.26978
Burn-in Number (ends): 4236
Independent Sample Size: 1520.267653867539
1186.992080 seconds (102.57 M allocations: 768.803 GiB, 8.09% gc time)
