args = ["mcmc", "30.0", "25", "ppp"]
Parameters from fit: [4.6774122826200745e-6, 224.70078532126618, 2.4335037685926966e6, -0.00911778007587906, 0.0001293295884565054, 2.9738387297715873e-6, 365.2564470546298, 2.433624407612893e6, 0.00872731366974316, 0.002742112073815068, 0.0011517460047133546, 4226.196373283741, 2.438882942391882e6, 0.060695837514061886, -0.04973606558141257]
Maximum log Prob from fit: -169.3614997124945
Step: 62 Walker: 48 Trial Log Prob: 444.5649648196373 Prob: 3.0198457466996946 Frac: 0.3779857972885733
Step: 65 Walker: 8 Trial Log Prob: 449.55821716320264 Prob: 0.7406622205091876 Frac: 0.375
Step: 461 Walker: 24 Trial Log Prob: 459.524798479938 Prob: 0.019687494678164056 Frac: 0.3462908269631689
Step: 518 Walker: 16 Trial Log Prob: 470.7865565437562 Prob: 0.4746237295430704 Frac: 0.3436557643238228
Step: 596 Walker: 28 Trial Log Prob: 417.09186830763946 Prob: 1.0706197313573012e-19 Frac: 0.34199744778024044
Step: 684 Walker: 13 Trial Log Prob: 472.51348916297354 Prob: 0.6099905898263907 Frac: 0.3383777771273015
Number of steps: 1000 Acceptance Rate: 0.32958
Step: 1282 Walker: 9 Trial Log Prob: 472.8761369686119 Prob: 5.714071133459565 Frac: 0.2943310335016715
Step: 1399 Walker: 9 Trial Log Prob: 463.4236088045683 Prob: 0.1373828121088477 Frac: 0.29594655683359283
Step: 1747 Walker: 35 Trial Log Prob: 473.6370896806553 Prob: 0.9319543386771073 Frac: 0.2935047542520423
Step: 1754 Walker: 15 Trial Log Prob: 447.0084468991455 Prob: 6.9156160832699065e-6 Frac: 0.29348201247842826
Step: 1869 Walker: 36 Trial Log Prob: 470.03952968496276 Prob: 0.7537764588650293 Frac: 0.2942259876600055
Number of steps: 2000 Acceptance Rate: 0.29502
Step: 2113 Walker: 31 Trial Log Prob: 469.61856936624906 Prob: 0.43029420285143716 Frac: 0.2916000710353401
Step: 2117 Walker: 4 Trial Log Prob: 447.30437865821244 Prob: 3.085585866045384e-5 Frac: 0.29135079255685736
Step: 2351 Walker: 30 Trial Log Prob: 467.0942225373851 Prob: 0.09777164108440982 Frac: 0.28625213918996006
Step: 2497 Walker: 18 Trial Log Prob: 459.3730143887643 Prob: 0.47658487768043545 Frac: 0.2849947618663873
Step: 2497 Walker: 31 Trial Log Prob: 458.2671935164635 Prob: 0.0562149585502927 Frac: 0.2850066449196569
Step: 2556 Walker: 9 Trial Log Prob: 464.1347132846082 Prob: 0.09058068400021334 Frac: 0.2866817968947008
Step: 2801 Walker: 47 Trial Log Prob: 445.62561661182605 Prob: 4.888262382460079e-6 Frac: 0.28638849352011386
Number of steps: 3000 Acceptance Rate: 0.28616
Step: 3025 Walker: 12 Trial Log Prob: 473.9361233116655 Prob: 0.052121123453310915 Frac: 0.25825082508250824
Step: 3137 Walker: 42 Trial Log Prob: 463.26971050918644 Prob: 0.23788908928536415 Frac: 0.28471207249342295
Step: 3143 Walker: 33 Trial Log Prob: 472.2768799058881 Prob: 0.025688367797562266 Frac: 0.2855740922473013
Step: 3199 Walker: 20 Trial Log Prob: 475.9813752316892 Prob: 0.003296214652437914 Frac: 0.2857862903225806
Step: 3581 Walker: 45 Trial Log Prob: 466.4321157872704 Prob: 0.7041300715738917 Frac: 0.2914098812187984
Step: 3808 Walker: 5 Trial Log Prob: 471.07511002096174 Prob: 0.0016074642843316544 Frac: 0.2929005079915748
Step: 3923 Walker: 5 Trial Log Prob: 471.96920143008236 Prob: 0.0006644964261799457 Frac: 0.2940245092723132
Number of steps: 4000 Acceptance Rate: 0.29478
Step: 4348 Walker: 3 Trial Log Prob: 463.6215564964748 Prob: 0.2576121047453061 Frac: 0.29833458191667145
Number of steps: 5000 Acceptance Rate: 0.29164
Step: 5079 Walker: 6 Trial Log Prob: 457.71019460239717 Prob: 0.00072767697722253 Frac: 0.29365079365079366
Step: 5413 Walker: 12 Trial Log Prob: 472.59615330338914 Prob: 0.0032438538538177956 Frac: 0.28628954007374346
Step: 5472 Walker: 16 Trial Log Prob: 443.09894088061793 Prob: 1.2755790442339588e-9 Frac: 0.2878723584825596
Step: 5508 Walker: 44 Trial Log Prob: 472.1821730370697 Prob: 0.0005227018409079859 Frac: 0.2873513428368906
Step: 5928 Walker: 11 Trial Log Prob: 474.1614267812017 Prob: 0.0007332829342838675 Frac: 0.2873967343241086
Step: 5979 Walker: 27 Trial Log Prob: 472.0258157626238 Prob: 0.35206858119067613 Frac: 0.28679461238171156
Number of steps: 6000 Acceptance Rate: 0.287
Step: 6584 Walker: 27 Trial Log Prob: 457.9400127435084 Prob: 0.050019409882737106 Frac: 0.2929704904548103
Step: 6590 Walker: 40 Trial Log Prob: 471.5671151402364 Prob: 0.6004365974028891 Frac: 0.2929128518141743
Step: 6689 Walker: 13 Trial Log Prob: 468.9137749684478 Prob: 0.4718046663486959 Frac: 0.29369714933310087
Step: 6738 Walker: 11 Trial Log Prob: 462.3892862666185 Prob: 1.7392173422583563 Frac: 0.2931011095738043
Step: 6804 Walker: 47 Trial Log Prob: 461.97175813612347 Prob: 0.10071474322106164 Frac: 0.29320596064382914
Number of steps: 7000 Acceptance Rate: 0.29318
Step: 7015 Walker: 17 Trial Log Prob: 470.62812112030366 Prob: 0.00041316986246608115 Frac: 0.27615062761506276
Step: 7140 Walker: 35 Trial Log Prob: 467.6109568883601 Prob: 7.088270540290773 Frac: 0.28690050107372944
Step: 7155 Walker: 11 Trial Log Prob: 473.3209571435384 Prob: 0.08816191272096086 Frac: 0.28880819608351704
Step: 7159 Walker: 23 Trial Log Prob: 462.3107587759995 Prob: 1.2663176801907796 Frac: 0.288653287895999
Step: 7234 Walker: 36 Trial Log Prob: 450.9361146984064 Prob: 3.7040206174172635e-5 Frac: 0.2902618517884648
Step: 7392 Walker: 24 Trial Log Prob: 315.1834383870536 Prob: 2.5132031193274715e-62 Frac: 0.2931439664861551
Step: 7533 Walker: 31 Trial Log Prob: 464.046434217903 Prob: 0.6276132040366318 Frac: 0.292028087567121
Step: 7710 Walker: 22 Trial Log Prob: 394.19457731068474 Prob: 1.6367391710294996e-31 Frac: 0.29259697789806044
Number of steps: 8000 Acceptance Rate: 0.29406
Step: 8248 Walker: 5 Trial Log Prob: 465.27130380528934 Prob: 0.5158576411320049 Frac: 0.2934034803723189
Step: 8269 Walker: 14 Trial Log Prob: 468.87840185016825 Prob: 0.0009136725740386654 Frac: 0.2940211719099448
Step: 8560 Walker: 46 Trial Log Prob: 437.3527312228828 Prob: 1.9786344085275153e-12 Frac: 0.29507786826689525
Step: 8845 Walker: 11 Trial Log Prob: 462.66424638098 Prob: 0.8836739873471291 Frac: 0.2912037146715311
Step: 8891 Walker: 41 Trial Log Prob: 471.5777754898354 Prob: 1.8795237554976347 Frac: 0.29099032352214815
Step: 8943 Walker: 21 Trial Log Prob: 422.6789720767956 Prob: 7.690618144558251e-18 Frac: 0.2915897370599096
Step: 8986 Walker: 38 Trial Log Prob: 470.2645092060143 Prob: 0.9472040811698272 Frac: 0.29207920792079206
Number of steps: 9000 Acceptance Rate: 0.29222
Step: 9320 Walker: 47 Trial Log Prob: 470.2504517345995 Prob: 1.1989641850234387 Frac: 0.28905419766206164
Step: 9481 Walker: 2 Trial Log Prob: 389.0017623086258 Prob: 7.962488698338978e-31 Frac: 0.2898508457628531
Step: 9572 Walker: 9 Trial Log Prob: 467.74725560554396 Prob: 0.31590930364295733 Frac: 0.2895759655450121
Step: 9690 Walker: 18 Trial Log Prob: 473.1252928509073 Prob: 0.0795885951455459 Frac: 0.29073343390971335
Step: 9816 Walker: 37 Trial Log Prob: 456.05581414862576 Prob: 0.011066781883709017 Frac: 0.29063181896192414
Step: 9818 Walker: 25 Trial Log Prob: 459.64183661750496 Prob: 0.04306167044128098 Frac: 0.2906911314984709
Step: 9926 Walker: 9 Trial Log Prob: 468.4456722118882 Prob: 0.00027551696535622395 Frac: 0.29127304956873257
Number of steps: 10000 Acceptance Rate: 0.2927
Step: 10263 Walker: 24 Trial Log Prob: 472.8863348288642 Prob: 0.03758901534459835 Frac: 0.2790307832977751
Step: 10334 Walker: 23 Trial Log Prob: 465.63782746232374 Prob: 1.436708453692219 Frac: 0.2820128351226534
Step: 10709 Walker: 13 Trial Log Prob: 470.31978273764094 Prob: 0.36451883625832837 Frac: 0.2813656002033152
Step: 10808 Walker: 3 Trial Log Prob: 466.2104448196625 Prob: 0.9844260145055735 Frac: 0.28215993854236365
Step: 10927 Walker: 38 Trial Log Prob: 474.7731307717291 Prob: 0.1327591229463363 Frac: 0.2825974362294445
Step: 10995 Walker: 21 Trial Log Prob: 449.72751881546424 Prob: 3.0119941292080665e-5 Frac: 0.28219464612537964
Number of steps: 11000 Acceptance Rate: 0.28224
Step: 11337 Walker: 22 Trial Log Prob: 443.57594930418446 Prob: 1.4936980491130048e-6 Frac: 0.29360361431458804
Step: 11362 Walker: 6 Trial Log Prob: 465.6376999118486 Prob: 1.007553074474764 Frac: 0.29353123615418697
Step: 11460 Walker: 17 Trial Log Prob: 473.3214110921415 Prob: 0.007591483286749691 Frac: 0.29376932119998256
Step: 11570 Walker: 17 Trial Log Prob: 470.7390213747714 Prob: 0.032612890396317554 Frac: 0.2905820774932378
Step: 11605 Walker: 28 Trial Log Prob: 438.1810156306629 Prob: 3.9533928176529405e-10 Frac: 0.28940055577610163
Number of steps: 12000 Acceptance Rate: 0.28432
Step: 12070 Walker: 36 Trial Log Prob: 472.96786218876605 Prob: 0.17709927415758203 Frac: 0.291451520367183
Step: 12089 Walker: 27 Trial Log Prob: 470.5113780468491 Prob: 1.212549283074023 Frac: 0.2936525864016264
Step: 12432 Walker: 26 Trial Log Prob: 445.19799530544947 Prob: 4.716758227780612e-12 Frac: 0.3025120504263997
Step: 12906 Walker: 26 Trial Log Prob: 473.05796295268686 Prob: 0.054983717242880925 Frac: 0.2941956003180493
Step: 12934 Walker: 16 Trial Log Prob: 461.7440341675288 Prob: 0.5500978271905316 Frac: 0.29333990485578365
Step: 12952 Walker: 33 Trial Log Prob: 460.91014621130876 Prob: 0.09397107958721371 Frac: 0.29321396296996827
Number of steps: 13000 Acceptance Rate: 0.29284
Step: 13278 Walker: 43 Trial Log Prob: 450.7461298619746 Prob: 4.5571698956680935e-8 Frac: 0.2949686892679767
Step: 13473 Walker: 44 Trial Log Prob: 471.21788390302675 Prob: 0.0001030217640225892 Frac: 0.2912366773811538
Step: 13527 Walker: 39 Trial Log Prob: 470.1426891440791 Prob: 0.00819921745777919 Frac: 0.2901780629484794
Step: 13550 Walker: 25 Trial Log Prob: 441.2610386579699 Prob: 1.0666257635009222e-5 Frac: 0.2903002729754322
Step: 13652 Walker: 25 Trial Log Prob: 433.2761641262915 Prob: 8.89967347086077e-11 Frac: 0.2916039907904835
Step: 13687 Walker: 22 Trial Log Prob: 475.1019535234799 Prob: 0.019590817011601744 Frac: 0.2910086824777111
Step: 13993 Walker: 38 Trial Log Prob: 440.9044646605381 Prob: 9.896904142023949e-5 Frac: 0.29082557717877433
Number of steps: 14000 Acceptance Rate: 0.29064
Step: 14301 Walker: 21 Trial Log Prob: 473.17753232660345 Prob: 0.008471693812125834 Frac: 0.28812995140137143
Step: 14416 Walker: 25 Trial Log Prob: 467.6097414847401 Prob: 0.8446454148985011 Frac: 0.2869795427196149
Step: 14554 Walker: 5 Trial Log Prob: 351.3393114582718 Prob: 1.3002007316859683e-46 Frac: 0.2841800759356355
Number of steps: 15000 Acceptance Rate: 0.28576
Step: 15148 Walker: 11 Trial Log Prob: 476.4453771443834 Prob: 0.039076724007334876 Frac: 0.3078386088846624
Step: 15554 Walker: 30 Trial Log Prob: 475.76889297833685 Prob: 0.026895149782756166 Frac: 0.2973265895953757
Step: 15555 Walker: 7 Trial Log Prob: 467.0161207004703 Prob: 1.3863299313351738 Frac: 0.29728949362976864
Step: 15755 Walker: 6 Trial Log Prob: -Inf Prob: 0.0 Frac: 0.29788362594812495
Step: 15921 Walker: 35 Trial Log Prob: 454.4077892526014 Prob: 0.0015557019855316104 Frac: 0.2982730531117628
Number of steps: 16000 Acceptance Rate: 0.29768
Step: 16021 Walker: 7 Trial Log Prob: 470.8087897056913 Prob: 0.036765158564187446 Frac: 0.2869910625620655
Step: 16041 Walker: 8 Trial Log Prob: 468.5229069635636 Prob: 0.9996462428158078 Frac: 0.2868525896414343
Step: 16260 Walker: 4 Trial Log Prob: 470.093632240195 Prob: 0.3911343685848452 Frac: 0.2889454994596264
Step: 16517 Walker: 8 Trial Log Prob: 461.8898386483121 Prob: 0.41788709606822405 Frac: 0.28673279603223806
Step: 16518 Walker: 1 Trial Log Prob: 469.17322997096215 Prob: 0.3856751401934672 Frac: 0.28679741596069785
Step: 16549 Walker: 16 Trial Log Prob: 443.5996263535581 Prob: 5.504333834897789e-5 Frac: 0.2864385760140064
Step: 16763 Walker: 24 Trial Log Prob: 471.59006177599827 Prob: 0.14430180615856975 Frac: 0.28785017311929495
Step: 16790 Walker: 1 Trial Log Prob: 471.9959392155622 Prob: 0.19675258780963958 Frac: 0.2889660591619984
Number of steps: 17000 Acceptance Rate: 0.29006
Step: 17225 Walker: 33 Trial Log Prob: 412.6317188384893 Prob: 1.3312051691204517e-21 Frac: 0.30134425353868066
Step: 17299 Walker: 6 Trial Log Prob: 474.5562223678897 Prob: 0.9439093484492798 Frac: 0.30122098483832016
Step: 17326 Walker: 30 Trial Log Prob: 463.0128098035285 Prob: 0.2159218653407056 Frac: 0.2996314496314496
Step: 17548 Walker: 20 Trial Log Prob: 470.55181421768515 Prob: 0.9894805047822437 Frac: 0.2990135184508586
Step: 17617 Walker: 16 Trial Log Prob: 415.87833314167125 Prob: 8.94988243177183e-23 Frac: 0.29874091381100726
Number of steps: 18000 Acceptance Rate: 0.29844
Step: 18236 Walker: 41 Trial Log Prob: 384.11458726653603 Prob: 3.4356934448794212e-34 Frac: 0.2828428462386566
Step: 18656 Walker: 22 Trial Log Prob: 469.5216589357185 Prob: 2.4247090651473817 Frac: 0.2836262663249115
Step: 18677 Walker: 45 Trial Log Prob: 462.1416378182338 Prob: 0.005876841696766706 Frac: 0.2842960555473482
Step: 18867 Walker: 9 Trial Log Prob: 473.22437695998343 Prob: 0.1005807155829699 Frac: 0.28857743194255236
Number of steps: 19000 Acceptance Rate: 0.28882
Step: 19098 Walker: 30 Trial Log Prob: 437.20070382664625 Prob: 5.923917451056133e-13 Frac: 0.26762295081967213
Step: 19153 Walker: 21 Trial Log Prob: 471.3179965448281 Prob: 0.0032246441805084294 Frac: 0.274504658181341
Step: 19208 Walker: 24 Trial Log Prob: 471.7238473922782 Prob: 0.08828651422394192 Frac: 0.2799305957200694
Step: 19331 Walker: 46 Trial Log Prob: 471.76368619167454 Prob: 0.9668381746978446 Frac: 0.28000725250815905
Step: 19620 Walker: 44 Trial Log Prob: 471.7543888847362 Prob: 0.009964397260886533 Frac: 0.2827321417048461
Step: 19753 Walker: 25 Trial Log Prob: 438.01024180549933 Prob: 1.0744644751817347e-8 Frac: 0.2848637873754153
Step: 19973 Walker: 12 Trial Log Prob: 429.46673562943533 Prob: 2.610042594049712e-16 Frac: 0.28704846539948986
Number of steps: 20000 Acceptance Rate: 0.28754
Step: 20613 Walker: 24 Trial Log Prob: 429.4854424230509 Prob: 1.040902245355827e-12 Frac: 0.2907850052246604
Number of steps: 21000 Acceptance Rate: 0.29044
Step: 21073 Walker: 25 Trial Log Prob: 468.9223260131603 Prob: 6.984256594966998e-5 Frac: 0.2849655172413793
Step: 21128 Walker: 43 Trial Log Prob: 406.2738336763358 Prob: 2.5231906787335344e-22 Frac: 0.2857813233223839
Step: 21285 Walker: 18 Trial Log Prob: 426.1212966947204 Prob: 1.4368376964136302e-15 Frac: 0.2813335208890139
Step: 21689 Walker: 49 Trial Log Prob: 444.0962861100633 Prob: 1.1682181473171881e-9 Frac: 0.27965978693140586
Step: 21792 Walker: 18 Trial Log Prob: 451.7763726909271 Prob: 4.1027239239630085e-5 Frac: 0.2804033562474727
Step: 21801 Walker: 10 Trial Log Prob: 464.9735261087852 Prob: 0.7367639106543099 Frac: 0.2802049487628093
Step: 21810 Walker: 22 Trial Log Prob: 451.2561172492598 Prob: 0.0001134724191995478 Frac: 0.28014429729195495
Step: 21863 Walker: 8 Trial Log Prob: 473.84379573391794 Prob: 2.7214103199635282 Frac: 0.2798320497355479
Step: 21914 Walker: 45 Trial Log Prob: 431.0249334492583 Prob: 1.2289206404776067e-14 Frac: 0.27933034248823724
Step: 21924 Walker: 37 Trial Log Prob: 466.302007717297 Prob: 1.0801225316747696 Frac: 0.2790395565851863
Number of steps: 22000 Acceptance Rate: 0.27774
Step: 22026 Walker: 34 Trial Log Prob: 468.9760188611014 Prob: 0.6950951453932784 Frac: 0.2733644859813084
Step: 22112 Walker: 38 Trial Log Prob: 442.20462605384245 Prob: 2.937058785350341e-9 Frac: 0.26735862562634216
Step: 22304 Walker: 6 Trial Log Prob: 474.26154880889806 Prob: 0.0001080961715343349 Frac: 0.2680786487199789
Step: 22570 Walker: 26 Trial Log Prob: 467.41405801093214 Prob: 1.2960787196262369 Frac: 0.2724399494310999
Number of steps: 23000 Acceptance Rate: 0.27406
Step: 23315 Walker: 17 Trial Log Prob: 426.39923588429826 Prob: 7.885937193615993e-17 Frac: 0.29592161353947954
Step: 23364 Walker: 21 Trial Log Prob: 471.3577497835657 Prob: 1.1176100030040585 Frac: 0.29431511749490946
Step: 23472 Walker: 16 Trial Log Prob: 466.12842751606 Prob: 1.4248285590885892 Frac: 0.2928371382500212
Number of steps: 24000 Acceptance Rate: 0.29054
Step: 24048 Walker: 29 Trial Log Prob: 467.71249584463317 Prob: 0.12052649555069611 Frac: 0.28415300546448086
Step: 24092 Walker: 31 Trial Log Prob: 468.87179584940435 Prob: 0.8400705476466441 Frac: 0.2861820563195809
Step: 24525 Walker: 20 Trial Log Prob: 466.04524331740265 Prob: 1.494060224177337 Frac: 0.287070938215103
Step: 24744 Walker: 24 Trial Log Prob: 460.280107049475 Prob: 0.0006969488445566716 Frac: 0.2853607359982784
Step: 24928 Walker: 24 Trial Log Prob: 469.52933459554185 Prob: 1.0039292292054878 Frac: 0.28436192694182083
Number of steps: 25000 Acceptance Rate: 0.28422
Step: 25001 Walker: 30 Trial Log Prob: 459.00378170423176 Prob: 0.19365378071984754 Frac: 0.26666666666666666
Step: 25393 Walker: 25 Trial Log Prob: 180.98840765493222 Prob: 3.0434804206159332e-120 Frac: 0.28932484076433124
Step: 25882 Walker: 45 Trial Log Prob: 475.10575712514583 Prob: 0.16578319293536897 Frac: 0.2889670030615716
Number of steps: 26000 Acceptance Rate: 0.28832
Step: 26028 Walker: 9 Trial Log Prob: 472.140922971602 Prob: 0.0015573225895403765 Frac: 0.2891832229580574
Step: 26034 Walker: 28 Trial Log Prob: 254.70385302539367 Prob: 3.959156889381968e-90 Frac: 0.2896305125148987
Step: 26259 Walker: 37 Trial Log Prob: 468.1328448702939 Prob: 1.999985106547631 Frac: 0.28955708433176164
Step: 26341 Walker: 30 Trial Log Prob: 443.64107240217623 Prob: 2.7711333920953664e-8 Frac: 0.2876100998238403
Step: 26402 Walker: 35 Trial Log Prob: 449.12863982026 Prob: 3.788775590885259e-7 Frac: 0.2846402788150361
Step: 26546 Walker: 24 Trial Log Prob: 466.77034286897515 Prob: 1.0342147153776586 Frac: 0.2885898658062624
Step: 26749 Walker: 27 Trial Log Prob: 469.5511525004227 Prob: 0.3976332110099654 Frac: 0.28578299088893044
Number of steps: 27000 Acceptance Rate: 0.28794
Step: 27013 Walker: 23 Trial Log Prob: 471.1060173551786 Prob: 0.786288667166989 Frac: 0.27768860353130015
Step: 27382 Walker: 48 Trial Log Prob: 470.9466848130103 Prob: 1.4507299884518963 Frac: 0.29678500366530525
Step: 27398 Walker: 22 Trial Log Prob: 466.7365936206943 Prob: 1.0074842834956443 Frac: 0.29634661835748793
Step: 27582 Walker: 19 Trial Log Prob: 468.1153540819331 Prob: 0.12768447802439603 Frac: 0.2914444941346452
Step: 27746 Walker: 19 Trial Log Prob: 469.2327490420382 Prob: 0.28203319758960954 Frac: 0.2916901446242185
Step: 27825 Walker: 3 Trial Log Prob: 465.58048169321137 Prob: 0.6964958143873841 Frac: 0.2914108196005145
Number of steps: 28000 Acceptance Rate: 0.28918
Step: 28731 Walker: 24 Trial Log Prob: 468.62745073516595 Prob: 1.0701628865589157 Frac: 0.28600372357901654
Step: 28829 Walker: 14 Trial Log Prob: 457.346239674334 Prob: 0.23990764937316048 Frac: 0.28661805186651856
Step: 28930 Walker: 13 Trial Log Prob: 471.753155298396 Prob: 1.0611277972006117 Frac: 0.2876482362309795
Step: 28936 Walker: 5 Trial Log Prob: 471.0543175142791 Prob: 0.10059469579677996 Frac: 0.28773393219976473
Number of steps: 29000 Acceptance Rate: 0.28896
Step: 29197 Walker: 21 Trial Log Prob: 473.27320981795003 Prob: 0.01613504498777084 Frac: 0.2798085734650239
Step: 29533 Walker: 9 Trial Log Prob: 474.15239578673555 Prob: 0.015028454201006918 Frac: 0.28159645232815966
Step: 29631 Walker: 34 Trial Log Prob: 268.5170562984734 Prob: 1.875602207169524e-82 Frac: 0.2826155895224202
Step: 29693 Walker: 47 Trial Log Prob: 474.90934082797446 Prob: 0.1194459205937394 Frac: 0.28253528444021125
Step: 29740 Walker: 28 Trial Log Prob: 443.71757441478155 Prob: 4.004858355294095e-10 Frac: 0.28297906863540484
Number of steps: 30000 Acceptance Rate: 0.28526
Step: 30228 Walker: 4 Trial Log Prob: 470.59148501899847 Prob: 1.1650369899637865 Frac: 0.2976043685044918
Step: 30462 Walker: 16 Trial Log Prob: 473.46153290305324 Prob: 0.0007987191013098051 Frac: 0.29502297754270357
Step: 30819 Walker: 47 Trial Log Prob: 473.6277355611873 Prob: 0.003715720943352147 Frac: 0.29648081666544557
Step: 30905 Walker: 34 Trial Log Prob: 449.56389443849406 Prob: 0.00011746761656068695 Frac: 0.29692266878896406
Number of steps: 31000 Acceptance Rate: 0.29634
Step: 31299 Walker: 17 Trial Log Prob: 471.4119579881041 Prob: 0.5118324544644515 Frac: 0.291010256754039
Step: 31422 Walker: 42 Trial Log Prob: 468.4456789429096 Prob: 1.1252567028871971 Frac: 0.29082116442252987
Step: 31482 Walker: 32 Trial Log Prob: 467.0296447714729 Prob: 1.13774569948818 Frac: 0.29038285856656426
Step: 31570 Walker: 24 Trial Log Prob: 460.6579631945662 Prob: 0.054019298410237115 Frac: 0.292793425581232
Step: 31642 Walker: 47 Trial Log Prob: 467.7675483136752 Prob: 0.21233160086771816 Frac: 0.2921456833972022
Step: 31645 Walker: 33 Trial Log Prob: 470.1497475470682 Prob: 0.6594552337243859 Frac: 0.2921540036608445
Step: 31725 Walker: 24 Trial Log Prob: 441.04890151158145 Prob: 5.8796436853704343e-8 Frac: 0.2929273409893993
Step: 31871 Walker: 27 Trial Log Prob: 461.9520431797512 Prob: 0.06648002172985791 Frac: 0.29457578055000344
Number of steps: 32000 Acceptance Rate: 0.29428
Step: 32207 Walker: 20 Trial Log Prob: 419.05441451600154 Prob: 6.727846206749601e-19 Frac: 0.29767441860465116
Step: 32311 Walker: 44 Trial Log Prob: 462.7595038694706 Prob: 2.0657249221188425 Frac: 0.2954837879567679
Step: 32312 Walker: 43 Trial Log Prob: 448.2230201402201 Prob: 0.0005470673973733682 Frac: 0.2954530879240685
Step: 32450 Walker: 38 Trial Log Prob: 464.49209127344875 Prob: 0.3593679921911368 Frac: 0.29638029171113484
Step: 32646 Walker: 6 Trial Log Prob: 443.2548230325489 Prob: 9.159173006926426e-8 Frac: 0.2966579861111111
Number of steps: 33000 Acceptance Rate: 0.29312
Step: 33360 Walker: 4 Trial Log Prob: 464.7499125360782 Prob: 5.544707718604499e-6 Frac: 0.28004901414726524
Step: 33543 Walker: 36 Trial Log Prob: 468.5026406215891 Prob: 0.006895541070461908 Frac: 0.285266804245283
Step: 33828 Walker: 36 Trial Log Prob: 459.9617473077904 Prob: 0.07602324048448003 Frac: 0.28748852268883196
Number of steps: 34000 Acceptance Rate: 0.288
Step: 34034 Walker: 3 Trial Log Prob: 446.39577084820314 Prob: 2.958025602345912e-7 Frac: 0.2885662431941924
Step: 34410 Walker: 37 Trial Log Prob: 469.1954954253212 Prob: 0.7635349909456708 Frac: 0.29003758480987946
Step: 34470 Walker: 37 Trial Log Prob: 471.8724066694376 Prob: 0.3116439909593352 Frac: 0.28952186315834294
Step: 34512 Walker: 38 Trial Log Prob: 456.2725777382415 Prob: 0.020774834716587965 Frac: 0.29009692043145224
Step: 34579 Walker: 43 Trial Log Prob: 472.9777785520377 Prob: 0.05071878341656878 Frac: 0.28856718377500606
Step: 34626 Walker: 13 Trial Log Prob: 450.6645172345829 Prob: 4.2757453872383136e-5 Frac: 0.2884240156095064
Step: 34793 Walker: 5 Trial Log Prob: 472.0537071691571 Prob: 0.140429642627036 Frac: 0.2887514202752178
Number of steps: 35000 Acceptance Rate: 0.2875
Step: 35287 Walker: 16 Trial Log Prob: 465.53481870345536 Prob: 0.004683106989399324 Frac: 0.28681195864766695
Step: 35315 Walker: 15 Trial Log Prob: 460.67316366188453 Prob: 0.12375332289282219 Frac: 0.28666878778237354
Step: 35599 Walker: 43 Trial Log Prob: 443.85846237970344 Prob: 3.14510250759569e-7 Frac: 0.28721237016998963
Step: 35935 Walker: 46 Trial Log Prob: 468.14411544547875 Prob: 0.9268412827749009 Frac: 0.2866127583108715
Number of steps: 36000 Acceptance Rate: 0.28728
Step: 36448 Walker: 24 Trial Log Prob: 450.075221457635 Prob: 1.9787771892024845e-5 Frac: 0.29176722982032716
Number of steps: 37000 Acceptance Rate: 0.29662
Step: 37161 Walker: 46 Trial Log Prob: 429.1624631278941 Prob: 1.2097918247772748e-8 Frac: 0.28685060899826
Step: 37256 Walker: 3 Trial Log Prob: 433.81886733157063 Prob: 4.853950293257008e-11 Frac: 0.28754018662275543
Step: 37493 Walker: 14 Trial Log Prob: 461.7440395225952 Prob: 0.04106169401831312 Frac: 0.2906069716421549
Step: 37583 Walker: 13 Trial Log Prob: 470.337113599147 Prob: 0.11041512827998022 Frac: 0.2906605296602892
Step: 37791 Walker: 6 Trial Log Prob: 431.7316073857697 Prob: 7.350144744975865e-14 Frac: 0.29301878195717107
Step: 37858 Walker: 43 Trial Log Prob: 474.64115714265705 Prob: 0.00011213539506137804 Frac: 0.2936143426666356
Step: 37921 Walker: 42 Trial Log Prob: 469.89015033678254 Prob: 0.230828966261713 Frac: 0.2935797749880544
Number of steps: 38000 Acceptance Rate: 0.29398
Step: 38168 Walker: 18 Trial Log Prob: 464.5944303714082 Prob: 1.0254491742787184 Frac: 0.2955305927342256
Step: 38973 Walker: 13 Trial Log Prob: 472.04927468026096 Prob: 17.857012143613613 Frac: 0.29453026968094953
Number of steps: 39000 Acceptance Rate: 0.29508
Step: 39222 Walker: 24 Trial Log Prob: 472.4162897872691 Prob: 0.43103270964319973 Frac: 0.29682138342062486
Step: 39224 Walker: 36 Trial Log Prob: 453.08016892591576 Prob: 0.0024503230815644565 Frac: 0.29671017343107453
Step: 39445 Walker: 35 Trial Log Prob: 437.68737651551794 Prob: 4.294539150430792e-9 Frac: 0.30407015965819656
Number of steps: 40000 Acceptance Rate: 0.2993
Step: 40054 Walker: 14 Trial Log Prob: 463.43732305051896 Prob: 0.06011565434814302 Frac: 0.27965465465465467
Step: 40158 Walker: 15 Trial Log Prob: 459.7220605793077 Prob: 0.22894710706376376 Frac: 0.2799745708836618
Step: 40385 Walker: 50 Trial Log Prob: 466.6489430298192 Prob: 0.629706357111609 Frac: 0.285974025974026
Step: 40424 Walker: 3 Trial Log Prob: 465.36238399899173 Prob: 0.6985455193093816 Frac: 0.2867678343497376
Step: 40892 Walker: 1 Trial Log Prob: 394.0172759232778 Prob: 1.172004691014236e-30 Frac: 0.29202487037328007
Step: 40941 Walker: 28 Trial Log Prob: 472.67867459500366 Prob: 0.4461379755604597 Frac: 0.2920175214765672
Number of steps: 41000 Acceptance Rate: 0.29144
Step: 41242 Walker: 7 Trial Log Prob: 451.3818633901154 Prob: 0.00013164533990131137 Frac: 0.2958447374968898
Step: 41295 Walker: 14 Trial Log Prob: 448.2083863326882 Prob: 7.778665389071985e-5 Frac: 0.29570477096642656
Step: 41458 Walker: 16 Trial Log Prob: 473.92714316890266 Prob: 0.7468668184786011 Frac: 0.2996151491297122
Step: 41972 Walker: 30 Trial Log Prob: 451.6576085106949 Prob: 1.609597297664035e-5 Frac: 0.29989707698641416
Number of steps: 42000 Acceptance Rate: 0.29998
Step: 42155 Walker: 4 Trial Log Prob: 462.91836306998283 Prob: 5.1443577016872565e-5 Frac: 0.2790758047767394
Step: 42242 Walker: 36 Trial Log Prob: 452.2501409455165 Prob: 0.00016139299787779992 Frac: 0.28065530365712393
Step: 42267 Walker: 26 Trial Log Prob: 437.739875621785 Prob: 3.3236772822896606e-8 Frac: 0.2825303917154435
Step: 42285 Walker: 45 Trial Log Prob: 470.6489543631894 Prob: 0.005000590857596462 Frac: 0.2833274833274833
Step: 42620 Walker: 17 Trial Log Prob: 449.0422936489763 Prob: 0.00029524351523767283 Frac: 0.28578809700649077
Step: 42751 Walker: 6 Trial Log Prob: 417.71656975302403 Prob: 6.623979484547724e-19 Frac: 0.285154375299952
Number of steps: 43000 Acceptance Rate: 0.28696
Step: 43496 Walker: 6 Trial Log Prob: 468.7527824986086 Prob: 0.5476734789916637 Frac: 0.3034011956697366
Step: 43544 Walker: 37 Trial Log Prob: 466.1368520040182 Prob: 0.035421439941311646 Frac: 0.3021296943392062
Number of steps: 44000 Acceptance Rate: 0.29478
Step: 44061 Walker: 25 Trial Log Prob: -Inf Prob: 0.0 Frac: 0.28165289256198345
Step: 44077 Walker: 37 Trial Log Prob: 469.4718802584397 Prob: 0.8962224434990443 Frac: 0.2905916080271045
Step: 44238 Walker: 48 Trial Log Prob: 434.6673007765444 Prob: 4.068886266290177e-12 Frac: 0.2838292149941167
Step: 44250 Walker: 7 Trial Log Prob: 468.0793854252803 Prob: 0.873440411040232 Frac: 0.2841775708437023
Step: 44285 Walker: 16 Trial Log Prob: 468.6426817723657 Prob: 0.9468573214747046 Frac: 0.28432751828925157
Step: 44956 Walker: 48 Trial Log Prob: 473.9880082574319 Prob: 0.06850513012913988 Frac: 0.280241851123478
Number of steps: 45000 Acceptance Rate: 0.2805
Step: 45009 Walker: 2 Trial Log Prob: 473.0244836912243 Prob: 0.08744418197258527 Frac: 0.2810945273631841
Step: 45089 Walker: 24 Trial Log Prob: 467.8441089080892 Prob: 0.4789779064155032 Frac: 0.2662748643761302
Step: 45243 Walker: 16 Trial Log Prob: 448.40492794184183 Prob: 7.415473312615554e-5 Frac: 0.2767414988445031
Step: 45535 Walker: 15 Trial Log Prob: 446.43930450254317 Prob: 4.96978612805949e-6 Frac: 0.2787946846341007
Step: 45892 Walker: 47 Trial Log Prob: 467.6186916622374 Prob: 0.48554194232408115 Frac: 0.27909949099715226
Step: 45900 Walker: 13 Trial Log Prob: 468.74543431032066 Prob: 1.1060077097575993 Frac: 0.27927406979071684
Number of steps: 46000 Acceptance Rate: 0.28098
Step: 46023 Walker: 2 Trial Log Prob: 468.26273378640127 Prob: 0.5681859430233354 Frac: 0.3076225045372051
Step: 46211 Walker: 7 Trial Log Prob: 461.614212303641 Prob: 0.5136901740080685 Frac: 0.29304273341581805
Step: 46524 Walker: 46 Trial Log Prob: 469.71987182766054 Prob: 0.00012401275993436227 Frac: 0.2958848679187662
Step: 46646 Walker: 37 Trial Log Prob: 468.9757187937563 Prob: 0.9901374112005755 Frac: 0.2950413479109239
Step: 46725 Walker: 12 Trial Log Prob: 471.99069738944445 Prob: 0.03850411337911063 Frac: 0.29570308185132
Step: 46779 Walker: 19 Trial Log Prob: 471.22211569332484 Prob: 0.00028159968077933373 Frac: 0.2960250777255325
Step: 46916 Walker: 3 Trial Log Prob: 470.0002606497477 Prob: 1.6376954271811424 Frac: 0.29744497628570804
Number of steps: 47000 Acceptance Rate: 0.29702
Step: 47300 Walker: 14 Trial Log Prob: 471.02053780237253 Prob: 0.0386004396812629 Frac: 0.28207698476343224
Step: 47612 Walker: 11 Trial Log Prob: 469.36324694276834 Prob: 0.9892497340961265 Frac: 0.284545662772815
Step: 47650 Walker: 26 Trial Log Prob: 439.25059488426274 Prob: 1.5600391828432852e-6 Frac: 0.2849180933612514
Number of steps: 48000 Acceptance Rate: 0.28904
Step: 48234 Walker: 37 Trial Log Prob: 472.0209150727493 Prob: 4.003826983440766 Frac: 0.28330623770000857
Step: 48372 Walker: 25 Trial Log Prob: 436.28086497088293 Prob: 4.415810095912646e-10 Frac: 0.28689098250336476
Step: 48459 Walker: 19 Trial Log Prob: 468.1940507515226 Prob: 1.0893789756807757 Frac: 0.2890178454557354
Step: 48527 Walker: 13 Trial Log Prob: 435.0558555086333 Prob: 9.652806918113533e-16 Frac: 0.2901227530118193
Step: 48578 Walker: 46 Trial Log Prob: 449.7420774857016 Prob: 0.0007587413198693663 Frac: 0.2917704872646733
Step: 48752 Walker: 50 Trial Log Prob: 454.1512727151955 Prob: 0.00027872430774699314 Frac: 0.29220744680851063
Step: 48839 Walker: 32 Trial Log Prob: 455.81557238497123 Prob: 0.00018654639188405456 Frac: 0.2933797577029476
Step: 48916 Walker: 26 Trial Log Prob: 449.10350603876645 Prob: 8.833169734894267e-7 Frac: 0.2940405452638937
Number of steps: 49000 Acceptance Rate: 0.2952
Step: 49042 Walker: 9 Trial Log Prob: 448.61090849401245 Prob: 1.4765540736790324e-5 Frac: 0.28994657600777074
Step: 49098 Walker: 6 Trial Log Prob: 472.48172586731994 Prob: 0.3426234693624223 Frac: 0.29200988467874794
Step: 49129 Walker: 22 Trial Log Prob: 467.74348589017035 Prob: 2.012358959837365 Frac: 0.28900654001868575
Step: 49223 Walker: 29 Trial Log Prob: 470.09517783546835 Prob: 0.47895051151090895 Frac: 0.28960373798184924
Step: 49323 Walker: 17 Trial Log Prob: 443.03132920818933 Prob: 9.694911128454601e-8 Frac: 0.28950797294781905
Step: 49363 Walker: 46 Trial Log Prob: 458.8770522868854 Prob: 0.029466496855914157 Frac: 0.2904772401631214
Step: 49687 Walker: 24 Trial Log Prob: 449.40528150729983 Prob: 6.6574342502576085e-6 Frac: 0.2938177368605058
Step: 49800 Walker: 43 Trial Log Prob: 473.1887119716444 Prob: 0.08460050964665028 Frac: 0.29300127522316405
Step: 49869 Walker: 21 Trial Log Prob: 472.5559822370663 Prob: 1.1507346858157221 Frac: 0.29225489970290874
Step: 49873 Walker: 44 Trial Log Prob: 449.2688718972888 Prob: 2.1470607584530997e-7 Frac: 0.29220511410503164
Number of steps: 50000 Acceptance Rate: 0.29248
Burn-in Number (ends): 2269
Independent Sample Size: 3836.3175660213165
855.723356 seconds (98.12 M allocations: 357.475 GiB, 5.51% gc time)
