args = ["mcmc", "30.0", "15", "ppp"]
Parameters from fit: [5.133473378124709e-6, 224.7007924811584, 2.433503768550308e6, 0.005504594841802188, 0.0025194605777925333, 2.9470250724432636e-6, 365.2563870411673, 2.433624408226788e6, 0.023617821049114498, 0.0035088900889041525, 0.0015705641867914092, 4725.586409960894, 2.4391843579641203e6, 0.05469273527743869, -0.043525386682042456]
Maximum log Prob from fit: -84.59538547808391
Step: 204 Walker: 11 Trial Log Prob: 294.7178646104106 Prob: 1.2842697406716141 Frac: 0.34760358232457433
Step: 293 Walker: 26 Trial Log Prob: 281.8672559288414 Prob: 0.04435970078113886 Frac: 0.34575413646930125
Step: 374 Walker: 33 Trial Log Prob: 303.0931683095766 Prob: 0.032674588858796164 Frac: 0.3446448643151528
Step: 668 Walker: 19 Trial Log Prob: 291.69332555147423 Prob: 1.6020433358008854 Frac: 0.3382181066259103
Step: 729 Walker: 1 Trial Log Prob: 300.0970625704682 Prob: 0.006116650317190499 Frac: 0.3359797807752534
Step: 752 Walker: 24 Trial Log Prob: 291.11656162781355 Prob: 0.5133707858573712 Frac: 0.3349124394528131
Step: 819 Walker: 33 Trial Log Prob: 300.57687106087246 Prob: 1.2178441194794207 Frac: 0.3336183519409767
Number of steps: 1000 Acceptance Rate: 0.3313
Step: 1046 Walker: 43 Trial Log Prob: 292.7435243369748 Prob: 5.190944248838352 Frac: 0.33362407326646315
Step: 1291 Walker: 12 Trial Log Prob: 298.79165243225776 Prob: 0.9887444016270088 Frac: 0.30829658213891953
Step: 1774 Walker: 40 Trial Log Prob: 279.6324389568726 Prob: 0.00015908536558831217 Frac: 0.30284311191522356
Number of steps: 2000 Acceptance Rate: 0.30262
Step: 2155 Walker: 11 Trial Log Prob: 290.33577072142646 Prob: 6.5309013864363274 Frac: 0.2767475035663338
Step: 2604 Walker: 37 Trial Log Prob: 287.23630437060785 Prob: 0.002756660207423166 Frac: 0.2812468943584987
Number of steps: 3000 Acceptance Rate: 0.27754
Step: 3003 Walker: 32 Trial Log Prob: 300.2677154234438 Prob: 0.7164328975344186 Frac: 0.24242424242424243
Step: 3143 Walker: 6 Trial Log Prob: 294.30458578849704 Prob: 0.24899016190198797 Frac: 0.27019420208274697
Step: 3503 Walker: 40 Trial Log Prob: 269.2391971303729 Prob: 5.757561572121168e-9 Frac: 0.26237072394590294
Step: 3754 Walker: 19 Trial Log Prob: 252.9269074083766 Prob: 6.551909589914023e-13 Frac: 0.26470041678834055
Step: 3957 Walker: 22 Trial Log Prob: 293.6997332388015 Prob: 1.0011065859530899 Frac: 0.262515160386433
Number of steps: 4000 Acceptance Rate: 0.2611
Step: 4012 Walker: 39 Trial Log Prob: 284.96039574135136 Prob: 0.3751508153226833 Frac: 0.21052631578947367
Step: 4119 Walker: 8 Trial Log Prob: 261.88271426537153 Prob: 1.2926062710647806e-6 Frac: 0.23527420446851727
Step: 4194 Walker: 6 Trial Log Prob: 284.8740196863089 Prob: 0.008796246563980039 Frac: 0.22814830157415078
Step: 4389 Walker: 35 Trial Log Prob: 250.4797564061828 Prob: 1.881016392508358e-15 Frac: 0.23236429122716748
Step: 4493 Walker: 36 Trial Log Prob: 294.1345487251083 Prob: 0.0023823444107099554 Frac: 0.23287059587595388
Step: 4517 Walker: 18 Trial Log Prob: 62.19237259954751 Prob: 4.728885539718244e-99 Frac: 0.23398404214114185
Step: 4628 Walker: 5 Trial Log Prob: -Inf Prob: 0.0 Frac: 0.2362940519853293
Step: 4787 Walker: 40 Trial Log Prob: 228.2987896582849 Prob: 3.7336416991372864e-22 Frac: 0.2391204880528724
Number of steps: 5000 Acceptance Rate: 0.23978
Step: 5498 Walker: 42 Trial Log Prob: 296.5993551534799 Prob: 0.03153710723594301 Frac: 0.24413466173871123
Step: 5730 Walker: 33 Trial Log Prob: 87.74586465031607 Prob: 1.9027611130376735e-85 Frac: 0.2434832661787682
Step: 5999 Walker: 31 Trial Log Prob: 226.89088276222287 Prob: 9.98822005940205e-28 Frac: 0.24065209989785905
Number of steps: 6000 Acceptance Rate: 0.24056
Step: 6046 Walker: 27 Trial Log Prob: 284.4655425507235 Prob: 0.37901889720808485 Frac: 0.25296442687747034
Step: 6103 Walker: 19 Trial Log Prob: 297.24235884498523 Prob: 0.0005484099725915934 Frac: 0.23793709708927524
Step: 6438 Walker: 35 Trial Log Prob: 231.217148128525 Prob: 7.330994789132615e-24 Frac: 0.2372858122001371
Step: 6519 Walker: 24 Trial Log Prob: 238.64834872264015 Prob: 4.497387132920499e-19 Frac: 0.23750192871470452
Step: 6805 Walker: 27 Trial Log Prob: 289.9316208364734 Prob: 9.348804629760904e-6 Frac: 0.2392671588733935
Number of steps: 7000 Acceptance Rate: 0.2413
Step: 7209 Walker: 4 Trial Log Prob: 273.33865723104526 Prob: 0.0007914184194450846 Frac: 0.2432718185313341
Step: 7657 Walker: 2 Trial Log Prob: 291.3412279871211 Prob: 0.03314793998529492 Frac: 0.24864337540393877
Step: 7800 Walker: 14 Trial Log Prob: 284.57925684533046 Prob: 0.5294131139350728 Frac: 0.24739765789210288
Step: 7907 Walker: 33 Trial Log Prob: 295.5513255851988 Prob: 0.10625769478730439 Frac: 0.24560474709372862
Number of steps: 8000 Acceptance Rate: 0.24544
Step: 8132 Walker: 1 Trial Log Prob: 294.25828052101974 Prob: 0.007726805898522197 Frac: 0.2553808578842925
Step: 8171 Walker: 22 Trial Log Prob: 295.0019777812251 Prob: 0.000992744946833254 Frac: 0.2490025815536259
Step: 8286 Walker: 32 Trial Log Prob: 192.85011157109358 Prob: 3.944766461136612e-40 Frac: 0.24807449936983617
Step: 8390 Walker: 10 Trial Log Prob: 207.30402803855773 Prob: 1.7371249135469104e-32 Frac: 0.24773895169578622
Step: 8432 Walker: 18 Trial Log Prob: 191.4063278501261 Prob: 1.1227689372705476e-41 Frac: 0.24795994065281898
Step: 8529 Walker: 17 Trial Log Prob: 296.58442206984734 Prob: 26.8011025058979 Frac: 0.24893061286292917
Step: 8720 Walker: 24 Trial Log Prob: 275.06614061854026 Prob: 0.001764015842355401 Frac: 0.25190415299938845
Number of steps: 9000 Acceptance Rate: 0.249
Step: 9043 Walker: 5 Trial Log Prob: 290.95903550502084 Prob: 0.2260808268645009 Frac: 0.25938242280285034
Step: 9049 Walker: 11 Trial Log Prob: 279.8211357497333 Prob: 2.9487062832214126e-6 Frac: 0.2550808793031937
Step: 9162 Walker: 11 Trial Log Prob: 292.0258950407237 Prob: 41.30256405199337 Frac: 0.25083736509117976
Step: 9319 Walker: 20 Trial Log Prob: 296.04406305818577 Prob: 3.1756343233972144 Frac: 0.253643216080402
Step: 9382 Walker: 22 Trial Log Prob: 295.4197514161043 Prob: 1.5967770847567002 Frac: 0.25408976510067116
Step: 9674 Walker: 42 Trial Log Prob: 291.00194470420416 Prob: 2.9959084857175857e-6 Frac: 0.2564110174522142
Step: 9725 Walker: 23 Trial Log Prob: 293.66770360936556 Prob: 1.0163965969443818 Frac: 0.25591475029677274
Step: 9743 Walker: 12 Trial Log Prob: 273.4972817181514 Prob: 3.054746816086293e-7 Frac: 0.25598189264927784
Number of steps: 10000 Acceptance Rate: 0.25196
Step: 10025 Walker: 16 Trial Log Prob: 291.20834891655005 Prob: 0.07482207622516429 Frac: 0.2524671052631579
Step: 10029 Walker: 36 Trial Log Prob: 298.0714540508799 Prob: 0.004523976906515331 Frac: 0.2541782729805014
Step: 10191 Walker: 29 Trial Log Prob: 295.6056276283403 Prob: 4.058190744898696e-5 Frac: 0.2427327106726834
Step: 10256 Walker: 2 Trial Log Prob: 290.1797052500887 Prob: 0.20468979574920435 Frac: 0.24451066499372648
Step: 10300 Walker: 43 Trial Log Prob: 176.82230964350245 Prob: 7.725237657166468e-49 Frac: 0.2437804308677383
Step: 10443 Walker: 44 Trial Log Prob: 283.3071073866303 Prob: 0.00012766883869646994 Frac: 0.24580021676300579
Step: 10709 Walker: 14 Trial Log Prob: 297.38673689147595 Prob: 0.004259193617871724 Frac: 0.24445134692494494
Step: 10730 Walker: 33 Trial Log Prob: 294.66726791664144 Prob: 0.002019863005004047 Frac: 0.24362031631170683
Step: 10892 Walker: 25 Trial Log Prob: 284.85913648921326 Prob: 6.689537927489215e-6 Frac: 0.24166012338754908
Step: 10930 Walker: 25 Trial Log Prob: 296.6409426846815 Prob: 0.01816143968088307 Frac: 0.24182894029047874
Number of steps: 11000 Acceptance Rate: 0.24198
Step: 11108 Walker: 26 Trial Log Prob: 291.05441563574203 Prob: 0.3011903043503619 Frac: 0.25186011904761907
Step: 11112 Walker: 40 Trial Log Prob: 237.72572708625654 Prob: 1.1279032174074625e-18 Frac: 0.25205724508050087
Step: 11248 Walker: 25 Trial Log Prob: 296.37703173915065 Prob: 0.001058632713376315 Frac: 0.24492929292929294
Step: 11417 Walker: 23 Trial Log Prob: 275.6637068999242 Prob: 1.3174815116527631e-5 Frac: 0.23819814628055516
Step: 11594 Walker: 23 Trial Log Prob: 293.7719058270004 Prob: 0.17214692093061532 Frac: 0.23620800053921073
Step: 11842 Walker: 13 Trial Log Prob: 285.77698080945015 Prob: 1.0700470273514826 Frac: 0.2381427858212681
Number of steps: 12000 Acceptance Rate: 0.2397
Step: 12103 Walker: 32 Trial Log Prob: 298.5389198745868 Prob: 0.994306187329794 Frac: 0.25019485580670303
Step: 12382 Walker: 34 Trial Log Prob: 293.76479824911996 Prob: 0.0008746434373383025 Frac: 0.246489205617271
Step: 12394 Walker: 15 Trial Log Prob: 227.75843824331454 Prob: 7.460235167090227e-25 Frac: 0.24581744215611492
Step: 12426 Walker: 35 Trial Log Prob: 297.47039867029264 Prob: 0.0005172033022349959 Frac: 0.24491425886774723
Step: 12482 Walker: 33 Trial Log Prob: 236.15505804997096 Prob: 9.117382206235038e-24 Frac: 0.24481999750861605
Step: 12706 Walker: 40 Trial Log Prob: 285.23749035555153 Prob: 0.7233319831260522 Frac: 0.24332672145083592
Step: 12727 Walker: 25 Trial Log Prob: 295.03950621036813 Prob: 0.00048603252375185077 Frac: 0.24388162422573983
Step: 12861 Walker: 10 Trial Log Prob: 291.19542018275246 Prob: 0.40479587825161223 Frac: 0.244594280399907
Step: 12887 Walker: 48 Trial Log Prob: 296.5869772234254 Prob: 0.13528802282382021 Frac: 0.24470100117254442
Number of steps: 13000 Acceptance Rate: 0.24342
Step: 13407 Walker: 18 Trial Log Prob: 293.96226097663816 Prob: 0.5092890229215956 Frac: 0.2404272074023034
Step: 13439 Walker: 1 Trial Log Prob: 270.48441581151434 Prob: 2.2652639069346387e-7 Frac: 0.23907584128578604
Step: 13491 Walker: 5 Trial Log Prob: 116.7439785831514 Prob: 1.9180267188554703e-76 Frac: 0.2362375025504999
Step: 13673 Walker: 16 Trial Log Prob: 263.0864045029307 Prob: 5.9303064650203e-9 Frac: 0.23708948119942885
Step: 13685 Walker: 32 Trial Log Prob: 293.1953348874849 Prob: 0.00017052220513776473 Frac: 0.2371173171301706
Step: 13719 Walker: 45 Trial Log Prob: 282.1844729079835 Prob: 0.0001353932884926744 Frac: 0.23727917651968286
Step: 13819 Walker: 32 Trial Log Prob: 294.77461714715315 Prob: 0.04633916625773827 Frac: 0.23844424899833871
Step: 13990 Walker: 49 Trial Log Prob: 268.76155977815523 Prob: 1.4305668873926568e-8 Frac: 0.23889371502454596
Number of steps: 14000 Acceptance Rate: 0.23898
Step: 14017 Walker: 4 Trial Log Prob: 287.73636294146263 Prob: 0.7600466769017391 Frac: 0.22512437810945274
Step: 14288 Walker: 44 Trial Log Prob: 297.36994088942816 Prob: 0.3659055277070262 Frac: 0.23565374461581215
Step: 14312 Walker: 12 Trial Log Prob: 244.99171392292956 Prob: 2.1812949440359874e-17 Frac: 0.23576661097545304
Step: 14626 Walker: 15 Trial Log Prob: 296.4888812289655 Prob: 0.021824270859990877 Frac: 0.2393411162641932
Step: 14791 Walker: 36 Trial Log Prob: 294.5389974642845 Prob: 0.00046018520287554416 Frac: 0.24124848239579116
Step: 14890 Walker: 33 Trial Log Prob: 296.96844700180554 Prob: 1.2836421342941187 Frac: 0.24292426320167254
Number of steps: 15000 Acceptance Rate: 0.2454
Step: 15035 Walker: 21 Trial Log Prob: 266.77584012433573 Prob: 1.512562729306593e-7 Frac: 0.2684485764090645
Step: 15315 Walker: 46 Trial Log Prob: -Inf Prob: 0.0 Frac: 0.2556839832338372
Step: 15485 Walker: 31 Trial Log Prob: 258.71008594982743 Prob: 2.8563681460343003e-12 Frac: 0.2551689983904915
Step: 15486 Walker: 13 Trial Log Prob: 280.0767629231408 Prob: 0.03524730913313496 Frac: 0.2550797510612867
Step: 15582 Walker: 41 Trial Log Prob: 285.3689654760726 Prob: 0.0845348162843039 Frac: 0.2532742085180984
Step: 15797 Walker: 13 Trial Log Prob: 295.694632140281 Prob: 0.047323503947932395 Frac: 0.2514254138095597
Number of steps: 16000 Acceptance Rate: 0.25024
Step: 16163 Walker: 43 Trial Log Prob: 252.72582693513192 Prob: 6.18277322188032e-13 Frac: 0.24020631216996194
Step: 16329 Walker: 25 Trial Log Prob: 298.36976909387977 Prob: 0.03990447822918263 Frac: 0.2371385083713851
Step: 16660 Walker: 25 Trial Log Prob: 293.7533513476682 Prob: 0.3636011380947185 Frac: 0.24184988627748294
Step: 16717 Walker: 34 Trial Log Prob: 291.85927193201223 Prob: 0.007723036866876848 Frac: 0.242172238656025
Step: 16855 Walker: 23 Trial Log Prob: -Inf Prob: 0.0 Frac: 0.24523090606933035
Step: 16880 Walker: 22 Trial Log Prob: 289.75704167461413 Prob: 2.622808967527699e-5 Frac: 0.2463613208405349
Number of steps: 17000 Acceptance Rate: 0.24702
Step: 17584 Walker: 44 Trial Log Prob: 282.3589263190522 Prob: 0.002533287611762394 Frac: 0.23676097828320888
Number of steps: 18000 Acceptance Rate: 0.24144
Step: 18199 Walker: 25 Trial Log Prob: 295.51847770311696 Prob: 0.003120074191059992 Frac: 0.2615617128463476
Step: 18435 Walker: 12 Trial Log Prob: 233.1135656014548 Prob: 2.0530947855777044e-23 Frac: 0.2571389093588799
Step: 18913 Walker: 35 Trial Log Prob: 293.5711863783682 Prob: 0.00042858646266035426 Frac: 0.2511230415251452
Step: 18935 Walker: 44 Trial Log Prob: 219.11580826227268 Prob: 2.0457580890277765e-32 Frac: 0.25055622111928805
Number of steps: 19000 Acceptance Rate: 0.24966
Step: 19115 Walker: 15 Trial Log Prob: 288.7952291344581 Prob: 0.4522916271616931 Frac: 0.2388451443569554
Step: 19177 Walker: 5 Trial Log Prob: 277.47177007549584 Prob: 0.0007149077042683442 Frac: 0.24031800113571833
Step: 19651 Walker: 18 Trial Log Prob: 300.1305315350017 Prob: 0.6324478752487973 Frac: 0.23937511532074543
Step: 19706 Walker: 10 Trial Log Prob: 270.1469153458239 Prob: 0.0005183863968632027 Frac: 0.2401588201928531
Step: 19708 Walker: 20 Trial Log Prob: 240.5825178132228 Prob: 3.2136849661694444e-23 Frac: 0.24020356234096693
Step: 19972 Walker: 40 Trial Log Prob: 292.7776070513394 Prob: 0.08689451218331719 Frac: 0.24087260753241407
Step: 19979 Walker: 22 Trial Log Prob: 293.058770925072 Prob: 0.37782203000250436 Frac: 0.24099587097829198
Number of steps: 20000 Acceptance Rate: 0.24178
Step: 20026 Walker: 7 Trial Log Prob: 249.95809157536007 Prob: 5.501898161609911e-16 Frac: 0.2466189339697693
Number of steps: 21000 Acceptance Rate: 0.2341
Step: 21757 Walker: 16 Trial Log Prob: 292.09874980562455 Prob: 1.0895813477371354 Frac: 0.2400835625132219
Step: 21757 Walker: 47 Trial Log Prob: 281.8689219761775 Prob: 1.0428706467023576 Frac: 0.24009829048537532
Step: 21778 Walker: 40 Trial Log Prob: 289.12257531723105 Prob: 3.3321838756749236e-6 Frac: 0.24031884803291334
Step: 21875 Walker: 16 Trial Log Prob: 297.7252807648918 Prob: 0.7002697077241369 Frac: 0.23979778570775
Number of steps: 22000 Acceptance Rate: 0.24094
Step: 22124 Walker: 39 Trial Log Prob: 263.23037053350953 Prob: 9.728612971432197e-11 Frac: 0.2518985296493779
Step: 22427 Walker: 1 Trial Log Prob: 262.218358391782 Prob: 4.908051074708841e-14 Frac: 0.25566874794610583
Step: 22473 Walker: 40 Trial Log Prob: 264.9453901312447 Prob: 6.392510929157365e-8 Frac: 0.2554568527918782
Step: 22994 Walker: 20 Trial Log Prob: 295.60917875813925 Prob: 0.6799935446840437 Frac: 0.2570968391383129
Number of steps: 23000 Acceptance Rate: 0.25696
Step: 23109 Walker: 31 Trial Log Prob: 221.389452015517 Prob: 4.00072953492741e-31 Frac: 0.257227030012889
Step: 23243 Walker: 46 Trial Log Prob: 224.7265207389971 Prob: 9.014240901838131e-27 Frac: 0.24592458422525934
Step: 23522 Walker: 33 Trial Log Prob: 278.64084709268445 Prob: 0.011287626829335254 Frac: 0.2421883985737837
Step: 23537 Walker: 17 Trial Log Prob: 261.6878833573112 Prob: 0.007253392954980802 Frac: 0.24156318753029796
Step: 23633 Walker: 2 Trial Log Prob: 281.11399703591195 Prob: 0.012099719382384744 Frac: 0.24375039554458577
Step: 23728 Walker: 28 Trial Log Prob: 298.5897865657938 Prob: 0.41887997521392895 Frac: 0.24734729781736214
Step: 23864 Walker: 29 Trial Log Prob: -Inf Prob: 0.0 Frac: 0.24722666110840918
Step: 23922 Walker: 4 Trial Log Prob: 284.7274204377627 Prob: 0.1370490274199636 Frac: 0.24827376557953706
Step: 23971 Walker: 10 Trial Log Prob: 274.73809999923793 Prob: 9.016984465839544e-11 Frac: 0.2484642341785199
Number of steps: 24000 Acceptance Rate: 0.24858
Step: 24037 Walker: 13 Trial Log Prob: 281.7409046079436 Prob: 1.252560583272992 Frac: 0.24765581908439052
Step: 24039 Walker: 21 Trial Log Prob: 283.7253174522522 Prob: 0.9896452964015799 Frac: 0.245705361790734
Step: 24279 Walker: 12 Trial Log Prob: 270.1949107114278 Prob: 3.140836465099406e-7 Frac: 0.25805060379528466
Step: 24898 Walker: 8 Trial Log Prob: 289.0689920970861 Prob: 1.1176555573025992 Frac: 0.25192830710241204
Number of steps: 25000 Acceptance Rate: 0.2516
Step: 25101 Walker: 14 Trial Log Prob: 266.186624061789 Prob: 0.0003882459585579396 Frac: 0.23254886318308735
Step: 25300 Walker: 45 Trial Log Prob: 272.04141939448726 Prob: 2.1188175582923444e-6 Frac: 0.24174724908302767
Step: 25528 Walker: 25 Trial Log Prob: 290.92809874320415 Prob: 0.8595138470962176 Frac: 0.2493649289099526
Step: 25671 Walker: 47 Trial Log Prob: 292.76578034496964 Prob: 1.038628204795387 Frac: 0.2498584076072376
Step: 25878 Walker: 27 Trial Log Prob: 159.77084349740844 Prob: 2.0200554128522054e-57 Frac: 0.24696310139708733
Number of steps: 26000 Acceptance Rate: 0.2446
Step: 26389 Walker: 26 Trial Log Prob: 294.0181576776697 Prob: 1.6041541888623827 Frac: 0.23689900133841243
Step: 26486 Walker: 22 Trial Log Prob: -Inf Prob: 0.0 Frac: 0.23850527356624918
Step: 26510 Walker: 21 Trial Log Prob: 299.4714101345672 Prob: 0.012272831741223898 Frac: 0.2389776608692238
Step: 26742 Walker: 20 Trial Log Prob: 294.6630877857839 Prob: 0.8768952946713924 Frac: 0.23806312381980038
Step: 26948 Walker: 12 Trial Log Prob: 296.9489232592608 Prob: 0.2542761114077392 Frac: 0.23926354461382543
Number of steps: 27000 Acceptance Rate: 0.24006
Step: 27170 Walker: 39 Trial Log Prob: 294.25315456860505 Prob: 0.016527716748438184 Frac: 0.24678996348215337
Step: 27276 Walker: 22 Trial Log Prob: 292.98077283768197 Prob: 0.6532265817472869 Frac: 0.24738600058088875
Step: 27662 Walker: 48 Trial Log Prob: 287.30590978264826 Prob: 0.023973435647120973 Frac: 0.2446673515016013
Step: 27802 Walker: 7 Trial Log Prob: 295.26463789351027 Prob: 3.3525996779737546 Frac: 0.24237960905709363
Number of steps: 28000 Acceptance Rate: 0.24152
Step: 28058 Walker: 22 Trial Log Prob: 254.0117172832177 Prob: 3.169513835408294e-12 Frac: 0.23885793871866295
Step: 28279 Walker: 49 Trial Log Prob: 253.3264438919755 Prob: 4.493324672792647e-14 Frac: 0.23614596028389132
Step: 28286 Walker: 32 Trial Log Prob: 284.8653549039337 Prob: 0.01944118694767665 Frac: 0.2363114409746534
Step: 28408 Walker: 34 Trial Log Prob: 293.52513849487315 Prob: 0.0025669090792329557 Frac: 0.23479199372056514
Step: 28524 Walker: 23 Trial Log Prob: 294.7939567200396 Prob: 0.06955462749976893 Frac: 0.23237687693424522
Step: 28659 Walker: 5 Trial Log Prob: 251.24788291754015 Prob: 1.8974913580190643e-15 Frac: 0.23288254064731803
Number of steps: 29000 Acceptance Rate: 0.23432
Step: 29171 Walker: 41 Trial Log Prob: 299.2159624757543 Prob: 0.02965042580857779 Frac: 0.24224329703781758
Step: 29183 Walker: 38 Trial Log Prob: 292.01198731285575 Prob: 0.7196011697741247 Frac: 0.2431604289778945
Step: 29324 Walker: 39 Trial Log Prob: 276.6395688849425 Prob: 2.3493395285596888e-5 Frac: 0.24318982024831676
Step: 29331 Walker: 27 Trial Log Prob: 290.26086461611334 Prob: 0.00034031078586282265 Frac: 0.24287529497186422
Step: 29356 Walker: 33 Trial Log Prob: 289.47513496946283 Prob: 0.017381961828417353 Frac: 0.24320980711915874
Step: 29662 Walker: 19 Trial Log Prob: 295.9331496937234 Prob: 0.4469726181844538 Frac: 0.24049714233874625
Step: 29742 Walker: 34 Trial Log Prob: 299.75733081585906 Prob: 1.8473288140712185 Frac: 0.24091252292093626
Step: 29873 Walker: 38 Trial Log Prob: 272.25020431133385 Prob: 4.206190217575189e-8 Frac: 0.24031807140565561
Step: 29984 Walker: 12 Trial Log Prob: 290.1143922611557 Prob: 0.03744982109061327 Frac: 0.23916846344737805
Number of steps: 30000 Acceptance Rate: 0.23886
Step: 30317 Walker: 1 Trial Log Prob: 289.0286045641443 Prob: 7.208018511635011e-6 Frac: 0.22833997848237453
Step: 30537 Walker: 42 Trial Log Prob: 292.6706812384522 Prob: 0.07747516501630507 Frac: 0.22725579315997319
Step: 30555 Walker: 24 Trial Log Prob: 299.3575438567118 Prob: 0.6677655750246669 Frac: 0.22770884432260857
Step: 30704 Walker: 47 Trial Log Prob: 289.4840577616893 Prob: 0.42725811788743717 Frac: 0.22800238656703697
Step: 30830 Walker: 1 Trial Log Prob: 271.5822929616168 Prob: 1.6704173396947464e-5 Frac: 0.22735277797881837
Number of steps: 31000 Acceptance Rate: 0.2276
Step: 31006 Walker: 45 Trial Log Prob: 295.33108200120313 Prob: 0.001418315923051614 Frac: 0.26440677966101694
Step: 31389 Walker: 10 Trial Log Prob: 266.15938803130933 Prob: 1.121433898159123e-10 Frac: 0.23039670273055127
Step: 31684 Walker: 41 Trial Log Prob: -Inf Prob: 0.0 Frac: 0.23029452195022082
Step: 31761 Walker: 2 Trial Log Prob: 236.81300976851549 Prob: 1.4771201386411362e-23 Frac: 0.23117204357665386
Step: 31769 Walker: 36 Trial Log Prob: 297.9314719483076 Prob: 1.4557516495734872 Frac: 0.23098137163076282
Number of steps: 32000 Acceptance Rate: 0.23134
Step: 32196 Walker: 9 Trial Log Prob: 291.33605688158895 Prob: 1.0257442744689071 Frac: 0.22420329951839327
Number of steps: 33000 Acceptance Rate: 0.22014
Step: 33414 Walker: 46 Trial Log Prob: -Inf Prob: 0.0 Frac: 0.23656745264785467
Step: 33425 Walker: 29 Trial Log Prob: 294.2937611122061 Prob: 0.0008655425146094557 Frac: 0.2366102972349145
Step: 33551 Walker: 20 Trial Log Prob: 287.46950826295125 Prob: 0.8541987360529271 Frac: 0.2380450581395349
Step: 33586 Walker: 35 Trial Log Prob: 291.62413225645133 Prob: 3.815017683130708 Frac: 0.23831312958852655
Step: 33681 Walker: 46 Trial Log Prob: 286.2044350879387 Prob: 0.052582688976992545 Frac: 0.23938201257122715
Step: 33810 Walker: 50 Trial Log Prob: 298.0622521407803 Prob: 0.00040697452873864987 Frac: 0.24180246913580247
Step: 33857 Walker: 27 Trial Log Prob: 287.38196302843784 Prob: 0.07571983862041563 Frac: 0.24162327503677586
Number of steps: 34000 Acceptance Rate: 0.24318
Step: 34633 Walker: 30 Trial Log Prob: 264.4663208628411 Prob: 2.7448909763541097e-11 Frac: 0.24884603224786594
Number of steps: 35000 Acceptance Rate: 0.2509
Step: 35334 Walker: 17 Trial Log Prob: 289.1870266563219 Prob: 0.44998381529768167 Frac: 0.251034979300414
Step: 35384 Walker: 13 Trial Log Prob: 287.9883667115494 Prob: 4.3295716712634436 Frac: 0.2503261493503105
Step: 35667 Walker: 42 Trial Log Prob: 298.37075571271174 Prob: 1.4280990440733865 Frac: 0.2507348089496731
Step: 35727 Walker: 10 Trial Log Prob: 288.7780639765723 Prob: 1.561962271136678e-5 Frac: 0.25072982649407877
Step: 35735 Walker: 12 Trial Log Prob: 287.8987250193845 Prob: 3.0821717919599467 Frac: 0.25032686859882325
Number of steps: 36000 Acceptance Rate: 0.24516
Step: 36157 Walker: 33 Trial Log Prob: 250.56218905061752 Prob: 1.0549056506486894e-14 Frac: 0.23515894293374187
Step: 36481 Walker: 47 Trial Log Prob: 278.85517944402073 Prob: 0.021216244700225872 Frac: 0.2299247307356427
Step: 36613 Walker: 1 Trial Log Prob: 296.6201445271145 Prob: 1.0229026200665563 Frac: 0.22963301852880624
Step: 36914 Walker: 37 Trial Log Prob: 293.5683272143113 Prob: 5.391959712654005 Frac: 0.2284676166086633
Number of steps: 37000 Acceptance Rate: 0.22724
Step: 37132 Walker: 1 Trial Log Prob: 288.1279493363457 Prob: 0.05075054912541984 Frac: 0.23904747366814227
Step: 37144 Walker: 44 Trial Log Prob: 284.439845692543 Prob: 0.23236711734827833 Frac: 0.24033917153183207
Step: 37369 Walker: 4 Trial Log Prob: 286.9556251098518 Prob: 0.6515964176884009 Frac: 0.24021951749619647
Step: 37951 Walker: 45 Trial Log Prob: 297.03758270223113 Prob: 1.1223576440383831 Frac: 0.23413608160689872
Step: 37997 Walker: 7 Trial Log Prob: 290.584503493307 Prob: 0.9674030204371195 Frac: 0.2344248800369426
Number of steps: 38000 Acceptance Rate: 0.2343
Step: 38192 Walker: 34 Trial Log Prob: 249.80501262142639 Prob: 8.118520184577327e-17 Frac: 0.22840150250417363
Step: 38229 Walker: 25 Trial Log Prob: 276.1107505755241 Prob: 0.005531170114868134 Frac: 0.23010940919037198
Step: 38521 Walker: 48 Trial Log Prob: 294.6019984852158 Prob: 0.09837602613121088 Frac: 0.23138052825552827
Step: 38696 Walker: 4 Trial Log Prob: 288.5010041255747 Prob: 1.076725431691346 Frac: 0.23174310870691142
Number of steps: 39000 Acceptance Rate: 0.23432
Step: 39111 Walker: 3 Trial Log Prob: 293.18098332039426 Prob: 0.03040301311500751 Frac: 0.25422496819916407
Step: 39131 Walker: 43 Trial Log Prob: 298.64099795256345 Prob: 0.09938340870322708 Frac: 0.25080238422741863
Step: 39212 Walker: 5 Trial Log Prob: 99.34669924396124 Prob: 1.0026554463113167e-79 Frac: 0.24784462340123165
Step: 39359 Walker: 10 Trial Log Prob: 271.42064124889816 Prob: 2.448382910649369e-7 Frac: 0.24723618090452262
Step: 39638 Walker: 4 Trial Log Prob: 181.2795733588395 Prob: 1.0195236891956454e-50 Frac: 0.25076913417467195
Step: 39814 Walker: 16 Trial Log Prob: 293.4031499193138 Prob: 0.4541521897374177 Frac: 0.24929916883883343
Number of steps: 40000 Acceptance Rate: 0.25036
Step: 40389 Walker: 49 Trial Log Prob: 253.83850135629257 Prob: 2.8172835496767024e-12 Frac: 0.24726207002930742
Step: 40413 Walker: 50 Trial Log Prob: 291.3127481619143 Prob: 0.11282111420201378 Frac: 0.24915254237288137
Step: 40440 Walker: 30 Trial Log Prob: 283.75852892873394 Prob: 0.014731873346175994 Frac: 0.24849863512283896
Step: 40463 Walker: 6 Trial Log Prob: 282.2112605182818 Prob: 0.000591435638989708 Frac: 0.24993508179693585
Step: 40511 Walker: 32 Trial Log Prob: 265.07934902876536 Prob: 2.996574131146348e-8 Frac: 0.25039166536111546
Step: 40582 Walker: 50 Trial Log Prob: 270.2031443293246 Prob: 5.83323947806933e-7 Frac: 0.24831615120274914
Step: 40912 Walker: 17 Trial Log Prob: 222.50726339765424 Prob: 7.75150417040321e-25 Frac: 0.24697697895406764
Number of steps: 41000 Acceptance Rate: 0.24732
Step: 41454 Walker: 11 Trial Log Prob: 296.5504943806802 Prob: 0.5051348940459093 Frac: 0.2456202285865584
Step: 41655 Walker: 47 Trial Log Prob: 282.3011600255522 Prob: 0.00026725446323333843 Frac: 0.24484685620056798
Step: 41932 Walker: 25 Trial Log Prob: 291.23815624701376 Prob: 0.0929193405304389 Frac: 0.2443370907139023
Number of steps: 42000 Acceptance Rate: 0.24362
Step: 42398 Walker: 42 Trial Log Prob: 285.80155326392105 Prob: 0.07754135637426202 Frac: 0.2381359340438367
Step: 42779 Walker: 32 Trial Log Prob: 290.1486247776835 Prob: 0.00034391181738971035 Frac: 0.2399311620260968
Step: 42827 Walker: 40 Trial Log Prob: 285.8531950181751 Prob: 0.9348248756151843 Frac: 0.2397194000967586
Number of steps: 43000 Acceptance Rate: 0.24062
Step: 43242 Walker: 7 Trial Log Prob: 278.25405261678713 Prob: 0.10792447304452024 Frac: 0.23405490586381356
Step: 43294 Walker: 8 Trial Log Prob: 292.26359932797186 Prob: 0.0003985115226017688 Frac: 0.23284213398826578
Step: 43633 Walker: 49 Trial Log Prob: 278.0335173486534 Prob: 5.303452353330677e-6 Frac: 0.23672153938513066
Step: 43881 Walker: 29 Trial Log Prob: 261.6037007901835 Prob: 8.725500504032813e-12 Frac: 0.23945581321401804
Step: 43912 Walker: 1 Trial Log Prob: 283.17257349058167 Prob: 2.251502780912181 Frac: 0.23984105727645935
Step: 43947 Walker: 44 Trial Log Prob: 224.08174475080935 Prob: 3.0760539760135805e-25 Frac: 0.23996704967894558
Step: 43964 Walker: 30 Trial Log Prob: 291.9655035127798 Prob: 0.4669186409686419 Frac: 0.24005811540058114
Number of steps: 44000 Acceptance Rate: 0.23976
Step: 44388 Walker: 21 Trial Log Prob: 193.2850177378736 Prob: 1.4156528707781627e-39 Frac: 0.24381807857105983
Number of steps: 45000 Acceptance Rate: 0.24246
Step: 45083 Walker: 32 Trial Log Prob: 183.13969310865286 Prob: 4.919916401891081e-45 Frac: 0.23814133591481124
Step: 45180 Walker: 29 Trial Log Prob: 291.4965156486386 Prob: 0.00017285994578716186 Frac: 0.23020380888740394
Step: 45667 Walker: 50 Trial Log Prob: 254.63193481137398 Prob: 3.4602756903354165e-14 Frac: 0.2272263868065967
Number of steps: 46000 Acceptance Rate: 0.2325
Step: 46024 Walker: 34 Trial Log Prob: 272.50206227032317 Prob: 2.9385618198937185e-10 Frac: 0.21537162162162163
Step: 46210 Walker: 27 Trial Log Prob: 281.45959088631037 Prob: 0.042308998703480594 Frac: 0.231077598549203
Step: 46279 Walker: 18 Trial Log Prob: 294.1874019830972 Prob: 0.08083232127605895 Frac: 0.2321454231929875
Step: 46382 Walker: 27 Trial Log Prob: 299.01784812725714 Prob: 1.1527702574844417e-5 Frac: 0.23363212245111914
Step: 46397 Walker: 1 Trial Log Prob: 282.86626518950175 Prob: 0.021825909476111464 Frac: 0.23387707691530732
Step: 46435 Walker: 46 Trial Log Prob: 253.9317183629991 Prob: 8.864314701639562e-17 Frac: 0.23429596247585763
Number of steps: 47000 Acceptance Rate: 0.2323
Step: 47672 Walker: 37 Trial Log Prob: 299.1783602936567 Prob: 0.8170664317465318 Frac: 0.23378092714443088
Number of steps: 48000 Acceptance Rate: 0.23338
Step: 48073 Walker: 49 Trial Log Prob: 299.49769547921574 Prob: 0.10798336588034088 Frac: 0.22937791175664565
Step: 48266 Walker: 18 Trial Log Prob: 285.0120073718057 Prob: 0.09362205972674681 Frac: 0.24291528489599035
Step: 48285 Walker: 24 Trial Log Prob: 294.7380859014961 Prob: 0.06875304862855085 Frac: 0.24325084364454444
Step: 48688 Walker: 29 Trial Log Prob: 285.61833728044405 Prob: 0.2914913637743968 Frac: 0.23168213153378517
Step: 48734 Walker: 20 Trial Log Prob: 291.2888402864712 Prob: 1.3397424085682073 Frac: 0.233051540769021
Step: 48751 Walker: 45 Trial Log Prob: 279.99230129251566 Prob: 0.04892363442807834 Frac: 0.2326807830603276
Step: 48795 Walker: 26 Trial Log Prob: 294.83350072224175 Prob: 0.003676927431263125 Frac: 0.23297085032472437
Step: 48815 Walker: 26 Trial Log Prob: 280.24636742499433 Prob: 0.02234081075420947 Frac: 0.2333153268182488
Number of steps: 49000 Acceptance Rate: 0.23374
Step: 49957 Walker: 4 Trial Log Prob: 296.3356281741434 Prob: 0.26363948501620127 Frac: 0.24725964354447327
Step: 49961 Walker: 30 Trial Log Prob: 290.7883062058686 Prob: 0.5558008243362307 Frac: 0.2473662294399334
Number of steps: 50000 Acceptance Rate: 0.2476
Burn-in Number (ends): 2186
Independent Sample Size: 1596.9615775239513
1122.217332 seconds (100.33 M allocations: 716.841 GiB, 8.09% gc time)
