args = ["mcmc", "30.0", "20", "ppp"]
Parameters from fit: [5.140798716627655e-6, 224.7007738123177, 2.433503768796242e6, 0.017541371928186698, -0.006941429527669074, 3.0246452618232216e-6, 365.25633162715076, 2.433624408799177e6, 0.03218627738005216, -0.005332318612149095, 0.0013623744477012638, 5253.868346429046, 2.439678215440574e6, 0.020836226249685764, -0.01971759373077881]
Maximum log Prob from fit: -120.75899449054715
Step: 82 Walker: 38 Trial Log Prob: 388.1742883075641 Prob: 0.03290594886105585 Frac: 0.3524951076320939
Step: 267 Walker: 46 Trial Log Prob: 388.5057720006972 Prob: 1.4278506837676597 Frac: 0.34699535441330737
Step: 674 Walker: 15 Trial Log Prob: 391.1960718444075 Prob: 0.1938435184004602 Frac: 0.3354522501113916
Step: 860 Walker: 23 Trial Log Prob: 388.01860190549553 Prob: 0.008230360993222772 Frac: 0.3315570241779722
Number of steps: 1000 Acceptance Rate: 0.33032
Step: 1276 Walker: 16 Trial Log Prob: 391.05519655478304 Prob: 1.1419266287399437 Frac: 0.30045038500653787
Step: 1406 Walker: 46 Trial Log Prob: 370.087124614536 Prob: 5.286020867065198e-6 Frac: 0.3001083957430035
Step: 1419 Walker: 24 Trial Log Prob: 385.30413252318965 Prob: 0.034073179937590736 Frac: 0.29965589753393235
Step: 1531 Walker: 18 Trial Log Prob: 391.4692904739589 Prob: 0.3335358966375965 Frac: 0.3003997284863112
Number of steps: 2000 Acceptance Rate: 0.29974
Step: 2231 Walker: 8 Trial Log Prob: 382.41760205093817 Prob: 2.622466533940158 Frac: 0.3000521376433785
Step: 2673 Walker: 30 Trial Log Prob: 362.94732428768395 Prob: 3.411938685536529e-6 Frac: 0.3075527802557241
Step: 2782 Walker: 34 Trial Log Prob: 387.15151185243803 Prob: 0.031898778927600166 Frac: 0.3080800327499744
Step: 2944 Walker: 32 Trial Log Prob: 390.3136330262266 Prob: 0.20710027695815167 Frac: 0.306727141706583
Number of steps: 3000 Acceptance Rate: 0.30658
Step: 3238 Walker: 4 Trial Log Prob: 302.0420926413609 Prob: 1.263433266201654e-31 Frac: 0.3006580057364603
Step: 3329 Walker: 17 Trial Log Prob: 387.8816820935767 Prob: 0.9043089363563925 Frac: 0.2976183224706097
Step: 3355 Walker: 8 Trial Log Prob: 389.1374726174678 Prob: 0.34302052192739824 Frac: 0.29664558391687373
Step: 3488 Walker: 36 Trial Log Prob: 390.11138256194045 Prob: 0.000637116538740983 Frac: 0.29746575904207334
Step: 3557 Walker: 31 Trial Log Prob: 366.7535737210936 Prob: 0.00041984744929138686 Frac: 0.2977614889871007
Step: 3754 Walker: 14 Trial Log Prob: 367.29512400720205 Prob: 6.663122644506171e-5 Frac: 0.2986140611724724
Step: 3847 Walker: 33 Trial Log Prob: -Inf Prob: 0.0 Frac: 0.29950629532516004
Number of steps: 4000 Acceptance Rate: 0.30276
Step: 4359 Walker: 38 Trial Log Prob: 385.47632111852397 Prob: 0.14201049699209942 Frac: 0.30644441966774444
Step: 4830 Walker: 13 Trial Log Prob: 390.2614700611174 Prob: 0.4155262392171993 Frac: 0.30600776596001256
Number of steps: 5000 Acceptance Rate: 0.30724
Step: 5058 Walker: 2 Trial Log Prob: 388.20946577623033 Prob: 1.613616769079471 Frac: 0.3127629733520337
Step: 5328 Walker: 40 Trial Log Prob: 392.97206077602857 Prob: 0.4477737012715502 Frac: 0.3093959731543624
Step: 5789 Walker: 3 Trial Log Prob: 385.3885791532527 Prob: 2.4888482681048063 Frac: 0.30779382280537015
Step: 5861 Walker: 22 Trial Log Prob: 393.6933974829924 Prob: 0.007903748752774937 Frac: 0.3066105713355957
Step: 5983 Walker: 38 Trial Log Prob: 386.81555806475467 Prob: 0.01703182837548948 Frac: 0.3057104481256868
Number of steps: 6000 Acceptance Rate: 0.30574
Step: 6075 Walker: 32 Trial Log Prob: 363.1810981949871 Prob: 4.4828001403871734e-6 Frac: 0.2944801714898178
Step: 6148 Walker: 44 Trial Log Prob: 392.04575673074777 Prob: 0.0002838549171225606 Frac: 0.29686232080064917
Step: 6413 Walker: 37 Trial Log Prob: 371.2814519509183 Prob: 3.707753385565977e-5 Frac: 0.30183650724427
Step: 6686 Walker: 32 Trial Log Prob: 390.5391885662451 Prob: 0.7182972870718513 Frac: 0.30558310483635726
Step: 6746 Walker: 28 Trial Log Prob: 378.2869021893057 Prob: 0.012877523444206456 Frac: 0.3069370674392403
Step: 6867 Walker: 15 Trial Log Prob: 336.2124075226384 Prob: 2.8612505086060825e-18 Frac: 0.30529839547500864
Step: 6868 Walker: 27 Trial Log Prob: 389.25724785203454 Prob: 0.13128178512209498 Frac: 0.3053000438020149
Step: 6875 Walker: 44 Trial Log Prob: 384.22407737835726 Prob: 0.3103117214156064 Frac: 0.30545903438185806
Number of steps: 7000 Acceptance Rate: 0.30388
Step: 7080 Walker: 10 Trial Log Prob: 388.15024569358525 Prob: 3.7679278137281442 Frac: 0.3007575757575758
Step: 7089 Walker: 16 Trial Log Prob: 361.8180854731486 Prob: 1.6917772200119116e-9 Frac: 0.3020833333333333
Step: 7132 Walker: 25 Trial Log Prob: -213.22124977881296 Prob: 7.310670479639302e-259 Frac: 0.2996197718631179
Step: 7524 Walker: 49 Trial Log Prob: 392.32661576789013 Prob: 0.01859231787985674 Frac: 0.3018817512118783
Step: 7538 Walker: 5 Trial Log Prob: 376.43733560500056 Prob: 9.80157176773493e-5 Frac: 0.3019177061999628
Step: 7568 Walker: 38 Trial Log Prob: 376.38466816952507 Prob: 0.009362254887548027 Frac: 0.3009370156404114
Step: 7639 Walker: 11 Trial Log Prob: 395.20873448877774 Prob: 0.2650198593637136 Frac: 0.30118141079878413
Step: 7968 Walker: 42 Trial Log Prob: 312.0868044046814 Prob: 3.5712658782731475e-27 Frac: 0.3027153248470822
Number of steps: 8000 Acceptance Rate: 0.30264
Step: 8135 Walker: 9 Trial Log Prob: 368.3527132581067 Prob: 0.0026962005720885794 Frac: 0.29274109405276494
Step: 8142 Walker: 9 Trial Log Prob: 362.2572398909678 Prob: 0.0047200017897074936 Frac: 0.29324266893327666
Step: 8171 Walker: 4 Trial Log Prob: 352.55547499008617 Prob: 2.851039735183876e-13 Frac: 0.2920978363123236
Step: 8227 Walker: 43 Trial Log Prob: 377.86316469189967 Prob: 0.015379448340870619 Frac: 0.2936612889006436
Step: 8546 Walker: 6 Trial Log Prob: 382.0193909032927 Prob: 0.34180640243920757 Frac: 0.2957513941884356
Step: 8631 Walker: 19 Trial Log Prob: 161.88962738785148 Prob: 1.2384658085286922e-92 Frac: 0.29610710999714457
Step: 8758 Walker: 36 Trial Log Prob: 389.0150001297562 Prob: 0.0008445393601845194 Frac: 0.2950430238082669
Step: 8860 Walker: 39 Trial Log Prob: 391.73309688655536 Prob: 0.3089584233779845 Frac: 0.2951220079555235
Number of steps: 9000 Acceptance Rate: 0.29448
Step: 9087 Walker: 9 Trial Log Prob: 385.7508846105793 Prob: 0.04472666640123476 Frac: 0.2866094221397076
Step: 9441 Walker: 47 Trial Log Prob: 375.2223988779858 Prob: 0.00028476678520094316 Frac: 0.29269288338549465
Step: 9456 Walker: 30 Trial Log Prob: 341.1161508909325 Prob: 3.3460664339070136e-18 Frac: 0.2940737489025461
Step: 9574 Walker: 22 Trial Log Prob: 388.7677813974862 Prob: 0.0040277695155800765 Frac: 0.2931431361607143
Step: 9656 Walker: 40 Trial Log Prob: 390.2756809007565 Prob: 4.569430596417035e-5 Frac: 0.2953949374809393
Step: 9747 Walker: 7 Trial Log Prob: 387.4515859558146 Prob: 0.40918968604317235 Frac: 0.29651271879271984
Number of steps: 10000 Acceptance Rate: 0.297
Step: 10294 Walker: 4 Trial Log Prob: 386.18677267156835 Prob: 0.9730058091619672 Frac: 0.2995769073290569
Step: 10350 Walker: 10 Trial Log Prob: 362.74842956704236 Prob: 7.649210202165555e-6 Frac: 0.30343642611683846
Step: 10418 Walker: 8 Trial Log Prob: 390.05829028345096 Prob: 0.7522678576658328 Frac: 0.3035765653466296
Step: 10819 Walker: 13 Trial Log Prob: 383.2822290587975 Prob: 8.566726696072639e-7 Frac: 0.3064551609512869
Step: 10943 Walker: 3 Trial Log Prob: 378.64978642891737 Prob: 0.005068471672344864 Frac: 0.30605269303441396
Number of steps: 11000 Acceptance Rate: 0.30564
Step: 11347 Walker: 20 Trial Log Prob: 392.07031105907214 Prob: 0.008034008987903376 Frac: 0.30848729792147805
Step: 11446 Walker: 6 Trial Log Prob: 318.77392036024355 Prob: 1.0314040595663846e-25 Frac: 0.310567936736161
Step: 11769 Walker: 15 Trial Log Prob: 388.21772013502016 Prob: 7.479617477353579e-5 Frac: 0.3032669530131459
Step: 11774 Walker: 30 Trial Log Prob: 385.6967267403421 Prob: 14.587159625862496 Frac: 0.30354188210961736
Step: 11870 Walker: 21 Trial Log Prob: 380.2143685825936 Prob: 0.0006245440206450322 Frac: 0.3021324561201721
Number of steps: 12000 Acceptance Rate: 0.30202
Step: 12030 Walker: 5 Trial Log Prob: -Inf Prob: 0.0 Frac: 0.311340206185567
Step: 12203 Walker: 24 Trial Log Prob: 349.30946657046195 Prob: 6.534271182996146e-13 Frac: 0.2984986171473726
Step: 12271 Walker: 9 Trial Log Prob: 368.19783058249806 Prob: 0.008824425426392363 Frac: 0.2983936634836035
Step: 12312 Walker: 39 Trial Log Prob: 384.7545758268015 Prob: 0.963038975082972 Frac: 0.3031624863685932
Step: 12337 Walker: 10 Trial Log Prob: 348.53829084849633 Prob: 4.8234367105667145e-12 Frac: 0.3016656751933373
Step: 12395 Walker: 49 Trial Log Prob: 382.5790892664339 Prob: 0.01443898592619092 Frac: 0.3020912451263355
Step: 12696 Walker: 28 Trial Log Prob: 368.42168133071095 Prob: 0.0016583149697451025 Frac: 0.30004600609580767
Step: 12799 Walker: 16 Trial Log Prob: 390.8713118524931 Prob: 0.01764849913425577 Frac: 0.30158332498246315
Step: 12811 Walker: 23 Trial Log Prob: 372.448772855474 Prob: 0.0074109209614033125 Frac: 0.30160649507686993
Step: 12945 Walker: 18 Trial Log Prob: 374.04812642984854 Prob: 0.00011152515233006755 Frac: 0.3032529967385319
Number of steps: 13000 Acceptance Rate: 0.30316
Step: 13056 Walker: 11 Trial Log Prob: 383.81571399198344 Prob: 0.9344711637948377 Frac: 0.2973560304237595
Step: 13260 Walker: 46 Trial Log Prob: 350.81135711851533 Prob: 3.781578652431007e-11 Frac: 0.29916897506925205
Step: 13338 Walker: 10 Trial Log Prob: 365.2980508311827 Prob: 8.573325157898796e-9 Frac: 0.29869513641755635
Step: 13492 Walker: 46 Trial Log Prob: -708.5238725915007 Prob: 0.0 Frac: 0.2948040331761262
Step: 13570 Walker: 21 Trial Log Prob: 390.49890789943606 Prob: 0.1964472197065996 Frac: 0.2942994626110779
Step: 13656 Walker: 24 Trial Log Prob: 385.96784865095225 Prob: 0.7678370134167368 Frac: 0.29300665161408435
Step: 13674 Walker: 30 Trial Log Prob: 369.2785537840473 Prob: 2.6917709760233615e-5 Frac: 0.2926959619952494
Number of steps: 14000 Acceptance Rate: 0.29272
Step: 14089 Walker: 42 Trial Log Prob: 388.9325562787004 Prob: 0.074483012468642 Frac: 0.28568212516884284
Step: 14184 Walker: 15 Trial Log Prob: 354.07338806067173 Prob: 1.028625279160284e-12 Frac: 0.28532460447354063
Step: 14204 Walker: 33 Trial Log Prob: 390.5291689591437 Prob: 0.4684000780839718 Frac: 0.2868506334086222
Step: 14244 Walker: 27 Trial Log Prob: 306.69204120146804 Prob: 3.756282212230398e-31 Frac: 0.28808409296214177
Step: 14582 Walker: 30 Trial Log Prob: 389.9197289987836 Prob: 0.28644708842110345 Frac: 0.2935006877579092
Step: 14608 Walker: 38 Trial Log Prob: 389.17025561010075 Prob: 0.7539221352574094 Frac: 0.2951164933526392
Step: 14682 Walker: 47 Trial Log Prob: 379.2806601532903 Prob: 0.12885354001964913 Frac: 0.29512860368947413
Number of steps: 15000 Acceptance Rate: 0.29694
Step: 15103 Walker: 6 Trial Log Prob: 390.957779206431 Prob: 0.10912666626690706 Frac: 0.308852330591461
Step: 15127 Walker: 2 Trial Log Prob: 390.88650220836126 Prob: 0.13766903966698493 Frac: 0.3079974611234529
Step: 15235 Walker: 19 Trial Log Prob: 392.8085138299306 Prob: 0.11650314883971342 Frac: 0.3113746906732656
Step: 15236 Walker: 12 Trial Log Prob: 371.2249516074081 Prob: 1.6504985592643436e-6 Frac: 0.311171569460976
Step: 15332 Walker: 18 Trial Log Prob: 392.76647561298097 Prob: 0.02342933198406555 Frac: 0.31277160791887976
Step: 15497 Walker: 41 Trial Log Prob: 393.68542189638276 Prob: 0.05491000963061542 Frac: 0.31093756290004426
Step: 15507 Walker: 18 Trial Log Prob: 388.85712272033595 Prob: 1.8725975991944888 Frac: 0.3111620191168339
Step: 15508 Walker: 22 Trial Log Prob: 390.719166256278 Prob: 0.00083559620626993 Frac: 0.3111303799463976
Step: 15578 Walker: 42 Trial Log Prob: 373.3416805399555 Prob: 0.0005662228940844293 Frac: 0.3124740412570954
Number of steps: 16000 Acceptance Rate: 0.30982
Step: 16060 Walker: 39 Trial Log Prob: 385.27592474439757 Prob: 0.43730189356528754 Frac: 0.30645700903312145
Step: 16062 Walker: 14 Trial Log Prob: 380.2567610185905 Prob: 0.41403226249382297 Frac: 0.3051566579634465
Step: 16225 Walker: 4 Trial Log Prob: 392.4015977037025 Prob: 0.230828905944337 Frac: 0.3014994644769725
Step: 16587 Walker: 9 Trial Log Prob: 389.3574508438585 Prob: 0.001375350058849143 Frac: 0.2989866593879013
Step: 16778 Walker: 7 Trial Log Prob: 377.25966529984385 Prob: 0.4173479973128794 Frac: 0.3020305221710374
Step: 16825 Walker: 9 Trial Log Prob: 387.5007792631146 Prob: 0.7960124656633756 Frac: 0.3014147394986532
Step: 16918 Walker: 4 Trial Log Prob: 380.598255382993 Prob: 2.934659630463517 Frac: 0.3006935054738954
Step: 16948 Walker: 11 Trial Log Prob: 383.3959469293417 Prob: 1.0457288873832236 Frac: 0.301577247102046
Number of steps: 17000 Acceptance Rate: 0.3027
Step: 17202 Walker: 48 Trial Log Prob: 377.7110459035416 Prob: 0.001634565512065121 Frac: 0.3055060408001585
Step: 17498 Walker: 8 Trial Log Prob: 296.63254952671014 Prob: 2.6804212602351045e-34 Frac: 0.31160994448467294
Step: 17605 Walker: 7 Trial Log Prob: 363.6840221458704 Prob: 2.4830451218822503e-5 Frac: 0.31022610653159866
Number of steps: 18000 Acceptance Rate: 0.30606
Step: 18123 Walker: 6 Trial Log Prob: -Inf Prob: 0.0 Frac: 0.30330822142155256
Step: 18471 Walker: 10 Trial Log Prob: 389.3888817406384 Prob: 0.7611769295972991 Frac: 0.30012760527435134
Step: 18608 Walker: 22 Trial Log Prob: 391.1407116351628 Prob: 0.003026333843434572 Frac: 0.3019228236533649
Step: 18621 Walker: 32 Trial Log Prob: 373.1130814176405 Prob: 0.03544547362732979 Frac: 0.3022686259345192
Step: 18844 Walker: 11 Trial Log Prob: 377.84374471038615 Prob: 0.0004918287405165232 Frac: 0.3029339911292427
Step: 18933 Walker: 42 Trial Log Prob: 367.300697806211 Prob: 0.00021740594810817804 Frac: 0.3031816817460658
Number of steps: 19000 Acceptance Rate: 0.30302
Step: 19258 Walker: 37 Trial Log Prob: 385.0652926325222 Prob: 0.00032205837504721595 Frac: 0.30697602234810273
Step: 19562 Walker: 21 Trial Log Prob: 392.6737892394413 Prob: 0.04625124791775643 Frac: 0.3066866160806526
Step: 19628 Walker: 36 Trial Log Prob: 391.42217880219255 Prob: 0.005569680022538477 Frac: 0.30577327470846877
Step: 19637 Walker: 25 Trial Log Prob: 392.2506633331652 Prob: 0.0003231362342299367 Frac: 0.3065514532600157
Number of steps: 20000 Acceptance Rate: 0.3029
Step: 20733 Walker: 40 Trial Log Prob: 377.46879692399074 Prob: 0.012030149210219753 Frac: 0.3006004366812227
Step: 20866 Walker: 9 Trial Log Prob: 379.15061717023235 Prob: 0.007955289194288829 Frac: 0.298966689012691
Number of steps: 21000 Acceptance Rate: 0.3002
Step: 21062 Walker: 23 Trial Log Prob: 384.4984212957834 Prob: 3.6515572954716724 Frac: 0.3097949886104784
Step: 21329 Walker: 6 Trial Log Prob: 367.10080320171085 Prob: 0.1630582737188544 Frac: 0.29879312446665857
Step: 21469 Walker: 32 Trial Log Prob: 384.4408661866954 Prob: 2.599854515979922 Frac: 0.30454079890747693
Step: 21791 Walker: 18 Trial Log Prob: 381.59143201250293 Prob: 0.04684366744157528 Frac: 0.30565818108203857
Number of steps: 22000 Acceptance Rate: 0.30498
Step: 22255 Walker: 42 Trial Log Prob: 389.8870897032081 Prob: 0.15890195454659356 Frac: 0.2983048187097787
Step: 22319 Walker: 3 Trial Log Prob: 339.39669146697474 Prob: 8.491107843364779e-18 Frac: 0.29900018864365213
Step: 22322 Walker: 19 Trial Log Prob: 390.0690388864661 Prob: 0.0019889735411436358 Frac: 0.29858734208724874
Step: 22625 Walker: 23 Trial Log Prob: 389.5487106421765 Prob: 0.0012146725785286525 Frac: 0.3045831598501105
Step: 22675 Walker: 18 Trial Log Prob: 321.8890700923463 Prob: 5.819161064526543e-25 Frac: 0.3057713980663147
Step: 22793 Walker: 39 Trial Log Prob: 384.35120353746856 Prob: 1.0457494117166877 Frac: 0.3061883498574636
Number of steps: 23000 Acceptance Rate: 0.30604
Step: 23230 Walker: 29 Trial Log Prob: 351.86560682954007 Prob: 2.1671380034112686e-11 Frac: 0.297499782210994
Step: 23291 Walker: 31 Trial Log Prob: 385.3817367832693 Prob: 3.2264134491782563 Frac: 0.30286972679099855
Step: 23389 Walker: 10 Trial Log Prob: 386.74769966069465 Prob: 0.361173528313142 Frac: 0.30061823802163834
Step: 23504 Walker: 49 Trial Log Prob: 391.8464141557886 Prob: 0.05515090159705034 Frac: 0.30386126433588634
Step: 23578 Walker: 26 Trial Log Prob: 394.80182337860015 Prob: 0.0851895619919367 Frac: 0.3044743039202106
Step: 23726 Walker: 34 Trial Log Prob: 384.30802361921457 Prob: 3.4305440023971197 Frac: 0.30795943115422775
Step: 23779 Walker: 41 Trial Log Prob: 363.63000242752804 Prob: 1.2420290448380377e-5 Frac: 0.30820985593590305
Step: 23932 Walker: 32 Trial Log Prob: 381.7529856849775 Prob: 0.06414848775031201 Frac: 0.3091537503756816
Number of steps: 24000 Acceptance Rate: 0.30914
Step: 24015 Walker: 38 Trial Log Prob: 369.12040801445454 Prob: 0.00018111728333436956 Frac: 0.3170731707317073
Step: 24070 Walker: 1 Trial Log Prob: 389.09658591174247 Prob: 1.220301472529445 Frac: 0.3196175021732831
Step: 24563 Walker: 23 Trial Log Prob: 356.60790610942433 Prob: 2.941813800547186e-7 Frac: 0.307328521139281
Number of steps: 25000 Acceptance Rate: 0.30396
Step: 25148 Walker: 6 Trial Log Prob: 392.54586545740256 Prob: 0.022811192212013737 Frac: 0.2978520935290919
Step: 25414 Walker: 43 Trial Log Prob: 391.98593659270585 Prob: 0.9514375454906887 Frac: 0.2999565070313633
Step: 25715 Walker: 32 Trial Log Prob: 390.59284566951453 Prob: 1.1904109183570595 Frac: 0.3036493899026083
Step: 25943 Walker: 28 Trial Log Prob: 384.7970439332845 Prob: 0.026035690206461348 Frac: 0.300394669835342
Number of steps: 26000 Acceptance Rate: 0.30048
Step: 26259 Walker: 1 Trial Log Prob: 386.68919469054157 Prob: 2.323165267498091 Frac: 0.30920083714440744
Step: 26569 Walker: 10 Trial Log Prob: 384.7286596841396 Prob: 0.05346688099441231 Frac: 0.3041886659626892
Step: 26864 Walker: 23 Trial Log Prob: 381.1939099818658 Prob: 2.743465281204284 Frac: 0.30153104949852916
Number of steps: 27000 Acceptance Rate: 0.29822
Step: 27011 Walker: 29 Trial Log Prob: 390.98605485765086 Prob: 0.4150342013850348 Frac: 0.2722117202268431
Step: 27344 Walker: 40 Trial Log Prob: 385.23934403967024 Prob: 0.3762293399910588 Frac: 0.2735892961023851
Step: 27590 Walker: 40 Trial Log Prob: 380.08053770652907 Prob: 0.3015438873436646 Frac: 0.2794167514411665
Number of steps: 28000 Acceptance Rate: 0.28168
Step: 28202 Walker: 28 Trial Log Prob: 391.7974262706978 Prob: 0.06998172425902968 Frac: 0.3026394125818615
Step: 28467 Walker: 17 Trial Log Prob: 308.25012495178834 Prob: 1.4742582197008526e-33 Frac: 0.29459192863575934
Step: 28943 Walker: 12 Trial Log Prob: 385.8202816766879 Prob: 0.31840383169873426 Frac: 0.2885888945491594
Number of steps: 29000 Acceptance Rate: 0.2887
Step: 29149 Walker: 29 Trial Log Prob: 383.7288575339724 Prob: 0.0018830798710849394 Frac: 0.29088706420783417
Step: 29509 Walker: 42 Trial Log Prob: 387.9983535968513 Prob: 0.9958714487276834 Frac: 0.2905038912035217
Step: 29701 Walker: 36 Trial Log Prob: 386.16610649668 Prob: 0.7927194329695791 Frac: 0.29201392853065417
Step: 29966 Walker: 40 Trial Log Prob: 377.30261977543967 Prob: 1.6349260874459788 Frac: 0.29244149927521224
Number of steps: 30000 Acceptance Rate: 0.29236
Step: 30084 Walker: 21 Trial Log Prob: 394.4022930450084 Prob: 0.01908054112693211 Frac: 0.27163749700311673
Step: 30137 Walker: 25 Trial Log Prob: 383.0845916726044 Prob: 0.5887182606936752 Frac: 0.2785347985347985
Step: 30180 Walker: 30 Trial Log Prob: 368.1970730441342 Prob: 0.00038610063795821334 Frac: 0.2826280623608018
Step: 30292 Walker: 46 Trial Log Prob: 390.2506995088435 Prob: 0.8769443318684232 Frac: 0.27891203069334064
Step: 30429 Walker: 14 Trial Log Prob: 382.4077878033908 Prob: 0.10112153485247802 Frac: 0.27664144951900627
Step: 30578 Walker: 42 Trial Log Prob: 387.68253697636845 Prob: 3.7367993194558373 Frac: 0.2747473349023951
Number of steps: 31000 Acceptance Rate: 0.27686
Step: 31720 Walker: 14 Trial Log Prob: 380.25189106562766 Prob: 0.20283340623534543 Frac: 0.27819486152819484
Number of steps: 32000 Acceptance Rate: 0.27816
Step: 32303 Walker: 2 Trial Log Prob: 373.75966559520543 Prob: 0.00017219964121560088 Frac: 0.2830750893921335
Step: 32459 Walker: 46 Trial Log Prob: 360.95959156259835 Prob: 5.448787595737039e-8 Frac: 0.28981086028065894
Step: 32877 Walker: 34 Trial Log Prob: 181.2355397417797 Prob: 4.006196758149808e-85 Frac: 0.28765341971985214
Number of steps: 33000 Acceptance Rate: 0.28684
Step: 33231 Walker: 36 Trial Log Prob: 387.1804117552068 Prob: 0.0981622441338234 Frac: 0.2804264909847434
Step: 33475 Walker: 19 Trial Log Prob: 365.3492872491982 Prob: 1.3567218251455497e-5 Frac: 0.2800708292929719
Step: 33688 Walker: 8 Trial Log Prob: 368.55664373032016 Prob: 3.7453961944403034e-5 Frac: 0.27955643518249024
Step: 33784 Walker: 15 Trial Log Prob: 390.37944745341736 Prob: 0.37439607141006126 Frac: 0.282088599514873
Step: 33869 Walker: 21 Trial Log Prob: 381.71792940034953 Prob: 0.055597186113146776 Frac: 0.2826973123603786
Number of steps: 34000 Acceptance Rate: 0.28164
Step: 34098 Walker: 18 Trial Log Prob: 382.1680605958733 Prob: 0.00851434729375531 Frac: 0.27198027937551356
Step: 34151 Walker: 39 Trial Log Prob: 232.3783056504983 Prob: 3.690883401595272e-61 Frac: 0.27284785780607507
Step: 34392 Walker: 46 Trial Log Prob: 389.44895474590146 Prob: 0.728219917523951 Frac: 0.28189426413553786
Step: 34768 Walker: 25 Trial Log Prob: 383.17878034965776 Prob: 2.61298295539745 Frac: 0.2789315960912052
Number of steps: 35000 Acceptance Rate: 0.27848
Step: 35088 Walker: 19 Trial Log Prob: 388.45994226076175 Prob: 3.370249081826115 Frac: 0.2703135728999771
Step: 35121 Walker: 17 Trial Log Prob: 368.1606123665934 Prob: 0.0017708286232972945 Frac: 0.27389064317766326
Step: 35204 Walker: 7 Trial Log Prob: 348.441262403509 Prob: 2.27771945308994e-17 Frac: 0.2755734961110564
Step: 35365 Walker: 28 Trial Log Prob: 387.10430088392525 Prob: 0.12500566799842106 Frac: 0.27956989247311825
Number of steps: 36000 Acceptance Rate: 0.27962
Step: 36195 Walker: 20 Trial Log Prob: 390.1070228877328 Prob: 0.017054629121898937 Frac: 0.2801440329218107
Step: 36245 Walker: 49 Trial Log Prob: 390.4343431398399 Prob: 0.015686565690205802 Frac: 0.2792881051514409
Step: 36450 Walker: 8 Trial Log Prob: 374.4499420781524 Prob: 0.16519143250539184 Frac: 0.28657939264404664
Step: 36614 Walker: 26 Trial Log Prob: 389.9672894123864 Prob: 1.0672659864752192 Frac: 0.28823836223757987
Step: 36783 Walker: 33 Trial Log Prob: 363.043489591495 Prob: 6.978368140294258e-8 Frac: 0.29113535890424963
Step: 36868 Walker: 8 Trial Log Prob: 389.51973385335157 Prob: 0.14693522799358588 Frac: 0.2932330827067669
Number of steps: 37000 Acceptance Rate: 0.29426
Step: 37402 Walker: 1 Trial Log Prob: 334.2994486439762 Prob: 1.9565042173823343e-20 Frac: 0.30058351204428707
Step: 37637 Walker: 6 Trial Log Prob: 384.6580643283921 Prob: 0.134024377050721 Frac: 0.298119851600327
Step: 37944 Walker: 2 Trial Log Prob: 395.31998757227177 Prob: 0.012398007391229449 Frac: 0.29716661011197826
Step: 37964 Walker: 44 Trial Log Prob: 366.1060977471677 Prob: 2.9817244247886885e-12 Frac: 0.29746441465742623
Number of steps: 38000 Acceptance Rate: 0.29806
Step: 38325 Walker: 47 Trial Log Prob: 374.5434645970598 Prob: 0.02227480714906776 Frac: 0.3042407829137687
Step: 38413 Walker: 30 Trial Log Prob: 371.4891998652467 Prob: 3.0280008720729642e-5 Frac: 0.3048473097430926
Step: 38874 Walker: 22 Trial Log Prob: 392.2488642641345 Prob: 0.9455238381137961 Frac: 0.29762777065396595
Number of steps: 39000 Acceptance Rate: 0.29688
Step: 39489 Walker: 4 Trial Log Prob: 392.03653750181724 Prob: 0.024145293927467264 Frac: 0.2933535485985904
Step: 39526 Walker: 3 Trial Log Prob: 383.15672082053646 Prob: 0.7185669829830403 Frac: 0.29394735839713554
Step: 39545 Walker: 29 Trial Log Prob: 392.85059782925333 Prob: 0.00013561985864840167 Frac: 0.2936574975210254
Step: 39883 Walker: 42 Trial Log Prob: 385.1178569828541 Prob: 1.2772160850946992e-6 Frac: 0.29452675456481353
Step: 39962 Walker: 22 Trial Log Prob: 375.3777427990375 Prob: 0.02749042860961514 Frac: 0.2947037776668331
Number of steps: 40000 Acceptance Rate: 0.29376
Step: 40387 Walker: 7 Trial Log Prob: 366.5380348018481 Prob: 2.7582344618592066e-6 Frac: 0.2956958616045994
Step: 40478 Walker: 36 Trial Log Prob: 362.7517966219143 Prob: 1.7061362846570006e-9 Frac: 0.29695218956711045
Step: 40518 Walker: 13 Trial Log Prob: 370.5868832477924 Prob: 1.4377375883850703e-6 Frac: 0.2974906236708812
Number of steps: 41000 Acceptance Rate: 0.29578
Step: 41182 Walker: 13 Trial Log Prob: 375.6942042758347 Prob: 1.0923883776437477 Frac: 0.30343153481187246
Step: 41932 Walker: 5 Trial Log Prob: 392.4819018331958 Prob: 0.01086774254020097 Frac: 0.30209429706798413
Step: 41978 Walker: 34 Trial Log Prob: 373.4782407187416 Prob: 0.005791966799417781 Frac: 0.30187791506423367
Step: 41991 Walker: 4 Trial Log Prob: 394.6080751900303 Prob: 67.87169565968925 Frac: 0.30205639948287005
Number of steps: 42000 Acceptance Rate: 0.30196
Step: 42179 Walker: 7 Trial Log Prob: 386.4283351983416 Prob: 8.42537857193515e-6 Frac: 0.30526552149994385
Step: 42446 Walker: 2 Trial Log Prob: 390.30051162396427 Prob: 0.9728966971165494 Frac: 0.2994786985439511
Step: 42479 Walker: 49 Trial Log Prob: 392.92821060960574 Prob: 0.01343160728804463 Frac: 0.2997202388408702
Step: 42765 Walker: 45 Trial Log Prob: 389.60610137270805 Prob: 0.9856873743854195 Frac: 0.29836579945090863
Step: 42943 Walker: 20 Trial Log Prob: 390.91745123682085 Prob: 0.07210393221515195 Frac: 0.29543718166383703
Number of steps: 43000 Acceptance Rate: 0.2947
Step: 43186 Walker: 4 Trial Log Prob: 335.8957305781266 Prob: 1.7235374983887823e-18 Frac: 0.30386859736330235
Step: 43301 Walker: 11 Trial Log Prob: 366.6473336636065 Prob: 0.001865735091490603 Frac: 0.30470987942175737
Step: 43546 Walker: 10 Trial Log Prob: 382.8667589786183 Prob: 0.7078436055467104 Frac: 0.30143066764490095
Step: 43889 Walker: 31 Trial Log Prob: 388.2417881384471 Prob: 0.04280555068811841 Frac: 0.29871035988386485
Step: 43972 Walker: 31 Trial Log Prob: 387.2091456693295 Prob: 0.01577145222785321 Frac: 0.29908812087029907
Step: 43994 Walker: 8 Trial Log Prob: 284.54706707997406 Prob: 9.399680001377811e-40 Frac: 0.2992871239276652
Number of steps: 44000 Acceptance Rate: 0.29918
Number of steps: 45000 Acceptance Rate: 0.30274
Step: 45045 Walker: 22 Trial Log Prob: 393.2779903013825 Prob: 0.059315068035798016 Frac: 0.29792979297929795
Step: 45366 Walker: 6 Trial Log Prob: -1102.780187839256 Prob: 0.0 Frac: 0.2953549517966696
Step: 45592 Walker: 16 Trial Log Prob: 390.1421538079874 Prob: 0.9523838808627227 Frac: 0.30031116823378207
Step: 45824 Walker: 2 Trial Log Prob: 322.8363084747551 Prob: 3.316470072033088e-24 Frac: 0.30005832037325036
Step: 45943 Walker: 8 Trial Log Prob: 368.2037362266755 Prob: 6.121364149009711e-5 Frac: 0.29856924513882993
Number of steps: 46000 Acceptance Rate: 0.29888
Step: 46095 Walker: 39 Trial Log Prob: 373.49498529700753 Prob: 0.028374325936345042 Frac: 0.30913694872335934
Step: 46336 Walker: 34 Trial Log Prob: 390.31368564793485 Prob: 1.096703733716861 Frac: 0.3064823641563394
Step: 46354 Walker: 2 Trial Log Prob: 307.33835089176836 Prob: 2.9215497636562813e-33 Frac: 0.30636755041921593
Step: 46374 Walker: 45 Trial Log Prob: 369.8854076403334 Prob: 2.0115072148550988e-5 Frac: 0.3062851029687082
Step: 46647 Walker: 16 Trial Log Prob: 389.74467005535496 Prob: 0.09056260884951912 Frac: 0.3038432974378017
Number of steps: 47000 Acceptance Rate: 0.30004
Step: 47349 Walker: 8 Trial Log Prob: 334.3225172977132 Prob: 3.3370049700484513e-18 Frac: 0.28751148897058826
Step: 47605 Walker: 11 Trial Log Prob: 370.6256779278915 Prob: 3.307504515913101e-5 Frac: 0.28764357353281916
Step: 47703 Walker: 41 Trial Log Prob: 387.9247810427701 Prob: 0.7231269136798167 Frac: 0.2877835007541049
Step: 47815 Walker: 42 Trial Log Prob: 385.40387594683 Prob: 0.00675227608353013 Frac: 0.2880074615875509
Step: 47825 Walker: 30 Trial Log Prob: 351.55848510397675 Prob: 2.9341987240353855e-10 Frac: 0.2884065001212709
Step: 47840 Walker: 50 Trial Log Prob: 381.87815249544707 Prob: 0.43071368672225907 Frac: 0.28835714285714287
Step: 47956 Walker: 2 Trial Log Prob: 385.8422615075035 Prob: 0.6646689520546996 Frac: 0.2898936170212766
Number of steps: 48000 Acceptance Rate: 0.29006
Step: 48006 Walker: 29 Trial Log Prob: 388.31480940634776 Prob: 1.1518264360190222 Frac: 0.2974910394265233
Step: 48052 Walker: 15 Trial Log Prob: 389.77412662065217 Prob: 0.002377317009666444 Frac: 0.27992202729044835
Step: 48169 Walker: 24 Trial Log Prob: 389.80488026703506 Prob: 0.0008806590582466703 Frac: 0.28525641025641024
Step: 48308 Walker: 48 Trial Log Prob: 376.64735836656604 Prob: 0.026686806027174406 Frac: 0.2858163397843876
Step: 48694 Walker: 15 Trial Log Prob: 378.56174091179736 Prob: 0.026377069001948635 Frac: 0.29078321073128516
Number of steps: 49000 Acceptance Rate: 0.2908
Step: 49070 Walker: 20 Trial Log Prob: -Inf Prob: 0.0 Frac: 0.29654178674351583
Step: 49119 Walker: 47 Trial Log Prob: 393.0195188941665 Prob: 0.01689284480383208 Frac: 0.28787624012106944
Step: 49193 Walker: 25 Trial Log Prob: 376.01243683233173 Prob: 0.015434364173733832 Frac: 0.2908051948051948
Step: 49210 Walker: 28 Trial Log Prob: 386.7045243320481 Prob: 0.45571927875241564 Frac: 0.2902271425844627
Step: 49291 Walker: 19 Trial Log Prob: 387.5284979273549 Prob: 0.752529960748429 Frac: 0.289000619877402
Step: 49294 Walker: 47 Trial Log Prob: 393.1028863345166 Prob: 0.04109050403909432 Frac: 0.2896509491733007
Step: 49457 Walker: 48 Trial Log Prob: 393.33649135284566 Prob: 0.016503576549556257 Frac: 0.29070378151260506
Step: 49537 Walker: 49 Trial Log Prob: 391.21562752231506 Prob: 1.2556441020422389 Frac: 0.28883757309396996
Step: 49610 Walker: 45 Trial Log Prob: 389.97312656316967 Prob: 1.154451276502201 Frac: 0.2902115100836203
Step: 49852 Walker: 9 Trial Log Prob: 386.11779721267254 Prob: 0.5791850458560296 Frac: 0.29086679668225285
Step: 49921 Walker: 25 Trial Log Prob: 307.0239902819561 Prob: 3.0276601643773754e-32 Frac: 0.2901249321021184
Number of steps: 50000 Acceptance Rate: 0.2895
Burn-in Number (ends): 1572
Independent Sample Size: 5073.3086652659185
955.769684 seconds (99.21 M allocations: 479.959 GiB, 6.71% gc time)