args = ["mcmc", "30.0", "30", "ppp"]
Parameters from fit: [3.9052084682319525e-6, 224.70078010073505, 2.4335037686755448e6, -0.06714885495691195, -0.057485549802320436, 2.6455519533342297e-6, 365.25646170695285, 2.4336244073416074e6, -0.036770398489665825, -0.04375306194714992, 0.0003487776992314608, 4186.419394121827, 2.4398727574292216e6, -0.11407000739133775, 0.12718803379813465]
Step: 184 Walker: 30 Trial Log Prob: 541.6096987018998 Prob: 1.1769141174960926 Frac: 0.36775599128540304
Step: 433 Walker: 5 Trial Log Prob: 561.6195992742352 Prob: 0.0005169197859155332 Frac: 0.3526961351538996
Step: 634 Walker: 12 Trial Log Prob: 555.5915554088255 Prob: 0.9685444765062224 Frac: 0.34524035120965196
Step: 868 Walker: 41 Trial Log Prob: 556.0636793550765 Prob: 0.02323025008741545 Frac: 0.33557650203959344
Number of steps: 1000 Acceptance Rate: 0.33132
Step: 1059 Walker: 19 Trial Log Prob: 561.9010200154695 Prob: 0.0048510133988613 Frac: 0.3004453579993148
Step: 1565 Walker: 4 Trial Log Prob: -Inf Prob: 0.0 Frac: 0.29655368032903134
Step: 1829 Walker: 46 Trial Log Prob: 559.5577369586304 Prob: 0.17549316790731853 Frac: 0.2916807412054239
Step: 1925 Walker: 32 Trial Log Prob: 557.7849212038564 Prob: 0.014092845584433624 Frac: 0.2889557016784911
Step: 1941 Walker: 30 Trial Log Prob: 531.5235028538966 Prob: 2.6633669200540373e-8 Frac: 0.28856049330214756
Number of steps: 2000 Acceptance Rate: 0.28836
Step: 2043 Walker: 28 Trial Log Prob: 557.8329925122263 Prob: 0.31641578215726407 Frac: 0.27725563909774437
Step: 2101 Walker: 7 Trial Log Prob: 555.3053758782347 Prob: 0.8271374690663287 Frac: 0.28460155781905333
Step: 2229 Walker: 22 Trial Log Prob: -Inf Prob: 0.0 Frac: 0.28322535457888287
Step: 2328 Walker: 16 Trial Log Prob: 547.1798876368196 Prob: 0.05632702194717021 Frac: 0.28302578516436516
Step: 2347 Walker: 15 Trial Log Prob: 455.6818183459105 Prob: 2.9997442611777514e-40 Frac: 0.28160554432572915
Step: 2651 Walker: 43 Trial Log Prob: 553.9518575827286 Prob: 3.333044695302671 Frac: 0.28202685677411427
Step: 2920 Walker: 11 Trial Log Prob: 518.4885753751757 Prob: 1.1777335024645144e-12 Frac: 0.28308783533865667
Step: 2956 Walker: 21 Trial Log Prob: 504.5115830144441 Prob: 4.276280686644584e-21 Frac: 0.2820120993908438
Number of steps: 3000 Acceptance Rate: 0.2813
Step: 3084 Walker: 19 Trial Log Prob: 541.22746762555 Prob: 0.0013345211490299132 Frac: 0.2696090189493883
Step: 3226 Walker: 14 Trial Log Prob: 550.7300976857641 Prob: 0.010047099549252089 Frac: 0.27583451704545453
Step: 3229 Walker: 24 Trial Log Prob: 546.9199198594507 Prob: 0.020875563140412667 Frac: 0.2755602240896359
Step: 3526 Walker: 13 Trial Log Prob: 559.4707310876532 Prob: 1.0819822698571262 Frac: 0.2786048813920725
Step: 3725 Walker: 5 Trial Log Prob: 546.1484774933351 Prob: 0.00045317865366390674 Frac: 0.2869769368871703
Step: 3850 Walker: 15 Trial Log Prob: 552.3197544453867 Prob: 0.48914223198440737 Frac: 0.2862828211468268
Step: 3854 Walker: 27 Trial Log Prob: 558.6357793397486 Prob: 2.7217896243925086 Frac: 0.2861963118307285
Step: 3986 Walker: 14 Trial Log Prob: 556.4934655840405 Prob: 0.734590364340701 Frac: 0.2845688535238714
Number of steps: 4000 Acceptance Rate: 0.28408
Step: 4111 Walker: 41 Trial Log Prob: 542.7772315086221 Prob: 1.9746602033615226e-6 Frac: 0.2654755459303375
Step: 4406 Walker: 10 Trial Log Prob: 558.0324690576607 Prob: 0.9228060824980214 Frac: 0.2777887462981244
Number of steps: 5000 Acceptance Rate: 0.28302
Step: 5279 Walker: 4 Trial Log Prob: 557.9504032884513 Prob: 0.8088030490742926 Frac: 0.2791283084004603
Step: 5505 Walker: 39 Trial Log Prob: 525.5533930026963 Prob: 1.1486382474955943e-10 Frac: 0.28020127580332027
Step: 5700 Walker: 42 Trial Log Prob: 557.7199644811757 Prob: 0.14088388388662035 Frac: 0.2795781893004115
Step: 5848 Walker: 19 Trial Log Prob: 558.6078966941225 Prob: 0.5902631637491708 Frac: 0.28105454459628504
Number of steps: 6000 Acceptance Rate: 0.2807
Step: 6244 Walker: 26 Trial Log Prob: 558.2301016696194 Prob: 0.1431938695498458 Frac: 0.28769710906701706
Step: 6566 Walker: 26 Trial Log Prob: 540.3102878525257 Prob: 3.866064810367281e-5 Frac: 0.28656811430188145
Step: 6648 Walker: 48 Trial Log Prob: 542.8357357559155 Prob: 0.004105839938656012 Frac: 0.2860670411753812
Number of steps: 7000 Acceptance Rate: 0.28452
Step: 7335 Walker: 13 Trial Log Prob: 525.1675806301754 Prob: 2.552928798576328e-8 Frac: 0.2813977143540956
Step: 7686 Walker: 33 Trial Log Prob: -Inf Prob: 0.0 Frac: 0.2776011434238544
Number of steps: 8000 Acceptance Rate: 0.27438
Step: 8031 Walker: 47 Trial Log Prob: 518.0719999970278 Prob: 6.550097456111737e-13 Frac: 0.2611506140917906
Step: 8040 Walker: 15 Trial Log Prob: 557.8556252480795 Prob: 0.28279094963673923 Frac: 0.26463104325699743
Step: 8125 Walker: 20 Trial Log Prob: 551.7044896942241 Prob: 1.9284802063710949 Frac: 0.2705787781350482
Step: 8259 Walker: 43 Trial Log Prob: 539.4271751357481 Prob: 0.012376434413134475 Frac: 0.26871668083133743
Number of steps: 9000 Acceptance Rate: 0.28138
Step: 9172 Walker: 27 Trial Log Prob: 556.2725682282389 Prob: 3.443913757911066 Frac: 0.2682756208464498
Step: 9308 Walker: 26 Trial Log Prob: 561.36298721047 Prob: 0.3788936939058555 Frac: 0.26645421436004163
Step: 9362 Walker: 40 Trial Log Prob: 551.1710670802048 Prob: 0.5689042382725625 Frac: 0.26605859590934217
Step: 9414 Walker: 49 Trial Log Prob: 558.4001829844449 Prob: 1.2338323829614608 Frac: 0.2683704526788734
Step: 9539 Walker: 39 Trial Log Prob: -100.0559952810479 Prob: 8.323437465604242e-283 Frac: 0.268161401685289
Step: 9651 Walker: 33 Trial Log Prob: 558.9013951714282 Prob: 1.0196936022128598 Frac: 0.2694802200842222
Step: 9776 Walker: 15 Trial Log Prob: 556.3291687155368 Prob: 5.726744914067865 Frac: 0.27014059073906876
Step: 9845 Walker: 38 Trial Log Prob: 557.4301889114498 Prob: 0.20462853645101103 Frac: 0.26944931104692454
Number of steps: 10000 Acceptance Rate: 0.27184
Step: 10191 Walker: 6 Trial Log Prob: 556.9487918617823 Prob: 0.00043269827970422156 Frac: 0.2794024826425415
Step: 10355 Walker: 15 Trial Log Prob: 541.0852523996442 Prob: 0.00013279836913938624 Frac: 0.2817950889077053
Step: 10436 Walker: 10 Trial Log Prob: 558.8479647558859 Prob: 0.2642800151814494 Frac: 0.2813878676470588
Step: 10540 Walker: 17 Trial Log Prob: 556.4103176299136 Prob: 0.8944722809025031 Frac: 0.2810472058441799
Step: 10584 Walker: 6 Trial Log Prob: 556.3334341602866 Prob: 0.03531927750321278 Frac: 0.2794279050624228
Step: 10802 Walker: 30 Trial Log Prob: -Inf Prob: 0.0 Frac: 0.281811377245509
Number of steps: 11000 Acceptance Rate: 0.2791
Step: 11225 Walker: 4 Trial Log Prob: 561.0550065252685 Prob: 0.7717680016916993 Frac: 0.28480899678686183
Step: 11311 Walker: 42 Trial Log Prob: 556.0578304416401 Prob: 0.5487642209840218 Frac: 0.2849697593617295
Step: 11567 Walker: 27 Trial Log Prob: 542.4346928981045 Prob: 0.01593979647727401 Frac: 0.28428707593462066
Step: 11580 Walker: 25 Trial Log Prob: 561.9276908294288 Prob: 0.6738382821507354 Frac: 0.28476272648835205
Step: 11899 Walker: 42 Trial Log Prob: 558.3822620132865 Prob: 0.04085018203539316 Frac: 0.2827644519603044
Step: 11986 Walker: 28 Trial Log Prob: 562.4234613836716 Prob: 0.105895336484394 Frac: 0.2824992897439019
Number of steps: 12000 Acceptance Rate: 0.282
Step: 12018 Walker: 50 Trial Log Prob: 558.596558649686 Prob: 0.17753739641190458 Frac: 0.3011111111111111
Step: 12251 Walker: 37 Trial Log Prob: 553.4387758717597 Prob: 0.7139142439867497 Frac: 0.2783760070192231
Step: 12276 Walker: 42 Trial Log Prob: 563.0061789867547 Prob: 0.0011704490501506476 Frac: 0.27646461716937354
Step: 12336 Walker: 37 Trial Log Prob: -Inf Prob: 0.0 Frac: 0.2740811342109966
Step: 12442 Walker: 21 Trial Log Prob: 557.2380419795156 Prob: 0.4525832032904358 Frac: 0.2728467219428209
Step: 12713 Walker: 45 Trial Log Prob: 555.5798585431872 Prob: 0.4710562658648326 Frac: 0.27636414644410157
Step: 12875 Walker: 1 Trial Log Prob: 560.1329122125111 Prob: 0.002204555637104334 Frac: 0.2768586531200659
Number of steps: 13000 Acceptance Rate: 0.27826
Step: 13068 Walker: 47 Trial Log Prob: 538.7790780733654 Prob: 3.241180006208265e-5 Frac: 0.27906976744186046
Step: 13159 Walker: 39 Trial Log Prob: 538.5132813799233 Prob: 2.051000661776999e-6 Frac: 0.2818994835621615
Step: 13770 Walker: 21 Trial Log Prob: 478.6222643648743 Prob: 7.750854439765968e-32 Frac: 0.28982870213927375
Step: 13880 Walker: 13 Trial Log Prob: 556.0144171276797 Prob: 0.6362521444451215 Frac: 0.2909492072879467
Step: 13953 Walker: 48 Trial Log Prob: 547.752682531486 Prob: 0.00014710302864907025 Frac: 0.2914078240429819
Number of steps: 14000 Acceptance Rate: 0.29152
Step: 14001 Walker: 43 Trial Log Prob: 547.4649913981178 Prob: 0.0036654693152867123 Frac: 0.2558139534883721
Step: 14530 Walker: 23 Trial Log Prob: 536.8072488480896 Prob: 4.66327524077267e-8 Frac: 0.28965360933781586
Step: 14576 Walker: 39 Trial Log Prob: 558.5164085650077 Prob: 0.28766305663476666 Frac: 0.28892979957622705
Step: 14701 Walker: 48 Trial Log Prob: 536.6580981102404 Prob: 9.443618814873387e-8 Frac: 0.2867496005478201
Number of steps: 15000 Acceptance Rate: 0.28474
Step: 15119 Walker: 9 Trial Log Prob: 538.5923150484541 Prob: 1.5654936071966504e-7 Frac: 0.2848197664579455
Step: 15271 Walker: 21 Trial Log Prob: 427.57773686215734 Prob: 8.811414751220642e-54 Frac: 0.2885881221803121
Step: 15548 Walker: 17 Trial Log Prob: 546.005076727949 Prob: 0.07979314163330192 Frac: 0.28468593561588773
Step: 15751 Walker: 24 Trial Log Prob: 529.0672615714777 Prob: 5.5629936542187936e-9 Frac: 0.283631808975589
Step: 15982 Walker: 42 Trial Log Prob: 551.3766437688756 Prob: 0.08895728840567771 Frac: 0.2811863440071702
Number of steps: 16000 Acceptance Rate: 0.28048
Step: 16135 Walker: 27 Trial Log Prob: 559.1430587207321 Prob: 1.2491206559220938 Frac: 0.2720380555968485
Step: 16454 Walker: 39 Trial Log Prob: 562.0268897014972 Prob: 0.06267735116956534 Frac: 0.2790338930759399
Step: 16504 Walker: 23 Trial Log Prob: 558.8222040904966 Prob: 0.0002426292748853009 Frac: 0.27871131768164303
Step: 16710 Walker: 15 Trial Log Prob: 557.3043403352199 Prob: 1.3605110943525431 Frac: 0.27959960524460736
Step: 16862 Walker: 44 Trial Log Prob: 504.7201068690715 Prob: 6.442388148113797e-22 Frac: 0.2792268065159883
Step: 16864 Walker: 10 Trial Log Prob: 518.6356589827221 Prob: 8.285907876916172e-14 Frac: 0.27919369786839665
Step: 16904 Walker: 38 Trial Log Prob: 559.0169501681095 Prob: 0.7620110323215685 Frac: 0.2789899973444277
Number of steps: 17000 Acceptance Rate: 0.27878
Step: 17085 Walker: 47 Trial Log Prob: 546.4977532765572 Prob: 0.037392793865799856 Frac: 0.28679067577113254
Step: 17323 Walker: 44 Trial Log Prob: 540.9804829502604 Prob: 0.021049449722443082 Frac: 0.2777502477700694
Step: 17439 Walker: 20 Trial Log Prob: 533.3811283962867 Prob: 1.7250349474644386e-6 Frac: 0.2750912408759124
Step: 17600 Walker: 33 Trial Log Prob: 560.261475246776 Prob: 0.13007110394576893 Frac: 0.275689557415869
Step: 17728 Walker: 1 Trial Log Prob: 556.8830569529388 Prob: 0.3853284497450087 Frac: 0.2766361310555418
Number of steps: 18000 Acceptance Rate: 0.27692
Step: 18440 Walker: 12 Trial Log Prob: 551.9462425101223 Prob: 0.05047008267294959 Frac: 0.2813496038612148
Step: 18780 Walker: 38 Trial Log Prob: 558.6138006101963 Prob: 2.6903561471534476 Frac: 0.2832153483123012
Step: 18976 Walker: 34 Trial Log Prob: 553.7120334834718 Prob: 1.3504909130781932 Frac: 0.28396605444408
Number of steps: 19000 Acceptance Rate: 0.28382
Step: 19197 Walker: 50 Trial Log Prob: 558.1979829727662 Prob: 2.5450333768449815 Frac: 0.2752284263959391
Step: 19274 Walker: 36 Trial Log Prob: 555.5183044591374 Prob: 0.561231711147495 Frac: 0.2760485167324273
Step: 19311 Walker: 10 Trial Log Prob: 553.9674255765053 Prob: 0.6013822669373208 Frac: 0.27936814958091555
Step: 19649 Walker: 16 Trial Log Prob: 558.2713997556228 Prob: 0.5202185871183616 Frac: 0.28263820335636725
Step: 19826 Walker: 39 Trial Log Prob: 559.8250111315551 Prob: 0.045779922457792804 Frac: 0.2844583303058926
Number of steps: 20000 Acceptance Rate: 0.2853
Step: 20153 Walker: 17 Trial Log Prob: 546.8655260746066 Prob: 0.01347886557509234 Frac: 0.2735985296048313
Step: 20233 Walker: 23 Trial Log Prob: 551.7790463659755 Prob: 0.0568714925534106 Frac: 0.2757463649660157
Step: 20762 Walker: 29 Trial Log Prob: 556.7217923215973 Prob: 0.0018294432742389317 Frac: 0.2695186323170251
Step: 20799 Walker: 42 Trial Log Prob: 547.122270351488 Prob: 0.006305444820651087 Frac: 0.26901507185418855
Step: 20951 Walker: 22 Trial Log Prob: 545.6116766103088 Prob: 0.0009271679785817672 Frac: 0.27002230545852446
Number of steps: 21000 Acceptance Rate: 0.26872
Step: 21152 Walker: 6 Trial Log Prob: 541.1962413736837 Prob: 0.00019968120273828075 Frac: 0.2821598729486501
Step: 21230 Walker: 38 Trial Log Prob: 547.3746271185651 Prob: 0.10227108212883379 Frac: 0.28568941504178275
Step: 21547 Walker: 37 Trial Log Prob: 562.5036672997442 Prob: 0.03217310309871205 Frac: 0.28075502066795915
Number of steps: 22000 Acceptance Rate: 0.28214
Step: 22495 Walker: 6 Trial Log Prob: -Inf Prob: 0.0 Frac: 0.2928438436007448
Number of steps: 23000 Acceptance Rate: 0.2871
Step: 23189 Walker: 12 Trial Log Prob: 549.6164388895054 Prob: 0.0831306543186929 Frac: 0.2820866978325542
Step: 23533 Walker: 35 Trial Log Prob: 551.3171082911282 Prob: 0.06526770547157554 Frac: 0.2850760277829923
Step: 23747 Walker: 20 Trial Log Prob: 515.2634669415189 Prob: 1.946664569194403e-15 Frac: 0.2822347266881029
Step: 23748 Walker: 22 Trial Log Prob: 557.34401451088 Prob: 0.0016222557608360484 Frac: 0.2821631167719148
Step: 23816 Walker: 37 Trial Log Prob: 529.6889122689934 Prob: 3.522275049890046e-8 Frac: 0.2813396425331601
Step: 23865 Walker: 33 Trial Log Prob: 511.38747089721056 Prob: 1.5773216288544217e-17 Frac: 0.2818448870076099
Step: 23903 Walker: 17 Trial Log Prob: 530.3417878907932 Prob: 1.042468820017785e-9 Frac: 0.28180065163907175
Step: 23965 Walker: 35 Trial Log Prob: 546.331395151509 Prob: 0.004748108128324421 Frac: 0.28089561521716594
Step: 23999 Walker: 27 Trial Log Prob: 554.0622156048255 Prob: 0.12022636815547547 Frac: 0.2804494562060609
Number of steps: 24000 Acceptance Rate: 0.2805
Step: 24108 Walker: 13 Trial Log Prob: -Inf Prob: 0.0 Frac: 0.2714898377773634
Step: 24552 Walker: 31 Trial Log Prob: 559.3557240645516 Prob: 0.0006320137669772717 Frac: 0.28077299590297666
Step: 24615 Walker: 37 Trial Log Prob: 543.7362982094929 Prob: 0.007811705195507471 Frac: 0.28054136708201843
Number of steps: 25000 Acceptance Rate: 0.28066
Step: 25053 Walker: 24 Trial Log Prob: 544.991774654123 Prob: 0.05239147848369417 Frac: 0.2690548780487805
Step: 25107 Walker: 26 Trial Log Prob: 550.2916455933333 Prob: 0.6545973072517717 Frac: 0.27469019902365754
Step: 25346 Walker: 12 Trial Log Prob: 557.3241758980449 Prob: 0.3690123010214646 Frac: 0.27690881705480247
Step: 25425 Walker: 6 Trial Log Prob: 508.1552384563709 Prob: 6.256744990549156e-18 Frac: 0.2822786003961143
Step: 25436 Walker: 41 Trial Log Prob: 506.89440122841785 Prob: 2.6499172257985952e-17 Frac: 0.2827314028727456
Step: 25582 Walker: 12 Trial Log Prob: 556.4757189298891 Prob: 1.5911223337710614e-5 Frac: 0.2841167159865116
Step: 25677 Walker: 4 Trial Log Prob: -Inf Prob: 0.0 Frac: 0.2844042125192285
Step: 25869 Walker: 13 Trial Log Prob: 531.968291561641 Prob: 7.368904056373094e-7 Frac: 0.28417755050330545
Number of steps: 26000 Acceptance Rate: 0.28416
Step: 26046 Walker: 2 Trial Log Prob: 511.89631795742037 Prob: 1.4892274501251403e-16 Frac: 0.2864120781527531
Step: 26335 Walker: 22 Trial Log Prob: 551.4127834670068 Prob: 1.2515446148540394 Frac: 0.2850735557947614
Step: 26353 Walker: 40 Trial Log Prob: 524.38220717946 Prob: 5.573024950534924e-9 Frac: 0.28656462585034015
Step: 26427 Walker: 27 Trial Log Prob: 560.1153205281586 Prob: 2.932402052467241 Frac: 0.28696019130679423
Step: 26612 Walker: 38 Trial Log Prob: 560.0127776768337 Prob: 0.01961749725833239 Frac: 0.28831567935137964
Step: 26720 Walker: 50 Trial Log Prob: 557.4272882085228 Prob: 0.9420807003907338 Frac: 0.28708333333333336
Step: 26729 Walker: 15 Trial Log Prob: 559.3989562265203 Prob: 0.10553394619737361 Frac: 0.2871069614169985
Step: 26849 Walker: 42 Trial Log Prob: 561.6776541206731 Prob: 0.00443369680005682 Frac: 0.28693275528957163
Number of steps: 27000 Acceptance Rate: 0.28628
Step: 27039 Walker: 36 Trial Log Prob: 560.9151458287084 Prob: 0.00018714204688216626 Frac: 0.2964876033057851
Step: 27125 Walker: 50 Trial Log Prob: 131.3498570668353 Prob: 1.6609295575125573e-179 Frac: 0.27712
Step: 27312 Walker: 1 Trial Log Prob: 545.4926547835636 Prob: 0.07406715445510573 Frac: 0.28062504019034146
Step: 27885 Walker: 35 Trial Log Prob: 560.4223120401597 Prob: 0.02669458386695419 Frac: 0.28084096303831807
Step: 27921 Walker: 22 Trial Log Prob: 560.2174953053757 Prob: 0.00035542552814059547 Frac: 0.2815609925687715
Number of steps: 28000 Acceptance Rate: 0.28188
Step: 28487 Walker: 19 Trial Log Prob: 553.4683913087908 Prob: 0.09045699475468821 Frac: 0.27098153706978084
Step: 28555 Walker: 20 Trial Log Prob: 547.1589462597785 Prob: 0.10433691334929039 Frac: 0.2717171717171717
Step: 28867 Walker: 37 Trial Log Prob: 503.46397502405415 Prob: 4.359068376337589e-20 Frac: 0.27357685118951475
Number of steps: 29000 Acceptance Rate: 0.2744
Step: 29002 Walker: 4 Trial Log Prob: -Inf Prob: 0.0 Frac: 0.18518518518518517
Step: 29048 Walker: 5 Trial Log Prob: 549.0016745146041 Prob: 0.004275731242123292 Frac: 0.27473460721868365
Step: 29091 Walker: 47 Trial Log Prob: 549.0796780677538 Prob: 0.006650481198257486 Frac: 0.2669892236639543
Step: 29130 Walker: 15 Trial Log Prob: 201.02568140091333 Prob: 1.0906308089137679e-149 Frac: 0.26635730858468676
Step: 29240 Walker: 48 Trial Log Prob: 558.6567399705525 Prob: 0.3895263687256454 Frac: 0.27529588264710786
Step: 29334 Walker: 37 Trial Log Prob: 555.2620399286435 Prob: 0.45343539663301835 Frac: 0.2757236171870318
Step: 29474 Walker: 9 Trial Log Prob: 558.4747691038376 Prob: 0.0015864937421884752 Frac: 0.27701931611648845
Step: 29551 Walker: 7 Trial Log Prob: 549.6447859491385 Prob: 0.09642412740659376 Frac: 0.2771294579561566
Step: 29941 Walker: 1 Trial Log Prob: 523.5842691329026 Prob: 1.0674828024715121e-10 Frac: 0.28231314227356863
Number of steps: 30000 Acceptance Rate: 0.2827
Step: 30227 Walker: 27 Trial Log Prob: 558.7011824786828 Prob: 0.016726262000005383 Frac: 0.27783172949589474
Step: 30272 Walker: 27 Trial Log Prob: 559.5112173577745 Prob: 1.1048829759581422 Frac: 0.27959048390660673
Number of steps: 31000 Acceptance Rate: 0.28166
Step: 31329 Walker: 3 Trial Log Prob: 560.5859491518671 Prob: 0.16578185177622357 Frac: 0.2822654392489179
Step: 31711 Walker: 8 Trial Log Prob: 558.7919669014257 Prob: 0.21027196380174135 Frac: 0.2873436971949983
Number of steps: 32000 Acceptance Rate: 0.28518
Step: 32284 Walker: 23 Trial Log Prob: 523.8771551965772 Prob: 1.5723432256760304e-13 Frac: 0.2917519226698652
Step: 32365 Walker: 43 Trial Log Prob: 560.8767084856107 Prob: 0.031875200725554595 Frac: 0.291399440881434
Step: 32394 Walker: 10 Trial Log Prob: -Inf Prob: 0.0 Frac: 0.2914038657171923
Step: 32643 Walker: 19 Trial Log Prob: 506.2946905024769 Prob: 2.4974369911353113e-21 Frac: 0.28864535010429965
Step: 32668 Walker: 5 Trial Log Prob: 559.1645362561546 Prob: 0.009409464876903627 Frac: 0.288502473392295
Step: 32855 Walker: 40 Trial Log Prob: 549.1973861700686 Prob: 0.3348388113097074 Frac: 0.28937763219466545
Step: 32907 Walker: 14 Trial Log Prob: 544.7407474047172 Prob: 0.00764129854043388 Frac: 0.28942490179635433
Step: 32959 Walker: 49 Trial Log Prob: 558.8559238380199 Prob: 0.0008767605552666609 Frac: 0.28918225614715637
Number of steps: 33000 Acceptance Rate: 0.28968
Step: 33557 Walker: 24 Trial Log Prob: 554.1181566657519 Prob: 0.1691756998777604 Frac: 0.29381109833237495
Step: 33648 Walker: 33 Trial Log Prob: 546.9023805671701 Prob: 0.0016592512600032978 Frac: 0.29253003118920423
Step: 33855 Walker: 32 Trial Log Prob: 541.1497185888903 Prob: 2.623222631054152e-5 Frac: 0.29193578582795093
Number of steps: 34000 Acceptance Rate: 0.29176
Step: 34052 Walker: 33 Trial Log Prob: 559.6036179110183 Prob: 11.604796396880888 Frac: 0.30003871467286103
Step: 34113 Walker: 22 Trial Log Prob: 562.3544166245673 Prob: 0.05112469066212366 Frac: 0.29242262540021347
Step: 34424 Walker: 17 Trial Log Prob: 550.6575796795646 Prob: 0.5584149492341333 Frac: 0.2967827278310578
Step: 34607 Walker: 8 Trial Log Prob: 556.1352971223674 Prob: 1.3647929614680139 Frac: 0.29401478157582156
Step: 34620 Walker: 44 Trial Log Prob: 518.0356090736599 Prob: 2.6098226136400173e-11 Frac: 0.2939923856230238
Step: 34683 Walker: 1 Trial Log Prob: 559.912156219148 Prob: 0.006478056009455314 Frac: 0.2935691035453506
Step: 34831 Walker: 45 Trial Log Prob: 559.2961578595075 Prob: 0.08767101277344863 Frac: 0.2927187387170538
Step: 34957 Walker: 43 Trial Log Prob: 550.5439954184302 Prob: 0.1817488874927362 Frac: 0.2930000209016993
Number of steps: 35000 Acceptance Rate: 0.29268
Step: 35034 Walker: 47 Trial Log Prob: 560.9714866711566 Prob: 1.3547850245013548e-5 Frac: 0.26517383618149676
Step: 35150 Walker: 15 Trial Log Prob: 524.7483598313714 Prob: 1.4661756505271904e-9 Frac: 0.2724715338245144
Step: 35357 Walker: 40 Trial Log Prob: 561.6740531982072 Prob: 0.00011766300922102736 Frac: 0.28677130044843047
Step: 35387 Walker: 46 Trial Log Prob: 559.4712237739758 Prob: 0.0007557328921605652 Frac: 0.28724284089734314
Step: 35448 Walker: 47 Trial Log Prob: 560.2412502193041 Prob: 0.5585257423876139 Frac: 0.28700272357905077
Step: 35851 Walker: 38 Trial Log Prob: 541.8124235978789 Prob: 0.0002604609466013537 Frac: 0.2907988151770182
Number of steps: 36000 Acceptance Rate: 0.29122
Step: 36261 Walker: 47 Trial Log Prob: 553.0803531456849 Prob: 0.35699448712599424 Frac: 0.28964512914846324
Step: 36426 Walker: 3 Trial Log Prob: 561.1424115697237 Prob: 0.07117190466663242 Frac: 0.2857949465957747
Step: 36731 Walker: 36 Trial Log Prob: 558.5586060099804 Prob: 1.1797454076112435 Frac: 0.2801346617035253
Step: 36770 Walker: 12 Trial Log Prob: 559.3946521504715 Prob: 0.07584824236736953 Frac: 0.2793666476002288
Step: 36800 Walker: 26 Trial Log Prob: 561.5153376850255 Prob: 0.5048139821548067 Frac: 0.27871723033820295
Number of steps: 37000 Acceptance Rate: 0.27616
Step: 37157 Walker: 24 Trial Log Prob: 550.4267444320003 Prob: 0.452886321646676 Frac: 0.29511758691206547
Step: 37283 Walker: 29 Trial Log Prob: 558.1094918754416 Prob: 3.227385957236339 Frac: 0.2886970061575483
Step: 37325 Walker: 27 Trial Log Prob: 551.2974442165604 Prob: 0.20336958965853622 Frac: 0.2866210636593332
Step: 37374 Walker: 36 Trial Log Prob: 531.5469178219577 Prob: 6.939433296312923e-8 Frac: 0.2874344428984266
Step: 37546 Walker: 1 Trial Log Prob: 509.748304560874 Prob: 1.0077779876024192e-13 Frac: 0.28747568896554254
Step: 37585 Walker: 30 Trial Log Prob: 556.5273481904287 Prob: 0.9923394800495121 Frac: 0.28829969209716044
Step: 37585 Walker: 42 Trial Log Prob: 561.6114504472288 Prob: 0.0019144742014768146 Frac: 0.2883181724916216
Step: 37600 Walker: 48 Trial Log Prob: 489.0054068998772 Prob: 6.078575174390767e-28 Frac: 0.2884192279485299
Step: 37774 Walker: 19 Trial Log Prob: 554.1674406108701 Prob: 0.4140357534509441 Frac: 0.2883963898730249
Number of steps: 38000 Acceptance Rate: 0.2899
Step: 38095 Walker: 25 Trial Log Prob: 560.026305583005 Prob: 0.00015443042498237093 Frac: 0.2761904761904762
Step: 38210 Walker: 29 Trial Log Prob: 528.1492107462004 Prob: 1.1737745798863951e-9 Frac: 0.28208798549479913
Step: 38273 Walker: 22 Trial Log Prob: 555.9343067715506 Prob: 1.0949157734796948 Frac: 0.2812362355013948
Step: 38426 Walker: 10 Trial Log Prob: -Inf Prob: 0.0 Frac: 0.28010348071495766
Step: 38449 Walker: 23 Trial Log Prob: 271.89471137097786 Prob: 1.7056242265006134e-122 Frac: 0.28069393033938367
Step: 38983 Walker: 36 Trial Log Prob: 553.5372556572181 Prob: 0.24569873874529533 Frac: 0.27759687398241617
Number of steps: 39000 Acceptance Rate: 0.27692
Step: 39188 Walker: 17 Trial Log Prob: 561.7506204009079 Prob: 0.19131412417413854 Frac: 0.2738336713995943
Step: 39302 Walker: 18 Trial Log Prob: 558.9874594656106 Prob: 0.010820724595809718 Frac: 0.27209981417573664
Step: 39609 Walker: 2 Trial Log Prob: 541.9540586707066 Prob: 0.22783835678855535 Frac: 0.2743569502006447
Step: 39995 Walker: 21 Trial Log Prob: 554.0134954391169 Prob: 5.689723021523028 Frac: 0.27310391987289073
Number of steps: 40000 Acceptance Rate: 0.27352
Step: 40037 Walker: 20 Trial Log Prob: 440.9568793796877 Prob: 5.201132373255318e-49 Frac: 0.2763736263736264
Step: 40063 Walker: 15 Trial Log Prob: 544.4925660043965 Prob: 0.036175412529600985 Frac: 0.2693418940609952
Step: 40133 Walker: 16 Trial Log Prob: 555.684345802926 Prob: 0.8020303870507365 Frac: 0.27010278113663844
Step: 40142 Walker: 7 Trial Log Prob: 440.09530882013865 Prob: 2.6266328577411874e-46 Frac: 0.2705115488167777
Step: 40164 Walker: 36 Trial Log Prob: -Inf Prob: 0.0 Frac: 0.2692401661373076
Step: 40605 Walker: 3 Trial Log Prob: 536.6242832634766 Prob: 7.243122434477099e-5 Frac: 0.2702380558222693
Step: 40631 Walker: 41 Trial Log Prob: 558.2402408646466 Prob: 1.0912328753944815 Frac: 0.26990266637075555
Step: 40866 Walker: 1 Trial Log Prob: 547.7105420621367 Prob: 0.011474919755664713 Frac: 0.2721786779496428
Step: 40904 Walker: 38 Trial Log Prob: 557.5113903433966 Prob: 0.18620812207005133 Frac: 0.2730370894927857
Number of steps: 41000 Acceptance Rate: 0.27436
Step: 41171 Walker: 34 Trial Log Prob: 556.3028702634072 Prob: 0.10090222101253593 Frac: 0.2832200609327396
Step: 41224 Walker: 12 Trial Log Prob: 532.3510219357764 Prob: 1.0116657061887612e-8 Frac: 0.289016305321627
Step: 41579 Walker: 12 Trial Log Prob: 537.6846047800311 Prob: 5.929616643164391e-5 Frac: 0.28752767017155506
Step: 41977 Walker: 1 Trial Log Prob: 560.2221358034681 Prob: 0.01653303002381108 Frac: 0.28663347062560196
Step: 42000 Walker: 35 Trial Log Prob: 544.0534853247617 Prob: 0.027617072738262975 Frac: 0.28630589176753024
Number of steps: 42000 Acceptance Rate: 0.28632
Step: 42145 Walker: 37 Trial Log Prob: 559.1538047512634 Prob: 0.029287202472393404 Frac: 0.28022661323752934
Step: 42318 Walker: 44 Trial Log Prob: 538.4250293164636 Prob: 1.3548214983310645e-6 Frac: 0.28664904995595825
Step: 42547 Walker: 16 Trial Log Prob: 545.6359697452124 Prob: 0.12221212734006973 Frac: 0.28404598037780054
Step: 42582 Walker: 6 Trial Log Prob: 559.8478547337612 Prob: 0.07260351049215023 Frac: 0.2850013766519824
Step: 42700 Walker: 25 Trial Log Prob: 540.2822867338493 Prob: 6.609819699265776e-6 Frac: 0.2852037169406719
Number of steps: 43000 Acceptance Rate: 0.28634
Step: 43090 Walker: 5 Trial Log Prob: 550.4733061368224 Prob: 0.9952613152310588 Frac: 0.30033670033670035
Step: 43150 Walker: 45 Trial Log Prob: 560.1340294270287 Prob: 0.015639667183584758 Frac: 0.2981987991994663
Step: 43164 Walker: 10 Trial Log Prob: 559.8173648031842 Prob: 0.5396235452292854 Frac: 0.2969362745098039
Step: 43622 Walker: 9 Trial Log Prob: 561.2318924593025 Prob: 0.08440910341056096 Frac: 0.2908979683827554
Step: 43851 Walker: 13 Trial Log Prob: 549.4217924401712 Prob: 0.4815066966701938 Frac: 0.28944087690823983
Step: 43866 Walker: 20 Trial Log Prob: 558.1301271809467 Prob: 0.17010590193699987 Frac: 0.2896926276866189
Number of steps: 44000 Acceptance Rate: 0.2907
Step: 44020 Walker: 46 Trial Log Prob: 556.1885056879331 Prob: 0.003560563766892241 Frac: 0.2791164658634538
Step: 44195 Walker: 40 Trial Log Prob: 533.9295743245211 Prob: 1.318154736071474e-7 Frac: 0.28080082135523615
Step: 44892 Walker: 46 Trial Log Prob: -Inf Prob: 0.0 Frac: 0.2747331599246569
Number of steps: 45000 Acceptance Rate: 0.2761
Step: 45226 Walker: 41 Trial Log Prob: 559.2672429333298 Prob: 0.09404011303169123 Frac: 0.2825259055885218
Step: 45415 Walker: 25 Trial Log Prob: 536.7405832169081 Prob: 2.1950834711025234e-6 Frac: 0.27826296743063933
Number of steps: 46000 Acceptance Rate: 0.28078
Step: 46162 Walker: 50 Trial Log Prob: 560.3046208954067 Prob: 0.043318024678887304 Frac: 0.2937037037037037
Step: 46282 Walker: 2 Trial Log Prob: 560.1280376043982 Prob: 0.00013501589723432034 Frac: 0.2846569883290635
Step: 46368 Walker: 46 Trial Log Prob: 555.0417398720707 Prob: 0.0004599283296447333 Frac: 0.288160469667319
Step: 46392 Walker: 12 Trial Log Prob: -Inf Prob: 0.0 Frac: 0.2880073612105102
Step: 46789 Walker: 43 Trial Log Prob: 555.6223344191991 Prob: 0.3634820660195665 Frac: 0.28973455365971146
Number of steps: 47000 Acceptance Rate: 0.28986
Step: 47074 Walker: 42 Trial Log Prob: 468.9805035698212 Prob: 5.588386287802594e-35 Frac: 0.2838569880823402
Step: 47426 Walker: 30 Trial Log Prob: 431.1532158308535 Prob: 5.231247302744884e-50 Frac: 0.28331766917293233
Number of steps: 48000 Acceptance Rate: 0.28284
Step: 48258 Walker: 32 Trial Log Prob: 557.8594970332655 Prob: 0.07065934027184607 Frac: 0.2752678155565906
Step: 48276 Walker: 1 Trial Log Prob: 546.1271819768741 Prob: 0.00243889567686642 Frac: 0.27539815286161007
Step: 48362 Walker: 42 Trial Log Prob: 549.055922329006 Prob: 0.019109857054966303 Frac: 0.27780234357727174
Step: 48533 Walker: 34 Trial Log Prob: 560.5504838940728 Prob: 1.2013677045751436 Frac: 0.27716452654501766
Step: 48864 Walker: 18 Trial Log Prob: 544.3842333364221 Prob: 0.0006862887695920519 Frac: 0.2800685693106004
Number of steps: 49000 Acceptance Rate: 0.28218
Step: 49065 Walker: 11 Trial Log Prob: 527.0367988435702 Prob: 1.6075551562495888e-7 Frac: 0.2952351292432264
Step: 49081 Walker: 5 Trial Log Prob: -Inf Prob: 0.0 Frac: 0.2948813982521848
Step: 49744 Walker: 47 Trial Log Prob: 560.7421412969327 Prob: 0.5014100221130504 Frac: 0.29093744119149395
Step: 49936 Walker: 6 Trial Log Prob: 557.2471713478296 Prob: 0.00010283428643772561 Frac: 0.29132089999144495
Number of steps: 50000 Acceptance Rate: 0.28986
Burn-in Number (ends): 2805
Independent Sample Size: 3133.1587333420152
960.022644 seconds (95.59 M allocations: 415.159 GiB, 6.52% gc time)
