args = ["mcmc", "60.0", "30", "ppp"]
Parameters from fit: [3.945235953517605e-6, 224.7007874955763, 2.433503768487781e6, -0.07301296697828154, -0.05189083034196308, 2.603916513416459e-6, 365.25647087198735, 2.4336244071286125e6, -0.04050904411856772, -0.038509638597194196, 0.00023284316821510617, 4012.300516800379, 2.4401632761917133e6, -0.14851870078783677, 0.25872768841925486]
Maximum log Prob from fit: -180.73653793674742
Step: 198 Walker: 37 Trial Log Prob: 533.2860661306553 Prob: 0.45209475541507865 Frac: 0.3414584808334176
Step: 524 Walker: 24 Trial Log Prob: 533.8245307923253 Prob: 0.04918073442792739 Frac: 0.336822801253152
Step: 714 Walker: 17 Trial Log Prob: 528.2342532205093 Prob: 0.859547126977138 Frac: 0.33456696666386293
Step: 780 Walker: 3 Trial Log Prob: 534.7242197803977 Prob: 0.09055246965563687 Frac: 0.3335814956486022
Step: 824 Walker: 12 Trial Log Prob: 534.9893189672312 Prob: 0.06652342963298008 Frac: 0.33375443370098634
Step: 897 Walker: 49 Trial Log Prob: 529.4651335102541 Prob: 0.05854499219614263 Frac: 0.3330732011862026
Number of steps: 1000 Acceptance Rate: 0.33112
Step: 1060 Walker: 21 Trial Log Prob: 325.76058057268784 Prob: 2.2745265377038583e-82 Frac: 0.3221137664086166
Step: 1066 Walker: 28 Trial Log Prob: 527.7061647224541 Prob: 0.5554916443423519 Frac: 0.3227577791336181
Step: 1190 Walker: 30 Trial Log Prob: 525.5363540348148 Prob: 1.2549409139051195 Frac: 0.31845991561181436
Step: 1443 Walker: 33 Trial Log Prob: 531.9101870796834 Prob: 0.9976796548840882 Frac: 0.31771562824741334
Step: 1972 Walker: 42 Trial Log Prob: 508.2880007201019 Prob: 1.3610791400162555e-6 Frac: 0.30727280210734276
Number of steps: 2000 Acceptance Rate: 0.30652
Step: 2038 Walker: 38 Trial Log Prob: 535.1806185049942 Prob: 0.01017443140540591 Frac: 0.2902542372881356
Step: 2061 Walker: 10 Trial Log Prob: 533.3782216600071 Prob: 1.7377291813907993 Frac: 0.2973421926910299
Step: 2190 Walker: 19 Trial Log Prob: 528.1295633720904 Prob: 0.3868198478304568 Frac: 0.2945400781497518
Step: 2447 Walker: 37 Trial Log Prob: -Inf Prob: 0.0 Frac: 0.29122084433898915
Step: 2680 Walker: 46 Trial Log Prob: 539.7461995251092 Prob: 0.05229694308425947 Frac: 0.2847982115543005
Step: 2888 Walker: 30 Trial Log Prob: 538.8826266630169 Prob: 0.031206914338169942 Frac: 0.28089229382604775
Number of steps: 3000 Acceptance Rate: 0.2804
Step: 3509 Walker: 1 Trial Log Prob: 536.0866629129011 Prob: 1.454705064682578 Frac: 0.2778237077280422
Step: 3702 Walker: 29 Trial Log Prob: 527.9495304622444 Prob: 0.5207136414078348 Frac: 0.280623734998147
Step: 3753 Walker: 47 Trial Log Prob: 500.0672497095439 Prob: 5.370573120433807e-12 Frac: 0.2814301272345738
Step: 3954 Walker: 15 Trial Log Prob: 528.8927013512705 Prob: 0.005263520615514791 Frac: 0.28228259729361166
Number of steps: 4000 Acceptance Rate: 0.28196
Step: 4740 Walker: 28 Trial Log Prob: 488.54839588539335 Prob: 5.626810679343199e-17 Frac: 0.27684028341175837
Number of steps: 5000 Acceptance Rate: 0.27824
Step: 5398 Walker: 35 Trial Log Prob: 532.9695711577501 Prob: 0.9441744892703839 Frac: 0.2683429720895147
Step: 5508 Walker: 12 Trial Log Prob: 531.8212645182277 Prob: 0.0018290442392102264 Frac: 0.27071997476539705
Step: 5690 Walker: 9 Trial Log Prob: 515.6536996380478 Prob: 0.0005926132260179453 Frac: 0.2749934705011753
Step: 5721 Walker: 25 Trial Log Prob: 518.0527142359081 Prob: 0.046496658838302306 Frac: 0.27539208882720334
Number of steps: 6000 Acceptance Rate: 0.2777
Step: 6034 Walker: 49 Trial Log Prob: 535.0637538199776 Prob: 0.13940461483053154 Frac: 0.24955856386109476
Step: 6044 Walker: 23 Trial Log Prob: 536.9825105671626 Prob: 0.7699523735500675 Frac: 0.24942475839852737
Step: 6155 Walker: 45 Trial Log Prob: 511.9773509748964 Prob: 3.1898426341762614e-6 Frac: 0.27010974822466105
Step: 6187 Walker: 15 Trial Log Prob: 530.6637605174749 Prob: 0.7127000956229912 Frac: 0.26902844873859366
Step: 6589 Walker: 11 Trial Log Prob: 489.5100690818069 Prob: 1.7121830263598114e-15 Frac: 0.27894325252456564
Step: 6962 Walker: 26 Trial Log Prob: 533.8066983024332 Prob: 0.8183908569087175 Frac: 0.2808053914635161
Number of steps: 7000 Acceptance Rate: 0.28068
Number of steps: 8000 Acceptance Rate: 0.27808
Step: 8158 Walker: 43 Trial Log Prob: 537.2874225990136 Prob: 0.017545884970720745 Frac: 0.28442924109970863
Step: 8184 Walker: 12 Trial Log Prob: 519.9403701172916 Prob: 0.0018594623764183898 Frac: 0.2827985156079459
Step: 8198 Walker: 23 Trial Log Prob: 536.8281224376582 Prob: 0.0553255773717318 Frac: 0.283905601134407
Step: 8333 Walker: 3 Trial Log Prob: 535.4215958134332 Prob: 0.19848086289518851 Frac: 0.2827802204420888
Step: 8415 Walker: 5 Trial Log Prob: 533.8109854309156 Prob: 0.0016821030657263069 Frac: 0.28283023424293646
Step: 8465 Walker: 3 Trial Log Prob: 513.1818974020533 Prob: 5.8518454465322295e-8 Frac: 0.2841011938111451
Step: 8571 Walker: 24 Trial Log Prob: 523.3754091080199 Prob: 0.003092836652632115 Frac: 0.2858995933249194
Step: 8867 Walker: 19 Trial Log Prob: 524.6745224762699 Prob: 0.658629800071192 Frac: 0.2855790761559593
Step: 8964 Walker: 31 Trial Log Prob: 508.53721089836574 Prob: 3.205087301985099e-8 Frac: 0.28569353064486
Number of steps: 9000 Acceptance Rate: 0.2859
Step: 9089 Walker: 27 Trial Log Prob: 535.1840469552121 Prob: 1.059922706653149 Frac: 0.28371357578495593
Step: 9196 Walker: 41 Trial Log Prob: 533.3257471929646 Prob: 0.6978811588342848 Frac: 0.2808701869063426
Step: 9565 Walker: 6 Trial Log Prob: 509.0266005113 Prob: 2.221234343958999e-8 Frac: 0.28249308657732397
Number of steps: 10000 Acceptance Rate: 0.282
Step: 10061 Walker: 34 Trial Log Prob: 518.5271943324944 Prob: 0.002386369733483497 Frac: 0.26071193144363874
Step: 10390 Walker: 2 Trial Log Prob: 513.2368723297682 Prob: 1.6199341525237672e-6 Frac: 0.2702549866337652
Step: 10708 Walker: 50 Trial Log Prob: 535.2574450878581 Prob: 1.1033861502015179 Frac: 0.2740960451977401
Step: 10771 Walker: 42 Trial Log Prob: 529.4841065683958 Prob: 0.9437956620028866 Frac: 0.27450573400446265
Step: 10935 Walker: 34 Trial Log Prob: 531.7014928275246 Prob: 0.07049652034815178 Frac: 0.27585911755895065
Number of steps: 11000 Acceptance Rate: 0.27618
Step: 11093 Walker: 21 Trial Log Prob: 524.1740280845476 Prob: 0.3602431162959779 Frac: 0.27288465700064923
Step: 11114 Walker: 45 Trial Log Prob: 500.2857804030204 Prob: 2.900635270867128e-10 Frac: 0.27199297629499564
Step: 11307 Walker: 41 Trial Log Prob: 522.3323986265583 Prob: 0.005945025896022547 Frac: 0.27292875301479697
Step: 11382 Walker: 5 Trial Log Prob: 525.3699425153712 Prob: 0.2750554799185734 Frac: 0.27194961952243507
Step: 11760 Walker: 37 Trial Log Prob: 532.0745059723256 Prob: 0.6488505061185436 Frac: 0.2711190670492537
Number of steps: 12000 Acceptance Rate: 0.27188
Step: 12656 Walker: 1 Trial Log Prob: 532.0900470805026 Prob: 0.7798116195786852 Frac: 0.28188452260999664
Number of steps: 13000 Acceptance Rate: 0.28318
Step: 13096 Walker: 17 Trial Log Prob: 531.4636646515447 Prob: 2.8614970917011786 Frac: 0.29158800083910213
Step: 13137 Walker: 35 Trial Log Prob: 536.3520682278821 Prob: 0.015578113464073987 Frac: 0.28632040965618144
Step: 13525 Walker: 11 Trial Log Prob: 525.7989807856333 Prob: 0.7603930941853306 Frac: 0.27950097287398423
Step: 13732 Walker: 46 Trial Log Prob: 525.1207840642211 Prob: 0.3313554715852324 Frac: 0.281451524756804
Step: 13807 Walker: 44 Trial Log Prob: 519.2208322523845 Prob: 0.0022961808325533623 Frac: 0.28284255403529646
Step: 13823 Walker: 3 Trial Log Prob: 524.4416603374242 Prob: 0.09246011046447772 Frac: 0.2831910079556237
Step: 13889 Walker: 44 Trial Log Prob: 534.6623027635015 Prob: 0.4222742316832419 Frac: 0.2824228242282423
Number of steps: 14000 Acceptance Rate: 0.28176
Step: 14273 Walker: 22 Trial Log Prob: 539.2690860516315 Prob: 0.08219502418740156 Frac: 0.287476141535751
Step: 14695 Walker: 35 Trial Log Prob: 534.7133583251145 Prob: 0.0825951163288742 Frac: 0.2857348495753563
Step: 14747 Walker: 44 Trial Log Prob: 537.8941383308331 Prob: 0.5502416231402173 Frac: 0.28679305912596403
Number of steps: 15000 Acceptance Rate: 0.28588
Step: 15112 Walker: 29 Trial Log Prob: 526.3887112432341 Prob: 0.00025382987263289944 Frac: 0.2823086574654956
Step: 15837 Walker: 25 Trial Log Prob: 534.8203296798273 Prob: 0.0005774047793081417 Frac: 0.28148236700537954
Step: 15856 Walker: 21 Trial Log Prob: 538.8321221748507 Prob: 7.339691548658472 Frac: 0.28163942858478874
Step: 15857 Walker: 8 Trial Log Prob: 536.4529780633529 Prob: 0.1784875777827628 Frac: 0.28165296206316576
Step: 15991 Walker: 12 Trial Log Prob: 537.2428885827746 Prob: 2.0502016512534924 Frac: 0.28255776377443853
Number of steps: 16000 Acceptance Rate: 0.28268
Step: 16221 Walker: 19 Trial Log Prob: 537.1186182364407 Prob: 0.000771946524630492 Frac: 0.27026045920682457
Step: 16323 Walker: 17 Trial Log Prob: 531.0757916622223 Prob: 0.8310580335100768 Frac: 0.26667493950487065
Step: 16415 Walker: 36 Trial Log Prob: 536.4846201902685 Prob: 0.0004878072445620405 Frac: 0.26765046296296297
Step: 16567 Walker: 31 Trial Log Prob: 521.7640183557669 Prob: 0.0030025608562468903 Frac: 0.2683279799512901
Number of steps: 17000 Acceptance Rate: 0.26922
Step: 17073 Walker: 1 Trial Log Prob: 534.8460685909442 Prob: 0.005259071331094522 Frac: 0.2618717023049153
Step: 17193 Walker: 27 Trial Log Prob: 531.9831728797652 Prob: 1.0768917471708217 Frac: 0.2683078840760362
Step: 17459 Walker: 9 Trial Log Prob: 534.2243022093745 Prob: 1.0003090445882916 Frac: 0.2756995067440744
Step: 17789 Walker: 46 Trial Log Prob: 506.01418913800654 Prob: 2.82598036968064e-8 Frac: 0.27569335293819397
Step: 17862 Walker: 46 Trial Log Prob: 535.4328539223216 Prob: 2.7283324831930926 Frac: 0.27478188230926304
Step: 17877 Walker: 10 Trial Log Prob: 535.3644238413851 Prob: 0.00467620976182641 Frac: 0.2752111390093586
Step: 17916 Walker: 19 Trial Log Prob: 536.2238056904748 Prob: 0.009440698790312924 Frac: 0.27540474993991565
Number of steps: 18000 Acceptance Rate: 0.27656
Step: 18011 Walker: 28 Trial Log Prob: 536.0294460977256 Prob: 0.5115147086874681 Frac: 0.2727272727272727
Step: 18017 Walker: 7 Trial Log Prob: 533.612791506449 Prob: 0.02695640425618823 Frac: 0.29120198265179675
Step: 18175 Walker: 37 Trial Log Prob: 530.2199124212112 Prob: 0.9352870284034234 Frac: 0.2773263133798787
Step: 18831 Walker: 37 Trial Log Prob: 522.4522071088825 Prob: 0.0022158487455148914 Frac: 0.28044875653032236
Step: 18988 Walker: 6 Trial Log Prob: 534.0784276646351 Prob: 3.8617763090401755 Frac: 0.27939865467217767
Number of steps: 19000 Acceptance Rate: 0.27948
Step: 19074 Walker: 32 Trial Log Prob: 516.7221385869707 Prob: 3.34811529581457e-6 Frac: 0.27159152634437805
Step: 19343 Walker: 12 Trial Log Prob: 517.7674695055804 Prob: 0.0010746541816424066 Frac: 0.26776531089294064
Step: 19381 Walker: 47 Trial Log Prob: 521.1009866994815 Prob: 0.01455906519102366 Frac: 0.26922874993437285
Step: 19418 Walker: 8 Trial Log Prob: 535.6091638715178 Prob: 0.19726992938015817 Frac: 0.26968069805350464
Step: 19857 Walker: 47 Trial Log Prob: 535.2977168824016 Prob: 0.00029451860081821816 Frac: 0.27110416131817866
Step: 19864 Walker: 43 Trial Log Prob: 470.1980873387009 Prob: 1.2285575461051177e-23 Frac: 0.27117820017132405
Step: 19926 Walker: 38 Trial Log Prob: 540.488006875459 Prob: 0.7723147786733824 Frac: 0.27236000691323886
Number of steps: 20000 Acceptance Rate: 0.27186
Step: 20538 Walker: 35 Trial Log Prob: 529.8534791457749 Prob: 0.11429569717980428 Frac: 0.27323786498047237
Step: 20731 Walker: 20 Trial Log Prob: 531.4226113000431 Prob: 1.8726384630656847 Frac: 0.2719879518072289
Step: 20845 Walker: 24 Trial Log Prob: 532.5913346355927 Prob: 0.13762795478164747 Frac: 0.2711491095111785
Step: 20997 Walker: 45 Trial Log Prob: 536.0691867110683 Prob: 0.024187019297295716 Frac: 0.26831176647607585
Number of steps: 21000 Acceptance Rate: 0.26828
Step: 21427 Walker: 37 Trial Log Prob: 528.9720607050467 Prob: 8.560107472948062e-6 Frac: 0.2766555748230773
Step: 21698 Walker: 49 Trial Log Prob: 533.9464642462032 Prob: 1.1697144775595891 Frac: 0.2744491246167512
Step: 21808 Walker: 28 Trial Log Prob: 534.2246784664707 Prob: 0.075610371838165 Frac: 0.2728961315567883
Step: 21865 Walker: 6 Trial Log Prob: 467.8388403987138 Prob: 9.657848189337878e-24 Frac: 0.27211498402999584
Step: 21883 Walker: 42 Trial Log Prob: 520.8488997893376 Prob: 0.08122591469565174 Frac: 0.2716007430564995
Step: 21966 Walker: 18 Trial Log Prob: 524.5257814634966 Prob: 0.035478698195658964 Frac: 0.27247866081047484
Number of steps: 22000 Acceptance Rate: 0.2726
Step: 22186 Walker: 11 Trial Log Prob: 530.6026203678224 Prob: 0.17024348961359467 Frac: 0.27254076233668073
Step: 22293 Walker: 21 Trial Log Prob: 528.9556293901538 Prob: 0.00010854064386673731 Frac: 0.2705013336981055
Step: 22395 Walker: 31 Trial Log Prob: 535.8333406156182 Prob: 0.004550944153795352 Frac: 0.26982920277735545
Step: 22456 Walker: 18 Trial Log Prob: 538.2352150421616 Prob: 0.058835599388478585 Frac: 0.2722241742796908
Step: 22728 Walker: 14 Trial Log Prob: 520.2891298752588 Prob: 0.09925460775516869 Frac: 0.2744472555274447
Step: 22734 Walker: 36 Trial Log Prob: 519.9139143687456 Prob: 0.0026270867944599946 Frac: 0.2743825982663686
Number of steps: 23000 Acceptance Rate: 0.27458
Step: 23219 Walker: 36 Trial Log Prob: 526.4138950038356 Prob: 0.16361866957051954 Frac: 0.2713972201901975
Step: 23408 Walker: 36 Trial Log Prob: 535.6809623641371 Prob: 0.0025309964286397047 Frac: 0.2670950652408516
Step: 23465 Walker: 45 Trial Log Prob: 501.059265591035 Prob: 7.226799524137909e-10 Frac: 0.2672832867283287
Step: 23506 Walker: 46 Trial Log Prob: 534.5766347177281 Prob: 17.00336040559796 Frac: 0.26992409867172673
Step: 23734 Walker: 32 Trial Log Prob: 503.25893039065306 Prob: 2.0048478342895502e-10 Frac: 0.27523035821383784
Step: 23975 Walker: 31 Trial Log Prob: -Inf Prob: 0.0 Frac: 0.27370667542221583
Number of steps: 24000 Acceptance Rate: 0.27318
Step: 24602 Walker: 15 Trial Log Prob: 534.996395463956 Prob: 0.22190502839751727 Frac: 0.2771994012971894
Number of steps: 25000 Acceptance Rate: 0.27532
Step: 25076 Walker: 10 Trial Log Prob: 484.37306215605923 Prob: 9.999785436386851e-17 Frac: 0.28856382978723405
Step: 25290 Walker: 18 Trial Log Prob: 533.6678989518834 Prob: 0.9026572270165057 Frac: 0.2865634503732375
Step: 25384 Walker: 17 Trial Log Prob: -Inf Prob: 0.0 Frac: 0.2871080502947775
Step: 25489 Walker: 42 Trial Log Prob: 535.8597900358267 Prob: 0.001491928119920911 Frac: 0.290238114720563
Step: 25868 Walker: 40 Trial Log Prob: 538.1193005281415 Prob: 0.01302404226186162 Frac: 0.28333717446416223
Step: 25896 Walker: 37 Trial Log Prob: 524.6007173246713 Prob: 0.10965267281150318 Frac: 0.28385468997700225
Number of steps: 26000 Acceptance Rate: 0.28392
Step: 26037 Walker: 5 Trial Log Prob: 520.9551361986457 Prob: 0.007951051073585416 Frac: 0.26537396121883655
Step: 26133 Walker: 9 Trial Log Prob: 520.6846080720491 Prob: 1.515668623081032e-5 Frac: 0.2756846724164019
Step: 26392 Walker: 20 Trial Log Prob: 535.9847335558654 Prob: 0.00029785351879043216 Frac: 0.28308635666836995
Step: 26460 Walker: 50 Trial Log Prob: 506.7075086444602 Prob: 2.9863010585774366e-7 Frac: 0.2821739130434783
Step: 26696 Walker: 25 Trial Log Prob: 527.0559475117145 Prob: 8.609755054696768 Frac: 0.28215672178289003
Step: 26818 Walker: 39 Trial Log Prob: 537.2070926172998 Prob: 0.002195621206863655 Frac: 0.284379662011788
Number of steps: 27000 Acceptance Rate: 0.28298
Step: 27311 Walker: 14 Trial Log Prob: 483.5619744831051 Prob: 3.4144693233674264e-21 Frac: 0.27607322418460745
Step: 27543 Walker: 1 Trial Log Prob: 532.9177645063053 Prob: 0.6083734420521298 Frac: 0.2771853437142541
Step: 27570 Walker: 18 Trial Log Prob: 522.1003874332844 Prob: 0.009260496593024449 Frac: 0.27768020233244345
Step: 27633 Walker: 45 Trial Log Prob: 534.2868774210632 Prob: 0.12516886148823392 Frac: 0.27618897140148524
Step: 27738 Walker: 4 Trial Log Prob: 520.4863245835261 Prob: 0.0034328759214966474 Frac: 0.27546534975850656
Step: 27946 Walker: 23 Trial Log Prob: 521.898066662537 Prob: 0.0007176670711493732 Frac: 0.273284961817528
Number of steps: 28000 Acceptance Rate: 0.27314
Step: 28118 Walker: 19 Trial Log Prob: 536.1822194673074 Prob: 0.46179539972487454 Frac: 0.2681887885500085
Step: 28174 Walker: 4 Trial Log Prob: 531.7882637194018 Prob: 0.00020056820799743027 Frac: 0.26808412294892536
Step: 28369 Walker: 7 Trial Log Prob: 536.4451289540509 Prob: 0.0015413590334265369 Frac: 0.2740805128483729
Step: 28689 Walker: 50 Trial Log Prob: 528.3898603753173 Prob: 0.18162421329872414 Frac: 0.2781422351233672
Step: 28732 Walker: 18 Trial Log Prob: 536.103772265962 Prob: 0.5957298140230717 Frac: 0.2778658936775323
Number of steps: 29000 Acceptance Rate: 0.27742
Step: 29031 Walker: 4 Trial Log Prob: 522.352610140002 Prob: 0.010669486486238215 Frac: 0.2872340425531915
Step: 29307 Walker: 31 Trial Log Prob: -Inf Prob: 0.0 Frac: 0.2799556454243037
Step: 29346 Walker: 39 Trial Log Prob: 535.1282265886858 Prob: 1.660059630506071 Frac: 0.28052518942680316
Step: 29491 Walker: 30 Trial Log Prob: 523.8266500566133 Prob: 0.009813566251581217 Frac: 0.28035059111292293
Number of steps: 30000 Acceptance Rate: 0.28206
Step: 30311 Walker: 6 Trial Log Prob: 508.2782005538472 Prob: 2.4497125018415788e-8 Frac: 0.27653811427834385
Step: 30593 Walker: 38 Trial Log Prob: 486.8717828774852 Prob: 3.171799591762021e-14 Frac: 0.27991092516364124
Step: 30607 Walker: 40 Trial Log Prob: 534.2684842083473 Prob: 0.050300621758513846 Frac: 0.27982860909690177
Step: 30773 Walker: 15 Trial Log Prob: 509.369860010141 Prob: 2.5086481223885368e-8 Frac: 0.28079761750615045
Step: 30861 Walker: 9 Trial Log Prob: 538.2506413196179 Prob: 0.05679371412379083 Frac: 0.28228975330744727
Number of steps: 31000 Acceptance Rate: 0.28512
Step: 31055 Walker: 18 Trial Log Prob: 517.2737895186933 Prob: 0.009853262208282561 Frac: 0.2913907284768212
Step: 31180 Walker: 44 Trial Log Prob: 525.4521240777261 Prob: 5.017387798538492 Frac: 0.29086057371581053
Step: 31205 Walker: 14 Trial Log Prob: 530.5795800882177 Prob: 0.6500321503181202 Frac: 0.28862345799882516
Step: 31287 Walker: 8 Trial Log Prob: 535.0947403145393 Prob: 0.00013240386810626644 Frac: 0.2913055633212189
Step: 31390 Walker: 42 Trial Log Prob: 537.0289465898503 Prob: 0.021453223547596694 Frac: 0.2942745741842807
Step: 31431 Walker: 42 Trial Log Prob: 518.5932722794605 Prob: 0.0033692093624226125 Frac: 0.2933339522792684
Step: 31459 Walker: 43 Trial Log Prob: 526.9413598598342 Prob: 0.8281339247555107 Frac: 0.2933792442139215
Step: 31527 Walker: 27 Trial Log Prob: 506.8404880271724 Prob: 4.800427095317013e-9 Frac: 0.2922475025639078
Step: 31891 Walker: 10 Trial Log Prob: 534.0161580365572 Prob: 2.447091302558198 Frac: 0.2874410244888789
Step: 31954 Walker: 2 Trial Log Prob: 530.7991713054397 Prob: 1.203025591140699 Frac: 0.2873961218836565
Number of steps: 32000 Acceptance Rate: 0.28708
Step: 32357 Walker: 46 Trial Log Prob: 500.7208444552322 Prob: 8.480931263772285e-9 Frac: 0.29115768239381373
Step: 32425 Walker: 2 Trial Log Prob: 537.9305827347201 Prob: 0.05772762146302566 Frac: 0.28992547872842184
Step: 32592 Walker: 23 Trial Log Prob: 520.0009819751791 Prob: 6.933286873990251e-7 Frac: 0.28624082778209853
Step: 32624 Walker: 45 Trial Log Prob: 535.2669925287386 Prob: 0.0023127438773932582 Frac: 0.2854303574290752
Step: 32678 Walker: 39 Trial Log Prob: 529.3045945120457 Prob: 0.8296217683345435 Frac: 0.2831892354451297
Step: 32990 Walker: 35 Trial Log Prob: 535.6841897703513 Prob: 0.024373964176349766 Frac: 0.2820652723047388
Number of steps: 33000 Acceptance Rate: 0.28216
Step: 33059 Walker: 5 Trial Log Prob: 534.6592760754667 Prob: 1.2671137999030342 Frac: 0.2836488812392427
Step: 33264 Walker: 43 Trial Log Prob: 537.4661715257836 Prob: 1.6220810455465362 Frac: 0.2763586750549534
Step: 33486 Walker: 20 Trial Log Prob: 533.0952615017762 Prob: 0.0870298272366432 Frac: 0.27672023073753604
Step: 33675 Walker: 6 Trial Log Prob: 530.7838672541836 Prob: 0.013902160360237779 Frac: 0.27594493561977096
Step: 33755 Walker: 9 Trial Log Prob: 530.3116082920303 Prob: 0.9934395556142552 Frac: 0.27749343658012676
Step: 33985 Walker: 17 Trial Log Prob: 483.51480784401093 Prob: 3.568981490464413e-17 Frac: 0.27939533088160595
Number of steps: 34000 Acceptance Rate: 0.27934
Step: 34101 Walker: 16 Trial Log Prob: 493.75210951203104 Prob: 1.4682442268088875e-14 Frac: 0.30422647527910684
Step: 34826 Walker: 31 Trial Log Prob: 532.6810120424605 Prob: 1.402080202144292 Frac: 0.2782878321746082
Step: 34919 Walker: 10 Trial Log Prob: 536.1544904877449 Prob: 0.8425508200445961 Frac: 0.2776301459377042
Number of steps: 35000 Acceptance Rate: 0.2757
Step: 35145 Walker: 11 Trial Log Prob: 531.0523804431426 Prob: 0.6120045475814284 Frac: 0.27347108584107616
Step: 35180 Walker: 36 Trial Log Prob: 531.608868281479 Prob: 0.3185680408859901 Frac: 0.2722012018695749
Step: 35417 Walker: 18 Trial Log Prob: -Inf Prob: 0.0 Frac: 0.2698626188875012
Step: 35579 Walker: 38 Trial Log Prob: 528.3237228083414 Prob: 1.2135758020556007 Frac: 0.26850507982583455
Step: 35602 Walker: 34 Trial Log Prob: 475.0291169778592 Prob: 1.6250192678584676e-22 Frac: 0.26901342906528386
Step: 35852 Walker: 23 Trial Log Prob: 531.2701920542855 Prob: 1.3551598556042437 Frac: 0.2726140981373171
Number of steps: 36000 Acceptance Rate: 0.2736
Step: 36026 Walker: 26 Trial Log Prob: -Inf Prob: 0.0 Frac: 0.27351097178683387
Step: 36191 Walker: 16 Trial Log Prob: 535.6928212826165 Prob: 0.00017329065536001895 Frac: 0.27543085329970574
Step: 36250 Walker: 24 Trial Log Prob: 528.2286839403355 Prob: 2.157624083686296 Frac: 0.27320827320827323
Number of steps: 37000 Acceptance Rate: 0.27236
Step: 37670 Walker: 49 Trial Log Prob: 534.7948794790339 Prob: 0.9839679897947032 Frac: 0.276784381623332
Step: 37689 Walker: 41 Trial Log Prob: 521.2736339430186 Prob: 0.006649290721662511 Frac: 0.2769083359948898
Step: 37983 Walker: 9 Trial Log Prob: 518.0712679104948 Prob: 0.0003406568474139191 Frac: 0.2749190576065487
Number of steps: 38000 Acceptance Rate: 0.27542
Step: 38094 Walker: 42 Trial Log Prob: 528.0290222408896 Prob: 0.1008774248458517 Frac: 0.2783461210571185
Step: 38293 Walker: 19 Trial Log Prob: -Inf Prob: 0.0 Frac: 0.27416375949107324
Step: 38636 Walker: 27 Trial Log Prob: 536.2484607718505 Prob: 0.5885186347990515 Frac: 0.2841363250149479
Step: 38853 Walker: 29 Trial Log Prob: 505.245689608473 Prob: 1.2643053495206935e-7 Frac: 0.2855567805953694
Number of steps: 39000 Acceptance Rate: 0.28574
Step: 39161 Walker: 14 Trial Log Prob: 520.9196585027142 Prob: 0.001029831485650295 Frac: 0.2889942600449214
Step: 39175 Walker: 20 Trial Log Prob: 538.3594235585126 Prob: 0.0009335384819880247 Frac: 0.28761467889908254
Step: 39350 Walker: 15 Trial Log Prob: 464.91261014843775 Prob: 4.463826780558305e-24 Frac: 0.28428285141711995
Step: 39588 Walker: 25 Trial Log Prob: 535.5342391169461 Prob: 0.11671357400835845 Frac: 0.28061276595744683
Step: 39788 Walker: 40 Trial Log Prob: 516.3656488618417 Prob: 0.0009873959382550178 Frac: 0.28136582889058137
Step: 39980 Walker: 7 Trial Log Prob: 520.0306004603285 Prob: 0.0009289860926740238 Frac: 0.28192086933431376
Number of steps: 40000 Acceptance Rate: 0.28224
Step: 40005 Walker: 48 Trial Log Prob: 536.4889682609307 Prob: 2.3252402414602487 Frac: 0.29838709677419356
Step: 40208 Walker: 16 Trial Log Prob: 525.2439794472361 Prob: 0.585045271905411 Frac: 0.2952923017557399
Step: 40309 Walker: 14 Trial Log Prob: 507.67896393540184 Prob: 4.1271607434303867e-10 Frac: 0.2971973530556637
Step: 40372 Walker: 36 Trial Log Prob: 519.249356389956 Prob: 4.317844773129565e-5 Frac: 0.29538362208113633
Step: 40763 Walker: 17 Trial Log Prob: 534.0350463294762 Prob: 9.053099071953137e-5 Frac: 0.2916284072723457
Number of steps: 41000 Acceptance Rate: 0.29098
Step: 41101 Walker: 45 Trial Log Prob: 537.6162752470921 Prob: 0.30737053046103024 Frac: 0.28860257680872153
Step: 41201 Walker: 7 Trial Log Prob: 520.2439310237916 Prob: 0.3245721062899673 Frac: 0.28849805136404516
Step: 41237 Walker: 31 Trial Log Prob: 535.8703701954956 Prob: 0.00023127329318014232 Frac: 0.29304369875750147
Step: 41440 Walker: 7 Trial Log Prob: 514.8014988031424 Prob: 0.0006076818586187579 Frac: 0.28842738078972535
Number of steps: 42000 Acceptance Rate: 0.28066
Step: 42093 Walker: 35 Trial Log Prob: 478.7312507277504 Prob: 5.3678872016838966e-20 Frac: 0.2761596548004315
Step: 42255 Walker: 5 Trial Log Prob: 532.0156186324039 Prob: 1.3165543497918077 Frac: 0.26871310507674145
Step: 42727 Walker: 48 Trial Log Prob: 531.9752992948155 Prob: 0.8325349225240709 Frac: 0.2692307692307692
Step: 42935 Walker: 18 Trial Log Prob: 534.3898256330249 Prob: 0.0019172251425177054 Frac: 0.27004580675542617
Number of steps: 43000 Acceptance Rate: 0.2698
Step: 43327 Walker: 4 Trial Log Prob: 531.9810292879991 Prob: 0.1604039714423771 Frac: 0.27625122669283614
Step: 43784 Walker: 30 Trial Log Prob: 527.3439128138025 Prob: 0.5410468877761198 Frac: 0.27937723328228686
Step: 43958 Walker: 3 Trial Log Prob: 535.7149454272976 Prob: 0.2478178995968791 Frac: 0.27778822644348317
Number of steps: 44000 Acceptance Rate: 0.27722
Number of steps: 45000 Acceptance Rate: 0.27462
Step: 45304 Walker: 30 Trial Log Prob: 531.7255939418036 Prob: 1.6554989646272797 Frac: 0.2790513833992095
Step: 45441 Walker: 49 Trial Log Prob: 538.4629299191403 Prob: 0.0013267096098393604 Frac: 0.273980679395891
Step: 45579 Walker: 19 Trial Log Prob: 523.6134052671598 Prob: 0.0011162810365238337 Frac: 0.2736954943116982
Step: 45672 Walker: 14 Trial Log Prob: 515.6003640134496 Prob: 4.5044975451008634e-5 Frac: 0.273835061375283
Step: 45813 Walker: 22 Trial Log Prob: 536.8441545482916 Prob: 0.031094332720466765 Frac: 0.2744079562798484
Number of steps: 46000 Acceptance Rate: 0.27416
Step: 46294 Walker: 30 Trial Log Prob: 482.897904261315 Prob: 7.029415929423129e-20 Frac: 0.28160762942779294
Step: 46494 Walker: 4 Trial Log Prob: 504.575241740012 Prob: 1.548997224205669e-6 Frac: 0.2835645331386388
Step: 46579 Walker: 2 Trial Log Prob: -Inf Prob: 0.0 Frac: 0.2839249878901114
Step: 46722 Walker: 46 Trial Log Prob: 522.5287965339244 Prob: 0.000797021448784019 Frac: 0.2834109042553192
Number of steps: 47000 Acceptance Rate: 0.27964
Step: 47109 Walker: 19 Trial Log Prob: 522.6282796217487 Prob: 0.001080233062896624 Frac: 0.2768038383465584
Step: 47264 Walker: 4 Trial Log Prob: 538.7214091525688 Prob: 0.025438114782747275 Frac: 0.28166337235821803
Step: 47305 Walker: 12 Trial Log Prob: 533.8729321261269 Prob: 2.308150556445306 Frac: 0.2815540362871417
Step: 47577 Walker: 15 Trial Log Prob: 531.5900412709195 Prob: 1.116284012889006 Frac: 0.2825611660593441
Step: 47669 Walker: 8 Trial Log Prob: -Inf Prob: 0.0 Frac: 0.2825670498084291
Step: 47743 Walker: 50 Trial Log Prob: 535.043852583458 Prob: 4.0837621237789756e-5 Frac: 0.28304172274562583
Step: 47963 Walker: 47 Trial Log Prob: 539.8153508932905 Prob: 0.07248325797137914 Frac: 0.28253058342160464
Number of steps: 48000 Acceptance Rate: 0.28354
Step: 48063 Walker: 32 Trial Log Prob: 529.3469809379027 Prob: 0.8000114381515693 Frac: 0.28448275862068967
Step: 48137 Walker: 38 Trial Log Prob: 510.75442629879086 Prob: 0.00011518371171268073 Frac: 0.2806376133372331
Number of steps: 49000 Acceptance Rate: 0.27864
Step: 49537 Walker: 23 Trial Log Prob: 534.4228162094121 Prob: 1.6114448485617694 Frac: 0.28203407523394103
Step: 49563 Walker: 16 Trial Log Prob: -Inf Prob: 0.0 Frac: 0.28222364489970125
Step: 49642 Walker: 8 Trial Log Prob: 530.107286654107 Prob: 1.9401666105829345 Frac: 0.2805228024206126
Step: 49903 Walker: 38 Trial Log Prob: 517.7611093367007 Prob: 0.0002571202973137363 Frac: 0.27796978155877533
Number of steps: 50000 Acceptance Rate: 0.2765
Burn-in Number (ends): 4286
Independent Sample Size: 2064.25310741577
1030.339811 seconds (95.81 M allocations: 603.993 GiB, 7.71% gc time)
