args = ["mcmc", "60.0", "20", "ppp"]
Parameters from fit: [5.068805340145062e-6, 224.70077331989097, 2.433503768741161e6, 0.00590294304840679, 0.0025812426531203136, 2.8487073022202882e-6, 365.256321228461, 2.4336244090148383e6, 0.02406392758337808, 0.0022579459305583937, 0.0018888335764504624, 5234.503373576927, 2.439642419271686e6, 0.051719638176655584, -0.012701499131314666]
Maximum log Prob from fit: -103.78165995338782
Step: 90 Walker: 12 Trial Log Prob: 357.8482048017579 Prob: 0.00046139759856154424 Frac: 0.35163603765127743
Step: 125 Walker: 17 Trial Log Prob: 375.16476908714736 Prob: 0.00011670371925903234 Frac: 0.3482387003377835
Step: 214 Walker: 12 Trial Log Prob: 368.67469484318946 Prob: 5.756094168963283 Frac: 0.3415869442881261
Step: 237 Walker: 32 Trial Log Prob: 372.84281782428235 Prob: 0.04313012997163613 Frac: 0.3401791751183232
Step: 438 Walker: 19 Trial Log Prob: 350.48284103577237 Prob: 3.2466892206745425e-5 Frac: 0.3335772097489597
Step: 640 Walker: 18 Trial Log Prob: 347.4922904707531 Prob: 1.5243616771443776e-6 Frac: 0.33164414414414417
Step: 667 Walker: 18 Trial Log Prob: 372.9351340315397 Prob: 0.06057554114652667 Frac: 0.3309922564379615
Number of steps: 1000 Acceptance Rate: 0.32708
Step: 1171 Walker: 27 Trial Log Prob: 371.0301188604405 Prob: 1.2444247191834503 Frac: 0.3079629412454556
Step: 1305 Walker: 38 Trial Log Prob: 369.40041006018305 Prob: 0.18330044965543058 Frac: 0.3050269064181651
Step: 1488 Walker: 46 Trial Log Prob: 370.63355104540824 Prob: 0.23207192762402928 Frac: 0.30369732743072636
Step: 1592 Walker: 19 Trial Log Prob: 363.8655638211291 Prob: 3.0770178048237278 Frac: 0.30406845006594746
Step: 1664 Walker: 8 Trial Log Prob: 355.14164018402255 Prob: 0.03405063732976206 Frac: 0.3066228361179806
Step: 1753 Walker: 11 Trial Log Prob: 373.3783981860638 Prob: 4.09526597135304 Frac: 0.30581478822684854
Number of steps: 2000 Acceptance Rate: 0.30702
Step: 2799 Walker: 50 Trial Log Prob: 373.4466332725381 Prob: 1.0334633527638417 Frac: 0.31083854818523154
Number of steps: 3000 Acceptance Rate: 0.31044
Step: 3420 Walker: 31 Trial Log Prob: 362.82547680371044 Prob: 0.014852224498222497 Frac: 0.3015585529765025
Step: 3709 Walker: 50 Trial Log Prob: 368.1445802230511 Prob: 0.49635852006135317 Frac: 0.2996614950634697
Step: 3714 Walker: 1 Trial Log Prob: 366.3664457053448 Prob: 1.5794308511534922 Frac: 0.29957083952764296
Step: 3941 Walker: 37 Trial Log Prob: 367.8063746697271 Prob: 0.8722557459114288 Frac: 0.29593724089546525
Number of steps: 4000 Acceptance Rate: 0.2967
Step: 4218 Walker: 31 Trial Log Prob: 374.0832369911905 Prob: 1.0198453866937647 Frac: 0.2959286830254572
Step: 4296 Walker: 32 Trial Log Prob: 371.2990955331299 Prob: 0.03495605859599212 Frac: 0.2938709240968746
Step: 4560 Walker: 47 Trial Log Prob: 371.73164832331906 Prob: 0.00020007777233819137 Frac: 0.29431724827660105
Step: 4652 Walker: 5 Trial Log Prob: 364.3179637149982 Prob: 0.017349572467384087 Frac: 0.29448625403163875
Step: 4709 Walker: 24 Trial Log Prob: 367.99895992717836 Prob: 0.0028785701264104286 Frac: 0.2959010840108401
Step: 4870 Walker: 41 Trial Log Prob: 355.6334233094328 Prob: 0.02065017013556632 Frac: 0.29737187004207766
Number of steps: 5000 Acceptance Rate: 0.29594
Step: 5128 Walker: 21 Trial Log Prob: 337.9543799303737 Prob: 0.02623588355715766 Frac: 0.2770365719667242
Step: 5427 Walker: 36 Trial Log Prob: 359.0928711883171 Prob: 0.21834941618500925 Frac: 0.286182977127859
Step: 5473 Walker: 16 Trial Log Prob: 359.9443514841907 Prob: 0.001628921894442799 Frac: 0.28624661246612465
Step: 5838 Walker: 7 Trial Log Prob: 365.64675159201556 Prob: 0.759657764641101 Frac: 0.2889122488472657
Number of steps: 6000 Acceptance Rate: 0.29042
Step: 6292 Walker: 47 Trial Log Prob: 356.5057969265026 Prob: 0.20747959831086657 Frac: 0.2971843529492361
Step: 6558 Walker: 33 Trial Log Prob: 370.735491687281 Prob: 4.458821395063646e-5 Frac: 0.29164724025391814
Step: 6777 Walker: 14 Trial Log Prob: 289.0579005660469 Prob: 7.334350899678292e-30 Frac: 0.2850260215386201
Step: 6918 Walker: 19 Trial Log Prob: 343.65891200176213 Prob: 9.20119158070018e-7 Frac: 0.28302339270531296
Step: 6958 Walker: 18 Trial Log Prob: 369.5302040683485 Prob: 0.002086400675667423 Frac: 0.2827358569399181
Number of steps: 7000 Acceptance Rate: 0.2826
Step: 7138 Walker: 18 Trial Log Prob: 342.49408528592545 Prob: 8.154764693825223e-10 Frac: 0.2642690739662201
Step: 7342 Walker: 5 Trial Log Prob: 361.49144562432946 Prob: 0.12419472932100407 Frac: 0.2702433304016417
Step: 7551 Walker: 6 Trial Log Prob: 364.45778092702386 Prob: 0.912125743300623 Frac: 0.27488547953173853
Step: 7681 Walker: 6 Trial Log Prob: 370.17743437001775 Prob: 1.555050664931887 Frac: 0.2742751279186026
Step: 7687 Walker: 24 Trial Log Prob: 365.06384137008064 Prob: 0.16525384724560532 Frac: 0.27412306258011887
Step: 7702 Walker: 8 Trial Log Prob: 368.88015551809593 Prob: 0.1357888957602626 Frac: 0.2744309430087284
Number of steps: 8000 Acceptance Rate: 0.27592
Step: 8043 Walker: 31 Trial Log Prob: 345.36358793767175 Prob: 7.652821865206476e-6 Frac: 0.2749882684185828
Step: 8062 Walker: 44 Trial Log Prob: -Inf Prob: 0.0 Frac: 0.2682611506140918
Step: 8105 Walker: 39 Trial Log Prob: -Inf Prob: 0.0 Frac: 0.2656995609849208
Step: 8254 Walker: 24 Trial Log Prob: 364.98268510742497 Prob: 0.9221205083235576 Frac: 0.2781284519488717
Step: 8260 Walker: 47 Trial Log Prob: -Inf Prob: 0.0 Frac: 0.2777564053243056
Step: 8494 Walker: 18 Trial Log Prob: 351.8898254301648 Prob: 0.007434333440142311 Frac: 0.28332252310685907
Step: 8547 Walker: 7 Trial Log Prob: 367.5111909867036 Prob: 0.07796280312286766 Frac: 0.282784633976636
Step: 8678 Walker: 27 Trial Log Prob: 372.89649834757455 Prob: 0.0002896743535431104 Frac: 0.27983587684859934
Step: 8790 Walker: 27 Trial Log Prob: 357.69192012980574 Prob: 0.0015741925699039243 Frac: 0.27914988474301494
Number of steps: 9000 Acceptance Rate: 0.28102
Step: 9113 Walker: 37 Trial Log Prob: 359.01599954874365 Prob: 0.7127661793323365 Frac: 0.27479155579208797
Number of steps: 10000 Acceptance Rate: 0.28402
Step: 10524 Walker: 16 Trial Log Prob: -Inf Prob: 0.0 Frac: 0.289536039134755
Step: 10595 Walker: 20 Trial Log Prob: 364.7717553464069 Prob: 0.7336959421026504 Frac: 0.288257065948856
Step: 10831 Walker: 6 Trial Log Prob: 358.47026320629726 Prob: 0.016987494381115437 Frac: 0.2872355803980147
Step: 10877 Walker: 2 Trial Log Prob: 367.4631652454174 Prob: 0.6927232160915595 Frac: 0.28669923747774073
Number of steps: 11000 Acceptance Rate: 0.28598
Step: 11057 Walker: 13 Trial Log Prob: 360.33638331657227 Prob: 0.036950648383615156 Frac: 0.26875222182723074
Step: 11067 Walker: 13 Trial Log Prob: 354.5201824906996 Prob: 0.03636191312517729 Frac: 0.2764865680651977
Step: 11122 Walker: 10 Trial Log Prob: 356.8738703495395 Prob: 0.609727998640638 Frac: 0.27854785478547855
Step: 11553 Walker: 41 Trial Log Prob: 340.312034181042 Prob: 1.3062008201087333e-13 Frac: 0.2856264245143085
Number of steps: 12000 Acceptance Rate: 0.28994
Step: 12005 Walker: 5 Trial Log Prob: 372.3426755122514 Prob: 0.15192835602668064 Frac: 0.24390243902439024
Step: 12093 Walker: 37 Trial Log Prob: 302.8765798436346 Prob: 2.1146635131393027e-21 Frac: 0.28294155704119045
Step: 12513 Walker: 26 Trial Log Prob: 371.1136973512934 Prob: 0.00024084124162061107 Frac: 0.2891984703035979
Step: 12600 Walker: 41 Trial Log Prob: 360.05065547053096 Prob: 0.011443696911802779 Frac: 0.28821979927311525
Step: 12763 Walker: 46 Trial Log Prob: 365.3311776002396 Prob: 1.3610300172978493 Frac: 0.28786766633460914
Step: 12790 Walker: 1 Trial Log Prob: 364.6773295789819 Prob: 0.5896314556597007 Frac: 0.28747053306633547
Step: 12806 Walker: 25 Trial Log Prob: 370.2972579596242 Prob: 0.8034642166167741 Frac: 0.2875977653631285
Number of steps: 13000 Acceptance Rate: 0.2872
Step: 13206 Walker: 46 Trial Log Prob: 358.3582637587407 Prob: 0.0009530533997497226 Frac: 0.28894716394716397
Step: 13707 Walker: 25 Trial Log Prob: 351.94548557842955 Prob: 0.0020898637542289657 Frac: 0.2901061571125265
Step: 13746 Walker: 9 Trial Log Prob: 367.81163301272306 Prob: 0.0013485471683577128 Frac: 0.2902386000697818
Step: 13748 Walker: 27 Trial Log Prob: 367.66608090443714 Prob: 0.4508293554616602 Frac: 0.2903122240950317
Step: 13797 Walker: 38 Trial Log Prob: 371.98887105160975 Prob: 0.7078095204482705 Frac: 0.2898739896581154
Step: 13911 Walker: 15 Trial Log Prob: 374.2239058945877 Prob: 0.015752351270557054 Frac: 0.28961880698670767
Step: 13912 Walker: 14 Trial Log Prob: 370.26856441183736 Prob: 2.2162858464341455 Frac: 0.2895487665700992
Number of steps: 14000 Acceptance Rate: 0.29028
Step: 14020 Walker: 5 Trial Log Prob: 347.6289413237581 Prob: 0.0020822660737024297 Frac: 0.31308900523560207
Step: 14290 Walker: 12 Trial Log Prob: 367.08711244573414 Prob: 0.050770976073547164 Frac: 0.28702807357212
Step: 14567 Walker: 22 Trial Log Prob: -Inf Prob: 0.0 Frac: 0.2853612033048514
Step: 14817 Walker: 43 Trial Log Prob: 349.1567164007589 Prob: 0.00028273278609277296 Frac: 0.2869769605562765
Number of steps: 15000 Acceptance Rate: 0.28654
Step: 15225 Walker: 35 Trial Log Prob: 370.6241713751407 Prob: 0.000847904420441217 Frac: 0.28544726301735646
Step: 15228 Walker: 2 Trial Log Prob: 367.1028473461451 Prob: 0.7116958766090882 Frac: 0.2847956307258633
Step: 15435 Walker: 22 Trial Log Prob: 356.3646231467785 Prob: 0.00524947163170894 Frac: 0.2821563391952859
Step: 15968 Walker: 47 Trial Log Prob: 363.21211587700975 Prob: 1.26853769344808 Frac: 0.2836332830547348
Number of steps: 16000 Acceptance Rate: 0.28358
Step: 16692 Walker: 32 Trial Log Prob: 371.31935001996385 Prob: 0.21851492443440734 Frac: 0.28182291365450235
Step: 16959 Walker: 36 Trial Log Prob: 368.01818992620144 Prob: 0.06602287651426135 Frac: 0.28133344459279036
Number of steps: 17000 Acceptance Rate: 0.28084
Step: 17102 Walker: 8 Trial Log Prob: 361.43653969935747 Prob: 0.2422978158635042 Frac: 0.2597864768683274
Number of steps: 18000 Acceptance Rate: 0.27578
Step: 18146 Walker: 43 Trial Log Prob: 368.72080092406384 Prob: 0.0856972296128453 Frac: 0.26559714795008915
Step: 18632 Walker: 38 Trial Log Prob: -Inf Prob: 0.0 Frac: 0.2824806888691908
Step: 18715 Walker: 37 Trial Log Prob: 335.5721769104638 Prob: 2.5065720825820187e-5 Frac: 0.28351568402496014
Number of steps: 19000 Acceptance Rate: 0.2828
Step: 19088 Walker: 25 Trial Log Prob: 367.19837618369274 Prob: 0.4525596294310577 Frac: 0.28205714285714284
Step: 19236 Walker: 6 Trial Log Prob: 362.13605190044365 Prob: 1.1662394813369907 Frac: 0.28530112283089487
Step: 19398 Walker: 44 Trial Log Prob: 368.5155640833401 Prob: 0.4015515483039685 Frac: 0.2855634864783352
Step: 19743 Walker: 2 Trial Log Prob: -Inf Prob: 0.0 Frac: 0.28879844752304457
Step: 19828 Walker: 27 Trial Log Prob: -Inf Prob: 0.0 Frac: 0.2897986804263238
Step: 19885 Walker: 6 Trial Log Prob: 368.79867906613475 Prob: 0.8060571859001068 Frac: 0.28919151246437136
Step: 19903 Walker: 12 Trial Log Prob: 324.15920943854275 Prob: 9.109634922309042e-12 Frac: 0.28919134598333035
Step: 19956 Walker: 1 Trial Log Prob: 355.5917625502587 Prob: 0.15566035996022654 Frac: 0.28824527235031727
Number of steps: 20000 Acceptance Rate: 0.28784
Step: 20113 Walker: 8 Trial Log Prob: 361.60821650059495 Prob: 1.3839197851324705 Frac: 0.27977888730385164
Step: 20410 Walker: 47 Trial Log Prob: 348.0705719844196 Prob: 3.3624490184934095e-9 Frac: 0.28257793823486366
Step: 20513 Walker: 49 Trial Log Prob: 367.33567213788183 Prob: 0.2942490325234538 Frac: 0.282818043588444
Step: 20648 Walker: 32 Trial Log Prob: 318.48743913682574 Prob: 2.0848270452923616e-18 Frac: 0.286177506021864
Step: 20669 Walker: 28 Trial Log Prob: 370.6590156326173 Prob: 0.4387054779302156 Frac: 0.28598779466315666
Step: 20845 Walker: 12 Trial Log Prob: 367.9426252162425 Prob: 4.329633853746013 Frac: 0.28709845541552165
Step: 20906 Walker: 29 Trial Log Prob: -Inf Prob: 0.0 Frac: 0.2859603789836348
Number of steps: 21000 Acceptance Rate: 0.28606
Step: 21087 Walker: 24 Trial Log Prob: 149.19303424422154 Prob: 6.13117184575714e-93 Frac: 0.2791396854764107
Step: 21139 Walker: 42 Trial Log Prob: 337.11889467640844 Prob: 3.0985772818792105e-8 Frac: 0.27859406511091905
Step: 21559 Walker: 17 Trial Log Prob: 367.3227946136092 Prob: 0.19285958840204617 Frac: 0.2770713185514203
Step: 21582 Walker: 17 Trial Log Prob: 342.0590399736451 Prob: 9.070609241282579e-6 Frac: 0.27742801114666116
Step: 21792 Walker: 27 Trial Log Prob: -Inf Prob: 0.0 Frac: 0.27639790787578644
Number of steps: 22000 Acceptance Rate: 0.27632
Step: 22183 Walker: 3 Trial Log Prob: 297.7225711143019 Prob: 2.3428661534538785e-23 Frac: 0.2884763264857739
Step: 22213 Walker: 42 Trial Log Prob: -Inf Prob: 0.0 Frac: 0.28753993610223644
Step: 22270 Walker: 30 Trial Log Prob: 373.4909552230252 Prob: 0.027388818995032465 Frac: 0.2880563798219585
Step: 22324 Walker: 13 Trial Log Prob: 360.4381391480095 Prob: 1.3545542136096018 Frac: 0.2866423312503867
Step: 22547 Walker: 46 Trial Log Prob: 303.04054618412283 Prob: 1.0714346865999982e-27 Frac: 0.2868792510787684
Step: 22575 Walker: 47 Trial Log Prob: 128.3766126401138 Prob: 4.556004854658992e-97 Frac: 0.28576894980345774
Step: 22775 Walker: 13 Trial Log Prob: 370.76350803468625 Prob: 0.04382579260415162 Frac: 0.2845555756464237
Number of steps: 23000 Acceptance Rate: 0.28428
Step: 23024 Walker: 9 Trial Log Prob: 354.4489605677543 Prob: 0.00039125757454037074 Frac: 0.2924935289042278
Step: 23202 Walker: 44 Trial Log Prob: 373.4672840049947 Prob: 0.003828316195190373 Frac: 0.27402417277590646
Step: 23463 Walker: 46 Trial Log Prob: 369.3139508340028 Prob: 5.6925199501861 Frac: 0.279443532359803
Step: 23558 Walker: 9 Trial Log Prob: 371.4696651530462 Prob: 0.002242392984149599 Frac: 0.2794429089342762
Step: 23947 Walker: 42 Trial Log Prob: 330.44184699774564 Prob: 9.450342076732064e-12 Frac: 0.2861729542478138
Number of steps: 24000 Acceptance Rate: 0.28652
Step: 24083 Walker: 31 Trial Log Prob: 323.2628803725953 Prob: 8.966087086623768e-14 Frac: 0.2735415153715807
Step: 24351 Walker: 39 Trial Log Prob: 358.4481007696593 Prob: 0.2523369042763264 Frac: 0.265693597126404
Step: 24540 Walker: 42 Trial Log Prob: 367.73334480212355 Prob: 0.0015639975809255378 Frac: 0.26367071724955543
Step: 24672 Walker: 48 Trial Log Prob: 340.2030726654077 Prob: 5.18447856766638e-11 Frac: 0.26683135900946486
Step: 24770 Walker: 13 Trial Log Prob: 365.8142988285756 Prob: 0.2942494203602565 Frac: 0.269011777552453
Step: 24977 Walker: 15 Trial Log Prob: 374.62326627340525 Prob: 0.001253724856490409 Frac: 0.2710847075693947
Number of steps: 25000 Acceptance Rate: 0.2713
Step: 25356 Walker: 6 Trial Log Prob: -Inf Prob: 0.0 Frac: 0.27500563189907634
Step: 25367 Walker: 14 Trial Log Prob: 370.23329870042005 Prob: 1.8318456263722718 Frac: 0.2753085071529977
Step: 25509 Walker: 20 Trial Log Prob: 371.1334572117716 Prob: 0.06244007931912341 Frac: 0.2745476003147128
Step: 25841 Walker: 11 Trial Log Prob: 367.55233722488714 Prob: 0.0020996664879912794 Frac: 0.27019114041560544
Step: 25982 Walker: 16 Trial Log Prob: 366.845014990549 Prob: 0.04014674338102987 Frac: 0.27063547059063303
Number of steps: 26000 Acceptance Rate: 0.27062
Step: 26074 Walker: 5 Trial Log Prob: 358.9539825627145 Prob: 0.00010248282076534456 Frac: 0.28317373461012313
Step: 26135 Walker: 10 Trial Log Prob: 347.325635869738 Prob: 2.3220443941010758e-5 Frac: 0.2715350223546945
Step: 26150 Walker: 1 Trial Log Prob: 374.09338986975007 Prob: 44.98202372771614 Frac: 0.27110454972486914
Step: 26256 Walker: 24 Trial Log Prob: 350.53461639202783 Prob: 0.00020250832143087492 Frac: 0.26663535306090497
Step: 26328 Walker: 49 Trial Log Prob: 368.3601298060214 Prob: 0.125467491977515 Frac: 0.2685529605463748
Step: 26331 Walker: 7 Trial Log Prob: 364.69559415841104 Prob: 1.9090862234353552 Frac: 0.2684921548433998
Step: 26370 Walker: 29 Trial Log Prob: 356.3165773884148 Prob: 0.5890167516966796 Frac: 0.26933275610152063
Step: 26460 Walker: 31 Trial Log Prob: 339.15073121519276 Prob: 1.1506083142677127e-15 Frac: 0.2674818328184152
Step: 26583 Walker: 3 Trial Log Prob: 191.7763059197585 Prob: 1.7654472175139647e-75 Frac: 0.2655739958079923
Step: 26622 Walker: 30 Trial Log Prob: 371.86617126680704 Prob: 0.5577241150133818 Frac: 0.2660875160875161
Step: 26699 Walker: 5 Trial Log Prob: 363.9936848735951 Prob: 1.5621140036029741 Frac: 0.2658358401375161
Step: 26877 Walker: 43 Trial Log Prob: 350.4692382642561 Prob: 4.076913105598113e-5 Frac: 0.264306730835025
Number of steps: 27000 Acceptance Rate: 0.26296
Step: 27214 Walker: 21 Trial Log Prob: 347.45560042838605 Prob: 0.018776279326024766 Frac: 0.2656733202136632
Step: 27227 Walker: 49 Trial Log Prob: 360.1345009283329 Prob: 0.3353115681303204 Frac: 0.2655740593884924
Step: 27486 Walker: 47 Trial Log Prob: -Inf Prob: 0.0 Frac: 0.2651356134502202
Step: 27734 Walker: 10 Trial Log Prob: 373.092954523407 Prob: 0.372549107077441 Frac: 0.2652209492635025
Step: 27895 Walker: 46 Trial Log Prob: 359.69237919242113 Prob: 0.008945545015474407 Frac: 0.26478344433021944
Step: 27986 Walker: 23 Trial Log Prob: 367.13328901062397 Prob: 0.0015689894025513243 Frac: 0.2647088669250908
Number of steps: 28000 Acceptance Rate: 0.26492
Step: 28519 Walker: 50 Trial Log Prob: -Inf Prob: 0.0 Frac: 0.2623121387283237
Step: 28578 Walker: 14 Trial Log Prob: 368.20203534876816 Prob: 3.5549230031182337 Frac: 0.2628880266075388
Number of steps: 29000 Acceptance Rate: 0.25824
Step: 29253 Walker: 31 Trial Log Prob: 367.2869611656722 Prob: 1.9917033744828447 Frac: 0.25872852505739846
Step: 29254 Walker: 50 Trial Log Prob: 361.0945097773377 Prob: 3.2365018855401044 Frac: 0.25866141732283465
Step: 29295 Walker: 41 Trial Log Prob: 369.06326208053474 Prob: 0.9360886646682249 Frac: 0.2566990027813581
Step: 29603 Walker: 31 Trial Log Prob: 369.6331505350184 Prob: 0.3388112824416466 Frac: 0.2693571404865421
Step: 29845 Walker: 24 Trial Log Prob: -Inf Prob: 0.0 Frac: 0.26686244789693064
Number of steps: 30000 Acceptance Rate: 0.26652
Step: 30024 Walker: 50 Trial Log Prob: 361.43401257012806 Prob: 1.0203572534985097 Frac: 0.2783333333333333
Step: 30311 Walker: 4 Trial Log Prob: 360.66843462065924 Prob: 0.0012849645060117219 Frac: 0.2754772961816305
Step: 30507 Walker: 42 Trial Log Prob: 372.03482665937946 Prob: 0.07644648459266404 Frac: 0.27101254833872623
Step: 30532 Walker: 38 Trial Log Prob: 370.1471352655491 Prob: 0.002184348527726859 Frac: 0.2698961937716263
Step: 30671 Walker: 4 Trial Log Prob: 355.8843856566885 Prob: 0.003902042953970703 Frac: 0.26966929321872013
Step: 30917 Walker: 10 Trial Log Prob: 350.8826987310253 Prob: 0.05159706852442086 Frac: 0.2678017900021829
Step: 30932 Walker: 33 Trial Log Prob: -Inf Prob: 0.0 Frac: 0.267823025567267
Number of steps: 31000 Acceptance Rate: 0.26912
Step: 31075 Walker: 33 Trial Log Prob: 353.4112358691976 Prob: 0.45860632041082017 Frac: 0.27725689793731584
Step: 31486 Walker: 36 Trial Log Prob: 369.78981694479415 Prob: 0.6006879593742949 Frac: 0.27480853166433333
Step: 31758 Walker: 23 Trial Log Prob: 368.942127511287 Prob: 0.8199228199143243 Frac: 0.27246323238190795
Step: 31956 Walker: 19 Trial Log Prob: 362.25352450152593 Prob: 8.795260829554925e-11 Frac: 0.2721011534677301
Number of steps: 32000 Acceptance Rate: 0.27204
Step: 32044 Walker: 11 Trial Log Prob: 295.32842342013316 Prob: 3.0522434313911616e-27 Frac: 0.27903748264692274
Step: 32486 Walker: 24 Trial Log Prob: 366.9013581381131 Prob: 0.36597099890746987 Frac: 0.27704539836862485
Step: 32580 Walker: 36 Trial Log Prob: 364.46431238870645 Prob: 1.0536666872671336 Frac: 0.2787207617470503
Step: 32608 Walker: 23 Trial Log Prob: 366.4220758950009 Prob: 1.0764643920082393 Frac: 0.27975504559971026
Step: 32634 Walker: 17 Trial Log Prob: 367.33811099097807 Prob: 2.634250496412966 Frac: 0.2799760002526289
Step: 32900 Walker: 8 Trial Log Prob: 372.1890011497922 Prob: 0.01488340939787836 Frac: 0.28333110903509945
Number of steps: 33000 Acceptance Rate: 0.2822
Step: 33245 Walker: 2 Trial Log Prob: 360.5839035235297 Prob: 0.7376705267934907 Frac: 0.27470906408785445
Step: 33437 Walker: 47 Trial Log Prob: -Inf Prob: 0.0 Frac: 0.27930608321508676
Step: 33451 Walker: 29 Trial Log Prob: 370.1839793978956 Prob: 0.9450434111639441 Frac: 0.2782191841626348
Step: 33713 Walker: 21 Trial Log Prob: -Inf Prob: 0.0 Frac: 0.28135088852081636
Step: 33810 Walker: 32 Trial Log Prob: 365.60932126521726 Prob: 4.405374336008208 Frac: 0.280519737167136
Step: 33873 Walker: 2 Trial Log Prob: 342.4714371900262 Prob: 1.2368817151244852e-5 Frac: 0.28046878583551216
Number of steps: 34000 Acceptance Rate: 0.28054
Step: 34330 Walker: 30 Trial Log Prob: -Inf Prob: 0.0 Frac: 0.27348300970873785
Step: 34950 Walker: 30 Trial Log Prob: -Inf Prob: 0.0 Frac: 0.2796545914069082
Number of steps: 35000 Acceptance Rate: 0.2802
Step: 35199 Walker: 3 Trial Log Prob: 212.823879118318 Prob: 1.386277708188726e-57 Frac: 0.28668080379682925
Step: 35422 Walker: 7 Trial Log Prob: 289.43294498381005 Prob: 1.6703959928158032e-31 Frac: 0.29011730066011304
Step: 35480 Walker: 28 Trial Log Prob: 351.5707467316139 Prob: 7.557968233272044e-6 Frac: 0.2913086996413379
Step: 35707 Walker: 5 Trial Log Prob: 364.23918373343855 Prob: 0.5097695205923227 Frac: 0.2895057357314828
Number of steps: 36000 Acceptance Rate: 0.28868
Step: 36114 Walker: 31 Trial Log Prob: 344.86898693195167 Prob: 0.0007518280551181531 Frac: 0.2992430910051047
Step: 36486 Walker: 31 Trial Log Prob: 341.02311959791234 Prob: 3.6423342440813586e-8 Frac: 0.29409826613401424
Step: 36563 Walker: 39 Trial Log Prob: 336.2899546459356 Prob: 0.16763028866266627 Frac: 0.2941824514019688
Step: 36631 Walker: 30 Trial Log Prob: 331.1129430219273 Prob: 1.0206496745876326e-7 Frac: 0.29422771963209643
Step: 36662 Walker: 27 Trial Log Prob: 361.0952758098597 Prob: 0.5864775756910171 Frac: 0.29382954923360644
Number of steps: 37000 Acceptance Rate: 0.29222
Step: 37078 Walker: 20 Trial Log Prob: 369.66755693993116 Prob: 0.0284014561317291 Frac: 0.2806201550387597
Step: 37107 Walker: 20 Trial Log Prob: 362.07651673947703 Prob: 0.631338404380813 Frac: 0.29078947368421054
Step: 37293 Walker: 1 Trial Log Prob: 371.6652082209998 Prob: 0.024456194650952796 Frac: 0.2865557153619615
Step: 37451 Walker: 32 Trial Log Prob: 371.72493840528745 Prob: 0.02158197829074073 Frac: 0.28657021125510385
Step: 37656 Walker: 3 Trial Log Prob: 345.18865175919257 Prob: 0.009063282662708129 Frac: 0.2850120599639728
Number of steps: 38000 Acceptance Rate: 0.28318
Step: 38033 Walker: 36 Trial Log Prob: 372.8696025148741 Prob: 0.16874894499199514 Frac: 0.2781173594132029
Step: 38127 Walker: 21 Trial Log Prob: 350.98680098317055 Prob: 0.021773791256491145 Frac: 0.2956810631229236
Step: 38262 Walker: 4 Trial Log Prob: 366.58923131802635 Prob: 0.025585256449354717 Frac: 0.284816914355753
Step: 38331 Walker: 50 Trial Log Prob: 370.5613656048018 Prob: 0.24574823656874817 Frac: 0.28114803625377643
Step: 38503 Walker: 16 Trial Log Prob: 367.5125386313647 Prob: 0.5860238549933978 Frac: 0.2804586717630196
Number of steps: 39000 Acceptance Rate: 0.28142
Step: 39047 Walker: 4 Trial Log Prob: -Inf Prob: 0.0 Frac: 0.2769097222222222
Step: 39205 Walker: 31 Trial Log Prob: 341.9063363497749 Prob: 1.322216462152299e-7 Frac: 0.2838432215814681
Step: 39340 Walker: 46 Trial Log Prob: 374.553257808432 Prob: 0.0012121960105635073 Frac: 0.28183101906330904
Step: 39655 Walker: 40 Trial Log Prob: 370.22390936346915 Prob: 0.3062850411972666 Frac: 0.2805742211362248
Step: 39678 Walker: 10 Trial Log Prob: 354.3081359837581 Prob: 0.003376642731763593 Frac: 0.28041937389249855
Step: 39815 Walker: 1 Trial Log Prob: 360.6245236879034 Prob: 0.12748713267974818 Frac: 0.2811970221861871
Step: 39841 Walker: 12 Trial Log Prob: 368.17975964609286 Prob: 1.1101309860183195 Frac: 0.2812291726173474
Step: 39962 Walker: 17 Trial Log Prob: 357.3467794299512 Prob: 0.08794111694750947 Frac: 0.28227266107724636
Number of steps: 40000 Acceptance Rate: 0.28122
Step: 40198 Walker: 15 Trial Log Prob: 353.1929843067235 Prob: 0.005301911225889895 Frac: 0.29619868220983275
Step: 40540 Walker: 37 Trial Log Prob: 324.4983980972945 Prob: 2.9324275402478763e-8 Frac: 0.2818394041575573
Step: 40575 Walker: 2 Trial Log Prob: 336.7232888409808 Prob: 1.3834861425993068e-10 Frac: 0.28252386593268763
Step: 40580 Walker: 24 Trial Log Prob: 357.6515384120249 Prob: 0.3553459330842282 Frac: 0.2826672188858977
Step: 40846 Walker: 10 Trial Log Prob: 365.1063690200239 Prob: 1.6871476786756657e-5 Frac: 0.27950780880265025
Number of steps: 41000 Acceptance Rate: 0.2775
Step: 41106 Walker: 23 Trial Log Prob: 371.9570612521714 Prob: 0.7030916004372783 Frac: 0.2685378342499526
Step: 41151 Walker: 49 Trial Log Prob: 320.5277821781657 Prob: 8.81275623075632e-17 Frac: 0.26798251424029673
Step: 41318 Walker: 46 Trial Log Prob: 358.6861873178032 Prob: 0.23742768003439177 Frac: 0.2696904881731253
Step: 41766 Walker: 25 Trial Log Prob: 366.1083308754339 Prob: 0.00018862780243675175 Frac: 0.27098628347485304
Number of steps: 42000 Acceptance Rate: 0.27144
Step: 42053 Walker: 48 Trial Log Prob: -Inf Prob: 0.0 Frac: 0.27341389728096677
Step: 42209 Walker: 34 Trial Log Prob: 314.0395682110092 Prob: 1.676184490676804e-16 Frac: 0.2773624688518306
Number of steps: 43000 Acceptance Rate: 0.27608
Step: 43513 Walker: 23 Trial Log Prob: 369.6044034534397 Prob: 0.0004416974260777964 Frac: 0.27740701713304455
Step: 43560 Walker: 13 Trial Log Prob: 361.76151096618 Prob: 0.2780976156707461 Frac: 0.27729499696026894
Step: 43728 Walker: 48 Trial Log Prob: -Inf Prob: 0.0 Frac: 0.27531732512775425
Step: 43786 Walker: 15 Trial Log Prob: 366.08089959510943 Prob: 1.1238238133565028 Frac: 0.27485037565261683
Step: 43964 Walker: 7 Trial Log Prob: 347.4106397965708 Prob: 0.0007509872949593727 Frac: 0.2744149344851216
Number of steps: 44000 Acceptance Rate: 0.2739
Number of steps: 45000 Acceptance Rate: 0.27782
Step: 45011 Walker: 29 Trial Log Prob: 349.260267733185 Prob: 7.3640552869747835e-6 Frac: 0.2551984877126654
Step: 45222 Walker: 15 Trial Log Prob: 371.2044410892214 Prob: 0.06550466821659977 Frac: 0.2737460460912788
Step: 45385 Walker: 32 Trial Log Prob: -Inf Prob: 0.0 Frac: 0.27844217970049917
Step: 45466 Walker: 31 Trial Log Prob: -Inf Prob: 0.0 Frac: 0.2770929083802242
Step: 45498 Walker: 14 Trial Log Prob: 364.59177985017726 Prob: 0.7891950337283491 Frac: 0.2775900900900901
Step: 45701 Walker: 7 Trial Log Prob: -Inf Prob: 0.0 Frac: 0.27754449110177964
Step: 45765 Walker: 7 Trial Log Prob: 361.61403759393073 Prob: 0.038144798585767865 Frac: 0.2776716308529851
Number of steps: 46000 Acceptance Rate: 0.27896
Step: 46309 Walker: 45 Trial Log Prob: 345.47982290254043 Prob: 1.2815033388372001e-6 Frac: 0.274975720297831
Step: 46719 Walker: 39 Trial Log Prob: 334.9483597396129 Prob: 9.098316933966054e-9 Frac: 0.2726842705695762
Step: 46744 Walker: 47 Trial Log Prob: 341.6829411033159 Prob: 3.94555334200652e-5 Frac: 0.2722800225824663
Step: 46817 Walker: 27 Trial Log Prob: 352.6073558963647 Prob: 0.0002892057465358771 Frac: 0.2714380189580425
Step: 46825 Walker: 47 Trial Log Prob: 356.4045789427085 Prob: 0.1363132126780223 Frac: 0.27151065532038693
Number of steps: 47000 Acceptance Rate: 0.2717
Step: 47400 Walker: 23 Trial Log Prob: -Inf Prob: 0.0 Frac: 0.2615530966805187
Step: 47590 Walker: 4 Trial Log Prob: 370.12097175865205 Prob: 0.0763292927221741 Frac: 0.2617980579887282
Step: 47723 Walker: 26 Trial Log Prob: 350.27804514093685 Prob: 0.007575710094606276 Frac: 0.2609477938326967
Step: 47733 Walker: 42 Trial Log Prob: 360.7906261811606 Prob: 1.0761850593035584e-5 Frac: 0.2614759019704165
Step: 47736 Walker: 13 Trial Log Prob: 366.84371218389447 Prob: 2.4951820641183104 Frac: 0.26132252536517697
Step: 47800 Walker: 29 Trial Log Prob: 328.91520624322993 Prob: 4.059732295787657e-10 Frac: 0.26198754346031666
Step: 47867 Walker: 39 Trial Log Prob: 344.3692530705156 Prob: 0.008134656712235736 Frac: 0.2620964950737211
Number of steps: 48000 Acceptance Rate: 0.2604
Step: 48024 Walker: 38 Trial Log Prob: 364.1357300505341 Prob: 0.002420702794630647 Frac: 0.2803030303030303
Step: 48137 Walker: 34 Trial Log Prob: 366.5748872489848 Prob: 0.04433187742005121 Frac: 0.258852794849283
Step: 48747 Walker: 30 Trial Log Prob: 351.45330633930064 Prob: 0.00839163138592627 Frac: 0.2601392981516207
Number of steps: 49000 Acceptance Rate: 0.2638
Step: 49262 Walker: 40 Trial Log Prob: 360.1639982186176 Prob: 0.9070599522775582 Frac: 0.2755538579067991
Step: 49331 Walker: 30 Trial Log Prob: 306.25249697037964 Prob: 7.15898703408408e-22 Frac: 0.2731397459165154
Step: 49634 Walker: 34 Trial Log Prob: 368.5552023039115 Prob: 1.597838485293151 Frac: 0.26985229137735134
Step: 49650 Walker: 30 Trial Log Prob: 368.1383828225439 Prob: 0.27715989801839236 Frac: 0.2701354679802956
Step: 49822 Walker: 12 Trial Log Prob: 341.60028396052775 Prob: 3.3301289446372793e-6 Frac: 0.26973844430373584
Number of steps: 50000 Acceptance Rate: 0.27104
Burn-in Number (ends): 1914
Independent Sample Size: 3826.0544313284445
1075.830436 seconds (96.09 M allocations: 724.523 GiB, 8.23% gc time)
