args = ["mcmc", "60.0", "25", "ppp"]
Parameters from fit: [4.7731515609843835e-6, 224.70078903290604, 2.433503768482955e6, -0.010904772524676656, 0.00882554253987026, 2.9122482784350694e-6, 365.2564321600832, 2.4336244077705e6, 0.007116481737472728, 0.010249871560765157, 0.0013439854350511934, 4222.256549771791, 2.4430407572722635e6, 0.07578981309529197, -0.04301042893073135]
Maximum log Prob from fit: -145.34745556017427
Step: 201 Walker: 32 Trial Log Prob: 443.531553042933 Prob: 0.07569288765222826 Frac: 0.3286483253588517
Step: 255 Walker: 17 Trial Log Prob: 452.64836024060213 Prob: 0.06790777596037471 Frac: 0.33018793740662106
Step: 359 Walker: 27 Trial Log Prob: 391.2840002739601 Prob: 3.0587343981090705e-20 Frac: 0.32537513248173144
Step: 631 Walker: 34 Trial Log Prob: 444.81823837569704 Prob: 1.0992450800979208 Frac: 0.32593391260227056
Step: 722 Walker: 22 Trial Log Prob: 435.17203002261067 Prob: 0.31942057492900516 Frac: 0.32432357507207804
Step: 957 Walker: 38 Trial Log Prob: 450.26306378397607 Prob: 2.1055520540377137 Frac: 0.3206864835486433
Number of steps: 1000 Acceptance Rate: 0.32042
Step: 1011 Walker: 33 Trial Log Prob: 448.1502526467392 Prob: 0.9693858997860741 Frac: 0.2776735459662289
Step: 1224 Walker: 31 Trial Log Prob: 444.12846430663654 Prob: 0.14160215991593975 Frac: 0.30319291655486985
Step: 1351 Walker: 22 Trial Log Prob: 446.44420736140734 Prob: 0.501822364213483 Frac: 0.2999086862230339
Step: 1483 Walker: 33 Trial Log Prob: 409.47674015605696 Prob: 1.906261938186028e-12 Frac: 0.29631624746198154
Step: 1499 Walker: 2 Trial Log Prob: 444.8151395504698 Prob: 0.7229493007493398 Frac: 0.29567906192273713
Step: 1574 Walker: 34 Trial Log Prob: 445.6801474547939 Prob: 0.4143220205021288 Frac: 0.2947636312927067
Step: 1607 Walker: 48 Trial Log Prob: 433.89771790703907 Prob: 0.0034279756501999605 Frac: 0.2914524845129827
Number of steps: 2000 Acceptance Rate: 0.28962
Step: 2731 Walker: 44 Trial Log Prob: 440.48140865292044 Prob: 0.20037290833157134 Frac: 0.2955615148861646
Step: 2892 Walker: 26 Trial Log Prob: 429.85312267876634 Prob: 0.0003736613942828923 Frac: 0.29464285714285715
Step: 2953 Walker: 40 Trial Log Prob: 419.88122355191246 Prob: 2.5106747464337905e-7 Frac: 0.29435348446683457
Number of steps: 3000 Acceptance Rate: 0.29468
Step: 3308 Walker: 36 Trial Log Prob: 441.48578572499105 Prob: 0.39388574383361524 Frac: 0.2911737943585077
Step: 3343 Walker: 5 Trial Log Prob: 447.0355005444478 Prob: 0.43340034478842077 Frac: 0.29055831628178896
Step: 3396 Walker: 14 Trial Log Prob: 437.20322989338723 Prob: 0.046927162471043365 Frac: 0.288554948391014
Step: 3553 Walker: 30 Trial Log Prob: 429.51221236240326 Prob: 9.392161712398419e-6 Frac: 0.29305103148751355
Number of steps: 4000 Acceptance Rate: 0.29444
Step: 4141 Walker: 50 Trial Log Prob: 449.04683878619556 Prob: 0.8345430124451921 Frac: 0.289645390070922
Step: 4354 Walker: 27 Trial Log Prob: 444.71948181084645 Prob: 0.048543748380244604 Frac: 0.28743565084573175
Step: 4374 Walker: 21 Trial Log Prob: 421.6741467401505 Prob: 1.1349216451043478e-8 Frac: 0.2870226554549837
Step: 4827 Walker: 29 Trial Log Prob: 445.4620752414125 Prob: 0.04321388609237711 Frac: 0.296837571680902
Step: 4852 Walker: 4 Trial Log Prob: 454.4900363874337 Prob: 0.4380908234967893 Frac: 0.29656436527705976
Number of steps: 5000 Acceptance Rate: 0.29512
Step: 5222 Walker: 1 Trial Log Prob: 421.67355975556495 Prob: 6.771711104532566e-11 Frac: 0.29653425029409103
Step: 5545 Walker: 36 Trial Log Prob: 450.55101241178073 Prob: 0.19069225161985648 Frac: 0.3026509032163313
Step: 5858 Walker: 47 Trial Log Prob: 449.99432044601224 Prob: 0.6857785858710783 Frac: 0.2992516959227918
Number of steps: 6000 Acceptance Rate: 0.2994
Step: 6244 Walker: 27 Trial Log Prob: 444.78501251170974 Prob: 0.6905863012160505 Frac: 0.30229120473022913
Step: 6317 Walker: 50 Trial Log Prob: 443.02861848202497 Prob: 1.633016940623503 Frac: 0.2982334384858044
Step: 6595 Walker: 39 Trial Log Prob: -Inf Prob: 0.0 Frac: 0.29900131140926056
Step: 6625 Walker: 6 Trial Log Prob: 444.8482992704295 Prob: 0.26208091918301124 Frac: 0.297987566493623
Step: 6826 Walker: 34 Trial Log Prob: 427.96585091467404 Prob: 0.0019217550533441798 Frac: 0.2990262571456254
Step: 6855 Walker: 40 Trial Log Prob: 451.4820361308525 Prob: 0.6942594009486763 Frac: 0.3000233972859148
Step: 6890 Walker: 3 Trial Log Prob: 453.4563379207728 Prob: 0.016698949931434573 Frac: 0.3000697365757092
Step: 6978 Walker: 24 Trial Log Prob: 450.71632181720685 Prob: 1.279420242832979 Frac: 0.2998731431845153
Number of steps: 7000 Acceptance Rate: 0.29994
Step: 7037 Walker: 50 Trial Log Prob: 447.38966258265515 Prob: 0.23359547155932286 Frac: 0.2935135135135135
Step: 7218 Walker: 7 Trial Log Prob: 427.63641747345673 Prob: 1.1359028632956525e-7 Frac: 0.2901353965183752
Step: 7261 Walker: 19 Trial Log Prob: 445.277869575781 Prob: 1.1975268425976677 Frac: 0.29218834011828865
Step: 7326 Walker: 46 Trial Log Prob: 447.7704564517034 Prob: 1.004795583391828 Frac: 0.2911757486499755
Step: 7537 Walker: 16 Trial Log Prob: 426.9421773800449 Prob: 3.4193895987229854e-5 Frac: 0.29303400954653935
Step: 7829 Walker: 22 Trial Log Prob: 428.1587683599495 Prob: 4.6416158214854164e-7 Frac: 0.29986480614166383
Number of steps: 8000 Acceptance Rate: 0.3029
Step: 8023 Walker: 14 Trial Log Prob: 436.9179408984497 Prob: 1.0126709127686702 Frac: 0.31867145421903054
Step: 8154 Walker: 33 Trial Log Prob: 448.2151309666633 Prob: 4.256126966952105e-5 Frac: 0.30990498503188857
Step: 8360 Walker: 15 Trial Log Prob: -Inf Prob: 0.0 Frac: 0.30937934873364875
Step: 8690 Walker: 46 Trial Log Prob: 430.8720603084396 Prob: 4.6657532599520616e-5 Frac: 0.30528177179962895
Step: 8853 Walker: 36 Trial Log Prob: -Inf Prob: 0.0 Frac: 0.3035228445445164
Step: 8908 Walker: 37 Trial Log Prob: 433.1404140395527 Prob: 0.004274478648799015 Frac: 0.30391962456209926
Step: 8949 Walker: 47 Trial Log Prob: 448.2855601656536 Prob: 0.08130824522205099 Frac: 0.304655721120408
Step: 8955 Walker: 12 Trial Log Prob: 437.6849438110627 Prob: 0.001129495115671783 Frac: 0.3044726693494299
Step: 8981 Walker: 24 Trial Log Prob: 445.0945978206737 Prob: 0.7793734810789247 Frac: 0.3051362597911227
Number of steps: 9000 Acceptance Rate: 0.305
Step: 9032 Walker: 37 Trial Log Prob: 451.0670061557467 Prob: 0.03490362778337923 Frac: 0.313169502205419
Step: 9360 Walker: 43 Trial Log Prob: 448.9738444514478 Prob: 0.011419068608855068 Frac: 0.30372922803312397
Step: 9439 Walker: 12 Trial Log Prob: 408.1258585475277 Prob: 1.517559263062448e-11 Frac: 0.303714859437751
Step: 9506 Walker: 26 Trial Log Prob: 450.4812105894718 Prob: 0.19539398490747453 Frac: 0.30400379806931477
Step: 9827 Walker: 34 Trial Log Prob: 407.2202911144079 Prob: 2.2495943500424146e-15 Frac: 0.29975322978661634
Step: 9986 Walker: 30 Trial Log Prob: 407.3939088927381 Prob: 1.5997623812207775e-12 Frac: 0.29991883116883117
Number of steps: 10000 Acceptance Rate: 0.2997
Step: 10087 Walker: 26 Trial Log Prob: 448.09886812750057 Prob: 1.8764632655088302 Frac: 0.30351363846509477
Step: 10096 Walker: 28 Trial Log Prob: 445.1157287385397 Prob: 0.7252388909503625 Frac: 0.3001255755546254
Step: 10168 Walker: 2 Trial Log Prob: 450.5091934982146 Prob: 0.60758192881812 Frac: 0.3016044061302682
Step: 10246 Walker: 46 Trial Log Prob: 437.59138525987146 Prob: 0.028703021033143365 Frac: 0.2911515940143136
Step: 10712 Walker: 6 Trial Log Prob: 443.04582818623953 Prob: 0.13729455219510353 Frac: 0.2992181347733153
Step: 10742 Walker: 19 Trial Log Prob: 447.2554938590668 Prob: 0.6421466047139602 Frac: 0.29795786236477917
Step: 10960 Walker: 20 Trial Log Prob: 426.03544201148924 Prob: 1.302001067429196e-8 Frac: 0.2979987492182614
Number of steps: 11000 Acceptance Rate: 0.29782
Step: 11119 Walker: 28 Trial Log Prob: 390.4551124162886 Prob: 4.758194670385742e-18 Frac: 0.28643724696356276
Step: 11306 Walker: 43 Trial Log Prob: 438.8534898231744 Prob: 0.391490740944912 Frac: 0.2937291571307134
Step: 11428 Walker: 7 Trial Log Prob: 445.74096602656533 Prob: 0.13846046672687362 Frac: 0.2940956126796835
Step: 11769 Walker: 32 Trial Log Prob: 419.57039116731255 Prob: 8.793750699959386e-8 Frac: 0.29376561199000834
Number of steps: 12000 Acceptance Rate: 0.29178
Step: 12199 Walker: 13 Trial Log Prob: 451.99535112134396 Prob: 0.07629691984476729 Frac: 0.29849692323211946
Step: 12266 Walker: 44 Trial Log Prob: 439.7691946957778 Prob: 0.022515885769088684 Frac: 0.2907326613509854
Step: 12340 Walker: 5 Trial Log Prob: 448.3134925831065 Prob: 0.8464530305545455 Frac: 0.2904158065467414
Step: 12372 Walker: 16 Trial Log Prob: 450.4282894598155 Prob: 0.06730956228304283 Frac: 0.28713777873532265
Step: 12546 Walker: 25 Trial Log Prob: 446.4599253605606 Prob: 1.5014481667333597 Frac: 0.28626947754353804
Step: 12593 Walker: 38 Trial Log Prob: 448.7857520956093 Prob: 0.385542906238832 Frac: 0.2854106214994264
Step: 12659 Walker: 41 Trial Log Prob: 435.0083115186581 Prob: 0.0016036885081910839 Frac: 0.2862997480343645
Step: 12767 Walker: 42 Trial Log Prob: 432.6603119783853 Prob: 8.486689261269653e-6 Frac: 0.28694382139690155
Step: 12782 Walker: 19 Trial Log Prob: 430.56902275994105 Prob: 2.8935090402997612e-6 Frac: 0.2872354040287696
Number of steps: 13000 Acceptance Rate: 0.28748
Step: 13055 Walker: 11 Trial Log Prob: 450.97419808790465 Prob: 0.15404437146687439 Frac: 0.3127997049059388
Step: 13095 Walker: 31 Trial Log Prob: 425.24001089102586 Prob: 1.4043544736038898e-6 Frac: 0.31304164024519127
Step: 13372 Walker: 17 Trial Log Prob: 437.62776419220495 Prob: 0.15775335284438846 Frac: 0.30301071794043194
Step: 13557 Walker: 16 Trial Log Prob: 432.0291414907039 Prob: 0.0015007072484783353 Frac: 0.30176876617773946
Step: 13822 Walker: 13 Trial Log Prob: 445.9592030188343 Prob: 0.7578042066726278 Frac: 0.30255948177191144
Step: 13977 Walker: 40 Trial Log Prob: -Inf Prob: 0.0 Frac: 0.3028050778050778
Number of steps: 14000 Acceptance Rate: 0.30258
Step: 14373 Walker: 23 Trial Log Prob: 443.4248330548414 Prob: 1.8134648171567287 Frac: 0.31031520163239007
Step: 14443 Walker: 40 Trial Log Prob: 439.57225628638787 Prob: 0.1716270912995448 Frac: 0.3082204155374887
Step: 14787 Walker: 36 Trial Log Prob: 442.5699191017786 Prob: 0.28389240406686295 Frac: 0.30132702867602196
Step: 14935 Walker: 6 Trial Log Prob: 444.31014970955795 Prob: 0.015777545178259234 Frac: 0.3001327452575686
Number of steps: 15000 Acceptance Rate: 0.29964
Step: 15560 Walker: 2 Trial Log Prob: 452.53529924472906 Prob: 0.6415580651050177 Frac: 0.2934315970234688
Step: 15760 Walker: 43 Trial Log Prob: 444.22030239184534 Prob: 0.17040738476769288 Frac: 0.2973705682625747
Step: 15915 Walker: 48 Trial Log Prob: 440.1535084525874 Prob: 0.13659435678632428 Frac: 0.29620967036810353
Step: 15984 Walker: 16 Trial Log Prob: 343.15052326339537 Prob: 2.450226420979864e-44 Frac: 0.29603791237847293
Number of steps: 16000 Acceptance Rate: 0.29618
Step: 16171 Walker: 40 Trial Log Prob: 448.32334831771874 Prob: 0.38263323471926064 Frac: 0.2870023419203747
Step: 16318 Walker: 22 Trial Log Prob: 437.5433664835676 Prob: 0.023916643029399963 Frac: 0.2897555443548387
Step: 16453 Walker: 44 Trial Log Prob: 234.11677807633086 Prob: 4.6166964309650695e-89 Frac: 0.29464758876523583
Step: 16968 Walker: 26 Trial Log Prob: 420.78278926193235 Prob: 2.849647355336048e-6 Frac: 0.292541756242765
Number of steps: 17000 Acceptance Rate: 0.29228
Step: 17110 Walker: 34 Trial Log Prob: 447.81428598532216 Prob: 1.0559115246369795 Frac: 0.28938730853391686
Step: 17142 Walker: 17 Trial Log Prob: 452.94856554326367 Prob: 0.0016043281886230136 Frac: 0.28725060138672703
Step: 17157 Walker: 48 Trial Log Prob: 450.1608833719117 Prob: 0.04641950957607045 Frac: 0.28758919469928645
Step: 17185 Walker: 18 Trial Log Prob: 445.5944183612294 Prob: 0.5747560107282293 Frac: 0.2929051855066175
Step: 17269 Walker: 14 Trial Log Prob: 371.1700767214951 Prob: 2.1260053649435268e-29 Frac: 0.29603399433427763
Step: 17288 Walker: 42 Trial Log Prob: 449.22977383110054 Prob: 0.09173541875807992 Frac: 0.29717898832684825
Step: 17857 Walker: 16 Trial Log Prob: 448.6486801478405 Prob: 1.393036938424963 Frac: 0.2992806427503737
Step: 17908 Walker: 6 Trial Log Prob: 448.9742567623377 Prob: 0.8538048995249522 Frac: 0.3004453655525179
Step: 17910 Walker: 28 Trial Log Prob: 450.7550333416642 Prob: 0.0017493053152360582 Frac: 0.30058489819253265
Number of steps: 18000 Acceptance Rate: 0.30118
Step: 18015 Walker: 10 Trial Log Prob: 446.4187783064145 Prob: 1.1549942363117364e-5 Frac: 0.30140845070422534
Step: 18499 Walker: 44 Trial Log Prob: 446.4278422376053 Prob: 0.00010386886923958914 Frac: 0.3011946760744067
Number of steps: 19000 Acceptance Rate: 0.3011
Step: 19200 Walker: 3 Trial Log Prob: 427.20208416194805 Prob: 2.3695476054767807e-5 Frac: 0.291369436350849
Step: 19553 Walker: 43 Trial Log Prob: 450.2931692331485 Prob: 0.7636941324933805 Frac: 0.29074268350034366
Step: 19816 Walker: 45 Trial Log Prob: 447.4705901291619 Prob: 2.49761059638912 Frac: 0.29662948890795443
Step: 19909 Walker: 5 Trial Log Prob: 448.34805081344336 Prob: 0.13308837179557986 Frac: 0.29756634731857723
Step: 19966 Walker: 4 Trial Log Prob: 433.1795348707763 Prob: 0.0023044815236793878 Frac: 0.2982343432668794
Number of steps: 20000 Acceptance Rate: 0.29814
Step: 20952 Walker: 35 Trial Log Prob: 447.1693306193302 Prob: 0.01620906456575232 Frac: 0.2957444572869602
Step: 20968 Walker: 32 Trial Log Prob: 438.5692831022464 Prob: 0.0030755374429518338 Frac: 0.2956884791864743
Number of steps: 21000 Acceptance Rate: 0.29584
Step: 21001 Walker: 9 Trial Log Prob: 443.537035734203 Prob: 0.27653309516176394 Frac: 0.2222222222222222
Step: 21197 Walker: 3 Trial Log Prob: 441.4810388979173 Prob: 1.0569778146726003 Frac: 0.3015403447924105
Step: 21611 Walker: 49 Trial Log Prob: 307.53634306379985 Prob: 1.2330092021650068e-53 Frac: 0.29189171494975286
Step: 21803 Walker: 35 Trial Log Prob: 451.26362986134393 Prob: 0.32755351433090363 Frac: 0.2904945807898343
Number of steps: 22000 Acceptance Rate: 0.29262
Step: 22058 Walker: 37 Trial Log Prob: 448.13127738833276 Prob: 0.33461444920935685 Frac: 0.30620020782819535
Step: 22126 Walker: 47 Trial Log Prob: 452.0080163986713 Prob: 0.0012114624784033466 Frac: 0.3022074003493727
Step: 22315 Walker: 18 Trial Log Prob: 438.47201295216286 Prob: 0.004250381575805188 Frac: 0.29558467998473087
Step: 22353 Walker: 35 Trial Log Prob: 435.4770162523439 Prob: 0.0007650557019058395 Frac: 0.29367734618656083
Step: 22415 Walker: 49 Trial Log Prob: 317.42174973015176 Prob: 1.8208363316753424e-54 Frac: 0.2920140729673719
Step: 22473 Walker: 14 Trial Log Prob: 445.4934686387051 Prob: 27.786771864243505 Frac: 0.29033624121283985
Step: 22522 Walker: 28 Trial Log Prob: 447.372760010122 Prob: 1.0004694093092947 Frac: 0.29051307615614697
Step: 22618 Walker: 23 Trial Log Prob: 451.02712915615575 Prob: 0.006657542431083815 Frac: 0.290059275094743
Step: 22688 Walker: 46 Trial Log Prob: -15.253703506521981 Prob: 1.5091627210467055e-198 Frac: 0.2908477729968601
Step: 22800 Walker: 49 Trial Log Prob: 447.7983179666452 Prob: 1.0509934685728506 Frac: 0.2910822770569264
Step: 22871 Walker: 10 Trial Log Prob: 451.6981542192441 Prob: 0.2569298466994703 Frac: 0.2916111238795679
Step: 22982 Walker: 26 Trial Log Prob: 442.2724419991704 Prob: 0.13794919572053543 Frac: 0.2926685141413318
Number of steps: 23000 Acceptance Rate: 0.2923
Step: 23007 Walker: 47 Trial Log Prob: 445.92619071038376 Prob: 31.76874169673851 Frac: 0.31412103746397696
Step: 23504 Walker: 46 Trial Log Prob: 449.4656219288779 Prob: 11.02701105164073 Frac: 0.2977456739164947
Number of steps: 24000 Acceptance Rate: 0.29814
Step: 24009 Walker: 14 Trial Log Prob: 442.4322571395838 Prob: 2.212445843690812 Frac: 0.3140096618357488
Step: 24069 Walker: 27 Trial Log Prob: 435.22257960776903 Prob: 0.05524555580357664 Frac: 0.3192296469215057
Step: 24216 Walker: 19 Trial Log Prob: 439.3472324605259 Prob: 0.48432667626599935 Frac: 0.30550654656885506
Step: 24219 Walker: 17 Trial Log Prob: 449.99280581919635 Prob: 0.006406827444479625 Frac: 0.3053036548502336
Number of steps: 25000 Acceptance Rate: 0.2978
Step: 25438 Walker: 35 Trial Log Prob: 445.1198001780711 Prob: 0.25875238905837483 Frac: 0.2909298606351382
Step: 25640 Walker: 15 Trial Log Prob: 445.23133490670807 Prob: 2.4134613302760677 Frac: 0.28546848115125917
Step: 25737 Walker: 28 Trial Log Prob: 442.3199336142608 Prob: 0.6892243991598795 Frac: 0.2849190833061801
Step: 25781 Walker: 23 Trial Log Prob: 446.5513631436308 Prob: 2.9331490670048637 Frac: 0.2851651590087897
Step: 25824 Walker: 36 Trial Log Prob: 436.930621423485 Prob: 0.0993343083535686 Frac: 0.28478123634244645
Step: 25834 Walker: 29 Trial Log Prob: 454.9997416214631 Prob: 0.006768688981614723 Frac: 0.2848676791669666
Step: 25873 Walker: 44 Trial Log Prob: 428.38693838019367 Prob: 0.00010968878589584731 Frac: 0.2852396663917148
Step: 25897 Walker: 7 Trial Log Prob: 411.7197666170424 Prob: 3.2141886887866274e-11 Frac: 0.28566964983149956
Number of steps: 26000 Acceptance Rate: 0.286
Step: 26450 Walker: 32 Trial Log Prob: 450.4410562817096 Prob: 0.0028962308188215727 Frac: 0.28000177920113867
Step: 26538 Walker: 47 Trial Log Prob: 449.18773608271647 Prob: 0.001574090081817577 Frac: 0.28222478343309665
Step: 26639 Walker: 9 Trial Log Prob: 452.5978950854005 Prob: 0.46298453983591864 Frac: 0.28380707637343694
Step: 26951 Walker: 30 Trial Log Prob: 447.4475574978269 Prob: 0.8275161665486904 Frac: 0.2905954134231012
Number of steps: 27000 Acceptance Rate: 0.29108
Step: 27448 Walker: 26 Trial Log Prob: 424.69581720914465 Prob: 3.808818486467882e-8 Frac: 0.2958973900607794
Step: 27684 Walker: 17 Trial Log Prob: 453.0096808809008 Prob: 0.0024320751925362453 Frac: 0.2978897766851055
Step: 27697 Walker: 33 Trial Log Prob: 433.5694316115693 Prob: 0.005672355573571022 Frac: 0.29842390836275945
Step: 27843 Walker: 31 Trial Log Prob: 443.69430643499345 Prob: 3.3121277693321325 Frac: 0.2999691438608151
Number of steps: 28000 Acceptance Rate: 0.29936
Step: 28049 Walker: 23 Trial Log Prob: 448.01198489235475 Prob: 1.0052473738680274 Frac: 0.3136607511349567
Step: 28172 Walker: 3 Trial Log Prob: 450.52915299978326 Prob: 0.002346159354410688 Frac: 0.30176546241085
Step: 28318 Walker: 40 Trial Log Prob: 448.0219957244143 Prob: 1.0988193659202674 Frac: 0.3025802391441158
Step: 28474 Walker: 46 Trial Log Prob: 437.0917738515961 Prob: 0.0019952480753278167 Frac: 0.3008946657663741
Step: 28606 Walker: 6 Trial Log Prob: 437.5788173791775 Prob: 0.013223770652770233 Frac: 0.3015269698572184
Step: 28609 Walker: 36 Trial Log Prob: 438.3514783211098 Prob: 0.07777435419204179 Frac: 0.3016822184255487
Step: 28943 Walker: 48 Trial Log Prob: 447.8247810535553 Prob: 0.023560607646133724 Frac: 0.29903707474336133
Number of steps: 29000 Acceptance Rate: 0.29762
Step: 29110 Walker: 14 Trial Log Prob: 443.3670227911978 Prob: 1.3237036748487776 Frac: 0.2805636896046852
Step: 29122 Walker: 5 Trial Log Prob: 448.39492510407825 Prob: 0.204313948571587 Frac: 0.2838976052848885
Step: 29141 Walker: 13 Trial Log Prob: 451.76719194869787 Prob: 0.003263832849182736 Frac: 0.2841865107657208
Step: 29210 Walker: 3 Trial Log Prob: 441.20594589336287 Prob: 0.0031456121399470846 Frac: 0.2890079403042189
Step: 29223 Walker: 10 Trial Log Prob: 429.3033820856937 Prob: 0.004010499948592861 Frac: 0.28784878487848786
Step: 29300 Walker: 3 Trial Log Prob: 423.02887286375693 Prob: 3.3078948781555895e-10 Frac: 0.2853607971644486
Step: 29563 Walker: 13 Trial Log Prob: 434.48748712399356 Prob: 2.8627129574157985e-5 Frac: 0.28812293245117915
Step: 29774 Walker: 31 Trial Log Prob: 445.9403031666074 Prob: 0.9038515720051383 Frac: 0.29138336651069
Number of steps: 30000 Acceptance Rate: 0.29352
Step: 30267 Walker: 4 Trial Log Prob: 448.05265670202397 Prob: 0.62370090007366 Frac: 0.290213469633193
Step: 30768 Walker: 15 Trial Log Prob: 446.16878258813847 Prob: 0.06670748758050932 Frac: 0.28966505929884007
Number of steps: 31000 Acceptance Rate: 0.29262
Step: 31035 Walker: 24 Trial Log Prob: 450.41251411208555 Prob: 0.0357131300822181 Frac: 0.27610208816705334
Step: 31158 Walker: 45 Trial Log Prob: 446.3528388581767 Prob: 0.5845116870964585 Frac: 0.302469917669411
Step: 31364 Walker: 7 Trial Log Prob: 433.277967685308 Prob: 9.823516101888401e-5 Frac: 0.3033540783169026
Number of steps: 32000 Acceptance Rate: 0.29838
Step: 32067 Walker: 14 Trial Log Prob: 426.54654739032185 Prob: 4.6592594530872204e-8 Frac: 0.3135184067592034
Step: 32904 Walker: 23 Trial Log Prob: 451.97894658855387 Prob: 2.8498288467583164 Frac: 0.296083943948819
Number of steps: 33000 Acceptance Rate: 0.29626
Step: 33088 Walker: 23 Trial Log Prob: 431.09547836728024 Prob: 0.00010479594943461893 Frac: 0.29430596844271667
Step: 33405 Walker: 12 Trial Log Prob: 446.1315984218852 Prob: 1.1890819427255501 Frac: 0.2941816742529191
Step: 33424 Walker: 16 Trial Log Prob: 447.59005670367645 Prob: 0.8672566710155021 Frac: 0.29542662761031846
Step: 33482 Walker: 43 Trial Log Prob: 425.87377457265217 Prob: 9.56539514861104e-8 Frac: 0.294940439131698
Step: 33533 Walker: 8 Trial Log Prob: 451.01275424946175 Prob: 0.22819769062781645 Frac: 0.2946482260974143
Number of steps: 34000 Acceptance Rate: 0.2977
Step: 34159 Walker: 28 Trial Log Prob: -Inf Prob: 0.0 Frac: 0.29818365287588294
Step: 34226 Walker: 10 Trial Log Prob: 446.2792753263668 Prob: 0.602322778905761 Frac: 0.30204262877442273
Step: 34564 Walker: 35 Trial Log Prob: 443.24342396456973 Prob: 0.11391319831275777 Frac: 0.30282064928153274
Step: 34572 Walker: 32 Trial Log Prob: -Inf Prob: 0.0 Frac: 0.302952907424253
Step: 34670 Walker: 12 Trial Log Prob: 449.8361134787487 Prob: 1.2597206424706073 Frac: 0.30246249477018705
Step: 34826 Walker: 37 Trial Log Prob: 440.37035290250026 Prob: 0.2613067667307043 Frac: 0.2997069295419866
Number of steps: 35000 Acceptance Rate: 0.30122
Step: 35189 Walker: 17 Trial Log Prob: 454.2273662514498 Prob: 0.0026933943375917085 Frac: 0.30614845492194964
Step: 35233 Walker: 9 Trial Log Prob: 425.80199675461506 Prob: 0.0001173839274672668 Frac: 0.30226548367645795
Step: 35352 Walker: 21 Trial Log Prob: 449.6322307158248 Prob: 0.00014474805707995642 Frac: 0.30516191451824026
Step: 35853 Walker: 15 Trial Log Prob: 448.8031112986237 Prob: 0.5363294203224988 Frac: 0.2980171301185029
Number of steps: 36000 Acceptance Rate: 0.29576
Step: 36754 Walker: 48 Trial Log Prob: 450.7372904644914 Prob: 0.567353713542941 Frac: 0.29147434877181816
Number of steps: 37000 Acceptance Rate: 0.29434
Step: 37092 Walker: 6 Trial Log Prob: 451.38823933641737 Prob: 1.1081259829281083 Frac: 0.29741000877963125
Step: 37206 Walker: 44 Trial Log Prob: 412.80802010111995 Prob: 8.728091416820098e-11 Frac: 0.3007577229454051
Step: 37264 Walker: 4 Trial Log Prob: 428.64485526566403 Prob: 1.0702180809386884e-5 Frac: 0.30188535806598754
Step: 37285 Walker: 40 Trial Log Prob: 451.1258866965614 Prob: 1.0103562915446889 Frac: 0.30203651685393257
Step: 37300 Walker: 18 Trial Log Prob: 437.1574897541423 Prob: 2.199065155225414e-5 Frac: 0.3003741314804917
Step: 37352 Walker: 19 Trial Log Prob: 404.6672889807992 Prob: 1.0133119739862717e-11 Frac: 0.3000739939666458
Step: 37558 Walker: 1 Trial Log Prob: 450.5209639476832 Prob: 0.5692906614892481 Frac: 0.2997737962730243
Step: 37621 Walker: 38 Trial Log Prob: 440.1092490237982 Prob: 0.5626903749318327 Frac: 0.2984728397448289
Step: 37887 Walker: 3 Trial Log Prob: 422.0351975732224 Prob: 5.709489460002294e-6 Frac: 0.30133399544048933
Number of steps: 38000 Acceptance Rate: 0.3009
Step: 38054 Walker: 45 Trial Log Prob: 449.65355820413316 Prob: 0.2569730746876346 Frac: 0.29721706864564007
Step: 38791 Walker: 29 Trial Log Prob: 431.4729761435504 Prob: 2.5004962549834065e-5 Frac: 0.29702243922183713
Step: 38919 Walker: 26 Trial Log Prob: 449.5053894353134 Prob: 0.3894748867030557 Frac: 0.29713016591908725
Number of steps: 39000 Acceptance Rate: 0.29672
Step: 39030 Walker: 21 Trial Log Prob: 448.4011283279616 Prob: 0.00528925406248586 Frac: 0.28755948334466347
Step: 39527 Walker: 17 Trial Log Prob: 444.9725874098249 Prob: 0.579721191867684 Frac: 0.3074058593304708
Step: 39633 Walker: 29 Trial Log Prob: -Inf Prob: 0.0 Frac: 0.30819817256315407
Step: 39667 Walker: 43 Trial Log Prob: 439.7478159066049 Prob: 0.3598304406751347 Frac: 0.3084905377440542
Step: 39815 Walker: 13 Trial Log Prob: 433.9965517674789 Prob: 0.0031099097656188653 Frac: 0.3085992189227028
Number of steps: 40000 Acceptance Rate: 0.3067
Step: 40128 Walker: 35 Trial Log Prob: 447.87321806691915 Prob: 0.23879436586024927 Frac: 0.2850430696945967
Step: 40367 Walker: 12 Trial Log Prob: -141.9231306360688 Prob: 1.6963315246685595e-253 Frac: 0.290519877675841
Step: 40736 Walker: 6 Trial Log Prob: 421.4599890485426 Prob: 3.0381443090998418e-6 Frac: 0.29720317771248234
Number of steps: 41000 Acceptance Rate: 0.30098
Step: 41056 Walker: 40 Trial Log Prob: 431.2550531773759 Prob: 0.11168409644330934 Frac: 0.2863799283154122
Step: 41087 Walker: 29 Trial Log Prob: 427.6095348880525 Prob: 0.004273513495636597 Frac: 0.2936012936012936
Step: 41475 Walker: 37 Trial Log Prob: 409.3836997535308 Prob: 8.979692868560735e-11 Frac: 0.29536167165185157
Step: 41487 Walker: 16 Trial Log Prob: 446.190678249952 Prob: 0.9297297956599755 Frac: 0.2956489554202994
Step: 41562 Walker: 14 Trial Log Prob: 441.82461095896673 Prob: 0.1887988176617311 Frac: 0.29667901938426455
Step: 41815 Walker: 13 Trial Log Prob: 450.1457596922927 Prob: 0.07637985646456913 Frac: 0.2967356863900965
Step: 41884 Walker: 9 Trial Log Prob: 448.949674152563 Prob: 0.1379867328469177 Frac: 0.2973346316719129
Step: 41991 Walker: 16 Trial Log Prob: 432.33279639684685 Prob: 0.0003293592222881266 Frac: 0.2973584295985136
Number of steps: 42000 Acceptance Rate: 0.2975
Step: 42355 Walker: 4 Trial Log Prob: 403.073956732162 Prob: 2.6043390783769548e-15 Frac: 0.2920244012652508
Step: 42451 Walker: 35 Trial Log Prob: 447.10716966739597 Prob: 1.4298902371330369 Frac: 0.2956733969380963
Step: 42711 Walker: 24 Trial Log Prob: 448.09213552982897 Prob: 1.2028720371024668 Frac: 0.2988683706789776
Step: 42985 Walker: 14 Trial Log Prob: 446.0045986843103 Prob: 0.5984147642807517 Frac: 0.2981671881984801
Number of steps: 43000 Acceptance Rate: 0.29858
Step: 43120 Walker: 40 Trial Log Prob: 450.6291704324266 Prob: 0.08166019495101044 Frac: 0.2996661101836394
Step: 43192 Walker: 24 Trial Log Prob: 447.4418167241587 Prob: 0.2997017734566543 Frac: 0.29966576143722584
Step: 43252 Walker: 20 Trial Log Prob: 449.512954033987 Prob: 0.012566291980195788 Frac: 0.3023866348448687
Step: 43523 Walker: 11 Trial Log Prob: 453.7953250717373 Prob: 0.6130713225964478 Frac: 0.30014170273064994
Step: 43578 Walker: 31 Trial Log Prob: 441.9932160248934 Prob: 0.6825820639654951 Frac: 0.2978774973165749
Step: 43701 Walker: 8 Trial Log Prob: 421.9523034195857 Prob: 6.024523381157821e-10 Frac: 0.29864602376599636
Step: 43866 Walker: 19 Trial Log Prob: 443.89824931473396 Prob: 0.9335965784962027 Frac: 0.2983429244955973
Step: 43874 Walker: 30 Trial Log Prob: 451.2559673985596 Prob: 0.16622666685017848 Frac: 0.29816849816849816
Step: 43882 Walker: 50 Trial Log Prob: 448.36648854931633 Prob: 1.1434346151175874 Frac: 0.2985034013605442
Number of steps: 44000 Acceptance Rate: 0.29944
Step: 44360 Walker: 17 Trial Log Prob: 437.11909238920805 Prob: 0.004693724637674055 Frac: 0.29342683809205766
Step: 44372 Walker: 49 Trial Log Prob: 447.8330182939579 Prob: 0.0023602820937593107 Frac: 0.2939943007688585
Step: 44401 Walker: 2 Trial Log Prob: 445.5085895831257 Prob: 2.0966519858677755 Frac: 0.2929207079292071
Step: 44486 Walker: 20 Trial Log Prob: 434.23679015213804 Prob: 0.09238659719316519 Frac: 0.2943139678615575
Step: 44507 Walker: 38 Trial Log Prob: 435.0347507232316 Prob: 0.0010303455494015572 Frac: 0.29528771015865496
Step: 44733 Walker: 22 Trial Log Prob: 427.6546561404015 Prob: 8.891733481249459e-5 Frac: 0.2959150237562121
Step: 44746 Walker: 49 Trial Log Prob: 426.32937894426374 Prob: 3.707414630823191e-7 Frac: 0.2958524357221373
Step: 44830 Walker: 34 Trial Log Prob: 439.04426642883556 Prob: 0.3321246438437546 Frac: 0.29753639957574
Number of steps: 45000 Acceptance Rate: 0.29914
Step: 45047 Walker: 28 Trial Log Prob: 448.78167751726573 Prob: 0.4687979181768104 Frac: 0.30283505154639173
Step: 45474 Walker: 19 Trial Log Prob: 426.06604889769005 Prob: 8.053232270746072e-7 Frac: 0.2974777134648697
Step: 45581 Walker: 23 Trial Log Prob: 426.95070141829876 Prob: 3.6883618277690004e-5 Frac: 0.2973503772869793
Step: 45841 Walker: 4 Trial Log Prob: 448.12890145960205 Prob: 2.2742181960265455 Frac: 0.2959003904390058
Number of steps: 46000 Acceptance Rate: 0.29368
Step: 46042 Walker: 28 Trial Log Prob: 419.2288129680477 Prob: 5.795523235768981e-9 Frac: 0.2993262752646776
Step: 46122 Walker: 7 Trial Log Prob: 410.51231973750237 Prob: 4.847457561569634e-15 Frac: 0.29618623080733036
Step: 46563 Walker: 37 Trial Log Prob: 449.8438301100154 Prob: 0.8125640497014525 Frac: 0.2953761950456694
Step: 46881 Walker: 16 Trial Log Prob: 441.68263169856465 Prob: 0.0699755607344699 Frac: 0.2967784442021083
Number of steps: 47000 Acceptance Rate: 0.2971
Step: 47829 Walker: 2 Trial Log Prob: 441.8426663526236 Prob: 1.2195831125331769 Frac: 0.2914593497898652
Number of steps: 48000 Acceptance Rate: 0.2912
Step: 48051 Walker: 49 Trial Log Prob: 445.0510882015959 Prob: 0.8939002668278307 Frac: 0.28128677912907024
Number of steps: 49000 Acceptance Rate: 0.28588
Step: 49035 Walker: 41 Trial Log Prob: 446.6968871002065 Prob: 0.10932067453067347 Frac: 0.31361286616886846
Step: 49413 Walker: 18 Trial Log Prob: 450.57893577285944 Prob: 0.0022023115773452903 Frac: 0.29314191483170043
Step: 49426 Walker: 10 Trial Log Prob: -Inf Prob: 0.0 Frac: 0.29317968015051743
Step: 49432 Walker: 6 Trial Log Prob: 448.9241453030485 Prob: 0.5150761909185227 Frac: 0.29249396919651144
Step: 49446 Walker: 5 Trial Log Prob: 440.7204018832858 Prob: 1.892369795964926 Frac: 0.29233880026960235
Step: 49509 Walker: 44 Trial Log Prob: 438.6858465066536 Prob: 0.021631287180781195 Frac: 0.29240685426819685
Step: 49977 Walker: 6 Trial Log Prob: 249.1558350442766 Prob: 2.7022207566919346e-83 Frac: 0.29150104495348933
Number of steps: 50000 Acceptance Rate: 0.29116
Burn-in Number (ends): 1933
Independent Sample Size: 3863.9694998744217
832.288170 seconds (95.78 M allocations: 352.245 GiB, 5.42% gc time)
