args = ["mcmc", "60.0", "15", "ppp"]
Parameters from fit: [4.838770122026878e-6, 224.70076849045026, 2.4335037686916958e6, -0.03697583872757068, 0.004341184181887157, 2.510177135300131e-6, 365.25645863163027, 2.433624407401598e6, -0.007487462230391866, -0.0037243671591389352, 0.0009933689658020843, 3492.6611840221776, 2.4386011789245377e6, 0.037455041033720896, -0.030354097941756628]
Maximum log Prob from fit: -75.90074564625748
Step: 270 Walker: 32 Trial Log Prob: 246.67621514168988 Prob: 7.448396916876176e-10 Frac: 0.33066310636404095
Step: 392 Walker: 18 Trial Log Prob: 276.49195407396076 Prob: 1.3946787553047217 Frac: 0.3293131643499591
Step: 431 Walker: 40 Trial Log Prob: 274.6752271600938 Prob: 0.4285693442621879 Frac: 0.3287836583101207
Step: 563 Walker: 49 Trial Log Prob: 278.571366349306 Prob: 0.5208529237246854 Frac: 0.32633486091868275
Step: 768 Walker: 40 Trial Log Prob: 235.39017703254308 Prob: 1.94526361912303e-13 Frac: 0.32190674654858037
Number of steps: 1000 Acceptance Rate: 0.31472
Step: 1031 Walker: 47 Trial Log Prob: 263.8273815213157 Prob: 0.01647656053697882 Frac: 0.28054298642533937
Step: 1095 Walker: 2 Trial Log Prob: 280.7461694449109 Prob: 0.04938285275376645 Frac: 0.29008932369204593
Step: 1265 Walker: 6 Trial Log Prob: 268.6769606524351 Prob: 0.5921522894366812 Frac: 0.29221565954869
Step: 1346 Walker: 36 Trial Log Prob: 278.585777330956 Prob: 1.3484339519623445 Frac: 0.29220178178873074
Step: 1429 Walker: 39 Trial Log Prob: 280.9046434547825 Prob: 0.011856141948439303 Frac: 0.29343719389896916
Step: 1442 Walker: 35 Trial Log Prob: 269.50626002139995 Prob: 1.3214035011069591 Frac: 0.2931401403667648
Step: 1471 Walker: 47 Trial Log Prob: 273.8117377582794 Prob: 0.11883274563978055 Frac: 0.29366798318257104
Step: 1964 Walker: 27 Trial Log Prob: 275.34096895337524 Prob: 0.0041906981605631674 Frac: 0.2882910932602694
Number of steps: 2000 Acceptance Rate: 0.28808
Step: 2171 Walker: 28 Trial Log Prob: 256.37804461566793 Prob: 0.00013174025253278983 Frac: 0.2731003752345216
Step: 2385 Walker: 4 Trial Log Prob: 277.34740547694673 Prob: 0.4603273891479756 Frac: 0.2696313268069152
Step: 2390 Walker: 50 Trial Log Prob: 266.2933089488492 Prob: 0.16135276078795843 Frac: 0.26897435897435895
Step: 2480 Walker: 14 Trial Log Prob: 211.0646787195713 Prob: 3.3064357229022853e-24 Frac: 0.2683608746453013
Step: 2732 Walker: 31 Trial Log Prob: 270.26716867099873 Prob: 0.1810651264512382 Frac: 0.2678986359038845
Number of steps: 3000 Acceptance Rate: 0.26672
Step: 3198 Walker: 26 Trial Log Prob: 264.3192682713658 Prob: 5.795902691541233 Frac: 0.2559740785743216
Step: 3380 Walker: 40 Trial Log Prob: 260.95022084333425 Prob: 0.026955943351309252 Frac: 0.2612954186413902
Number of steps: 4000 Acceptance Rate: 0.25272
Step: 4154 Walker: 50 Trial Log Prob: 272.08895529961126 Prob: 1.4641925664141038 Frac: 0.23363636363636364
Step: 4377 Walker: 9 Trial Log Prob: 271.50230303481504 Prob: 1.0184516128844825 Frac: 0.23494071986814824
Step: 4419 Walker: 25 Trial Log Prob: 263.5533996432859 Prob: 0.0012358551386562754 Frac: 0.23608124253285542
Step: 4713 Walker: 42 Trial Log Prob: 281.2270598223327 Prob: 0.04438861653564502 Frac: 0.23862297289714382
Step: 4759 Walker: 22 Trial Log Prob: 275.2823965998565 Prob: 0.0008042329994829399 Frac: 0.23875323031485682
Number of steps: 5000 Acceptance Rate: 0.23878
Step: 5484 Walker: 4 Trial Log Prob: 266.97041895304665 Prob: 0.01080055703859299 Frac: 0.23110043885070797
Step: 5624 Walker: 29 Trial Log Prob: 268.5345540410012 Prob: 0.0001970981931565561 Frac: 0.23118124378588154
Step: 5639 Walker: 29 Trial Log Prob: 281.0473434460535 Prob: 0.777912328989914 Frac: 0.2314197124870807
Number of steps: 6000 Acceptance Rate: 0.22982
Step: 6162 Walker: 50 Trial Log Prob: 264.461410243609 Prob: 0.04371819573859686 Frac: 0.22790123456790123
Step: 6559 Walker: 7 Trial Log Prob: 274.90128032340107 Prob: 0.0204574576838673 Frac: 0.22947647543627048
Step: 6737 Walker: 26 Trial Log Prob: -Inf Prob: 0.0 Frac: 0.22866996144028676
Step: 6840 Walker: 15 Trial Log Prob: 265.1978134329453 Prob: 1.5938554453861287 Frac: 0.2272131538186584
Step: 6926 Walker: 3 Trial Log Prob: -Inf Prob: 0.0 Frac: 0.22632045488941258
Step: 6939 Walker: 41 Trial Log Prob: 262.67461895434985 Prob: 0.04141023415475299 Frac: 0.22636927206493257
Number of steps: 7000 Acceptance Rate: 0.22644
Step: 7087 Walker: 47 Trial Log Prob: 259.4162069800981 Prob: 0.00013936327470587498 Frac: 0.21854152288934897
Step: 7090 Walker: 26 Trial Log Prob: 262.33138885838196 Prob: 0.09656754228278042 Frac: 0.21916890080428955
Step: 7181 Walker: 2 Trial Log Prob: 257.4603132678429 Prob: 1.2412621305200498e-9 Frac: 0.21328593645856475
Step: 7448 Walker: 40 Trial Log Prob: 278.34403163512457 Prob: 0.0021960625726523647 Frac: 0.2125949084412684
Step: 7859 Walker: 31 Trial Log Prob: 246.27516621423766 Prob: 0.0011511479827480138 Frac: 0.21529896811162097
Step: 7952 Walker: 27 Trial Log Prob: 263.2379133335981 Prob: 0.00199734551940036 Frac: 0.21579754923597536
Number of steps: 8000 Acceptance Rate: 0.21548
Step: 8996 Walker: 39 Trial Log Prob: 277.01488598493785 Prob: 0.0001471544216283061 Frac: 0.21705597621964692
Number of steps: 9000 Acceptance Rate: 0.21688
Step: 9158 Walker: 33 Trial Log Prob: 261.5794316310721 Prob: 0.0786328637946029 Frac: 0.21692249143727008
Step: 9424 Walker: 2 Trial Log Prob: -105.71659764431574 Prob: 1.157169443421531e-164 Frac: 0.2168589258698941
Step: 9533 Walker: 25 Trial Log Prob: 251.14636279606069 Prob: 7.014635865381033e-13 Frac: 0.21551173708920188
Step: 9594 Walker: 43 Trial Log Prob: -Inf Prob: 0.0 Frac: 0.21564004984339744
Step: 9660 Walker: 15 Trial Log Prob: -Inf Prob: 0.0 Frac: 0.21638101016229333
Step: 9700 Walker: 43 Trial Log Prob: 255.41121442072227 Prob: 0.08002435202337317 Frac: 0.21575743720172605
Step: 9712 Walker: 37 Trial Log Prob: -Inf Prob: 0.0 Frac: 0.2152752409587771
Step: 9849 Walker: 32 Trial Log Prob: -Inf Prob: 0.0 Frac: 0.21318815987933634
Step: 9891 Walker: 33 Trial Log Prob: 269.34009833063806 Prob: 0.1718894653106902 Frac: 0.21177553724204523
Step: 9899 Walker: 50 Trial Log Prob: 221.66460741755475 Prob: 2.3916692293889852e-21 Frac: 0.2118353726362625
Step: 9967 Walker: 20 Trial Log Prob: 278.7907469652812 Prob: 0.010368052608649229 Frac: 0.2107408940397351
Number of steps: 10000 Acceptance Rate: 0.21014
Step: 10244 Walker: 23 Trial Log Prob: 263.6949804496606 Prob: 0.011909679952024528 Frac: 0.19732194200279307
Step: 10402 Walker: 26 Trial Log Prob: 259.049929780634 Prob: 0.003498334824742503 Frac: 0.19630404463040446
Step: 10559 Walker: 44 Trial Log Prob: 270.1881498626914 Prob: 2.9016111661282338 Frac: 0.1933152018322359
Step: 10667 Walker: 47 Trial Log Prob: 261.1745875454681 Prob: 1.2300124595726725 Frac: 0.19069181635529434
Number of steps: 11000 Acceptance Rate: 0.19188
Step: 11382 Walker: 42 Trial Log Prob: 261.81555444826824 Prob: 0.09393972360366101 Frac: 0.19269851246595432
Step: 11543 Walker: 35 Trial Log Prob: 197.56196474246295 Prob: 2.7945746608794213e-28 Frac: 0.1924083287267367
Step: 11846 Walker: 10 Trial Log Prob: 230.58207203804238 Prob: 3.28847292366895e-20 Frac: 0.19287742546142925
Number of steps: 12000 Acceptance Rate: 0.19266
Step: 12125 Walker: 49 Trial Log Prob: 278.2963262143727 Prob: 0.0019282102630191426 Frac: 0.20611297807649223
Step: 12234 Walker: 2 Trial Log Prob: 261.91709201049144 Prob: 0.20565954268549624 Frac: 0.20176793683487812
Step: 12262 Walker: 38 Trial Log Prob: 243.84231656641907 Prob: 1.3234740313572961e-6 Frac: 0.20262836185819072
Step: 12787 Walker: 18 Trial Log Prob: -Inf Prob: 0.0 Frac: 0.19825525204740832
Step: 12922 Walker: 48 Trial Log Prob: 273.34217506239935 Prob: 1.684352717675763 Frac: 0.19777430691136275
Number of steps: 13000 Acceptance Rate: 0.19732
Step: 13055 Walker: 35 Trial Log Prob: 237.43142838580707 Prob: 3.7789384897106004e-16 Frac: 0.19378427787934185
Step: 13426 Walker: 4 Trial Log Prob: 239.51443501202482 Prob: 0.02193703624917915 Frac: 0.1932812647031147
Step: 13444 Walker: 2 Trial Log Prob: 255.30381873748993 Prob: 2.6936817541784928 Frac: 0.19312026002166846
Step: 13809 Walker: 15 Trial Log Prob: 256.6931428995393 Prob: 4.767363242122768 Frac: 0.19576889768650255
Number of steps: 14000 Acceptance Rate: 0.1969
Step: 14095 Walker: 32 Trial Log Prob: 276.7967258189654 Prob: 0.026981190640022065 Frac: 0.20118343195266272
Step: 14280 Walker: 17 Trial Log Prob: 260.590789866615 Prob: 4.2677661829186e-12 Frac: 0.19631989689983534
Step: 14434 Walker: 28 Trial Log Prob: -Inf Prob: 0.0 Frac: 0.19665098256296706
Step: 14609 Walker: 25 Trial Log Prob: -Inf Prob: 0.0 Frac: 0.19737058340180771
Step: 14625 Walker: 22 Trial Log Prob: -Inf Prob: 0.0 Frac: 0.1967522900518865
Number of steps: 15000 Acceptance Rate: 0.19736
Step: 15223 Walker: 38 Trial Log Prob: 247.3246861023007 Prob: 0.08880637800657266 Frac: 0.19617525588076853
Step: 15503 Walker: 4 Trial Log Prob: -Inf Prob: 0.0 Frac: 0.19789674952198852
Step: 15645 Walker: 40 Trial Log Prob: 188.0607160765902 Prob: 4.1332030101960455e-36 Frac: 0.19686724565756825
Number of steps: 16000 Acceptance Rate: 0.19454
Step: 16095 Walker: 11 Trial Log Prob: 260.73910877547087 Prob: 1.9538371912364134 Frac: 0.18361282105710042
Step: 16240 Walker: 28 Trial Log Prob: 278.0211883675556 Prob: 0.00877473037371389 Frac: 0.18675905827350142
Step: 16259 Walker: 33 Trial Log Prob: 274.70658105243524 Prob: 4.028754498127865e-6 Frac: 0.18665429521379417
Step: 16281 Walker: 38 Trial Log Prob: 261.92367008279797 Prob: 0.7163178245190934 Frac: 0.18699244906681864
Step: 16485 Walker: 18 Trial Log Prob: 258.3968130393859 Prob: 0.02790041817405022 Frac: 0.18956974151457592
Step: 16771 Walker: 41 Trial Log Prob: 255.68113668944062 Prob: 8.336555263376338e-6 Frac: 0.19138060766456502
Step: 16825 Walker: 16 Trial Log Prob: 258.6947559899231 Prob: 0.6909659761213804 Frac: 0.19169739906832298
Number of steps: 17000 Acceptance Rate: 0.19176
Step: 17319 Walker: 43 Trial Log Prob: -Inf Prob: 0.0 Frac: 0.1924982751050618
Step: 17367 Walker: 11 Trial Log Prob: 151.9372641832562 Prob: 1.2103084419736192e-35 Frac: 0.19179728032330293
Step: 17518 Walker: 27 Trial Log Prob: 257.5756674105802 Prob: 1.1049841680288265e-9 Frac: 0.19163736136337287
Step: 17725 Walker: 8 Trial Log Prob: -Inf Prob: 0.0 Frac: 0.19423884224480778
Number of steps: 18000 Acceptance Rate: 0.19268
Step: 18511 Walker: 5 Trial Log Prob: 260.6527884553708 Prob: 0.4329758347352409 Frac: 0.1930993922760243
Step: 18825 Walker: 44 Trial Log Prob: -Inf Prob: 0.0 Frac: 0.1924401125012123
Step: 18982 Walker: 28 Trial Log Prob: 276.26242171514616 Prob: 0.016788964809323577 Frac: 0.19324340845185214
Number of steps: 19000 Acceptance Rate: 0.193
Step: 19019 Walker: 22 Trial Log Prob: -Inf Prob: 0.0 Frac: 0.1702819956616052
Step: 19120 Walker: 45 Trial Log Prob: -Inf Prob: 0.0 Frac: 0.19165971643035865
Step: 19167 Walker: 10 Trial Log Prob: 256.01307907276436 Prob: 6.391426908026835e-5 Frac: 0.19434416365824309
Step: 19305 Walker: 12 Trial Log Prob: -Inf Prob: 0.0 Frac: 0.19300552195635026
Step: 19448 Walker: 31 Trial Log Prob: -Inf Prob: 0.0 Frac: 0.1932442696930432
Step: 19896 Walker: 28 Trial Log Prob: -Inf Prob: 0.0 Frac: 0.19489481441779447
Step: 19915 Walker: 19 Trial Log Prob: 245.26354223400836 Prob: 0.24155254927549527 Frac: 0.19460180668868524
Number of steps: 20000 Acceptance Rate: 0.19398
Step: 20676 Walker: 49 Trial Log Prob: -Inf Prob: 0.0 Frac: 0.17997573892718718
Step: 20902 Walker: 24 Trial Log Prob: 210.36608643302523 Prob: 3.238351328085358e-11 Frac: 0.18028131517060833
Step: 20914 Walker: 3 Trial Log Prob: 256.4613613023506 Prob: 0.05039069616653302 Frac: 0.1803386414912492
Step: 20937 Walker: 46 Trial Log Prob: -Inf Prob: 0.0 Frac: 0.1799086368099731
Step: 20964 Walker: 40 Trial Log Prob: 258.71866062750763 Prob: 3.882210668879964e-10 Frac: 0.18020336169329737
Number of steps: 21000 Acceptance Rate: 0.18044
Step: 21190 Walker: 16 Trial Log Prob: 256.0618160505579 Prob: 0.40999204131762873 Frac: 0.18878090006338474
Step: 21688 Walker: 16 Trial Log Prob: -Inf Prob: 0.0 Frac: 0.18652156200896233
Number of steps: 22000 Acceptance Rate: 0.18574
Step: 22526 Walker: 11 Trial Log Prob: 260.22550258530646 Prob: 1.0527709183983567 Frac: 0.1687292943909219
Step: 22531 Walker: 15 Trial Log Prob: 239.37542191514103 Prob: 2.3470319181704313e-11 Frac: 0.16907410899490855
Step: 22598 Walker: 5 Trial Log Prob: -Inf Prob: 0.0 Frac: 0.16874895327415843
Step: 22617 Walker: 13 Trial Log Prob: 266.2741742847159 Prob: 0.37822743038523876 Frac: 0.16856521598026808
Step: 22735 Walker: 32 Trial Log Prob: 223.9003195349347 Prob: 1.9423940162119184e-25 Frac: 0.16887182837852555
Number of steps: 23000 Acceptance Rate: 0.17134
Step: 23621 Walker: 17 Trial Log Prob: 249.66839879289003 Prob: 1.1253777920746322 Frac: 0.17883741174194798
Step: 23708 Walker: 36 Trial Log Prob: -Inf Prob: 0.0 Frac: 0.18083422822585205
Step: 23976 Walker: 33 Trial Log Prob: -Inf Prob: 0.0 Frac: 0.18233810958735625
Number of steps: 24000 Acceptance Rate: 0.1818
Step: 24022 Walker: 34 Trial Log Prob: 255.37707252709023 Prob: 1.9983575398116202 Frac: 0.1937269372693727
Step: 24087 Walker: 21 Trial Log Prob: -Inf Prob: 0.0 Frac: 0.19578801203425134
Step: 24227 Walker: 2 Trial Log Prob: -Inf Prob: 0.0 Frac: 0.1869580605202619
Step: 24690 Walker: 42 Trial Log Prob: 254.16091674588384 Prob: 0.15731573354602735 Frac: 0.1782442305462136
Step: 24799 Walker: 22 Trial Log Prob: 265.0001997316696 Prob: 0.00010899292942717516 Frac: 0.17854816892941236
Step: 24811 Walker: 17 Trial Log Prob: -Inf Prob: 0.0 Frac: 0.17849297825604069
Number of steps: 25000 Acceptance Rate: 0.17946
Step: 25029 Walker: 4 Trial Log Prob: 256.88399411330664 Prob: 0.0002834509866729546 Frac: 0.18091168091168092
Step: 25194 Walker: 36 Trial Log Prob: 271.5798090627692 Prob: 0.3613636710852934 Frac: 0.18408011563080734
Step: 25807 Walker: 22 Trial Log Prob: -Inf Prob: 0.0 Frac: 0.17752095630177075
Number of steps: 26000 Acceptance Rate: 0.17264
Step: 26120 Walker: 26 Trial Log Prob: 253.0746651186464 Prob: 0.3155784596915522 Frac: 0.14759036144578314
Step: 26397 Walker: 32 Trial Log Prob: 264.49374617678023 Prob: 0.04199570168647697 Frac: 0.1471359419120613
Step: 26483 Walker: 8 Trial Log Prob: -Inf Prob: 0.0 Frac: 0.14501410320225652
Step: 26861 Walker: 10 Trial Log Prob: -Inf Prob: 0.0 Frac: 0.1412927226226459
Number of steps: 27000 Acceptance Rate: 0.1384
Step: 27412 Walker: 44 Trial Log Prob: -52.11605208052082 Prob: 2.942267191978082e-131 Frac: 0.12479362921239195
Step: 27449 Walker: 31 Trial Log Prob: NaN Prob: NaN Frac: 0.12594177700503767
Step: 27647 Walker: 42 Trial Log Prob: 258.6920119374232 Prob: 0.002906773566373197 Frac: 0.12652278770638797
Number of steps: 28000 Acceptance Rate: 0.12316
Step: 28165 Walker: 11 Trial Log Prob: 251.91193710522734 Prob: 0.2887772199338919 Frac: 0.11289733284618195
Step: 28210 Walker: 31 Trial Log Prob: -Inf Prob: 0.0 Frac: 0.11439748115637821
Step: 28249 Walker: 30 Trial Log Prob: 216.11976644876742 Prob: 2.244609515920959e-16 Frac: 0.11327433628318584
Step: 28330 Walker: 49 Trial Log Prob: -Inf Prob: 0.0 Frac: 0.11146130068488999
Step: 28350 Walker: 20 Trial Log Prob: 255.30799286187477 Prob: 7.919419682366405e-7 Frac: 0.11196336576989124
Step: 28350 Walker: 28 Trial Log Prob: -Inf Prob: 0.0 Frac: 0.1119121180913148
Step: 28560 Walker: 16 Trial Log Prob: 262.1980157576086 Prob: 0.20390699502492174 Frac: 0.11070585711220768
Step: 28780 Walker: 11 Trial Log Prob: 222.01005617683484 Prob: 1.700132880665956e-19 Frac: 0.10803110803110803
Step: 28820 Walker: 16 Trial Log Prob: 259.6006845436805 Prob: 1.7744055608396165 Frac: 0.10801640384709271
Step: 28912 Walker: 15 Trial Log Prob: 260.1743099481074 Prob: 0.5818632181222295 Frac: 0.10898716119828816
Number of steps: 29000 Acceptance Rate: 0.10934
Step: 29276 Walker: 20 Trial Log Prob: -446.70077635250976 Prob: 1.31062179366e-313 Frac: 0.09985475671750181
Step: 29769 Walker: 16 Trial Log Prob: 180.88954478292717 Prob: 3.109256089851556e-35 Frac: 0.09847459391920034
Number of steps: 30000 Acceptance Rate: 0.0975
Step: 30008 Walker: 35 Trial Log Prob: 253.40040729314322 Prob: 0.005426270059717881 Frac: 0.11948051948051948
Step: 30095 Walker: 28 Trial Log Prob: 214.70120183733982 Prob: 1.8099099485094418e-20 Frac: 0.10321489001692047
Step: 30138 Walker: 3 Trial Log Prob: 259.7736747923119 Prob: 0.09391131315279927 Frac: 0.09878885159784036
Step: 30347 Walker: 22 Trial Log Prob: 251.87238045483917 Prob: 6.133579033448011e-13 Frac: 0.09519685948504791
Step: 30366 Walker: 29 Trial Log Prob: -Inf Prob: 0.0 Frac: 0.09426117402483725
Step: 30451 Walker: 20 Trial Log Prob: 258.99020207178563 Prob: 5.893073737830056e-7 Frac: 0.09227353463587921
Number of steps: 31000 Acceptance Rate: 0.09124
Step: 31055 Walker: 50 Trial Log Prob: NaN Prob: NaN Frac: 0.076
Step: 31269 Walker: 47 Trial Log Prob: -2191.4677912880024 Prob: 0.0 Frac: 0.08403361344537816
Step: 31274 Walker: 37 Trial Log Prob: NaN Prob: NaN Frac: 0.08416745817198802
Step: 31368 Walker: 48 Trial Log Prob: 240.76265641905493 Prob: 0.0038674251258237176 Frac: 0.0842482878573758
Step: 31671 Walker: 15 Trial Log Prob: -2114.0823614819706 Prob: 0.0 Frac: 0.0847680143219454
Step: 31683 Walker: 50 Trial Log Prob: 256.2503248941919 Prob: 0.16514411419878622 Frac: 0.08456808199121522
Step: 31716 Walker: 48 Trial Log Prob: -Inf Prob: 0.0 Frac: 0.08486507626124365
Step: 31993 Walker: 37 Trial Log Prob: NaN Prob: NaN Frac: 0.08521868767250236
Number of steps: 32000 Acceptance Rate: 0.08512
Step: 32252 Walker: 46 Trial Log Prob: 258.54179756164234 Prob: 0.007078192481771045 Frac: 0.07367418228008892
Step: 32637 Walker: 5 Trial Log Prob: -281.09198245799655 Prob: 2.5986213282883408e-232 Frac: 0.07423361106744222
Step: 32700 Walker: 48 Trial Log Prob: 155.27022043168077 Prob: 3.774962217051714e-43 Frac: 0.07457569003943082
Step: 32753 Walker: 1 Trial Log Prob: -Inf Prob: 0.0 Frac: 0.07427993936331481
Number of steps: 33000 Acceptance Rate: 0.07552
Step: 33196 Walker: 31 Trial Log Prob: 255.48087029029878 Prob: 0.2573535926906708 Frac: 0.07453225641549943
Step: 33966 Walker: 10 Trial Log Prob: 47.5591306391954 Prob: 4.707457209934425e-93 Frac: 0.07190219643597182
Number of steps: 34000 Acceptance Rate: 0.0719
Step: 34099 Walker: 21 Trial Log Prob: 257.3003139548179 Prob: 6.098185564378906e-9 Frac: 0.06055679739890266
Step: 34223 Walker: 35 Trial Log Prob: 138.6907088915288 Prob: 3.1786282984917936e-55 Frac: 0.06205657835653345
Step: 34286 Walker: 46 Trial Log Prob: 244.55406407373954 Prob: 1.509860180436301e-7 Frac: 0.06155567991046446
Step: 34331 Walker: 46 Trial Log Prob: -Inf Prob: 0.0 Frac: 0.0624320077360087
Step: 34567 Walker: 17 Trial Log Prob: 253.14299137282663 Prob: 4.806041130359e-5 Frac: 0.0621181622347
Step: 34601 Walker: 45 Trial Log Prob: 215.44962467865298 Prob: 8.512274193662558e-17 Frac: 0.062306540189715424
Step: 34827 Walker: 45 Trial Log Prob: -901.9849655264719 Prob: 0.0 Frac: 0.06329665013907365
Number of steps: 35000 Acceptance Rate: 0.06336
Step: 35088 Walker: 5 Trial Log Prob: 224.8096153990738 Prob: 9.68163132201394e-13 Frac: 0.06544202066590127
Step: 35149 Walker: 24 Trial Log Prob: -2887.481701276329 Prob: 0.0 Frac: 0.07017780172413793
Step: 35221 Walker: 14 Trial Log Prob: 250.70023059413703 Prob: 0.0011761122559364606 Frac: 0.06891229344470674
Step: 35421 Walker: 10 Trial Log Prob: NaN Prob: NaN Frac: 0.0674916706330319
Step: 35721 Walker: 21 Trial Log Prob: -Inf Prob: 0.0 Frac: 0.06693317786846562
Step: 35775 Walker: 33 Trial Log Prob: -2204.2763073179326 Prob: 0.0 Frac: 0.06671313866728629
Number of steps: 36000 Acceptance Rate: 0.06752
Step: 36262 Walker: 37 Trial Log Prob: -1313.2623564793848 Prob: 0.0 Frac: 0.06785359517078017
Step: 36626 Walker: 43 Trial Log Prob: 255.55929575668733 Prob: 1.8217289557948126e-8 Frac: 0.06813025277218547
Step: 36857 Walker: 17 Trial Log Prob: 133.4373528744919 Prob: 3.414038958401532e-55 Frac: 0.06593175607819324
Number of steps: 37000 Acceptance Rate: 0.06554
Step: 37101 Walker: 28 Trial Log Prob: 185.67581592548817 Prob: 2.523038881308991e-23 Frac: 0.07159904534606205
Step: 37203 Walker: 26 Trial Log Prob: -94.7606748410558 Prob: 3.055778052163696e-151 Frac: 0.06725261702547897
Step: 37658 Walker: 47 Trial Log Prob: 234.92003668758176 Prob: 2.8186474656537297e-10 Frac: 0.06079581724777335
Step: 37749 Walker: 48 Trial Log Prob: -Inf Prob: 0.0 Frac: 0.060350352488784446
Step: 37827 Walker: 22 Trial Log Prob: -Inf Prob: 0.0 Frac: 0.06013745704467354
Number of steps: 38000 Acceptance Rate: 0.059
Step: 38159 Walker: 33 Trial Log Prob: 68.5072544556811 Prob: 4.562196286979503e-82 Frac: 0.053699735282995084
Step: 38443 Walker: 32 Trial Log Prob: 166.82815955526095 Prob: 4.349747209513463e-43 Frac: 0.05028917404662932
Step: 38951 Walker: 26 Trial Log Prob: -293.6688338179537 Prob: 5.048247401791774e-237 Frac: 0.04807894626099398
Number of steps: 39000 Acceptance Rate: 0.04804
Step: 39303 Walker: 39 Trial Log Prob: -Inf Prob: 0.0 Frac: 0.050994121144065
Step: 39463 Walker: 2 Trial Log Prob: -Inf Prob: 0.0 Frac: 0.05159726430612068
Step: 39501 Walker: 37 Trial Log Prob: 203.83239844175898 Prob: 9.653853375727854e-21 Frac: 0.0520429763949355
Step: 39730 Walker: 40 Trial Log Prob: -Inf Prob: 0.0 Frac: 0.05193203617429433
Step: 39812 Walker: 2 Trial Log Prob: 137.20357209228948 Prob: 2.69148591705299e-50 Frac: 0.052081278358650625
Step: 39938 Walker: 47 Trial Log Prob: 168.54030229456615 Prob: 2.7120310262127596e-37 Frac: 0.05211420773183786
Number of steps: 40000 Acceptance Rate: 0.05196
Step: 40076 Walker: 17 Trial Log Prob: 36.64819110631938 Prob: 2.389294844439107e-97 Frac: 0.04512874966817096
Step: 40105 Walker: 13 Trial Log Prob: 253.02388665293205 Prob: 0.006870364776959345 Frac: 0.049107999232687514
Step: 40688 Walker: 49 Trial Log Prob: 254.1007494105836 Prob: 2.7413521184490806e-6 Frac: 0.04622227390331114
Number of steps: 41000 Acceptance Rate: 0.0474
Step: 41206 Walker: 4 Trial Log Prob: -347.18303425818635 Prob: 3.965353545593947e-267 Frac: 0.04827384435342305
Step: 41613 Walker: 21 Trial Log Prob: 216.36119735257537 Prob: 1.1804363106782087e-26 Frac: 0.04990039515365272
Step: 41622 Walker: 44 Trial Log Prob: 257.70273721193416 Prob: 5.195272158982198e-6 Frac: 0.05017045089084711
Step: 41734 Walker: 31 Trial Log Prob: 156.2907293028042 Prob: 1.6794485831186556e-43 Frac: 0.0498078024045146
Step: 41850 Walker: 43 Trial Log Prob: -Inf Prob: 0.0 Frac: 0.049890570211564254
Step: 41983 Walker: 15 Trial Log Prob: NaN Prob: NaN Frac: 0.05026977501781533
Number of steps: 42000 Acceptance Rate: 0.05048
Step: 42262 Walker: 25 Trial Log Prob: 219.99244198204002 Prob: 6.758451566596487e-23 Frac: 0.04695984703632887
Step: 42421 Walker: 8 Trial Log Prob: -Inf Prob: 0.0 Frac: 0.0466012947448591
Step: 42597 Walker: 14 Trial Log Prob: NaN Prob: NaN Frac: 0.04689072247937211
Step: 42644 Walker: 7 Trial Log Prob: NaN Prob: NaN Frac: 0.0464284603663277
Step: 42754 Walker: 3 Trial Log Prob: -112.54314986349837 Prob: 1.2024446101181742e-164 Frac: 0.046397365415770324
Step: 42853 Walker: 45 Trial Log Prob: 167.1157959327404 Prob: 4.289360006405461e-40 Frac: 0.04708641106812053
Step: 42865 Walker: 10 Trial Log Prob: 225.33982532999252 Prob: 3.707113365829602e-15 Frac: 0.047049294144873875
Number of steps: 43000 Acceptance Rate: 0.04716
Step: 43022 Walker: 36 Trial Log Prob: 168.95968030267446 Prob: 9.605359281577454e-44 Frac: 0.03130755064456722
Step: 43264 Walker: 32 Trial Log Prob: 228.80388380720024 Prob: 1.3208832378367033e-16 Frac: 0.045137308450917915
Step: 43527 Walker: 9 Trial Log Prob: 32.57636817910276 Prob: 6.438024376726193e-96 Frac: 0.04523166977080087
Step: 43555 Walker: 3 Trial Log Prob: 229.86726544463852 Prob: 3.0009518815162236e-18 Frac: 0.04454391221167383
Step: 43970 Walker: 32 Trial Log Prob: 232.50725339414288 Prob: 1.0087952302596674e-13 Frac: 0.04418134565405717
Number of steps: 44000 Acceptance Rate: 0.04428
Step: 44048 Walker: 32 Trial Log Prob: 253.0815128827698 Prob: 0.06417963440942392 Frac: 0.038623005877413935
Step: 44093 Walker: 9 Trial Log Prob: 259.9615584639511 Prob: 0.15222677362407064 Frac: 0.03927099153829464
Step: 44184 Walker: 38 Trial Log Prob: -18596.412172073444 Prob: 0.0 Frac: 0.04484109708315194
Step: 44302 Walker: 36 Trial Log Prob: 249.44757628759928 Prob: 3.3084575702476074e-6 Frac: 0.04567148349463079
Step: 44378 Walker: 12 Trial Log Prob: 252.57216209330744 Prob: 0.015110942271657862 Frac: 0.046071466440462304
Step: 44378 Walker: 26 Trial Log Prob: -Inf Prob: 0.0 Frac: 0.046143250688705235
Step: 44514 Walker: 47 Trial Log Prob: -1746.2932002490086 Prob: 0.0 Frac: 0.04451881542592521
Step: 44525 Walker: 49 Trial Log Prob: 267.3970796404732 Prob: 0.9149454584794114 Frac: 0.044725513352889636
Step: 44590 Walker: 27 Trial Log Prob: -495.32007305937026 Prob: 0.0 Frac: 0.04359331003833497
Step: 44858 Walker: 27 Trial Log Prob: 271.4588897108934 Prob: 0.0009453422340038335 Frac: 0.04456934953471558
Step: 44898 Walker: 3 Trial Log Prob: -10215.389785095826 Prob: 0.0 Frac: 0.044434040086504804
Number of steps: 45000 Acceptance Rate: 0.04574
Step: 45193 Walker: 20 Trial Log Prob: -Inf Prob: 0.0 Frac: 0.04604989604989605
Step: 45377 Walker: 14 Trial Log Prob: -350.64242108656083 Prob: 1.4671000838012755e-266 Frac: 0.04618900818539386
Step: 45735 Walker: 40 Trial Log Prob: 263.6577107688921 Prob: 0.0013219350185649957 Frac: 0.043739793140990746
Step: 45750 Walker: 49 Trial Log Prob: -Inf Prob: 0.0 Frac: 0.04338782367529801
Number of steps: 46000 Acceptance Rate: 0.04294
Step: 46228 Walker: 12 Trial Log Prob: NaN Prob: NaN Frac: 0.04066185530716423
Step: 46867 Walker: 18 Trial Log Prob: 273.20139941073387 Prob: 0.03587376192100269 Frac: 0.038852209243270694
Number of steps: 47000 Acceptance Rate: 0.0382
Step: 47384 Walker: 41 Trial Log Prob: NaN Prob: NaN Frac: 0.03381793549059455
Step: 47452 Walker: 8 Trial Log Prob: -Inf Prob: 0.0 Frac: 0.03506516535153826
Step: 47852 Walker: 13 Trial Log Prob: 197.94341260512363 Prob: 5.363867117409281e-26 Frac: 0.0361346709583441
Number of steps: 48000 Acceptance Rate: 0.03678
Step: 48132 Walker: 36 Trial Log Prob: -2281.004032626667 Prob: 0.0 Frac: 0.03583358639538415
Step: 48369 Walker: 28 Trial Log Prob: -204.01476808796866 Prob: 6.548491917809013e-203 Frac: 0.0361406555242023
Step: 48583 Walker: 16 Trial Log Prob: -454.5792617233126 Prob: 3.68039707284431e-305 Frac: 0.0376425333150158
Step: 48941 Walker: 42 Trial Log Prob: 153.87267100500813 Prob: 3.520379519674567e-47 Frac: 0.03724331448492836
Step: 48996 Walker: 18 Trial Log Prob: -Inf Prob: 0.0 Frac: 0.03749397203022022
Number of steps: 49000 Acceptance Rate: 0.03754
Step: 49308 Walker: 12 Trial Log Prob: -224.4645078803207 Prob: 3.030716957184509e-208 Frac: 0.039578179924489
Step: 49441 Walker: 1 Trial Log Prob: -Inf Prob: 0.0 Frac: 0.03945275214762965
Step: 49470 Walker: 49 Trial Log Prob: 264.52882940732354 Prob: 0.25257995371580316 Frac: 0.03932082216264522
Step: 49504 Walker: 22 Trial Log Prob: -12581.465131325478 Prob: 0.0 Frac: 0.03968695375814397
Step: 49615 Walker: 22 Trial Log Prob: -Inf Prob: 0.0 Frac: 0.04023175574506868
Step: 49621 Walker: 10 Trial Log Prob: 237.87987508933998 Prob: 6.0595888726915434e-9 Frac: 0.04037407287971622
Step: 49698 Walker: 29 Trial Log Prob: 215.30502443657457 Prob: 1.2277352351943374e-17 Frac: 0.039995412712520426
Step: 49924 Walker: 23 Trial Log Prob: -Inf Prob: 0.0 Frac: 0.040261624759058326
Number of steps: 50000 Acceptance Rate: 0.04012
Burn-in Number (ends): 50000
Independent Sample Size: 279.09414967954933
2038.063788 seconds (102.56 M allocations: 1.969 TiB, 12.73% gc time)
