args = ["mcmc", "90.0", "25", "ppp"]
Parameters from fit: [4.87149883144098e-6, 224.70079265880892, 2.4335037683760053e6, -0.0116374670487805, 0.015024979344864357, 2.862079579868194e-6, 365.2564167325452, 2.4336244079349153e6, 0.006545331399762003, 0.015564847461289142, 0.0014413028391457364, 4219.676880445539, 2.438782230720801e6, 0.0820516765670908, -0.03857291045890092]
Maximum log Prob from fit: -138.66528433222715
Step: 224 Walker: 42 Trial Log Prob: 418.179952325762 Prob: 0.012415352399828432 Frac: 0.33354181558255896
Step: 253 Walker: 26 Trial Log Prob: -Inf Prob: 0.0 Frac: 0.33145889434500236
Step: 393 Walker: 1 Trial Log Prob: 416.5633972494017 Prob: 0.009387774882494206 Frac: 0.3240650987194531
Step: 408 Walker: 49 Trial Log Prob: 434.4075306289777 Prob: 0.0009913620294588906 Frac: 0.3234962498161675
Step: 870 Walker: 38 Trial Log Prob: 432.8792817663092 Prob: 0.005317791441997635 Frac: 0.3195364238410596
Step: 943 Walker: 34 Trial Log Prob: 415.52505133762156 Prob: 0.20794503903929162 Frac: 0.31819917681503795
Number of steps: 1000 Acceptance Rate: 0.31832
Step: 1073 Walker: 24 Trial Log Prob: 400.42616239734593 Prob: 7.03467445318917e-13 Frac: 0.2958057395143488
Step: 1224 Walker: 33 Trial Log Prob: 429.4846243464777 Prob: 0.2443214677961895 Frac: 0.2894572118393991
Step: 1496 Walker: 33 Trial Log Prob: 397.9168863337129 Prob: 6.6268399924385405e-12 Frac: 0.28765686155832626
Step: 1837 Walker: 26 Trial Log Prob: 424.1777290876688 Prob: 0.3845328549123828 Frac: 0.28647252904891696
Step: 1838 Walker: 35 Trial Log Prob: 412.39057063264283 Prob: 0.0008399380333756865 Frac: 0.2865942461501731
Step: 1954 Walker: 7 Trial Log Prob: 430.28801767091085 Prob: 0.04655242060080831 Frac: 0.2856873072161487
Step: 1995 Walker: 21 Trial Log Prob: 429.2916773127162 Prob: 0.014471626602144747 Frac: 0.28466844995072504
Number of steps: 2000 Acceptance Rate: 0.2845
Step: 2217 Walker: 21 Trial Log Prob: 431.0924405833978 Prob: 3.1385810742325595 Frac: 0.2943350891784493
Step: 2931 Walker: 42 Trial Log Prob: 433.11080562869313 Prob: 0.21715958600318944 Frac: 0.29470155988139746
Step: 2967 Walker: 22 Trial Log Prob: 424.1664247508098 Prob: 1.1076034431943742 Frac: 0.2952692355448864
Step: 2993 Walker: 14 Trial Log Prob: 431.7476136444749 Prob: 0.3853357136670162 Frac: 0.2955012698028782
Step: 2999 Walker: 12 Trial Log Prob: 421.67500288504675 Prob: 0.49961797891911 Frac: 0.2953999038307421
Number of steps: 3000 Acceptance Rate: 0.29538
Step: 3236 Walker: 42 Trial Log Prob: 431.75547058573096 Prob: 0.001004402634748988 Frac: 0.3116519674355495
Step: 3312 Walker: 41 Trial Log Prob: 421.09037198590636 Prob: 0.9546709879133161 Frac: 0.30376499262394974
Step: 3353 Walker: 4 Trial Log Prob: -Inf Prob: 0.0 Frac: 0.3006134969325153
Step: 3382 Walker: 21 Trial Log Prob: 433.691679084841 Prob: 0.00022881494783613755 Frac: 0.29966965549787633
Step: 3884 Walker: 27 Trial Log Prob: 423.06966140945207 Prob: 0.06882722518136379 Frac: 0.2991375602689182
Number of steps: 4000 Acceptance Rate: 0.29894
Step: 4100 Walker: 44 Trial Log Prob: 426.23159756651364 Prob: 0.054072102594769286 Frac: 0.30336403684421304
Step: 4227 Walker: 12 Trial Log Prob: 432.17739610097465 Prob: 0.02273093318871073 Frac: 0.2993281471004243
Step: 4647 Walker: 28 Trial Log Prob: 411.42870769272366 Prob: 0.00043583681383917194 Frac: 0.2951620885919327
Number of steps: 5000 Acceptance Rate: 0.29876
Step: 5005 Walker: 9 Trial Log Prob: 430.04791704394904 Prob: 6.543427833254364e-5 Frac: 0.291866028708134
Step: 5128 Walker: 40 Trial Log Prob: 428.9423279873759 Prob: 1.051312647541293 Frac: 0.2981220657276995
Step: 5189 Walker: 45 Trial Log Prob: 428.1283395768786 Prob: 1.1155779773710153 Frac: 0.29486500794070936
Step: 5259 Walker: 33 Trial Log Prob: 387.997867567165 Prob: 2.1523729238099722e-8 Frac: 0.29281682517590657
Step: 5415 Walker: 18 Trial Log Prob: -Inf Prob: 0.0 Frac: 0.29317501689352254
Step: 5486 Walker: 39 Trial Log Prob: 430.690389768566 Prob: 0.004697781845007554 Frac: 0.29412491251183664
Step: 5606 Walker: 48 Trial Log Prob: 424.24047452887015 Prob: 1.1890118369131115 Frac: 0.2939467951679979
Step: 5842 Walker: 28 Trial Log Prob: 415.4377950792007 Prob: 0.31572548349163515 Frac: 0.2938827891059461
Step: 5844 Walker: 7 Trial Log Prob: 376.6852036289212 Prob: 1.927245888149613e-18 Frac: 0.2937353227222051
Number of steps: 6000 Acceptance Rate: 0.29174
Step: 6112 Walker: 15 Trial Log Prob: 428.55131088428004 Prob: 1.023358953773353 Frac: 0.3004492362982929
Step: 6191 Walker: 26 Trial Log Prob: 414.2411414126305 Prob: 0.008279022878179498 Frac: 0.2985513331933655
Step: 6444 Walker: 30 Trial Log Prob: 425.20408486263716 Prob: 0.9633892162927317 Frac: 0.29445446348061316
Step: 6916 Walker: 28 Trial Log Prob: -Inf Prob: 0.0 Frac: 0.2943990563152606
Number of steps: 7000 Acceptance Rate: 0.29418
Step: 7318 Walker: 50 Trial Log Prob: 426.64996355256187 Prob: 0.5645567103853547 Frac: 0.29540880503144656
Step: 7416 Walker: 32 Trial Log Prob: 431.90709717975204 Prob: 0.014898238764899574 Frac: 0.2945337311134636
Step: 7445 Walker: 10 Trial Log Prob: 433.86870092306555 Prob: 0.005545192242041163 Frac: 0.29572264745610083
Step: 7466 Walker: 18 Trial Log Prob: 431.889865315001 Prob: 0.05654138229645342 Frac: 0.29559910606842016
Step: 7528 Walker: 4 Trial Log Prob: 424.71612671117583 Prob: 0.017670249153989362 Frac: 0.297374212643242
Step: 7664 Walker: 33 Trial Log Prob: 413.0155023099142 Prob: 0.010150466947626002 Frac: 0.2988277129855649
Step: 7961 Walker: 26 Trial Log Prob: 422.86326419285734 Prob: 0.046502806743780704 Frac: 0.2995252571523758
Number of steps: 8000 Acceptance Rate: 0.30006
Step: 8014 Walker: 6 Trial Log Prob: -Inf Prob: 0.0 Frac: 0.29573170731707316
Step: 8068 Walker: 29 Trial Log Prob: 426.01067989104627 Prob: 0.9573157250705859 Frac: 0.2941698727434152
Step: 8084 Walker: 32 Trial Log Prob: 431.2166494002359 Prob: 0.1097605281392272 Frac: 0.29555236728837875
Step: 8259 Walker: 21 Trial Log Prob: 428.49593806104195 Prob: 0.7873490052351036 Frac: 0.2971132265304543
Step: 8278 Walker: 48 Trial Log Prob: 432.2803649331693 Prob: 0.06749837736011818 Frac: 0.2947186645560512
Step: 8299 Walker: 21 Trial Log Prob: 430.00212671794424 Prob: 3.8384057770355517 Frac: 0.29636083372428124
Step: 8461 Walker: 20 Trial Log Prob: 162.68033783947726 Prob: 1.1886499230755068e-109 Frac: 0.29669852302345784
Step: 8476 Walker: 41 Trial Log Prob: 414.89380981780874 Prob: 0.35233379929187447 Frac: 0.2967088394771132
Number of steps: 9000 Acceptance Rate: 0.2917
Step: 9096 Walker: 20 Trial Log Prob: -Inf Prob: 0.0 Frac: 0.29517819706498954
Step: 9319 Walker: 8 Trial Log Prob: 423.1734650793108 Prob: 0.8089502595975064 Frac: 0.29129997485541864
Step: 9593 Walker: 2 Trial Log Prob: 430.18594515750374 Prob: 0.002779194831392056 Frac: 0.2840348625092899
Step: 9843 Walker: 23 Trial Log Prob: 429.3886708014965 Prob: 0.4999963288996117 Frac: 0.2859008142819837
Number of steps: 10000 Acceptance Rate: 0.28928
Step: 10652 Walker: 11 Trial Log Prob: 426.1784875011016 Prob: 0.0794571556976978 Frac: 0.2900709437670833
Step: 10695 Walker: 23 Trial Log Prob: 430.49508835319966 Prob: 0.33775273015059704 Frac: 0.2914494715318377
Number of steps: 11000 Acceptance Rate: 0.28968
Step: 11653 Walker: 10 Trial Log Prob: 424.86961416600207 Prob: 0.892603957749349 Frac: 0.2965961361545538
Number of steps: 12000 Acceptance Rate: 0.2953
Step: 12070 Walker: 7 Trial Log Prob: 425.94810633895315 Prob: 1.005990076480893 Frac: 0.2910037604859705
Step: 12346 Walker: 11 Trial Log Prob: 428.0780161228258 Prob: 0.13460123100948856 Frac: 0.2978969932217137
Step: 12736 Walker: 7 Trial Log Prob: 405.8309665024752 Prob: 2.121753309864021e-5 Frac: 0.29724950349593277
Step: 12793 Walker: 46 Trial Log Prob: -Inf Prob: 0.0 Frac: 0.29788629369923825
Step: 12897 Walker: 44 Trial Log Prob: 419.74408879420616 Prob: 0.1730487671685549 Frac: 0.2979439835875479
Step: 12922 Walker: 42 Trial Log Prob: 419.49190931104096 Prob: 0.37503306728445673 Frac: 0.297817408660939
Number of steps: 13000 Acceptance Rate: 0.2972
Step: 13064 Walker: 26 Trial Log Prob: 424.67747348385126 Prob: 0.5421322905628746 Frac: 0.279911838790932
Step: 13205 Walker: 20 Trial Log Prob: 427.94372074447875 Prob: 0.13851374395038063 Frac: 0.2834637964774951
Step: 13228 Walker: 7 Trial Log Prob: 431.8731640813887 Prob: 0.45183234626403435 Frac: 0.2857268644888615
Step: 13410 Walker: 35 Trial Log Prob: -Inf Prob: 0.0 Frac: 0.288503783256041
Step: 13486 Walker: 36 Trial Log Prob: 431.9703327557252 Prob: 0.0023039721637093604 Frac: 0.2879024952647616
Step: 13506 Walker: 3 Trial Log Prob: 419.6922782913688 Prob: 0.0015431503148546869 Frac: 0.2891933631647725
Step: 13606 Walker: 21 Trial Log Prob: 426.4405011848544 Prob: 1.2171186633293876 Frac: 0.29341614086088996
Step: 13882 Walker: 17 Trial Log Prob: 410.4446975839821 Prob: 0.0016872257188224199 Frac: 0.2946195565842921
Number of steps: 14000 Acceptance Rate: 0.2936
Step: 14051 Walker: 33 Trial Log Prob: 421.1290586507224 Prob: 0.4793397943992403 Frac: 0.2953020134228188
Step: 14514 Walker: 48 Trial Log Prob: 398.8191416126427 Prob: 1.4386663622173933e-12 Frac: 0.29017822398630244
Step: 14584 Walker: 37 Trial Log Prob: 417.96845842384045 Prob: 0.02472642025220754 Frac: 0.2880391955322575
Number of steps: 15000 Acceptance Rate: 0.28694
Step: 15036 Walker: 25 Trial Log Prob: 428.52342726828016 Prob: 0.9243652393003211 Frac: 0.27718309859154927
Step: 15264 Walker: 30 Trial Log Prob: 408.7868986043259 Prob: 1.9514738462326832e-7 Frac: 0.2946130500758725
Step: 15269 Walker: 24 Trial Log Prob: 429.93893846099934 Prob: 0.3534997841327471 Frac: 0.29410011918951134
Step: 15334 Walker: 16 Trial Log Prob: 408.5106359541163 Prob: 0.0009131912370070618 Frac: 0.2952118084723389
Step: 15343 Walker: 10 Trial Log Prob: 396.7213324630757 Prob: 5.044571062150453e-7 Frac: 0.29520748100526006
Step: 15361 Walker: 44 Trial Log Prob: -Inf Prob: 0.0 Frac: 0.2940589669696298
Step: 15362 Walker: 21 Trial Log Prob: 418.46209622705624 Prob: 0.6408977495742855 Frac: 0.29422832162027557
Step: 15832 Walker: 49 Trial Log Prob: 421.431763299985 Prob: 0.2680486560973198 Frac: 0.2917858602370249
Number of steps: 16000 Acceptance Rate: 0.2929
Step: 16164 Walker: 16 Trial Log Prob: 429.18888062863374 Prob: 1.2161117018493768 Frac: 0.2910849865295126
Step: 16393 Walker: 43 Trial Log Prob: 427.8999240256218 Prob: 0.38060520372533463 Frac: 0.3006669042406964
Step: 16470 Walker: 42 Trial Log Prob: 425.9434508426891 Prob: 0.9059741242230015 Frac: 0.299761620977354
Step: 16484 Walker: 45 Trial Log Prob: 422.28887187116686 Prob: 0.08481011767658186 Frac: 0.29935937177102706
Number of steps: 17000 Acceptance Rate: 0.29712
Step: 17381 Walker: 31 Trial Log Prob: 427.9667946579686 Prob: 1.297076507446933 Frac: 0.29509747254479535
Step: 17599 Walker: 47 Trial Log Prob: 415.17997805409107 Prob: 0.002681755730181544 Frac: 0.29819347513941297
Step: 17634 Walker: 36 Trial Log Prob: 401.00361236513794 Prob: 1.4991252145600835e-7 Frac: 0.29804961181594397
Step: 17710 Walker: 14 Trial Log Prob: -Inf Prob: 0.0 Frac: 0.2987536656891496
Step: 17897 Walker: 21 Trial Log Prob: 427.0084017314702 Prob: 0.2202277833329125 Frac: 0.2970259476584637
Number of steps: 18000 Acceptance Rate: 0.29606
Step: 18038 Walker: 40 Trial Log Prob: 433.6093193486942 Prob: 0.34850700058575473 Frac: 0.31375661375661373
Step: 18232 Walker: 48 Trial Log Prob: 388.40200251709234 Prob: 2.7756437037640284e-7 Frac: 0.29875840662183134
Step: 18236 Walker: 19 Trial Log Prob: 422.6426941688537 Prob: 1.132592395787609 Frac: 0.2984110799558161
Step: 18332 Walker: 30 Trial Log Prob: 432.38862316039604 Prob: 0.004515622553784398 Frac: 0.29722557297949337
Step: 18387 Walker: 38 Trial Log Prob: 421.93929322588986 Prob: 0.22479612791322154 Frac: 0.29765229082635225
Step: 18393 Walker: 21 Trial Log Prob: 431.47371160520237 Prob: 0.13437277131662662 Frac: 0.29774221497375264
Step: 18449 Walker: 3 Trial Log Prob: 426.50784708872806 Prob: 0.11009435689887155 Frac: 0.2977726197384279
Step: 18692 Walker: 42 Trial Log Prob: 426.5426528603471 Prob: 0.003271525455094666 Frac: 0.29833487511563367
Step: 18831 Walker: 7 Trial Log Prob: -Inf Prob: 0.0 Frac: 0.2996121136193895
Step: 18840 Walker: 1 Trial Log Prob: 423.84705450861617 Prob: 1.438126651529257 Frac: 0.29923005411074827
Number of steps: 19000 Acceptance Rate: 0.29764
Step: 19065 Walker: 20 Trial Log Prob: 433.2447923969698 Prob: 0.003030760434235926 Frac: 0.2956521739130435
Step: 19156 Walker: 39 Trial Log Prob: 408.552451619731 Prob: 7.112941267570017e-8 Frac: 0.2904095519322121
Step: 19198 Walker: 23 Trial Log Prob: 430.27618370082905 Prob: 0.035504755792186024 Frac: 0.29332523042641545
Step: 19428 Walker: 47 Trial Log Prob: 410.1051062246473 Prob: 0.00022834785577059417 Frac: 0.28747020610365936
Step: 19430 Walker: 48 Trial Log Prob: 423.3115813984273 Prob: 1.4451593877953368 Frac: 0.2879802772350916
Step: 19558 Walker: 13 Trial Log Prob: 427.420958214599 Prob: 1.2807553374454033 Frac: 0.28866238380648174
Step: 19681 Walker: 9 Trial Log Prob: 418.9418615806278 Prob: 0.0688973617862159 Frac: 0.28824722867476255
Step: 19684 Walker: 9 Trial Log Prob: 421.6261205294899 Prob: 1.3183054955414741 Frac: 0.2880646388945812
Step: 19750 Walker: 17 Trial Log Prob: 427.9925012175461 Prob: 0.3458202674470208 Frac: 0.2875597192195799
Number of steps: 20000 Acceptance Rate: 0.28654
Step: 20040 Walker: 28 Trial Log Prob: 433.1839980287128 Prob: 0.2623420556325374 Frac: 0.30080889787664306
Step: 20092 Walker: 30 Trial Log Prob: 430.99751353625726 Prob: 0.001259511820222166 Frac: 0.30807860262008735
Step: 20396 Walker: 19 Trial Log Prob: 430.2866362369554 Prob: 0.0014840646135751954 Frac: 0.29404623400273155
Step: 20400 Walker: 20 Trial Log Prob: 411.9565619216851 Prob: 0.08236638354715498 Frac: 0.2942914371557336
Step: 20615 Walker: 40 Trial Log Prob: 425.10445424167995 Prob: 0.0009989387483919927 Frac: 0.2936239427456083
Step: 20983 Walker: 6 Trial Log Prob: -Inf Prob: 0.0 Frac: 0.2936097421903637
Number of steps: 21000 Acceptance Rate: 0.29374
Step: 21286 Walker: 45 Trial Log Prob: 419.6467953052872 Prob: 2.7606391971066975 Frac: 0.28947184330185377
Step: 21392 Walker: 30 Trial Log Prob: 424.82314851986996 Prob: 0.5904908865255513 Frac: 0.28927477017364656
Step: 21411 Walker: 31 Trial Log Prob: 428.26335726344155 Prob: 0.0037603526204061156 Frac: 0.2883444547269982
Step: 21509 Walker: 28 Trial Log Prob: 426.7670114343223 Prob: 0.952566461879654 Frac: 0.2856300141576215
Number of steps: 22000 Acceptance Rate: 0.2894
Step: 22007 Walker: 37 Trial Log Prob: 413.0441461159831 Prob: 0.030358705971152644 Frac: 0.2789317507418398
Step: 22038 Walker: 34 Trial Log Prob: 429.0663342509561 Prob: 25.719330935044287 Frac: 0.2813163481953291
Step: 22198 Walker: 50 Trial Log Prob: 429.0055807583292 Prob: 1.7268339388054519 Frac: 0.302020202020202
Step: 22389 Walker: 19 Trial Log Prob: 429.2990449973498 Prob: 0.005740787635648485 Frac: 0.2965137236726917
Step: 22476 Walker: 3 Trial Log Prob: 431.023547546052 Prob: 0.0009524381536401903 Frac: 0.2967625142087315
Step: 22539 Walker: 27 Trial Log Prob: 417.59517634906 Prob: 0.1976130112966212 Frac: 0.2975452148401233
Step: 22960 Walker: 9 Trial Log Prob: 416.3706991901022 Prob: 0.0024853995320903845 Frac: 0.30006880877416126
Number of steps: 23000 Acceptance Rate: 0.30022
Step: 23225 Walker: 45 Trial Log Prob: 429.77540468944375 Prob: 0.03937154785738123 Frac: 0.30600266785237884
Step: 23273 Walker: 13 Trial Log Prob: 434.18305504694086 Prob: 0.0586801422754355 Frac: 0.3088959083229266
Step: 23669 Walker: 11 Trial Log Prob: 428.93223467416135 Prob: 0.3340615089389706 Frac: 0.30163718535811557
Step: 23805 Walker: 11 Trial Log Prob: 429.65126915840364 Prob: 0.3273675583627253 Frac: 0.3038969436223919
Number of steps: 24000 Acceptance Rate: 0.30172
Step: 24020 Walker: 15 Trial Log Prob: 431.08685843284377 Prob: 0.38101282711604845 Frac: 0.25181347150259065
Step: 24049 Walker: 9 Trial Log Prob: 418.01199437577094 Prob: 0.014909819161003132 Frac: 0.2806143628061436
Step: 24632 Walker: 10 Trial Log Prob: 413.00301456080854 Prob: 0.025897303545422513 Frac: 0.29426489226869457
Step: 24770 Walker: 35 Trial Log Prob: 428.5245766926464 Prob: 2.4948905544329956e-5 Frac: 0.293153176562297
Step: 24867 Walker: 47 Trial Log Prob: 431.45664310988377 Prob: 0.5469425673345726 Frac: 0.2926154059104436
Step: 24944 Walker: 14 Trial Log Prob: 414.8312664661698 Prob: 0.006344452758171728 Frac: 0.2929140870155203
Step: 24953 Walker: 25 Trial Log Prob: 427.1027725470825 Prob: 0.4795100722020014 Frac: 0.29318635170603674
Number of steps: 25000 Acceptance Rate: 0.29368
Step: 25532 Walker: 7 Trial Log Prob: 431.4402361054402 Prob: 0.059991680698587305 Frac: 0.2966826072222013
Step: 25647 Walker: 17 Trial Log Prob: 425.96428796467643 Prob: 0.0006912352698180489 Frac: 0.29875916700188754
Step: 25912 Walker: 50 Trial Log Prob: 429.5218545531264 Prob: 0.4677820403111348 Frac: 0.29837719298245613
Step: 25921 Walker: 6 Trial Log Prob: 404.09508434936583 Prob: 2.263882922547099e-6 Frac: 0.29843933399991307
Number of steps: 26000 Acceptance Rate: 0.2981
Step: 26146 Walker: 19 Trial Log Prob: -Inf Prob: 0.0 Frac: 0.28628422066308984
Step: 26223 Walker: 44 Trial Log Prob: 418.25085736150174 Prob: 0.013860189675295701 Frac: 0.28311198851399855
Step: 26827 Walker: 32 Trial Log Prob: -Inf Prob: 0.0 Frac: 0.2868479628375109
Number of steps: 27000 Acceptance Rate: 0.28678
Step: 27054 Walker: 35 Trial Log Prob: 426.10477532613925 Prob: 1.3647375481410877 Frac: 0.3065176908752328
Step: 27180 Walker: 48 Trial Log Prob: 416.68290909482437 Prob: 1.1243657790269134e-5 Frac: 0.30162258279617693
Step: 27277 Walker: 8 Trial Log Prob: 410.17204852840655 Prob: 6.120810608538398e-5 Frac: 0.3038818076477404
Step: 27345 Walker: 29 Trial Log Prob: 417.6263845638036 Prob: 0.1811721064849834 Frac: 0.304950954785536
Step: 27708 Walker: 45 Trial Log Prob: 429.6146577394436 Prob: 0.9327770663900953 Frac: 0.2989405283232095
Step: 27747 Walker: 29 Trial Log Prob: 367.93723551021543 Prob: 9.167097329136101e-22 Frac: 0.29925794958343377
Number of steps: 28000 Acceptance Rate: 0.29884
Step: 28116 Walker: 49 Trial Log Prob: 403.01207125183424 Prob: 1.0461431447402848e-7 Frac: 0.302810829453354
Step: 28162 Walker: 48 Trial Log Prob: 419.21213179908267 Prob: 0.2804315368055387 Frac: 0.29377624104717215
Step: 28496 Walker: 19 Trial Log Prob: 428.4835186269625 Prob: 0.8843029261384824 Frac: 0.29238160603980784
Number of steps: 29000 Acceptance Rate: 0.28968
Step: 29078 Walker: 14 Trial Log Prob: 411.6089990764832 Prob: 0.0020924539397074535 Frac: 0.2833850931677019
Step: 29198 Walker: 7 Trial Log Prob: 426.7848492154994 Prob: 0.7891127805458615 Frac: 0.29390281018565484
Step: 29211 Walker: 21 Trial Log Prob: 431.0220170701214 Prob: 0.0007324233109601072 Frac: 0.2955042296359662
Step: 29437 Walker: 6 Trial Log Prob: -Inf Prob: 0.0 Frac: 0.2926258827845547
Step: 29725 Walker: 10 Trial Log Prob: 413.94186589373527 Prob: 0.019312750816186382 Frac: 0.2900027616680475
Step: 29779 Walker: 29 Trial Log Prob: -Inf Prob: 0.0 Frac: 0.2884738883608621
Number of steps: 30000 Acceptance Rate: 0.29014
Step: 30059 Walker: 19 Trial Log Prob: 431.59109667401833 Prob: 0.016321429468780096 Frac: 0.3052415210688592
Step: 30129 Walker: 31 Trial Log Prob: 406.56729260515147 Prob: 5.5823079282045614e-5 Frac: 0.30679521069818066
Step: 30181 Walker: 26 Trial Log Prob: 430.47709301633796 Prob: 0.04402100725022701 Frac: 0.30866385996011525
Number of steps: 31000 Acceptance Rate: 0.3003
Step: 31043 Walker: 41 Trial Log Prob: 406.9741119521878 Prob: 5.65329076347208e-5 Frac: 0.29145259224661374
Step: 31102 Walker: 34 Trial Log Prob: 418.86554366289425 Prob: 0.834046527894023 Frac: 0.29248623131392604
Step: 31167 Walker: 3 Trial Log Prob: 429.19273725216254 Prob: 0.3078967746954905 Frac: 0.2898952185956883
Step: 31378 Walker: 4 Trial Log Prob: 431.45962868287353 Prob: 0.7166169087367782 Frac: 0.294049008168028
Step: 31420 Walker: 31 Trial Log Prob: 430.61871570309256 Prob: 0.4465403419469217 Frac: 0.29421857871407464
Step: 31551 Walker: 3 Trial Log Prob: 429.07094382792224 Prob: 1.0205218466191386 Frac: 0.2955313965749191
Step: 31638 Walker: 2 Trial Log Prob: 431.794781666797 Prob: 0.2598962976236369 Frac: 0.29546025367323875
Step: 31839 Walker: 45 Trial Log Prob: 420.5202833874476 Prob: 1.1479805082939387 Frac: 0.2984622720228871
Step: 31902 Walker: 11 Trial Log Prob: 422.3035162124732 Prob: 0.39247525615708306 Frac: 0.299127848915914
Number of steps: 32000 Acceptance Rate: 0.29956
Step: 32102 Walker: 2 Trial Log Prob: 427.0619874890446 Prob: 0.04135360980380372 Frac: 0.28721298495645287
Step: 32228 Walker: 14 Trial Log Prob: -Inf Prob: 0.0 Frac: 0.29593453009503695
Step: 32252 Walker: 34 Trial Log Prob: 428.4556909404925 Prob: 0.059090965003814416 Frac: 0.2983153210425938
Step: 32291 Walker: 19 Trial Log Prob: 431.09701167010803 Prob: 0.07416327895970644 Frac: 0.29891865830980097
Step: 32613 Walker: 50 Trial Log Prob: -Inf Prob: 0.0 Frac: 0.2973572593800979
Step: 32689 Walker: 25 Trial Log Prob: 430.0458901340503 Prob: 0.0032990114356965827 Frac: 0.2988525780682643
Step: 32849 Walker: 47 Trial Log Prob: 423.4684938298081 Prob: 1.7008268080215856 Frac: 0.2983720875444672
Step: 32865 Walker: 5 Trial Log Prob: -Inf Prob: 0.0 Frac: 0.29834509894688116
Number of steps: 33000 Acceptance Rate: 0.29804
Step: 33135 Walker: 20 Trial Log Prob: -Inf Prob: 0.0 Frac: 0.2857142857142857
Step: 33413 Walker: 31 Trial Log Prob: 424.9248622938867 Prob: 1.4234953506317851 Frac: 0.2900974262032863
Step: 33613 Walker: 21 Trial Log Prob: 421.13756172026604 Prob: 0.09710612872223949 Frac: 0.292511674994285
Step: 33636 Walker: 14 Trial Log Prob: 385.3445168429521 Prob: 5.10672918374472e-13 Frac: 0.29347689207908323
Step: 33954 Walker: 40 Trial Log Prob: -Inf Prob: 0.0 Frac: 0.295386873558398
Number of steps: 34000 Acceptance Rate: 0.29548
Step: 34350 Walker: 6 Trial Log Prob: 418.8786880284298 Prob: 2.1518273079829275 Frac: 0.2885540788267644
Step: 34443 Walker: 19 Trial Log Prob: 419.2652201696867 Prob: 0.8373686466341779 Frac: 0.2867670328676703
Step: 34552 Walker: 24 Trial Log Prob: 412.7754971063004 Prob: 0.011749568705149685 Frac: 0.28875027199535797
Step: 34970 Walker: 32 Trial Log Prob: 427.36145988294834 Prob: 0.054635848125963386 Frac: 0.29070582896745184
Step: 34992 Walker: 4 Trial Log Prob: 386.18058843233547 Prob: 2.5028251031619003e-13 Frac: 0.2907737014166364
Number of steps: 35000 Acceptance Rate: 0.29062
Step: 35097 Walker: 23 Trial Log Prob: 426.1875483797519 Prob: 0.6098908560167816 Frac: 0.29297117976363257
Step: 35392 Walker: 18 Trial Log Prob: 414.44630881920506 Prob: 0.028688747290067165 Frac: 0.29124080130825836
Step: 35695 Walker: 45 Trial Log Prob: 429.5838030252261 Prob: 0.6015159978265112 Frac: 0.2936537631313858
Step: 35731 Walker: 11 Trial Log Prob: 426.72722117819615 Prob: 1.088425550683852 Frac: 0.29273369669414695
Step: 35854 Walker: 34 Trial Log Prob: 429.17452581766395 Prob: 0.7157233120502242 Frac: 0.2904601255739856
Number of steps: 36000 Acceptance Rate: 0.28966
Step: 36046 Walker: 44 Trial Log Prob: 414.5769025878563 Prob: 0.012367729834725734 Frac: 0.2842197035745423
Step: 36661 Walker: 21 Trial Log Prob: 403.1302805870297 Prob: 4.5476840561773395e-7 Frac: 0.2831531449683535
Step: 36732 Walker: 3 Trial Log Prob: 429.95596440336004 Prob: 0.10565969150028058 Frac: 0.28361557190928244
Step: 36750 Walker: 33 Trial Log Prob: 400.54095330337725 Prob: 4.1053112396076464e-8 Frac: 0.283648587359603
Step: 36879 Walker: 3 Trial Log Prob: 395.8364188785349 Prob: 1.0812858010559753e-10 Frac: 0.2833063799740337
Step: 36890 Walker: 41 Trial Log Prob: 429.11937151911013 Prob: 0.006670296201581669 Frac: 0.2834730619675889
Number of steps: 37000 Acceptance Rate: 0.28324
Step: 37178 Walker: 28 Trial Log Prob: 422.7910203523417 Prob: 2.3906844857812737 Frac: 0.2862131110610498
Step: 37328 Walker: 23 Trial Log Prob: 400.2694370169 Prob: 1.6433358955499037e-9 Frac: 0.2868136566298174
Step: 37463 Walker: 47 Trial Log Prob: 417.74142306275604 Prob: 0.007593156516520878 Frac: 0.28392448265433967
Step: 37713 Walker: 30 Trial Log Prob: 427.6294159006189 Prob: 0.7059559835043516 Frac: 0.28607914678641594
Step: 37774 Walker: 35 Trial Log Prob: 426.66671804751144 Prob: 0.10128486604713514 Frac: 0.2873206669251648
Step: 37832 Walker: 15 Trial Log Prob: 419.2633614164364 Prob: 0.005555357829639195 Frac: 0.28783832551425476
Step: 37893 Walker: 17 Trial Log Prob: 422.90989675289086 Prob: 1.0107882705036817 Frac: 0.2880964654728018
Number of steps: 38000 Acceptance Rate: 0.2903
Step: 38054 Walker: 43 Trial Log Prob: 426.1513776727746 Prob: 0.9953058891158416 Frac: 0.2799851466765689
Step: 38071 Walker: 24 Trial Log Prob: 407.45861948281606 Prob: 0.00011024174180547001 Frac: 0.2888762769580023
Step: 38110 Walker: 39 Trial Log Prob: 423.833911509565 Prob: 0.1434239751310899 Frac: 0.29513572599744947
Step: 38238 Walker: 45 Trial Log Prob: 425.19183737448185 Prob: 1.1839941984667335 Frac: 0.30508617065994115
Step: 38443 Walker: 29 Trial Log Prob: 425.9382954002899 Prob: 0.9267277001526232 Frac: 0.30173076054046727
Step: 38747 Walker: 12 Trial Log Prob: 426.4507786482149 Prob: 3.0831887513119973 Frac: 0.29926029159519724
Step: 38899 Walker: 43 Trial Log Prob: -Inf Prob: 0.0 Frac: 0.2984001958035734
Step: 38988 Walker: 19 Trial Log Prob: 432.52454321077687 Prob: 0.06815457314203865 Frac: 0.2969677327877818
Number of steps: 39000 Acceptance Rate: 0.29668
Step: 39064 Walker: 29 Trial Log Prob: -Inf Prob: 0.0 Frac: 0.3067002201950299
Step: 39089 Walker: 39 Trial Log Prob: 325.56569640076816 Prob: 1.0894067696837385e-37 Frac: 0.30389727416084705
Step: 39679 Walker: 30 Trial Log Prob: 401.916685033746 Prob: 4.768077096907776e-7 Frac: 0.29472443265546716
Step: 39783 Walker: 13 Trial Log Prob: 416.9966238527842 Prob: 0.13142586593689579 Frac: 0.29284381152046635
Step: 39937 Walker: 36 Trial Log Prob: 406.2883328088004 Prob: 0.00017969404808447 Frac: 0.29332137671876335
Number of steps: 40000 Acceptance Rate: 0.29376
Step: 40309 Walker: 23 Trial Log Prob: 430.54362153034793 Prob: 0.9007128672890707 Frac: 0.2950139402191532
Step: 40383 Walker: 24 Trial Log Prob: 424.11830633918856 Prob: 0.1000490039704407 Frac: 0.29340096214181133
Step: 40453 Walker: 25 Trial Log Prob: 427.15927800515584 Prob: 3.317044748236895 Frac: 0.29211049723756904
Step: 40513 Walker: 30 Trial Log Prob: 430.8174940931505 Prob: 6.835485000061202 Frac: 0.2919625438938744
Step: 40537 Walker: 50 Trial Log Prob: 425.6272536313345 Prob: 0.5340563132610674 Frac: 0.29202979515828675
Step: 40785 Walker: 1 Trial Log Prob: 417.87830826894606 Prob: 0.13129231265375943 Frac: 0.2956557230682891
Step: 40911 Walker: 9 Trial Log Prob: 432.7075749571411 Prob: 0.0005367311482090294 Frac: 0.29695225120305874
Number of steps: 41000 Acceptance Rate: 0.29508
Step: 41145 Walker: 47 Trial Log Prob: 398.7630395535628 Prob: 5.118894753718482e-10 Frac: 0.29143093693942324
Step: 41414 Walker: 36 Trial Log Prob: 431.0746952731842 Prob: 0.014047369681739209 Frac: 0.2923233104515131
Step: 41422 Walker: 22 Trial Log Prob: 425.4168002656032 Prob: 0.8093914685015239 Frac: 0.2926157934700076
Step: 41686 Walker: 24 Trial Log Prob: 428.8884857870901 Prob: 5.2342224909286346e-5 Frac: 0.2965804983369318
Step: 41725 Walker: 6 Trial Log Prob: 417.780700026362 Prob: 0.014704286677979532 Frac: 0.29594542341048446
Step: 41739 Walker: 12 Trial Log Prob: 418.49821107614565 Prob: 0.34466608837888685 Frac: 0.2961638491547464
Step: 41799 Walker: 29 Trial Log Prob: 421.3417023650873 Prob: 0.46619222297417595 Frac: 0.2966014676049989
Step: 41915 Walker: 13 Trial Log Prob: 419.04351850173686 Prob: 5.562688610619288e-7 Frac: 0.29562706451118936
Number of steps: 42000 Acceptance Rate: 0.29578
Step: 42117 Walker: 21 Trial Log Prob: 428.1424992210104 Prob: 1.1664161399965844 Frac: 0.28534616045353034
Step: 42250 Walker: 10 Trial Log Prob: 418.56049554327524 Prob: 1.4546472988332035 Frac: 0.2877207062600321
Step: 42318 Walker: 34 Trial Log Prob: 431.5002727305003 Prob: 0.0035039956843519733 Frac: 0.2883404683958701
Step: 42590 Walker: 17 Trial Log Prob: 380.19352266083354 Prob: 1.142199673454075e-17 Frac: 0.2898835986018258
Step: 42601 Walker: 30 Trial Log Prob: 294.95033485689476 Prob: 2.354209094122153e-55 Frac: 0.2899433899433899
Step: 42619 Walker: 44 Trial Log Prob: 427.8329483867153 Prob: 0.5153454366951132 Frac: 0.28971690796277144
Step: 42789 Walker: 26 Trial Log Prob: 430.8473481362661 Prob: 0.9391968800600926 Frac: 0.2921168771876427
Step: 42864 Walker: 6 Trial Log Prob: 430.49920370910706 Prob: 0.05917296793707624 Frac: 0.2929372509036982
Step: 42935 Walker: 13 Trial Log Prob: 409.05994755557913 Prob: 1.0165274858820222e-6 Frac: 0.29368698221051953
Number of steps: 43000 Acceptance Rate: 0.29284
Step: 43140 Walker: 37 Trial Log Prob: 422.9363793203305 Prob: 0.6756996092638728 Frac: 0.3004150565335623
Step: 43194 Walker: 27 Trial Log Prob: 430.48952116717913 Prob: 0.0007667081764323705 Frac: 0.2951327890875271
Step: 43263 Walker: 26 Trial Log Prob: 428.94114427302134 Prob: 1.0215769012699054 Frac: 0.29689166539692213
Step: 43311 Walker: 5 Trial Log Prob: 425.8464703189524 Prob: 1.0249848691438528 Frac: 0.29584005159625926
Number of steps: 44000 Acceptance Rate: 0.2923
Step: 44282 Walker: 33 Trial Log Prob: 425.78934518605195 Prob: 1.2265193332636409e-6 Frac: 0.2925513029894199
Step: 44286 Walker: 27 Trial Log Prob: 407.9900595080097 Prob: 1.3145161181027494e-7 Frac: 0.2922882958604749
Step: 44346 Walker: 46 Trial Log Prob: 428.6872708216614 Prob: 0.06663026653533732 Frac: 0.2960800185013876
Step: 44940 Walker: 49 Trial Log Prob: 424.4087379518877 Prob: 1.4925737338189393 Frac: 0.29730419796165874
Number of steps: 45000 Acceptance Rate: 0.29688
Step: 45493 Walker: 9 Trial Log Prob: 424.04217377697915 Prob: 0.6510111591197899 Frac: 0.2924946157909708
Step: 45525 Walker: 38 Trial Log Prob: 408.9347998957617 Prob: 0.009269602259281322 Frac: 0.29327692659501486
Step: 45562 Walker: 42 Trial Log Prob: 422.63181198344625 Prob: 0.1266111842209001 Frac: 0.29453225117471166
Number of steps: 46000 Acceptance Rate: 0.29374
Step: 46219 Walker: 17 Trial Log Prob: -Inf Prob: 0.0 Frac: 0.2967848309975268
Step: 46540 Walker: 24 Trial Log Prob: -Inf Prob: 0.0 Frac: 0.29632238451842513
Step: 46574 Walker: 19 Trial Log Prob: 426.3315705540819 Prob: 0.4033706752585658 Frac: 0.29578987756810493
Step: 46785 Walker: 23 Trial Log Prob: 427.65732278697965 Prob: 1.7970037278054631 Frac: 0.2983708538357596
Step: 46826 Walker: 22 Trial Log Prob: 427.79201133146694 Prob: 0.989894430560158 Frac: 0.29814402015894553
Number of steps: 47000 Acceptance Rate: 0.29744
Step: 47175 Walker: 41 Trial Log Prob: 413.5908806590593 Prob: 0.005783564672508463 Frac: 0.2898981809861572
Step: 47618 Walker: 22 Trial Log Prob: 429.4190522414508 Prob: 2.7165293584897867 Frac: 0.28929126716766
Step: 47688 Walker: 7 Trial Log Prob: 414.5401216494005 Prob: 0.003270076576304957 Frac: 0.289518875338359
Number of steps: 48000 Acceptance Rate: 0.28916
Step: 48206 Walker: 44 Trial Log Prob: 423.4661664415309 Prob: 0.2082238423189107 Frac: 0.28045463376724306
Step: 48246 Walker: 10 Trial Log Prob: 425.96345907556156 Prob: 9.462954489399615e-5 Frac: 0.27846655791190866
Step: 48600 Walker: 39 Trial Log Prob: 429.2943555665092 Prob: 0.058329213906499894 Frac: 0.2791690286438361
Step: 48634 Walker: 10 Trial Log Prob: -Inf Prob: 0.0 Frac: 0.2788060644346178
Step: 48720 Walker: 13 Trial Log Prob: 422.38025696903065 Prob: 0.24198302768993593 Frac: 0.28026026749714983
Number of steps: 49000 Acceptance Rate: 0.28216
Step: 49069 Walker: 39 Trial Log Prob: 426.4716051336848 Prob: 1.916723946691815 Frac: 0.29310846176214017
Step: 49499 Walker: 49 Trial Log Prob: 417.71163378786866 Prob: 0.0017473947796427661 Frac: 0.2935187783077478
Step: 49511 Walker: 45 Trial Log Prob: -Inf Prob: 0.0 Frac: 0.2935603836367195
Step: 49562 Walker: 35 Trial Log Prob: 394.03147651040916 Prob: 7.305326492348616e-11 Frac: 0.2931814135659605
Step: 49566 Walker: 38 Trial Log Prob: 414.5280325529453 Prob: 0.021727318276888185 Frac: 0.29312782805429866
Step: 49691 Walker: 22 Trial Log Prob: 419.61746592778536 Prob: 0.23044209112861844 Frac: 0.2939864434273796
Step: 49908 Walker: 31 Trial Log Prob: 384.43369624997376 Prob: 2.6321048638265213e-8 Frac: 0.29388951323241
Number of steps: 50000 Acceptance Rate: 0.29354
Burn-in Number (ends): 2715
Independent Sample Size: 3846.3987251234553
784.776461 seconds (92.71 M allocations: 329.651 GiB, 5.13% gc time)
