args = ["mcmc", "90.0", "30", "ppp"]
Parameters from fit: [4.098218099361015e-6, 224.70079292626613, 2.433503768349234e6, -0.07056540798626633, -0.043816195887723376, 2.595505719428682e-6, 365.2564702141451, 2.433624407074692e6, -0.03766819541812261, -0.03150908029524235, 0.00033365888113978415, 3919.5996916037197, 2.4403223153211162e6, 0.03053996337060734, 0.22159617158737338]
Maximum log Prob from fit: -170.7204577125748
Step: 147 Walker: 38 Trial Log Prob: 502.64771007311924 Prob: 0.026240532141511983 Frac: 0.34273644044698826
Step: 202 Walker: 32 Trial Log Prob: 510.6518485136554 Prob: 1.1436041148039926 Frac: 0.33723467565959137
Step: 269 Walker: 29 Trial Log Prob: 504.78636379160366 Prob: 2.2144027408431444 Frac: 0.33286171717923896
Step: 558 Walker: 40 Trial Log Prob: 512.2157316622629 Prob: 0.010583369204720703 Frac: 0.3256722839727501
Step: 903 Walker: 45 Trial Log Prob: 466.35177143512715 Prob: 4.416594474535684e-11 Frac: 0.3171336803632739
Step: 960 Walker: 1 Trial Log Prob: 511.38946673852956 Prob: 0.0018679367542600678 Frac: 0.3174490625847219
Number of steps: 1000 Acceptance Rate: 0.31642
Step: 1139 Walker: 6 Trial Log Prob: 511.91300550516206 Prob: 0.00272001350089774 Frac: 0.29959455545902114
Step: 1405 Walker: 42 Trial Log Prob: 509.87773998952906 Prob: 0.9569094587153301 Frac: 0.2921648058492244
Step: 1623 Walker: 19 Trial Log Prob: 509.3815725568924 Prob: 0.5492863007504091 Frac: 0.28654519746778495
Step: 1942 Walker: 35 Trial Log Prob: -Inf Prob: 0.0 Frac: 0.28076882234257194
Step: 1947 Walker: 48 Trial Log Prob: 493.996769138018 Prob: 0.00018166558892017152 Frac: 0.2810678381346625
Number of steps: 2000 Acceptance Rate: 0.28118
Step: 2086 Walker: 21 Trial Log Prob: 509.2753918565785 Prob: 2.8781129716228424 Frac: 0.2767501756029033
Step: 2090 Walker: 21 Trial Log Prob: 504.5605269662073 Prob: 0.46703735903369487 Frac: 0.27779020353388506
Step: 2184 Walker: 23 Trial Log Prob: 502.67383366521705 Prob: 0.08687153381993051 Frac: 0.2791889240161343
Number of steps: 3000 Acceptance Rate: 0.2698
Step: 3357 Walker: 16 Trial Log Prob: 503.39282719705466 Prob: 1.3909729006866458e-7 Frac: 0.25937359676695104
Number of steps: 4000 Acceptance Rate: 0.26172
Step: 4757 Walker: 30 Trial Log Prob: 508.5551856881475 Prob: 0.00653367445401578 Frac: 0.2846418186624372
Step: 4916 Walker: 44 Trial Log Prob: 488.6465400622536 Prob: 1.9243294257021765e-8 Frac: 0.2851465257457309
Number of steps: 5000 Acceptance Rate: 0.28424
Step: 5002 Walker: 28 Trial Log Prob: 463.09360918510964 Prob: 7.785447954011717e-15 Frac: 0.23076923076923078
Step: 5205 Walker: 23 Trial Log Prob: 507.1468126246642 Prob: 0.45754908305381176 Frac: 0.28367406827741365
Step: 5397 Walker: 34 Trial Log Prob: 513.6225000758199 Prob: 0.1815427433480904 Frac: 0.27417565796107696
Step: 5426 Walker: 4 Trial Log Prob: 504.88906691284035 Prob: 0.0005945463800235745 Frac: 0.2730309588783288
Step: 5851 Walker: 34 Trial Log Prob: 502.8393603407591 Prob: 0.08237098945037313 Frac: 0.2683735364649457
Number of steps: 6000 Acceptance Rate: 0.26674
Step: 6077 Walker: 14 Trial Log Prob: 513.1380615138193 Prob: 0.7685409478310268 Frac: 0.27818563188253803
Step: 6180 Walker: 23 Trial Log Prob: -Inf Prob: 0.0 Frac: 0.2751588097626212
Step: 6536 Walker: 13 Trial Log Prob: 497.5015394463184 Prob: 0.006874393811207857 Frac: 0.2829652878974704
Step: 6619 Walker: 12 Trial Log Prob: -Inf Prob: 0.0 Frac: 0.281541149068323
Number of steps: 7000 Acceptance Rate: 0.28356
Step: 7093 Walker: 45 Trial Log Prob: 513.1860610281291 Prob: 1.0254260258907832 Frac: 0.27728740581270184
Step: 7484 Walker: 29 Trial Log Prob: 506.09374058933105 Prob: 1.6351206077476392 Frac: 0.2855370362711444
Step: 7580 Walker: 24 Trial Log Prob: -Inf Prob: 0.0 Frac: 0.2834610340305101
Step: 7919 Walker: 8 Trial Log Prob: -Inf Prob: 0.0 Frac: 0.275311492550318
Step: 7986 Walker: 25 Trial Log Prob: 501.6686072741703 Prob: 0.0037597699971048068 Frac: 0.2734652460679858
Number of steps: 8000 Acceptance Rate: 0.27296
Step: 8337 Walker: 31 Trial Log Prob: 510.9998529820146 Prob: 0.00018441972966838128 Frac: 0.26760144970589983
Step: 8898 Walker: 43 Trial Log Prob: 501.2490774145291 Prob: 0.2201655282189068 Frac: 0.26999754972935647
Step: 8958 Walker: 8 Trial Log Prob: 499.3423230775338 Prob: 0.05461396845277109 Frac: 0.2692966693133854
Number of steps: 9000 Acceptance Rate: 0.26908
Step: 9070 Walker: 11 Trial Log Prob: 507.4449329102815 Prob: 1.348430813445922 Frac: 0.27968795145911585
Step: 9132 Walker: 49 Trial Log Prob: -Inf Prob: 0.0 Frac: 0.2764055159872708
Step: 9141 Walker: 6 Trial Log Prob: 505.36253010618606 Prob: 0.15386310083039523 Frac: 0.2747644875820725
Step: 9336 Walker: 34 Trial Log Prob: 509.4802624129269 Prob: 0.026677436913099335 Frac: 0.27043612964728314
Step: 9404 Walker: 20 Trial Log Prob: 513.8631763430461 Prob: 0.7004021063663158 Frac: 0.2736737729300942
Step: 9527 Walker: 30 Trial Log Prob: 513.628359146681 Prob: 0.9448898476392709 Frac: 0.27219901253323203
Step: 9656 Walker: 15 Trial Log Prob: 502.59271308779137 Prob: 0.00023174333678243456 Frac: 0.27511063634976346
Step: 9656 Walker: 16 Trial Log Prob: 458.6989173236816 Prob: 5.843840819218104e-20 Frac: 0.2751022401269609
Step: 9814 Walker: 36 Trial Log Prob: -Inf Prob: 0.0 Frac: 0.2737551000344099
Step: 9928 Walker: 2 Trial Log Prob: 503.5540712992455 Prob: 0.6981199455266629 Frac: 0.27351570590265795
Number of steps: 10000 Acceptance Rate: 0.27314
Step: 10511 Walker: 17 Trial Log Prob: 469.99694966585815 Prob: 3.441032319010552e-15 Frac: 0.2765999137829682
Step: 10699 Walker: 36 Trial Log Prob: 512.4428600728575 Prob: 0.026209200632621492 Frac: 0.27232653995878175
Number of steps: 11000 Acceptance Rate: 0.27402
Step: 11077 Walker: 37 Trial Log Prob: 507.0091581085102 Prob: 1.4166085076167276 Frac: 0.291373468855877
Step: 11117 Walker: 20 Trial Log Prob: 515.3536205478988 Prob: 0.00023605004287680418 Frac: 0.29106529209621995
Step: 11561 Walker: 46 Trial Log Prob: 496.3956475911097 Prob: 0.019599900958929228 Frac: 0.2867788632960137
Step: 11576 Walker: 31 Trial Log Prob: -Inf Prob: 0.0 Frac: 0.28720336332997465
Step: 11771 Walker: 29 Trial Log Prob: 509.5286071868107 Prob: 1.638727048843232 Frac: 0.28147629058631163
Step: 11958 Walker: 34 Trial Log Prob: 500.64418823751504 Prob: 0.045184119489402624 Frac: 0.2803650488680979
Number of steps: 12000 Acceptance Rate: 0.27906
Step: 12709 Walker: 21 Trial Log Prob: 513.362495889626 Prob: 0.14198491017286888 Frac: 0.27624855311820673
Step: 12850 Walker: 12 Trial Log Prob: 512.1209865392556 Prob: 12.416216717099761 Frac: 0.2759408412227403
Number of steps: 13000 Acceptance Rate: 0.2774
Step: 13064 Walker: 11 Trial Log Prob: -Inf Prob: 0.0 Frac: 0.27048402404302435
Step: 13170 Walker: 19 Trial Log Prob: 494.0584953286058 Prob: 7.820574586905456e-6 Frac: 0.2721690872594167
Step: 13223 Walker: 15 Trial Log Prob: 512.2131989329654 Prob: 0.016681791766605038 Frac: 0.27800269905533065
Step: 13400 Walker: 46 Trial Log Prob: 475.4390568719533 Prob: 1.9346065096851722e-12 Frac: 0.27655531106221243
Step: 13598 Walker: 12 Trial Log Prob: 510.9805668770565 Prob: 0.004673433479107978 Frac: 0.2766726943942134
Step: 13817 Walker: 50 Trial Log Prob: 500.0934156704466 Prob: 0.00016441189069968655 Frac: 0.2751285189718482
Step: 13872 Walker: 26 Trial Log Prob: 513.3841641725128 Prob: 0.5289126199617401 Frac: 0.2742564714521755
Number of steps: 14000 Acceptance Rate: 0.2731
Step: 14015 Walker: 38 Trial Log Prob: 517.0320930539721 Prob: 0.006043611166745388 Frac: 0.23306233062330622
Step: 14040 Walker: 28 Trial Log Prob: 497.04224480516393 Prob: 0.3639633327059301 Frac: 0.23559150657229525
Step: 14150 Walker: 20 Trial Log Prob: 451.987868539551 Prob: 8.001733674133324e-21 Frac: 0.25127175368139226
Step: 14394 Walker: 46 Trial Log Prob: 513.5724517442013 Prob: 0.0021929729686953853 Frac: 0.2617790414297319
Step: 14396 Walker: 9 Trial Log Prob: 509.35461938337113 Prob: 0.14292255447869534 Frac: 0.26160230780909965
Step: 14579 Walker: 35 Trial Log Prob: 508.91751357250826 Prob: 0.7167152401099437 Frac: 0.26573354069466043
Number of steps: 15000 Acceptance Rate: 0.2657
Step: 15343 Walker: 12 Trial Log Prob: -Inf Prob: 0.0 Frac: 0.27238195418419825
Step: 15553 Walker: 22 Trial Log Prob: 512.6071410878194 Prob: 0.24298737901723672 Frac: 0.2713416841647962
Step: 15652 Walker: 33 Trial Log Prob: 506.2461835944603 Prob: 0.9541184235727533 Frac: 0.2708160697296136
Step: 15985 Walker: 49 Trial Log Prob: 504.9247495941046 Prob: 0.014682115659456374 Frac: 0.27300046701455866
Step: 15997 Walker: 20 Trial Log Prob: 285.8516677586085 Prob: 1.471244694504659e-92 Frac: 0.2728221597751907
Number of steps: 16000 Acceptance Rate: 0.27304
Step: 16211 Walker: 23 Trial Log Prob: -Inf Prob: 0.0 Frac: 0.2682695048940416
Step: 16373 Walker: 20 Trial Log Prob: 513.9605958115857 Prob: 0.0914342373937605 Frac: 0.27089151450053706
Step: 16688 Walker: 14 Trial Log Prob: 509.8196808904882 Prob: 0.02898564521489508 Frac: 0.26961354906297286
Step: 16815 Walker: 30 Trial Log Prob: 514.0151045442964 Prob: 1.0640843441598888 Frac: 0.2703903756444881
Step: 16840 Walker: 44 Trial Log Prob: 515.2293903584896 Prob: 0.10419656352338663 Frac: 0.27032433204743533
Step: 16973 Walker: 16 Trial Log Prob: -Inf Prob: 0.0 Frac: 0.26991114036531183
Step: 16989 Walker: 31 Trial Log Prob: 515.2133444093407 Prob: 0.00038152363461822384 Frac: 0.27007343569824604
Number of steps: 17000 Acceptance Rate: 0.27006
Step: 17327 Walker: 8 Trial Log Prob: 508.25302597015684 Prob: 3.524533294529223 Frac: 0.2671081677704194
Step: 17943 Walker: 20 Trial Log Prob: 514.7729566812909 Prob: 0.029023542876292642 Frac: 0.26825127334465193
Number of steps: 18000 Acceptance Rate: 0.2698
Step: 18011 Walker: 10 Trial Log Prob: 488.09804080584274 Prob: 3.6254321811559547e-6 Frac: 0.29215686274509806
Step: 18140 Walker: 2 Trial Log Prob: 510.11495561647075 Prob: 7.822697981456878 Frac: 0.27876869965477563
Step: 18170 Walker: 46 Trial Log Prob: -Inf Prob: 0.0 Frac: 0.2767184557438795
Step: 18189 Walker: 44 Trial Log Prob: 505.3872463646801 Prob: 0.24029758814297755 Frac: 0.2776365946632783
Step: 18191 Walker: 3 Trial Log Prob: 506.6488411377276 Prob: 0.37880040478343396 Frac: 0.27738608860359887
Step: 18703 Walker: 22 Trial Log Prob: 510.5360292795873 Prob: 3.320659839554985 Frac: 0.2743579522806218
Step: 18860 Walker: 13 Trial Log Prob: -Inf Prob: 0.0 Frac: 0.27402648790820006
Number of steps: 19000 Acceptance Rate: 0.2732
Step: 19030 Walker: 5 Trial Log Prob: 516.1985695959996 Prob: 0.000862673354981565 Frac: 0.2893470790378007
Step: 19087 Walker: 40 Trial Log Prob: 514.7457741354629 Prob: 0.8969984663146452 Frac: 0.27788018433179723
Step: 19123 Walker: 9 Trial Log Prob: 506.6086618972007 Prob: 1.521233056509803 Frac: 0.27238500572925195
Step: 19218 Walker: 40 Trial Log Prob: 500.06540149024687 Prob: 0.058074211273885984 Frac: 0.2726354453627181
Step: 19478 Walker: 50 Trial Log Prob: 383.84593072658606 Prob: 3.054100637599273e-48 Frac: 0.2706276150627615
Step: 19672 Walker: 49 Trial Log Prob: 514.6446380340523 Prob: 0.6988619801745871 Frac: 0.2736688591922379
Step: 19974 Walker: 24 Trial Log Prob: 514.0365360530184 Prob: 0.07419776188074162 Frac: 0.2736573940913013
Step: 20000 Walker: 25 Trial Log Prob: 512.4779983866586 Prob: 0.4561355916321273 Frac: 0.2736968484242121
Number of steps: 20000 Acceptance Rate: 0.27374
Step: 20086 Walker: 39 Trial Log Prob: 500.325750358262 Prob: 0.009806381816356005 Frac: 0.2648636045698298
Step: 20098 Walker: 49 Trial Log Prob: 431.9581617654492 Prob: 2.2099904591535345e-30 Frac: 0.26536027760767505
Step: 20661 Walker: 19 Trial Log Prob: 507.63626947212515 Prob: 1.3000869592615685 Frac: 0.2653926527151034
Number of steps: 21000 Acceptance Rate: 0.26756
Step: 21079 Walker: 14 Trial Log Prob: 509.5485837677409 Prob: 1.2780788700924297 Frac: 0.26673479816044965
Step: 21145 Walker: 20 Trial Log Prob: 513.1230281043274 Prob: 0.24981657956285658 Frac: 0.27049861495844874
Step: 21174 Walker: 6 Trial Log Prob: -Inf Prob: 0.0 Frac: 0.2704482439926063
Step: 21670 Walker: 32 Trial Log Prob: 515.4328737386544 Prob: 0.6510571521978332 Frac: 0.26417179379965355
Step: 21760 Walker: 38 Trial Log Prob: 510.8252331419145 Prob: 0.008236422444958572 Frac: 0.26529430346425187
Step: 21777 Walker: 35 Trial Log Prob: 512.950395807409 Prob: 0.03766644185227092 Frac: 0.2654049182438522
Number of steps: 22000 Acceptance Rate: 0.26522
Step: 22233 Walker: 47 Trial Log Prob: 500.94610999424555 Prob: 0.013766815563425721 Frac: 0.26092556023010216
Step: 22421 Walker: 28 Trial Log Prob: 515.5279456885007 Prob: 0.23684676360070617 Frac: 0.2609377972227506
Step: 22621 Walker: 11 Trial Log Prob: 510.120519425667 Prob: 2.9690635068534665 Frac: 0.26522846731804844
Step: 22717 Walker: 12 Trial Log Prob: -Inf Prob: 0.0 Frac: 0.2674801742432704
Number of steps: 23000 Acceptance Rate: 0.27084
Step: 23257 Walker: 7 Trial Log Prob: 516.3130946383804 Prob: 0.0003151685295285528 Frac: 0.26907160146794723
Step: 23265 Walker: 17 Trial Log Prob: 511.0855631161706 Prob: 0.9663547485669614 Frac: 0.26882045850041614
Step: 23439 Walker: 32 Trial Log Prob: 511.41839830159734 Prob: 2.296493011647862 Frac: 0.2692412912639066
Step: 23539 Walker: 27 Trial Log Prob: 483.21463518397155 Prob: 1.492642431747053e-6 Frac: 0.2702120548148698
Step: 23762 Walker: 26 Trial Log Prob: 509.82850035775556 Prob: 0.00025402650364965266 Frac: 0.2708005042546486
Number of steps: 24000 Acceptance Rate: 0.2708
Step: 24170 Walker: 33 Trial Log Prob: 509.93724066620683 Prob: 2.375058679328434 Frac: 0.2707768478132736
Step: 24226 Walker: 28 Trial Log Prob: 515.2372092431254 Prob: 0.8923783740709624 Frac: 0.26857598865046994
Step: 24309 Walker: 11 Trial Log Prob: 511.0755805773335 Prob: 0.6056691023356852 Frac: 0.2700668353773279
Step: 24387 Walker: 14 Trial Log Prob: -Inf Prob: 0.0 Frac: 0.27089158123640883
Step: 24412 Walker: 7 Trial Log Prob: -Inf Prob: 0.0 Frac: 0.27270516125893857
Step: 24726 Walker: 32 Trial Log Prob: 516.5142574706733 Prob: 0.005562487096561019 Frac: 0.2728350146077945
Step: 24853 Walker: 16 Trial Log Prob: 504.2249511425455 Prob: 1.1381619149005008e-5 Frac: 0.2718462549277267
Number of steps: 25000 Acceptance Rate: 0.27034
Step: 25021 Walker: 13 Trial Log Prob: 514.790513915278 Prob: 0.09664803688825714 Frac: 0.25765054294175715
Step: 25055 Walker: 35 Trial Log Prob: 512.6615622929926 Prob: 0.1710566996390683 Frac: 0.26215722120658136
Step: 25180 Walker: 21 Trial Log Prob: 510.45296903050604 Prob: 2.2770203985804702e-5 Frac: 0.2605060751309776
Step: 25240 Walker: 45 Trial Log Prob: 507.3310910651331 Prob: 0.000868018541570749 Frac: 0.26194247603167986
Step: 25290 Walker: 19 Trial Log Prob: 517.6293220898092 Prob: 1.4137472745159645 Frac: 0.26173197871311077
Step: 25411 Walker: 1 Trial Log Prob: 513.788654239127 Prob: 2.1120762957225905 Frac: 0.261060436076289
Step: 25454 Walker: 20 Trial Log Prob: -Inf Prob: 0.0 Frac: 0.2623731804146449
Step: 25736 Walker: 19 Trial Log Prob: 496.4467325741206 Prob: 0.0015171282737684551 Frac: 0.2643803203785798
Step: 25910 Walker: 42 Trial Log Prob: 513.4322189908451 Prob: 0.03760579671409893 Frac: 0.2644420997098391
Number of steps: 26000 Acceptance Rate: 0.26526
Step: 26001 Walker: 41 Trial Log Prob: 512.423961490792 Prob: 0.005588152024050109 Frac: 0.36585365853658536
Step: 26221 Walker: 17 Trial Log Prob: 494.22421833720887 Prob: 0.0011385321497966983 Frac: 0.2731233548152855
Step: 26292 Walker: 16 Trial Log Prob: 510.40626508349345 Prob: 2.536585350283959 Frac: 0.27152272415213513
Number of steps: 27000 Acceptance Rate: 0.27386
Step: 27141 Walker: 9 Trial Log Prob: -Inf Prob: 0.0 Frac: 0.2804965044942217
Step: 27354 Walker: 9 Trial Log Prob: 507.6322872481819 Prob: 0.8572821833619864 Frac: 0.2765162240217453
Number of steps: 28000 Acceptance Rate: 0.2679
Step: 28749 Walker: 31 Trial Log Prob: 515.335607778208 Prob: 0.04786204479012485 Frac: 0.2565787716064225
Step: 28819 Walker: 42 Trial Log Prob: 494.35841273011704 Prob: 7.675352266784768e-6 Frac: 0.2577548727468126
Step: 28832 Walker: 11 Trial Log Prob: 515.6655745696509 Prob: 0.001777223757259588 Frac: 0.25788599889319314
Number of steps: 29000 Acceptance Rate: 0.2589
Step: 29393 Walker: 34 Trial Log Prob: 450.9495864544314 Prob: 8.276571340843721e-23 Frac: 0.2652541509626159
Step: 29545 Walker: 10 Trial Log Prob: -Inf Prob: 0.0 Frac: 0.26545387725101066
Step: 29583 Walker: 29 Trial Log Prob: 470.76459892162904 Prob: 2.665369784199742e-12 Frac: 0.2656802499227574
Step: 29666 Walker: 24 Trial Log Prob: 511.6869940316914 Prob: 0.05201140307869741 Frac: 0.26558273727234477
Number of steps: 30000 Acceptance Rate: 0.26592
Step: 30009 Walker: 3 Trial Log Prob: 509.2459395360351 Prob: 1.2641292745061499 Frac: 0.2531017369727047
Step: 30067 Walker: 10 Trial Log Prob: -Inf Prob: 0.0 Frac: 0.2528700906344411
Step: 30217 Walker: 5 Trial Log Prob: -Inf Prob: 0.0 Frac: 0.2624710782045349
Step: 30321 Walker: 34 Trial Log Prob: 496.8623912417265 Prob: 0.003352727753973245 Frac: 0.2646875389796682
Step: 30332 Walker: 11 Trial Log Prob: 515.3100330661388 Prob: 0.15793044584176721 Frac: 0.26326912626049154
Step: 30560 Walker: 26 Trial Log Prob: -Inf Prob: 0.0 Frac: 0.26597798112668003
Number of steps: 31000 Acceptance Rate: 0.2646
Step: 31680 Walker: 37 Trial Log Prob: 496.84409857893905 Prob: 1.2737534389917733 Frac: 0.26777885662164946
Step: 31764 Walker: 43 Trial Log Prob: 505.27016686042816 Prob: 0.2724971919704293 Frac: 0.26727410782080485
Step: 31812 Walker: 9 Trial Log Prob: 498.2680651893679 Prob: 0.003118712435174538 Frac: 0.26859636578811114
Number of steps: 32000 Acceptance Rate: 0.2699
Step: 32177 Walker: 8 Trial Log Prob: 499.17346682310995 Prob: 0.02934021536565736 Frac: 0.282811080835604
Step: 32757 Walker: 18 Trial Log Prob: -Inf Prob: 0.0 Frac: 0.27494843725210216
Number of steps: 33000 Acceptance Rate: 0.27186
Step: 33217 Walker: 4 Trial Log Prob: 506.33663712031904 Prob: 0.3465694750706913 Frac: 0.28239540910773786
Step: 33884 Walker: 32 Trial Log Prob: 508.61803932078874 Prob: 0.9184842582847601 Frac: 0.27316554252863157
Number of steps: 34000 Acceptance Rate: 0.2711
Step: 34075 Walker: 4 Trial Log Prob: 512.6990353002934 Prob: 0.003267665494671453 Frac: 0.26214902807775375
Step: 34313 Walker: 35 Trial Log Prob: 503.8094298461823 Prob: 1.0137416060812743 Frac: 0.2686280780300608
Step: 34332 Walker: 30 Trial Log Prob: -Inf Prob: 0.0 Frac: 0.26917973462002415
Number of steps: 35000 Acceptance Rate: 0.28118
Step: 35127 Walker: 12 Trial Log Prob: -Inf Prob: 0.0 Frac: 0.2777249683143219
Step: 35148 Walker: 1 Trial Log Prob: 477.8140161471218 Prob: 1.719796035003758e-13 Frac: 0.2802339817711876
Step: 35256 Walker: 36 Trial Log Prob: 482.7851785970053 Prob: 5.604356141218335e-8 Frac: 0.27444079461911464
Step: 35361 Walker: 30 Trial Log Prob: 512.6990298496814 Prob: 0.43093552361118026 Frac: 0.27520798668885194
Step: 35413 Walker: 13 Trial Log Prob: 514.9473246889701 Prob: 0.278287914031586 Frac: 0.2755542618735749
Step: 35616 Walker: 5 Trial Log Prob: 512.0042500281197 Prob: 0.00012206812520179279 Frac: 0.27875142253292146
Step: 35657 Walker: 47 Trial Log Prob: 513.7652214495141 Prob: 1.0197658413512631 Frac: 0.27816847809541206
Step: 35824 Walker: 25 Trial Log Prob: 506.00287157912464 Prob: 0.8191485420264727 Frac: 0.27679417122040073
Step: 35979 Walker: 4 Trial Log Prob: 512.2593348858679 Prob: 0.08928969564175829 Frac: 0.27402666448552265
Number of steps: 36000 Acceptance Rate: 0.27302
Step: 36118 Walker: 13 Trial Log Prob: 502.86748684633113 Prob: 0.23135717237626915 Frac: 0.2807436465973051
Step: 36188 Walker: 45 Trial Log Prob: 514.3097492447758 Prob: 0.012939077621117519 Frac: 0.2768493879723257
Step: 36346 Walker: 47 Trial Log Prob: 497.792111263325 Prob: 0.1030937284958594 Frac: 0.26831242411978956
Step: 36594 Walker: 6 Trial Log Prob: 461.27883983882356 Prob: 2.6667284822949935e-16 Frac: 0.26615187483140007
Step: 36697 Walker: 2 Trial Log Prob: 503.2365177200392 Prob: 0.11728385816975641 Frac: 0.263059594276191
Number of steps: 37000 Acceptance Rate: 0.2639
Step: 37077 Walker: 21 Trial Log Prob: 444.068774913492 Prob: 2.8846108697420166e-25 Frac: 0.2640669981680188
Step: 37451 Walker: 36 Trial Log Prob: 511.86813864588305 Prob: 0.20981182469400322 Frac: 0.2723198438054668
Step: 37506 Walker: 47 Trial Log Prob: 486.52097191312197 Prob: 3.0877033300244115e-9 Frac: 0.26758113610309525
Step: 37571 Walker: 29 Trial Log Prob: -Inf Prob: 0.0 Frac: 0.26688632619439867
Step: 37776 Walker: 22 Trial Log Prob: 514.4659581408539 Prob: 0.0008413466518174272 Frac: 0.26704838543278653
Step: 37932 Walker: 16 Trial Log Prob: -Inf Prob: 0.0 Frac: 0.26774900141734315
Number of steps: 38000 Acceptance Rate: 0.26706
Step: 38569 Walker: 43 Trial Log Prob: 484.86798086902235 Prob: 3.1506022594940674e-8 Frac: 0.2679042295116549
Step: 38609 Walker: 35 Trial Log Prob: 505.4893851351544 Prob: 0.8426936278441672 Frac: 0.2675538031871201
Step: 38710 Walker: 34 Trial Log Prob: 515.054433448511 Prob: 0.02029854454056665 Frac: 0.267331755157254
Step: 38918 Walker: 40 Trial Log Prob: 457.0240538738824 Prob: 5.0617817297337575e-20 Frac: 0.26814120723469165
Number of steps: 39000 Acceptance Rate: 0.26916
Step: 39211 Walker: 30 Trial Log Prob: 506.7944717805412 Prob: 0.9171677105406605 Frac: 0.2754036087369421
Step: 39237 Walker: 49 Trial Log Prob: -Inf Prob: 0.0 Frac: 0.2769853996117816
Step: 39791 Walker: 36 Trial Log Prob: -Inf Prob: 0.0 Frac: 0.2731181707810603
Step: 39943 Walker: 27 Trial Log Prob: 485.35603041946274 Prob: 4.050302495134951e-7 Frac: 0.2754471958749761
Step: 39950 Walker: 22 Trial Log Prob: 512.4896761681968 Prob: 0.004965771354399685 Frac: 0.2755729693292888
Number of steps: 40000 Acceptance Rate: 0.2756
Step: 40125 Walker: 46 Trial Log Prob: 513.6084440798552 Prob: 0.8094403769718345 Frac: 0.2774575728466218
Step: 40355 Walker: 6 Trial Log Prob: -Inf Prob: 0.0 Frac: 0.27736360555743816
Step: 40815 Walker: 33 Trial Log Prob: 512.1220907540412 Prob: 0.005543038496466125 Frac: 0.2741020793950851
Step: 40844 Walker: 37 Trial Log Prob: -Inf Prob: 0.0 Frac: 0.2730224950814232
Step: 40961 Walker: 3 Trial Log Prob: 509.96483691040595 Prob: 0.06187631201870461 Frac: 0.27035810261858634
Step: 40964 Walker: 37 Trial Log Prob: -Inf Prob: 0.0 Frac: 0.2700935937078465
Number of steps: 41000 Acceptance Rate: 0.2693
Step: 41146 Walker: 48 Trial Log Prob: 510.3834242523006 Prob: 0.9352561592033403 Frac: 0.2558235132913127
Step: 41181 Walker: 3 Trial Log Prob: 504.46457425690147 Prob: 0.0706380328394916 Frac: 0.2575808063978674
Step: 41209 Walker: 11 Trial Log Prob: 505.25927678455855 Prob: 0.01695661851103127 Frac: 0.25790029776198253
Step: 41594 Walker: 42 Trial Log Prob: 514.6162005952567 Prob: 0.847656707533077 Frac: 0.2622255152903139
Step: 41637 Walker: 7 Trial Log Prob: 510.07978398760787 Prob: 0.14765979483214234 Frac: 0.26270946646964505
Step: 41671 Walker: 34 Trial Log Prob: -Inf Prob: 0.0 Frac: 0.26346394703882625
Number of steps: 42000 Acceptance Rate: 0.27068
Step: 42141 Walker: 3 Trial Log Prob: 493.9638069120368 Prob: 0.0008096183055180974 Frac: 0.2765957446808511
Number of steps: 43000 Acceptance Rate: 0.27862
Step: 43066 Walker: 8 Trial Log Prob: 508.6156783248651 Prob: 0.6644276819451904 Frac: 0.28790669122160834
Step: 43071 Walker: 10 Trial Log Prob: 503.8896872565047 Prob: 6.944120891092502 Frac: 0.28774928774928776
Step: 43072 Walker: 43 Trial Log Prob: 511.0268808655905 Prob: 0.5684011198006184 Frac: 0.2897300306150849
Step: 43254 Walker: 9 Trial Log Prob: 497.2552104056393 Prob: 0.0014401135584638162 Frac: 0.28153882613160597
Step: 43274 Walker: 20 Trial Log Prob: 502.58152028952486 Prob: 0.008401513252215274 Frac: 0.28200438917337234
Step: 43555 Walker: 46 Trial Log Prob: 488.1315354421179 Prob: 2.0347818188307663e-5 Frac: 0.27531896489584085
Step: 43639 Walker: 29 Trial Log Prob: 511.32362731198907 Prob: 0.0007083305182414364 Frac: 0.274734567321244
Step: 43710 Walker: 22 Trial Log Prob: 488.78381413111214 Prob: 8.694822759984862e-8 Frac: 0.2750620207487596
Step: 43892 Walker: 12 Trial Log Prob: 504.07788152293864 Prob: 0.00854883103292861 Frac: 0.2755486737579103
Step: 43899 Walker: 23 Trial Log Prob: 508.5124887512928 Prob: 0.0007924810758366763 Frac: 0.2753600605480489
Step: 43932 Walker: 7 Trial Log Prob: 510.8845011991516 Prob: 0.7289064425929105 Frac: 0.2751680735442576
Number of steps: 44000 Acceptance Rate: 0.27418
Step: 44033 Walker: 2 Trial Log Prob: 511.70172027898195 Prob: 0.6460769590381774 Frac: 0.2777777777777778
Step: 44055 Walker: 8 Trial Log Prob: 516.3928737316631 Prob: 0.298029747884915 Frac: 0.276218611521418
Step: 44324 Walker: 38 Trial Log Prob: 511.490751205689 Prob: 8.037296401098017e-5 Frac: 0.2588337039782555
Step: 44514 Walker: 10 Trial Log Prob: 474.10127928203474 Prob: 1.3418834277781103e-8 Frac: 0.2583008573655495
Step: 44786 Walker: 7 Trial Log Prob: 512.873438655006 Prob: 0.20671066361358503 Frac: 0.2616348676669129
Step: 44791 Walker: 46 Trial Log Prob: 511.14223359045496 Prob: 2.3805782223209972e-5 Frac: 0.2617963890153239
Number of steps: 45000 Acceptance Rate: 0.26372
Step: 45039 Walker: 2 Trial Log Prob: 509.4792691590104 Prob: 0.11468064072675586 Frac: 0.2786540483701367
Step: 45241 Walker: 50 Trial Log Prob: 514.4800587197019 Prob: 7.873836494266158e-5 Frac: 0.2604149377593361
Step: 45947 Walker: 25 Trial Log Prob: 507.47260974790703 Prob: 0.4572315306890902 Frac: 0.26305335446381406
Number of steps: 46000 Acceptance Rate: 0.26366
Step: 46149 Walker: 8 Trial Log Prob: -Inf Prob: 0.0 Frac: 0.2605291576673866
Step: 46607 Walker: 11 Trial Log Prob: 476.84188038945973 Prob: 1.9261194167086416e-12 Frac: 0.2661410049157072
Step: 46883 Walker: 37 Trial Log Prob: 503.47962680062795 Prob: 0.7748925035536183 Frac: 0.2670548519382831
Number of steps: 47000 Acceptance Rate: 0.26812
Step: 47055 Walker: 20 Trial Log Prob: 455.13365936667617 Prob: 4.0909156632747413e-19 Frac: 0.27536764705882355
Step: 47105 Walker: 46 Trial Log Prob: 512.0509929490433 Prob: 0.7093003109163483 Frac: 0.276591688905833
Step: 47188 Walker: 40 Trial Log Prob: 508.8225694008812 Prob: 0.9782335475738064 Frac: 0.27550585729499466
Step: 47225 Walker: 47 Trial Log Prob: 490.6888046999422 Prob: 4.6697719371251384e-7 Frac: 0.27473993064817287
Step: 47467 Walker: 40 Trial Log Prob: 504.9494681517531 Prob: 0.9702899617136772 Frac: 0.27583547557840615
Step: 47540 Walker: 15 Trial Log Prob: 505.4345014834938 Prob: 2.1571162026987944 Frac: 0.275727795290191
Step: 47739 Walker: 3 Trial Log Prob: 512.5898859324909 Prob: 0.05336124032036908 Frac: 0.2737446820041731
Number of steps: 48000 Acceptance Rate: 0.27122
Step: 48354 Walker: 33 Trial Log Prob: 508.9562903745385 Prob: 0.14481389800865238 Frac: 0.27116439518181307
Step: 48365 Walker: 46 Trial Log Prob: -Inf Prob: 0.0 Frac: 0.26997698125616576
Step: 48752 Walker: 30 Trial Log Prob: -Inf Prob: 0.0 Frac: 0.27339010111761575
Number of steps: 49000 Acceptance Rate: 0.26934
Step: 49086 Walker: 39 Trial Log Prob: 504.95606847494895 Prob: 1.1020615516060313 Frac: 0.2709256236885055
Step: 49220 Walker: 11 Trial Log Prob: 506.40995555334234 Prob: 0.00020494294674450612 Frac: 0.27023081835598944
Step: 49389 Walker: 27 Trial Log Prob: 513.2898368506523 Prob: 0.406063498657189 Frac: 0.26931590055077986
Step: 49486 Walker: 44 Trial Log Prob: 503.23817318530735 Prob: 0.057390416921484784 Frac: 0.2735243269943196
Step: 49510 Walker: 7 Trial Log Prob: 512.9752063519892 Prob: 0.40179444491198035 Frac: 0.27446281965667596
Step: 49599 Walker: 21 Trial Log Prob: 494.0474905029262 Prob: 0.002808589303677352 Frac: 0.2752581798736673
Step: 49758 Walker: 34 Trial Log Prob: 506.9398412571211 Prob: 0.002174788097160182 Frac: 0.2757628550311477
Step: 49995 Walker: 30 Trial Log Prob: 457.4484178449077 Prob: 2.27369031366921e-17 Frac: 0.2745425296601649
Number of steps: 50000 Acceptance Rate: 0.27492
Burn-in Number (ends): 3906
Independent Sample Size: 2316.586779483172
936.489263 seconds (90.98 M allocations: 539.649 GiB, 7.31% gc time)
