args = ["mcmc", "90.0", "15", "ppp"]
Parameters from fit: [5.069336622497968e-6, 224.70075354990507, 2.4335037688088855e6, -0.03795504202367187, 0.010237358223686262, 2.3252100423120397e-6, 365.2564679715716, 2.433624407429314e6, -0.006453771402446054, -0.0035085775724907845, 0.0012831975553162967, 3379.6322873444224, 2.4385785464834077e6, 0.06284487895640752, -0.012213626907515231]
Maximum log Prob from fit: -72.13221460618179
Step: 17 Walker: 8 Trial Log Prob: 231.6496402580883 Prob: 2.7655431033920326e-10 Frac: 0.3415841584158416
Step: 667 Walker: 2 Trial Log Prob: 260.88671433010325 Prob: 0.4537264209577024 Frac: 0.32901927812143417
Number of steps: 1000 Acceptance Rate: 0.32182
Step: 1324 Walker: 38 Trial Log Prob: 258.37953228262603 Prob: 1.710751880097086 Frac: 0.2895354583642204
Number of steps: 2000 Acceptance Rate: 0.27422
Step: 2134 Walker: 5 Trial Log Prob: 241.25104692244676 Prob: 0.0014181806046890885 Frac: 0.25559729526671676
Step: 2402 Walker: 31 Trial Log Prob: 264.81770557560606 Prob: 0.016302554225282713 Frac: 0.23962950052288232
Step: 2554 Walker: 7 Trial Log Prob: 265.65956673603307 Prob: 3.6457292060510278e-6 Frac: 0.23625122030589002
Step: 2827 Walker: 9 Trial Log Prob: 233.9906211907143 Prob: 2.6494064922031985e-5 Frac: 0.22842479847006705
Step: 2848 Walker: 8 Trial Log Prob: 261.2647581452539 Prob: 1.0200528881092679 Frac: 0.22807970159119884
Step: 2917 Walker: 49 Trial Log Prob: 257.88979132498525 Prob: 3.341005356704001e-5 Frac: 0.22615542323714802
Step: 2936 Walker: 1 Trial Log Prob: 248.38443072883646 Prob: 2.301003853200378e-6 Frac: 0.2253427734166114
Number of steps: 3000 Acceptance Rate: 0.223
Step: 3031 Walker: 5 Trial Log Prob: -Inf Prob: 0.0 Frac: 0.18803986710963455
Step: 3040 Walker: 25 Trial Log Prob: -Inf Prob: 0.0 Frac: 0.1878481012658228
Step: 3082 Walker: 40 Trial Log Prob: 197.85111331145373 Prob: 7.446895652964148e-25 Frac: 0.18386308068459659
Step: 3153 Walker: 46 Trial Log Prob: 258.26931891647035 Prob: 1.8329172795661386 Frac: 0.1836254250588543
Step: 3205 Walker: 28 Trial Log Prob: 251.04125800856843 Prob: 0.9796450241980235 Frac: 0.18312475557293703
Step: 3516 Walker: 32 Trial Log Prob: 251.5668169179136 Prob: 0.9763960442483093 Frac: 0.17682879528353115
Number of steps: 4000 Acceptance Rate: 0.17422
Step: 4062 Walker: 45 Trial Log Prob: 202.69996257911504 Prob: 3.062508988629834e-22 Frac: 0.14830371567043618
Step: 4163 Walker: 17 Trial Log Prob: 250.8226564266667 Prob: 0.11893096895857017 Frac: 0.14956264629789331
Step: 4269 Walker: 50 Trial Log Prob: 256.2140158750039 Prob: 3.5706102368380816e-7 Frac: 0.1504089219330855
Step: 4312 Walker: 30 Trial Log Prob: 256.8444489851429 Prob: 0.029314950077757047 Frac: 0.14980744544287547
Step: 4717 Walker: 47 Trial Log Prob: 237.8429231238924 Prob: 0.004273054521958471 Frac: 0.14910592239238987
Step: 4792 Walker: 16 Trial Log Prob: 223.4655572629713 Prob: 3.3049865615019524e-11 Frac: 0.14949704291563465
Number of steps: 5000 Acceptance Rate: 0.15126
Number of steps: 6000 Acceptance Rate: 0.15136
Step: 6050 Walker: 2 Trial Log Prob: 240.41659046134134 Prob: 9.957947917757652e-10 Frac: 0.1264274061990212
Step: 6180 Walker: 23 Trial Log Prob: 232.63174302458114 Prob: 0.0005006180015350751 Frac: 0.13507188231360748
Step: 6606 Walker: 32 Trial Log Prob: 252.03326923537517 Prob: 0.9131083429132522 Frac: 0.14685291592365102
Step: 6671 Walker: 2 Trial Log Prob: 247.39911953210688 Prob: 0.00437138136537724 Frac: 0.14617037788788728
Step: 6679 Walker: 2 Trial Log Prob: -Inf Prob: 0.0 Frac: 0.14595009144003304
Step: 6775 Walker: 32 Trial Log Prob: 225.2020256120785 Prob: 2.5087744464944377e-14 Frac: 0.14628730765258702
Step: 6948 Walker: 41 Trial Log Prob: 253.76223341450128 Prob: 18.896029042405512 Frac: 0.14677892426832098
Number of steps: 7000 Acceptance Rate: 0.14722
Step: 7221 Walker: 23 Trial Log Prob: 241.48008940283796 Prob: 0.016430426541379477 Frac: 0.16030118842420393
Step: 7242 Walker: 10 Trial Log Prob: 227.86310270564616 Prob: 0.001389171498358101 Frac: 0.15887230514096184
Step: 7308 Walker: 3 Trial Log Prob: 239.71035204218703 Prob: 0.20195978814778126 Frac: 0.15423695694652512
Step: 7308 Walker: 15 Trial Log Prob: 243.6967902250537 Prob: 0.1771752564246568 Frac: 0.15424666449723398
Step: 7456 Walker: 34 Trial Log Prob: 246.9888807894498 Prob: 7.757437722758954 Frac: 0.1486130617977528
Step: 7860 Walker: 25 Trial Log Prob: 248.99502237878755 Prob: 0.2865820503629225 Frac: 0.14159394997091332
Number of steps: 8000 Acceptance Rate: 0.14062
Step: 8554 Walker: 16 Trial Log Prob: 253.9316568120234 Prob: 6.849437264853543e-5 Frac: 0.13684667100412057
Step: 8592 Walker: 49 Trial Log Prob: 240.89611116185864 Prob: 1.4662052474032439 Frac: 0.1359843237947228
Step: 8613 Walker: 26 Trial Log Prob: 252.72916778788502 Prob: 1.0200249860714687 Frac: 0.13651799124926534
Step: 8698 Walker: 5 Trial Log Prob: 110.17879198280667 Prob: 2.43160215303019e-62 Frac: 0.13837326065126954
Step: 8823 Walker: 42 Trial Log Prob: 208.34637489511783 Prob: 1.5044428929248036e-17 Frac: 0.1406834864615235
Step: 8879 Walker: 21 Trial Log Prob: -Inf Prob: 0.0 Frac: 0.1406161061906605
Number of steps: 9000 Acceptance Rate: 0.14088
Step: 9048 Walker: 11 Trial Log Prob: -Inf Prob: 0.0 Frac: 0.12960609911054638
Step: 9582 Walker: 26 Trial Log Prob: 159.0817710550687 Prob: 3.1867668630588717e-43 Frac: 0.12924748933828586
Step: 9700 Walker: 17 Trial Log Prob: -Inf Prob: 0.0 Frac: 0.12557554265450283
Step: 9930 Walker: 19 Trial Log Prob: 222.43879107830554 Prob: 1.1540466380798362e-13 Frac: 0.12335105123846005
Number of steps: 10000 Acceptance Rate: 0.123
Step: 10163 Walker: 24 Trial Log Prob: -Inf Prob: 0.0 Frac: 0.11349089118660759
Step: 10365 Walker: 36 Trial Log Prob: -Inf Prob: 0.0 Frac: 0.11883088396578197
Step: 10571 Walker: 46 Trial Log Prob: 206.1641691432417 Prob: 2.3101707848562686e-16 Frac: 0.12845932880263433
Step: 10911 Walker: 25 Trial Log Prob: 247.82469765980716 Prob: 0.5815672888984311 Frac: 0.13223503569467326
Number of steps: 11000 Acceptance Rate: 0.13074
Step: 11193 Walker: 42 Trial Log Prob: -Inf Prob: 0.0 Frac: 0.12673719145405518
Step: 11468 Walker: 8 Trial Log Prob: 205.51287655089274 Prob: 2.8976371363765606e-23 Frac: 0.1316893569654936
Step: 11607 Walker: 8 Trial Log Prob: -Inf Prob: 0.0 Frac: 0.13356209581628614
Step: 11713 Walker: 42 Trial Log Prob: 243.43474027793252 Prob: 0.062014633498919385 Frac: 0.1345322933617642
Step: 11738 Walker: 45 Trial Log Prob: 255.62303601002762 Prob: 0.0023850838230645996 Frac: 0.13413741699417264
Number of steps: 12000 Acceptance Rate: 0.1316
Step: 12117 Walker: 15 Trial Log Prob: -Inf Prob: 0.0 Frac: 0.13104041272570938
Step: 12403 Walker: 4 Trial Log Prob: 248.45288314926572 Prob: 0.08091995249582169 Frac: 0.12504974134500596
Step: 12525 Walker: 33 Trial Log Prob: 253.4187145536714 Prob: 0.03898548438351023 Frac: 0.12297487896923721
Step: 12678 Walker: 23 Trial Log Prob: 253.58513895207062 Prob: 0.13341285428989696 Frac: 0.12139462108463968
Step: 12828 Walker: 38 Trial Log Prob: 235.71735570145353 Prob: 9.987454272730158e-11 Frac: 0.12075964047550014
Number of steps: 13000 Acceptance Rate: 0.1205
Step: 13326 Walker: 16 Trial Log Prob: 251.48656459541434 Prob: 0.06924056975385708 Frac: 0.12762818148284766
Step: 13492 Walker: 21 Trial Log Prob: -Inf Prob: 0.0 Frac: 0.1298685442187945
Step: 13641 Walker: 4 Trial Log Prob: 252.87561641794971 Prob: 6.194517262688465e-5 Frac: 0.13045244344456944
Step: 13808 Walker: 36 Trial Log Prob: -Inf Prob: 0.0 Frac: 0.13185262219581043
Step: 13824 Walker: 37 Trial Log Prob: 236.65603783631545 Prob: 0.021865205796830545 Frac: 0.13222618787481488
Step: 13921 Walker: 32 Trial Log Prob: 241.89564003699167 Prob: 0.3046355670091462 Frac: 0.13351581508515814
Step: 13931 Walker: 22 Trial Log Prob: -Inf Prob: 0.0 Frac: 0.13359270882593183
Number of steps: 14000 Acceptance Rate: 0.13316
Step: 14516 Walker: 23 Trial Log Prob: 219.82387744328625 Prob: 1.627967791844782e-14 Frac: 0.11287005781243938
Step: 14628 Walker: 11 Trial Log Prob: 246.44668903040755 Prob: 0.11808719322407568 Frac: 0.11179490449921878
Step: 14701 Walker: 13 Trial Log Prob: 250.12228769199564 Prob: 0.03485713347900238 Frac: 0.11190129380515808
Step: 14770 Walker: 45 Trial Log Prob: 251.4350009402324 Prob: 0.6868658492914441 Frac: 0.11261202753604364
Number of steps: 15000 Acceptance Rate: 0.11428
Step: 15574 Walker: 31 Trial Log Prob: -Inf Prob: 0.0 Frac: 0.10909661448345595
Step: 15620 Walker: 44 Trial Log Prob: 236.8017703117365 Prob: 0.05965210111041331 Frac: 0.10824675743692327
Step: 15622 Walker: 12 Trial Log Prob: 247.77426677105512 Prob: 0.13916049270769526 Frac: 0.10817075526366622
Step: 15839 Walker: 24 Trial Log Prob: -Inf Prob: 0.0 Frac: 0.10373533059822536
Number of steps: 16000 Acceptance Rate: 0.10298
Step: 16295 Walker: 4 Trial Log Prob: 254.78036671374963 Prob: 2.250007498854086e-6 Frac: 0.10391730141458107
Step: 16670 Walker: 11 Trial Log Prob: 254.70645043765415 Prob: 0.00019639895249493947 Frac: 0.10250739667075102
Step: 16775 Walker: 18 Trial Log Prob: 249.22942977394234 Prob: 0.2913817643706817 Frac: 0.10062503228472545
Step: 16855 Walker: 45 Trial Log Prob: -Inf Prob: 0.0 Frac: 0.10019885366709556
Number of steps: 17000 Acceptance Rate: 0.09946
Step: 17289 Walker: 50 Trial Log Prob: 246.51859889757043 Prob: 0.00017301265855093308 Frac: 0.0772318339100346
Step: 17381 Walker: 48 Trial Log Prob: 242.98806428501314 Prob: 7.708052828091973e-5 Frac: 0.07864342713145737
Step: 17678 Walker: 25 Trial Log Prob: 231.76810757491256 Prob: 6.353512302734979e-7 Frac: 0.08321771217712177
Step: 17689 Walker: 8 Trial Log Prob: -Inf Prob: 0.0 Frac: 0.0828005115089514
Step: 17823 Walker: 34 Trial Log Prob: 253.76566371422604 Prob: 0.09656406989109825 Frac: 0.0822433996207517
Number of steps: 18000 Acceptance Rate: 0.07946
Step: 18250 Walker: 41 Trial Log Prob: 212.65280723877885 Prob: 3.61647984776207e-15 Frac: 0.0815787366904171
Step: 18453 Walker: 10 Trial Log Prob: 233.78144643851428 Prob: 1.791871032528725e-10 Frac: 0.07952233524988943
Step: 18468 Walker: 15 Trial Log Prob: -Inf Prob: 0.0 Frac: 0.07930665525358442
Step: 18494 Walker: 9 Trial Log Prob: -Inf Prob: 0.0 Frac: 0.07883531367857577
Step: 18726 Walker: 25 Trial Log Prob: 242.16585750020585 Prob: 1.612913962987497e-5 Frac: 0.08044107512060648
Step: 18950 Walker: 43 Trial Log Prob: 207.84972825372162 Prob: 7.490607900410001e-23 Frac: 0.0801802370875708
Number of steps: 19000 Acceptance Rate: 0.08068
Step: 19476 Walker: 3 Trial Log Prob: -Inf Prob: 0.0 Frac: 0.086389087694186
Step: 19748 Walker: 40 Trial Log Prob: 78.2748734187279 Prob: 7.2659600498934995e-75 Frac: 0.09227066060443968
Step: 19789 Walker: 4 Trial Log Prob: 204.39699938633302 Prob: 6.908609310323247e-22 Frac: 0.09285859303623997
Number of steps: 20000 Acceptance Rate: 0.0931
Step: 20145 Walker: 8 Trial Log Prob: -Inf Prob: 0.0 Frac: 0.0978079911209767
Step: 20317 Walker: 23 Trial Log Prob: 252.24377908344132 Prob: 0.11015029493553537 Frac: 0.09650508753080958
Step: 20755 Walker: 36 Trial Log Prob: 255.03118680107775 Prob: 0.050879119785397345 Frac: 0.08959614161543354
Step: 20777 Walker: 41 Trial Log Prob: 252.94084347779895 Prob: 1.9905182187678346e-6 Frac: 0.08975052135629875
Step: 20893 Walker: 9 Trial Log Prob: -Inf Prob: 0.0 Frac: 0.08812123114169787
Step: 20901 Walker: 35 Trial Log Prob: 145.1469152942752 Prob: 8.638886072137445e-45 Frac: 0.08815365826579327
Number of steps: 21000 Acceptance Rate: 0.08806
Step: 21465 Walker: 25 Trial Log Prob: 233.75890586439337 Prob: 0.0011231768484130497 Frac: 0.08671689989235737
Step: 21600 Walker: 42 Trial Log Prob: 243.87211393927413 Prob: 2.8518312446616916e-5 Frac: 0.08672312616697786
Step: 21703 Walker: 9 Trial Log Prob: 254.64383676238035 Prob: 0.21313054696535885 Frac: 0.08818251730325558
Number of steps: 22000 Acceptance Rate: 0.08848
Step: 22018 Walker: 22 Trial Log Prob: -Inf Prob: 0.0 Frac: 0.0768348623853211
Step: 22023 Walker: 28 Trial Log Prob: 226.17655106230458 Prob: 3.7687962372207786e-12 Frac: 0.07624113475177305
Step: 22258 Walker: 1 Trial Log Prob: -Inf Prob: 0.0 Frac: 0.08466267216559023
Step: 22292 Walker: 39 Trial Log Prob: -Inf Prob: 0.0 Frac: 0.08458427582425115
Step: 22541 Walker: 8 Trial Log Prob: 112.40651542309992 Prob: 4.2761361275508074e-65 Frac: 0.08127221563981042
Step: 22632 Walker: 38 Trial Log Prob: 254.63018281667834 Prob: 0.0005524315303284554 Frac: 0.08107509180701532
Step: 22807 Walker: 17 Trial Log Prob: 211.59775979143296 Prob: 1.5400787807352543e-19 Frac: 0.08170250762705558
Number of steps: 23000 Acceptance Rate: 0.08124
Step: 23027 Walker: 4 Trial Log Prob: 246.3002930889158 Prob: 0.010491857141796956 Frac: 0.06288343558282208
Step: 23030 Walker: 24 Trial Log Prob: 243.80467220026043 Prob: 0.006920113596178376 Frac: 0.05970149253731343
Step: 23186 Walker: 30 Trial Log Prob: -Inf Prob: 0.0 Frac: 0.06616379310344828
Step: 23775 Walker: 11 Trial Log Prob: -2118.7897778302154 Prob: 0.0 Frac: 0.07238252693032989
Number of steps: 24000 Acceptance Rate: 0.0723
Step: 24806 Walker: 12 Trial Log Prob: -Inf Prob: 0.0 Frac: 0.06216780090407829
Step: 24892 Walker: 36 Trial Log Prob: -54.65333434107739 Prob: 1.8291525076279826e-132 Frac: 0.06091598259543354
Step: 24951 Walker: 42 Trial Log Prob: -Inf Prob: 0.0 Frac: 0.06038870893105044
Number of steps: 25000 Acceptance Rate: 0.05994
Step: 25121 Walker: 43 Trial Log Prob: -Inf Prob: 0.0 Frac: 0.05742181035909317
Step: 25230 Walker: 29 Trial Log Prob: 44.22121930075153 Prob: 1.86417290141389e-89 Frac: 0.05801899120132416
Step: 25424 Walker: 32 Trial Log Prob: 239.47110381602602 Prob: 3.855404856934408e-5 Frac: 0.05334718156925691
Step: 25586 Walker: 35 Trial Log Prob: 255.79302462850274 Prob: 0.008929919817603627 Frac: 0.05077684821581014
Step: 25616 Walker: 35 Trial Log Prob: NaN Prob: NaN Frac: 0.05018677927562124
Step: 25626 Walker: 24 Trial Log Prob: 104.40058838013394 Prob: 1.2555567681669857e-60 Frac: 0.0499456417471382
Step: 25820 Walker: 12 Trial Log Prob: -Inf Prob: 0.0 Frac: 0.04760509740735316
Step: 25844 Walker: 42 Trial Log Prob: 194.1410425020323 Prob: 3.9285750647180645e-23 Frac: 0.047331247629882445
Number of steps: 26000 Acceptance Rate: 0.04698
Step: 26010 Walker: 41 Trial Log Prob: -Inf Prob: 0.0 Frac: 0.048879837067209775
Step: 26303 Walker: 5 Trial Log Prob: 43.91845107485102 Prob: 1.8054439786699868e-90 Frac: 0.04693809996689838
Step: 26781 Walker: 44 Trial Log Prob: -Inf Prob: 0.0 Frac: 0.046229894478024794
Step: 26819 Walker: 27 Trial Log Prob: -Inf Prob: 0.0 Frac: 0.04620421726488626
Number of steps: 27000 Acceptance Rate: 0.04604
Step: 27279 Walker: 36 Trial Log Prob: -128.39230889135706 Prob: 2.2861535545444427e-167 Frac: 0.04499138920780712
Step: 27660 Walker: 43 Trial Log Prob: -Inf Prob: 0.0 Frac: 0.04082684205740612
Step: 27682 Walker: 39 Trial Log Prob: -Inf Prob: 0.0 Frac: 0.041156971457068266
Step: 27922 Walker: 7 Trial Log Prob: -Inf Prob: 0.0 Frac: 0.04179603534750418
Number of steps: 28000 Acceptance Rate: 0.04196
Step: 28137 Walker: 9 Trial Log Prob: -2206.2970210010376 Prob: 0.0 Frac: 0.04141577324129828
Step: 28201 Walker: 41 Trial Log Prob: NaN Prob: NaN Frac: 0.0403346280250971
Step: 28264 Walker: 5 Trial Log Prob: -Inf Prob: 0.0 Frac: 0.038160395286963134
Step: 28340 Walker: 1 Trial Log Prob: -Inf Prob: 0.0 Frac: 0.03687098106306413
Step: 28346 Walker: 17 Trial Log Prob: -6609.779001746911 Prob: 0.0 Frac: 0.03660161000752881
Step: 28452 Walker: 48 Trial Log Prob: -Inf Prob: 0.0 Frac: 0.03571112487830781
Step: 28630 Walker: 5 Trial Log Prob: -73.67766940269107 Prob: 1.9098661337535882e-143 Frac: 0.03484342711810523
Step: 28823 Walker: 47 Trial Log Prob: 227.98332840530165 Prob: 9.879764621912284e-13 Frac: 0.036211631467664714
Number of steps: 29000 Acceptance Rate: 0.03608
Step: 29008 Walker: 49 Trial Log Prob: 144.95582198501512 Prob: 2.018005451793651e-45 Frac: 0.047619047619047616
Step: 29051 Walker: 40 Trial Log Prob: -7701.418451851418 Prob: 0.0 Frac: 0.03543307086614173
Step: 29410 Walker: 42 Trial Log Prob: NaN Prob: NaN Frac: 0.03845403084130392
Step: 29463 Walker: 6 Trial Log Prob: 196.05818174417075 Prob: 1.6311632267965789e-21 Frac: 0.03903747944256903
Step: 29677 Walker: 40 Trial Log Prob: 247.71903928942336 Prob: 0.5103488170754814 Frac: 0.037529550827423167
Step: 29892 Walker: 15 Trial Log Prob: 148.224661694191 Prob: 2.5362381733590686e-43 Frac: 0.037248962190059465
Step: 29921 Walker: 42 Trial Log Prob: NaN Prob: NaN Frac: 0.036987967507927544
Number of steps: 30000 Acceptance Rate: 0.03682
Step: 30017 Walker: 30 Trial Log Prob: 211.5573170179502 Prob: 1.9742991071428885e-22 Frac: 0.03855421686746988
Number of steps: 31000 Acceptance Rate: 0.04022
Step: 31125 Walker: 41 Trial Log Prob: NaN Prob: NaN Frac: 0.03925652940233937
Step: 31382 Walker: 45 Trial Log Prob: 240.41994988509566 Prob: 4.006756060552118e-9 Frac: 0.03733961770096884
Step: 31488 Walker: 19 Trial Log Prob: 241.67701700362895 Prob: 0.001956034834653032 Frac: 0.03680906069186261
Step: 31595 Walker: 47 Trial Log Prob: -86.22255299604663 Prob: 1.137000830992044e-146 Frac: 0.03597001378290248
Step: 31906 Walker: 10 Trial Log Prob: 242.99192085333803 Prob: 1.4554427529679034e-6 Frac: 0.03422448077772868
Number of steps: 32000 Acceptance Rate: 0.03388
Step: 32130 Walker: 22 Trial Log Prob: -Inf Prob: 0.0 Frac: 0.03414709517923362
Step: 32295 Walker: 3 Trial Log Prob: -853.1710324418867 Prob: 0.0 Frac: 0.03563898524110726
Step: 32839 Walker: 47 Trial Log Prob: 247.3456668148009 Prob: 0.8091167688692256 Frac: 0.032469544901900016
Step: 32925 Walker: 18 Trial Log Prob: 110.21332988452676 Prob: 6.312774827291164e-68 Frac: 0.03243325111428448
Step: 32958 Walker: 26 Trial Log Prob: -3163.86076021145 Prob: 0.0 Frac: 0.03235441557356504
Number of steps: 33000 Acceptance Rate: 0.03222
Step: 33035 Walker: 16 Trial Log Prob: NaN Prob: NaN Frac: 0.022144522144522144
Step: 33035 Walker: 46 Trial Log Prob: 247.716616851046 Prob: 0.020702060732845452 Frac: 0.021764032073310423
Step: 33335 Walker: 46 Trial Log Prob: 216.02269834165685 Prob: 5.770704941985774e-16 Frac: 0.030634181297026157
Step: 33598 Walker: 26 Trial Log Prob: 68.3448898885492 Prob: 8.44030116855474e-80 Frac: 0.033304324541437946
Step: 33800 Walker: 24 Trial Log Prob: -Inf Prob: 0.0 Frac: 0.033771951768649625
Step: 33925 Walker: 13 Trial Log Prob: 122.68529152852685 Prob: 7.89761760546016e-55 Frac: 0.033302317529699435
Number of steps: 34000 Acceptance Rate: 0.03282
Step: 34032 Walker: 30 Trial Log Prob: 231.74628201133106 Prob: 1.8263227707132212e-7 Frac: 0.030379746835443037
Step: 34091 Walker: 46 Trial Log Prob: -Inf Prob: 0.0 Frac: 0.028156621205455347
Step: 34287 Walker: 8 Trial Log Prob: 260.2362735648169 Prob: 0.7812522331890434 Frac: 0.027117696393625945
Step: 34335 Walker: 34 Trial Log Prob: 162.01282246548007 Prob: 7.612013015539095e-38 Frac: 0.027429186088203657
Step: 34651 Walker: 43 Trial Log Prob: 243.08616683175305 Prob: 4.0668412224542625e-5 Frac: 0.03260301754601604
Step: 34698 Walker: 13 Trial Log Prob: NaN Prob: NaN Frac: 0.032785474571895706
Step: 34909 Walker: 49 Trial Log Prob: -263.50959367425514 Prob: 1.4203259962001525e-220 Frac: 0.03108979295474048
Number of steps: 35000 Acceptance Rate: 0.03102
Step: 35317 Walker: 9 Trial Log Prob: 122.65645453153064 Prob: 9.386639578434464e-59 Frac: 0.025934594218483143
Step: 35593 Walker: 36 Trial Log Prob: 240.76558877970913 Prob: 0.016181422270930747 Frac: 0.028242677824267783
Number of steps: 36000 Acceptance Rate: 0.02708
Step: 36017 Walker: 6 Trial Log Prob: 250.20841531309762 Prob: 3.369563913206984e-5 Frac: 0.033498759305210915
Step: 36069 Walker: 17 Trial Log Prob: -1883.2507780164738 Prob: 0.0 Frac: 0.0228270412642669
Step: 36103 Walker: 26 Trial Log Prob: -21.09304725843777 Prob: 1.2818330763468576e-120 Frac: 0.02165431135388217
Step: 36149 Walker: 27 Trial Log Prob: -Inf Prob: 0.0 Frac: 0.02612091019254073
Step: 36181 Walker: 38 Trial Log Prob: -1121.9792847945416 Prob: 0.0 Frac: 0.026997123257357824
Step: 36272 Walker: 44 Trial Log Prob: 249.59363276679963 Prob: 0.0002226243701847003 Frac: 0.02854200382521701
Step: 36482 Walker: 49 Trial Log Prob: -Inf Prob: 0.0 Frac: 0.028258433959915348
Step: 36845 Walker: 23 Trial Log Prob: 257.9713215990975 Prob: 0.0426833752233165 Frac: 0.025507424863226203
Step: 36922 Walker: 6 Trial Log Prob: 202.48456396166566 Prob: 5.882979400345674e-25 Frac: 0.02490446413062359
Number of steps: 37000 Acceptance Rate: 0.02478
Step: 37144 Walker: 11 Trial Log Prob: NaN Prob: NaN Frac: 0.023320765256249126
Step: 37410 Walker: 34 Trial Log Prob: -515.1881900135176 Prob: 0.0 Frac: 0.024848662370630735
Step: 37595 Walker: 18 Trial Log Prob: 251.66151185959686 Prob: 0.40368545603199174 Frac: 0.025708324920923346
Step: 37628 Walker: 40 Trial Log Prob: NaN Prob: NaN Frac: 0.026059254539662312
Step: 37880 Walker: 16 Trial Log Prob: 212.5035200903248 Prob: 4.009853604180217e-15 Frac: 0.02633853432197607
Step: 37988 Walker: 39 Trial Log Prob: -Inf Prob: 0.0 Frac: 0.026200166028872825
Number of steps: 38000 Acceptance Rate: 0.02624
Step: 38309 Walker: 16 Trial Log Prob: -296.3164360101486 Prob: 4.412206032839148e-235 Frac: 0.026725480020757655
Step: 38682 Walker: 16 Trial Log Prob: 252.63715540331674 Prob: 18.249787268806013 Frac: 0.02603769153995186
Number of steps: 39000 Acceptance Rate: 0.02334
Step: 39146 Walker: 26 Trial Log Prob: 239.97304999103397 Prob: 0.001062129658086952 Frac: 0.01827927432655305
Step: 39445 Walker: 43 Trial Log Prob: 225.83421936827628 Prob: 2.3122385553153467e-11 Frac: 0.018342849435777547
Step: 39564 Walker: 10 Trial Log Prob: 256.41625222041256 Prob: 1.4163716645333067 Frac: 0.018039772727272727
Step: 39948 Walker: 10 Trial Log Prob: 210.5253992146265 Prob: 3.073510579365182e-17 Frac: 0.018285472972972974
Number of steps: 40000 Acceptance Rate: 0.01826
Step: 40615 Walker: 4 Trial Log Prob: 243.47365291553592 Prob: 7.887145145032914e-6 Frac: 0.018140958832725377
Step: 40830 Walker: 37 Trial Log Prob: -9304.846320256835 Prob: 0.0 Frac: 0.01841540723600164
Step: 40887 Walker: 49 Trial Log Prob: 244.97388310542436 Prob: 0.0002399855961221951 Frac: 0.01801618976752576
Number of steps: 41000 Acceptance Rate: 0.01794
Step: 41079 Walker: 21 Trial Log Prob: 174.22603487724797 Prob: 3.774546654760402e-45 Frac: 0.019127773527161437
Step: 41113 Walker: 40 Trial Log Prob: 247.01004604280925 Prob: 0.004354312452397193 Frac: 0.01897163120567376
Step: 41188 Walker: 37 Trial Log Prob: NaN Prob: NaN Frac: 0.01779056141472249
Step: 41282 Walker: 12 Trial Log Prob: -Inf Prob: 0.0 Frac: 0.017707296259422557
Step: 41360 Walker: 10 Trial Log Prob: -Inf Prob: 0.0 Frac: 0.01804008908685969
Step: 41394 Walker: 23 Trial Log Prob: 189.46627681089387 Prob: 3.004308151759476e-29 Frac: 0.01824836069740253
Step: 41810 Walker: 30 Trial Log Prob: NaN Prob: NaN Frac: 0.01956521739130435
Step: 41848 Walker: 44 Trial Log Prob: -Inf Prob: 0.0 Frac: 0.019719771665801765
Step: 41892 Walker: 6 Trial Log Prob: 234.7207644527436 Prob: 2.156159735327902e-7 Frac: 0.01984020109525092
Number of steps: 42000 Acceptance Rate: 0.01982
Step: 42149 Walker: 24 Trial Log Prob: 168.80445254196175 Prob: 1.932595532099215e-34 Frac: 0.01845366379310345
Step: 42295 Walker: 32 Trial Log Prob: 236.79449469981884 Prob: 3.294962568240749e-5 Frac: 0.017988053217485745
Step: 42515 Walker: 11 Trial Log Prob: -Inf Prob: 0.0 Frac: 0.01625763291976197
Step: 42728 Walker: 48 Trial Log Prob: 207.4501549465731 Prob: 2.14819874243464e-20 Frac: 0.016319577998791142
Number of steps: 43000 Acceptance Rate: 0.0164
Step: 43229 Walker: 14 Trial Log Prob: -Inf Prob: 0.0 Frac: 0.019800245312773787
Step: 43255 Walker: 4 Trial Log Prob: -Inf Prob: 0.0 Frac: 0.01920654911838791
Step: 43379 Walker: 36 Trial Log Prob: 87.61374955658799 Prob: 1.0951281747404959e-75 Frac: 0.019486692015209126
Step: 43433 Walker: 14 Trial Log Prob: -Inf Prob: 0.0 Frac: 0.01915425187378551
Step: 43499 Walker: 21 Trial Log Prob: -Inf Prob: 0.0 Frac: 0.019140483929216325
Step: 43554 Walker: 4 Trial Log Prob: 185.91735168647116 Prob: 4.4916043542629696e-33 Frac: 0.018731467418818253
Step: 43597 Walker: 7 Trial Log Prob: 223.8785905094169 Prob: 7.593400879657943e-17 Frac: 0.018519139799375986
Step: 43907 Walker: 12 Trial Log Prob: -Inf Prob: 0.0 Frac: 0.02006091101694915
Number of steps: 44000 Acceptance Rate: 0.02062
Step: 44522 Walker: 43 Trial Log Prob: NaN Prob: NaN Frac: 0.021998237075077608
Step: 44677 Walker: 36 Trial Log Prob: 240.1931130778893 Prob: 1.7447108803333882e-10 Frac: 0.022579501123064193
Step: 44742 Walker: 44 Trial Log Prob: -Inf Prob: 0.0 Frac: 0.022456461961503207
Step: 44845 Walker: 14 Trial Log Prob: -2870.5171050867866 Prob: 0.0 Frac: 0.02198322831288198
Step: 44859 Walker: 20 Trial Log Prob: -Inf Prob: 0.0 Frac: 0.02206430568499534
Step: 44979 Walker: 24 Trial Log Prob: -Inf Prob: 0.0 Frac: 0.02209549505355245
Number of steps: 45000 Acceptance Rate: 0.02214
Step: 45008 Walker: 46 Trial Log Prob: -4548.888325336208 Prob: 0.0 Frac: 0.015151515151515152
Step: 45167 Walker: 37 Trial Log Prob: 148.35212027590714 Prob: 8.398634931287071e-43 Frac: 0.02075086961736836
Step: 45346 Walker: 21 Trial Log Prob: -Inf Prob: 0.0 Frac: 0.02298650917723351
Step: 45363 Walker: 46 Trial Log Prob: -Inf Prob: 0.0 Frac: 0.022980271134134245
Step: 45368 Walker: 35 Trial Log Prob: 220.5063146086102 Prob: 6.80817478458149e-19 Frac: 0.02317106336687517
Step: 45486 Walker: 6 Trial Log Prob: -Inf Prob: 0.0 Frac: 0.022427440633245383
Step: 45563 Walker: 5 Trial Log Prob: NaN Prob: NaN Frac: 0.022487101939156734
Step: 45571 Walker: 3 Trial Log Prob: 248.97306808698184 Prob: 0.0008685078668609158 Frac: 0.02238360874293934
Step: 45696 Walker: 14 Trial Log Prob: -440.1190650539722 Prob: 1.0763795144145144e-304 Frac: 0.021919226786330688
Step: 45735 Walker: 49 Trial Log Prob: 179.80058505187702 Prob: 1.30453280712159e-31 Frac: 0.021905357968924323
Number of steps: 46000 Acceptance Rate: 0.02256
Step: 46021 Walker: 15 Trial Log Prob: -2638.0509265694727 Prob: 0.0 Frac: 0.0187192118226601
Step: 46210 Walker: 10 Trial Log Prob: 247.48148269274097 Prob: 0.0007815917970830195 Frac: 0.019694072657743786
Step: 46551 Walker: 24 Trial Log Prob: -Inf Prob: 0.0 Frac: 0.018856270890858888
Step: 46567 Walker: 49 Trial Log Prob: 203.97491083667316 Prob: 4.1113685815534665e-25 Frac: 0.018766094042117886
Step: 46623 Walker: 21 Trial Log Prob: -3783.3050083154412 Prob: 0.0 Frac: 0.018540535329841585
Step: 46776 Walker: 21 Trial Log Prob: 206.2964059165742 Prob: 3.6768377486773014e-29 Frac: 0.01779680689174899
Step: 46799 Walker: 14 Trial Log Prob: 218.60164401614068 Prob: 1.319975843470634e-14 Frac: 0.017612867665480782
Step: 46949 Walker: 50 Trial Log Prob: 247.36989533918396 Prob: 5.229532689047868e-6 Frac: 0.01736564805057956
Number of steps: 47000 Acceptance Rate: 0.0175
Step: 47212 Walker: 14 Trial Log Prob: -Inf Prob: 0.0 Frac: 0.01609238924649754
Step: 47284 Walker: 40 Trial Log Prob: 246.87330677153474 Prob: 1.2867178109936126 Frac: 0.01754756871035941
Step: 47419 Walker: 37 Trial Log Prob: -451695.8729211986 Prob: 0.0 Frac: 0.018006400152839473
Step: 47571 Walker: 6 Trial Log Prob: 229.42998161828336 Prob: 7.128496549926909e-13 Frac: 0.01806637199186136
Number of steps: 48000 Acceptance Rate: 0.01858
Step: 48008 Walker: 23 Trial Log Prob: -Inf Prob: 0.0 Frac: 0.029490616621983913
Step: 48201 Walker: 14 Trial Log Prob: -Inf Prob: 0.0 Frac: 0.024965048931495905
Step: 48248 Walker: 15 Trial Log Prob: -441.88622327742564 Prob: 3.2805993716920503e-301 Frac: 0.02426202992317024
Step: 48480 Walker: 28 Trial Log Prob: 187.94868136273294 Prob: 1.5285688755090047e-28 Frac: 0.022604053715906246
Step: 48520 Walker: 43 Trial Log Prob: -23.992194522050816 Prob: 1.5225681143613273e-119 Frac: 0.02273689070134267
Step: 48581 Walker: 47 Trial Log Prob: -603.1258742350435 Prob: 0.0 Frac: 0.022618514820807657
Step: 48587 Walker: 30 Trial Log Prob: -635.69639040824 Prob: 0.0 Frac: 0.022707125809751108
Step: 48599 Walker: 24 Trial Log Prob: -Inf Prob: 0.0 Frac: 0.02259056275898944
Step: 48960 Walker: 49 Trial Log Prob: NaN Prob: NaN Frac: 0.021312944019667077
Number of steps: 49000 Acceptance Rate: 0.02128
Step: 49208 Walker: 42 Trial Log Prob: -1467.9198860698882 Prob: 0.0 Frac: 0.020977675134719015
Step: 49470 Walker: 19 Trial Log Prob: 170.376859449033 Prob: 5.570008367783998e-40 Frac: 0.018620307639865354
Step: 49726 Walker: 20 Trial Log Prob: -144.2224531511856 Prob: 4.459446361234222e-177 Frac: 0.017783291976840365
Step: 49843 Walker: 14 Trial Log Prob: -96.73852412737745 Prob: 2.411033695050085e-153 Frac: 0.017785059600132973
Number of steps: 50000 Acceptance Rate: 0.01842
Burn-in Number (ends): 50000
Independent Sample Size: 207.65529855021643
2167.164838 seconds (104.10 M allocations: 2.157 TiB, 13.22% gc time)
