args = ["mcmc", "90.0", "20", "ppp"]
Parameters from fit: [5.0057100686571806e-6, 224.70077354117117, 2.433503768675182e6, -0.0037932539142889114, 0.007417533778362087, 2.6952482923353445e-6, 365.2563136158419, 2.4336244092101105e6, 0.017451060415789477, 0.0062637231878275084, 0.002514415939931909, 5196.445576055131, 2.4396092480123783e6, 0.07108757022697845, -0.0071477627284725325]
Maximum log Prob from fit: -100.06030660960684
Step: 85 Walker: 14 Trial Log Prob: 354.070762625509 Prob: 0.20503624311062504 Frac: 0.34005695301376365
Step: 735 Walker: 41 Trial Log Prob: 353.70883886772896 Prob: 0.14105194943750962 Frac: 0.3236166680275442
Number of steps: 1000 Acceptance Rate: 0.31886
Step: 1100 Walker: 4 Trial Log Prob: 350.6275974938392 Prob: 1.673392935488753 Frac: 0.29410577311263625
Step: 1323 Walker: 14 Trial Log Prob: 351.3484226289856 Prob: 0.004857920526962966 Frac: 0.29129949112572917
Step: 1428 Walker: 43 Trial Log Prob: 345.90804033422944 Prob: 0.8180868851388203 Frac: 0.2900948908521479
Step: 1782 Walker: 8 Trial Log Prob: 340.1545257809067 Prob: 0.3345550384621495 Frac: 0.28723948998924675
Step: 1793 Walker: 33 Trial Log Prob: 342.1861838528558 Prob: 0.6045944343723497 Frac: 0.28688214366815534
Step: 1954 Walker: 37 Trial Log Prob: -Inf Prob: 0.0 Frac: 0.28567534128798205
Number of steps: 2000 Acceptance Rate: 0.28624
Step: 2014 Walker: 41 Trial Log Prob: 351.7980128719531 Prob: 0.6618496773651857 Frac: 0.28509406657018815
Step: 2026 Walker: 12 Trial Log Prob: 336.22357390694845 Prob: 0.3971206293296001 Frac: 0.3074484944532488
Step: 2977 Walker: 44 Trial Log Prob: -Inf Prob: 0.0 Frac: 0.26947014986487594
Number of steps: 3000 Acceptance Rate: 0.26894
Step: 3658 Walker: 39 Trial Log Prob: 340.79042056032785 Prob: 0.14146932738801146 Frac: 0.23220529660372768
Step: 3795 Walker: 30 Trial Log Prob: 337.9584588322932 Prob: 9.556249227513554e-5 Frac: 0.2341052101686383
Number of steps: 4000 Acceptance Rate: 0.23232
Step: 4090 Walker: 45 Trial Log Prob: 337.9393325297839 Prob: 4.085828667489847e-9 Frac: 0.22847608453837598
Step: 4113 Walker: 24 Trial Log Prob: 342.74720649159406 Prob: 0.09268546311287851 Frac: 0.22777382645803698
Step: 4255 Walker: 3 Trial Log Prob: 331.9576018289022 Prob: 3.5991674755839895 Frac: 0.2197906006455168
Step: 4305 Walker: 24 Trial Log Prob: 345.1433553796822 Prob: 0.07151696585084734 Frac: 0.22004729374671572
Step: 4795 Walker: 13 Trial Log Prob: 334.90007333389946 Prob: 1.2662670032610874 Frac: 0.21632714728174654
Step: 4845 Walker: 2 Trial Log Prob: 348.49227136235413 Prob: 0.22197674024793285 Frac: 0.21458698639874887
Step: 4994 Walker: 11 Trial Log Prob: -Inf Prob: 0.0 Frac: 0.21227925333762912
Number of steps: 5000 Acceptance Rate: 0.2122
Step: 5009 Walker: 9 Trial Log Prob: 313.43803701515344 Prob: 1.3940694896696183e-12 Frac: 0.1980440097799511
Step: 5155 Walker: 14 Trial Log Prob: -Inf Prob: 0.0 Frac: 0.210267046927664
Step: 5185 Walker: 11 Trial Log Prob: 342.89567055985634 Prob: 0.00026018562292284787 Frac: 0.2095320812072522
Step: 5481 Walker: 22 Trial Log Prob: 338.9227088288277 Prob: 0.006748136174970386 Frac: 0.19977520606111066
Step: 5565 Walker: 13 Trial Log Prob: -Inf Prob: 0.0 Frac: 0.19923439549144012
Step: 5601 Walker: 44 Trial Log Prob: 337.4184141300545 Prob: 0.36877380918741626 Frac: 0.19950738916256158
Step: 5697 Walker: 41 Trial Log Prob: -Inf Prob: 0.0 Frac: 0.19853046697855975
Step: 5803 Walker: 12 Trial Log Prob: 331.64695693894754 Prob: 0.9789927634361558 Frac: 0.1962255684084563
Step: 5975 Walker: 36 Trial Log Prob: 339.7952638297798 Prob: 0.011138251915656447 Frac: 0.19427117531188443
Number of steps: 6000 Acceptance Rate: 0.19406
Step: 6114 Walker: 19 Trial Log Prob: 339.93534765670825 Prob: 0.06171570472000034 Frac: 0.17128241312400777
Step: 6488 Walker: 32 Trial Log Prob: 340.5560386626197 Prob: 2.6053964427022366e-5 Frac: 0.17705684521368223
Step: 6573 Walker: 26 Trial Log Prob: 336.7631050784864 Prob: 5.460960615041713e-10 Frac: 0.17732131628589395
Number of steps: 7000 Acceptance Rate: 0.17796
Step: 7508 Walker: 29 Trial Log Prob: -Inf Prob: 0.0 Frac: 0.1689585878088183
Number of steps: 8000 Acceptance Rate: 0.1712
Step: 8180 Walker: 31 Trial Log Prob: 333.1758813704319 Prob: 0.6717077004463906 Frac: 0.16056118472330475
Step: 8321 Walker: 38 Trial Log Prob: 322.65054207742054 Prob: 0.055766688441661896 Frac: 0.1662302032672403
Step: 8767 Walker: 19 Trial Log Prob: 349.8440000429995 Prob: 0.07147891820718302 Frac: 0.16806284088833215
Step: 8895 Walker: 20 Trial Log Prob: 337.1824947018241 Prob: 0.03603298956307511 Frac: 0.16522808586762075
Step: 8899 Walker: 50 Trial Log Prob: -Inf Prob: 0.0 Frac: 0.16505005561735261
Number of steps: 9000 Acceptance Rate: 0.16576
Step: 9070 Walker: 39 Trial Log Prob: 340.1054527577927 Prob: 0.04517381831730844 Frac: 0.1582115219260533
Step: 9169 Walker: 41 Trial Log Prob: 336.9094229444411 Prob: 0.033950429567013204 Frac: 0.16893732970027248
Step: 9189 Walker: 3 Trial Log Prob: 334.9096251581435 Prob: 0.008929458897809519 Frac: 0.1693076677656067
Step: 9394 Walker: 37 Trial Log Prob: 310.25821871236735 Prob: 9.143143234950798e-6 Frac: 0.1684868187128562
Step: 9416 Walker: 20 Trial Log Prob: 333.45480341327124 Prob: 1.0112201340757079 Frac: 0.168608570052961
Step: 9602 Walker: 37 Trial Log Prob: 321.4175606727289 Prob: 0.061567603225245106 Frac: 0.16425698806793632
Step: 9682 Walker: 36 Trial Log Prob: -Inf Prob: 0.0 Frac: 0.16414363668368245
Step: 9750 Walker: 38 Trial Log Prob: 330.3602488190562 Prob: 1.1196086772776512 Frac: 0.16314553990610328
Number of steps: 10000 Acceptance Rate: 0.15608
Step: 10275 Walker: 17 Trial Log Prob: 327.64428875037174 Prob: 0.03651880583911663 Frac: 0.13938907924473282
Step: 10815 Walker: 43 Trial Log Prob: -367.0863011401603 Prob: 2.2812416805100906e-300 Frac: 0.14451562231548978
Step: 10865 Walker: 43 Trial Log Prob: 334.22323242798825 Prob: 0.1514985773171274 Frac: 0.14497144046435262
Step: 10976 Walker: 32 Trial Log Prob: 324.4866156901249 Prob: 0.017111857378796034 Frac: 0.1461194702964208
Step: 10980 Walker: 17 Trial Log Prob: 317.8200580306905 Prob: 6.26444932288751e-11 Frac: 0.14601670512794332
Number of steps: 11000 Acceptance Rate: 0.14634
Step: 11009 Walker: 45 Trial Log Prob: 317.7119187838517 Prob: 1.8544372228219083e-14 Frac: 0.16853932584269662
Step: 11051 Walker: 2 Trial Log Prob: 315.8910464488561 Prob: 0.00011834458750244855 Frac: 0.14548361310951238
Step: 11066 Walker: 24 Trial Log Prob: 326.8366328617057 Prob: 0.2864686345836611 Frac: 0.13683567501527183
Step: 11072 Walker: 5 Trial Log Prob: 329.58506073293904 Prob: 6.234356379325968e-7 Frac: 0.13670886075949368
Step: 11127 Walker: 9 Trial Log Prob: 326.7771823740681 Prob: 0.113028441894741 Frac: 0.13472816611190364
Step: 11153 Walker: 29 Trial Log Prob: 194.62132901115345 Prob: 5.46751516053107e-57 Frac: 0.13789487481976667
Step: 11347 Walker: 13 Trial Log Prob: 326.289758864995 Prob: 0.0038662863268639127 Frac: 0.1432449604343557
Number of steps: 12000 Acceptance Rate: 0.13592
Step: 12092 Walker: 7 Trial Log Prob: 260.84965014290555 Prob: 1.3517153597939116e-29 Frac: 0.12859337283300418
Step: 12844 Walker: 8 Trial Log Prob: 328.7404386466785 Prob: 0.00036962363809308273 Frac: 0.12548033587931115
Step: 12865 Walker: 12 Trial Log Prob: 313.73724135056557 Prob: 3.6789281191095456e-5 Frac: 0.12538183837822828
Step: 12969 Walker: 13 Trial Log Prob: 198.11577264985627 Prob: 2.9864466939284623e-56 Frac: 0.12542085803399913
Number of steps: 13000 Acceptance Rate: 0.12558
Step: 13040 Walker: 35 Trial Log Prob: 322.4676482417088 Prob: 8.59409487966845e-13 Frac: 0.1350125944584383
Step: 13317 Walker: 30 Trial Log Prob: -Inf Prob: 0.0 Frac: 0.12533164876816172
Step: 13517 Walker: 19 Trial Log Prob: -Inf Prob: 0.0 Frac: 0.1275804639993803
Step: 13910 Walker: 39 Trial Log Prob: 334.7816923630327 Prob: 0.8871484725938471 Frac: 0.1316582030820638
Step: 13930 Walker: 6 Trial Log Prob: 338.2539057682775 Prob: 0.5115645810242005 Frac: 0.13193128982262786
Step: 13933 Walker: 18 Trial Log Prob: 324.86528880904285 Prob: 0.8025413226854451 Frac: 0.1320305461409756
Number of steps: 14000 Acceptance Rate: 0.13238
Number of steps: 15000 Acceptance Rate: 0.1431
Step: 15005 Walker: 35 Trial Log Prob: -Inf Prob: 0.0 Frac: 0.14893617021276595
Step: 15113 Walker: 43 Trial Log Prob: 332.9817679546019 Prob: 1.7214146667223984e-6 Frac: 0.13893319156477052
Step: 15233 Walker: 15 Trial Log Prob: 302.0674493824734 Prob: 1.821710049103163e-15 Frac: 0.13835557468790358
Step: 15295 Walker: 41 Trial Log Prob: 311.5374921930613 Prob: 3.010078828766107e-12 Frac: 0.14008547588359
Step: 15390 Walker: 32 Trial Log Prob: 336.1468194565516 Prob: 0.21734922317762093 Frac: 0.13935940868493996
Step: 15517 Walker: 15 Trial Log Prob: -Inf Prob: 0.0 Frac: 0.1387565368971528
Step: 15873 Walker: 13 Trial Log Prob: 335.3244951014706 Prob: 1.20305823976506 Frac: 0.14186137160938253
Step: 15885 Walker: 28 Trial Log Prob: 329.1233617509094 Prob: 1.7555985709442634 Frac: 0.1420367188206566
Number of steps: 16000 Acceptance Rate: 0.14272
Step: 16217 Walker: 8 Trial Log Prob: 322.4483533733959 Prob: 2.563341540788461 Frac: 0.1362879348630644
Step: 16512 Walker: 50 Trial Log Prob: 338.8399113229236 Prob: 1.098717598429764 Frac: 0.132109375
Step: 16952 Walker: 35 Trial Log Prob: -Inf Prob: 0.0 Frac: 0.13254176736366502
Number of steps: 17000 Acceptance Rate: 0.13214
Step: 17034 Walker: 48 Trial Log Prob: 338.54634970942504 Prob: 0.6914288529707783 Frac: 0.13250883392226148
Step: 17188 Walker: 37 Trial Log Prob: 266.8124994028553 Prob: 4.355413561615556e-26 Frac: 0.12485352082667518
Step: 17284 Walker: 27 Trial Log Prob: -Inf Prob: 0.0 Frac: 0.12097058616068279
Step: 17321 Walker: 23 Trial Log Prob: 323.51269934991586 Prob: 0.003971308091295601 Frac: 0.11976533732759159
Number of steps: 18000 Acceptance Rate: 0.12052
Step: 18130 Walker: 42 Trial Log Prob: 325.2187847206149 Prob: 0.003527820768618859 Frac: 0.11198398028342575
Step: 18620 Walker: 27 Trial Log Prob: 339.52066856908573 Prob: 0.9483115149111168 Frac: 0.10404493656583917
Step: 18723 Walker: 24 Trial Log Prob: -Inf Prob: 0.0 Frac: 0.10555309489536042
Step: 18724 Walker: 36 Trial Log Prob: 336.6424878810536 Prob: 3.901173485551945e-9 Frac: 0.10551041839385397
Step: 18973 Walker: 33 Trial Log Prob: 326.60451431624983 Prob: 0.055187446159926754 Frac: 0.10793082886106142
Number of steps: 19000 Acceptance Rate: 0.10854
Step: 19476 Walker: 34 Trial Log Prob: 300.55517938773323 Prob: 7.572979435301513e-16 Frac: 0.1101580894719139
Step: 19613 Walker: 27 Trial Log Prob: -Inf Prob: 0.0 Frac: 0.11166617690273288
Step: 19666 Walker: 15 Trial Log Prob: 336.9705574728921 Prob: 0.15104775210533683 Frac: 0.11167894183075304
Step: 19720 Walker: 34 Trial Log Prob: 337.8851458187529 Prob: 0.056135467315699725 Frac: 0.11277234326367275
Step: 19774 Walker: 36 Trial Log Prob: 331.7021538823249 Prob: 2.821313081900543e-7 Frac: 0.11285736442123766
Step: 19825 Walker: 17 Trial Log Prob: 293.26809872339044 Prob: 4.34605491424781e-15 Frac: 0.11337554892398767
Step: 19994 Walker: 42 Trial Log Prob: -Inf Prob: 0.0 Frac: 0.11203010544956934
Number of steps: 20000 Acceptance Rate: 0.11202
Step: 20346 Walker: 42 Trial Log Prob: 325.17373093215934 Prob: 1.7399202838236318e-7 Frac: 0.10791117279666898
Step: 20594 Walker: 1 Trial Log Prob: 320.6975798682567 Prob: 0.0019690062402888233 Frac: 0.11092374624801862
Step: 20682 Walker: 1 Trial Log Prob: 338.0148065839903 Prob: 0.024665475389765597 Frac: 0.11139173592552348
Step: 20735 Walker: 31 Trial Log Prob: 334.2227122363519 Prob: 4.651075977044517e-5 Frac: 0.11181291007595764
Step: 20846 Walker: 23 Trial Log Prob: 334.3704786782159 Prob: 0.07671865315549362 Frac: 0.11205734156553829
Step: 20940 Walker: 45 Trial Log Prob: -Inf Prob: 0.0 Frac: 0.11254388764762209
Number of steps: 21000 Acceptance Rate: 0.1119
Step: 21038 Walker: 4 Trial Log Prob: 329.0194541463816 Prob: 0.0005927112396855048 Frac: 0.10571736785329018
Step: 21727 Walker: 3 Trial Log Prob: 324.1663995319592 Prob: 0.003357602229537775 Frac: 0.10214031898190232
Step: 21769 Walker: 8 Trial Log Prob: 336.1030699903217 Prob: 0.9052143825038633 Frac: 0.1022703603415955
Number of steps: 22000 Acceptance Rate: 0.10204
Step: 22313 Walker: 32 Trial Log Prob: 322.98925060205517 Prob: 3.436226271438846e-6 Frac: 0.0960849539406346
Step: 22401 Walker: 24 Trial Log Prob: 330.6381039300124 Prob: 1.519208500733209e-6 Frac: 0.09363763483819416
Step: 22590 Walker: 19 Trial Log Prob: 340.7530550455231 Prob: 3.31514882693703e-8 Frac: 0.09657606298143812
Step: 22774 Walker: 10 Trial Log Prob: 336.2761300887293 Prob: 5.5234789695282396e-8 Frac: 0.09741334712881532
Step: 22888 Walker: 21 Trial Log Prob: 316.78579765051813 Prob: 1.8047188763905056e-18 Frac: 0.09727073989768092
Number of steps: 23000 Acceptance Rate: 0.09702
Step: 23082 Walker: 14 Trial Log Prob: 270.00608509245774 Prob: 1.1109746780726124e-25 Frac: 0.09596456692913385
Step: 23612 Walker: 16 Trial Log Prob: 340.1101316568725 Prob: 0.0019256122705892207 Frac: 0.08116861872668979
Step: 23650 Walker: 11 Trial Log Prob: 329.6488447258943 Prob: 0.08297068217704445 Frac: 0.08182126243800253
Step: 23736 Walker: 21 Trial Log Prob: 330.8356758740127 Prob: 7.097835715450658e-12 Frac: 0.08185798591281172
Number of steps: 24000 Acceptance Rate: 0.08234
Step: 24060 Walker: 41 Trial Log Prob: 337.1886641848188 Prob: 10.456627416491418 Frac: 0.07388833166165162
Step: 24258 Walker: 35 Trial Log Prob: 314.3137413602352 Prob: 5.70946825768547e-11 Frac: 0.07481567714396585
Step: 24457 Walker: 33 Trial Log Prob: -Inf Prob: 0.0 Frac: 0.07322734638461875
Step: 24531 Walker: 50 Trial Log Prob: 337.83461316104535 Prob: 0.016537249764615576 Frac: 0.07295668549905839
Number of steps: 25000 Acceptance Rate: 0.07248
Step: 25309 Walker: 11 Trial Log Prob: 306.53664016479024 Prob: 1.383083030727677e-6 Frac: 0.062358055934073064
Step: 25409 Walker: 39 Trial Log Prob: 218.3870758607435 Prob: 2.252005265362103e-55 Frac: 0.06277215127941681
Step: 25416 Walker: 30 Trial Log Prob: 308.9189441961565 Prob: 2.316862750319299e-22 Frac: 0.06251203079884504
Step: 25676 Walker: 38 Trial Log Prob: 336.8283553906163 Prob: 0.5471782565104516 Frac: 0.062122647093642715
Step: 25812 Walker: 47 Trial Log Prob: 266.9209675573737 Prob: 1.5199809025243989e-34 Frac: 0.06175333152696012
Step: 25939 Walker: 44 Trial Log Prob: 243.5982954099521 Prob: 5.407058288991715e-45 Frac: 0.061839638718473075
Number of steps: 26000 Acceptance Rate: 0.06232
Step: 26345 Walker: 39 Trial Log Prob: -Inf Prob: 0.0 Frac: 0.05359939671674691
Step: 26405 Walker: 23 Trial Log Prob: 321.20893029133475 Prob: 6.727122890960049e-10 Frac: 0.05380012856648371
Step: 26747 Walker: 15 Trial Log Prob: 316.8320464142567 Prob: 7.095410633168765e-10 Frac: 0.05378534101567734
Step: 26748 Walker: 39 Trial Log Prob: 307.9285668851609 Prob: 5.031696795235088e-14 Frac: 0.05378587285030356
Step: 26836 Walker: 47 Trial Log Prob: 230.29600812734367 Prob: 2.7189915010401043e-47 Frac: 0.05404694116802641
Step: 26958 Walker: 25 Trial Log Prob: 332.3663136219677 Prob: 0.00023875049320392147 Frac: 0.052866840731070494
Step: 26992 Walker: 2 Trial Log Prob: -Inf Prob: 0.0 Frac: 0.05240958992573458
Number of steps: 27000 Acceptance Rate: 0.05232
Step: 27196 Walker: 31 Trial Log Prob: -134.7452034990219 Prob: 5.97415462443326e-206 Frac: 0.04764339024639607
Step: 27276 Walker: 8 Trial Log Prob: 126.42760139993975 Prob: 2.107179180420759e-89 Frac: 0.0519697630469545
Step: 27701 Walker: 28 Trial Log Prob: 268.60510370705055 Prob: 2.2414437457182048e-28 Frac: 0.05078794107571086
Number of steps: 28000 Acceptance Rate: 0.04824
Step: 28182 Walker: 5 Trial Log Prob: NaN Prob: NaN Frac: 0.046493649917172836
Step: 28252 Walker: 2 Trial Log Prob: 339.56354668955845 Prob: 0.06501389317350559 Frac: 0.04676545570427024
Step: 28346 Walker: 15 Trial Log Prob: -15274.75951239521 Prob: 0.0 Frac: 0.04703156675354764
Step: 28578 Walker: 9 Trial Log Prob: 215.1766022180755 Prob: 4.480433219988432e-50 Frac: 0.04567032814719845
Step: 28652 Walker: 34 Trial Log Prob: -171.52101357727315 Prob: 3.850107441865037e-217 Frac: 0.046219003191750554
Step: 28682 Walker: 43 Trial Log Prob: 151.80021653867112 Prob: 1.272380673256984e-78 Frac: 0.046549144985774206
Step: 28726 Walker: 49 Trial Log Prob: 297.27073246978534 Prob: 3.529673077314616e-15 Frac: 0.046475109507148955
Step: 28931 Walker: 43 Trial Log Prob: -185.63726754320493 Prob: 1.1355585003427463e-225 Frac: 0.04488322626388501
Step: 28971 Walker: 6 Trial Log Prob: 203.52275901677706 Prob: 7.036998925593344e-62 Frac: 0.04475734960623428
Number of steps: 29000 Acceptance Rate: 0.04438
Step: 29081 Walker: 33 Trial Log Prob: -Inf Prob: 0.0 Frac: 0.04314406149268535
Step: 29520 Walker: 28 Trial Log Prob: 307.69628968581213 Prob: 4.8660859341295314e-14 Frac: 0.046770344137346986
Step: 29676 Walker: 22 Trial Log Prob: 267.57335204744476 Prob: 8.420281848934798e-34 Frac: 0.048057562477792255
Number of steps: 30000 Acceptance Rate: 0.04796
Step: 30153 Walker: 9 Trial Log Prob: NaN Prob: NaN Frac: 0.046918123275068994
Step: 30269 Walker: 41 Trial Log Prob: 325.3662142533052 Prob: 1.1506922899032566e-8 Frac: 0.04761550479875009
Step: 30384 Walker: 37 Trial Log Prob: -Inf Prob: 0.0 Frac: 0.04774065773700943
Step: 30421 Walker: 48 Trial Log Prob: -112.80016128674018 Prob: 6.47920243942375e-194 Frac: 0.048365640440896994
Step: 30604 Walker: 27 Trial Log Prob: 257.9968729094719 Prob: 3.456514258550304e-40 Frac: 0.04861318222487325
Step: 30634 Walker: 2 Trial Log Prob: 332.2689998827674 Prob: 8.88951298656774e-5 Frac: 0.048527739163401994
Number of steps: 31000 Acceptance Rate: 0.04784
Step: 31297 Walker: 11 Trial Log Prob: 333.18883553881255 Prob: 1.0531898226032261 Frac: 0.05178583485247451
Step: 31835 Walker: 12 Trial Log Prob: -1259.160165073403 Prob: 0.0 Frac: 0.04828346758726505
Step: 31890 Walker: 3 Trial Log Prob: 331.83326468036256 Prob: 1.0041470154936845e-6 Frac: 0.04814073290891503
Number of steps: 32000 Acceptance Rate: 0.04862
Step: 32068 Walker: 36 Trial Log Prob: -Inf Prob: 0.0 Frac: 0.05670407560543414
Step: 32126 Walker: 17 Trial Log Prob: 333.4524573068622 Prob: 1.4721148897032383 Frac: 0.05042284984841232
Step: 32472 Walker: 37 Trial Log Prob: 333.35200125862906 Prob: 0.3009430251392486 Frac: 0.0460847076779582
Step: 32788 Walker: 17 Trial Log Prob: 264.2186977309259 Prob: 5.492543277053562e-31 Frac: 0.042776945157111286
Step: 32814 Walker: 26 Trial Log Prob: 218.1821349490699 Prob: 1.7999588124557473e-49 Frac: 0.04245746877765759
Number of steps: 33000 Acceptance Rate: 0.0413
Step: 33032 Walker: 30 Trial Log Prob: 347.56123033230205 Prob: 0.6015156448064545 Frac: 0.046202531645569624
Step: 33055 Walker: 43 Trial Log Prob: 234.76666696708241 Prob: 2.360066528977809e-41 Frac: 0.037550127597520966
Step: 33493 Walker: 46 Trial Log Prob: -76147.07065014934 Prob: 0.0 Frac: 0.04276556033433417
Step: 33903 Walker: 36 Trial Log Prob: -Inf Prob: 0.0 Frac: 0.042803970223325064
Step: 33989 Walker: 43 Trial Log Prob: -Inf Prob: 0.0 Frac: 0.04368666949821006
Number of steps: 34000 Acceptance Rate: 0.04362
Step: 34212 Walker: 19 Trial Log Prob: 328.51743786372873 Prob: 4.3467047195111374e-7 Frac: 0.04200965086573943
Step: 34646 Walker: 14 Trial Log Prob: NaN Prob: NaN Frac: 0.04382593602777089
Step: 34762 Walker: 24 Trial Log Prob: 337.7731430724102 Prob: 0.0001556451513711587 Frac: 0.04383568839628093
Step: 34986 Walker: 6 Trial Log Prob: -844.377160079067 Prob: 0.0 Frac: 0.04224866006171837
Number of steps: 35000 Acceptance Rate: 0.0422
Step: 35003 Walker: 37 Trial Log Prob: 277.93087465642657 Prob: 6.493976092026437e-26 Frac: 0.0364963503649635
Step: 35369 Walker: 16 Trial Log Prob: 290.67970799172633 Prob: 1.0737449256738534e-20 Frac: 0.037576020851433536
Step: 35394 Walker: 38 Trial Log Prob: 263.93700167414505 Prob: 2.4490755635129653e-33 Frac: 0.038297440065014225
Step: 35790 Walker: 48 Trial Log Prob: 171.8600356629178 Prob: 1.6029282279910974e-67 Frac: 0.041597042888247504
Number of steps: 36000 Acceptance Rate: 0.04122
Step: 36014 Walker: 41 Trial Log Prob: -2253.2573980815423 Prob: 0.0 Frac: 0.04341534008683068
Step: 36104 Walker: 7 Trial Log Prob: -488.98522505530065 Prob: 0.0 Frac: 0.04518130696141168
Step: 36159 Walker: 24 Trial Log Prob: -Inf Prob: 0.0 Frac: 0.046062594649167087
Step: 36233 Walker: 46 Trial Log Prob: 175.1388502317301 Prob: 5.432431454711052e-69 Frac: 0.04559505409582689
Step: 36347 Walker: 21 Trial Log Prob: -Inf Prob: 0.0 Frac: 0.04445470815772761
Step: 36528 Walker: 40 Trial Log Prob: 283.58274733787505 Prob: 2.549596889350363e-19 Frac: 0.043728685107995456
Step: 36587 Walker: 18 Trial Log Prob: NaN Prob: NaN Frac: 0.04376151169929736
Number of steps: 37000 Acceptance Rate: 0.0425
Step: 37275 Walker: 42 Trial Log Prob: 196.02232615352145 Prob: 8.19409902936131e-64 Frac: 0.038131276378984134
Step: 37320 Walker: 44 Trial Log Prob: -127.1806012100619 Prob: 1.1606800538489969e-197 Frac: 0.037138927097661624
Step: 37453 Walker: 30 Trial Log Prob: -64.31162851656516 Prob: 8.14441035880083e-180 Frac: 0.036588599204595666
Step: 37529 Walker: 22 Trial Log Prob: NaN Prob: NaN Frac: 0.03815002649307395
Step: 37594 Walker: 35 Trial Log Prob: -Inf Prob: 0.0 Frac: 0.038335859861883106
Step: 37626 Walker: 21 Trial Log Prob: -Inf Prob: 0.0 Frac: 0.0381503629560935
Step: 37691 Walker: 4 Trial Log Prob: -Inf Prob: 0.0 Frac: 0.03866218409459773
Step: 37696 Walker: 21 Trial Log Prob: -Inf Prob: 0.0 Frac: 0.038624140806994334
Step: 37759 Walker: 37 Trial Log Prob: 332.8660683467502 Prob: 0.5760749491048218 Frac: 0.03895932730579645
Step: 37839 Walker: 12 Trial Log Prob: 323.54751840984414 Prob: 1.6802465372512452e-6 Frac: 0.03886715021950754
Number of steps: 38000 Acceptance Rate: 0.03976
Step: 38003 Walker: 36 Trial Log Prob: -Inf Prob: 0.0 Frac: 0.051470588235294115
Step: 38076 Walker: 46 Trial Log Prob: 214.27505959403223 Prob: 2.753935304021511e-57 Frac: 0.04399367755532139
Step: 38487 Walker: 26 Trial Log Prob: 295.1950934739433 Prob: 1.2901547620238463e-16 Frac: 0.04267039381731481
Step: 38665 Walker: 9 Trial Log Prob: NaN Prob: NaN Frac: 0.04083230449576922
Step: 38842 Walker: 9 Trial Log Prob: 112.07243070158484 Prob: 1.9482107770294262e-98 Frac: 0.03977745547920778
Number of steps: 39000 Acceptance Rate: 0.03854
Step: 39030 Walker: 34 Trial Log Prob: -568.5329603365531 Prob: 0.0 Frac: 0.027628032345013476
Step: 39073 Walker: 14 Trial Log Prob: 330.50096104535396 Prob: 0.1597704671859195 Frac: 0.030437188710570006
Step: 39083 Walker: 15 Trial Log Prob: 331.8738755024959 Prob: 0.7542306736252576 Frac: 0.03183475091130012
Step: 39154 Walker: 4 Trial Log Prob: -4015.4098007502225 Prob: 0.0 Frac: 0.031486804285341
Step: 39315 Walker: 14 Trial Log Prob: -202.98961036430472 Prob: 5.084443782597049e-233 Frac: 0.03258241058928344
Step: 39581 Walker: 14 Trial Log Prob: -1563.1659426241195 Prob: 0.0 Frac: 0.034707382642862064
Step: 39712 Walker: 22 Trial Log Prob: 145.9818297131676 Prob: 4.657120422805815e-84 Frac: 0.03530866974024514
Step: 39815 Walker: 12 Trial Log Prob: 333.93339977882613 Prob: 1.1365663322118658 Frac: 0.03559147180192572
Step: 39914 Walker: 38 Trial Log Prob: 334.84371080653204 Prob: 0.19146529209456767 Frac: 0.03622395377341971
Step: 39947 Walker: 43 Trial Log Prob: NaN Prob: NaN Frac: 0.036203873856747566
Step: 39992 Walker: 30 Trial Log Prob: -Inf Prob: 0.0 Frac: 0.03644614764017749
Number of steps: 40000 Acceptance Rate: 0.03634
Step: 40153 Walker: 31 Trial Log Prob: 140.24952605945057 Prob: 4.851586878357452e-83 Frac: 0.034071550255536626
Step: 40158 Walker: 31 Trial Log Prob: 307.03880788424226 Prob: 4.5118173390561584e-13 Frac: 0.03400583682273823
Step: 40167 Walker: 49 Trial Log Prob: -1420.2371047931983 Prob: 0.0 Frac: 0.03485447358965146
Step: 40693 Walker: 38 Trial Log Prob: NaN Prob: NaN Frac: 0.03458629251111496
Step: 40696 Walker: 42 Trial Log Prob: -611.5329873733626 Prob: 0.0 Frac: 0.034548171993561735
Step: 40738 Walker: 28 Trial Log Prob: -572.9242598367189 Prob: 0.0 Frac: 0.034166711860729976
Number of steps: 41000 Acceptance Rate: 0.0352
Step: 41034 Walker: 37 Trial Log Prob: 339.99185369959844 Prob: 0.0025340895067173584 Frac: 0.04090100770598696
Step: 41147 Walker: 6 Trial Log Prob: 293.26040444982465 Prob: 3.173572151054643e-14 Frac: 0.0349028196003285
Step: 41359 Walker: 7 Trial Log Prob: 52.32031971279281 Prob: 2.0494385429789667e-126 Frac: 0.03484670799128832
Step: 41436 Walker: 45 Trial Log Prob: 312.71779982062867 Prob: 1.38303254479658e-9 Frac: 0.03491626519844001
Step: 41538 Walker: 18 Trial Log Prob: -1704.28052824273 Prob: 0.0 Frac: 0.03569301771624237
Step: 41582 Walker: 29 Trial Log Prob: -Inf Prob: 0.0 Frac: 0.03490491419925032
Step: 41977 Walker: 40 Trial Log Prob: -Inf Prob: 0.0 Frac: 0.03482800982800983
Number of steps: 42000 Acceptance Rate: 0.0347
Step: 42457 Walker: 41 Trial Log Prob: 228.17260769399275 Prob: 1.1856564965261181e-46 Frac: 0.030646644192460926
Step: 42497 Walker: 30 Trial Log Prob: -Inf Prob: 0.0 Frac: 0.030608135320177206
Number of steps: 43000 Acceptance Rate: 0.03128
Number of steps: 44000 Acceptance Rate: 0.03292
Step: 44334 Walker: 9 Trial Log Prob: 274.0476587387832 Prob: 3.3543686584490175e-25 Frac: 0.03553634671949096
Step: 44475 Walker: 28 Trial Log Prob: -150.3639245977286 Prob: 1.1086921842878406e-206 Frac: 0.0356962238705327
Step: 44531 Walker: 33 Trial Log Prob: 322.37790670648957 Prob: 3.3754053009594533e-12 Frac: 0.03591753665247051
Step: 44632 Walker: 28 Trial Log Prob: -421.73072184030303 Prob: 0.0 Frac: 0.035341060231806956
Step: 44849 Walker: 8 Trial Log Prob: 172.02319659675607 Prob: 1.4880569930252254e-75 Frac: 0.03560648934163366
Step: 44902 Walker: 18 Trial Log Prob: 6.6723960938712175 Prob: 1.1242680115526648e-147 Frac: 0.035435342149640545
Number of steps: 45000 Acceptance Rate: 0.03526
Step: 45824 Walker: 25 Trial Log Prob: -Inf Prob: 0.0 Frac: 0.031548269581056464
Step: 45991 Walker: 5 Trial Log Prob: -Inf Prob: 0.0 Frac: 0.03268356731643268
Number of steps: 46000 Acceptance Rate: 0.03282
Step: 46407 Walker: 40 Trial Log Prob: NaN Prob: NaN Frac: 0.030580137659783676
Step: 46640 Walker: 30 Trial Log Prob: -Inf Prob: 0.0 Frac: 0.030393996247654785
Step: 46671 Walker: 44 Trial Log Prob: NaN Prob: NaN Frac: 0.03061650369663725
Step: 46785 Walker: 45 Trial Log Prob: 320.34904536607036 Prob: 0.0004711885153982528 Frac: 0.029940119760479042
Step: 46847 Walker: 21 Trial Log Prob: -Inf Prob: 0.0 Frac: 0.029725195529406206
Step: 46948 Walker: 49 Trial Log Prob: 303.9591258435451 Prob: 1.4129335047020644e-10 Frac: 0.029557585603071795
Number of steps: 47000 Acceptance Rate: 0.02944
Step: 47215 Walker: 11 Trial Log Prob: -476.90058516462517 Prob: 0.0 Frac: 0.030436000373447857
Step: 47630 Walker: 50 Trial Log Prob: 203.22249669665575 Prob: 8.269381335249995e-59 Frac: 0.027301587301587302
Step: 47639 Walker: 38 Trial Log Prob: -Inf Prob: 0.0 Frac: 0.027365520696349177
Step: 47694 Walker: 21 Trial Log Prob: -275.9158197279461 Prob: 1.5601426163066846e-273 Frac: 0.027111995615932624
Step: 47811 Walker: 14 Trial Log Prob: -1326.2239181396446 Prob: 0.0 Frac: 0.027126425433183592
Step: 47942 Walker: 20 Trial Log Prob: 332.89580270933186 Prob: 0.7447969916566892 Frac: 0.02710856171659231
Number of steps: 48000 Acceptance Rate: 0.027
Step: 48644 Walker: 6 Trial Log Prob: 294.0828732591229 Prob: 1.2631808370150942e-20 Frac: 0.02338599328274661
Step: 48860 Walker: 30 Trial Log Prob: 251.26483298550943 Prob: 1.0490601229918709e-43 Frac: 0.02340623545835272
Number of steps: 49000 Acceptance Rate: 0.02358
Step: 49176 Walker: 34 Trial Log Prob: -299.29175007870504 Prob: 3.302262415984289e-275 Frac: 0.023451730418943533
Step: 49512 Walker: 50 Trial Log Prob: 330.8240685738894 Prob: 0.0024474208535763525 Frac: 0.021953125
Step: 49921 Walker: 12 Trial Log Prob: -191.41841584228948 Prob: 6.147433784919245e-233 Frac: 0.02397200730244284
Step: 49990 Walker: 10 Trial Log Prob: 263.05028877971534 Prob: 5.2156921967178064e-36 Frac: 0.024302466639708857
Number of steps: 50000 Acceptance Rate: 0.02424
Burn-in Number (ends): 50000
Independent Sample Size: 257.25210875011237
2016.698031 seconds (101.45 M allocations: 1.998 TiB, 12.61% gc time)
