args = ["mcmc", "60.0", "30", "pppp"]
Parameters from fit: [2.2954885139735047e-6, 224.7007854294315, 2.4335037685455442e6, -0.009539515762024324, 0.008581312088145868, 3.022097217127498e-6, 365.2564633925502, 2.433624407228818e6, 0.006929923588172869, 0.009801924501745284, 0.00010378215590518034, 1734.2937477736946, 2.4394147035900494e6, 0.24775974129391626, 0.04662387243055383, 0.000676397795623817, 4082.8022964572624, 2.4391669039963293e6, -0.003583337818212548, -0.02293882579970916]
Maximum log Prob from fit: -165.61082190025672
Step: 19 Walker: 48 Trial Log Prob: 323.58638016373015 Prob: 2.9190187095878626e-8 Frac: 0.3470464135021097
Step: 481 Walker: 27 Trial Log Prob: 546.8721504956953 Prob: 37.20407637403913 Frac: 0.25558746410288424
Step: 484 Walker: 40 Trial Log Prob: 547.5672363863047 Prob: 1.7802662395969604 Frac: 0.25522943365026873
Step: 533 Walker: 48 Trial Log Prob: 551.1842849068282 Prob: 1.3598527541583445 Frac: 0.25135094566196337
Step: 816 Walker: 48 Trial Log Prob: 548.6626908074178 Prob: 8.636240732541667 Frac: 0.23398205794401686
Step: 846 Walker: 44 Trial Log Prob: 337.1030823094144 Prob: 5.6609562713776106e-101 Frac: 0.23298813070411878
Step: 863 Walker: 26 Trial Log Prob: 549.6819539984596 Prob: 0.013361740037186244 Frac: 0.23234243843621016
Step: 929 Walker: 13 Trial Log Prob: -Inf Prob: 0.0 Frac: 0.2298709413310926
Number of steps: 1000 Acceptance Rate: 0.22804
Step: 1600 Walker: 34 Trial Log Prob: 408.9002198293221 Prob: 5.724994526649292e-57 Frac: 0.20854455709711847
Step: 1934 Walker: 13 Trial Log Prob: 523.5038664070144 Prob: 9.349516592344434 Frac: 0.20545185693161605
Number of steps: 2000 Acceptance Rate: 0.20632
Step: 2014 Walker: 36 Trial Log Prob: 553.8062028709544 Prob: 0.03240953658305803 Frac: 0.21428571428571427
Step: 2065 Walker: 1 Trial Log Prob: 551.4950557697454 Prob: 4.46102222800418 Frac: 0.2077475788815995
Step: 2131 Walker: 37 Trial Log Prob: 478.87426871543397 Prob: 8.501862501413333e-16 Frac: 0.2112589873030442
Step: 2189 Walker: 49 Trial Log Prob: -Inf Prob: 0.0 Frac: 0.20690020107947932
Step: 2220 Walker: 19 Trial Log Prob: 536.3792406869608 Prob: 0.21719254499244536 Frac: 0.2068556842009299
Step: 2375 Walker: 31 Trial Log Prob: 555.9110949477964 Prob: 0.10362635188578904 Frac: 0.20420692968875126
Step: 2487 Walker: 26 Trial Log Prob: 541.5020672147454 Prob: 0.119536675663424 Frac: 0.20673353613417741
Step: 2847 Walker: 35 Trial Log Prob: 546.2949522201093 Prob: 1.7564913082477591 Frac: 0.20916499350419274
Step: 2980 Walker: 7 Trial Log Prob: -Inf Prob: 0.0 Frac: 0.20844823007945748
Number of steps: 3000 Acceptance Rate: 0.2081
Step: 3058 Walker: 17 Trial Log Prob: 555.4421776551595 Prob: 1.9073542040379718 Frac: 0.19218695500523195
Step: 3066 Walker: 39 Trial Log Prob: 533.9636465483819 Prob: 0.0009566914332538538 Frac: 0.19458802067497719
Step: 3184 Walker: 37 Trial Log Prob: 466.099192888766 Prob: 2.686909823410726e-26 Frac: 0.2023511483618156
Step: 3191 Walker: 7 Trial Log Prob: 541.2088941437152 Prob: 0.028801466453995884 Frac: 0.20279793836120752
Step: 3252 Walker: 41 Trial Log Prob: 544.6270771782321 Prob: 0.34613173451424556 Frac: 0.2019696608688746
Step: 3263 Walker: 7 Trial Log Prob: 545.515383923091 Prob: 0.08719622914210401 Frac: 0.20111390859845885
Step: 3401 Walker: 12 Trial Log Prob: 530.6682971998442 Prob: 0.0002581305193034968 Frac: 0.20162902258644813
Step: 3428 Walker: 40 Trial Log Prob: 543.4013034896016 Prob: 1.021225347639442e-5 Frac: 0.20177653108929405
Step: 3652 Walker: 15 Trial Log Prob: 550.9836744968154 Prob: 1.1243546746241437e-6 Frac: 0.19929372025180409
Number of steps: 4000 Acceptance Rate: 0.2015
Step: 4064 Walker: 40 Trial Log Prob: 545.5330463481216 Prob: 0.9202398415824968 Frac: 0.19843260188087775
Step: 4421 Walker: 22 Trial Log Prob: 523.0326641270506 Prob: 3.1898848852916367e-6 Frac: 0.2152982589667967
Step: 4450 Walker: 49 Trial Log Prob: 548.4307249116039 Prob: 0.9573520373921937 Frac: 0.21480954709098182
Step: 4981 Walker: 48 Trial Log Prob: 422.71845095107284 Prob: 2.573316636146233e-53 Frac: 0.21185369434023812
Number of steps: 5000 Acceptance Rate: 0.21162
Step: 5275 Walker: 4 Trial Log Prob: 547.0375296478686 Prob: 3.560715864273625 Frac: 0.21147110332749564
Step: 5411 Walker: 33 Trial Log Prob: 529.7935332914666 Prob: 2.3557170079469275e-10 Frac: 0.210977450932645
Step: 5432 Walker: 44 Trial Log Prob: 554.7258795706963 Prob: 1.7914046767252e-5 Frac: 0.210150967861443
Step: 5703 Walker: 38 Trial Log Prob: 545.9423593866559 Prob: 0.16251418117179023 Frac: 0.21019978370994366
Step: 5744 Walker: 43 Trial Log Prob: -Inf Prob: 0.0 Frac: 0.21044282526281827
Step: 5803 Walker: 47 Trial Log Prob: 549.6493404371477 Prob: 1.2605633919142192 Frac: 0.2108501257877301
Number of steps: 6000 Acceptance Rate: 0.2115
Step: 6220 Walker: 32 Trial Log Prob: 535.7364566797795 Prob: 0.034664735172404156 Frac: 0.21070843197960298
Step: 6278 Walker: 23 Trial Log Prob: 549.7757676681352 Prob: 0.026289924767460178 Frac: 0.2104087075614503
Step: 6353 Walker: 18 Trial Log Prob: -Inf Prob: 0.0 Frac: 0.2094448859121353
Step: 6396 Walker: 30 Trial Log Prob: 435.575768295891 Prob: 1.996435601395538e-43 Frac: 0.21172901921132456
Step: 6457 Walker: 48 Trial Log Prob: 551.082679151556 Prob: 0.10765769143881718 Frac: 0.2111344537815126
Step: 6509 Walker: 28 Trial Log Prob: 495.902284368992 Prob: 1.5196269663629774e-12 Frac: 0.2113025011798018
Step: 6732 Walker: 8 Trial Log Prob: 545.4212497443497 Prob: 3.174614160192986 Frac: 0.20892827835220745
Step: 6803 Walker: 37 Trial Log Prob: 377.39672948670875 Prob: 1.0504484814252124e-69 Frac: 0.20880982634476916
Step: 6851 Walker: 44 Trial Log Prob: -Inf Prob: 0.0 Frac: 0.209101165851824
Step: 6962 Walker: 26 Trial Log Prob: -Inf Prob: 0.0 Frac: 0.20958482402862136
Number of steps: 7000 Acceptance Rate: 0.20948
Step: 7176 Walker: 22 Trial Log Prob: -Inf Prob: 0.0 Frac: 0.19596443228454172
Step: 7181 Walker: 34 Trial Log Prob: 535.2847581836551 Prob: 0.05712478257996031 Frac: 0.19459818463582024
Step: 7466 Walker: 35 Trial Log Prob: -Inf Prob: 0.0 Frac: 0.2038222031350655
Step: 7530 Walker: 41 Trial Log Prob: 558.3689333364676 Prob: 0.011410152387107157 Frac: 0.20542825865388245
Step: 7577 Walker: 29 Trial Log Prob: 551.4830098684002 Prob: 7.650031591945148e-6 Frac: 0.20732595650213326
Step: 7753 Walker: 5 Trial Log Prob: -Inf Prob: 0.0 Frac: 0.20555777157292912
Number of steps: 8000 Acceptance Rate: 0.20858
Step: 8631 Walker: 40 Trial Log Prob: -Inf Prob: 0.0 Frac: 0.21366518706404566
Number of steps: 9000 Acceptance Rate: 0.21038
Step: 9237 Walker: 41 Trial Log Prob: -Inf Prob: 0.0 Frac: 0.20986403175407484
Step: 9448 Walker: 37 Trial Log Prob: 386.5520615953641 Prob: 6.730119474169476e-61 Frac: 0.20802251306561845
Step: 9787 Walker: 37 Trial Log Prob: 523.6979487634762 Prob: 0.0019194863388577164 Frac: 0.2074128682919389
Step: 9794 Walker: 39 Trial Log Prob: 558.4234709923297 Prob: 0.0012588327255497957 Frac: 0.20763939630628134
Step: 9903 Walker: 43 Trial Log Prob: -Inf Prob: 0.0 Frac: 0.20833794829763197
Step: 9938 Walker: 33 Trial Log Prob: 534.8649839287955 Prob: 0.00021059100221306756 Frac: 0.20832711217285582
Number of steps: 10000 Acceptance Rate: 0.20754
Step: 10339 Walker: 30 Trial Log Prob: 277.2215161439883 Prob: 5.128070234878937e-106 Frac: 0.19970466627288835
Step: 10372 Walker: 11 Trial Log Prob: 542.3240742788007 Prob: 0.21066002309455734 Frac: 0.19842680890038253
Step: 10543 Walker: 16 Trial Log Prob: 499.7369656485062 Prob: 1.2254415784058602e-11 Frac: 0.20154152529871663
Step: 10643 Walker: 46 Trial Log Prob: 551.5552244545049 Prob: 1.0430651988486137 Frac: 0.20232688359360418
Step: 10954 Walker: 8 Trial Log Prob: 547.7824259107266 Prob: 0.774651986502774 Frac: 0.20558982752108776
Number of steps: 11000 Acceptance Rate: 0.20578
Step: 11253 Walker: 8 Trial Log Prob: 549.2385838505566 Prob: 0.781954839067452 Frac: 0.21533946700507614
Step: 11529 Walker: 50 Trial Log Prob: 439.5817742536292 Prob: 9.495818124631573e-48 Frac: 0.2130812854442344
Step: 11727 Walker: 9 Trial Log Prob: 548.0490962413542 Prob: 0.875056891981666 Frac: 0.21176567793109147
Step: 11879 Walker: 39 Trial Log Prob: -Inf Prob: 0.0 Frac: 0.21158879355470084
Number of steps: 12000 Acceptance Rate: 0.20962
Step: 12511 Walker: 10 Trial Log Prob: 428.36532509806534 Prob: 2.291046607092394e-54 Frac: 0.20180321442571542
Step: 12612 Walker: 16 Trial Log Prob: 399.6847480498896 Prob: 1.6438276353231625e-57 Frac: 0.20015703723091016
Step: 12670 Walker: 28 Trial Log Prob: -Inf Prob: 0.0 Frac: 0.19965350379353605
Step: 12803 Walker: 24 Trial Log Prob: 555.1126975663896 Prob: 0.005069477275751887 Frac: 0.19910776592563054
Number of steps: 13000 Acceptance Rate: 0.19784
Step: 13178 Walker: 9 Trial Log Prob: 499.33975855477826 Prob: 1.4437622045533022e-13 Frac: 0.1859126312224856
Step: 13473 Walker: 41 Trial Log Prob: 540.7329971042509 Prob: 0.00015445374360930058 Frac: 0.18641343428788967
Step: 13548 Walker: 5 Trial Log Prob: 548.3553867781158 Prob: 1.0993309952251515 Frac: 0.18497532443794554
Step: 13583 Walker: 10 Trial Log Prob: 334.04911472073456 Prob: 7.622412775122466e-86 Frac: 0.18512538646513227
Step: 13819 Walker: 46 Trial Log Prob: 523.0933384832223 Prob: 4.862789110377851e-7 Frac: 0.18458457480584184
Step: 13910 Walker: 34 Trial Log Prob: 328.4599127130785 Prob: 1.7579024330318549e-87 Frac: 0.18461436988831237
Number of steps: 14000 Acceptance Rate: 0.18538
Step: 14062 Walker: 31 Trial Log Prob: -Inf Prob: 0.0 Frac: 0.1970139565076274
Step: 14491 Walker: 41 Trial Log Prob: 551.7844091302225 Prob: 0.00016022586796010025 Frac: 0.18780815777678173
Step: 14563 Walker: 40 Trial Log Prob: 545.2576330478252 Prob: 0.00027332452204743114 Frac: 0.18884150675195452
Step: 14649 Walker: 43 Trial Log Prob: -Inf Prob: 0.0 Frac: 0.1884227722467096
Step: 14650 Walker: 26 Trial Log Prob: 531.2604770073855 Prob: 0.0005263330249114848 Frac: 0.1883236851829043
Step: 14781 Walker: 44 Trial Log Prob: 528.3345328512943 Prob: 2.4116942196794128e-6 Frac: 0.19106648908923266
Step: 14912 Walker: 35 Trial Log Prob: 547.4874437349133 Prob: 3.225740048099837 Frac: 0.1914226170889547
Step: 14954 Walker: 16 Trial Log Prob: 542.523281131651 Prob: 1.8365032830716077 Frac: 0.19217051986741074
Number of steps: 15000 Acceptance Rate: 0.19254
Number of steps: 16000 Acceptance Rate: 0.1946
Step: 16598 Walker: 26 Trial Log Prob: 539.4442283398892 Prob: 0.002591518550030284 Frac: 0.19048734770384254
Number of steps: 17000 Acceptance Rate: 0.19344
Step: 17376 Walker: 15 Trial Log Prob: 531.8374399036898 Prob: 6.291025261224183 Frac: 0.18944844124700239
Step: 17671 Walker: 17 Trial Log Prob: 548.6394614194041 Prob: 0.04860817657331459 Frac: 0.19321538323835666
Step: 17763 Walker: 13 Trial Log Prob: 542.1615646710036 Prob: 0.18229110062398318 Frac: 0.19282134704693937
Step: 17830 Walker: 18 Trial Log Prob: 527.4214111244715 Prob: 0.17775149817803348 Frac: 0.19347448635092118
Step: 17941 Walker: 20 Trial Log Prob: 538.2854310193953 Prob: 0.599466632859289 Frac: 0.1935133985538069
Step: 17993 Walker: 35 Trial Log Prob: 542.4372546073485 Prob: 0.03816044522957584 Frac: 0.19365367180417045
Number of steps: 18000 Acceptance Rate: 0.19382
Step: 18080 Walker: 29 Trial Log Prob: 537.0654885999446 Prob: 0.08587023489606768 Frac: 0.20482533299824077
Step: 18279 Walker: 9 Trial Log Prob: 535.1330131536604 Prob: 0.008323747986154121 Frac: 0.19397512402041844
Step: 18349 Walker: 31 Trial Log Prob: -Inf Prob: 0.0 Frac: 0.19637427571567898
Step: 18515 Walker: 11 Trial Log Prob: -Inf Prob: 0.0 Frac: 0.1950138073198242
Number of steps: 19000 Acceptance Rate: 0.1944
Step: 19662 Walker: 6 Trial Log Prob: 551.8166027260422 Prob: 1.6655400188142257e-5 Frac: 0.1950024201355276
Step: 19720 Walker: 19 Trial Log Prob: 552.6931475197456 Prob: 0.0015390250264018742 Frac: 0.19450082015068532
Step: 19928 Walker: 45 Trial Log Prob: -Inf Prob: 0.0 Frac: 0.1960556094406725
Number of steps: 20000 Acceptance Rate: 0.19652
Step: 20258 Walker: 32 Trial Log Prob: 552.5869203635041 Prob: 0.0018449567642492444 Frac: 0.19616519174041297
Step: 20310 Walker: 35 Trial Log Prob: 552.8265771261813 Prob: 0.0033678526292055463 Frac: 0.19832095576364223
Step: 20377 Walker: 12 Trial Log Prob: -Inf Prob: 0.0 Frac: 0.19987242185838827
Step: 20386 Walker: 48 Trial Log Prob: -Inf Prob: 0.0 Frac: 0.19950253912322521
Step: 20587 Walker: 27 Trial Log Prob: 539.2096207206896 Prob: 0.05056608661086463 Frac: 0.19783816960480102
Step: 20828 Walker: 1 Trial Log Prob: 534.3363176179874 Prob: 0.4816708467491756 Frac: 0.20006771299363982
Number of steps: 21000 Acceptance Rate: 0.20006
Step: 21151 Walker: 41 Trial Log Prob: 551.7847796429079 Prob: 2.6529104622223373e-5 Frac: 0.20806259116828008
Number of steps: 22000 Acceptance Rate: 0.19588
Step: 22075 Walker: 46 Trial Log Prob: 541.7702836148787 Prob: 1.0382232647002165 Frac: 0.18953550453817405
Step: 22432 Walker: 12 Trial Log Prob: 541.574015245413 Prob: 2.944439618111922e-6 Frac: 0.1909377608756145
Step: 22486 Walker: 4 Trial Log Prob: 557.7069182977403 Prob: 0.0895466568536816 Frac: 0.18961820730601137
Step: 22673 Walker: 33 Trial Log Prob: 550.950570438544 Prob: 0.002435694595393328 Frac: 0.18933785270418935
Step: 22676 Walker: 48 Trial Log Prob: 551.3806215862255 Prob: 0.3269568866554466 Frac: 0.18947866737676786
Step: 22690 Walker: 15 Trial Log Prob: -Inf Prob: 0.0 Frac: 0.18990279994197012
Step: 22831 Walker: 20 Trial Log Prob: 545.5413871853438 Prob: 0.79450902924781 Frac: 0.19250963391136802
Number of steps: 23000 Acceptance Rate: 0.19196
Step: 23018 Walker: 50 Trial Log Prob: 554.7933691253194 Prob: 1.18802885262892e-5 Frac: 0.21333333333333335
Step: 23666 Walker: 30 Trial Log Prob: 553.4556360589096 Prob: 0.010383584744571258 Frac: 0.19786658653846154
Step: 23881 Walker: 21 Trial Log Prob: 551.8381896398071 Prob: 0.8611726577246382 Frac: 0.1969514549873924
Step: 23897 Walker: 2 Trial Log Prob: 537.6715390178384 Prob: 0.06963049525309628 Frac: 0.19691085219409848
Number of steps: 24000 Acceptance Rate: 0.19682
Step: 24219 Walker: 42 Trial Log Prob: -22.4889007407587 Prob: 2.4754377232443274e-240 Frac: 0.2067263754341071
Step: 24683 Walker: 21 Trial Log Prob: 553.6579887882144 Prob: 0.12417303782518954 Frac: 0.20491779256176548
Step: 24780 Walker: 37 Trial Log Prob: 404.0642652940105 Prob: 1.7236116985197434e-55 Frac: 0.20447841588221716
Step: 24800 Walker: 32 Trial Log Prob: 547.1741661730642 Prob: 0.042085019587645836 Frac: 0.20481716772547645
Step: 24811 Walker: 45 Trial Log Prob: 537.9399723394168 Prob: 0.06853916388814527 Frac: 0.20490812677272166
Step: 24816 Walker: 5 Trial Log Prob: 505.2821030715551 Prob: 1.2842495036631781e-11 Frac: 0.20503005766163662
Number of steps: 25000 Acceptance Rate: 0.20588
Step: 25892 Walker: 15 Trial Log Prob: 520.7278067386012 Prob: 7.130422980576213e-5 Frac: 0.20397172669134972
Step: 25999 Walker: 2 Trial Log Prob: -Inf Prob: 0.0 Frac: 0.20488156787303113
Number of steps: 26000 Acceptance Rate: 0.20478
Step: 26514 Walker: 3 Trial Log Prob: -Inf Prob: 0.0 Frac: 0.21927259969594198
Step: 26703 Walker: 44 Trial Log Prob: 443.0452016700603 Prob: 1.9149500843251177e-46 Frac: 0.2142328704757569
Step: 26848 Walker: 47 Trial Log Prob: 551.2385762646853 Prob: 0.0001064534188882208 Frac: 0.21138288086421209
Number of steps: 27000 Acceptance Rate: 0.2115
Step: 27155 Walker: 38 Trial Log Prob: -Inf Prob: 0.0 Frac: 0.21749806151460327
Step: 27397 Walker: 41 Trial Log Prob: 419.28803436353365 Prob: 4.8506312321531875e-62 Frac: 0.21420291315961898
Step: 27626 Walker: 30 Trial Log Prob: 552.9958922676501 Prob: 0.4011408358704873 Frac: 0.21259590792838876
Step: 27947 Walker: 33 Trial Log Prob: 548.0719959614794 Prob: 1.1271993979928472 Frac: 0.21156487017514208
Number of steps: 28000 Acceptance Rate: 0.21182
Step: 28159 Walker: 44 Trial Log Prob: 547.9484149611553 Prob: 0.16074628668151117 Frac: 0.19511581067472306
Step: 28254 Walker: 17 Trial Log Prob: 529.1955658565727 Prob: 0.683100658675542 Frac: 0.1984684613562801
Step: 28472 Walker: 15 Trial Log Prob: 508.0650464497812 Prob: 4.599476551584496e-9 Frac: 0.1994907702100573
Step: 28478 Walker: 19 Trial Log Prob: -Inf Prob: 0.0 Frac: 0.1996313209602413
Step: 28552 Walker: 23 Trial Log Prob: 448.5574577197089 Prob: 3.689241474996397e-40 Frac: 0.19957929858919957
Step: 28644 Walker: 21 Trial Log Prob: 545.035433711219 Prob: 0.7169706543194654 Frac: 0.19996269932547947
Number of steps: 29000 Acceptance Rate: 0.19902
Step: 29130 Walker: 15 Trial Log Prob: 481.6311920110679 Prob: 1.2298392016532697e-19 Frac: 0.19365815931941222
Step: 29222 Walker: 39 Trial Log Prob: -Inf Prob: 0.0 Frac: 0.19036883397961946
Step: 29812 Walker: 8 Trial Log Prob: 552.8700295578241 Prob: 2.101232539846503e-6 Frac: 0.19093643670792446
Number of steps: 30000 Acceptance Rate: 0.19238
Step: 30476 Walker: 42 Trial Log Prob: 295.11896500728153 Prob: 1.1070791291510048e-106 Frac: 0.19472932078009414
Step: 30572 Walker: 2 Trial Log Prob: 542.8235265531808 Prob: 0.12805866584875994 Frac: 0.19284113196973943
Step: 30815 Walker: 18 Trial Log Prob: 426.74102359077045 Prob: 3.0618881779173604e-61 Frac: 0.1922736873127364
Step: 30832 Walker: 24 Trial Log Prob: 532.3660116496073 Prob: 2.87591407529935e-7 Frac: 0.19262038774233897
Step: 30896 Walker: 24 Trial Log Prob: 533.2003226122572 Prob: 0.007751827309280749 Frac: 0.1921874302050297
Number of steps: 31000 Acceptance Rate: 0.19218
Step: 31021 Walker: 48 Trial Log Prob: 528.0723060317376 Prob: 1.9986987843458906e-7 Frac: 0.18225190839694658
Step: 31324 Walker: 16 Trial Log Prob: 553.6807602562176 Prob: 0.005977357983422077 Frac: 0.19454410491154275
Step: 31457 Walker: 49 Trial Log Prob: -Inf Prob: 0.0 Frac: 0.19370650794345484
Step: 31633 Walker: 47 Trial Log Prob: -Inf Prob: 0.0 Frac: 0.19363604765064618
Step: 31971 Walker: 17 Trial Log Prob: 539.5976549514767 Prob: 0.027007313775822463 Frac: 0.1922006719294268
Number of steps: 32000 Acceptance Rate: 0.19204
Step: 32237 Walker: 14 Trial Log Prob: 498.9026568251745 Prob: 1.6763355502330154e-25 Frac: 0.18054850177755205
Step: 32284 Walker: 9 Trial Log Prob: 518.1793146563947 Prob: 0.007314367183982811 Frac: 0.18045059679355888
Step: 32319 Walker: 7 Trial Log Prob: 547.2944598266787 Prob: 0.978919298911882 Frac: 0.18155529012384486
Step: 32326 Walker: 38 Trial Log Prob: 547.9292728152335 Prob: 0.8798699794632536 Frac: 0.18166748526522594
Step: 32627 Walker: 5 Trial Log Prob: 549.0535732475241 Prob: 1.187060257405227 Frac: 0.18457115476760902
Number of steps: 33000 Acceptance Rate: 0.18732
Step: 33385 Walker: 6 Trial Log Prob: 533.4435038165273 Prob: 3.06397137584092e-9 Frac: 0.18072477350827867
Step: 33572 Walker: 1 Trial Log Prob: 527.6809403083882 Prob: 1.430564270050625e-6 Frac: 0.1802738958355224
Step: 33720 Walker: 25 Trial Log Prob: 547.7697021202747 Prob: 1.3402414880568896 Frac: 0.18193189715079916
Step: 33809 Walker: 36 Trial Log Prob: -Inf Prob: 0.0 Frac: 0.18243644277376594
Number of steps: 34000 Acceptance Rate: 0.1829
Step: 34170 Walker: 39 Trial Log Prob: -Inf Prob: 0.0 Frac: 0.17516786429496997
Step: 34466 Walker: 47 Trial Log Prob: -Inf Prob: 0.0 Frac: 0.17637464051165386
Number of steps: 35000 Acceptance Rate: 0.17486
Step: 35363 Walker: 27 Trial Log Prob: 550.2287263423443 Prob: 2.5519895987302963 Frac: 0.17002261819385447
Step: 35590 Walker: 31 Trial Log Prob: 555.594305040408 Prob: 1.8231609440149523 Frac: 0.1709236457379329
Step: 35652 Walker: 4 Trial Log Prob: 549.2252763105307 Prob: 0.8034128631143904 Frac: 0.17060883455182158
Step: 35701 Walker: 15 Trial Log Prob: 534.3986916984649 Prob: 7.530129592812595e-8 Frac: 0.1705269170355562
Number of steps: 36000 Acceptance Rate: 0.16948
Step: 36240 Walker: 24 Trial Log Prob: 474.80557355286714 Prob: 2.24808057461882e-28 Frac: 0.17095373308835812
Step: 36242 Walker: 28 Trial Log Prob: 540.6905848677039 Prob: 4.4051071059334875e-7 Frac: 0.17097201523431033
Step: 36712 Walker: 34 Trial Log Prob: 537.9471558699277 Prob: 0.0009020253766835312 Frac: 0.16979541366906475
Step: 36723 Walker: 1 Trial Log Prob: 553.7791677503728 Prob: 1.663408988949218e-8 Frac: 0.16999529098916927
Step: 36949 Walker: 23 Trial Log Prob: 426.01169293601123 Prob: 1.654218044695208e-51 Frac: 0.17350230900617844
Number of steps: 37000 Acceptance Rate: 0.17352
Step: 37119 Walker: 45 Trial Log Prob: 536.5603587207954 Prob: 0.47476535237212203 Frac: 0.16770395290159798
Step: 37129 Walker: 9 Trial Log Prob: 533.5605715550273 Prob: 0.003739815651730402 Frac: 0.16679669215166174
Step: 37509 Walker: 10 Trial Log Prob: 536.5151253748143 Prob: 2.6292044911142094 Frac: 0.176741440377804
Step: 37614 Walker: 26 Trial Log Prob: 548.1918141236567 Prob: 0.007011208758952434 Frac: 0.17655496153344635
Step: 37681 Walker: 17 Trial Log Prob: 278.8443814871882 Prob: 3.423557718433803e-112 Frac: 0.17688214716171327
Step: 37730 Walker: 12 Trial Log Prob: 521.3403529492793 Prob: 2.20593613858628e-5 Frac: 0.1774998628709341
Step: 37985 Walker: 20 Trial Log Prob: 533.7225878827876 Prob: 0.00020492280964946085 Frac: 0.17631044290938644
Number of steps: 38000 Acceptance Rate: 0.17652
Step: 38177 Walker: 49 Trial Log Prob: 432.11090714178357 Prob: 3.214904985236659e-54 Frac: 0.16035710249745733
Step: 38228 Walker: 41 Trial Log Prob: 549.885875485046 Prob: 0.2654297733528799 Frac: 0.1579317004652796
Step: 38693 Walker: 28 Trial Log Prob: 446.40582205415365 Prob: 4.182329492163046e-38 Frac: 0.15348850641099687
Step: 38747 Walker: 10 Trial Log Prob: 455.4189572066719 Prob: 5.981317068074834e-40 Frac: 0.15381935138032699
Number of steps: 39000 Acceptance Rate: 0.15636
Step: 39326 Walker: 26 Trial Log Prob: 541.9577209466615 Prob: 0.02381089477051935 Frac: 0.1642909805849103
Step: 39609 Walker: 31 Trial Log Prob: 539.8848676195678 Prob: 0.2271347103216873 Frac: 0.1645690250073938
Step: 39619 Walker: 41 Trial Log Prob: 518.5782795260848 Prob: 1.0825600216882029e-21 Frac: 0.1646359199767299
Step: 39902 Walker: 45 Trial Log Prob: -Inf Prob: 0.0 Frac: 0.167025169087482
Number of steps: 40000 Acceptance Rate: 0.16804
Step: 40022 Walker: 49 Trial Log Prob: 515.0955512600951 Prob: 4.0237333586629756e-8 Frac: 0.15468607825295724
Step: 40075 Walker: 1 Trial Log Prob: 526.879568199775 Prob: 7.090030112871089e-6 Frac: 0.1834639286679276
Number of steps: 41000 Acceptance Rate: 0.17288
Step: 41062 Walker: 42 Trial Log Prob: -Inf Prob: 0.0 Frac: 0.16688227684346701
Step: 41177 Walker: 46 Trial Log Prob: -Inf Prob: 0.0 Frac: 0.17194212073253448
Step: 41352 Walker: 14 Trial Log Prob: 513.4183437224143 Prob: 5.578032366772821e-11 Frac: 0.17359371441585061
Step: 41947 Walker: 39 Trial Log Prob: 457.8083278929188 Prob: 2.2981159193724092e-34 Frac: 0.16770527472063204
Step: 41983 Walker: 22 Trial Log Prob: 532.2886201910911 Prob: 0.0025658245771952265 Frac: 0.16774561296364154
Number of steps: 42000 Acceptance Rate: 0.1673
Step: 42069 Walker: 7 Trial Log Prob: 538.9810579502947 Prob: 0.002924505697374228 Frac: 0.16348693865570885
Step: 42188 Walker: 16 Trial Log Prob: 551.1805609467149 Prob: 0.198145916854132 Frac: 0.16986974161862053
Step: 42433 Walker: 49 Trial Log Prob: 552.4215954413879 Prob: 0.001484646505378367 Frac: 0.1641184350316412
Step: 42542 Walker: 12 Trial Log Prob: 505.548568032855 Prob: 3.9764846967863007e-10 Frac: 0.16332865272337596
Step: 42610 Walker: 5 Trial Log Prob: 382.06490600486455 Prob: 3.680295604237733e-78 Frac: 0.16480052536529305
Step: 42784 Walker: 24 Trial Log Prob: 547.9489515586426 Prob: 4.294992616404062 Frac: 0.16605401541838974
Step: 42789 Walker: 13 Trial Log Prob: 550.6863189555264 Prob: 0.7551839960895247 Frac: 0.16618882094740314
Step: 42815 Walker: 26 Trial Log Prob: -Inf Prob: 0.0 Frac: 0.1660609929774591
Number of steps: 43000 Acceptance Rate: 0.16686
Step: 43025 Walker: 7 Trial Log Prob: 542.0993960489325 Prob: 0.35136503111910317 Frac: 0.15244407622203812
Step: 43071 Walker: 45 Trial Log Prob: 551.9377922529751 Prob: 0.24152525096604352 Frac: 0.15204513399153738
Step: 43117 Walker: 38 Trial Log Prob: 511.9237297673533 Prob: 5.049147850253745e-19 Frac: 0.15964371360054813
Step: 43248 Walker: 50 Trial Log Prob: 538.0539980862166 Prob: 0.0003533070353829234 Frac: 0.16185483870967743
Step: 43385 Walker: 47 Trial Log Prob: 517.5403522986581 Prob: 8.272357716559929e-9 Frac: 0.1647009923624461
Step: 43553 Walker: 41 Trial Log Prob: 548.1071192606993 Prob: 1.0941875983514335 Frac: 0.16656416193335988
Step: 43649 Walker: 41 Trial Log Prob: 527.1353612099042 Prob: 2.361645897709709e-5 Frac: 0.16546962177491445
Step: 43662 Walker: 39 Trial Log Prob: -Inf Prob: 0.0 Frac: 0.16573483635044878
Step: 43681 Walker: 49 Trial Log Prob: 525.812265877584 Prob: 1.6207503204942466e-16 Frac: 0.16558489236100912
Step: 43830 Walker: 10 Trial Log Prob: 414.60927487970014 Prob: 9.62326631098082e-55 Frac: 0.16693198263386397
Step: 43982 Walker: 30 Trial Log Prob: -Inf Prob: 0.0 Frac: 0.16703341483292583
Number of steps: 44000 Acceptance Rate: 0.16718
Step: 44114 Walker: 30 Trial Log Prob: 513.5681134406262 Prob: 1.482723880598473e-20 Frac: 0.16073943661971832
Step: 44228 Walker: 28 Trial Log Prob: -Inf Prob: 0.0 Frac: 0.15881525751450168
Step: 44470 Walker: 25 Trial Log Prob: -192672.41299231362 Prob: 0.0 Frac: 0.15957401490947817
Step: 44617 Walker: 27 Trial Log Prob: 534.7770576413687 Prob: 0.004137649019469144 Frac: 0.16109254873974113
Step: 44679 Walker: 37 Trial Log Prob: 538.1130810430064 Prob: 1.4418733708026215 Frac: 0.16059168459203818
Step: 44693 Walker: 42 Trial Log Prob: 544.5154845917488 Prob: 0.00010559909535605164 Frac: 0.1610761503377403
Step: 44749 Walker: 30 Trial Log Prob: 525.0219628577819 Prob: 5.756780328299067e-13 Frac: 0.16187550093507883
Number of steps: 45000 Acceptance Rate: 0.16472
Step: 45052 Walker: 49 Trial Log Prob: 548.481702066573 Prob: 0.4787639545521553 Frac: 0.1612158522508657
Step: 45214 Walker: 13 Trial Log Prob: -Inf Prob: 0.0 Frac: 0.1597111507080559
Step: 45590 Walker: 36 Trial Log Prob: -Inf Prob: 0.0 Frac: 0.16014379705623008
Step: 45595 Walker: 14 Trial Log Prob: 538.6556264524543 Prob: 0.0004903794914880726 Frac: 0.16026115635727267
Step: 45712 Walker: 21 Trial Log Prob: 559.198631075531 Prob: 4.050319783095676 Frac: 0.1607489246858396
Step: 45793 Walker: 5 Trial Log Prob: 529.736044120942 Prob: 8.464279370849149e-8 Frac: 0.1600807978790557
Step: 45795 Walker: 36 Trial Log Prob: 533.995812409418 Prob: 0.009921795414612713 Frac: 0.16015703644050736
Step: 45874 Walker: 40 Trial Log Prob: 558.2866354195977 Prob: 0.0003121014345581976 Frac: 0.16054016937514307
Number of steps: 46000 Acceptance Rate: 0.1606
Step: 46419 Walker: 6 Trial Log Prob: -Inf Prob: 0.0 Frac: 0.15521859753180905
Step: 46642 Walker: 10 Trial Log Prob: 430.94695642486454 Prob: 2.579087288535697e-52 Frac: 0.1561447286338116
Step: 46750 Walker: 35 Trial Log Prob: 519.8656155517136 Prob: 2.7654246160136896e-16 Frac: 0.15776977457649727
Step: 46996 Walker: 45 Trial Log Prob: 539.8243730142284 Prob: 0.011170369684419658 Frac: 0.15861030223918063
Number of steps: 47000 Acceptance Rate: 0.15882
Step: 47112 Walker: 44 Trial Log Prob: 532.3277051771087 Prob: 1.7806124066577909 Frac: 0.15945656060064356
Step: 47298 Walker: 38 Trial Log Prob: 554.0984185882305 Prob: 0.06126815493329883 Frac: 0.16261418592154755
Step: 47748 Walker: 41 Trial Log Prob: 535.0888395172921 Prob: 0.0013546981890581488 Frac: 0.16201759781765665
Number of steps: 48000 Acceptance Rate: 0.16212
Step: 48330 Walker: 6 Trial Log Prob: 530.2390016298251 Prob: 2.46818082664761e-5 Frac: 0.1621900826446281
Step: 48613 Walker: 28 Trial Log Prob: -1.0962295984348701e6 Prob: 0.0 Frac: 0.1639349614731618
Step: 48776 Walker: 9 Trial Log Prob: 535.3324872985803 Prob: 1.0430022682310671 Frac: 0.16514873964756574
Number of steps: 49000 Acceptance Rate: 0.16564
Step: 49211 Walker: 17 Trial Log Prob: 341.798881688096 Prob: 9.523691260865151e-90 Frac: 0.1703907958543311
Step: 49294 Walker: 27 Trial Log Prob: 539.60791893008 Prob: 0.03928026684188368 Frac: 0.17040267084554064
Step: 49381 Walker: 6 Trial Log Prob: 548.7926753364281 Prob: 0.9907223329124064 Frac: 0.1704198674102915
Step: 49432 Walker: 24 Trial Log Prob: 535.989820073049 Prob: 0.0016520587825867375 Frac: 0.17011217205895987
Step: 49507 Walker: 41 Trial Log Prob: 547.6179690297491 Prob: 0.6629261335423927 Frac: 0.1669626297304763
Step: 49766 Walker: 35 Trial Log Prob: -Inf Prob: 0.0 Frac: 0.16301423534021156
Step: 49811 Walker: 25 Trial Log Prob: -Inf Prob: 0.0 Frac: 0.16261566933991364
Number of steps: 50000 Acceptance Rate: 0.1621
Burn-in Number (ends): 50000
Independent Sample Size: 1243.568257441736
5595.297066 seconds (146.52 M allocations: 1.564 TiB, 8.12% gc time)
