
signal (15): Terminated: 15
in expression starting at /Users/bethleelindor/work/washington/ttv_project/ttv_ss/full_run.jl:70
calc_lprior at /Users/bethleelindor/work/washington/ttv_project/ttv_ss/MCMC.jl:0
MCMC at /Users/bethleelindor/work/washington/ttv_project/ttv_ss/MCMC.jl:114
p4_mcmc at ./util.jl:155
unknown function (ip: 0x14b6b470c)
jl_apply at /Users/bethleelindor/julia/src/./julia.h:1631 [inlined]
do_call at /Users/bethleelindor/julia/src/interpreter.c:328
eval_stmt_value at /Users/bethleelindor/julia/src/interpreter.c:368 [inlined]
eval_body at /Users/bethleelindor/julia/src/interpreter.c:764
jl_interpret_toplevel_thunk_callback at /Users/bethleelindor/julia/src/interpreter.c:888
unknown function (ip: 0xfffffffffffffffe)
unknown function (ip: 0x11a78838f)
unknown function (ip: 0x25)
jl_interpret_toplevel_thunk at /Users/bethleelindor/julia/src/interpreter.c:897
jl_toplevel_eval_flex at /Users/bethleelindor/julia/src/toplevel.c:814
jl_parse_eval_all at /Users/bethleelindor/julia/src/ast.c:873
jl_load at /Users/bethleelindor/julia/src/toplevel.c:878 [inlined]
jl_load_ at /Users/bethleelindor/julia/src/toplevel.c:885
include at ./boot.jl:328 [inlined]
include_relative at ./loading.jl:1105
include at ./Base.jl:31
exec_options at ./client.jl:287
_start at ./client.jl:460
jfptr__start_2084 at /Users/bethleelindor/julia/usr/lib/julia/sys.dylib (unknown line)
true_main at /Users/bethleelindor/julia/julia (unknown line)
main at /Users/bethleelindor/julia/julia (unknown line)
unknown function (ip: 0xffffffffffffffff)
Allocations: 418723690 (Pool: 418708998; Big: 14692); GC: 404
args = ["mcmc", "30.0", "15", "pppp"]
Parameters from fit: [4.588481795926501e-6, 224.70068675550735, 2.4335037698309612e6, -0.02041637123508237, -0.012834093443878704, 2.5752376138197092e-6, 365.256114577625, 2.433624410574439e6, -0.008336550057900944, -0.008113852065217267, 9.574337152342215e-7, 880.3267429465557, 2.4364493911178936e6, 1.1877196283017204, -0.36312907959308793, 0.005681059296404176, 6308.242837381442, 2.441581982370331e6, 0.08861504223105546, 0.03619628919777285]
Maximum log Prob from fit: -69.73361548341705
