args = ["mcmc", "30.0", "30", "pppp"]
Parameters from fit: [2.3491722637563477e-6, 224.70077994358874, 2.4335037686850536e6, 3.48823409043107e-5, 0.0012399978323851793, 3.099092152789278e-6, 365.256455241453, 2.4336244074311573e6, 0.013828088790354284, 0.003462265758942926, 9.238744823111922e-5, 1733.9932748047045, 2.439409246275829e6, 0.2736413605912335, 0.024599216885179756, 0.000710302148088424, 4189.124242464629, 2.439143855302174e6, -0.00031387017513663436, -0.027719226893307268]
Maximum log Prob from fit: -179.00769732072507
Step: 3 Walker: 42 Trial Log Prob: -211.63706946559128 Prob: 1.0330768118506934e111 Frac: 0.2676056338028169
Step: 20 Walker: 40 Trial Log Prob: 141.80526460878428 Prob: 4.636215919147389 Frac: 0.3808080808080808
Step: 48 Walker: 27 Trial Log Prob: 342.079505833405 Prob: 8.329389767957756e-32 Frac: 0.3950357593605385
Step: 357 Walker: 34 Trial Log Prob: 575.4204582754005 Prob: 0.6027778299379569 Frac: 0.3465851743860043
Step: 424 Walker: 7 Trial Log Prob: 578.5573695707237 Prob: 4809.04197878683 Frac: 0.3435269650706622
Step: 569 Walker: 8 Trial Log Prob: 556.18928843469 Prob: 3.1331031205702887e-6 Frac: 0.3326879752182484
Step: 618 Walker: 26 Trial Log Prob: 589.768639137489 Prob: 0.252754933446019 Frac: 0.3291553310014251
Step: 932 Walker: 41 Trial Log Prob: 580.9933645457178 Prob: 0.006513175284704553 Frac: 0.315511579489601
Number of steps: 1000 Acceptance Rate: 0.31154
Step: 1196 Walker: 23 Trial Log Prob: 589.6176777530152 Prob: 1.1694814702819711 Frac: 0.2666530236365497
Step: 1198 Walker: 29 Trial Log Prob: 572.7048390721129 Prob: 0.0005750701294677783 Frac: 0.2666261767385363
Step: 1337 Walker: 23 Trial Log Prob: 595.2000538813136 Prob: 0.01007522513475854 Frac: 0.2722463294299471
Step: 1555 Walker: 25 Trial Log Prob: 553.9119751528078 Prob: 5.2704898068427385e-12 Frac: 0.2777276825969342
Number of steps: 2000 Acceptance Rate: 0.27806
Step: 2416 Walker: 42 Trial Log Prob: 590.6219548400107 Prob: 0.03622631547725492 Frac: 0.2698634090034629
Step: 2440 Walker: 29 Trial Log Prob: 583.4750443713825 Prob: 1.3305549466864992 Frac: 0.26898403021065564
Step: 2547 Walker: 26 Trial Log Prob: -Inf Prob: 0.0 Frac: 0.26934055478299057
Step: 2905 Walker: 14 Trial Log Prob: 581.2708822763941 Prob: 0.2759762922367373 Frac: 0.27115495200601586
Number of steps: 3000 Acceptance Rate: 0.27028
Step: 3114 Walker: 4 Trial Log Prob: 571.9068627389588 Prob: 6.018152810187579e-6 Frac: 0.26918995401485674
Step: 3319 Walker: 26 Trial Log Prob: 591.7280989863366 Prob: 0.02392004090327852 Frac: 0.2612080874042446
Step: 3563 Walker: 36 Trial Log Prob: 584.16420332332 Prob: 0.501520997726185 Frac: 0.26940574353141883
Step: 3735 Walker: 39 Trial Log Prob: 594.0854509691949 Prob: 0.00036465960259606954 Frac: 0.27210865837393505
Number of steps: 4000 Acceptance Rate: 0.26922
Step: 4045 Walker: 48 Trial Log Prob: 586.5896091990245 Prob: 1.0702764031500431 Frac: 0.2655693950177936
Step: 4365 Walker: 26 Trial Log Prob: 574.7408200728341 Prob: 0.020639190761488475 Frac: 0.27021836936244925
Step: 4673 Walker: 25 Trial Log Prob: 592.4050185133567 Prob: 0.0002120334087630784 Frac: 0.26973977695167284
Step: 4790 Walker: 34 Trial Log Prob: 585.291642314284 Prob: 0.9482463120579876 Frac: 0.26957755040016207
Step: 4825 Walker: 1 Trial Log Prob: 595.0613494412199 Prob: 0.012760072674203798 Frac: 0.26984781922768863
Number of steps: 5000 Acceptance Rate: 0.27044
Step: 5572 Walker: 8 Trial Log Prob: 592.2508202184183 Prob: 0.258690481074834 Frac: 0.2757896211219273
Step: 5866 Walker: 41 Trial Log Prob: 569.890394069772 Prob: 0.00023406485349681814 Frac: 0.272828070499642
Step: 5906 Walker: 26 Trial Log Prob: 588.8083683708526 Prob: 1.0800646639074265 Frac: 0.2728597932679565
Step: 5928 Walker: 48 Trial Log Prob: 576.1162050458604 Prob: 8.484566644952681e-5 Frac: 0.2721669037458511
Number of steps: 6000 Acceptance Rate: 0.2727
Step: 6370 Walker: 43 Trial Log Prob: 569.2165041543543 Prob: 3.319896171312101e-6 Frac: 0.264586600335262
Step: 6559 Walker: 44 Trial Log Prob: 545.0417829032093 Prob: 3.358800556944117e-14 Frac: 0.2677139994274263
Step: 6582 Walker: 39 Trial Log Prob: 594.8561467614933 Prob: 1.1808967311329464 Frac: 0.2679019560658668
Step: 6699 Walker: 2 Trial Log Prob: 579.1289094417918 Prob: 0.059462141809396206 Frac: 0.2666609363360266
Step: 6902 Walker: 40 Trial Log Prob: 590.9227177923661 Prob: 0.1993620174514073 Frac: 0.2663783544023065
Step: 6907 Walker: 49 Trial Log Prob: 577.1170833279882 Prob: 0.006366165645537578 Frac: 0.2664226333546495
Number of steps: 7000 Acceptance Rate: 0.26732
Step: 7239 Walker: 26 Trial Log Prob: 585.2458756698215 Prob: 0.04248678801387017 Frac: 0.2679020627201073
Number of steps: 8000 Acceptance Rate: 0.26874
Step: 8055 Walker: 24 Trial Log Prob: -Inf Prob: 0.0 Frac: 0.26725403817914833
Step: 8294 Walker: 41 Trial Log Prob: -Inf Prob: 0.0 Frac: 0.2681914097066231
Step: 8586 Walker: 45 Trial Log Prob: 596.6910777217215 Prob: 0.3323847596615461 Frac: 0.2687830687830688
Step: 8960 Walker: 45 Trial Log Prob: 589.7944979353861 Prob: 0.0027257208042807827 Frac: 0.2701948119595791
Number of steps: 9000 Acceptance Rate: 0.26922
Step: 9389 Walker: 24 Trial Log Prob: 590.1608183595404 Prob: 0.03348891118882336 Frac: 0.2717257001647446
Step: 9812 Walker: 17 Trial Log Prob: 585.5683779539086 Prob: 0.4097173205728362 Frac: 0.27046614243104
Step: 9871 Walker: 2 Trial Log Prob: -Inf Prob: 0.0 Frac: 0.271366833708795
Step: 9959 Walker: 23 Trial Log Prob: 595.0961968691796 Prob: 0.1026955208627906 Frac: 0.271560628508232
Number of steps: 10000 Acceptance Rate: 0.27168
Step: 10498 Walker: 40 Trial Log Prob: 590.4269034221794 Prob: 0.5430621818688758 Frac: 0.2694656488549618
Step: 10510 Walker: 32 Trial Log Prob: 588.6977985481601 Prob: 2.971471238447117 Frac: 0.269523585275881
Step: 10936 Walker: 30 Trial Log Prob: 592.0851486773506 Prob: 0.49520302923453036 Frac: 0.2698589140658401
Step: 10989 Walker: 4 Trial Log Prob: 593.0292663829771 Prob: 1.2056637545857842 Frac: 0.27022103473402964
Number of steps: 11000 Acceptance Rate: 0.26986
Step: 11472 Walker: 3 Trial Log Prob: 592.6985325898762 Prob: 0.7528353116068824 Frac: 0.26901031715705004
Step: 11640 Walker: 30 Trial Log Prob: 591.4006444289353 Prob: 0.6800312558921293 Frac: 0.26966854283927455
Step: 11830 Walker: 45 Trial Log Prob: 573.4291621290521 Prob: 0.00014361430539865133 Frac: 0.2704663212435233
Step: 11932 Walker: 10 Trial Log Prob: 595.424070071136 Prob: 0.00030806400041346953 Frac: 0.2700386597938144
Number of steps: 12000 Acceptance Rate: 0.27006
Step: 12672 Walker: 50 Trial Log Prob: 583.3252762230156 Prob: 0.06015103179747695 Frac: 0.2629464285714286
Step: 12783 Walker: 45 Trial Log Prob: 572.7191578928233 Prob: 1.223917194046637e-5 Frac: 0.26409503129390727
Step: 12953 Walker: 31 Trial Log Prob: 595.3414713602305 Prob: 0.00046725278772184194 Frac: 0.264701559908463
Step: 12962 Walker: 9 Trial Log Prob: 593.1272849627198 Prob: 0.14693048218530744 Frac: 0.26448740090305667
Number of steps: 13000 Acceptance Rate: 0.26474
Step: 13030 Walker: 1 Trial Log Prob: 589.4779106914673 Prob: 0.6272419561425873 Frac: 0.27015851137146796
Step: 13630 Walker: 29 Trial Log Prob: 589.5272362591687 Prob: 1.6203627049784648 Frac: 0.26792464817815054
Step: 13939 Walker: 16 Trial Log Prob: 593.5299436921892 Prob: 0.02525085518917871 Frac: 0.2656449825219541
Step: 13945 Walker: 17 Trial Log Prob: -Inf Prob: 0.0 Frac: 0.2653281657030307
Step: 13997 Walker: 29 Trial Log Prob: 595.5019641969584 Prob: 0.0004218695870740324 Frac: 0.264203576230709
Number of steps: 14000 Acceptance Rate: 0.26396
Step: 14285 Walker: 2 Trial Log Prob: 586.9972497700105 Prob: 0.34443424184529187 Frac: 0.2527108857907337
Step: 14464 Walker: 24 Trial Log Prob: 542.9488767720773 Prob: 8.426439124526227e-15 Frac: 0.26055061707085525
Step: 14671 Walker: 45 Trial Log Prob: 593.4905607754068 Prob: 0.0019481970578184764 Frac: 0.2629900134148159
Step: 14684 Walker: 17 Trial Log Prob: 585.417348878605 Prob: 0.7490551371595487 Frac: 0.2634413322796851
Step: 14783 Walker: 32 Trial Log Prob: 591.1742781378148 Prob: 1.3050991977981837e-6 Frac: 0.2660226924256363
Number of steps: 15000 Acceptance Rate: 0.2654
Step: 15154 Walker: 36 Trial Log Prob: 568.0271600284448 Prob: 0.0011579701572155623 Frac: 0.2816809784022899
Step: 15231 Walker: 29 Trial Log Prob: 589.6869418845304 Prob: 0.5384664171288994 Frac: 0.27478532396565186
Step: 15289 Walker: 7 Trial Log Prob: 591.8375663822729 Prob: 0.007727807738972445 Frac: 0.27368640244325676
Step: 15535 Walker: 11 Trial Log Prob: 589.692959577728 Prob: 1.0476995142315397 Frac: 0.2722848264759837
Step: 15714 Walker: 32 Trial Log Prob: 594.0851147929758 Prob: 0.5494762989351465 Frac: 0.27389159800459617
Step: 15739 Walker: 48 Trial Log Prob: 563.1462796844602 Prob: 4.501995644878021e-8 Frac: 0.27446681823102737
Step: 15942 Walker: 40 Trial Log Prob: 583.5370712247891 Prob: 1.362102161204955 Frac: 0.27557867912507966
Number of steps: 16000 Acceptance Rate: 0.27574
Step: 16464 Walker: 2 Trial Log Prob: 586.8887368182195 Prob: 1.0953229359265408 Frac: 0.28511575673807876
Step: 16838 Walker: 27 Trial Log Prob: 597.8088156247999 Prob: 1.7190413960859137 Frac: 0.2802970604389044
Number of steps: 17000 Acceptance Rate: 0.2801
Step: 17163 Walker: 21 Trial Log Prob: 585.4892269528843 Prob: 0.13454298615042898 Frac: 0.276074375076961
Step: 17229 Walker: 18 Trial Log Prob: 580.7592604044214 Prob: 0.0035443038725746015 Frac: 0.2746540550008758
Step: 17316 Walker: 43 Trial Log Prob: 572.029933263917 Prob: 0.00013216357840072925 Frac: 0.2751218894446907
Step: 17648 Walker: 45 Trial Log Prob: 591.7364137754893 Prob: 0.5079573633213132 Frac: 0.2727890106497916
Step: 17785 Walker: 2 Trial Log Prob: 566.7357053871451 Prob: 0.0005640666595617308 Frac: 0.2738635783888577
Step: 17865 Walker: 30 Trial Log Prob: 581.9469244020453 Prob: 0.013552789223771943 Frac: 0.27323617857969
Step: 17982 Walker: 10 Trial Log Prob: 567.1714703372752 Prob: 2.492365857023632e-6 Frac: 0.27337953526294334
Number of steps: 18000 Acceptance Rate: 0.27324
Step: 18121 Walker: 17 Trial Log Prob: 535.1865871956284 Prob: 1.606730998072597e-15 Frac: 0.28103706165863385
Step: 18571 Walker: 25 Trial Log Prob: 583.3842441112955 Prob: 0.028447138364517302 Frac: 0.2707800175284838
Step: 18697 Walker: 14 Trial Log Prob: 599.9535263555575 Prob: 0.42852419153136245 Frac: 0.2719595565002585
Step: 18759 Walker: 3 Trial Log Prob: 583.7669101373756 Prob: 0.06423957385412969 Frac: 0.2722211962113817
Step: 18799 Walker: 6 Trial Log Prob: 558.8522107346179 Prob: 1.3401901732275617e-10 Frac: 0.2721395278905428
Step: 18920 Walker: 34 Trial Log Prob: 596.2061012367676 Prob: 0.0002490003977142615 Frac: 0.2723338552540014
Number of steps: 19000 Acceptance Rate: 0.27342
Step: 19285 Walker: 33 Trial Log Prob: 578.7451834026035 Prob: 1.1756518810496197 Frac: 0.2730274713693529
Number of steps: 20000 Acceptance Rate: 0.27004
Step: 20013 Walker: 30 Trial Log Prob: 589.8300697122231 Prob: 21.59960037008771 Frac: 0.28095238095238095
Step: 20078 Walker: 18 Trial Log Prob: 595.0942482262992 Prob: 4.171082724248841e-5 Frac: 0.28076525336091
Step: 20079 Walker: 2 Trial Log Prob: 575.8083006219175 Prob: 0.0004003314094199895 Frac: 0.2796002050230651
Step: 20102 Walker: 40 Trial Log Prob: 575.5352857081117 Prob: 1.826020762947571e-5 Frac: 0.2776031434184676
Step: 20233 Walker: 33 Trial Log Prob: -Inf Prob: 0.0 Frac: 0.2747356657783891
Step: 20277 Walker: 37 Trial Log Prob: 592.8035902982425 Prob: 0.3384700258511324 Frac: 0.2741201127412011
Step: 20884 Walker: 15 Trial Log Prob: 595.6647517745648 Prob: 0.12020643678103338 Frac: 0.26894599796218727
Step: 20994 Walker: 40 Trial Log Prob: 593.7269562541413 Prob: 0.10482309904151614 Frac: 0.26840410545381366
Number of steps: 21000 Acceptance Rate: 0.26838
Step: 21114 Walker: 14 Trial Log Prob: -Inf Prob: 0.0 Frac: 0.2706567796610169
Step: 21139 Walker: 43 Trial Log Prob: 582.1403516280172 Prob: 0.1084827775645086 Frac: 0.2693360218925537
Number of steps: 22000 Acceptance Rate: 0.26538
Step: 22062 Walker: 41 Trial Log Prob: 548.5644303531116 Prob: 2.428774250903999e-16 Frac: 0.27337431252022
Step: 22089 Walker: 18 Trial Log Prob: 560.5404888538403 Prob: 6.570872113308304e-8 Frac: 0.2743322770484382
Step: 22183 Walker: 33 Trial Log Prob: 583.3942942158417 Prob: 1.0068273610195606 Frac: 0.2764699441585459
Step: 22318 Walker: 4 Trial Log Prob: 563.716372819724 Prob: 7.980831453516628e-7 Frac: 0.27828939069004666
Step: 22422 Walker: 3 Trial Log Prob: 596.2170319497352 Prob: 0.00019173023700716358 Frac: 0.27473519213413766
Number of steps: 23000 Acceptance Rate: 0.27258
Step: 23177 Walker: 27 Trial Log Prob: 574.3591894169224 Prob: 0.00029733465632780944 Frac: 0.28616744080661605
Step: 23216 Walker: 48 Trial Log Prob: 591.6580768521603 Prob: 1.7112530459469748 Frac: 0.28431190961289127
Step: 23401 Walker: 8 Trial Log Prob: 548.30046236887 Prob: 3.8458936845563e-13 Frac: 0.27918832467013194
Step: 23606 Walker: 29 Trial Log Prob: 571.7655402865201 Prob: 0.00013837488471103563 Frac: 0.27755209881435977
Step: 23996 Walker: 22 Trial Log Prob: 578.8875343997719 Prob: 0.055038523534007566 Frac: 0.2756971791368641
Number of steps: 24000 Acceptance Rate: 0.27564
Step: 24022 Walker: 47 Trial Log Prob: 581.3044851110384 Prob: 0.01523042495769181 Frac: 0.2652689152233364
Step: 24056 Walker: 42 Trial Log Prob: -Inf Prob: 0.0 Frac: 0.2686246418338109
Step: 24100 Walker: 28 Trial Log Prob: 589.8098768498677 Prob: 1.539744211777854 Frac: 0.2639614302932905
Step: 24234 Walker: 9 Trial Log Prob: 571.1302506533285 Prob: 2.642340478255732e-6 Frac: 0.2602281499270949
Step: 24312 Walker: 12 Trial Log Prob: 590.4189053147762 Prob: 0.5763518373996737 Frac: 0.26243413443002184
Step: 24498 Walker: 29 Trial Log Prob: 589.4348469900817 Prob: 1.3140131936363728 Frac: 0.2624703565255838
Step: 24686 Walker: 36 Trial Log Prob: 583.0224680959435 Prob: 0.17424963289148152 Frac: 0.26573528553928716
Step: 24748 Walker: 30 Trial Log Prob: 593.2304303646542 Prob: 0.01451541910017244 Frac: 0.26610486891385765
Step: 24780 Walker: 30 Trial Log Prob: 578.534006001656 Prob: 0.06625578553243505 Frac: 0.2659825551564905
Step: 24818 Walker: 45 Trial Log Prob: 593.9796853842565 Prob: 1.4108540905516962 Frac: 0.26619391123609243
Number of steps: 25000 Acceptance Rate: 0.26722
Step: 25286 Walker: 35 Trial Log Prob: 596.4941337218092 Prob: 0.12315282402678615 Frac: 0.2689534476723836
Step: 25316 Walker: 40 Trial Log Prob: 594.1909419830841 Prob: 0.000820041118821053 Frac: 0.2683977200759975
Step: 25387 Walker: 2 Trial Log Prob: -Inf Prob: 0.0 Frac: 0.26660449694332194
Step: 25724 Walker: 1 Trial Log Prob: 582.0047334668255 Prob: 0.0905307090886554 Frac: 0.264446350031811
Number of steps: 26000 Acceptance Rate: 0.2656
Step: 26029 Walker: 27 Trial Log Prob: 578.2921192659802 Prob: 0.006485391390864679 Frac: 0.28381219341275404
Step: 26289 Walker: 17 Trial Log Prob: 589.4719025870393 Prob: 0.7445848903437673 Frac: 0.2746757300409239
Step: 26334 Walker: 18 Trial Log Prob: 588.527651538251 Prob: 0.8857361757965968 Frac: 0.2737580993520518
Step: 26708 Walker: 40 Trial Log Prob: 580.7923587255739 Prob: 0.0034257703479261925 Frac: 0.2740887256287087
Step: 26835 Walker: 29 Trial Log Prob: 529.9177120792298 Prob: 4.394501441238001e-19 Frac: 0.2738862661458458
Number of steps: 27000 Acceptance Rate: 0.27476
Step: 27190 Walker: 11 Trial Log Prob: 591.9058324270911 Prob: 0.763384935650143 Frac: 0.2716414755311278
Step: 27260 Walker: 23 Trial Log Prob: 584.5665931384212 Prob: 1.0850931989382995 Frac: 0.27110151853850306
Step: 27261 Walker: 45 Trial Log Prob: 563.0192928335216 Prob: 2.8878985296999166e-7 Frac: 0.27113836719049444
Step: 27328 Walker: 20 Trial Log Prob: 561.8594739608766 Prob: 8.841614615033306e-8 Frac: 0.2722052535125229
Step: 27739 Walker: 46 Trial Log Prob: 598.3790120861 Prob: 0.4820167365812264 Frac: 0.2748606073729226
Step: 27898 Walker: 46 Trial Log Prob: 491.78908545425764 Prob: 1.0618142084254681e-38 Frac: 0.2729864575908767
Number of steps: 28000 Acceptance Rate: 0.2719
Step: 28010 Walker: 16 Trial Log Prob: 585.0037767407183 Prob: 0.2827584717217933 Frac: 0.26824034334763946
Step: 28311 Walker: 2 Trial Log Prob: 564.0822754127323 Prob: 0.00015132589814415893 Frac: 0.2760288994968391
Number of steps: 29000 Acceptance Rate: 0.26964
Step: 29002 Walker: 41 Trial Log Prob: 584.4753816097253 Prob: 0.6673456916792201 Frac: 0.3516483516483517
Step: 29529 Walker: 40 Trial Log Prob: 592.9514336344392 Prob: 0.021370836832409205 Frac: 0.2708018154311649
Step: 29961 Walker: 40 Trial Log Prob: 594.4507361225399 Prob: 1.3038773839613447 Frac: 0.2708992506244796
Step: 29981 Walker: 12 Trial Log Prob: -Inf Prob: 0.0 Frac: 0.2711580837345956
Number of steps: 30000 Acceptance Rate: 0.2711
Step: 30272 Walker: 4 Trial Log Prob: 593.9372777186638 Prob: 3.1807530927499252 Frac: 0.2694407554965324
Step: 30503 Walker: 27 Trial Log Prob: 584.9205987544335 Prob: 0.062257439351837494 Frac: 0.26823735424045847
Step: 30636 Walker: 2 Trial Log Prob: 581.1786051164385 Prob: 0.13449952537614612 Frac: 0.26675485008818345
Step: 30644 Walker: 38 Trial Log Prob: 583.9725711315322 Prob: 0.1164129773926461 Frac: 0.2665589660743134
Step: 30871 Walker: 46 Trial Log Prob: 591.8386530695676 Prob: 0.017282066174886583 Frac: 0.26615532999586644
Step: 30878 Walker: 37 Trial Log Prob: 598.220301808275 Prob: 0.0032902116956259058 Frac: 0.2661380363205505
Number of steps: 31000 Acceptance Rate: 0.2671
Step: 31229 Walker: 18 Trial Log Prob: 595.6659107385549 Prob: 1.4726335014733805 Frac: 0.27158871956559816
Step: 31436 Walker: 34 Trial Log Prob: 593.3815121995149 Prob: 0.06758411426814694 Frac: 0.2654241645244216
Step: 31467 Walker: 34 Trial Log Prob: 576.8845437390077 Prob: 0.09515404348422409 Frac: 0.2653638467472358
Step: 31573 Walker: 7 Trial Log Prob: 588.7315237693155 Prob: 0.5202788048853483 Frac: 0.26490019925193137
Step: 31594 Walker: 26 Trial Log Prob: 590.6277896333999 Prob: 0.5064887440780895 Frac: 0.2651300714381992
Step: 31732 Walker: 48 Trial Log Prob: -Inf Prob: 0.0 Frac: 0.2654516640253566
Number of steps: 32000 Acceptance Rate: 0.26538
Step: 32184 Walker: 34 Trial Log Prob: 576.8762744900389 Prob: 0.007632668505568985 Frac: 0.2651350174216028
Step: 32342 Walker: 37 Trial Log Prob: 583.8786349903985 Prob: 0.7145898424121966 Frac: 0.2637092526482121
Step: 32390 Walker: 18 Trial Log Prob: 595.847184884437 Prob: 1.5854229737187476e-5 Frac: 0.2651017053626464
Step: 32521 Walker: 39 Trial Log Prob: -Inf Prob: 0.0 Frac: 0.2632973616498329
Step: 32558 Walker: 30 Trial Log Prob: 596.6890474977024 Prob: 0.0038873473386283244 Frac: 0.2633428981348637
Step: 32734 Walker: 34 Trial Log Prob: -Inf Prob: 0.0 Frac: 0.26450223530694583
Step: 32765 Walker: 1 Trial Log Prob: 594.5801558740922 Prob: 0.13674503271160388 Frac: 0.2650192403340227
Number of steps: 33000 Acceptance Rate: 0.2661
Step: 33715 Walker: 2 Trial Log Prob: 597.1704680007689 Prob: 0.27377939152477215 Frac: 0.272225645622094
Step: 33760 Walker: 39 Trial Log Prob: 591.4502278672798 Prob: 0.8041078361892477 Frac: 0.2722367000973966
Step: 33907 Walker: 2 Trial Log Prob: 595.4932045722852 Prob: 0.20435971144566376 Frac: 0.2707385987373626
Number of steps: 34000 Acceptance Rate: 0.27002
Step: 34082 Walker: 36 Trial Log Prob: 587.8456858541025 Prob: 28.632838663234605 Frac: 0.2699461576113559
Step: 34288 Walker: 11 Trial Log Prob: 577.5143987463531 Prob: 0.0007058642561287386 Frac: 0.2731703920339809
Step: 34428 Walker: 36 Trial Log Prob: 572.0650155917591 Prob: 4.494467551718383e-5 Frac: 0.27200037407649863
Number of steps: 35000 Acceptance Rate: 0.27132
Step: 35050 Walker: 43 Trial Log Prob: 551.2460053358261 Prob: 1.2500209936664644e-11 Frac: 0.2619334135579623
Step: 35323 Walker: 50 Trial Log Prob: 588.7906647359504 Prob: 0.7887874479958208 Frac: 0.2690402476780186
Number of steps: 36000 Acceptance Rate: 0.2692
Step: 36302 Walker: 43 Trial Log Prob: 579.8404356832241 Prob: 0.0016001475312617934 Frac: 0.2680712913271053
Step: 36788 Walker: 49 Trial Log Prob: 593.4395035145312 Prob: 0.0051845379530743195 Frac: 0.26729104799614206
Number of steps: 37000 Acceptance Rate: 0.26894
Step: 37117 Walker: 35 Trial Log Prob: 590.3773910804468 Prob: 9.06136740432271 Frac: 0.26666666666666666
Step: 37404 Walker: 5 Trial Log Prob: 579.7511860318973 Prob: 0.03411579647808994 Frac: 0.2751178367650707
Step: 37559 Walker: 21 Trial Log Prob: 593.049416144016 Prob: 2.5662422267486695 Frac: 0.2740589520432649
Step: 37670 Walker: 2 Trial Log Prob: 593.6146971861149 Prob: 0.005510608982827808 Frac: 0.2764857108693053
Number of steps: 38000 Acceptance Rate: 0.2752
Step: 38257 Walker: 47 Trial Log Prob: 586.4594779496922 Prob: 0.383080841770967 Frac: 0.2669105627773021
Step: 38384 Walker: 18 Trial Log Prob: 595.7390188568853 Prob: 2.6423054486517805 Frac: 0.2643989983305509
Step: 38422 Walker: 28 Trial Log Prob: 592.257050551611 Prob: 0.07869337473785536 Frac: 0.26345004269854827
Step: 38504 Walker: 34 Trial Log Prob: 583.8131086239198 Prob: 2.0835070107071694 Frac: 0.261277001270648
Step: 38556 Walker: 43 Trial Log Prob: 599.2658100612509 Prob: 0.002997280466295139 Frac: 0.26089303061922064
Step: 38592 Walker: 12 Trial Log Prob: 533.8601692177739 Prob: 7.443192071204136e-21 Frac: 0.2597253230498613
Step: 38652 Walker: 9 Trial Log Prob: 593.7298713840976 Prob: 0.6549217314917325 Frac: 0.2604502595288553
Step: 38947 Walker: 13 Trial Log Prob: 594.8419002508601 Prob: 4.5519388103429625e-5 Frac: 0.26504343415129034
Number of steps: 39000 Acceptance Rate: 0.2658
Step: 39136 Walker: 40 Trial Log Prob: 573.4341389595248 Prob: 5.667257660876203e-6 Frac: 0.2812960235640648
Step: 39336 Walker: 13 Trial Log Prob: 593.2025275441441 Prob: 0.4404993801359746 Frac: 0.27459285330788047
Step: 39707 Walker: 12 Trial Log Prob: 592.8493263253722 Prob: 0.0001253995294242699 Frac: 0.27616674218396015
Step: 39714 Walker: 15 Trial Log Prob: 574.9019144249144 Prob: 0.0013059925973540369 Frac: 0.27657367166690033
Number of steps: 40000 Acceptance Rate: 0.27754
Step: 40499 Walker: 26 Trial Log Prob: 582.8943561203395 Prob: 0.10144761085148127 Frac: 0.27048062264302336
Step: 40550 Walker: 39 Trial Log Prob: 596.1120825842048 Prob: 0.7441373755266173 Frac: 0.2688348066499327
Step: 40678 Walker: 35 Trial Log Prob: 574.8270317709103 Prob: 0.21621100147538524 Frac: 0.26955880182971814
Step: 40827 Walker: 18 Trial Log Prob: 575.1493695511465 Prob: 0.009481914092441122 Frac: 0.26990657824676895
Number of steps: 41000 Acceptance Rate: 0.27148
Step: 41300 Walker: 29 Trial Log Prob: 593.0481760231473 Prob: 0.0035805138426456174 Frac: 0.26643968222177716
Step: 41361 Walker: 29 Trial Log Prob: 586.2219924726168 Prob: 1.954758977087976 Frac: 0.26596039713794445
Step: 41372 Walker: 10 Trial Log Prob: 575.7819276102816 Prob: 0.00609633963880701 Frac: 0.26697198275862066
Number of steps: 42000 Acceptance Rate: 0.26962
Step: 42117 Walker: 44 Trial Log Prob: 591.6672449752817 Prob: 1.396416300310585 Frac: 0.27806297056810403
Step: 42380 Walker: 20 Trial Log Prob: 586.4545324504169 Prob: 1.093746192789555 Frac: 0.26478650500790724
Step: 42435 Walker: 3 Trial Log Prob: 569.3934187298863 Prob: 1.9970132137179566e-5 Frac: 0.2675666958485002
Step: 42446 Walker: 19 Trial Log Prob: 562.2600628633072 Prob: 1.6748137818546567e-8 Frac: 0.2679509632224168
Step: 42450 Walker: 46 Trial Log Prob: 584.3580847349657 Prob: 0.0016350906368783847 Frac: 0.26751422475106684
Step: 42512 Walker: 31 Trial Log Prob: 593.5006744293103 Prob: 0.016419633757027454 Frac: 0.2683241468277237
Step: 42685 Walker: 42 Trial Log Prob: 598.499280637985 Prob: 0.015596199003501557 Frac: 0.26835465218153143
Step: 42784 Walker: 23 Trial Log Prob: -Inf Prob: 0.0 Frac: 0.2676588466545835
Step: 42991 Walker: 36 Trial Log Prob: 589.6921154836592 Prob: 1.2403610571012758 Frac: 0.2675831718346253
Number of steps: 43000 Acceptance Rate: 0.26704
Step: 43211 Walker: 33 Trial Log Prob: 593.5860753775737 Prob: 0.011743160054706929 Frac: 0.26478686034368176
Step: 43428 Walker: 45 Trial Log Prob: 593.6586521829885 Prob: 0.30769657682346824 Frac: 0.26632390745501283
Step: 43599 Walker: 7 Trial Log Prob: 576.1892252857757 Prob: 0.06563492644516175 Frac: 0.2666265422810713
Step: 43913 Walker: 2 Trial Log Prob: 599.8302458501437 Prob: 0.0001319205233184537 Frac: 0.2662602517433446
Number of steps: 44000 Acceptance Rate: 0.26496
Step: 44103 Walker: 24 Trial Log Prob: 599.3166329664148 Prob: 0.004889833809357661 Frac: 0.25175644028103045
Step: 44663 Walker: 6 Trial Log Prob: 594.4249794295204 Prob: 0.9380108866620397 Frac: 0.2688938560985924
Step: 44850 Walker: 45 Trial Log Prob: 570.1814662418662 Prob: 1.55205876783133e-5 Frac: 0.2672079068125662
Number of steps: 45000 Acceptance Rate: 0.26612
Step: 45065 Walker: 18 Trial Log Prob: 578.3407847976362 Prob: 0.08469218195534307 Frac: 0.2495338719701678
Step: 45142 Walker: 29 Trial Log Prob: 591.0002441062525 Prob: 1.144929301307984 Frac: 0.25851108913688375
Step: 45368 Walker: 29 Trial Log Prob: 543.8355355748403 Prob: 1.193164918910503e-11 Frac: 0.26279993470809077
Step: 45543 Walker: 11 Trial Log Prob: 535.0477460271418 Prob: 2.049249579321004e-18 Frac: 0.2688207738556306
Step: 45857 Walker: 10 Trial Log Prob: 588.576257493292 Prob: 0.5253890559528879 Frac: 0.2663863583274936
Step: 45906 Walker: 40 Trial Log Prob: 580.0702017174578 Prob: 0.05013447063771916 Frac: 0.2664164274674321
Number of steps: 46000 Acceptance Rate: 0.26638
Step: 46534 Walker: 40 Trial Log Prob: 598.092466368077 Prob: 0.008681571196058002 Frac: 0.26305732484076433
Step: 46618 Walker: 32 Trial Log Prob: 597.5176114584907 Prob: 0.09838052783472963 Frac: 0.26348682080176156
Step: 46721 Walker: 42 Trial Log Prob: 594.8665209201235 Prob: 0.0013041719221779265 Frac: 0.26521835636202207
Step: 46809 Walker: 31 Trial Log Prob: 592.265475169329 Prob: 1.4975701470963487 Frac: 0.2642032104078554
Step: 46852 Walker: 48 Trial Log Prob: 593.9617403418323 Prob: 0.019091741727374965 Frac: 0.264284708202263
Step: 46968 Walker: 12 Trial Log Prob: 592.7108613701746 Prob: 1.3925415723592003 Frac: 0.26564244654894337
Number of steps: 47000 Acceptance Rate: 0.26586
Step: 47340 Walker: 27 Trial Log Prob: 593.7791391474516 Prob: 0.39251368096676753 Frac: 0.2671850150203216
Step: 47459 Walker: 27 Trial Log Prob: 592.8247910280387 Prob: 1.0573003982332998 Frac: 0.2699001177650805
Step: 47539 Walker: 2 Trial Log Prob: 574.8702479045107 Prob: 2.8619582989468724e-5 Frac: 0.2729536837409858
Step: 47967 Walker: 39 Trial Log Prob: 594.6072244728119 Prob: 0.011659329044622057 Frac: 0.2726370011791721
Number of steps: 48000 Acceptance Rate: 0.2722
Step: 48003 Walker: 35 Trial Log Prob: 583.2228193822809 Prob: 0.2883832827278109 Frac: 0.26666666666666666
Step: 48197 Walker: 36 Trial Log Prob: 580.6667325257615 Prob: 0.00021018697047984694 Frac: 0.2831435542903619
Step: 48450 Walker: 17 Trial Log Prob: 570.147064810441 Prob: 1.8590399907916176e-5 Frac: 0.2763163751279655
Step: 48669 Walker: 32 Trial Log Prob: 585.8398561446556 Prob: 2.6439926824139364 Frac: 0.2719849246231156
Step: 48982 Walker: 27 Trial Log Prob: 580.9066995938867 Prob: 0.07894512556739319 Frac: 0.2710842146015445
Number of steps: 49000 Acceptance Rate: 0.27094
Step: 49130 Walker: 26 Trial Log Prob: 584.9102888150452 Prob: 0.734325158706896 Frac: 0.25154416306361954
Step: 49179 Walker: 44 Trial Log Prob: 596.3769944187429 Prob: 0.06944371701994213 Frac: 0.25078264758497315
Step: 49836 Walker: 45 Trial Log Prob: 582.4233614681768 Prob: 0.029815754773515557 Frac: 0.26283048211508553
Number of steps: 50000 Acceptance Rate: 0.26218
Burn-in Number (ends): 3594
Independent Sample Size: 915.8915115426327
4689.944838 seconds (154.43 M allocations: 1022.534 GiB, 7.03% gc time)
