args = ["mcmc", "30.0", "25", "pppp"]
Parameters from fit: [2.4815065912853092e-6, 224.70078226247358, 2.43350376865288e6, 0.0066706346865266835, 0.004662438595161824, 3.1254856402212268e-6, 365.2564526850488, 2.4336244075569897e6, 0.018458148864555764, 0.00608150621244062, 8.513068502912276e-5, 1732.6037859697606, 2.439405887567613e6, 0.27679694082562445, 0.01975858202792824, 0.0009159173444696937, 4188.3869019570775, 2.4390020577628003e6, 0.0396234051539327, -0.04241431731545492]
Maximum log Prob from fit: -142.7485127688885
Step: 149 Walker: 48 Trial Log Prob: -Inf Prob: 0.0 Frac: 0.30061761546723953
Step: 295 Walker: 30 Trial Log Prob: 479.0386083074708 Prob: 8.224374401970573 Frac: 0.28194161575016974
Step: 437 Walker: 29 Trial Log Prob: 303.4821371115658 Prob: 9.941059915383635e-81 Frac: 0.2728022355582024
Step: 799 Walker: 12 Trial Log Prob: 329.0249500494932 Prob: 8.516165555063105e-9 Frac: 0.2595710563239126
Step: 983 Walker: 50 Trial Log Prob: 301.7436988432121 Prob: 1.4017333712639764e-35 Frac: 0.2562767039674466
Number of steps: 1000 Acceptance Rate: 0.25564
Number of steps: 2000 Acceptance Rate: 0.23562
Step: 2022 Walker: 29 Trial Log Prob: 500.82006854885594 Prob: 0.5480846728330793 Frac: 0.24003707136237257
Step: 2197 Walker: 9 Trial Log Prob: 488.99952946264506 Prob: 0.2059899421483821 Frac: 0.23458048730757466
Step: 2199 Walker: 23 Trial Log Prob: 497.31663501227445 Prob: 1.120767819193398 Frac: 0.23440491786758036
Step: 2509 Walker: 16 Trial Log Prob: 461.2895448292422 Prob: 1.1335363158185196e-10 Frac: 0.22843877872206483
Step: 2604 Walker: 6 Trial Log Prob: 305.55255091314234 Prob: 4.970012619161219e-53 Frac: 0.22940708316752886
Step: 2701 Walker: 21 Trial Log Prob: 493.26176116880725 Prob: 7.226444888832488e-5 Frac: 0.228634248022615
Step: 2753 Walker: 3 Trial Log Prob: 494.26324250022617 Prob: 0.019763981461659485 Frac: 0.2280137223093902
Number of steps: 3000 Acceptance Rate: 0.22972
Step: 3125 Walker: 31 Trial Log Prob: 481.19819955653605 Prob: 0.22898777950834295 Frac: 0.23431230942063874
Step: 3583 Walker: 25 Trial Log Prob: 383.7888737932396 Prob: 1.604103198392104e-47 Frac: 0.22942489270386265
Step: 3656 Walker: 3 Trial Log Prob: 482.17018550794097 Prob: 0.05881834248540854 Frac: 0.23078801941806856
Step: 3734 Walker: 39 Trial Log Prob: 465.0476333854397 Prob: 9.4845456754283e-5 Frac: 0.22955109160783888
Step: 3783 Walker: 39 Trial Log Prob: 496.7679641409955 Prob: 0.029351765837244255 Frac: 0.2291065177955492
Number of steps: 4000 Acceptance Rate: 0.23032
Step: 4335 Walker: 21 Trial Log Prob: 475.9889345757066 Prob: 0.005188133007369237 Frac: 0.23264158842174512
Step: 4472 Walker: 31 Trial Log Prob: -Inf Prob: 0.0 Frac: 0.23345065942920148
Step: 4900 Walker: 48 Trial Log Prob: -Inf Prob: 0.0 Frac: 0.23025467798568824
Number of steps: 5000 Acceptance Rate: 0.2303
Step: 5112 Walker: 43 Trial Log Prob: 484.7047788974888 Prob: 0.008288170404595542 Frac: 0.22832111568031468
Step: 5440 Walker: 28 Trial Log Prob: 420.37409386335685 Prob: 7.772042021597324e-9 Frac: 0.225998725998726
Step: 5541 Walker: 10 Trial Log Prob: 488.70496703656556 Prob: 0.7861555830340539 Frac: 0.22702702702702704
Step: 5596 Walker: 10 Trial Log Prob: 478.7927766761846 Prob: 0.35680574897496853 Frac: 0.22758736559139786
Step: 5701 Walker: 19 Trial Log Prob: 483.2785214185735 Prob: 0.0009002388865999077 Frac: 0.22847597018761243
Step: 5738 Walker: 37 Trial Log Prob: -Inf Prob: 0.0 Frac: 0.22859001816358065
Step: 5740 Walker: 18 Trial Log Prob: 435.82177443099954 Prob: 4.863410164520474e-19 Frac: 0.2286842674745726
Number of steps: 6000 Acceptance Rate: 0.22868
Step: 6176 Walker: 33 Trial Log Prob: 498.67912713235427 Prob: 0.0016738012496886265 Frac: 0.2312421723784584
Step: 6233 Walker: 29 Trial Log Prob: 454.95769968357826 Prob: 5.962215892691157e-14 Frac: 0.23037234499957004
Number of steps: 7000 Acceptance Rate: 0.22898
Step: 7040 Walker: 11 Trial Log Prob: 493.37528996674547 Prob: 0.0005825742340357769 Frac: 0.22590515043345233
Step: 7045 Walker: 40 Trial Log Prob: 490.8666712253397 Prob: 0.3387375951012039 Frac: 0.2294642857142857
Step: 7774 Walker: 6 Trial Log Prob: 363.8207893726736 Prob: 3.4070180517545044e-30 Frac: 0.22762313741721854
Step: 7782 Walker: 10 Trial Log Prob: 459.6626503724977 Prob: 8.369708515585048e-12 Frac: 0.22777777777777777
Step: 7793 Walker: 45 Trial Log Prob: 489.1007707689748 Prob: 0.2768172261304681 Frac: 0.22782191953588093
Number of steps: 8000 Acceptance Rate: 0.22678
Step: 8856 Walker: 31 Trial Log Prob: 472.56155002667407 Prob: 1.3720766406539826e-6 Frac: 0.23080339403006006
Number of steps: 9000 Acceptance Rate: 0.23062
Step: 9165 Walker: 42 Trial Log Prob: 496.50053895702416 Prob: 0.27361501781088704 Frac: 0.22870662460567823
Step: 9721 Walker: 47 Trial Log Prob: 480.444774509179 Prob: 0.25998108145729965 Frac: 0.2268149915388243
Step: 9845 Walker: 42 Trial Log Prob: 496.9877854366468 Prob: 1.2681953948893954 Frac: 0.22716727427678612
Number of steps: 10000 Acceptance Rate: 0.22764
Step: 10102 Walker: 8 Trial Log Prob: -Inf Prob: 0.0 Frac: 0.22973507315144326
Step: 10538 Walker: 4 Trial Log Prob: 492.83505692648765 Prob: 1.0172796520716776 Frac: 0.22618604304759068
Step: 10823 Walker: 18 Trial Log Prob: 488.8338866489464 Prob: 0.05556029625014714 Frac: 0.22510822510822512
Step: 10891 Walker: 16 Trial Log Prob: 495.296801353489 Prob: 0.7383211190408157 Frac: 0.22582891544613173
Number of steps: 11000 Acceptance Rate: 0.22562
Step: 11005 Walker: 37 Trial Log Prob: 300.1897912300294 Prob: 1.098653387279343e-83 Frac: 0.1940928270042194
Step: 11093 Walker: 38 Trial Log Prob: 493.9459946875929 Prob: 1.4047238496546242 Frac: 0.23372143165157394
Step: 11116 Walker: 39 Trial Log Prob: 500.64157681722935 Prob: 0.10896502444478331 Frac: 0.23337363966142685
Step: 11124 Walker: 48 Trial Log Prob: 494.0738733705304 Prob: 0.03450851190250195 Frac: 0.23475314617618587
Step: 11635 Walker: 27 Trial Log Prob: 486.5676118306475 Prob: 3.2488911858064533 Frac: 0.22952059759826016
Number of steps: 12000 Acceptance Rate: 0.22806
Step: 12160 Walker: 39 Trial Log Prob: 487.1739658904129 Prob: 0.28770132376209384 Frac: 0.2181749906120916
Step: 12422 Walker: 17 Trial Log Prob: 472.27391953876497 Prob: 0.0008639979689529161 Frac: 0.21906298950965966
Step: 12550 Walker: 17 Trial Log Prob: 478.2072513362211 Prob: 0.0006825803126976645 Frac: 0.2217570175119234
Step: 12875 Walker: 3 Trial Log Prob: 493.14211525970336 Prob: 0.41842483700092753 Frac: 0.2219069629087248
Step: 12912 Walker: 30 Trial Log Prob: 464.1293533313639 Prob: 2.410214534571685e-9 Frac: 0.22250987275120668
Step: 12932 Walker: 36 Trial Log Prob: 496.04952142626564 Prob: 3.4324611940779652 Frac: 0.2226419954492766
Number of steps: 13000 Acceptance Rate: 0.2229
Step: 13414 Walker: 24 Trial Log Prob: 497.3758065515808 Prob: 1.0649925102155202 Frac: 0.22724194640611395
Step: 13576 Walker: 47 Trial Log Prob: 492.8379951173001 Prob: 0.004274506420829385 Frac: 0.2279056846199257
Step: 13809 Walker: 17 Trial Log Prob: 489.8186301943149 Prob: 0.33829330362783155 Frac: 0.2266867902120395
Number of steps: 14000 Acceptance Rate: 0.22714
Step: 14021 Walker: 17 Trial Log Prob: 470.3107992567533 Prob: 0.006211995141552127 Frac: 0.23107177974434612
Step: 14174 Walker: 43 Trial Log Prob: 492.4024714264703 Prob: 0.009263943472686957 Frac: 0.2342114344875187
Step: 14421 Walker: 32 Trial Log Prob: 477.8159223543111 Prob: 0.007497069132213015 Frac: 0.22855648535564854
Number of steps: 15000 Acceptance Rate: 0.2255
Step: 15932 Walker: 19 Trial Log Prob: 458.86956474678607 Prob: 8.00655439250726e-10 Frac: 0.2213919130752217
Number of steps: 16000 Acceptance Rate: 0.221
Step: 16403 Walker: 44 Trial Log Prob: 437.2809376975816 Prob: 7.812085600622711e-17 Frac: 0.22220015885623512
Step: 16616 Walker: 21 Trial Log Prob: 495.4691839370988 Prob: 0.22734845030618592 Frac: 0.22114978388742648
Step: 16925 Walker: 48 Trial Log Prob: 496.47359779434225 Prob: 0.6606626362512905 Frac: 0.22215014703338523
Number of steps: 17000 Acceptance Rate: 0.22214
Step: 17107 Walker: 27 Trial Log Prob: 490.9632215851542 Prob: 0.6293811633530669 Frac: 0.21494274450910456
Step: 17121 Walker: 47 Trial Log Prob: 463.5209381608529 Prob: 1.5253286554407295e-7 Frac: 0.2128328096576815
Step: 17316 Walker: 33 Trial Log Prob: 376.0640168344351 Prob: 2.7016421728567228e-55 Frac: 0.2196667300259773
Step: 17376 Walker: 45 Trial Log Prob: -Inf Prob: 0.0 Frac: 0.2197924980047885
Step: 17431 Walker: 12 Trial Log Prob: 394.05253154392193 Prob: 7.588255124814318e-26 Frac: 0.21843622164373372
Step: 17919 Walker: 29 Trial Log Prob: 497.9334914051095 Prob: 0.38281854245432306 Frac: 0.22216899997822726
Number of steps: 18000 Acceptance Rate: 0.22248
Step: 18478 Walker: 27 Trial Log Prob: 471.7796029798833 Prob: 4.28575237444736e-5 Frac: 0.22670352221803408
Step: 18510 Walker: 3 Trial Log Prob: 468.20177603388265 Prob: 3.0577212897407225e-8 Frac: 0.22551369190272266
Step: 18530 Walker: 13 Trial Log Prob: 490.13892950058585 Prob: 0.5070255754464101 Frac: 0.22559800476136493
Step: 18572 Walker: 44 Trial Log Prob: 484.8721915306143 Prob: 0.18188443314099512 Frac: 0.2270406378960621
Step: 18610 Walker: 48 Trial Log Prob: 478.0838744943505 Prob: 0.0016633189757426215 Frac: 0.22637550003278903
Step: 18617 Walker: 9 Trial Log Prob: 494.1258887824866 Prob: 0.286043546501651 Frac: 0.2268168392352884
Step: 18645 Walker: 7 Trial Log Prob: 496.12370978870706 Prob: 0.2576245183352898 Frac: 0.22603781786568136
Step: 18658 Walker: 9 Trial Log Prob: -Inf Prob: 0.0 Frac: 0.22578289053227427
Step: 18709 Walker: 7 Trial Log Prob: 499.5449682907764 Prob: 1.0851055881031595 Frac: 0.22571807834608976
Step: 18759 Walker: 37 Trial Log Prob: -Inf Prob: 0.0 Frac: 0.22587447610512165
Number of steps: 19000 Acceptance Rate: 0.2242
Step: 19368 Walker: 28 Trial Log Prob: 451.8033290455441 Prob: 0.25590804779037607 Frac: 0.21841332027424093
Step: 19480 Walker: 40 Trial Log Prob: 472.138360896729 Prob: 5.705743228173582e-5 Frac: 0.21679866611087953
Step: 19664 Walker: 35 Trial Log Prob: 491.12575387275865 Prob: 0.5937286424372034 Frac: 0.2175983124905831
Step: 19879 Walker: 10 Trial Log Prob: 487.2072466050239 Prob: 0.07500309814565162 Frac: 0.21997267137326348
Step: 19953 Walker: 17 Trial Log Prob: 491.7315090858373 Prob: 0.35116178851946356 Frac: 0.22029947287733373
Number of steps: 20000 Acceptance Rate: 0.22128
Step: 20010 Walker: 10 Trial Log Prob: -Inf Prob: 0.0 Frac: 0.21304347826086956
Step: 20138 Walker: 4 Trial Log Prob: 497.8014998977516 Prob: 0.020533407239544575 Frac: 0.22599941639918295
Step: 20311 Walker: 38 Trial Log Prob: 479.8946815660128 Prob: 0.0004298220276799332 Frac: 0.21978375595314711
Step: 20314 Walker: 23 Trial Log Prob: 469.00052350811916 Prob: 0.3781420218802697 Frac: 0.2198047597779621
Step: 20575 Walker: 3 Trial Log Prob: 491.7994402175671 Prob: 0.0013451804866716612 Frac: 0.2232867644497091
Step: 20590 Walker: 37 Trial Log Prob: 489.62840203348145 Prob: 0.2875768532490931 Frac: 0.2232848373859667
Step: 20592 Walker: 13 Trial Log Prob: 443.47071578103504 Prob: 2.7293930132231324e-17 Frac: 0.2234211683523323
Step: 20670 Walker: 4 Trial Log Prob: 495.6319145494545 Prob: 1.4388797636317396 Frac: 0.22266395647755127
Step: 20791 Walker: 45 Trial Log Prob: 492.0957763552923 Prob: 1.1017137602895521 Frac: 0.2232899228726767
Number of steps: 21000 Acceptance Rate: 0.22458
Step: 21783 Walker: 3 Trial Log Prob: 422.5641433786423 Prob: 8.075862986690815e-24 Frac: 0.2322072475257653
Number of steps: 22000 Acceptance Rate: 0.23182
Step: 22005 Walker: 17 Trial Log Prob: 497.46658023777667 Prob: 0.01163987993976548 Frac: 0.22580645161290322
Step: 22033 Walker: 12 Trial Log Prob: 448.9514094700295 Prob: 1.150921842234639 Frac: 0.2196029776674938
Step: 22402 Walker: 22 Trial Log Prob: 486.29916041747464 Prob: 0.2481532732362279 Frac: 0.2184137106416899
Step: 22659 Walker: 26 Trial Log Prob: 456.71995270919837 Prob: 5.427724599452132e-11 Frac: 0.21909736985968536
Step: 22714 Walker: 23 Trial Log Prob: 498.6497229498251 Prob: 0.17054230692646122 Frac: 0.2201104476775152
Number of steps: 23000 Acceptance Rate: 0.21888
Step: 23172 Walker: 48 Trial Log Prob: 497.5138936013195 Prob: 5.628446026898798e-5 Frac: 0.22226099092812282
Step: 23406 Walker: 30 Trial Log Prob: 488.2236898308921 Prob: 0.11030266924804193 Frac: 0.22184418145956608
Step: 23593 Walker: 2 Trial Log Prob: 465.02870130148534 Prob: 5.4259324418732905e-9 Frac: 0.221201270184447
Step: 23699 Walker: 44 Trial Log Prob: 499.72486895982985 Prob: 0.012711362915603546 Frac: 0.22095352564102563
Number of steps: 24000 Acceptance Rate: 0.22348
Step: 24070 Walker: 46 Trial Log Prob: 450.6285315106876 Prob: 7.212518887654159e-21 Frac: 0.23312356979405036
Step: 24769 Walker: 16 Trial Log Prob: 455.2869986547056 Prob: 7.185822436591894e-12 Frac: 0.2253488129945856
Step: 24798 Walker: 1 Trial Log Prob: 485.77685802383365 Prob: 0.24392002773918672 Frac: 0.22518882838573687
Number of steps: 25000 Acceptance Rate: 0.2252
Step: 25459 Walker: 38 Trial Log Prob: 473.37740914950683 Prob: 0.06545405322995902 Frac: 0.21736855872351557
Step: 25645 Walker: 2 Trial Log Prob: 484.2596127337883 Prob: 0.3397919864082345 Frac: 0.21911682504192287
Step: 25689 Walker: 18 Trial Log Prob: 492.83324948673436 Prob: 0.3533672540631905 Frac: 0.2194491254576094
Step: 25803 Walker: 35 Trial Log Prob: 492.30923122540645 Prob: 0.37761197654952966 Frac: 0.22170175657157096
Step: 25810 Walker: 40 Trial Log Prob: 495.5106352380712 Prob: 1.0592532271607304 Frac: 0.2216102741417634
Step: 25883 Walker: 14 Trial Log Prob: 316.292518621779 Prob: 5.632923178760466e-69 Frac: 0.22169832706170375
Number of steps: 26000 Acceptance Rate: 0.2223
Step: 26115 Walker: 4 Trial Log Prob: 468.4866659333563 Prob: 6.786894333553905e-8 Frac: 0.22791023842917252
Step: 26317 Walker: 37 Trial Log Prob: -Inf Prob: 0.0 Frac: 0.22245374755319822
Step: 26381 Walker: 47 Trial Log Prob: 497.65465494959057 Prob: 0.8131504268863219 Frac: 0.22334225862340526
Step: 26400 Walker: 39 Trial Log Prob: 471.61707620936255 Prob: 0.01860559658109339 Frac: 0.2234729101005553
Step: 26553 Walker: 37 Trial Log Prob: 387.9951953179934 Prob: 4.8417775813754065e-51 Frac: 0.2203567681007345
Step: 26622 Walker: 11 Trial Log Prob: 455.5110307469799 Prob: 9.960261264390765e-19 Frac: 0.2209523196291169
Step: 26655 Walker: 36 Trial Log Prob: 496.0589926880721 Prob: 0.8988783652833326 Frac: 0.2197886119257087
Number of steps: 27000 Acceptance Rate: 0.2202
Step: 27133 Walker: 47 Trial Log Prob: 492.97590797225615 Prob: 0.5664163143040868 Frac: 0.22641793290206108
Step: 27231 Walker: 48 Trial Log Prob: 489.2805109295221 Prob: 0.1443118372866866 Frac: 0.22324211984759265
Step: 27373 Walker: 39 Trial Log Prob: 491.33401417989444 Prob: 1.0162072831767297 Frac: 0.2253339771446966
Step: 27659 Walker: 49 Trial Log Prob: 442.5780735539233 Prob: 0.0004245779043864861 Frac: 0.22307202039515614
Step: 27671 Walker: 8 Trial Log Prob: 494.76863511635656 Prob: 2.9980237349361927 Frac: 0.22296168079264653
Step: 27693 Walker: 32 Trial Log Prob: 481.34007896288426 Prob: 0.011292158825861947 Frac: 0.2236082236082236
Step: 27720 Walker: 26 Trial Log Prob: 478.84610313934894 Prob: 0.0001404080327649538 Frac: 0.22395485879475205
Step: 27724 Walker: 23 Trial Log Prob: 495.26151364774285 Prob: 1.0566025873895102 Frac: 0.2240068559422774
Step: 27920 Walker: 14 Trial Log Prob: 472.6384825178702 Prob: 0.0037068737425476725 Frac: 0.22434949090592637
Step: 27950 Walker: 49 Trial Log Prob: 417.52046685879725 Prob: 7.898791176755825e-16 Frac: 0.22440472430998548
Number of steps: 28000 Acceptance Rate: 0.22516
Step: 28821 Walker: 50 Trial Log Prob: 422.99381193280925 Prob: 1.3602005191432707e-14 Frac: 0.22855054811205847
Step: 28835 Walker: 35 Trial Log Prob: 500.75822159266977 Prob: 0.02218453001196261 Frac: 0.22841739547142687
Number of steps: 29000 Acceptance Rate: 0.22786
Step: 29482 Walker: 22 Trial Log Prob: -Inf Prob: 0.0 Frac: 0.22166832834828848
Step: 29537 Walker: 18 Trial Log Prob: 492.7692294960312 Prob: 0.6660416057021356 Frac: 0.22208964128570363
Step: 29562 Walker: 44 Trial Log Prob: 447.04775146937976 Prob: 1.2462328023523606e-11 Frac: 0.22211148287890653
Step: 29820 Walker: 14 Trial Log Prob: 344.22364813054963 Prob: 8.922176729611827e-72 Frac: 0.22236597988477688
Number of steps: 30000 Acceptance Rate: 0.22268
Step: 30009 Walker: 43 Trial Log Prob: 496.31112772478815 Prob: 0.0010446186978857828 Frac: 0.18058690744920994
Step: 30087 Walker: 15 Trial Log Prob: -Inf Prob: 0.0 Frac: 0.21668597914252608
Step: 30415 Walker: 34 Trial Log Prob: 428.0856519661956 Prob: 2.3456874266783725e-23 Frac: 0.2214237484325263
Step: 30670 Walker: 10 Trial Log Prob: -Inf Prob: 0.0 Frac: 0.21939629408248656
Step: 30684 Walker: 10 Trial Log Prob: 492.1940699245994 Prob: 2.5435757160269836 Frac: 0.21967213114754097
Step: 30830 Walker: 45 Trial Log Prob: -Inf Prob: 0.0 Frac: 0.2205084949993975
Step: 30955 Walker: 16 Trial Log Prob: 491.8618276583279 Prob: 0.5635160797746895 Frac: 0.21938133959258949
Number of steps: 31000 Acceptance Rate: 0.21902
Step: 31212 Walker: 14 Trial Log Prob: 495.6871875928139 Prob: 0.24129814051176018 Frac: 0.2125141991669822
Step: 31383 Walker: 14 Trial Log Prob: 487.7555500193371 Prob: 1.1677248612759155 Frac: 0.21418855289316732
Step: 31409 Walker: 2 Trial Log Prob: 471.00646842188036 Prob: 5.868398765904694e-6 Frac: 0.21365552396823842
Step: 31580 Walker: 10 Trial Log Prob: -Inf Prob: 0.0 Frac: 0.21650552486187846
Step: 31799 Walker: 2 Trial Log Prob: 497.8373213956458 Prob: 0.00544335214516617 Frac: 0.21643025412260036
Step: 31812 Walker: 5 Trial Log Prob: 496.95551064251214 Prob: 0.02528604067829025 Frac: 0.21637282702502775
Number of steps: 32000 Acceptance Rate: 0.21942
Step: 32057 Walker: 18 Trial Log Prob: 500.3615854416224 Prob: 0.00024263268048078492 Frac: 0.2313697657913414
Step: 32222 Walker: 41 Trial Log Prob: 427.57441569700393 Prob: 3.733240529645716e-9 Frac: 0.22252276620683437
Step: 32322 Walker: 5 Trial Log Prob: 502.180599003994 Prob: 1.080040922561203e-5 Frac: 0.2232326378075366
Step: 32406 Walker: 43 Trial Log Prob: 456.65611470162406 Prob: 8.481284791760992e-10 Frac: 0.22313112896072537
Step: 32632 Walker: 10 Trial Log Prob: 499.99132188494 Prob: 0.2682386126249826 Frac: 0.22126108998732572
Step: 32738 Walker: 38 Trial Log Prob: 490.85864196800657 Prob: 0.42393231905516937 Frac: 0.2207492951637389
Step: 32924 Walker: 29 Trial Log Prob: 455.4128917372097 Prob: 1.172514676973126e-7 Frac: 0.22111782411918837
Step: 32950 Walker: 44 Trial Log Prob: 489.58916736058944 Prob: 1.3522177144493497 Frac: 0.22091211521455342
Step: 32952 Walker: 38 Trial Log Prob: 473.6052253068424 Prob: 2.929641436666183e-5 Frac: 0.2209380516096495
Number of steps: 33000 Acceptance Rate: 0.22058
Step: 33245 Walker: 24 Trial Log Prob: 482.53793869937704 Prob: 0.03571942325982071 Frac: 0.22652159685863874
Step: 33543 Walker: 29 Trial Log Prob: 332.84230857421375 Prob: 3.681684838454488e-77 Frac: 0.2257362969516016
Step: 33697 Walker: 2 Trial Log Prob: 472.19146894688356 Prob: 2.544976025209788e-5 Frac: 0.22553301534394576
Step: 33702 Walker: 9 Trial Log Prob: 502.3992150537895 Prob: 0.028291267430374044 Frac: 0.22556262300693117
Step: 33924 Walker: 26 Trial Log Prob: 496.2440897548326 Prob: 0.00599506725471022 Frac: 0.22520356895356897
Number of steps: 34000 Acceptance Rate: 0.22504
Step: 34094 Walker: 41 Trial Log Prob: 432.3896414554231 Prob: 1.4328498403953284e-9 Frac: 0.23342570880409294
Step: 34322 Walker: 19 Trial Log Prob: 490.0317035352022 Prob: 1.0287093432519694 Frac: 0.222415831725683
Step: 34439 Walker: 48 Trial Log Prob: 496.59173544834476 Prob: 0.14608771418462785 Frac: 0.22088572990705305
Step: 34637 Walker: 2 Trial Log Prob: 493.7922183778155 Prob: 1.3188418021647773e-5 Frac: 0.22391673479655366
Step: 34751 Walker: 19 Trial Log Prob: -Inf Prob: 0.0 Frac: 0.22607212345744823
Step: 34774 Walker: 5 Trial Log Prob: 494.72121268227465 Prob: 0.10466058150677529 Frac: 0.22659423101797957
Step: 34933 Walker: 23 Trial Log Prob: 499.9905297449152 Prob: 0.14628649372883487 Frac: 0.22546811659481372
Number of steps: 35000 Acceptance Rate: 0.22538
Step: 35309 Walker: 34 Trial Log Prob: 491.7556140994376 Prob: 0.9988300861099119 Frac: 0.2311131268627705
Number of steps: 36000 Acceptance Rate: 0.22854
Step: 36047 Walker: 4 Trial Log Prob: 498.9023400088174 Prob: 0.024952425031890612 Frac: 0.23133680555555555
Step: 36523 Walker: 45 Trial Log Prob: 499.24670781221556 Prob: 0.023442093338162596 Frac: 0.22673551348250143
Step: 36736 Walker: 4 Trial Log Prob: 411.8397472728983 Prob: 2.482893072433169e-41 Frac: 0.22838330521847963
Step: 36929 Walker: 41 Trial Log Prob: -Inf Prob: 0.0 Frac: 0.22844038672724531
Step: 36941 Walker: 9 Trial Log Prob: 481.27782682779775 Prob: 0.0030786212201245463 Frac: 0.22829670914080283
Number of steps: 37000 Acceptance Rate: 0.22896
Step: 37024 Walker: 42 Trial Log Prob: 498.3123359493101 Prob: 1.3986302872179415 Frac: 0.2332214765100671
Step: 37334 Walker: 33 Trial Log Prob: 493.99949753938813 Prob: 0.05366980796937186 Frac: 0.23329137445303602
Step: 37850 Walker: 23 Trial Log Prob: 485.4448691450041 Prob: 0.043627523470554715 Frac: 0.23052292044357592
Step: 37995 Walker: 25 Trial Log Prob: 401.84114863352016 Prob: 1.99571979770468e-41 Frac: 0.2293614881850176
Number of steps: 38000 Acceptance Rate: 0.22942
Step: 38294 Walker: 3 Trial Log Prob: 497.7135779671112 Prob: 0.15835304798705993 Frac: 0.23189790486589776
Step: 38379 Walker: 4 Trial Log Prob: 500.4389890242673 Prob: 0.005072627409032412 Frac: 0.22836436732966567
Step: 38656 Walker: 37 Trial Log Prob: 492.29873301915256 Prob: 1.2869085931083322 Frac: 0.22743770396803611
Number of steps: 39000 Acceptance Rate: 0.22796
Step: 39002 Walker: 7 Trial Log Prob: 491.80521457151025 Prob: 1.505810417485631 Frac: 0.21052631578947367
Step: 39208 Walker: 23 Trial Log Prob: 492.91638814156045 Prob: 1.0318559808803835 Frac: 0.24004627398052636
Step: 39426 Walker: 11 Trial Log Prob: -Inf Prob: 0.0 Frac: 0.2337613470674004
Step: 39912 Walker: 33 Trial Log Prob: 313.0725646997238 Prob: 4.744373172907397e-80 Frac: 0.22905469144198495
Number of steps: 40000 Acceptance Rate: 0.2277
Step: 40063 Walker: 4 Trial Log Prob: -Inf Prob: 0.0 Frac: 0.2345360824742268
Step: 40414 Walker: 33 Trial Log Prob: 480.89818443426043 Prob: 0.0018198492153186276 Frac: 0.22975390417250882
Step: 40425 Walker: 49 Trial Log Prob: 440.3836526873754 Prob: 0.006889493189740902 Frac: 0.23026965974869407
Number of steps: 41000 Acceptance Rate: 0.23076
Step: 41002 Walker: 41 Trial Log Prob: -Inf Prob: 0.0 Frac: 0.1978021978021978
Step: 41636 Walker: 25 Trial Log Prob: 488.2752834709554 Prob: 0.8762360802412731 Frac: 0.22457907159716758
Step: 41823 Walker: 48 Trial Log Prob: 491.40535193239475 Prob: 0.7262967101504162 Frac: 0.2266209779333139
Step: 41859 Walker: 23 Trial Log Prob: 469.2509589877176 Prob: 2.49782151657889e-9 Frac: 0.22624234093609485
Step: 41888 Walker: 36 Trial Log Prob: 492.1931313420316 Prob: 0.9564923414866829 Frac: 0.22633262740503762
Number of steps: 42000 Acceptance Rate: 0.22794
Step: 42059 Walker: 25 Trial Log Prob: 492.78400788020866 Prob: 0.16845699927463986 Frac: 0.2181196581196581
Step: 42415 Walker: 28 Trial Log Prob: 405.088636038182 Prob: 4.3246208309289464e-21 Frac: 0.22964106522578154
Step: 42633 Walker: 10 Trial Log Prob: 486.6211294234101 Prob: 0.01063555770261719 Frac: 0.22720658019614046
Step: 42659 Walker: 8 Trial Log Prob: 400.77489965744087 Prob: 2.0764882178489057e-31 Frac: 0.22723957700255257
Number of steps: 43000 Acceptance Rate: 0.22268
Step: 43099 Walker: 45 Trial Log Prob: 470.02456605586144 Prob: 1.2495207219687354e-6 Frac: 0.21193124368048533
Step: 43217 Walker: 31 Trial Log Prob: 476.30832155452214 Prob: 7.821902041953316e-5 Frac: 0.22029360169882745
Step: 43309 Walker: 8 Trial Log Prob: 494.03670056569825 Prob: 0.9182038268828854 Frac: 0.22124870197300103
Step: 43425 Walker: 8 Trial Log Prob: 488.450799735926 Prob: 1.0499772337002375 Frac: 0.2208129007921539
Step: 43490 Walker: 42 Trial Log Prob: 483.783810884034 Prob: 0.00734467820882651 Frac: 0.22097011268985792
Step: 43583 Walker: 36 Trial Log Prob: 479.6403237637164 Prob: 0.45336931262737323 Frac: 0.22096375617792421
Number of steps: 44000 Acceptance Rate: 0.22402
Step: 44328 Walker: 44 Trial Log Prob: 447.67262402684304 Prob: 9.828356267173737e-16 Frac: 0.23252409418079786
Step: 44780 Walker: 20 Trial Log Prob: 477.8386974486533 Prob: 0.14570690015256887 Frac: 0.23140877598152426
Step: 44821 Walker: 13 Trial Log Prob: 408.8973029453902 Prob: 3.6363024284058967e-31 Frac: 0.2315119596225587
Step: 44858 Walker: 11 Trial Log Prob: 494.6980917515828 Prob: 1.6059076153258114 Frac: 0.23135251160728867
Step: 44918 Walker: 49 Trial Log Prob: 446.39417153024044 Prob: 0.05566824196385565 Frac: 0.23085470271683478
Number of steps: 45000 Acceptance Rate: 0.2303
Step: 45308 Walker: 43 Trial Log Prob: 502.1106159281909 Prob: 0.9225586897358579 Frac: 0.22932501786526344
Step: 45397 Walker: 18 Trial Log Prob: 495.4085199050805 Prob: 0.8795608392031766 Frac: 0.22797456857402362
Step: 45404 Walker: 39 Trial Log Prob: 483.69722790165133 Prob: 0.0230323922028534 Frac: 0.22799544306305414
Step: 45860 Walker: 49 Trial Log Prob: 443.94007108660963 Prob: 0.00022603622584625363 Frac: 0.22228423916835274
Number of steps: 46000 Acceptance Rate: 0.22326
Step: 46103 Walker: 35 Trial Log Prob: 492.60982209981375 Prob: 0.0549995103047748 Frac: 0.2175267770204479
Step: 46164 Walker: 29 Trial Log Prob: 480.09203839428835 Prob: 0.004528508022220015 Frac: 0.21787504584912581
Step: 46409 Walker: 31 Trial Log Prob: -Inf Prob: 0.0 Frac: 0.22040037198375018
Step: 46443 Walker: 36 Trial Log Prob: 499.7412025612014 Prob: 0.0014266634930159357 Frac: 0.22013913986266714
Step: 46882 Walker: 21 Trial Log Prob: 482.0693034967388 Prob: 0.04125539924124623 Frac: 0.22127929931247306
Step: 46984 Walker: 7 Trial Log Prob: 482.9713472969058 Prob: 0.0373127767227967 Frac: 0.22061964725268018
Number of steps: 47000 Acceptance Rate: 0.22072
Step: 47034 Walker: 2 Trial Log Prob: 492.2856512883547 Prob: 0.001864929380692852 Frac: 0.23547215496368037
Step: 47082 Walker: 11 Trial Log Prob: 450.25578191530326 Prob: 3.157263309734611e-15 Frac: 0.22925387835508496
Step: 47186 Walker: 26 Trial Log Prob: 501.7449136696814 Prob: 0.00156068557807752 Frac: 0.22520482966796032
Step: 47283 Walker: 5 Trial Log Prob: 490.55381478222364 Prob: 4.284642989590269 Frac: 0.2261609358383552
Step: 47545 Walker: 1 Trial Log Prob: 502.69098217507957 Prob: 0.005049913263467557 Frac: 0.22609462887393847
Step: 47673 Walker: 43 Trial Log Prob: 498.77445383704924 Prob: 0.07937249590611531 Frac: 0.22756591267128376
Step: 47729 Walker: 42 Trial Log Prob: -Inf Prob: 0.0 Frac: 0.2271005982108556
Step: 47763 Walker: 23 Trial Log Prob: 479.99107434492817 Prob: 0.0010579515988291448 Frac: 0.22684468693439655
Number of steps: 48000 Acceptance Rate: 0.22812
Step: 48114 Walker: 3 Trial Log Prob: 486.3368609123931 Prob: 2.7916325608928125 Frac: 0.22996638952768442
Step: 48126 Walker: 20 Trial Log Prob: 484.4933116321365 Prob: 0.07966051644931108 Frac: 0.23046251993620415
Step: 48361 Walker: 25 Trial Log Prob: 496.628309347786 Prob: 0.7096517208087479 Frac: 0.22718446601941747
Step: 48525 Walker: 41 Trial Log Prob: 444.7935754070326 Prob: 22.9903038108665 Frac: 0.22579170001143248
Step: 48668 Walker: 30 Trial Log Prob: 494.51222863166987 Prob: 0.0005169595860565106 Frac: 0.22660275614140205
Step: 48828 Walker: 39 Trial Log Prob: 489.25503079822766 Prob: 1.0902613156925918 Frac: 0.22600207784677087
Step: 48835 Walker: 48 Trial Log Prob: 476.3007378224936 Prob: 0.00020545331367506842 Frac: 0.22592699051451567
Step: 48868 Walker: 3 Trial Log Prob: 435.02068367227224 Prob: 1.5168614208189395e-19 Frac: 0.2259589878439785
Number of steps: 49000 Acceptance Rate: 0.22628
Step: 49025 Walker: 39 Trial Log Prob: -Inf Prob: 0.0 Frac: 0.2324455205811138
Step: 49185 Walker: 30 Trial Log Prob: 433.7934931690803 Prob: 7.903467975492807e-19 Frac: 0.22838569880823403
Step: 49347 Walker: 7 Trial Log Prob: 476.5363134909659 Prob: 9.293131905338183e-6 Frac: 0.2268446293407292
Step: 49430 Walker: 41 Trial Log Prob: 437.89467038350097 Prob: 2.914338821147402e-6 Frac: 0.22497789772462892
Step: 49602 Walker: 43 Trial Log Prob: 497.80880274145846 Prob: 0.8269880616609293 Frac: 0.22962150666267903
Step: 49711 Walker: 8 Trial Log Prob: 466.82900473710765 Prob: 4.0145867989721174e-8 Frac: 0.22952574067815704
Step: 49933 Walker: 43 Trial Log Prob: 392.78009703608706 Prob: 3.4162313294000673e-40 Frac: 0.22931629612160453
Number of steps: 50000 Acceptance Rate: 0.22874
Burn-in Number (ends): 50000
Independent Sample Size: 2139.039610420737
4535.996584 seconds (147.56 M allocations: 1.001 TiB, 7.17% gc time)
