args = ["mcmc", "60.0", "15", "pppp"]
Parameters from fit: [7.95705657787172e-6, 224.70077158938886, 2.4335037687446997e6, -0.035793484273217234, 0.018260358793775296, 2.558578806292469e-6, 365.2568611139445, 2.4336244043302834e6, -0.006840853381331044, 0.0065222533899332216, 5.5039595899370314e-5, 1164.5199896118195, 2.4362343805621616e6, 0.0033291400290065606, -0.01973733154439973, 0.0024007486484052404, 3371.5512175726417, 2.4384981581214387e6, 0.09103382486321215, -0.0018566780309335529]
Maximum log Prob from fit: -65.37234155527304
Step: 159 Walker: 46 Trial Log Prob: 183.81285663242429 Prob: 7.847274563360659e-5 Frac: 0.36672539642587465
Step: 498 Walker: 20 Trial Log Prob: 254.9423661986325 Prob: 0.014736582355892694 Frac: 0.3318455971049457
Step: 543 Walker: 9 Trial Log Prob: 253.5998603843178 Prob: 0.07884256316142288 Frac: 0.33199306503375264
Step: 628 Walker: 44 Trial Log Prob: 239.23914829668556 Prob: 0.006435881796295383 Frac: 0.32751481174746766
Step: 817 Walker: 16 Trial Log Prob: 261.8997134108724 Prob: 1.258135197299249 Frac: 0.31918855350842806
Number of steps: 1000 Acceptance Rate: 0.3041
Step: 1111 Walker: 48 Trial Log Prob: 248.37384950671577 Prob: 6.102837118947604 Frac: 0.2089041095890411
Step: 1516 Walker: 11 Trial Log Prob: -Inf Prob: 0.0 Frac: 0.19510112185085982
Step: 1653 Walker: 19 Trial Log Prob: 230.57704090192567 Prob: 1.7616227526556842e-10 Frac: 0.19528495662037462
Step: 1657 Walker: 3 Trial Log Prob: 227.79853119704828 Prob: 1.090750472311497e-10 Frac: 0.1954089564978813
Step: 1885 Walker: 25 Trial Log Prob: 251.46782935030208 Prob: 0.438509277725703 Frac: 0.191271905031091
Number of steps: 2000 Acceptance Rate: 0.18922
Step: 2576 Walker: 38 Trial Log Prob: 265.7336668415282 Prob: 1.8426779171184034e-8 Frac: 0.15579408086702792
Step: 2687 Walker: 12 Trial Log Prob: 271.61096785591855 Prob: 1.34692188834735 Frac: 0.15367801352296573
Step: 2866 Walker: 11 Trial Log Prob: 255.14267273284545 Prob: 0.0053771297227375656 Frac: 0.15205381290307668
Step: 2959 Walker: 10 Trial Log Prob: 255.1591508826255 Prob: 0.8451167475531639 Frac: 0.15136714673345858
Number of steps: 3000 Acceptance Rate: 0.15076
Step: 3078 Walker: 29 Trial Log Prob: 262.60723465588137 Prob: 1.3709309818390669e-8 Frac: 0.13921113689095127
Step: 3203 Walker: 28 Trial Log Prob: 251.73437504543494 Prob: 0.13157185850599226 Frac: 0.1351698262243286
Step: 3587 Walker: 41 Trial Log Prob: 195.77968229203245 Prob: 1.9154616726237923e-31 Frac: 0.1371800552128421
Step: 3631 Walker: 45 Trial Log Prob: 270.179715400351 Prob: 0.00370776902425537 Frac: 0.13618640038040894
Step: 3654 Walker: 41 Trial Log Prob: -Inf Prob: 0.0 Frac: 0.1356030711816708
Step: 3893 Walker: 22 Trial Log Prob: 263.1494492806119 Prob: 1.5344288044793787e-10 Frac: 0.13092196674286227
Step: 3903 Walker: 49 Trial Log Prob: -Inf Prob: 0.0 Frac: 0.13118784469201974
Step: 3965 Walker: 24 Trial Log Prob: -Inf Prob: 0.0 Frac: 0.13051592568015927
Number of steps: 4000 Acceptance Rate: 0.13028
Step: 4120 Walker: 23 Trial Log Prob: 270.58339226040107 Prob: 0.12136770443722641 Frac: 0.11618951950443664
Step: 4317 Walker: 8 Trial Log Prob: -Inf Prob: 0.0 Frac: 0.11962297570850203
Step: 4574 Walker: 43 Trial Log Prob: 268.9723533640053 Prob: 0.09648243922324881 Frac: 0.12166730561460984
Step: 4826 Walker: 29 Trial Log Prob: 99.85221125315825 Prob: 6.074214008859355e-74 Frac: 0.12337992683931297
Number of steps: 5000 Acceptance Rate: 0.12372
Step: 5133 Walker: 45 Trial Log Prob: 126.89856509807039 Prob: 8.497520580257769e-64 Frac: 0.12219714070729872
Step: 5377 Walker: 36 Trial Log Prob: 263.4778886667674 Prob: 3.044223840224366e-7 Frac: 0.11531110639201529
Step: 5621 Walker: 27 Trial Log Prob: -Inf Prob: 0.0 Frac: 0.11499661585071067
Step: 5666 Walker: 11 Trial Log Prob: 255.03274576747543 Prob: 2.2931000305608226e-6 Frac: 0.1139172003247046
Step: 5993 Walker: 8 Trial Log Prob: -Inf Prob: 0.0 Frac: 0.11024431543299468
Number of steps: 6000 Acceptance Rate: 0.11006
Step: 6419 Walker: 20 Trial Log Prob: 262.01421282275163 Prob: 0.9640372476653369 Frac: 0.09402485659655832
Step: 6628 Walker: 33 Trial Log Prob: 262.7314288479795 Prob: 0.04613809084619398 Frac: 0.09769620495172546
Step: 6696 Walker: 48 Trial Log Prob: 145.2914498245259 Prob: 1.4770222650762379e-50 Frac: 0.09716075636530835
Step: 6826 Walker: 14 Trial Log Prob: 242.9082736538816 Prob: 1.780861557135445e-9 Frac: 0.09749418379216751
Step: 6846 Walker: 14 Trial Log Prob: 232.74539516099887 Prob: 6.055801396554938e-21 Frac: 0.09691463183797085
Number of steps: 7000 Acceptance Rate: 0.0967
Step: 7340 Walker: 40 Trial Log Prob: 251.41914422505877 Prob: 3.66446514431259e-13 Frac: 0.08716892289582107
Step: 7365 Walker: 15 Trial Log Prob: -Inf Prob: 0.0 Frac: 0.08772989294537469
Step: 7466 Walker: 31 Trial Log Prob: 284.5052843910939 Prob: 5.750160292533847e-6 Frac: 0.08620763712898931
Step: 7520 Walker: 40 Trial Log Prob: -Inf Prob: 0.0 Frac: 0.08457098884186226
Step: 7622 Walker: 7 Trial Log Prob: 215.2877369692896 Prob: 2.5247089755148173e-28 Frac: 0.08362043983642979
Step: 7889 Walker: 37 Trial Log Prob: 254.4649648421916 Prob: 8.476083623820528e-15 Frac: 0.08173369039314085
Number of steps: 8000 Acceptance Rate: 0.08094
Step: 8947 Walker: 22 Trial Log Prob: -Inf Prob: 0.0 Frac: 0.06662862939013567
Number of steps: 9000 Acceptance Rate: 0.06568
Step: 9213 Walker: 10 Trial Log Prob: 248.08128749106126 Prob: 1.0568033298521227e-8 Frac: 0.053911404335532515
Step: 9674 Walker: 27 Trial Log Prob: 248.31569267706757 Prob: 3.7342474935072493e-17 Frac: 0.0563589393354515
Step: 9770 Walker: 48 Trial Log Prob: 249.49295612871134 Prob: 2.1178813026288237e-11 Frac: 0.05537950023377838
Step: 9876 Walker: 3 Trial Log Prob: 250.73622440074882 Prob: 2.9890550932461714e-8 Frac: 0.05469339245308893
Number of steps: 10000 Acceptance Rate: 0.05386
Step: 10143 Walker: 6 Trial Log Prob: 271.4166621357546 Prob: 2.222836947800734 Frac: 0.05066141289051506
Step: 10373 Walker: 36 Trial Log Prob: 222.48934429276622 Prob: 2.244895388289119e-24 Frac: 0.04818630607426486
Step: 10621 Walker: 37 Trial Log Prob: 274.8005485554014 Prob: 0.004017408240336237 Frac: 0.045655185746045046
Step: 10850 Walker: 50 Trial Log Prob: 246.01384196549327 Prob: 1.5520322424050962e-11 Frac: 0.04428235294117647
Step: 10874 Walker: 16 Trial Log Prob: 262.22677273067046 Prob: 2.9570495341526336e-8 Frac: 0.044313653643567076
Step: 10984 Walker: 14 Trial Log Prob: 116.3958589260392 Prob: 3.1496721913714625e-65 Frac: 0.04421934749003336
Step: 10997 Walker: 35 Trial Log Prob: 196.99160597124052 Prob: 4.3570775021461904e-33 Frac: 0.044205879402026686
Number of steps: 11000 Acceptance Rate: 0.04412
Step: 11086 Walker: 20 Trial Log Prob: 257.67421321441356 Prob: 2.6989679255315702e-9 Frac: 0.0468384074941452
Step: 11220 Walker: 9 Trial Log Prob: -Inf Prob: 0.0 Frac: 0.045259603978465186
Step: 11574 Walker: 2 Trial Log Prob: -Inf Prob: 0.0 Frac: 0.03978779840848806
Step: 11623 Walker: 33 Trial Log Prob: 254.76646504496318 Prob: 6.264288886223909e-11 Frac: 0.03918671506118909
Step: 11625 Walker: 46 Trial Log Prob: -171.48831659405252 Prob: 5.543938827397842e-188 Frac: 0.03914101004928631
Step: 11717 Walker: 26 Trial Log Prob: 244.980913761284 Prob: 3.6425941618682824e-9 Frac: 0.03874281248255457
Number of steps: 12000 Acceptance Rate: 0.0395
Step: 12042 Walker: 35 Trial Log Prob: 265.35385814449006 Prob: 0.008565531982166584 Frac: 0.04268585131894485
Step: 12092 Walker: 15 Trial Log Prob: 222.40093786545614 Prob: 9.880082640472925e-16 Frac: 0.03855421686746988
Step: 12146 Walker: 4 Trial Log Prob: 251.33892326381428 Prob: 3.6768553387781784e-6 Frac: 0.04190791287565481
Step: 12352 Walker: 46 Trial Log Prob: -Inf Prob: 0.0 Frac: 0.039327119799954534
Step: 12589 Walker: 36 Trial Log Prob: 232.97228172145412 Prob: 1.489340573989212e-22 Frac: 0.03866014404130996
Step: 12738 Walker: 20 Trial Log Prob: 275.6655575616632 Prob: 1.0515164320399625e-5 Frac: 0.03791700569568755
Number of steps: 13000 Acceptance Rate: 0.0364
Step: 13229 Walker: 44 Trial Log Prob: -Inf Prob: 0.0 Frac: 0.03128276826284516
Step: 13262 Walker: 14 Trial Log Prob: 261.44515991654475 Prob: 0.0005083141933878574 Frac: 0.03260869565217391
Step: 13324 Walker: 28 Trial Log Prob: 238.19098969227898 Prob: 2.724136733277232e-12 Frac: 0.034244035109407836
Step: 13387 Walker: 32 Trial Log Prob: -365.0307677953349 Prob: 3.2355996294256187e-279 Frac: 0.0351231119387544
Step: 13546 Walker: 4 Trial Log Prob: 211.57198150055925 Prob: 1.4509112190046815e-18 Frac: 0.035517722169222866
Number of steps: 14000 Acceptance Rate: 0.03378
Step: 14046 Walker: 7 Trial Log Prob: 218.48226489077533 Prob: 2.0875527807609344e-23 Frac: 0.024811696942844484
Step: 14308 Walker: 40 Trial Log Prob: 267.01133691432676 Prob: 1.2709218526306244e-5 Frac: 0.026900584795321637
Step: 14356 Walker: 30 Trial Log Prob: 272.79669355849836 Prob: 9.703047573431693e-5 Frac: 0.02671541057367829
Step: 14517 Walker: 49 Trial Log Prob: 271.50078135873537 Prob: 2.1124182850287327e-6 Frac: 0.02928546558861078
Step: 14581 Walker: 45 Trial Log Prob: 240.38402649611615 Prob: 3.067507146044874e-8 Frac: 0.030125667068342226
Step: 14603 Walker: 18 Trial Log Prob: -Inf Prob: 0.0 Frac: 0.030247692409854574
Step: 14609 Walker: 43 Trial Log Prob: 254.47159049479455 Prob: 1.8613933753758687e-8 Frac: 0.030318956738823375
Step: 14861 Walker: 38 Trial Log Prob: 205.3339762131896 Prob: 1.804331796744405e-35 Frac: 0.03127468748547795
Step: 14984 Walker: 20 Trial Log Prob: -Inf Prob: 0.0 Frac: 0.030770795200325402
Number of steps: 15000 Acceptance Rate: 0.03076
Step: 15254 Walker: 8 Trial Log Prob: -Inf Prob: 0.0 Frac: 0.03278559014062253
Step: 15359 Walker: 2 Trial Log Prob: 54.20663958081472 Prob: 1.07027058183832e-95 Frac: 0.0333482292481287
Step: 15731 Walker: 12 Trial Log Prob: 258.7210253920979 Prob: 1.992279966306562e-6 Frac: 0.03429009640666082
Step: 15853 Walker: 14 Trial Log Prob: -Inf Prob: 0.0 Frac: 0.03369784577838269
Step: 15857 Walker: 46 Trial Log Prob: 267.669548013559 Prob: 0.04004781554620379 Frac: 0.03370209587826168
Number of steps: 16000 Acceptance Rate: 0.03326
Step: 16615 Walker: 22 Trial Log Prob: 154.22120745934194 Prob: 1.9594044622161865e-52 Frac: 0.030564416379141982
Step: 16881 Walker: 21 Trial Log Prob: 262.07603790816745 Prob: 0.0014422597744423594 Frac: 0.032234615297244494
Number of steps: 17000 Acceptance Rate: 0.03178
Number of steps: 18000 Acceptance Rate: 0.02654
Step: 18054 Walker: 33 Trial Log Prob: 269.6443527661542 Prob: 5.633731956572345 Frac: 0.03317182258665673
Step: 18108 Walker: 29 Trial Log Prob: 160.6406542280036 Prob: 3.6148893211183072e-47 Frac: 0.029559397657557166
Step: 18392 Walker: 18 Trial Log Prob: 251.6797860551552 Prob: 0.0007397219999906078 Frac: 0.027187244480784956
Step: 18735 Walker: 1 Trial Log Prob: 211.81102005872378 Prob: 2.0512570815839798e-26 Frac: 0.027328955614288438
Number of steps: 19000 Acceptance Rate: 0.02706
Step: 19081 Walker: 22 Trial Log Prob: -Inf Prob: 0.0 Frac: 0.029338637493784188
Step: 19256 Walker: 23 Trial Log Prob: 257.0759653441216 Prob: 1.6083703571916414e-5 Frac: 0.026462068425585218
Step: 19442 Walker: 16 Trial Log Prob: 255.08640689887113 Prob: 2.2266664983298994e-10 Frac: 0.02420012689205112
Number of steps: 20000 Acceptance Rate: 0.02314
Step: 20113 Walker: 29 Trial Log Prob: 227.78868501483512 Prob: 1.67440627796886e-22 Frac: 0.020607567951678805
Step: 20217 Walker: 2 Trial Log Prob: 216.52652785936067 Prob: 2.5492312835900186e-19 Frac: 0.019163117941122014
Step: 20326 Walker: 37 Trial Log Prob: 244.24484937577142 Prob: 2.092939137718583e-14 Frac: 0.019217781052373057
Step: 20657 Walker: 16 Trial Log Prob: -Inf Prob: 0.0 Frac: 0.020173086299366164
Number of steps: 21000 Acceptance Rate: 0.02164
Step: 21152 Walker: 5 Trial Log Prob: -339597.104408657 Prob: 0.0 Frac: 0.02475181998676373
Step: 21742 Walker: 46 Trial Log Prob: 262.6138280299299 Prob: 6.534628391850228e-9 Frac: 0.025339659262454173
Step: 21767 Walker: 40 Trial Log Prob: 248.32477183469265 Prob: 2.300904318937611e-15 Frac: 0.025169535732916016
Number of steps: 22000 Acceptance Rate: 0.02434
Step: 22291 Walker: 28 Trial Log Prob: 259.2190790077253 Prob: 0.0011077233705705026 Frac: 0.022577092511013214
Step: 22574 Walker: 26 Trial Log Prob: 188.0816775596666 Prob: 1.1656836331145883e-44 Frac: 0.02127214395313154
Step: 22688 Walker: 38 Trial Log Prob: -Inf Prob: 0.0 Frac: 0.02154821449342794
Number of steps: 23000 Acceptance Rate: 0.021
Step: 23747 Walker: 17 Trial Log Prob: 250.10714355027505 Prob: 3.870573729860651e-15 Frac: 0.020848406892301097
Step: 23941 Walker: 37 Trial Log Prob: 276.4639385631349 Prob: 9.374919572896102e-5 Frac: 0.02089844165231626
Step: 23987 Walker: 39 Trial Log Prob: -Inf Prob: 0.0 Frac: 0.021038123999270353
Number of steps: 24000 Acceptance Rate: 0.02102
Step: 24346 Walker: 33 Trial Log Prob: 241.1427061713144 Prob: 2.537640707509544e-18 Frac: 0.024706358849736737
Step: 24686 Walker: 2 Trial Log Prob: 213.55743616863586 Prob: 6.995980080775171e-25 Frac: 0.023911012495620693
Step: 24751 Walker: 9 Trial Log Prob: -Inf Prob: 0.0 Frac: 0.023940920845663707
Step: 24822 Walker: 15 Trial Log Prob: -Inf Prob: 0.0 Frac: 0.02391330816997443
Step: 24867 Walker: 14 Trial Log Prob: 217.8520791707778 Prob: 2.4768571479101957e-16 Frac: 0.023826014683474166
Step: 24880 Walker: 12 Trial Log Prob: 261.57028460437226 Prob: 3.0817420107350593e-10 Frac: 0.023838769846685773
Number of steps: 25000 Acceptance Rate: 0.02402
Step: 25332 Walker: 12 Trial Log Prob: -Inf Prob: 0.0 Frac: 0.02089119671537254
Step: 25609 Walker: 12 Trial Log Prob: -Inf Prob: 0.0 Frac: 0.021406023937919242
Step: 25689 Walker: 44 Trial Log Prob: 200.68917847004076 Prob: 4.872270387485207e-25 Frac: 0.022209963999535478
Number of steps: 26000 Acceptance Rate: 0.02324
Step: 26145 Walker: 16 Trial Log Prob: 258.29400847567564 Prob: 0.11582185564230243 Frac: 0.02757760532150776
Step: 26359 Walker: 33 Trial Log Prob: 255.84556995318695 Prob: 1.6564720877156788e-7 Frac: 0.031784977415937096
Step: 26886 Walker: 4 Trial Log Prob: 224.82543822386376 Prob: 5.877910646306008e-26 Frac: 0.03179373615944321
Number of steps: 27000 Acceptance Rate: 0.03074
Step: 27229 Walker: 40 Trial Log Prob: 276.3670940953296 Prob: 1.9919508250417595 Frac: 0.03155594405594406
Step: 27414 Walker: 11 Trial Log Prob: 261.1949155008292 Prob: 7.057352851695655e-6 Frac: 0.03237984608683026
Step: 27418 Walker: 8 Trial Log Prob: 262.0450021639672 Prob: 0.0009897803112000423 Frac: 0.03236168376642056
Step: 27463 Walker: 47 Trial Log Prob: 250.3691261473108 Prob: 1.0488188812303296 Frac: 0.03326564997623882
Step: 27670 Walker: 25 Trial Log Prob: -1.3903721369323345e12 Prob: 0.0 Frac: 0.033039581777445856
Step: 27699 Walker: 19 Trial Log Prob: 251.82591699510073 Prob: 3.939625053264862e-7 Frac: 0.033076548583865516
Number of steps: 28000 Acceptance Rate: 0.03238
Step: 28637 Walker: 24 Trial Log Prob: -Inf Prob: 0.0 Frac: 0.04568878833584716
Step: 28801 Walker: 40 Trial Log Prob: 257.0113043968318 Prob: 1.9227834571876321e-10 Frac: 0.04333166833166833
Step: 28823 Walker: 33 Trial Log Prob: 150.08883602336863 Prob: 2.3612373912624148e-45 Frac: 0.043249945299394646
Step: 28902 Walker: 26 Trial Log Prob: 225.58583483947976 Prob: 2.8064474082859774e-24 Frac: 0.04223977282811252
Step: 28932 Walker: 3 Trial Log Prob: 240.92137350448266 Prob: 0.046470086017905206 Frac: 0.04212403067471484
Number of steps: 29000 Acceptance Rate: 0.04222
Step: 29632 Walker: 14 Trial Log Prob: -Inf Prob: 0.0 Frac: 0.04007730325687492
Step: 29674 Walker: 32 Trial Log Prob: -Inf Prob: 0.0 Frac: 0.04052609702511727
Number of steps: 30000 Acceptance Rate: 0.0417
Step: 30295 Walker: 1 Trial Log Prob: 252.2919585120938 Prob: 2.2865876739297085e-11 Frac: 0.042922250187062104
Step: 30393 Walker: 3 Trial Log Prob: 231.8259870894575 Prob: 8.118491438017092e-9 Frac: 0.04473805029842371
Step: 30487 Walker: 15 Trial Log Prob: 189.1454638382807 Prob: 1.049625806119662e-23 Frac: 0.04503392967304133
Step: 30696 Walker: 12 Trial Log Prob: -3.296002361860748e7 Prob: 0.0 Frac: 0.04398481100051781
Step: 30750 Walker: 38 Trial Log Prob: 231.82968102602885 Prob: 1.3590866016085047e-18 Frac: 0.04348058045241144
Step: 30779 Walker: 35 Trial Log Prob: 276.30108504680504 Prob: 0.0005152985399358232 Frac: 0.04361114678310004
Step: 30988 Walker: 48 Trial Log Prob: -1279.4984585657905 Prob: 0.0 Frac: 0.04320012955990121
Number of steps: 31000 Acceptance Rate: 0.04312
Step: 31125 Walker: 6 Trial Log Prob: -Inf Prob: 0.0 Frac: 0.04334514985497905
Step: 31149 Walker: 40 Trial Log Prob: 272.55013752719606 Prob: 0.4458835596215448 Frac: 0.04408602150537634
Step: 31756 Walker: 25 Trial Log Prob: 187.9075191291659 Prob: 2.7282378192068826e-37 Frac: 0.048815354070152216
Step: 31868 Walker: 38 Trial Log Prob: -Inf Prob: 0.0 Frac: 0.04957591960910851
Number of steps: 32000 Acceptance Rate: 0.05014
Step: 32496 Walker: 8 Trial Log Prob: -Inf Prob: 0.0 Frac: 0.05254867113660231
Step: 32505 Walker: 35 Trial Log Prob: 60.73703284635441 Prob: 1.2977186031034121e-93 Frac: 0.05234792946304735
Step: 32548 Walker: 37 Trial Log Prob: -Inf Prob: 0.0 Frac: 0.05236060904808851
Step: 32598 Walker: 21 Trial Log Prob: -Inf Prob: 0.0 Frac: 0.05383147534397911
Step: 32620 Walker: 19 Trial Log Prob: 265.9704179057634 Prob: 5.743989304551429e-10 Frac: 0.054183215473538056
Step: 32620 Walker: 37 Trial Log Prob: 180.68969307479261 Prob: 7.834107447214769e-48 Frac: 0.05418401265046632
Step: 32743 Walker: 49 Trial Log Prob: -Inf Prob: 0.0 Frac: 0.0561791703679776
Step: 32814 Walker: 41 Trial Log Prob: 191.9585969846589 Prob: 8.575451612150603e-29 Frac: 0.05728539480474798
Number of steps: 33000 Acceptance Rate: 0.05878
Step: 33057 Walker: 14 Trial Log Prob: 266.5950536173998 Prob: 0.0005700906066211144 Frac: 0.05685856432125089
Step: 33182 Walker: 8 Trial Log Prob: 275.755426237576 Prob: 0.0039168769551907075 Frac: 0.05840141311547803
Step: 33202 Walker: 6 Trial Log Prob: -Inf Prob: 0.0 Frac: 0.05777645186953063
Step: 33475 Walker: 29 Trial Log Prob: 213.75815593761487 Prob: 1.6043301227033015e-26 Frac: 0.062328795988031524
Step: 33501 Walker: 37 Trial Log Prob: 243.6504941936587 Prob: 1.1534385241067101e-18 Frac: 0.06198825737907896
Step: 33703 Walker: 9 Trial Log Prob: 265.1719165927171 Prob: 0.5444048854792195 Frac: 0.06200689281950497
Step: 33802 Walker: 10 Trial Log Prob: 255.20302039679456 Prob: 0.0012694138608559413 Frac: 0.06138292561158262
Step: 33966 Walker: 50 Trial Log Prob: -Inf Prob: 0.0 Frac: 0.06041407867494824
Step: 33988 Walker: 36 Trial Log Prob: 264.7973409017375 Prob: 0.059413267731443835 Frac: 0.06086745231442109
Number of steps: 34000 Acceptance Rate: 0.06096
Step: 34226 Walker: 47 Trial Log Prob: -Inf Prob: 0.0 Frac: 0.06718597857838364
Step: 34366 Walker: 48 Trial Log Prob: 258.5293902763567 Prob: 1.9991677109527892e-11 Frac: 0.07159252377308996
Step: 34592 Walker: 10 Trial Log Prob: 251.16824678938517 Prob: 0.6348998892142774 Frac: 0.07205683355886333
Step: 34997 Walker: 42 Trial Log Prob: 223.03818715342007 Prob: 1.0609428707734564e-14 Frac: 0.07664218931824565
Number of steps: 35000 Acceptance Rate: 0.07662
Step: 35073 Walker: 28 Trial Log Prob: 259.57476161669007 Prob: 0.04484891725309388 Frac: 0.08461962513781698
Step: 35417 Walker: 15 Trial Log Prob: 256.07400245678093 Prob: 1.8805168728366708 Frac: 0.08037472976219073
Step: 35447 Walker: 13 Trial Log Prob: 258.77708380630486 Prob: 7.860977720515989e-8 Frac: 0.07986375655447497
Step: 35471 Walker: 7 Trial Log Prob: 200.24757182213455 Prob: 5.264336567669236e-38 Frac: 0.07976347470966096
Step: 35780 Walker: 45 Trial Log Prob: 226.47568032105784 Prob: 0.00108689946723762 Frac: 0.07983074753173484
Number of steps: 36000 Acceptance Rate: 0.08078
Step: 36098 Walker: 37 Trial Log Prob: -Inf Prob: 0.0 Frac: 0.08348680171884591
Step: 36103 Walker: 3 Trial Log Prob: 251.26076061816818 Prob: 0.605480060670347 Frac: 0.0832843425436018
Step: 36245 Walker: 22 Trial Log Prob: -Inf Prob: 0.0 Frac: 0.08975617738504336
Step: 36332 Walker: 49 Trial Log Prob: -Inf Prob: 0.0 Frac: 0.09024640038556539
Step: 36824 Walker: 46 Trial Log Prob: -6303.16442404975 Prob: 0.0 Frac: 0.0905427711428294
Step: 36873 Walker: 37 Trial Log Prob: 258.70957941950587 Prob: 3.641802150351077e-11 Frac: 0.09116117056626258
Number of steps: 37000 Acceptance Rate: 0.09196
Step: 37098 Walker: 42 Trial Log Prob: -Inf Prob: 0.0 Frac: 0.10650040883074408
Step: 37504 Walker: 5 Trial Log Prob: 262.83618332520996 Prob: 1.5443756775090612e-6 Frac: 0.10339892665474061
Step: 37619 Walker: 21 Trial Log Prob: -Inf Prob: 0.0 Frac: 0.10290740920410077
Step: 37784 Walker: 40 Trial Log Prob: 228.0356552027767 Prob: 3.183889857600231e-20 Frac: 0.10449094156672621
Step: 37845 Walker: 36 Trial Log Prob: 239.2680995455794 Prob: 0.6419398472640256 Frac: 0.10415285538403257
Number of steps: 38000 Acceptance Rate: 0.10418
Step: 38040 Walker: 34 Trial Log Prob: 260.3640733378917 Prob: 1.2049397497239736 Frac: 0.09778225806451613
Step: 38480 Walker: 46 Trial Log Prob: -461.0116911141607 Prob: 6.100816e-317 Frac: 0.10518419736622771
Step: 38596 Walker: 23 Trial Log Prob: 260.0162041917354 Prob: 0.011493080220740184 Frac: 0.10499445806603298
Number of steps: 39000 Acceptance Rate: 0.10958
Step: 39062 Walker: 14 Trial Log Prob: -Inf Prob: 0.0 Frac: 0.1152088772845953
Step: 39092 Walker: 35 Trial Log Prob: 263.4259715352583 Prob: 2.075390454611109e-6 Frac: 0.11494002181025081
Step: 39322 Walker: 15 Trial Log Prob: 257.5792645028901 Prob: 0.003729035812670919 Frac: 0.1087457205104264
Step: 39326 Walker: 37 Trial Log Prob: -Inf Prob: 0.0 Frac: 0.10916682016332044
Step: 39392 Walker: 44 Trial Log Prob: 243.5059938710637 Prob: 1.0051317627130992e-12 Frac: 0.10947228743492907
Step: 39418 Walker: 13 Trial Log Prob: -Inf Prob: 0.0 Frac: 0.10923644729904616
Step: 39560 Walker: 13 Trial Log Prob: -Inf Prob: 0.0 Frac: 0.10810714157994493
Number of steps: 40000 Acceptance Rate: 0.11392
Step: 40029 Walker: 34 Trial Log Prob: -Inf Prob: 0.0 Frac: 0.11227336122733612
Step: 40049 Walker: 24 Trial Log Prob: 254.13291335096517 Prob: 0.5264713793122595 Frac: 0.10849834983498349
Step: 40167 Walker: 24 Trial Log Prob: 251.47553889308304 Prob: 0.16775643393068157 Frac: 0.11112445939452187
Step: 40205 Walker: 27 Trial Log Prob: 259.70051356270415 Prob: 4.865563330293887e-12 Frac: 0.11234966265767087
Step: 40357 Walker: 43 Trial Log Prob: -Inf Prob: 0.0 Frac: 0.11186459676063443
Number of steps: 41000 Acceptance Rate: 0.11398
Step: 41417 Walker: 11 Trial Log Prob: -Inf Prob: 0.0 Frac: 0.11628465715246744
Step: 41493 Walker: 50 Trial Log Prob: -Inf Prob: 0.0 Frac: 0.11606490872210953
Step: 41784 Walker: 34 Trial Log Prob: 259.3239505185916 Prob: 1.1859917442236239 Frac: 0.11864536545528788
Step: 41890 Walker: 35 Trial Log Prob: 278.2923476197053 Prob: 0.017439679218332498 Frac: 0.11761267843093177
Number of steps: 42000 Acceptance Rate: 0.11748
Step: 42171 Walker: 8 Trial Log Prob: -Inf Prob: 0.0 Frac: 0.12141513869299483
Step: 42523 Walker: 38 Trial Log Prob: 250.89635164840575 Prob: 0.029738388245682458 Frac: 0.11848649475858902
Step: 42632 Walker: 26 Trial Log Prob: -Inf Prob: 0.0 Frac: 0.11850772738788953
Step: 42984 Walker: 26 Trial Log Prob: -Inf Prob: 0.0 Frac: 0.11627623230844314
Number of steps: 43000 Acceptance Rate: 0.11614
Step: 43090 Walker: 14 Trial Log Prob: 258.11149960123697 Prob: 0.008610798659030368 Frac: 0.11155913978494623
Step: 43151 Walker: 3 Trial Log Prob: 248.39904991842982 Prob: 0.2228679725958371 Frac: 0.11488737838198054
Step: 43160 Walker: 46 Trial Log Prob: 253.2180846834898 Prob: 1.15527438348452e-7 Frac: 0.11568284142071035
Step: 43342 Walker: 28 Trial Log Prob: -Inf Prob: 0.0 Frac: 0.11506031151188664
Step: 43444 Walker: 12 Trial Log Prob: -Inf Prob: 0.0 Frac: 0.1162349968414403
Step: 43489 Walker: 33 Trial Log Prob: -Inf Prob: 0.0 Frac: 0.11488560553349977
Step: 43709 Walker: 25 Trial Log Prob: 229.20717300118372 Prob: 0.00011584186327973684 Frac: 0.11672547635850389
Step: 43797 Walker: 48 Trial Log Prob: 256.51471962473994 Prob: 4.373181442809851e-11 Frac: 0.11629190925516965
Number of steps: 44000 Acceptance Rate: 0.11748
Step: 44139 Walker: 3 Trial Log Prob: -Inf Prob: 0.0 Frac: 0.12212081703607128
Step: 44475 Walker: 29 Trial Log Prob: 207.94149080702238 Prob: 5.976381123460094e-28 Frac: 0.11816764296851953
Step: 44552 Walker: 47 Trial Log Prob: -Inf Prob: 0.0 Frac: 0.11754900895024821
Step: 44629 Walker: 24 Trial Log Prob: 257.22140200570277 Prob: 3.0302060668726987 Frac: 0.11812627291242363
Step: 44659 Walker: 2 Trial Log Prob: 259.8895375606718 Prob: 0.00010127877697245205 Frac: 0.1176524223451462
Step: 44665 Walker: 11 Trial Log Prob: -Inf Prob: 0.0 Frac: 0.11779229773267894
Step: 44669 Walker: 6 Trial Log Prob: -Inf Prob: 0.0 Frac: 0.11788301502724062
Step: 44701 Walker: 20 Trial Log Prob: -Inf Prob: 0.0 Frac: 0.11796116504854369
Step: 44913 Walker: 9 Trial Log Prob: -Inf Prob: 0.0 Frac: 0.11649016641452345
Number of steps: 45000 Acceptance Rate: 0.1163
Step: 45026 Walker: 48 Trial Log Prob: -Inf Prob: 0.0 Frac: 0.11248073959938366
Step: 45424 Walker: 6 Trial Log Prob: 256.02288885320473 Prob: 1.5211994158849176e-11 Frac: 0.11273397617697108
Step: 45485 Walker: 20 Trial Log Prob: 145.23410638718892 Prob: 3.405109784486081e-58 Frac: 0.11279933938893476
Step: 45587 Walker: 18 Trial Log Prob: 200.13960250188467 Prob: 3.7466541929823904e-31 Frac: 0.11347977351797531
Step: 45909 Walker: 48 Trial Log Prob: -53.14650062291339 Prob: 4.418971934804279e-144 Frac: 0.11498855835240275
Step: 45979 Walker: 27 Trial Log Prob: 238.67082753164163 Prob: 3.1803463199186966e-16 Frac: 0.1152124593782574
Number of steps: 46000 Acceptance Rate: 0.11494
Step: 46172 Walker: 30 Trial Log Prob: 257.07714292022575 Prob: 2.338705169514104e-5 Frac: 0.10944055944055944
Step: 46173 Walker: 27 Trial Log Prob: -Inf Prob: 0.0 Frac: 0.10930798655384259
Step: 46207 Walker: 24 Trial Log Prob: 248.07298056827452 Prob: 0.7486056357486937 Frac: 0.11158465710964742
Step: 46246 Walker: 49 Trial Log Prob: -7536.3988842596455 Prob: 0.0 Frac: 0.11147247743719002
Step: 46412 Walker: 49 Trial Log Prob: 247.25898328941418 Prob: 6.75111827721162e-10 Frac: 0.11029661634059906
Step: 46647 Walker: 19 Trial Log Prob: -Inf Prob: 0.0 Frac: 0.11445279866332497
Step: 46665 Walker: 4 Trial Log Prob: 255.85918091926152 Prob: 0.003234799185996013 Frac: 0.11450427659318155
Step: 46773 Walker: 9 Trial Log Prob: 252.92140489175767 Prob: 1.089865417535216 Frac: 0.11624232691859411
Step: 46892 Walker: 46 Trial Log Prob: -Inf Prob: 0.0 Frac: 0.11711812718629473
Step: 46976 Walker: 26 Trial Log Prob: -51.661670695778156 Prob: 1.5709871196594052e-140 Frac: 0.11731179268492702
Number of steps: 47000 Acceptance Rate: 0.11738
Step: 47346 Walker: 34 Trial Log Prob: 261.1928170013525 Prob: 0.0023694875516688837 Frac: 0.1143253876417496
Step: 47404 Walker: 7 Trial Log Prob: -Inf Prob: 0.0 Frac: 0.11271518579153644
Step: 47463 Walker: 9 Trial Log Prob: -Inf Prob: 0.0 Frac: 0.1122073650958501
Step: 47791 Walker: 37 Trial Log Prob: -Inf Prob: 0.0 Frac: 0.1136403874851405
Step: 47981 Walker: 4 Trial Log Prob: -Inf Prob: 0.0 Frac: 0.1136437841808832
Number of steps: 48000 Acceptance Rate: 0.1139
Step: 48256 Walker: 2 Trial Log Prob: 262.0402475656969 Prob: 0.0013242679824956608 Frac: 0.11582496863237139
Step: 48257 Walker: 48 Trial Log Prob: -Inf Prob: 0.0 Frac: 0.11643835616438356
Step: 48492 Walker: 19 Trial Log Prob: 268.1467402846168 Prob: 4.63166514350842e-9 Frac: 0.12100614595628638
Step: 48615 Walker: 6 Trial Log Prob: 264.2521997644416 Prob: 1.2860250922974315e-10 Frac: 0.12267960659154563
Step: 48827 Walker: 28 Trial Log Prob: 261.6421076479971 Prob: 0.12147841676276687 Frac: 0.12415311653116531
Number of steps: 49000 Acceptance Rate: 0.1248
Step: 49182 Walker: 48 Trial Log Prob: -Inf Prob: 0.0 Frac: 0.1294790063750275
Step: 49331 Walker: 22 Trial Log Prob: -Inf Prob: 0.0 Frac: 0.1276479845055078
Step: 49361 Walker: 19 Trial Log Prob: 132.65383166703543 Prob: 3.436854155866989e-56 Frac: 0.1288084799378434
Step: 49529 Walker: 36 Trial Log Prob: -Inf Prob: 0.0 Frac: 0.13061733999092148
Step: 49894 Walker: 36 Trial Log Prob: 257.89514327186396 Prob: 1.0253294920266713 Frac: 0.1303092691223202
Number of steps: 50000 Acceptance Rate: 0.13044
Burn-in Number (ends): 50000
Independent Sample Size: 166.46798597422787
11775.136895 seconds (164.64 M allocations: 3.726 TiB, 6.86% gc time)
