args = ["mcmc", "10.0", "30", "pppp"]
Parameters from fit: [2.4388113517217475e-6, 224.7007764694456, 2.4335037687739604e6, 0.0037821329413501824, -0.0007333928497263977, 3.1322196419936106e-6, 365.25645288821767, 2.4336244075208986e6, 0.016323283309721003, 0.0016757069685047936, 8.597590966287794e-5, 1733.8667831263751, 2.4394023028554805e6, 0.2810524358957825, 0.011824233390409347, 0.0007604153520132303, 4219.00654278532, 2.439102693460733e6, 0.009094874185122502, -0.03363216886566839]
Maximum log Prob from fit: -238.29632470035216
Step: 6 Walker: 41 Trial Log Prob: -1022.7393800018614 Prob: 1.7844686621471814e-27 Frac: 0.30584192439862545
Step: 268 Walker: 28 Trial Log Prob: 599.9398155888186 Prob: 0.8299194095821069 Frac: 0.356032291822395
Step: 436 Walker: 3 Trial Log Prob: 611.1299154051156 Prob: 0.7860467642503101 Frac: 0.3402289339401462
Step: 599 Walker: 12 Trial Log Prob: 569.1768428995045 Prob: 1.3374701313280718e-15 Frac: 0.32996790585718105
Step: 693 Walker: 41 Trial Log Prob: 619.2347102849685 Prob: 2.0011082562544097e-5 Frac: 0.32386478450391154
Step: 998 Walker: 36 Trial Log Prob: 621.5247601050414 Prob: 1.0365306686756346 Frac: 0.31169065469269935
Number of steps: 1000 Acceptance Rate: 0.31162
Step: 1074 Walker: 25 Trial Log Prob: 615.9939383126127 Prob: 0.01917471817076685 Frac: 0.2938775510204082
Step: 1173 Walker: 49 Trial Log Prob: -Inf Prob: 0.0 Frac: 0.28546652792230315
Step: 1276 Walker: 5 Trial Log Prob: 626.8132196998754 Prob: 0.009256964224990729 Frac: 0.28113413304253
Step: 1465 Walker: 3 Trial Log Prob: 610.4816635147681 Prob: 0.13695435502825112 Frac: 0.28668706632763
Step: 1530 Walker: 29 Trial Log Prob: 612.9775966272766 Prob: 0.022526710291945477 Frac: 0.28566033460478113
Step: 1576 Walker: 13 Trial Log Prob: 613.9516239167523 Prob: 1.2326813804787786 Frac: 0.2852275492820638
Step: 1716 Walker: 25 Trial Log Prob: 619.8616744580186 Prob: 0.7911743655497586 Frac: 0.2842767295597484
Number of steps: 2000 Acceptance Rate: 0.28478
Step: 2015 Walker: 5 Trial Log Prob: 602.6383202165339 Prob: 0.04129900704070747 Frac: 0.28085106382978725
Step: 2177 Walker: 12 Trial Log Prob: 616.5590809914853 Prob: 0.9965408921822596 Frac: 0.28960508397639584
Step: 2380 Walker: 45 Trial Log Prob: 590.0882318980391 Prob: 2.321421724392856e-7 Frac: 0.28907607265069757
Step: 2396 Walker: 46 Trial Log Prob: 614.0394651740488 Prob: 1.1245503634120348 Frac: 0.28919983835118207
Step: 2614 Walker: 24 Trial Log Prob: 618.4321207348625 Prob: 0.2735616661401854 Frac: 0.28669231270783074
Step: 2881 Walker: 25 Trial Log Prob: 618.4892005588581 Prob: 0.9998340701089041 Frac: 0.28636002271436684
Number of steps: 3000 Acceptance Rate: 0.2872
Step: 3011 Walker: 22 Trial Log Prob: 616.3060201457803 Prob: 0.7975953884011268 Frac: 0.26436781609195403
Step: 3110 Walker: 1 Trial Log Prob: 578.643334823883 Prob: 1.010126911468553e-9 Frac: 0.27169326729040544
Step: 3187 Walker: 13 Trial Log Prob: 618.9122059468132 Prob: 0.21077257316813858 Frac: 0.2815419306345968
Step: 3266 Walker: 31 Trial Log Prob: 615.7963440480896 Prob: 1.0768774407325439 Frac: 0.2797229124312928
Step: 3310 Walker: 45 Trial Log Prob: 619.4295114149807 Prob: 0.0005471669878326529 Frac: 0.2829945143594708
Step: 3358 Walker: 23 Trial Log Prob: 593.6801420988874 Prob: 2.0973719552079098e-5 Frac: 0.28294074861522966
Step: 3366 Walker: 48 Trial Log Prob: 607.3735215816176 Prob: 0.06325345325598525 Frac: 0.28270849273144605
Step: 3518 Walker: 17 Trial Log Prob: 618.5751375707457 Prob: 0.0018404620555623687 Frac: 0.2833339776549271
Step: 3847 Walker: 41 Trial Log Prob: 601.6867303544208 Prob: 0.00013815869115489407 Frac: 0.2827755603315935
Step: 3906 Walker: 23 Trial Log Prob: 619.6983917935459 Prob: 1.1267139178556913 Frac: 0.2828396616084642
Number of steps: 4000 Acceptance Rate: 0.28326
Step: 4153 Walker: 34 Trial Log Prob: 514.1961558450719 Prob: 2.071731384851659e-38 Frac: 0.2744301807702384
Step: 4420 Walker: 19 Trial Log Prob: 619.9222211357381 Prob: 23.527697129058957 Frac: 0.2782679193094568
Step: 4499 Walker: 5 Trial Log Prob: 619.0736769157915 Prob: 0.2945047787482971 Frac: 0.2799036338084722
Step: 4551 Walker: 1 Trial Log Prob: 619.8730784040838 Prob: 0.6329776922742628 Frac: 0.2792262099560016
Step: 4706 Walker: 49 Trial Log Prob: 623.0960228567471 Prob: 0.18165573837450846 Frac: 0.27989461457831666
Step: 4984 Walker: 15 Trial Log Prob: 607.4249204848211 Prob: 0.05990958053735783 Frac: 0.28137902979762025
Number of steps: 5000 Acceptance Rate: 0.28122
Step: 5046 Walker: 36 Trial Log Prob: 622.2164378120816 Prob: 1.8202413296920104 Frac: 0.2900262467191601
Step: 5097 Walker: 11 Trial Log Prob: 617.6506184064727 Prob: 0.3974378276162826 Frac: 0.28705050924963627
Step: 5143 Walker: 14 Trial Log Prob: 613.8956574377748 Prob: 0.6537041255772178 Frac: 0.28422828226033175
Step: 5380 Walker: 7 Trial Log Prob: 617.7902858524891 Prob: 0.015658368002063 Frac: 0.27873608693358654
Step: 5453 Walker: 29 Trial Log Prob: -Inf Prob: 0.0 Frac: 0.2761500729152857
Step: 5738 Walker: 26 Trial Log Prob: 613.9024980976026 Prob: 0.2934441883004166 Frac: 0.27939581299490185
Step: 5806 Walker: 50 Trial Log Prob: 590.2429507899751 Prob: 4.686738331008688e-5 Frac: 0.2789330024813896
Number of steps: 6000 Acceptance Rate: 0.27838
Step: 6061 Walker: 22 Trial Log Prob: 520.9843747037286 Prob: 1.219088703474819e-36 Frac: 0.26671078755790867
Step: 6195 Walker: 48 Trial Log Prob: 622.9175172003893 Prob: 0.30456702695464066 Frac: 0.2782109150594994
Step: 6618 Walker: 39 Trial Log Prob: 618.6447111203772 Prob: 0.008069214590582664 Frac: 0.28152416717925477
Step: 6831 Walker: 24 Trial Log Prob: 622.4606589655964 Prob: 0.003870133977551531 Frac: 0.28159618533859937
Number of steps: 7000 Acceptance Rate: 0.2804
Step: 7053 Walker: 7 Trial Log Prob: 526.3182391247202 Prob: 4.510821161845809e-37 Frac: 0.27502876869965476
Step: 7371 Walker: 23 Trial Log Prob: 596.125890220893 Prob: 0.004748886754499304 Frac: 0.28062408897046914
Step: 7390 Walker: 12 Trial Log Prob: 553.4401670423127 Prob: 1.3351478048168384e-20 Frac: 0.28059808858287943
Step: 7717 Walker: 34 Trial Log Prob: 615.9697568774905 Prob: 0.982030998775422 Frac: 0.2838923926996707
Step: 7865 Walker: 31 Trial Log Prob: 609.3441311795177 Prob: 6.3830029825159915 Frac: 0.28271379334274016
Step: 7898 Walker: 30 Trial Log Prob: 610.6469228689679 Prob: 0.11435886014648344 Frac: 0.28295454545454546
Step: 7987 Walker: 38 Trial Log Prob: 571.4079307065623 Prob: 1.358689732285922e-15 Frac: 0.28264218249625034
Number of steps: 8000 Acceptance Rate: 0.28254
Step: 8145 Walker: 11 Trial Log Prob: 612.6430471650074 Prob: 0.641633253976739 Frac: 0.2884482041325752
Step: 8335 Walker: 26 Trial Log Prob: 622.1791646989216 Prob: 1.5010080409036881 Frac: 0.2836900633743872
Step: 8570 Walker: 3 Trial Log Prob: 614.4502425546317 Prob: 1.244236276634412 Frac: 0.28278213193687834
Step: 8686 Walker: 32 Trial Log Prob: 606.6281260580782 Prob: 0.010723886583786679 Frac: 0.2814013184761682
Number of steps: 9000 Acceptance Rate: 0.28
Step: 9024 Walker: 36 Trial Log Prob: 620.8375004244534 Prob: 0.02716323182811868 Frac: 0.30185497470489037
Step: 9479 Walker: 18 Trial Log Prob: 607.9030406952442 Prob: 0.779718186618797 Frac: 0.2856008027427042
Step: 9630 Walker: 14 Trial Log Prob: 614.5679464577825 Prob: 0.23554086377641206 Frac: 0.2838482074752098
Number of steps: 10000 Acceptance Rate: 0.28386
Step: 10067 Walker: 34 Trial Log Prob: 595.4199253593985 Prob: 0.0007020249406710494 Frac: 0.2876424715056989
Step: 10704 Walker: 38 Trial Log Prob: 623.8128579696695 Prob: 0.0057369965459651 Frac: 0.2819711265204047
Number of steps: 11000 Acceptance Rate: 0.28228
Step: 11501 Walker: 7 Trial Log Prob: 502.19993944978216 Prob: 3.609787137092294e-48 Frac: 0.2843603790938537
Number of steps: 12000 Acceptance Rate: 0.2842
Step: 12055 Walker: 11 Trial Log Prob: 619.3095921782956 Prob: 0.007982892139485085 Frac: 0.27923275544079673
Step: 12208 Walker: 31 Trial Log Prob: 601.9309388177365 Prob: 0.005794873959027861 Frac: 0.2793565167132261
Step: 12585 Walker: 46 Trial Log Prob: 608.601895821336 Prob: 0.9962724228570967 Frac: 0.27685837379470696
Step: 12659 Walker: 20 Trial Log Prob: 619.4244802736074 Prob: 0.740240091649876 Frac: 0.2762150668286756
Step: 12683 Walker: 15 Trial Log Prob: 623.0244974078287 Prob: 0.24355147211385542 Frac: 0.2761834969954565
Step: 12778 Walker: 21 Trial Log Prob: 621.9247942617434 Prob: 0.0777388509190209 Frac: 0.276761596048468
Step: 12867 Walker: 9 Trial Log Prob: 625.4662287551962 Prob: 0.2627072280417648 Frac: 0.27772518414186426
Step: 12891 Walker: 38 Trial Log Prob: 601.4932142709285 Prob: 0.05289686219506165 Frac: 0.27762809286452017
Number of steps: 13000 Acceptance Rate: 0.27786
Step: 13075 Walker: 16 Trial Log Prob: 619.317693892836 Prob: 0.9964547781853229 Frac: 0.2769106566200215
Step: 13076 Walker: 5 Trial Log Prob: 608.701086780823 Prob: 0.03954766337522776 Frac: 0.27749667110519305
Step: 13095 Walker: 33 Trial Log Prob: 618.9518314694596 Prob: 0.5256232852519865 Frac: 0.276357489964082
Step: 13273 Walker: 6 Trial Log Prob: 593.3987758632718 Prob: 1.605537561017753e-5 Frac: 0.2806114949287079
Step: 13437 Walker: 8 Trial Log Prob: 620.4072292126219 Prob: 0.4615769157709922 Frac: 0.28530814380044023
Step: 13467 Walker: 11 Trial Log Prob: 612.7740500922466 Prob: 0.10671124130029862 Frac: 0.2849298614388057
Step: 13548 Walker: 40 Trial Log Prob: 617.3243179463452 Prob: 8.497510260339722e-5 Frac: 0.28430083972252645
Number of steps: 14000 Acceptance Rate: 0.28466
Step: 14297 Walker: 10 Trial Log Prob: 619.9816300812041 Prob: 0.009812777226591256 Frac: 0.28183659689399054
Step: 14392 Walker: 40 Trial Log Prob: 601.375493765842 Prob: 0.00019301097315118534 Frac: 0.28187850944359366
Step: 14461 Walker: 47 Trial Log Prob: 625.7177250791597 Prob: 0.00047364648731354616 Frac: 0.28194558944765047
Step: 14839 Walker: 24 Trial Log Prob: 614.578178402534 Prob: 4.828357156204567 Frac: 0.28189104093120887
Number of steps: 15000 Acceptance Rate: 0.28196
Step: 15390 Walker: 19 Trial Log Prob: 618.2011203118709 Prob: 0.3032913025121583 Frac: 0.27484719297344495
Step: 15428 Walker: 25 Trial Log Prob: 605.7120861792157 Prob: 0.002359859801818301 Frac: 0.2752280701754386
Step: 15537 Walker: 2 Trial Log Prob: 615.2704797903922 Prob: 0.890491700626478 Frac: 0.27788970972315497
Step: 15598 Walker: 16 Trial Log Prob: 618.9631150877577 Prob: 1.0135133568016983 Frac: 0.2788120270541753
Step: 15630 Walker: 35 Trial Log Prob: 619.742320028711 Prob: 0.6890231730328517 Frac: 0.2782594886453867
Step: 15720 Walker: 46 Trial Log Prob: 621.8086684037461 Prob: 0.06614784768337062 Frac: 0.27800311145682854
Step: 15825 Walker: 43 Trial Log Prob: 571.1774014559034 Prob: 2.8245891077298907e-13 Frac: 0.2787382101205053
Number of steps: 16000 Acceptance Rate: 0.27934
Step: 16012 Walker: 35 Trial Log Prob: 621.7470444723817 Prob: 0.9317185978008873 Frac: 0.2923076923076923
Step: 16567 Walker: 41 Trial Log Prob: 622.4318224387674 Prob: 0.00045469955734164325 Frac: 0.27645460640062103
Step: 16896 Walker: 6 Trial Log Prob: 617.0184701423003 Prob: 2.0885401634491974 Frac: 0.27766109571900977
Number of steps: 17000 Acceptance Rate: 0.2776
Step: 17079 Walker: 4 Trial Log Prob: 603.9134711427653 Prob: 3.579818993139944 Frac: 0.2771516393442623
Step: 17084 Walker: 34 Trial Log Prob: 621.8426063137085 Prob: 0.038210614996350485 Frac: 0.27796367112810705
Step: 17126 Walker: 31 Trial Log Prob: 587.751862682945 Prob: 1.3231774245488273e-9 Frac: 0.2792548957172425
Step: 17524 Walker: 6 Trial Log Prob: 624.2048507705363 Prob: 0.0020208626095648318 Frac: 0.27890350206453585
Step: 17971 Walker: 3 Trial Log Prob: 622.2708950141209 Prob: 0.2150438905678202 Frac: 0.2803537925489145
Number of steps: 18000 Acceptance Rate: 0.27994
Step: 18135 Walker: 23 Trial Log Prob: 602.9679133144249 Prob: 1.0872293496955065e-5 Frac: 0.2921314889186375
Step: 18354 Walker: 10 Trial Log Prob: 621.8902774323615 Prob: 0.19290277560899177 Frac: 0.2855039637599094
Step: 18446 Walker: 37 Trial Log Prob: 582.7780588670679 Prob: 6.952171610179421e-11 Frac: 0.2849643289810203
Step: 18470 Walker: 34 Trial Log Prob: 619.6693748391315 Prob: 0.368934713259362 Frac: 0.2847470618293306
Step: 18528 Walker: 10 Trial Log Prob: 606.6442395420387 Prob: 0.010412274873887442 Frac: 0.28448406676783006
Step: 18701 Walker: 22 Trial Log Prob: 611.0655205709207 Prob: 0.03642221961208396 Frac: 0.28419279310147905
Step: 18877 Walker: 44 Trial Log Prob: 558.4924474384616 Prob: 2.2045896113900525e-21 Frac: 0.285192956847003
Number of steps: 19000 Acceptance Rate: 0.28538
Step: 19672 Walker: 8 Trial Log Prob: 609.4701477270158 Prob: 0.09665863916518613 Frac: 0.2815126050420168
Step: 19859 Walker: 20 Trial Log Prob: 612.9772377306413 Prob: 0.03815866018233211 Frac: 0.28217614165890026
Number of steps: 20000 Acceptance Rate: 0.28336
Step: 20940 Walker: 9 Trial Log Prob: 623.9690901203006 Prob: 0.0026995241383626664 Frac: 0.282565642368875
Number of steps: 21000 Acceptance Rate: 0.28234
Step: 21105 Walker: 12 Trial Log Prob: 585.3672180371154 Prob: 4.159743226750726e-8 Frac: 0.28568687643898694
Step: 21157 Walker: 46 Trial Log Prob: 623.8695873911511 Prob: 0.002346346665763359 Frac: 0.28728014274789704
Step: 21211 Walker: 39 Trial Log Prob: 622.2807662631708 Prob: 0.1377609420341604 Frac: 0.28598538760793246
Step: 21387 Walker: 7 Trial Log Prob: 620.9101383878902 Prob: 0.932067396915619 Frac: 0.2828507795100223
Step: 21425 Walker: 40 Trial Log Prob: 594.3775838490242 Prob: 1.665296369923418e-8 Frac: 0.2833333333333333
Step: 21516 Walker: 18 Trial Log Prob: 610.0551032443267 Prob: 0.053741318715444374 Frac: 0.28387923005277865
Step: 21575 Walker: 33 Trial Log Prob: 624.6951816165595 Prob: 0.18157713487423913 Frac: 0.28294991821250826
Step: 21634 Walker: 18 Trial Log Prob: 618.8930184946231 Prob: 1.4580602839698527 Frac: 0.283030188202602
Step: 21741 Walker: 36 Trial Log Prob: 572.061204951517 Prob: 3.101578567665878e-11 Frac: 0.2839129495625878
Step: 21840 Walker: 30 Trial Log Prob: 617.7442304765161 Prob: 1.158964708155727 Frac: 0.28330157217722723
Number of steps: 22000 Acceptance Rate: 0.28256
Step: 22176 Walker: 1 Trial Log Prob: 612.3615096518281 Prob: 0.710209177388255 Frac: 0.2772254599474346
Step: 22374 Walker: 41 Trial Log Prob: 607.0702664342336 Prob: 0.02128875173305984 Frac: 0.2787972821143866
Step: 22511 Walker: 11 Trial Log Prob: 620.0605131773536 Prob: 0.011354259518951791 Frac: 0.27701775704598014
Step: 22582 Walker: 31 Trial Log Prob: 599.0344269088494 Prob: 0.0001686980740222067 Frac: 0.2765379457377669
Step: 22721 Walker: 10 Trial Log Prob: 609.5494604121802 Prob: 0.4540380425171883 Frac: 0.2776173285198556
Number of steps: 23000 Acceptance Rate: 0.27614
Step: 23247 Walker: 13 Trial Log Prob: 609.3462809123914 Prob: 0.5798828732826768 Frac: 0.2872573702590758
Step: 23366 Walker: 10 Trial Log Prob: 603.3943579260069 Prob: 0.0014365152704395466 Frac: 0.29036144578313255
Step: 23599 Walker: 25 Trial Log Prob: 622.1251111331482 Prob: 0.5553883326873409 Frac: 0.2868838763575606
Step: 23718 Walker: 2 Trial Log Prob: 620.3791256073102 Prob: 0.02197274511367724 Frac: 0.28369407564431554
Step: 23873 Walker: 20 Trial Log Prob: 586.0290726822074 Prob: 2.1921000092285927e-6 Frac: 0.28046767537826683
Step: 23917 Walker: 10 Trial Log Prob: 621.9232561613439 Prob: 0.024210293608672374 Frac: 0.2812268063741541
Step: 23935 Walker: 2 Trial Log Prob: 619.3484266971165 Prob: 2.7862007153457498 Frac: 0.28131557535009205
Number of steps: 24000 Acceptance Rate: 0.2806
Step: 24331 Walker: 18 Trial Log Prob: 602.7596588751662 Prob: 0.13705193831222107 Frac: 0.28102675868749244
Step: 24456 Walker: 8 Trial Log Prob: 620.979861456162 Prob: 0.8308694201764233 Frac: 0.27937428596537484
Step: 24780 Walker: 26 Trial Log Prob: 592.4650058931816 Prob: 1.4215115678863452e-6 Frac: 0.2815065681444992
Number of steps: 25000 Acceptance Rate: 0.28256
Step: 25023 Walker: 35 Trial Log Prob: 528.578534936757 Prob: 1.1784823027732665e-27 Frac: 0.3022026431718062
Step: 25316 Walker: 8 Trial Log Prob: 575.6092134184314 Prob: 2.494390661981467e-9 Frac: 0.2829039218174895
Step: 25726 Walker: 50 Trial Log Prob: 623.3256217227021 Prob: 0.018966665236694366 Frac: 0.28484848484848485
Step: 25810 Walker: 39 Trial Log Prob: 609.7707451333914 Prob: 0.0815396733111815 Frac: 0.28333621477438314
Step: 25898 Walker: 3 Trial Log Prob: 610.078821402704 Prob: 0.5496438999791182 Frac: 0.284172742068535
Number of steps: 26000 Acceptance Rate: 0.28396
Step: 26068 Walker: 4 Trial Log Prob: 622.744944572262 Prob: 0.020172995818137848 Frac: 0.29010137149672033
Step: 26501 Walker: 35 Trial Log Prob: 600.3237463367603 Prob: 8.597602245829016e-7 Frac: 0.28136608747753145
Step: 26650 Walker: 39 Trial Log Prob: 622.4755486082784 Prob: 0.4098063602353832 Frac: 0.28163378374218967
Step: 26879 Walker: 4 Trial Log Prob: 606.8743127994926 Prob: 1.0023675304707689 Frac: 0.282798833819242
Step: 26891 Walker: 1 Trial Log Prob: 624.5906764642748 Prob: 0.002412492745473636 Frac: 0.282825105053819
Number of steps: 27000 Acceptance Rate: 0.28224
Step: 27440 Walker: 27 Trial Log Prob: 613.4160163329509 Prob: 0.16079322929277684 Frac: 0.28243163307093777
Step: 27711 Walker: 4 Trial Log Prob: 624.1910585031363 Prob: 0.001981552396131829 Frac: 0.2824188823794502
Number of steps: 28000 Acceptance Rate: 0.28322
Step: 28010 Walker: 26 Trial Log Prob: 617.1263010917625 Prob: 0.7995572728095885 Frac: 0.25840336134453784
Step: 28116 Walker: 40 Trial Log Prob: 616.0454632027078 Prob: 7.886886605742398e-5 Frac: 0.2768566493955095
Step: 28329 Walker: 33 Trial Log Prob: 614.3892175124339 Prob: 1.0263741347304727 Frac: 0.2875311872451774
Step: 28694 Walker: 22 Trial Log Prob: 612.4003494260485 Prob: 0.38493404038209883 Frac: 0.28622519612367325
Step: 28763 Walker: 26 Trial Log Prob: 575.4332342867764 Prob: 1.0927784423917459e-13 Frac: 0.2859203693017888
Step: 28936 Walker: 42 Trial Log Prob: 588.9386726613772 Prob: 2.7573706900089077e-10 Frac: 0.2859035732603864
Number of steps: 29000 Acceptance Rate: 0.28526
Step: 29038 Walker: 26 Trial Log Prob: 615.8438774577467 Prob: 0.04111945932531142 Frac: 0.28251599147121537
Step: 29376 Walker: 21 Trial Log Prob: 612.108694276751 Prob: 0.4926766367389661 Frac: 0.2863992328591977
Step: 29675 Walker: 35 Trial Log Prob: 623.5827544494857 Prob: 0.002981649048601965 Frac: 0.28424484956276863
Step: 29761 Walker: 37 Trial Log Prob: 620.4425008055324 Prob: 2.972940796938272 Frac: 0.2843284170675921
Step: 29767 Walker: 26 Trial Log Prob: 622.8092272672436 Prob: 0.2003057034372857 Frac: 0.28429786567865156
Step: 29875 Walker: 30 Trial Log Prob: 618.9708610559181 Prob: 0.1612312887146615 Frac: 0.28369540361308027
Number of steps: 30000 Acceptance Rate: 0.28412
Step: 30331 Walker: 9 Trial Log Prob: 585.008521869073 Prob: 4.924675273278406e-7 Frac: 0.2768187049488158
Step: 30424 Walker: 48 Trial Log Prob: 618.2120266353435 Prob: 1.3886806677407124 Frac: 0.2774790074535334
Step: 30522 Walker: 13 Trial Log Prob: 618.9549056379755 Prob: 0.1976810816450833 Frac: 0.27786517285040097
Step: 30601 Walker: 34 Trial Log Prob: 609.8544762137846 Prob: 1.177468285046612 Frac: 0.27758540320969566
Step: 30843 Walker: 40 Trial Log Prob: 614.477217199141 Prob: 0.011400048460374443 Frac: 0.2784765068818225
Step: 30970 Walker: 48 Trial Log Prob: 615.0565451411028 Prob: 0.6908087419643069 Frac: 0.2771042104829065
Number of steps: 31000 Acceptance Rate: 0.2779
Step: 31307 Walker: 28 Trial Log Prob: 617.0016970084969 Prob: 0.8675024250211583 Frac: 0.2871868475991649
Step: 31600 Walker: 36 Trial Log Prob: 603.7128644686711 Prob: 0.002643345531812109 Frac: 0.2841992930034016
Step: 31706 Walker: 33 Trial Log Prob: 616.9722012854946 Prob: 0.5250587077702615 Frac: 0.2826857126661565
Step: 31754 Walker: 30 Trial Log Prob: 618.1524457286226 Prob: 0.007843720358500669 Frac: 0.2814755838641189
Number of steps: 32000 Acceptance Rate: 0.2824
Step: 32223 Walker: 16 Trial Log Prob: 601.3871052207016 Prob: 0.01540612564106667 Frac: 0.2818459877653832
Step: 32241 Walker: 16 Trial Log Prob: 617.3637947573413 Prob: 0.00015817554295875194 Frac: 0.27812916111850866
Step: 32248 Walker: 37 Trial Log Prob: 579.1502112757761 Prob: 7.005115924542383e-10 Frac: 0.2785985307176879
Step: 32303 Walker: 35 Trial Log Prob: 619.6841480367452 Prob: 5.899966245761983e-7 Frac: 0.27862570201519654
Step: 32474 Walker: 15 Trial Log Prob: 619.9208454324518 Prob: 0.025824282961186096 Frac: 0.27952672723431227
Step: 32643 Walker: 29 Trial Log Prob: 550.9361279950882 Prob: 1.6848460338617707e-25 Frac: 0.2834199632730555
Step: 32842 Walker: 25 Trial Log Prob: 585.8336109610295 Prob: 4.357309087749772e-9 Frac: 0.2816399286987522
Step: 32862 Walker: 28 Trial Log Prob: -Inf Prob: 0.0 Frac: 0.28107154463995543
Step: 32957 Walker: 11 Trial Log Prob: 624.7687085236762 Prob: 0.23719998586700325 Frac: 0.27937085607914497
Number of steps: 33000 Acceptance Rate: 0.27936
Step: 33058 Walker: 47 Trial Log Prob: 614.8037825424359 Prob: 1.7323737097727157 Frac: 0.27235070762858127
Step: 33315 Walker: 44 Trial Log Prob: 621.1401874224235 Prob: 0.491758235709914 Frac: 0.2813135162601626
Step: 33439 Walker: 3 Trial Log Prob: 623.2113994140343 Prob: 0.026737123143541628 Frac: 0.28365977263388575
Step: 33456 Walker: 22 Trial Log Prob: 619.4036518934893 Prob: 1.0360403027912084 Frac: 0.28442824521342
Step: 33647 Walker: 11 Trial Log Prob: 585.332659466806 Prob: 1.045256189301594e-12 Frac: 0.2812973909813995
Number of steps: 34000 Acceptance Rate: 0.28094
Step: 34188 Walker: 45 Trial Log Prob: 617.5326087012826 Prob: 0.9523899678830223 Frac: 0.28930282064928153
Step: 34217 Walker: 34 Trial Log Prob: -Inf Prob: 0.0 Frac: 0.291212848440096
Step: 34317 Walker: 19 Trial Log Prob: 624.1002585530953 Prob: 0.4591640146659969 Frac: 0.29078955686200136
Number of steps: 35000 Acceptance Rate: 0.2855
Step: 35087 Walker: 3 Trial Log Prob: 554.9606810997657 Prob: 6.718158128877254e-22 Frac: 0.2921217755054613
Step: 35122 Walker: 43 Trial Log Prob: 594.6202703992128 Prob: 0.00012548422932714813 Frac: 0.28705071393402265
Step: 35198 Walker: 8 Trial Log Prob: 590.0488353055405 Prob: 1.1138802653562306e-6 Frac: 0.28200446337999596
Step: 35697 Walker: 32 Trial Log Prob: 616.1173549828297 Prob: 2.1130666572656542 Frac: 0.2809198438217731
Step: 35812 Walker: 32 Trial Log Prob: 605.1165969293536 Prob: 0.04869228713500579 Frac: 0.2813562663249717
Number of steps: 36000 Acceptance Rate: 0.27974
Step: 36027 Walker: 24 Trial Log Prob: 591.7034251642934 Prob: 1.3575691043458913e-10 Frac: 0.2862537764350453
Step: 36552 Walker: 4 Trial Log Prob: 615.503454377966 Prob: 16.045103574905976 Frac: 0.28514916164622195
Step: 36738 Walker: 44 Trial Log Prob: 599.822188933515 Prob: 0.0021687895897373874 Frac: 0.2843551797040169
Step: 36796 Walker: 48 Trial Log Prob: 608.9464463465545 Prob: 0.03909848461046735 Frac: 0.28355696266144026
Step: 36865 Walker: 11 Trial Log Prob: 592.8317261798343 Prob: 1.2180290980181527e-6 Frac: 0.2827057925065377
Step: 36999 Walker: 45 Trial Log Prob: 620.0102578164234 Prob: 0.19273123282085627 Frac: 0.2823706076684353
Number of steps: 37000 Acceptance Rate: 0.28238
Step: 37157 Walker: 26 Trial Log Prob: 619.6072419988681 Prob: 0.5427782202241809 Frac: 0.2823920265780731
Step: 37396 Walker: 40 Trial Log Prob: 620.9870686278668 Prob: 5.0312635684775096 Frac: 0.2778170793329965
Step: 37406 Walker: 50 Trial Log Prob: 606.1959908373808 Prob: 0.005744402993378399 Frac: 0.27704433497536946
Step: 37507 Walker: 12 Trial Log Prob: 597.8268391331923 Prob: 2.0544897870689787e-5 Frac: 0.27564001264222504
Step: 37695 Walker: 24 Trial Log Prob: 622.926307513851 Prob: 0.002905248496395533 Frac: 0.277128211035595
Step: 37702 Walker: 31 Trial Log Prob: 615.5933160295964 Prob: 0.11550985862139364 Frac: 0.27732960862005074
Number of steps: 38000 Acceptance Rate: 0.27764
Step: 38452 Walker: 5 Trial Log Prob: 589.8996776822358 Prob: 4.591443372217668e-8 Frac: 0.2808689869208601
Step: 38752 Walker: 13 Trial Log Prob: 619.9223989868786 Prob: 0.06659396581639913 Frac: 0.2823256928360355
Step: 38941 Walker: 10 Trial Log Prob: 615.5829289961448 Prob: 0.06989202687182224 Frac: 0.28162093171665603
Step: 38964 Walker: 45 Trial Log Prob: 591.1629511738796 Prob: 3.5326969963208728e-6 Frac: 0.2811702458761282
Step: 38976 Walker: 39 Trial Log Prob: 604.3496479307424 Prob: 0.04556271479056528 Frac: 0.281026460882576
Number of steps: 39000 Acceptance Rate: 0.28156
Step: 39031 Walker: 11 Trial Log Prob: 619.5895980859352 Prob: 0.3843108222374962 Frac: 0.28590337524818
Step: 39336 Walker: 35 Trial Log Prob: 591.4981881290121 Prob: 1.6193555766000574e-8 Frac: 0.28662496276437294
Step: 39429 Walker: 30 Trial Log Prob: 609.0694051618276 Prob: 3.1477869848992195 Frac: 0.2886140923938404
Step: 39666 Walker: 31 Trial Log Prob: 622.2927920416107 Prob: 0.06857021858305509 Frac: 0.28553829512334367
Number of steps: 40000 Acceptance Rate: 0.28228
Step: 40113 Walker: 37 Trial Log Prob: 577.4437665277151 Prob: 3.646540397598171e-11 Frac: 0.28898350186269295
Step: 40263 Walker: 45 Trial Log Prob: 618.9433188876583 Prob: 0.17896488319853793 Frac: 0.28406238113351084
Step: 40287 Walker: 26 Trial Log Prob: 625.4672383586451 Prob: 0.010228513096432957 Frac: 0.2849364791288566
Step: 40289 Walker: 21 Trial Log Prob: 600.5669843643105 Prob: 0.03937917643140768 Frac: 0.28451563691838294
Step: 40289 Walker: 40 Trial Log Prob: 609.5935498078877 Prob: 0.000679584337448786 Frac: 0.28455678670360113
Step: 40516 Walker: 12 Trial Log Prob: 563.9833658402514 Prob: 5.448088705353795e-17 Frac: 0.2810340812048754
Step: 40569 Walker: 5 Trial Log Prob: 595.0793803898378 Prob: 6.545171556439522e-5 Frac: 0.28016194331983807
Number of steps: 41000 Acceptance Rate: 0.28156
Step: 41117 Walker: 31 Trial Log Prob: 616.203349995529 Prob: 1.0583285807229212 Frac: 0.2862287772251758
Step: 41133 Walker: 49 Trial Log Prob: 582.0316528828353 Prob: 3.539257944933024e-10 Frac: 0.2825988870506843
Step: 41505 Walker: 22 Trial Log Prob: 619.6971569891299 Prob: 1.0337469401597423 Frac: 0.2755530885734676
Step: 41901 Walker: 44 Trial Log Prob: 592.9764116063554 Prob: 1.4849003142052668e-5 Frac: 0.27837225823639106
Number of steps: 42000 Acceptance Rate: 0.27848
Step: 42633 Walker: 45 Trial Log Prob: 622.9745798289568 Prob: 3.833324620888121e-5 Frac: 0.28228788118186127
Step: 42930 Walker: 40 Trial Log Prob: 621.2580669770944 Prob: 1.0253569900903663 Frac: 0.2824263282426328
Number of steps: 43000 Acceptance Rate: 0.28236
Step: 43474 Walker: 19 Trial Log Prob: 621.9040237232952 Prob: 0.6981608264160202 Frac: 0.2805357218302421
Step: 43608 Walker: 2 Trial Log Prob: 596.0615589502229 Prob: 7.180288035171291e-7 Frac: 0.2826831839746969
Step: 43783 Walker: 26 Trial Log Prob: 614.1939884467168 Prob: 0.4266482907634506 Frac: 0.2805806880335327
Step: 43989 Walker: 50 Trial Log Prob: 612.3788149047872 Prob: 1.0223781636494622 Frac: 0.28099089989888776
Number of steps: 44000 Acceptance Rate: 0.28112
Step: 44359 Walker: 3 Trial Log Prob: 618.2840409772971 Prob: 1.2169882681988613 Frac: 0.28285762162766015
Step: 44660 Walker: 12 Trial Log Prob: 616.3641172180895 Prob: 1.5782078659486176 Frac: 0.28268915721133425
Number of steps: 45000 Acceptance Rate: 0.28032
Step: 45246 Walker: 23 Trial Log Prob: 593.4297032821698 Prob: 6.052373988244929e-7 Frac: 0.28265297808196854
Step: 45319 Walker: 49 Trial Log Prob: 603.5908127275206 Prob: 0.001342011773187177 Frac: 0.2824001504796539
Step: 45414 Walker: 23 Trial Log Prob: 586.459776246315 Prob: 3.1196715243722634e-10 Frac: 0.2830745416727132
Step: 45628 Walker: 7 Trial Log Prob: 609.4374903337414 Prob: 0.2540612035522009 Frac: 0.2812131262557005
Step: 45864 Walker: 37 Trial Log Prob: 586.310661950968 Prob: 1.5417859727721469e-12 Frac: 0.28158936717067634
Number of steps: 46000 Acceptance Rate: 0.2813
Step: 46329 Walker: 32 Trial Log Prob: 621.9007109895441 Prob: 0.02360234372678535 Frac: 0.28517526777020447
Step: 46362 Walker: 23 Trial Log Prob: 617.7230895804756 Prob: 0.03608625482848768 Frac: 0.28423615337796715
Step: 46481 Walker: 37 Trial Log Prob: 624.5440438848656 Prob: 0.0015559332760608897 Frac: 0.2792361775595956
Step: 46658 Walker: 41 Trial Log Prob: 593.807479905603 Prob: 0.0007510451947645656 Frac: 0.2784956371043751
Step: 46686 Walker: 23 Trial Log Prob: 612.3040049265866 Prob: 0.552834585145284 Frac: 0.27776967292037463
Number of steps: 47000 Acceptance Rate: 0.28094
Step: 47192 Walker: 37 Trial Log Prob: -Inf Prob: 0.0 Frac: 0.27735475122561803
Step: 47427 Walker: 46 Trial Log Prob: 606.8199806587998 Prob: 0.054695173628019664 Frac: 0.2809425653518224
Step: 47795 Walker: 48 Trial Log Prob: 618.7915839244505 Prob: 0.42796186512280415 Frac: 0.28308342558116134
Number of steps: 48000 Acceptance Rate: 0.28318
Step: 48388 Walker: 7 Trial Log Prob: 619.8690162133095 Prob: 0.7565372431873503 Frac: 0.2764891253809991
Step: 48449 Walker: 3 Trial Log Prob: 620.3067644466586 Prob: 1.0550803604419992 Frac: 0.27625764406552694
Step: 48650 Walker: 40 Trial Log Prob: 602.1936394316583 Prob: 0.004574646413285032 Frac: 0.278885811018775
Step: 48675 Walker: 35 Trial Log Prob: 624.1002823799688 Prob: 0.07776906713345465 Frac: 0.2786127167630058
Step: 48747 Walker: 6 Trial Log Prob: 586.3606593937716 Prob: 1.3223443440348209e-8 Frac: 0.2784002573312604
Step: 48765 Walker: 11 Trial Log Prob: 602.6783675045148 Prob: 0.1345233810492043 Frac: 0.278532359791683
Step: 48937 Walker: 2 Trial Log Prob: 606.042647782658 Prob: 0.17097955811038168 Frac: 0.28257339429938894
Number of steps: 49000 Acceptance Rate: 0.28282
Step: 49003 Walker: 37 Trial Log Prob: 620.6318529224001 Prob: 0.01926203677362278 Frac: 0.27007299270072993
Step: 49248 Walker: 50 Trial Log Prob: 611.9060395067712 Prob: 0.08390483052083722 Frac: 0.2828225806451613
Step: 49365 Walker: 19 Trial Log Prob: 623.5176635391641 Prob: 0.050412790309397125 Frac: 0.279323782864043
Step: 49475 Walker: 31 Trial Log Prob: 596.262825465764 Prob: 5.541120245808223e-8 Frac: 0.27950781677973957
Step: 49689 Walker: 27 Trial Log Prob: 613.714313133294 Prob: 0.1179821799935087 Frac: 0.2814360821448282
Number of steps: 50000 Acceptance Rate: 0.2806
Burn-in Number (ends): 2914
Independent Sample Size: 4509.5264963034915
12092.980636 seconds (152.17 M allocations: 472.948 GiB, 5.79% gc time)
