args = ["mcmc", "10.0", "15", "pppp"]
Parameters from fit: [4.444359397461317e-6, 224.70076495132957, 2.4335037690158114e6, -0.042049967267500495, -0.013896387566632721, 2.720628975210713e-6, 365.2563452435204, 2.4336244086953066e6, -0.021067676024617118, -0.00955689514448253, -9.592681343767663e-7, 626.312091533778, 2.436279392613628e6, -0.049333369387657706, 0.0538774260633581, 0.0024213173464826114, 5557.286021561002, 2.4410587990790596e6, 0.05920286023317278, 0.04017544590179085]
Maximum log Prob from fit: -87.46364883959401
Step: 67 Walker: 15 Trial Log Prob: 68.3579868178586 Prob: 2.3065697478659837e-7 Frac: 0.3861236802413273
Step: 716 Walker: 14 Trial Log Prob: 323.2573068641394 Prob: 0.21937722041366944 Frac: 0.3141147522648473
Step: 841 Walker: 22 Trial Log Prob: 227.74245332863478 Prob: 3.616342119737077e-45 Frac: 0.31057541287896817
Number of steps: 1000 Acceptance Rate: 0.30596
Step: 1075 Walker: 6 Trial Log Prob: 295.31710729303654 Prob: 5.236444710538549e-6 Frac: 0.2795466810577442
Step: 1202 Walker: 2 Trial Log Prob: 339.7704397720822 Prob: 0.0009713465186047163 Frac: 0.27974532431356947
Step: 1531 Walker: 6 Trial Log Prob: 331.8218198302984 Prob: 0.0002335166321253321 Frac: 0.28110616464196786
Step: 1545 Walker: 45 Trial Log Prob: 340.9721767255128 Prob: 0.0002599670846148044 Frac: 0.2808588731877409
Number of steps: 2000 Acceptance Rate: 0.27162
Step: 2011 Walker: 37 Trial Log Prob: 302.60116183240274 Prob: 3.6311318991748988e-9 Frac: 0.24022346368715083
Step: 2068 Walker: 34 Trial Log Prob: 317.64282826575493 Prob: 0.17807255039758169 Frac: 0.2609338061465721
Step: 2493 Walker: 38 Trial Log Prob: 297.9255539020628 Prob: 1.426837070530357e-13 Frac: 0.26934004383472687
Step: 2627 Walker: 4 Trial Log Prob: 328.0243672890607 Prob: 0.2185389661943894 Frac: 0.26849603884487605
Step: 2639 Walker: 33 Trial Log Prob: 281.7379402045348 Prob: 2.8389558584768753e-6 Frac: 0.26859361788745184
Step: 2705 Walker: 21 Trial Log Prob: 285.59241330299176 Prob: 1.4623650282089822e-17 Frac: 0.268476193180205
Step: 2960 Walker: 43 Trial Log Prob: 328.4932333139763 Prob: 0.009214525357398652 Frac: 0.2686850165649157
Number of steps: 3000 Acceptance Rate: 0.26896
Step: 3904 Walker: 38 Trial Log Prob: 323.9366780346163 Prob: 0.30482670995720146 Frac: 0.2625697087722404
Number of steps: 4000 Acceptance Rate: 0.26136
Step: 4145 Walker: 16 Trial Log Prob: 313.61235866632535 Prob: 7.468835351367122e-8 Frac: 0.250970066518847
Step: 4434 Walker: 42 Trial Log Prob: 328.32304159759803 Prob: 0.8569077651368526 Frac: 0.24170200995758806
Step: 4543 Walker: 23 Trial Log Prob: 329.86153581994364 Prob: 0.8322356707942036 Frac: 0.24307783062345611
Step: 4685 Walker: 2 Trial Log Prob: 337.07642134447553 Prob: 0.0001933375548910844 Frac: 0.24527805391497573
Number of steps: 5000 Acceptance Rate: 0.24394
Step: 5088 Walker: 19 Trial Log Prob: 305.1975814384847 Prob: 1.2396865749359415e-6 Frac: 0.2362096589608606
Step: 5100 Walker: 35 Trial Log Prob: 308.60585852382934 Prob: 3.315470706781683e-8 Frac: 0.239518555667001
Number of steps: 6000 Acceptance Rate: 0.23294
Step: 6431 Walker: 12 Trial Log Prob: 263.1273687639904 Prob: 4.2461498040459765e-26 Frac: 0.2303830420230569
Step: 6976 Walker: 41 Trial Log Prob: 330.957953617266 Prob: 0.8018575837174489 Frac: 0.22887417761472403
Number of steps: 7000 Acceptance Rate: 0.229
Step: 7494 Walker: 12 Trial Log Prob: 155.22612505586386 Prob: 4.1905629644986475e-71 Frac: 0.2302732949476928
Number of steps: 8000 Acceptance Rate: 0.2269
Step: 8001 Walker: 22 Trial Log Prob: 332.6824969302452 Prob: 0.9287116126895808 Frac: 0.22727272727272727
Step: 8069 Walker: 18 Trial Log Prob: 326.2984573925907 Prob: 0.861024468444257 Frac: 0.22586307782328846
Step: 8120 Walker: 14 Trial Log Prob: 320.82275427755116 Prob: 0.7525579788182001 Frac: 0.2243460764587525
Step: 8815 Walker: 6 Trial Log Prob: 333.50210103122663 Prob: 0.05970392126161789 Frac: 0.22001670515403135
Step: 8854 Walker: 13 Trial Log Prob: 339.55266747108345 Prob: 1.1551614052007915 Frac: 0.22000328153200666
Number of steps: 9000 Acceptance Rate: 0.22028
Step: 9119 Walker: 24 Trial Log Prob: 321.24505428323926 Prob: 0.23499119802947552 Frac: 0.22316002700877785
Step: 9321 Walker: 30 Trial Log Prob: 311.47031590948495 Prob: 1.6802932285292698e-6 Frac: 0.22333125389893949
Step: 9361 Walker: 6 Trial Log Prob: 340.54480351463627 Prob: 0.17821868534999516 Frac: 0.2224813950905254
Step: 9512 Walker: 43 Trial Log Prob: 334.41698974991783 Prob: 6.033558364159167 Frac: 0.21908334310162936
Step: 9545 Walker: 50 Trial Log Prob: 335.0325642985161 Prob: 0.5448286996437799 Frac: 0.21794495412844037
Step: 9607 Walker: 35 Trial Log Prob: 286.6171285616544 Prob: 8.513222468658576e-17 Frac: 0.21783418493489368
Step: 9796 Walker: 44 Trial Log Prob: 301.86902756308467 Prob: 2.44499889173142e-10 Frac: 0.2171432879328542
Number of steps: 10000 Acceptance Rate: 0.21644
Step: 10062 Walker: 5 Trial Log Prob: 342.0848008017313 Prob: 0.0006795115449792627 Frac: 0.21734860883797055
Step: 10124 Walker: 15 Trial Log Prob: 318.9010308927266 Prob: 1.3903767773094617e-11 Frac: 0.22238442822384427
Step: 10167 Walker: 27 Trial Log Prob: 308.0340694437019 Prob: 1.092961619018063e-10 Frac: 0.2172451062807734
Step: 10230 Walker: 22 Trial Log Prob: 333.21258328087094 Prob: 22.67550133274261 Frac: 0.21800906555090654
Step: 10584 Walker: 37 Trial Log Prob: 337.4073362171038 Prob: 0.6286491951791686 Frac: 0.22068043992188302
Step: 10593 Walker: 31 Trial Log Prob: 331.65875719644987 Prob: 9.353223623151683 Frac: 0.22030981067125646
Number of steps: 11000 Acceptance Rate: 0.21922
Step: 11013 Walker: 2 Trial Log Prob: 304.9386324552197 Prob: 1.0044638557661245e-9 Frac: 0.21428571428571427
Step: 11095 Walker: 5 Trial Log Prob: 304.8442017765272 Prob: 1.1228557415545963e-7 Frac: 0.21424017003188098
Step: 11514 Walker: 46 Trial Log Prob: -1190.8236472010535 Prob: 0.0 Frac: 0.21349626400996263
Step: 11722 Walker: 7 Trial Log Prob: 331.0446355985957 Prob: 0.03378965759576759 Frac: 0.2142718473528025
Step: 11751 Walker: 31 Trial Log Prob: 297.9379501382677 Prob: 1.6439626527238987e-9 Frac: 0.2150755375556207
Step: 11835 Walker: 3 Trial Log Prob: 335.6569707153702 Prob: 0.0036068546077517327 Frac: 0.21480469031004965
Step: 11871 Walker: 26 Trial Log Prob: 283.31436188581336 Prob: 1.1374646190109958e-17 Frac: 0.21456141157009603
Number of steps: 12000 Acceptance Rate: 0.21202
Step: 12025 Walker: 30 Trial Log Prob: 328.2927937196217 Prob: 0.011091366408291713 Frac: 0.1967479674796748
Step: 12086 Walker: 39 Trial Log Prob: 330.7897741467763 Prob: 0.5077746693454633 Frac: 0.2044765679645605
Step: 12630 Walker: 27 Trial Log Prob: 303.39206927272835 Prob: 4.9404446202762466e-5 Frac: 0.20319598436953967
Step: 12798 Walker: 35 Trial Log Prob: 334.8069809739126 Prob: 0.07266929609055195 Frac: 0.2047386235426852
Step: 12877 Walker: 1 Trial Log Prob: 333.2145185840275 Prob: 0.7913728776230897 Frac: 0.20481267550969157
Step: 12985 Walker: 33 Trial Log Prob: 337.94901442664224 Prob: 0.2932753210091425 Frac: 0.20561412061015985
Number of steps: 13000 Acceptance Rate: 0.20538
Step: 13548 Walker: 37 Trial Log Prob: 289.1901108478641 Prob: 1.1259663382126092e-12 Frac: 0.2132763720013145
Step: 13884 Walker: 18 Trial Log Prob: 336.8493258840403 Prob: 0.9889754398510004 Frac: 0.21234830646621988
Number of steps: 14000 Acceptance Rate: 0.21158
Step: 14076 Walker: 40 Trial Log Prob: -32.487442420977644 Prob: 1.4988221148322407e-154 Frac: 0.19604221635883906
Step: 14465 Walker: 33 Trial Log Prob: 305.8683724955088 Prob: 0.0005846093846901384 Frac: 0.21039039297550896
Step: 14824 Walker: 27 Trial Log Prob: 320.8766224816534 Prob: 0.7108105536186967 Frac: 0.20960730504893507
Number of steps: 15000 Acceptance Rate: 0.20998
Step: 15438 Walker: 15 Trial Log Prob: 324.06532176135033 Prob: 0.4914539836890499 Frac: 0.22122112965927282
Step: 15482 Walker: 36 Trial Log Prob: 306.79857114036685 Prob: 0.00037501257016271357 Frac: 0.22070912563314787
Step: 15563 Walker: 20 Trial Log Prob: 288.12661538080727 Prob: 3.645415465990567e-12 Frac: 0.22009246088193457
Step: 15929 Walker: 18 Trial Log Prob: 330.9528934739123 Prob: 0.004708328423788258 Frac: 0.21758800465336722
Number of steps: 16000 Acceptance Rate: 0.21694
Step: 16448 Walker: 24 Trial Log Prob: 312.63246655292494 Prob: 0.5241030409549619 Frac: 0.2184678644855636
Step: 16737 Walker: 4 Trial Log Prob: 323.4832949230159 Prob: 0.1312934083814924 Frac: 0.22212259537006848
Step: 16761 Walker: 23 Trial Log Prob: 281.7732423963592 Prob: 4.875502232155524e-16 Frac: 0.22260210924966467
Number of steps: 17000 Acceptance Rate: 0.22102
Step: 17184 Walker: 2 Trial Log Prob: 327.4836452708388 Prob: 0.0070837678250775405 Frac: 0.2202797202797203
Step: 17424 Walker: 47 Trial Log Prob: 325.19852022681323 Prob: 0.6185302238075567 Frac: 0.21984243053262253
Step: 17592 Walker: 48 Trial Log Prob: 323.24527582809134 Prob: 0.7380674969132558 Frac: 0.22376511926481518
Step: 17769 Walker: 46 Trial Log Prob: 301.3677501956367 Prob: 4.884816021085554e-5 Frac: 0.22590126411070072
Number of steps: 18000 Acceptance Rate: 0.2227
Step: 18085 Walker: 24 Trial Log Prob: 303.8309055147171 Prob: 4.3054076789509747e-5 Frac: 0.20762310606060605
Step: 18340 Walker: 4 Trial Log Prob: 290.476997418244 Prob: 5.751324039727023e-13 Frac: 0.21446266367818803
Step: 18488 Walker: 50 Trial Log Prob: 339.83807385880095 Prob: 1.3226162417040312e-5 Frac: 0.21774590163934426
Step: 18670 Walker: 37 Trial Log Prob: 331.1419783345321 Prob: 0.015066093602654082 Frac: 0.21796518051781288
Step: 18671 Walker: 24 Trial Log Prob: 310.73041031591356 Prob: 0.6811889335547947 Frac: 0.21814222646462236
Step: 18731 Walker: 40 Trial Log Prob: 291.36607753090084 Prob: 2.0643533284768362e-7 Frac: 0.21713191023535852
Number of steps: 19000 Acceptance Rate: 0.21696
Step: 19604 Walker: 17 Trial Log Prob: 306.75664857610184 Prob: 2.708847039536049e-6 Frac: 0.22368813604269566
Step: 19632 Walker: 24 Trial Log Prob: 316.2749996917909 Prob: 0.09223351440935382 Frac: 0.22369671248495598
Step: 19928 Walker: 34 Trial Log Prob: 341.7366523490941 Prob: 0.00032303097639670435 Frac: 0.22389185926181443
Number of steps: 20000 Acceptance Rate: 0.22374
Step: 20777 Walker: 34 Trial Log Prob: 322.77733892760614 Prob: 0.7455062034318322 Frac: 0.22088891177833858
Step: 20812 Walker: 4 Trial Log Prob: 309.5144874912137 Prob: 6.1679881329419775e-6 Frac: 0.2215317847807861
Number of steps: 21000 Acceptance Rate: 0.2218
Step: 21228 Walker: 38 Trial Log Prob: 304.9252650705342 Prob: 8.602054755050042e-9 Frac: 0.23331577098700387
Step: 21581 Walker: 40 Trial Log Prob: 73.138290572607 Prob: 2.5089592233621285e-109 Frac: 0.23360881542699724
Step: 21598 Walker: 47 Trial Log Prob: 337.58995512507624 Prob: 0.0708901061578085 Frac: 0.23373582633709067
Step: 21700 Walker: 45 Trial Log Prob: 328.5641138876351 Prob: 0.36745085063227045 Frac: 0.23203314759251323
Step: 21810 Walker: 5 Trial Log Prob: 304.9702049763806 Prob: 1.682448845970787e-7 Frac: 0.23045359040909652
Step: 21889 Walker: 16 Trial Log Prob: 271.40403841660907 Prob: 1.131371295750746e-22 Frac: 0.23063760806916425
Number of steps: 22000 Acceptance Rate: 0.2301
Step: 22061 Walker: 28 Trial Log Prob: -Inf Prob: 0.0 Frac: 0.22457067371202113
Step: 22108 Walker: 15 Trial Log Prob: 312.2317209310986 Prob: 5.661021914584007e-7 Frac: 0.22180801491146318
Step: 22550 Walker: 49 Trial Log Prob: 335.6988745430663 Prob: 3.5179724788400783e-6 Frac: 0.22451725517291538
Step: 22571 Walker: 37 Trial Log Prob: 291.9994390091173 Prob: 4.163353188075264e-15 Frac: 0.22462066790482532
Step: 22682 Walker: 45 Trial Log Prob: 317.07580432112957 Prob: 0.002465163473039902 Frac: 0.22311189323947794
Number of steps: 23000 Acceptance Rate: 0.22328
Step: 23273 Walker: 40 Trial Log Prob: 323.1957173795469 Prob: 1.259022769493741e-10 Frac: 0.22162756598240468
Step: 23474 Walker: 36 Trial Log Prob: 307.72182245351416 Prob: 0.006192209016365089 Frac: 0.21953896816684962
Step: 23615 Walker: 28 Trial Log Prob: 334.87400475493075 Prob: 0.0018258238363924113 Frac: 0.2186279614683676
Step: 23851 Walker: 30 Trial Log Prob: 336.3269658079559 Prob: 0.003001112030430549 Frac: 0.21707030331530683
Number of steps: 24000 Acceptance Rate: 0.21686
Step: 24098 Walker: 16 Trial Log Prob: 328.0885969303667 Prob: 3.3006800292771277 Frac: 0.21722153719687629
Step: 24243 Walker: 15 Trial Log Prob: 333.7415261251611 Prob: 0.007162434863122894 Frac: 0.21956252579446967
Step: 24300 Walker: 19 Trial Log Prob: 234.88543986390485 Prob: 3.4620659858814886e-42 Frac: 0.2183846616340437
Step: 24464 Walker: 28 Trial Log Prob: 339.7621355987546 Prob: 0.7145476412958078 Frac: 0.21792216757269825
Step: 24611 Walker: 33 Trial Log Prob: 335.8405121112477 Prob: 0.0027949798130085164 Frac: 0.21661808535027674
Number of steps: 25000 Acceptance Rate: 0.21204
Step: 25087 Walker: 7 Trial Log Prob: 324.39489519630234 Prob: 1.220896084461728 Frac: 0.200139308103088
Step: 25308 Walker: 44 Trial Log Prob: 339.4823675816026 Prob: 0.020309882303445645 Frac: 0.20683383136286865
Step: 25318 Walker: 25 Trial Log Prob: 276.6288370178982 Prob: 9.806064382189901e-19 Frac: 0.20743307086614174
Step: 25339 Walker: 41 Trial Log Prob: 316.9097648905484 Prob: 1.78039055266329 Frac: 0.20837022607874386
Step: 25857 Walker: 4 Trial Log Prob: -271.0989175447391 Prob: 3.125303970807003e-258 Frac: 0.21026072329688814
Step: 25867 Walker: 37 Trial Log Prob: 309.2888827276281 Prob: 0.004897386892417145 Frac: 0.2104668066548215
Number of steps: 26000 Acceptance Rate: 0.21188
Step: 26026 Walker: 41 Trial Log Prob: 330.3128551442667 Prob: 0.04804162144584207 Frac: 0.22075910147172734
Step: 26255 Walker: 40 Trial Log Prob: 305.8884364969907 Prob: 0.013154828239158485 Frac: 0.20572998430141287
Step: 26351 Walker: 12 Trial Log Prob: 300.80176742849085 Prob: 2.18345375688792e-7 Frac: 0.20802878026496116
Step: 26453 Walker: 43 Trial Log Prob: 270.4132456543613 Prob: 1.1910944537490697e-19 Frac: 0.21229519056662102
Step: 26472 Walker: 13 Trial Log Prob: 340.0068905007793 Prob: 0.2626310559033148 Frac: 0.21202733098501889
Step: 26843 Walker: 16 Trial Log Prob: 315.04912432018443 Prob: 0.2301667782334753 Frac: 0.21469275334789628
Step: 26919 Walker: 43 Trial Log Prob: 335.14783875540263 Prob: 0.68379303361911 Frac: 0.21474435713819298
Number of steps: 27000 Acceptance Rate: 0.21552
Step: 27094 Walker: 28 Trial Log Prob: 333.02603222975756 Prob: 1.4568443774748971 Frac: 0.21975203078238564
Step: 27316 Walker: 21 Trial Log Prob: 327.29691574528766 Prob: 1.560740246192311 Frac: 0.2140003804451208
Step: 27465 Walker: 33 Trial Log Prob: -110.17274555733452 Prob: 2.1096871112962797e-187 Frac: 0.21546937545732364
Step: 27838 Walker: 17 Trial Log Prob: 261.3982905057649 Prob: 7.145819341278424e-25 Frac: 0.21632789547853917
Number of steps: 28000 Acceptance Rate: 0.21616
Number of steps: 29000 Acceptance Rate: 0.21008
Step: 29148 Walker: 43 Trial Log Prob: 276.14167753533724 Prob: 8.826893925513044e-17 Frac: 0.20708778574327066
Step: 29157 Walker: 28 Trial Log Prob: 134.86417071672497 Prob: 6.140911015768019e-83 Frac: 0.20579969340827797
Step: 29357 Walker: 39 Trial Log Prob: -Inf Prob: 0.0 Frac: 0.21049386176355178
Step: 29639 Walker: 42 Trial Log Prob: 335.1316667803752 Prob: 0.602115173960876 Frac: 0.2086907519879782
Number of steps: 30000 Acceptance Rate: 0.20742
Step: 30038 Walker: 19 Trial Log Prob: 333.4046489480523 Prob: 26.68331263637601 Frac: 0.21401819154628143
Step: 30039 Walker: 20 Trial Log Prob: 317.65625402628706 Prob: 2.2787491788159997 Frac: 0.2140625
Step: 30178 Walker: 17 Trial Log Prob: 320.4134862282407 Prob: 0.008104675944007761 Frac: 0.20773655125747154
Step: 30533 Walker: 17 Trial Log Prob: 218.66469111202554 Prob: 9.31524842338736e-46 Frac: 0.2020513205845888
Number of steps: 31000 Acceptance Rate: 0.20322
Step: 31170 Walker: 35 Trial Log Prob: 335.3826806875662 Prob: 0.07633346448626976 Frac: 0.20117855038302887
Step: 31276 Walker: 5 Trial Log Prob: -463.0109000151004 Prob: 0.0 Frac: 0.2020356234096692
Step: 31296 Walker: 38 Trial Log Prob: 329.7447463219921 Prob: 0.48010340086663605 Frac: 0.20212334325128484
Step: 31545 Walker: 35 Trial Log Prob: 342.50028718816526 Prob: 0.0019810334316718707 Frac: 0.19577749219753993
Step: 31957 Walker: 28 Trial Log Prob: 329.41243376836377 Prob: 0.0005205604071014549 Frac: 0.19425859329263193
Number of steps: 32000 Acceptance Rate: 0.19466
Step: 32290 Walker: 41 Trial Log Prob: 332.6802088410865 Prob: 0.8734460532446445 Frac: 0.1949485887792423
Step: 32290 Walker: 44 Trial Log Prob: 327.10715704727596 Prob: 0.007920690814176824 Frac: 0.1949772319580516
Step: 32303 Walker: 9 Trial Log Prob: 284.2249324399134 Prob: 1.8856430856087293e-11 Frac: 0.1962406512674565
Step: 32358 Walker: 6 Trial Log Prob: 332.04341686039777 Prob: 0.9372361914640026 Frac: 0.1947244623655914
Step: 32531 Walker: 35 Trial Log Prob: 315.5680392042526 Prob: 0.038564735930009864 Frac: 0.1943847748257019
Step: 32748 Walker: 29 Trial Log Prob: 293.7513820134673 Prob: 8.66148301436787e-13 Frac: 0.19139088793172637
Step: 32867 Walker: 4 Trial Log Prob: 325.17117537322457 Prob: 0.000148965328429653 Frac: 0.19166820617033067
Number of steps: 33000 Acceptance Rate: 0.19316
Step: 33175 Walker: 4 Trial Log Prob: 309.7885867478958 Prob: 1.1155671312712817e-12 Frac: 0.19634650735294118
Step: 33299 Walker: 45 Trial Log Prob: 324.1091554990027 Prob: 5.143607365149162e-5 Frac: 0.19618601538976246
Step: 33370 Walker: 11 Trial Log Prob: 327.6989803983528 Prob: 1.2196698686251228 Frac: 0.196630735063106
Step: 33627 Walker: 33 Trial Log Prob: 335.2556872942642 Prob: 0.00159604174214202 Frac: 0.20039574889094564
Step: 33923 Walker: 5 Trial Log Prob: 300.4212643096332 Prob: 1.5347018098566555e-9 Frac: 0.20377399414380218
Number of steps: 34000 Acceptance Rate: 0.20418
Step: 34228 Walker: 33 Trial Log Prob: 254.54378727932774 Prob: 5.843398848990023e-34 Frac: 0.21110427830976017
Step: 34318 Walker: 7 Trial Log Prob: 139.35667756979154 Prob: 5.802804451870553e-81 Frac: 0.20867755565365453
Step: 34410 Walker: 25 Trial Log Prob: 330.91903862915416 Prob: 0.13031030587723053 Frac: 0.20947496947496946
Step: 34442 Walker: 21 Trial Log Prob: 309.3261141708917 Prob: 5.6629930663811094e-8 Frac: 0.20936976122513706
Step: 34469 Walker: 20 Trial Log Prob: 317.28733317395114 Prob: 0.00022858750526522344 Frac: 0.20973526900085396
Step: 34481 Walker: 5 Trial Log Prob: 329.2633502077018 Prob: 0.3005878523004562 Frac: 0.20924807331805872
Step: 34728 Walker: 14 Trial Log Prob: -Inf Prob: 0.0 Frac: 0.2083929160708393
Number of steps: 35000 Acceptance Rate: 0.2046
Step: 35127 Walker: 30 Trial Log Prob: 286.77903131305834 Prob: 3.113200004659768e-13 Frac: 0.20205371248025278
Step: 35175 Walker: 27 Trial Log Prob: 325.32481824049 Prob: 0.00036385461002925925 Frac: 0.20820442305488712
Step: 35333 Walker: 6 Trial Log Prob: 316.09011358043955 Prob: 2.9718158869426574 Frac: 0.20721425990605805
Step: 35341 Walker: 40 Trial Log Prob: 324.6787896421512 Prob: 1.112453073989291 Frac: 0.20610328638497652
Step: 35752 Walker: 43 Trial Log Prob: 253.2724684502157 Prob: 9.17416371494239e-31 Frac: 0.20439975527358817
Number of steps: 36000 Acceptance Rate: 0.20512
Step: 36827 Walker: 24 Trial Log Prob: 289.58517173813505 Prob: 7.261301831944343e-15 Frac: 0.19305972316329495
Step: 36900 Walker: 41 Trial Log Prob: -Inf Prob: 0.0 Frac: 0.19239403436242805
Step: 36982 Walker: 47 Trial Log Prob: 325.4375565330258 Prob: 0.023595323762282856 Frac: 0.19270016497953033
Number of steps: 37000 Acceptance Rate: 0.19324
Step: 37081 Walker: 17 Trial Log Prob: 322.118851788701 Prob: 1.010517579066583 Frac: 0.19915359721184964
Step: 37195 Walker: 14 Trial Log Prob: 294.13567207923455 Prob: 3.044722702617098e-9 Frac: 0.20053530986205476
Step: 37788 Walker: 41 Trial Log Prob: 312.7332204683938 Prob: 0.43321155079499213 Frac: 0.20423446980274682
Step: 37791 Walker: 15 Trial Log Prob: 296.2566974792071 Prob: 1.0226605767416476e-17 Frac: 0.20420093635328357
Step: 37805 Walker: 18 Trial Log Prob: 330.47194448956475 Prob: 0.5117273433627976 Frac: 0.20396339947287284
Step: 37817 Walker: 5 Trial Log Prob: 2.545183643579289 Prob: 1.7691624082003107e-144 Frac: 0.20401911530449698
Step: 37842 Walker: 18 Trial Log Prob: 3.0921414434768124 Prob: 2.629750033080203e-136 Frac: 0.2040268137301512
Step: 37888 Walker: 50 Trial Log Prob: 328.502804950379 Prob: 2.2141315081257416 Frac: 0.20387387387387387
Number of steps: 38000 Acceptance Rate: 0.20342
Step: 38046 Walker: 43 Trial Log Prob: -Inf Prob: 0.0 Frac: 0.21151330135194069
Step: 38163 Walker: 49 Trial Log Prob: 214.3985062959643 Prob: 1.7353534632124963e-48 Frac: 0.20812369615903792
Step: 38273 Walker: 25 Trial Log Prob: 326.59450314727565 Prob: 0.00045945880707019566 Frac: 0.20154128440366972
Number of steps: 39000 Acceptance Rate: 0.20492
Step: 39026 Walker: 23 Trial Log Prob: 317.2899395137912 Prob: 1.0824920962350202 Frac: 0.21366849960722703
Step: 39212 Walker: 8 Trial Log Prob: 325.67264995034947 Prob: 1.726637656091795e-6 Frac: 0.20808865315400643
Step: 39361 Walker: 48 Trial Log Prob: -Inf Prob: 0.0 Frac: 0.21126994680851063
Step: 39440 Walker: 9 Trial Log Prob: 300.0307438893976 Prob: 0.00039889495370147826 Frac: 0.2105742520151191
Step: 39640 Walker: 18 Trial Log Prob: 265.20573281368434 Prob: 2.9251789730710912e-18 Frac: 0.20867742742742743
Step: 39698 Walker: 9 Trial Log Prob: 324.5175000910474 Prob: 0.0012181909991402563 Frac: 0.20743566941105596
Step: 39814 Walker: 23 Trial Log Prob: 231.85166020808646 Prob: 1.1594165188859894e-32 Frac: 0.20677107663560593
Step: 39920 Walker: 44 Trial Log Prob: -Inf Prob: 0.0 Frac: 0.20585293733965299
Number of steps: 40000 Acceptance Rate: 0.20568
Step: 40027 Walker: 11 Trial Log Prob: 317.048408001216 Prob: 0.8822409838466679 Frac: 0.1952707856598017
Step: 40604 Walker: 16 Trial Log Prob: 315.6654565125672 Prob: 0.051557502846811626 Frac: 0.19342968905390173
Step: 40653 Walker: 16 Trial Log Prob: 280.23091366670616 Prob: 1.382662455963748e-12 Frac: 0.19447510424331615
Step: 40765 Walker: 41 Trial Log Prob: 338.047739704976 Prob: 4.3957000897029285e-7 Frac: 0.19560157945660417
Step: 40816 Walker: 38 Trial Log Prob: 316.4149472117422 Prob: 0.24375880899093647 Frac: 0.19635677159949005
Number of steps: 41000 Acceptance Rate: 0.19772
Step: 41027 Walker: 11 Trial Log Prob: 329.6544936355951 Prob: 0.11418617026922834 Frac: 0.19221967963386727
Step: 41206 Walker: 44 Trial Log Prob: 313.21057651741404 Prob: 7.489153704537124e-5 Frac: 0.2028366038469011
Step: 41435 Walker: 4 Trial Log Prob: 309.6380278430169 Prob: 1.101655469470028e-6 Frac: 0.20645963877626244
Step: 41613 Walker: 35 Trial Log Prob: 318.0423663983172 Prob: 3.7912448409363233e-7 Frac: 0.20587563244654808
Step: 41624 Walker: 27 Trial Log Prob: 174.38789906694464 Prob: 5.382301200972283e-60 Frac: 0.20543990762421016
Step: 41746 Walker: 16 Trial Log Prob: 308.58059053205903 Prob: 2.0008799686783405e-5 Frac: 0.2036172382332421
Step: 41800 Walker: 26 Trial Log Prob: 198.84422886874736 Prob: 2.8135257407996e-49 Frac: 0.20304682809685812
Step: 41873 Walker: 9 Trial Log Prob: 324.68929119244547 Prob: 0.006677056889656018 Frac: 0.20227475979728954
Number of steps: 42000 Acceptance Rate: 0.20112
Step: 42378 Walker: 24 Trial Log Prob: 334.7119195075936 Prob: 0.8590306056507871 Frac: 0.20287167532054678
Step: 42421 Walker: 44 Trial Log Prob: 331.2579928292031 Prob: 0.04277764669962281 Frac: 0.2031933092567953
Step: 42503 Walker: 37 Trial Log Prob: 317.5155438723451 Prob: 0.39477087496589397 Frac: 0.20420097863706888
Step: 42559 Walker: 25 Trial Log Prob: -Inf Prob: 0.0 Frac: 0.20429722470904207
Step: 42649 Walker: 25 Trial Log Prob: -Inf Prob: 0.0 Frac: 0.20397841171935235
Step: 42768 Walker: 12 Trial Log Prob: 324.289925117064 Prob: 0.013531135103994577 Frac: 0.20358688285282311
Step: 42892 Walker: 19 Trial Log Prob: 337.3246219149168 Prob: 0.11342210261890535 Frac: 0.2033027440597725
Number of steps: 43000 Acceptance Rate: 0.20292
Step: 43171 Walker: 24 Trial Log Prob: 320.469814624995 Prob: 3.4988737024342764e-11 Frac: 0.1987329892069451
Step: 43320 Walker: 14 Trial Log Prob: 306.37674651507547 Prob: 5.08700526190266e-13 Frac: 0.1978827361563518
Step: 43994 Walker: 29 Trial Log Prob: 203.4275963621327 Prob: 6.452566041142752e-52 Frac: 0.19666257372330362
Number of steps: 44000 Acceptance Rate: 0.19668
Step: 44389 Walker: 45 Trial Log Prob: 302.2204384626679 Prob: 4.159468858913716e-14 Frac: 0.19516585240421702
Step: 44633 Walker: 50 Trial Log Prob: 313.23873523922236 Prob: 0.05522111506615789 Frac: 0.19557661927330175
Step: 44713 Walker: 44 Trial Log Prob: 276.90235727328275 Prob: 2.632257235221827e-25 Frac: 0.19635843339692516
Number of steps: 45000 Acceptance Rate: 0.19548
Step: 45094 Walker: 23 Trial Log Prob: 310.70652732058755 Prob: 0.4202477746797942 Frac: 0.20094157928525572
Step: 45236 Walker: 22 Trial Log Prob: 324.17554251854403 Prob: 0.028196100642899107 Frac: 0.19529391777098198
Step: 45292 Walker: 26 Trial Log Prob: -Inf Prob: 0.0 Frac: 0.19895718990120748
Step: 45360 Walker: 29 Trial Log Prob: 312.6252757653662 Prob: 0.14635482350958637 Frac: 0.2007341898882029
Step: 45392 Walker: 13 Trial Log Prob: 331.23334035922437 Prob: 8.200867720925344e-9 Frac: 0.2007872003271482
Step: 45565 Walker: 5 Trial Log Prob: 326.7443452367139 Prob: 1.0183968826485281 Frac: 0.20212728239673816
Step: 45776 Walker: 36 Trial Log Prob: 333.3256273172688 Prob: 0.30360721789162076 Frac: 0.2040684783169185
Number of steps: 46000 Acceptance Rate: 0.20476
Step: 46249 Walker: 13 Trial Log Prob: 246.894144236507 Prob: 4.347447343200973e-33 Frac: 0.20760493031499236
Step: 46432 Walker: 43 Trial Log Prob: -15.373957842382708 Prob: 3.329264616860424e-147 Frac: 0.2065947297735377
Step: 46998 Walker: 35 Trial Log Prob: 329.1356677912453 Prob: 1.115735727003841 Frac: 0.20785807356920918
Number of steps: 47000 Acceptance Rate: 0.20786
Step: 47255 Walker: 48 Trial Log Prob: 323.53022121018233 Prob: 0.42565619485095146 Frac: 0.20599309695638532
Step: 47330 Walker: 39 Trial Log Prob: 336.64312465541394 Prob: 3.384352829570933 Frac: 0.20577354600036388
Step: 47512 Walker: 49 Trial Log Prob: 334.8152544379235 Prob: 0.016430888169896508 Frac: 0.20571116059221065
Number of steps: 48000 Acceptance Rate: 0.21348
Step: 48038 Walker: 39 Trial Log Prob: 317.219998875103 Prob: 0.23354012417005263 Frac: 0.21281101111699313
Step: 48352 Walker: 45 Trial Log Prob: 330.34194658494215 Prob: 0.0005305258379966358 Frac: 0.20824097755044046
Step: 48587 Walker: 17 Trial Log Prob: 333.54287064630057 Prob: 1.6986313318094632 Frac: 0.20629668792850564
Step: 48760 Walker: 48 Trial Log Prob: 329.53779409249034 Prob: 1.322531072360433 Frac: 0.20619506289804726
Step: 48877 Walker: 49 Trial Log Prob: 331.74077839084777 Prob: 0.6668210439243758 Frac: 0.20680061118839654
Number of steps: 49000 Acceptance Rate: 0.20696
Step: 49511 Walker: 50 Trial Log Prob: 316.0543749466208 Prob: 1.322007602376424e-6 Frac: 0.22356164383561644
Step: 49528 Walker: 2 Trial Log Prob: 330.9648103849122 Prob: 0.9299291570264817 Frac: 0.223816029143898
Step: 49576 Walker: 28 Trial Log Prob: 324.8906266216291 Prob: 0.3819198904734498 Frac: 0.2249287650288415
Step: 49795 Walker: 13 Trial Log Prob: 308.47769475595004 Prob: 0.0054011575174209335 Frac: 0.22388134867675571
Step: 49808 Walker: 45 Trial Log Prob: 337.06274835468025 Prob: 2.0764296235561472 Frac: 0.22364153979452903
Step: 49818 Walker: 47 Trial Log Prob: 337.9563987045312 Prob: 0.058679578588041625 Frac: 0.2235616304374404
Number of steps: 50000 Acceptance Rate: 0.2234
Burn-in Number (ends): 6869
Independent Sample Size: 1046.5730114895468
18308.678927 seconds (163.15 M allocations: 1.499 TiB, 7.32% gc time)
