args = ["mcmc", "10.0", "25", "pppp"]
Parameters from fit: [2.4198186009363986e-6, 224.70077969988662, 2.433503768728272e6, 0.006360904593878242, -0.0010351377442712137, 3.150488405200275e-6, 365.2564613976902, 2.4336244074747316e6, 0.018005875507143707, 0.0014281755348518994, 8.475920006395274e-5, 1733.963325128053, 2.4394030807730546e6, 0.2812658473958759, 0.012031512872381167, 0.0008656617886151642, 4212.418338722589, 2.43904393582362e6, 0.029818026430824682, -0.04339905119238843]
Maximum log Prob from fit: -190.04575555843223
Step: 38 Walker: 25 Trial Log Prob: 438.68181277950737 Prob: 1.6936184237693081e-16 Frac: 0.3616
Step: 257 Walker: 28 Trial Log Prob: 522.5106195959495 Prob: 0.0006467240076318002 Frac: 0.325148113501715
Step: 265 Walker: 39 Trial Log Prob: 520.8091009862824 Prob: 0.0065907143120923885 Frac: 0.32396706699901806
Step: 785 Walker: 24 Trial Log Prob: 319.819662967464 Prob: 5.1507248027301105e-83 Frac: 0.30200897409749133
Number of steps: 1000 Acceptance Rate: 0.3003
Step: 1055 Walker: 40 Trial Log Prob: 509.6517615266252 Prob: 1.207917434630572 Frac: 0.2562043795620438
Step: 1077 Walker: 10 Trial Log Prob: 521.5415514410004 Prob: 0.3936040034470222 Frac: 0.2601049868766404
Step: 1574 Walker: 19 Trial Log Prob: 522.0957229754121 Prob: 0.05909823410123559 Frac: 0.2808957410443336
Step: 1654 Walker: 28 Trial Log Prob: 510.2981100685211 Prob: 0.14972099116628665 Frac: 0.28043331905257357
Step: 1770 Walker: 12 Trial Log Prob: 517.0399604224913 Prob: 1.0881205842263406 Frac: 0.2794706463522438
Number of steps: 2000 Acceptance Rate: 0.27898
Step: 2307 Walker: 3 Trial Log Prob: 522.6902975328858 Prob: 0.00042973109688092313 Frac: 0.27818074887277006
Step: 2313 Walker: 22 Trial Log Prob: 519.4474859731524 Prob: 0.28504705869990693 Frac: 0.27832543848418895
Step: 2331 Walker: 38 Trial Log Prob: 520.4842277123703 Prob: 0.003682959417127083 Frac: 0.2794775668158181
Step: 2627 Walker: 25 Trial Log Prob: 519.0237820175369 Prob: 0.36359625007047885 Frac: 0.28060654429369514
Number of steps: 3000 Acceptance Rate: 0.27904
Step: 3379 Walker: 9 Trial Log Prob: 517.7098714997635 Prob: 1.0189581765622504 Frac: 0.2790205722142895
Step: 3407 Walker: 43 Trial Log Prob: 502.3056737259365 Prob: 0.1373672683494375 Frac: 0.28004719067984074
Step: 3738 Walker: 13 Trial Log Prob: 491.2501137129705 Prob: 1.2420543563793605e-5 Frac: 0.2783549900984727
Number of steps: 4000 Acceptance Rate: 0.27772
Step: 4002 Walker: 45 Trial Log Prob: 508.5119571770901 Prob: 0.028727874839204647 Frac: 0.3263157894736842
Step: 4189 Walker: 16 Trial Log Prob: 518.6679628283243 Prob: 0.9677064520539037 Frac: 0.2787807986406117
Step: 4346 Walker: 40 Trial Log Prob: 517.835243826429 Prob: 0.10469328635447334 Frac: 0.28160786581839214
Step: 4423 Walker: 12 Trial Log Prob: 519.63721646823 Prob: 1.1623222735628331 Frac: 0.2829196665403562
Step: 4543 Walker: 25 Trial Log Prob: 519.5384280146098 Prob: 0.5331193703484253 Frac: 0.28368663594470045
Step: 4565 Walker: 19 Trial Log Prob: 511.20391670910766 Prob: 0.25526470862850975 Frac: 0.28399305432510014
Step: 4674 Walker: 15 Trial Log Prob: 511.7022234383595 Prob: 0.26628106011722485 Frac: 0.28213277885043814
Step: 4721 Walker: 19 Trial Log Prob: 497.63806491135153 Prob: 0.00033273763919928546 Frac: 0.2814903245509314
Number of steps: 5000 Acceptance Rate: 0.28246
Step: 5046 Walker: 18 Trial Log Prob: 524.6008669836397 Prob: 1.2784072404819815 Frac: 0.26807760141093473
Step: 5120 Walker: 7 Trial Log Prob: 492.6337550254161 Prob: 7.4310467236364375e-6 Frac: 0.2791673661238879
Number of steps: 6000 Acceptance Rate: 0.28044
Step: 6080 Walker: 14 Trial Log Prob: 157.75865133337643 Prob: 9.88936827027045e-151 Frac: 0.2908678102926337
Step: 6117 Walker: 4 Trial Log Prob: 513.1772092835205 Prob: 0.011373291277622183 Frac: 0.28187456926257753
Step: 6638 Walker: 17 Trial Log Prob: 491.7126979157342 Prob: 4.845702879735456e-8 Frac: 0.2828945303919415
Number of steps: 7000 Acceptance Rate: 0.28082
Step: 7020 Walker: 23 Trial Log Prob: 520.936509869425 Prob: 0.9487966576633802 Frac: 0.2795477903391572
Step: 7087 Walker: 40 Trial Log Prob: 510.8364504810766 Prob: 0.052859149559153475 Frac: 0.2707373271889401
Number of steps: 8000 Acceptance Rate: 0.2784
Step: 8104 Walker: 27 Trial Log Prob: 498.16903923419994 Prob: 0.0005519222419823472 Frac: 0.2835619084411822
Step: 8147 Walker: 21 Trial Log Prob: 488.741030843717 Prob: 1.0531308161277273e-9 Frac: 0.2838410053271411
Step: 8570 Walker: 7 Trial Log Prob: 516.3659430198518 Prob: 1.190260452208931e-5 Frac: 0.2879080718276698
Step: 8631 Walker: 4 Trial Log Prob: 510.2977588421839 Prob: 0.9290806046883084 Frac: 0.2864715591670899
Number of steps: 9000 Acceptance Rate: 0.28518
Step: 9239 Walker: 32 Trial Log Prob: 488.0968783012528 Prob: 4.0962308799281166e-9 Frac: 0.2857861213543413
Step: 9300 Walker: 2 Trial Log Prob: 518.1748196737 Prob: 1.3047609351175946e-5 Frac: 0.2882557517388978
Step: 9616 Walker: 28 Trial Log Prob: 526.4325896779029 Prob: 1.184764152752442e-5 Frac: 0.281499772564819
Step: 9633 Walker: 9 Trial Log Prob: 523.5485681598087 Prob: 1.1753690594547328 Frac: 0.28181846942326555
Step: 9635 Walker: 30 Trial Log Prob: 520.3961619511863 Prob: 1.039096773592507 Frac: 0.2818468326504885
Number of steps: 10000 Acceptance Rate: 0.27988
Step: 10165 Walker: 8 Trial Log Prob: 500.9066637865661 Prob: 0.003802104888739756 Frac: 0.2791179337231969
Step: 10231 Walker: 48 Trial Log Prob: 526.5476105657117 Prob: 0.40788144416390787 Frac: 0.2777104260478005
Step: 10374 Walker: 20 Trial Log Prob: 510.2345349832995 Prob: 2.1452526172838913 Frac: 0.28168184252811995
Step: 10518 Walker: 38 Trial Log Prob: 524.1275651295678 Prob: 0.0005978174210634421 Frac: 0.2822929542645241
Step: 10584 Walker: 29 Trial Log Prob: 479.24510568830414 Prob: 4.40453407831821e-13 Frac: 0.2823606018026663
Number of steps: 11000 Acceptance Rate: 0.27952
Step: 11191 Walker: 11 Trial Log Prob: -Inf Prob: 0.0 Frac: 0.28430238671012514
Step: 11294 Walker: 23 Trial Log Prob: 518.1146204315216 Prob: 0.00016240672389840067 Frac: 0.2828324132760853
Step: 11474 Walker: 15 Trial Log Prob: 513.6588029549563 Prob: 0.47243348634417787 Frac: 0.28341432495246144
Step: 11492 Walker: 50 Trial Log Prob: 517.1805175000131 Prob: 0.08234512189483817 Frac: 0.28341463414634144
Step: 11721 Walker: 45 Trial Log Prob: 501.43652293437054 Prob: 4.6086397798929795e-5 Frac: 0.2800388403384658
Number of steps: 12000 Acceptance Rate: 0.27978
Step: 12166 Walker: 42 Trial Log Prob: 516.2912311385253 Prob: 1.4326708565399515 Frac: 0.282561505065123
Step: 12311 Walker: 26 Trial Log Prob: 503.4360808180462 Prob: 0.06839138164754666 Frac: 0.27811413113487055
Step: 12495 Walker: 44 Trial Log Prob: 521.5061999698202 Prob: 8.980695256901974e-7 Frac: 0.2803912059489169
Step: 12542 Walker: 15 Trial Log Prob: 499.55754504359305 Prob: 1.5191787120776534e-5 Frac: 0.27844079068908184
Step: 12762 Walker: 22 Trial Log Prob: 490.73829092142773 Prob: 7.67756479677956e-7 Frac: 0.27597709602857745
Step: 12878 Walker: 26 Trial Log Prob: 515.6438862226877 Prob: 1.1735755332555529 Frac: 0.2755492752301942
Number of steps: 13000 Acceptance Rate: 0.27618
Step: 13125 Walker: 38 Trial Log Prob: 506.87150461109604 Prob: 0.01891466185680559 Frac: 0.2864700224430907
Step: 13341 Walker: 6 Trial Log Prob: 508.0546620297161 Prob: 0.015934581911847122 Frac: 0.29054451370104667
Step: 13500 Walker: 16 Trial Log Prob: 438.7613758143676 Prob: 8.280886914898516e-30 Frac: 0.28727068813586476
Step: 13605 Walker: 38 Trial Log Prob: 406.9745985761059 Prob: 6.9662308723725524e-43 Frac: 0.2878166545406442
Step: 13636 Walker: 1 Trial Log Prob: 494.53364052727096 Prob: 1.3690265313695761e-5 Frac: 0.2883058801297597
Step: 13749 Walker: 26 Trial Log Prob: 497.31175715594037 Prob: 2.0446037422194325e-5 Frac: 0.2866456474108908
Step: 13798 Walker: 42 Trial Log Prob: 520.7195598393945 Prob: 0.20751647458216194 Frac: 0.2862228015642234
Number of steps: 14000 Acceptance Rate: 0.28596
Step: 14030 Walker: 9 Trial Log Prob: 502.90297644871816 Prob: 0.0003099157523726444 Frac: 0.26799177518848527
Step: 14033 Walker: 50 Trial Log Prob: 505.7158176508718 Prob: 0.007003551622092203 Frac: 0.27151515151515154
Step: 14250 Walker: 25 Trial Log Prob: 524.4902633482569 Prob: 0.00012336574934619242 Frac: 0.2776753507014028
Step: 14307 Walker: 44 Trial Log Prob: 521.5521720627798 Prob: 0.007800336935894537 Frac: 0.28043534932221065
Step: 14315 Walker: 43 Trial Log Prob: 513.8325421268582 Prob: 6.3437904477835865 Frac: 0.2803150606618815
Step: 14924 Walker: 18 Trial Log Prob: 520.6570203335166 Prob: 7.694985292649379 Frac: 0.2830098769710622
Step: 14981 Walker: 22 Trial Log Prob: 518.6968136919404 Prob: 0.014546233463528877 Frac: 0.2827506017706336
Number of steps: 15000 Acceptance Rate: 0.28286
Step: 15029 Walker: 17 Trial Log Prob: 507.33933473181565 Prob: 0.0501935207423043 Frac: 0.292166549047283
Step: 15440 Walker: 18 Trial Log Prob: 504.00541553356527 Prob: 0.01094870626263996 Frac: 0.28181900946831756
Step: 15681 Walker: 5 Trial Log Prob: 520.1397589165229 Prob: 1.6432696007251804 Frac: 0.28442876047640053
Step: 15843 Walker: 16 Trial Log Prob: 502.26038072140375 Prob: 1.6770875636475411e-6 Frac: 0.28300408395859056
Step: 15908 Walker: 2 Trial Log Prob: 522.3137220684157 Prob: 0.17449835652224424 Frac: 0.2810680896101605
Step: 15933 Walker: 6 Trial Log Prob: 524.1242187192615 Prob: 0.03415239576413165 Frac: 0.280672016478565
Step: 15962 Walker: 9 Trial Log Prob: 447.037028722641 Prob: 1.4866033342401067e-29 Frac: 0.2798019101521047
Step: 15986 Walker: 48 Trial Log Prob: 503.94506837713647 Prob: 0.0006986282137255095 Frac: 0.27913911314860645
Number of steps: 16000 Acceptance Rate: 0.27936
Step: 16025 Walker: 5 Trial Log Prob: 519.2400278100802 Prob: 0.9443212145726168 Frac: 0.2680497925311203
Step: 16201 Walker: 2 Trial Log Prob: 467.9402954554622 Prob: 1.5647432980719085e-18 Frac: 0.27484503099380125
Step: 16254 Walker: 12 Trial Log Prob: 523.978694671663 Prob: 0.3263059790408084 Frac: 0.2779971568472595
Step: 16264 Walker: 12 Trial Log Prob: 520.1744277540057 Prob: 1.180459415473541 Frac: 0.2773894544901991
Step: 16505 Walker: 11 Trial Log Prob: 523.3099399406758 Prob: 0.5599514421859279 Frac: 0.28094879219388363
Step: 16513 Walker: 28 Trial Log Prob: 525.2039689318307 Prob: 1.5607308384665788 Frac: 0.2807476197908538
Number of steps: 17000 Acceptance Rate: 0.2833
Step: 17251 Walker: 34 Trial Log Prob: 472.75909428921494 Prob: 3.0647848003393005e-12 Frac: 0.2834689644167863
Step: 17308 Walker: 20 Trial Log Prob: 517.2593418462113 Prob: 0.2639978992628292 Frac: 0.2806766428106701
Step: 17405 Walker: 14 Trial Log Prob: 473.9316906291713 Prob: 5.3508137168567673e-17 Frac: 0.28435737607598693
Number of steps: 18000 Acceptance Rate: 0.27986
Step: 18122 Walker: 27 Trial Log Prob: 497.222015265456 Prob: 0.0002805706862846625 Frac: 0.2675662333388185
Step: 18331 Walker: 37 Trial Log Prob: 521.0542742719559 Prob: 0.43299658071018715 Frac: 0.27991776017415493
Step: 18369 Walker: 33 Trial Log Prob: 484.66655797759734 Prob: 1.8149300682800003e-7 Frac: 0.2812347420387349
Step: 18429 Walker: 40 Trial Log Prob: 519.8780664741319 Prob: 2.6374845529247266 Frac: 0.2810167910447761
Step: 18651 Walker: 33 Trial Log Prob: 521.8426844897598 Prob: 2.006407980138322 Frac: 0.28112992960993455
Step: 18698 Walker: 45 Trial Log Prob: 513.8464964610815 Prob: 0.43166996314021544 Frac: 0.28204613841524573
Step: 18881 Walker: 5 Trial Log Prob: 518.3714464804312 Prob: 0.004075215762449521 Frac: 0.28110441995227814
Number of steps: 19000 Acceptance Rate: 0.2815
Step: 19217 Walker: 41 Trial Log Prob: 447.8871562237052 Prob: 1.3643764923844752e-23 Frac: 0.27368323955354673
Step: 19316 Walker: 2 Trial Log Prob: 495.64533256567626 Prob: 2.4933105898221392e-5 Frac: 0.27640934484509905
Step: 19409 Walker: 41 Trial Log Prob: 512.7943521712333 Prob: 0.8462602230717715 Frac: 0.27797074507118047
Step: 19509 Walker: 5 Trial Log Prob: 523.0102478601933 Prob: 0.016784187495229756 Frac: 0.2802597913796497
Step: 19646 Walker: 49 Trial Log Prob: 513.4804037856113 Prob: 1.1036093117408623 Frac: 0.2822997616025264
Step: 19822 Walker: 41 Trial Log Prob: 508.94226188506445 Prob: 0.06838705405191083 Frac: 0.28288432990192497
Step: 19864 Walker: 21 Trial Log Prob: 512.5528369064873 Prob: 0.40075783694197425 Frac: 0.28343100692594564
Number of steps: 20000 Acceptance Rate: 0.28422
Step: 20321 Walker: 32 Trial Log Prob: 518.5831745071123 Prob: 0.8066038392509682 Frac: 0.2791916167664671
Step: 20363 Walker: 35 Trial Log Prob: 524.3372470209265 Prob: 0.0003208734068922644 Frac: 0.2803970223325062
Step: 20403 Walker: 49 Trial Log Prob: 512.6389320846961 Prob: 1.5362461950744781 Frac: 0.2822968881830364
Step: 20749 Walker: 16 Trial Log Prob: 512.6857649174245 Prob: 0.07612586426139485 Frac: 0.2829538165490699
Step: 20831 Walker: 45 Trial Log Prob: 523.045115096554 Prob: 1.4093140375900644 Frac: 0.28386087375135394
Step: 20984 Walker: 14 Trial Log Prob: 517.1515937102432 Prob: 9.929805139379788 Frac: 0.28539175006102024
Number of steps: 21000 Acceptance Rate: 0.2861
Step: 21078 Walker: 24 Trial Log Prob: 502.6358868782532 Prob: 0.005611683537961944 Frac: 0.294011357769747
Step: 21507 Walker: 44 Trial Log Prob: 471.64859475736034 Prob: 2.287476758902939e-16 Frac: 0.28128945707070707
Step: 21600 Walker: 18 Trial Log Prob: 470.05009013872126 Prob: 5.638379689999325e-12 Frac: 0.2809329951948745
Step: 21636 Walker: 49 Trial Log Prob: -Inf Prob: 0.0 Frac: 0.2811723639108148
Step: 21674 Walker: 25 Trial Log Prob: 499.0781208595977 Prob: 0.0015352237404441073 Frac: 0.281365998515219
Step: 21940 Walker: 9 Trial Log Prob: 499.71419163190967 Prob: 2.6623839194839335e-8 Frac: 0.27726314444515426
Number of steps: 22000 Acceptance Rate: 0.27742
Step: 22036 Walker: 32 Trial Log Prob: 519.4913964031023 Prob: 0.39499896138352897 Frac: 0.2783389450056117
Step: 22355 Walker: 26 Trial Log Prob: 398.03898721540224 Prob: 5.717719902558996e-49 Frac: 0.28009703260746927
Step: 22915 Walker: 26 Trial Log Prob: 521.5792646582529 Prob: 1.1984818727405881 Frac: 0.28069369724008225
Number of steps: 23000 Acceptance Rate: 0.28084
Step: 23087 Walker: 16 Trial Log Prob: 512.0713890958949 Prob: 0.30111076805006654 Frac: 0.2856811862835959
Step: 23228 Walker: 44 Trial Log Prob: 507.1585212282269 Prob: 0.26784972555547554 Frac: 0.2825171142706688
Step: 23295 Walker: 26 Trial Log Prob: 515.9366695478919 Prob: 2.961569708945715 Frac: 0.2799130789080538
Step: 23577 Walker: 34 Trial Log Prob: 508.3009450477344 Prob: 0.014355628369597175 Frac: 0.28199347991953944
Step: 23642 Walker: 40 Trial Log Prob: 499.6806101702117 Prob: 0.004807395858027161 Frac: 0.2816453723901527
Number of steps: 24000 Acceptance Rate: 0.28084
Step: 24275 Walker: 3 Trial Log Prob: 519.709612616591 Prob: 1.3560809383623955 Frac: 0.27665474713566374
Step: 24491 Walker: 2 Trial Log Prob: 524.6298147671479 Prob: 0.005724690349003922 Frac: 0.2797322667537344
Step: 24643 Walker: 12 Trial Log Prob: 495.3707203587498 Prob: 9.472108658113002e-7 Frac: 0.28241778774289983
Number of steps: 25000 Acceptance Rate: 0.2787
Step: 25039 Walker: 49 Trial Log Prob: 519.109198598398 Prob: 1.013347496925196 Frac: 0.26475115443817343
Step: 25097 Walker: 25 Trial Log Prob: 515.3506683553393 Prob: 0.017327853345781116 Frac: 0.2766839378238342
Step: 25734 Walker: 43 Trial Log Prob: 515.259101727141 Prob: 1.1258528359464404 Frac: 0.27839097375521216
Step: 25897 Walker: 43 Trial Log Prob: 522.8372300039181 Prob: 2.346547755195007 Frac: 0.28176080993689095
Step: 25931 Walker: 45 Trial Log Prob: 501.4068901173632 Prob: 0.024514859941794847 Frac: 0.28161993769470406
Number of steps: 26000 Acceptance Rate: 0.28268
Step: 26204 Walker: 12 Trial Log Prob: 516.340055811847 Prob: 1.2645692799965658 Frac: 0.2736666010627829
Step: 26836 Walker: 27 Trial Log Prob: 520.933845615318 Prob: 0.36397594556137247 Frac: 0.27814347607535245
Number of steps: 27000 Acceptance Rate: 0.27948
Step: 27790 Walker: 44 Trial Log Prob: 519.0982628953568 Prob: 0.004622335432319331 Frac: 0.2816883577252241
Step: 27822 Walker: 30 Trial Log Prob: 491.322882846846 Prob: 4.7165475305247475e-8 Frac: 0.280842259006816
Number of steps: 28000 Acceptance Rate: 0.28124
Step: 28770 Walker: 26 Trial Log Prob: 521.0761557387186 Prob: 0.5915642030018737 Frac: 0.2770038465536958
Step: 28802 Walker: 3 Trial Log Prob: 498.1718045245728 Prob: 0.0013838256889025825 Frac: 0.27698299752827504
Number of steps: 29000 Acceptance Rate: 0.2773
Step: 29167 Walker: 48 Trial Log Prob: 524.0061229310622 Prob: 1.1445162812833582e-5 Frac: 0.27791087685673216
Step: 29186 Walker: 26 Trial Log Prob: 342.5294606953907 Prob: 1.4655395254664289e-69 Frac: 0.28007761966364814
Step: 29247 Walker: 47 Trial Log Prob: 500.431658101458 Prob: 4.979090362278399e-5 Frac: 0.28039199805620796
Step: 29522 Walker: 19 Trial Log Prob: 519.5039008816294 Prob: 16.540265274242927 Frac: 0.2804480417353945
Step: 29564 Walker: 22 Trial Log Prob: 522.5864429069055 Prob: 0.07768012194505067 Frac: 0.27967485446542667
Step: 29571 Walker: 38 Trial Log Prob: 522.2738725643857 Prob: 0.0031771549477094623 Frac: 0.2791716308080454
Step: 29654 Walker: 45 Trial Log Prob: 523.1402550619407 Prob: 1.0756553167472749 Frac: 0.27845236274659735
Step: 29808 Walker: 25 Trial Log Prob: 516.6469427875351 Prob: 0.3333885540693087 Frac: 0.27893498452012383
Step: 29924 Walker: 13 Trial Log Prob: 524.8468178953593 Prob: 0.013170460446722647 Frac: 0.28063600719190696
Number of steps: 30000 Acceptance Rate: 0.28058
Step: 30166 Walker: 12 Trial Log Prob: 518.7454350848476 Prob: 0.02920886461749872 Frac: 0.285282014040184
Step: 30317 Walker: 2 Trial Log Prob: -Inf Prob: 0.0 Frac: 0.28047082647766103
Step: 30464 Walker: 28 Trial Log Prob: 521.8067890894306 Prob: 0.44616891422106925 Frac: 0.28220726551039776
Step: 30825 Walker: 12 Trial Log Prob: 505.60788433233216 Prob: 2.5223923650546256 Frac: 0.28045229544792777
Number of steps: 31000 Acceptance Rate: 0.28004
Step: 31020 Walker: 33 Trial Log Prob: 511.7048610417455 Prob: 0.2816230390787679 Frac: 0.2706002034587996
Step: 31054 Walker: 20 Trial Log Prob: 505.0923946710401 Prob: 0.025843324440294486 Frac: 0.2760299625468165
Step: 31078 Walker: 5 Trial Log Prob: 522.4285586707491 Prob: 0.42413664377968247 Frac: 0.2856031128404669
Step: 31130 Walker: 45 Trial Log Prob: 499.27545854829606 Prob: 4.689743016002674e-5 Frac: 0.28329484218629714
Step: 31272 Walker: 8 Trial Log Prob: 517.6016042074133 Prob: 0.49626919917744267 Frac: 0.28411270098834635
Step: 31462 Walker: 24 Trial Log Prob: 523.6976393463478 Prob: 0.004802148521795434 Frac: 0.285949553610124
Step: 31475 Walker: 2 Trial Log Prob: 512.1050201162445 Prob: 0.3973828144737896 Frac: 0.2859674289089528
Step: 31732 Walker: 50 Trial Log Prob: 505.213444517849 Prob: 0.0001456630815799541 Frac: 0.285
Number of steps: 32000 Acceptance Rate: 0.28296
Step: 32077 Walker: 31 Trial Log Prob: 518.3373601216889 Prob: 0.005831768819841636 Frac: 0.29182980944923
Step: 32179 Walker: 39 Trial Log Prob: 495.5541133168333 Prob: 0.24754699678612538 Frac: 0.2899653205056494
Step: 32231 Walker: 37 Trial Log Prob: 519.3950284608886 Prob: 0.5458353364542908 Frac: 0.28334922423506975
Step: 32484 Walker: 12 Trial Log Prob: 523.0567893662715 Prob: 1.6967882889725594 Frac: 0.28193030378279943
Step: 32680 Walker: 16 Trial Log Prob: 525.9635567593207 Prob: 0.04173379340588042 Frac: 0.2808102219866926
Number of steps: 33000 Acceptance Rate: 0.28146
Step: 33096 Walker: 32 Trial Log Prob: 513.8848434570792 Prob: 0.05506460416854283 Frac: 0.2708071936428273
Step: 33139 Walker: 14 Trial Log Prob: 520.7240807563318 Prob: 0.7875026213963796 Frac: 0.2762510847555684
Step: 33375 Walker: 7 Trial Log Prob: 520.9772739644003 Prob: 0.3352424458693667 Frac: 0.2818730956326509
Step: 33678 Walker: 31 Trial Log Prob: 523.7753643984643 Prob: 0.006029674771900725 Frac: 0.28157374339600366
Step: 33842 Walker: 12 Trial Log Prob: 526.1337917951523 Prob: 0.13190082071902132 Frac: 0.28110883933241404
Number of steps: 34000 Acceptance Rate: 0.28278
Step: 34171 Walker: 17 Trial Log Prob: 525.8370180862053 Prob: 0.0009562618365761592 Frac: 0.2774451097804391
Step: 34315 Walker: 32 Trial Log Prob: 486.391346110197 Prob: 7.603340305352032e-9 Frac: 0.2763793541825578
Step: 34335 Walker: 25 Trial Log Prob: 498.23318361309606 Prob: 6.811614157258079e-6 Frac: 0.27623318385650225
Step: 34434 Walker: 35 Trial Log Prob: 483.7518699567058 Prob: 3.270642848399437e-10 Frac: 0.27774959649527325
Step: 34681 Walker: 31 Trial Log Prob: 498.6949007803858 Prob: 6.503909274010909e-5 Frac: 0.27859892451000556
Step: 34920 Walker: 7 Trial Log Prob: 507.55847972740406 Prob: 0.002264453617324801 Frac: 0.2808494897404095
Number of steps: 35000 Acceptance Rate: 0.28234
Step: 35459 Walker: 27 Trial Log Prob: 498.7156879208469 Prob: 2.195652348646854e-7 Frac: 0.28590744537008767
Step: 35639 Walker: 49 Trial Log Prob: 519.2172224650889 Prob: 0.6136985390006708 Frac: 0.2842655482174716
Step: 35925 Walker: 41 Trial Log Prob: 523.6325273288601 Prob: 0.7380794449814421 Frac: 0.28394714647174585
Number of steps: 36000 Acceptance Rate: 0.28386
Step: 36154 Walker: 1 Trial Log Prob: 518.8396878092227 Prob: 0.2056007917826511 Frac: 0.28689060253561627
Step: 36270 Walker: 38 Trial Log Prob: 496.9855479180597 Prob: 1.4237009825505717e-5 Frac: 0.2872924080664294
Step: 36298 Walker: 48 Trial Log Prob: 464.88003641637584 Prob: 2.469503098751914e-19 Frac: 0.28896496173983083
Step: 36397 Walker: 7 Trial Log Prob: 503.88439621745306 Prob: 0.26238201351313495 Frac: 0.2915131014287878
Step: 36592 Walker: 19 Trial Log Prob: 526.7295940369527 Prob: 0.00024503075549285857 Frac: 0.2897291081876289
Number of steps: 37000 Acceptance Rate: 0.2876
Step: 37038 Walker: 30 Trial Log Prob: 521.7635626166249 Prob: 0.012318810681496557 Frac: 0.2936170212765957
Step: 37414 Walker: 16 Trial Log Prob: 297.2525668518381 Prob: 1.3006068575922464e-91 Frac: 0.28829962256846997
Step: 37509 Walker: 15 Trial Log Prob: 496.55916693519686 Prob: 2.090713360452889e-6 Frac: 0.28483179224867206
Step: 37575 Walker: 48 Trial Log Prob: 519.8747728564741 Prob: 1.0805598279815627 Frac: 0.2836371225824405
Step: 37981 Walker: 4 Trial Log Prob: 508.5035919792553 Prob: 8.892465968697431e-5 Frac: 0.28281364786548036
Number of steps: 38000 Acceptance Rate: 0.28294
Step: 38395 Walker: 14 Trial Log Prob: 464.6312834259792 Prob: 7.431729984026827e-18 Frac: 0.2889824490210003
Step: 38676 Walker: 46 Trial Log Prob: 522.6824238635953 Prob: 0.09800774650361399 Frac: 0.28746005444431294
Step: 38735 Walker: 41 Trial Log Prob: 515.8181801836515 Prob: 1.366283373805229 Frac: 0.2866280177458425
Number of steps: 39000 Acceptance Rate: 0.28774
Step: 39145 Walker: 44 Trial Log Prob: 509.62360294123926 Prob: 0.036812434373267644 Frac: 0.27650469353948093
Step: 39220 Walker: 18 Trial Log Prob: 517.8844450965242 Prob: 1.072769680145088 Frac: 0.28200218818380746
Step: 39507 Walker: 4 Trial Log Prob: 520.8648037355559 Prob: 0.22102217317863157 Frac: 0.2790072715776162
Step: 39810 Walker: 42 Trial Log Prob: 503.81770685518325 Prob: 0.0049499195735204565 Frac: 0.2803516744048207
Number of steps: 40000 Acceptance Rate: 0.2806
Step: 40136 Walker: 19 Trial Log Prob: 499.61461394054714 Prob: 4.0401253529703086e-5 Frac: 0.280986851824494
Step: 40184 Walker: 43 Trial Log Prob: 520.1278524175174 Prob: 0.3227166153550803 Frac: 0.2814097683019689
Step: 40192 Walker: 25 Trial Log Prob: 513.8958801677129 Prob: 0.07307358889618659 Frac: 0.2814621409921671
Step: 40303 Walker: 24 Trial Log Prob: 476.7783630476497 Prob: 1.2525257112205701e-14 Frac: 0.2825971965088601
Step: 40495 Walker: 48 Trial Log Prob: 503.20527869858694 Prob: 0.00011083010105931277 Frac: 0.27957814772910944
Step: 40752 Walker: 10 Trial Log Prob: 517.1762448360433 Prob: 2.711855312247912 Frac: 0.28149627263045796
Step: 40758 Walker: 9 Trial Log Prob: 467.91878545327603 Prob: 4.535709811376195e-15 Frac: 0.2817559893288254
Step: 40912 Walker: 23 Trial Log Prob: 499.3978415827231 Prob: 0.006036888238089672 Frac: 0.2820529699602835
Step: 40976 Walker: 21 Trial Log Prob: 497.17141424724974 Prob: 1.119162610548853e-7 Frac: 0.2825244510057206
Number of steps: 41000 Acceptance Rate: 0.28254
Step: 41058 Walker: 5 Trial Log Prob: 513.3268522703081 Prob: 1.1249225872018018 Frac: 0.27950963222416814
Step: 41153 Walker: 20 Trial Log Prob: 524.1152933620234 Prob: 0.15249189956462694 Frac: 0.27795275590551183
Step: 41211 Walker: 40 Trial Log Prob: 519.9345843481188 Prob: 0.6942221363229991 Frac: 0.27514231499051234
Step: 41293 Walker: 8 Trial Log Prob: 522.9325724479337 Prob: 0.10938305509708393 Frac: 0.2762185104052574
Step: 41422 Walker: 11 Trial Log Prob: 513.5739602801615 Prob: 0.10302186171515174 Frac: 0.2760077869047054
Step: 41430 Walker: 3 Trial Log Prob: 517.1555941577063 Prob: 4.489159027320901 Frac: 0.27613853540297395
Step: 41442 Walker: 47 Trial Log Prob: 510.5801874816026 Prob: 0.7385265325706682 Frac: 0.27628184821468976
Step: 41919 Walker: 12 Trial Log Prob: 525.5073727625205 Prob: 0.042159328106418294 Frac: 0.2792951733751525
Step: 41920 Walker: 6 Trial Log Prob: 516.3752445092189 Prob: 1.4642561723181e-9 Frac: 0.2792236051875707
Number of steps: 42000 Acceptance Rate: 0.2809
Step: 42181 Walker: 42 Trial Log Prob: 503.7873210570038 Prob: 0.0002501307319912703 Frac: 0.28522450785224507
Step: 42686 Walker: 20 Trial Log Prob: 516.7280750313888 Prob: 0.9417173344506758 Frac: 0.28587686022760433
Step: 42779 Walker: 10 Trial Log Prob: 510.3356399400166 Prob: 0.6920072816154175 Frac: 0.286455923927011
Step: 42873 Walker: 19 Trial Log Prob: 524.3081163003799 Prob: 0.01493460500124542 Frac: 0.2849217084298127
Number of steps: 43000 Acceptance Rate: 0.28596
Step: 43118 Walker: 11 Trial Log Prob: 525.5748645723578 Prob: 1.0565002098514609 Frac: 0.2808394471933117
Step: 43121 Walker: 33 Trial Log Prob: -Inf Prob: 0.0 Frac: 0.28244654400795627
Step: 43199 Walker: 15 Trial Log Prob: 517.4997700410518 Prob: 0.442010805756424 Frac: 0.28280383257690367
Step: 43465 Walker: 35 Trial Log Prob: 528.5578231882919 Prob: 0.1498095756175214 Frac: 0.2831934581450398
Step: 43619 Walker: 12 Trial Log Prob: 509.77821876681276 Prob: 0.31750251777584004 Frac: 0.28377329192546585
Step: 43805 Walker: 45 Trial Log Prob: 521.6464502671936 Prob: 1.1399710317027993 Frac: 0.2819232202758107
Step: 43808 Walker: 41 Trial Log Prob: 509.7281414565406 Prob: 0.5654025841394856 Frac: 0.28182020747196157
Step: 43875 Walker: 12 Trial Log Prob: 407.53348787248586 Prob: 1.0732612885242875e-44 Frac: 0.28074670571010246
Number of steps: 44000 Acceptance Rate: 0.28264
Step: 44137 Walker: 18 Trial Log Prob: 512.1551990145455 Prob: 0.15794923528737576 Frac: 0.28322088589029043
Step: 44802 Walker: 30 Trial Log Prob: 523.6937195530171 Prob: 0.023850512249643473 Frac: 0.2804890219560878
Step: 44803 Walker: 27 Trial Log Prob: 523.3338080083564 Prob: 0.9810460589329155 Frac: 0.28043462008124204
Step: 44863 Walker: 18 Trial Log Prob: 497.8831086847491 Prob: 0.00171997032145813 Frac: 0.28032376269771325
Step: 44915 Walker: 3 Trial Log Prob: 489.27520379623576 Prob: 1.1331817316969672e-6 Frac: 0.2797846968470341
Number of steps: 45000 Acceptance Rate: 0.279
Step: 45197 Walker: 26 Trial Log Prob: 494.29225146649446 Prob: 0.00012231053815910844 Frac: 0.2829228577244046
Step: 45238 Walker: 43 Trial Log Prob: 516.1728141912341 Prob: 0.29039260806248907 Frac: 0.28537795341797695
Step: 45257 Walker: 44 Trial Log Prob: 486.07655195276936 Prob: 2.9779218426495986e-8 Frac: 0.28417938336966675
Step: 45371 Walker: 37 Trial Log Prob: 525.5702012581482 Prob: 0.011542554008932258 Frac: 0.28640017262771755
Step: 45626 Walker: 30 Trial Log Prob: 522.1111937911976 Prob: 5.9087219860514104e-8 Frac: 0.284079283887468
Step: 45762 Walker: 14 Trial Log Prob: 517.2443752852627 Prob: 7.954840668744097 Frac: 0.2827868852459016
Step: 45925 Walker: 28 Trial Log Prob: 506.64867526551166 Prob: 8.492234687775545e-5 Frac: 0.28127974387816906
Number of steps: 46000 Acceptance Rate: 0.28112
Step: 46070 Walker: 38 Trial Log Prob: 501.5613972640463 Prob: 0.15186233209058592 Frac: 0.2786697247706422
Step: 46239 Walker: 2 Trial Log Prob: 455.68058560619556 Prob: 2.6263567021539216e-21 Frac: 0.2793648126365317
Step: 46275 Walker: 37 Trial Log Prob: 512.4720149522715 Prob: 0.279697772662742 Frac: 0.2793914246196404
Step: 46972 Walker: 4 Trial Log Prob: 488.1087529090332 Prob: 1.350136993822724e-8 Frac: 0.2806977797915723
Step: 46981 Walker: 34 Trial Log Prob: 502.7650114889537 Prob: 3.524771790846172e-5 Frac: 0.2811314598034017
Number of steps: 47000 Acceptance Rate: 0.28152
Step: 47276 Walker: 28 Trial Log Prob: 521.7171211994751 Prob: 0.040270501317788754 Frac: 0.2836405864421542
Step: 47668 Walker: 40 Trial Log Prob: 503.3470489839263 Prob: 0.00045207526373424107 Frac: 0.2846361185983827
Number of steps: 48000 Acceptance Rate: 0.28146
Step: 48165 Walker: 39 Trial Log Prob: 512.2974099428083 Prob: 0.25055683522983707 Frac: 0.2762471173686127
Step: 48585 Walker: 39 Trial Log Prob: 522.9513847806184 Prob: 0.9146105771661713 Frac: 0.2744621909094018
Step: 48604 Walker: 10 Trial Log Prob: 526.5455770049977 Prob: 0.667645606440887 Frac: 0.27526525198938995
Step: 48693 Walker: 30 Trial Log Prob: 517.2625647760467 Prob: 1.0000305510031258 Frac: 0.2767253826162287
Step: 48848 Walker: 19 Trial Log Prob: 498.77749119913756 Prob: 0.0007116013621426637 Frac: 0.279024758667894
Number of steps: 49000 Acceptance Rate: 0.27924
Step: 49112 Walker: 15 Trial Log Prob: 517.9152750134594 Prob: 1.3489411646243845 Frac: 0.28373764600179696
Step: 49481 Walker: 23 Trial Log Prob: 369.3154220475194 Prob: 4.401338033860218e-62 Frac: 0.2861424468217958
Step: 49531 Walker: 8 Trial Log Prob: 519.869834104689 Prob: 1.001124680255252 Frac: 0.2865172778029274
Step: 49664 Walker: 50 Trial Log Prob: 519.4670700849795 Prob: 0.0004597255908655124 Frac: 0.28349397590361447
Step: 49761 Walker: 1 Trial Log Prob: 522.9798630865545 Prob: 0.5248174815342219 Frac: 0.28338727928212415
Step: 49826 Walker: 19 Trial Log Prob: 519.4166465295017 Prob: 0.5131400066278164 Frac: 0.28306961641910394
Step: 49915 Walker: 41 Trial Log Prob: 506.1490536901599 Prob: 0.01829981107196932 Frac: 0.2820664174373101
Number of steps: 50000 Acceptance Rate: 0.28234
Burn-in Number (ends): 3022
Independent Sample Size: 4772.621797202759
11846.499408 seconds (151.82 M allocations: 468.290 GiB, 6.35% gc time)
