args = ["Hpp", "grid", "fromEMB", "100"]
INPUTS/EMBtt_30s30yrs.txt loaded.
Initial parameters: [3.0e-6, 224.70077409575572, 3503.7654869635408, 0.01, 0.01, 3.0e-6, 365.2564266570317, 3624.4026411215773, 0.01, 0.01]
Initial chi-square: 812.3590594043661
New initial 2-planet fit: [2.938008767055439e-6, 224.70077831625917, 3503.7654308067636, 0.0308092086605478, 0.011456636134362206, 3.2595609503293837e-6, 365.25643295059416, 3624.402563146472, 0.03843949377989072, 0.010409256596752825] in 2 iterations.
New 2-planet chi-square: 582.8973683898212
Maximum: -248.35243408387666 Param: [2.938008767055439e-6, 224.70077831625917, 3503.7654308067636, 0.0308092086605478, 0.011456636134362206, 3.2595609503293837e-6, 365.25643295059416, 3624.402563146472, 0.03843949377989072, 0.010409256596752825]
INPUTS/EMBtt_30s29yrs.txt loaded.
Initial parameters: [3.0e-6, 224.70077611938672, 3503.765452657483, 0.01, 0.01, 3.0e-6, 365.25644663237955, 3624.402539252947, 0.01, 0.01]
Initial chi-square: 886.145435735534
New initial 2-planet fit: [2.6413124091154083e-6, 224.70077390846896, 3503.7655037894506, 0.04893502922860945, -0.022984591279111833, 3.466346593905605e-6, 365.2564432145361, 3624.4025471858604, 0.050875609577974386, -0.018204896961974644] in 2 iterations.
New 2-planet chi-square: 656.277313810238
Maximum: -246.49017049518721 Param: [2.6413124091154083e-6, 224.70077390846896, 3503.7655037894506, 0.04893502922860945, -0.022984591279111833, 3.466346593905605e-6, 365.2564432145361, 3624.4025471858604, 0.050875609577974386, -0.018204896961974644]
INPUTS/EMBtt_30s28yrs.txt loaded.
Initial parameters: [3.0e-6, 224.7007850193076, 3503.7653407865805, 0.01, 0.01, 3.0e-6, 365.2564530420449, 3624.4024890500787, 0.01, 0.01]
Initial chi-square: 762.6887678544174
New initial 2-planet fit: [2.82184459599425e-6, 224.70078004574353, 3503.7654331218946, 0.04172168251485649, -0.0057583630827090435, 3.462228786603362e-6, 365.25646239025156, 3624.4023775386213, 0.04584385756798758, -0.0026467562620859264] in 2 iterations.
New 2-planet chi-square: 576.9932323534443
Maximum: -232.06081461567746 Param: [2.82184459599425e-6, 224.70078004574353, 3503.7654331218946, 0.04172168251485649, -0.0057583630827090435, 3.462228786603362e-6, 365.25646239025156, 3624.4023775386213, 0.04584385756798758, -0.0026467562620859264]
INPUTS/EMBtt_30s27yrs.txt loaded.
Initial parameters: [3.0e-6, 224.70078055896343, 3503.7653831565062, 0.01, 0.01, 3.0e-6, 365.2564508653825, 3624.4025258819984, 0.01, 0.01]
Initial chi-square: 803.8792194962896
New initial 2-planet fit: [2.6882922598401895e-6, 224.70078583306884, 3503.765324109161, 0.013522079885677104, 0.011578307182893833, 2.9926152216150675e-6, 365.2564593019881, 3624.4024258399877, 0.024022912917741616, 0.012019626317374067] in 2 iterations.
New 2-planet chi-square: 621.3365996799535
Maximum: -225.1155537245735 Param: [2.688294370929633e-6, 224.70078583306793, 3503.765324109148, 0.013522077670541617, 0.011578324157228545, 2.9926143220696575e-6, 365.2564593019894, 3624.402425840004, 0.024022915386303762, 0.01201961183354086]
INPUTS/EMBtt_30s26yrs.txt loaded.
Initial parameters: [3.0e-6, 224.70077915012206, 3503.7653237641584, 0.01, 0.01, 3.0e-6, 365.25645862613163, 3624.402342141242, 0.01, 0.01]
Initial chi-square: 763.3622723047788
New initial 2-planet fit: [3.1690612520241204e-6, 224.70077790895058, 3503.765355731696, 0.05808100117029763, -0.01256817876231689, 3.396591395553195e-6, 365.25645420020925, 3624.4023526678734, 0.059160030915091456, -0.009909757950259251] in 2 iterations.
New 2-planet chi-square: 577.3329499803124
Maximum: -216.18625063922056 Param: [3.1690627577554867e-6, 224.70077790895056, 3503.7653557316958, 0.0580810028424929, -0.012568176538262917, 3.396590776587858e-6, 365.2564542002093, 3624.4023526678725, 0.05916003079635511, -0.009909760291116175]
INPUTS/EMBtt_30s25yrs.txt loaded.
Initial parameters: [3.0e-6, 224.7007664929215, 3503.765721938702, 0.01, 0.01, 3.0e-6, 365.25645687059927, 3624.402419209433, 0.01, 0.01]
Initial chi-square: 759.5228961979471
New initial 2-planet fit: [2.8318635645743103e-6, 224.70077099446164, 3503.7656781546157, 0.03947078490181662, -0.003442159952274755, 3.276441381713364e-6, 365.2564577515385, 3624.402388281746, 0.04448102687644573, -0.002219436430924556] in 2 iterations.
New 2-planet chi-square: 574.2375238734365
Maximum: -206.47390124996653 Param: [2.8318635645743103e-6, 224.70077099446164, 3503.7656781546157, 0.03947078490181662, -0.003442159952274755, 3.276441381713364e-6, 365.2564577515385, 3624.402388281746, 0.04448102687644573, -0.002219436430924556]
INPUTS/EMBtt_30s24yrs.txt loaded.
Initial parameters: [3.0e-6, 224.70077686686633, 3503.7655441240972, 0.01, 0.01, 3.0e-6, 365.25646288715166, 3624.402226888852, 0.01, 0.01]
Initial chi-square: 750.8453268736162
New initial 2-planet fit: [2.8618995241526604e-6, 224.70077786908573, 3503.7655475686215, 0.04911627362906287, -0.018641254195944056, 3.244360464995785e-6, 365.2564583365444, 3624.4022346519073, 0.05155475802779557, -0.014603960123148097] in 2 iterations.
New 2-planet chi-square: 575.5474945944912
Maximum: -200.19263519708537 Param: [2.8618995241526604e-6, 224.70077786908573, 3503.7655475686215, 0.04911627362906287, -0.018641254195944056, 3.244360464995785e-6, 365.2564583365444, 3624.4022346519073, 0.05155475802779557, -0.014603960123148097]
INPUTS/EMBtt_30s23yrs.txt loaded.
Initial parameters: [3.0e-6, 224.70077410374014, 3503.765647724516, 0.01, 0.01, 3.0e-6, 365.2564299296338, 3624.4025222832965, 0.01, 0.01]
Initial chi-square: 658.7058443102603
New initial 2-planet fit: [2.5750408496406264e-6, 224.70076556293336, 3503.7657666699283, 0.044488262107597605, 0.006013455529264875, 3.3484691974005222e-6, 365.2564373151612, 3624.4024463215683, 0.04877337526846562, 0.00656140373244914] in 2 iterations.
New 2-planet chi-square: 454.88400663344476
Maximum: -183.60127367924122 Param: [2.5750408496406264e-6, 224.70076556293336, 3503.7657666699283, 0.044488262107597605, 0.006013455529264875, 3.3484691974005222e-6, 365.2564373151612, 3624.4024463215683, 0.04877337526846562, 0.00656140373244914]
INPUTS/EMBtt_30s22yrs.txt loaded.
Initial parameters: [3.0e-6, 224.70076997260287, 3503.765505980523, 0.01, 0.01, 3.0e-6, 365.25640679341905, 3624.4027795269635, 0.01, 0.01]
Initial chi-square: 551.1225954980875
New initial 2-planet fit: [2.7255333390795164e-6, 224.70077781944897, 3503.76544521532, 0.06851740104941441, -0.009529225264497095, 3.3390331222220923e-6, 365.25641770088544, 3624.4026516098666, 0.0640794576033837, -0.005245247198065359] in 2 iterations.
New 2-planet chi-square: 425.39062722731836
Maximum: -172.51072428580665 Param: [2.7255333390795164e-6, 224.70077781944897, 3503.76544521532, 0.06851740104941441, -0.009529225264497095, 3.3390331222220923e-6, 365.25641770088544, 3624.4026516098666, 0.0640794576033837, -0.005245247198065359]
INPUTS/EMBtt_10s30yrs.txt loaded.
Initial parameters: [3.0e-6, 224.70077047132582, 3503.7655658538597, 0.01, 0.01, 3.0e-6, 365.2564294394832, 3624.4027076557886, 0.01, 0.01]
Initial chi-square: 7158.358739299064
New initial 2-planet fit: [2.7883880078552806e-6, 224.70077484291613, 3503.765510857578, 0.035601873397441655, 0.002704678378162665, 3.2896926086985696e-6, 365.25643546973913, 3624.4026278536517, 0.04102720937498142, 0.0027653058247636957] in 2 iterations.
New 2-planet chi-square: 5269.521490659968
Maximum: -334.21809870839144 Param: [2.7883917528267825e-6, 224.7007748429161, 3503.765510857575, 0.03560187178144848, 0.0027047074822778685, 3.2896911192696933e-6, 365.2564354697398, 3624.402627853665, 0.04102721000083766, 0.0027652831081649972]
INPUTS/EMBtt_10s29yrs.txt loaded.
Initial parameters: [3.0e-6, 224.7007778228856, 3503.7654394396704, 0.01, 0.01, 3.0e-6, 365.25644992166406, 3624.4024707014, 0.01, 0.01]
Initial chi-square: 7014.542850459731
New initial 2-planet fit: [2.8814141753540872e-6, 224.700775962434, 3503.765478396902, 0.05269940144907018, 0.006990680307432622, 3.363296874457013e-6, 365.2564465563128, 3624.402485882122, 0.05535133595035095, 0.006406171842315004] in 2 iterations.
New 2-planet chi-square: 4956.680215448498
Maximum: -323.32267640068636 Param: [2.8814141753540872e-6, 224.700775962434, 3503.765478396902, 0.05269940144907018, 0.006990680307432622, 3.363296874457013e-6, 365.2564465563128, 3624.402485882122, 0.05535133595035095, 0.006406171842315004]
INPUTS/EMBtt_10s28yrs.txt loaded.
Initial parameters: [3.0e-6, 224.70077939672527, 3503.7654564811864, 0.01, 0.01, 3.0e-6, 365.25644600198905, 3624.4025070688813, 0.01, 0.01]
Initial chi-square: 6677.510453553404
New initial 2-planet fit: [2.910698901416621e-6, 224.70077492205462, 3503.7655365675846, 0.050933697939703745, -0.005375799012961869, 3.4039883893797774e-6, 365.2564550266281, 3624.4024049087775, 0.054251717066648, -0.0029767862665319184] in 2 iterations.
New 2-planet chi-square: 4690.112240128225
Maximum: -308.5422304427125 Param: [2.910698901416621e-6, 224.70077492205462, 3503.7655365675846, 0.050933697939703745, -0.005375799012961869, 3.4039883893797774e-6, 365.2564550266281, 3624.4024049087775, 0.054251717066648, -0.0029767862665319184]
INPUTS/EMBtt_10s27yrs.txt loaded.
Initial parameters: [3.0e-6, 224.70077386668697, 3503.765517011565, 0.01, 0.01, 3.0e-6, 365.2564491671203, 3624.4024580613136, 0.01, 0.01]
Initial chi-square: 6261.716266753749
New initial 2-planet fit: [2.9522942994939374e-6, 224.7007792057813, 3503.765455011677, 0.060625356687397824, 0.0007395799479200149, 3.4210778553732573e-6, 365.25645807705314, 3624.402356162363, 0.06145659395988051, 0.0017873140941525357] in 2 iterations.
New 2-planet chi-square: 4430.9063363104915
Maximum: -293.872580144593 Param: [2.952295210432128e-6, 224.7007792057809, 3503.7654550116727, 0.06062535739730436, 0.0007395862444467607, 3.421077509786765e-6, 365.25645807705376, 3624.402356162369, 0.06145659349020733, 0.001787308739124906]
INPUTS/EMBtt_10s26yrs.txt loaded.
Initial parameters: [3.0e-6, 224.70077882830722, 3503.765431774384, 0.01, 0.01, 3.0e-6, 365.25645955343725, 3624.4023989133016, 0.01, 0.01]
Initial chi-square: 6586.6705460924495
New initial 2-planet fit: [2.873866642597446e-6, 224.7007777283005, 3503.7654608896137, 0.04944869683116034, -0.004475954944034081, 3.3687845705272424e-6, 365.2564544459055, 3624.4024188631347, 0.052682965797075994, -0.002745416060547781] in 2 iterations.
New 2-planet chi-square: 4779.289664459003
Maximum: -288.04960509514916 Param: [2.873867387005896e-6, 224.70077772830038, 3503.7654608896114, 0.04944869529174401, -0.004475949916190623, 3.368784296915042e-6, 365.25645444590583, 3624.4024188631397, 0.05268296710550105, -0.002745420047596135]
INPUTS/EMBtt_10s25yrs.txt loaded.
Initial parameters: [3.0e-6, 224.7007706480128, 3503.765552741968, 0.01, 0.01, 3.0e-6, 365.2564565266379, 3624.4024250691687, 0.01, 0.01]
Initial chi-square: 6644.9536412412535
New initial 2-planet fit: [2.809152892075586e-6, 224.7007756718949, 3503.765497892104, 0.046166548026287946, -0.006262218686625666, 3.3641927587709305e-6, 365.256456586195, 3624.4024061302925, 0.05097633507366979, -0.003979036635574794] in 2 iterations.
New 2-planet chi-square: 4640.483853417811
Maximum: -274.38365235246835 Param: [2.8091551509081276e-6, 224.70077567189549, 3503.7654978921105, 0.04616654893750893, -0.006262203879734748, 3.3641919164019652e-6, 365.25645658619493, 3624.4024061302957, 0.050976334758467336, -0.003979050129044901]
INPUTS/EMBtt_10s24yrs.txt loaded.
Initial parameters: [3.0e-6, 224.70077313550112, 3503.765563818112, 0.01, 0.01, 3.0e-6, 365.25645441553957, 3624.402472106059, 0.01, 0.01]
Initial chi-square: 6521.376853798071
New initial 2-planet fit: [3.1351866179488744e-6, 224.70077508299164, 3503.7655490204334, 0.05663785449121021, -0.010775893099412702, 3.400636025891446e-6, 365.25644752068087, 3624.402506763246, 0.05898144382396592, -0.008401252550273129] in 2 iterations.
New 2-planet chi-square: 4688.5784237842445
Maximum: -266.26586828809906 Param: [3.1351866179488744e-6, 224.70077508299164, 3503.7655490204334, 0.05663785449121021, -0.010775893099412702, 3.400636025891446e-6, 365.25644752068087, 3624.402506763246, 0.05898144382396592, -0.008401252550273129]
INPUTS/EMBtt_10s23yrs.txt loaded.
Initial parameters: [3.0e-6, 224.70078349494443, 3503.7654177495965, 0.01, 0.01, 3.0e-6, 365.25643022728445, 3624.4026325575696, 0.01, 0.01]
Initial chi-square: 6096.644846023598
New initial 2-planet fit: [2.7766348799906095e-6, 224.70077499125952, 3503.7655329659333, 0.050944109371803555, 0.006878241353252004, 3.435990183987425e-6, 365.25643619261086, 3624.4025731449956, 0.054468724971084875, 0.005751123084933109] in 2 iterations.
New 2-planet chi-square: 4145.477291093834
Maximum: -249.8931962872717 Param: [2.776639150320867e-6, 224.70077499125952, 3503.765532965932, 0.050944111092574046, 0.006878270236723353, 3.4359887094421307e-6, 365.2564361926096, 3624.4025731449956, 0.05446872367351816, 0.005751099275789235]
INPUTS/EMBtt_10s22yrs.txt loaded.
Initial parameters: [3.0e-6, 224.70076934937646, 3503.765552638608, 0.01, 0.01, 3.0e-6, 365.25639802396324, 3624.402853944427, 0.01, 0.01]
Initial chi-square: 5096.787546390917
New initial 2-planet fit: [2.603381794661723e-6, 224.70077723115972, 3503.765487489317, 0.051907564212922426, -0.016540190598910504, 3.359632277763436e-6, 365.25640814105236, 3624.4027417172247, 0.052603897584009726, -0.011083710021034202] in 2 iterations.
New 2-planet chi-square: 3707.917247126974
Maximum: -234.2194298579011 Param: [2.603381794661723e-6, 224.70077723115972, 3503.765487489317, 0.051907564212922426, -0.016540190598910504, 3.359632277763436e-6, 365.25640814105236, 3624.4027417172247, 0.052603897584009726, -0.011083710021034202]
