args = ["Hppmp", "grid", "fromEV", "100"]
FITS/p3_fit10s16yrs.jld2 loaded.
Previous model params: [3.480108962217504e-6, 224.70078867790494, 3503.768732411678, -0.10668573391727663, -0.026571579856287643, 2.500979119057135e-6, 365.25640917349824, 3624.4079094075155, -0.06951043095692847, -0.01890102440265288, 0.0008014727046504296, 4646.420055939355, 1105.0064078138387, 0.0068609314986814275, 0.09793695097926339]
Finished lunar search: [2.4410344092323947e-6, 224.70078858660642, 3503.7687132207166, -0.09445559369057029, -0.0288408348586903, 2.5425595641616273e-6, 365.2564113500703, 3624.407871218979, -0.06211184327776498, -0.020894098888818602, 0.0007617500698868225, 4534.181823888251, 1234.197073458529, 0.007012074528855416, 0.0981295312194576, -0.00015547280101032486, -0.0010750119408003745, 2.2993939393939393] in 2 iterations
Lunar chi-square: 218.39256220003617
Maximum: -113.11217793603412 Param: [2.441026822227431e-6, 224.70078858670846, 3503.768713218443, -0.0944564687901488, -0.02884128108416909, 2.542555942116326e-6, 365.256411350374, 3624.407871215571, -0.062112509836528426, -0.020894436432792214, 0.0007617395580138436, 4534.176797052203, 1234.2047473582682, 0.00701064253870034, 0.0981307002419824, -0.00015547638631715005, -0.0010750131620415012, 2.299819453726041]
FITS/p3_fit10s18yrs.jld2 loaded.
Previous model params: [3.649024310139974e-6, 224.70077748396545, 3503.768804916641, -0.09305299201292261, -0.028148035043759363, 2.532468703589619e-6, 365.2564168031781, 3624.4077855541527, -0.059307396536895776, -0.02054925428553204, 0.0007840610222511262, 4469.128705757167, 1245.7451302148324, 0.007983314839172483, 0.09364983603511712]
Finished lunar search: [2.3531922423994474e-6, 224.70077867225797, 3503.768789496052, -0.08683097016626225, -0.0302666374860733, 2.5472030743746455e-6, 365.256420998908, 3624.407775605847, -0.05746728563962382, -0.021829289503543375, 0.0007417234413328701, 4451.524642641082, 1300.7711999442663, 0.00570620879379681, 0.09634578745948803, -0.0001266100427415794, -0.0011843152996575664, 2.3036363636363637] in 2 iterations
Lunar chi-square: 276.76307581989175
Maximum: -132.14430272866252 Param: [2.3531884215709383e-6, 224.70077867204947, 3503.768789498815, -0.08683152730419756, -0.030267524291432518, 2.54720043541895e-6, 365.2564209979013, 3624.4077756153647, -0.05746769050930438, -0.02182999162648046, 0.0007417173885461653, 4451.5316159221875, 1300.7600015363182, 0.005704456751342323, 0.0963463074289119, -0.00012661602698008336, -0.0011843143872262113, 2.302924212688517]
FITS/p3_fit10s20yrs.jld2 loaded.
Previous model params: [3.709041838656494e-6, 224.70078087009136, 3503.7688142167885, -0.07058913926642128, -0.03075849397754374, 2.680862661791797e-6, 365.2564063257343, 3624.4079452383876, -0.04182494875902282, -0.023204656139611004, 0.001036484413239846, 4684.582554398238, 924.9965743597412, 0.035575865307889976, 0.06706784261451017]
Finished lunar search: [2.1605437192465054e-6, 224.70078748266423, 3503.768704412127, -0.0815789856884787, -0.01728639849215391, 2.609961689123592e-6, 365.25642802602056, 3624.407731194282, -0.054509202037546924, -0.011267361162330874, 0.0007829775561687607, 4446.305269293195, 1387.1018487991903, 0.0283199035293231, 0.09914238757389937, -7.597305435354091e-6, -0.001356217381817969, 2.307272727272727] in 2 iterations
Lunar chi-square: 345.56854245526137
Maximum: -151.97496625476901 Param: [2.1605434166494357e-6, 224.70078748247454, 3503.7687044150675, -0.08157898248696403, -0.017286525936147105, 2.60996190894529e-6, 365.2564280253576, 3624.4077312008258, -0.05450918873579577, -0.01126746379027167, 0.0007829797716344677, 4446.3109728062545, 1387.0942952173825, 0.0283198758493586, 0.09914216244064407, -7.598428810119757e-6, -0.0013562167728947486, 2.3070738584405515]
FITS/p3_fit10s22yrs.jld2 loaded.
Previous model params: [3.469349721387537e-6, 224.70078827857262, 3503.7686529662374, -0.09908800814713034, -0.0523078641255394, 2.594568849053222e-6, 365.2564726269341, 3624.407329910398, -0.06421289517782147, -0.03894653969414801, 0.0004499301583771047, 4218.982169859957, 1542.9220552616982, -0.06699419785907611, 0.12705944568722774]
Finished lunar search: [2.3609250758662434e-6, 224.70078893617205, 3503.7686251247883, 0.012393000537158208, -0.002757227883868086, 3.146684562145767e-6, 365.256459313773, 3624.407481409597, 0.021417813298443267, 0.00010022181352044745, 0.0006954885506638114, 4198.93463907162, 567.2238707095555, 0.00696958552527454, -0.06507971726104808, 9.564099085953606e-5, -0.0017943633781023036, 2.3127272727272725] in 2 iterations
Lunar chi-square: 217.35982699906717
Maximum: -153.37429382216786 Param: [2.3609169951884645e-6, 224.70078893616625, 3503.7686251249925, 0.012392365635507087, -0.0027565759949162915, 3.146680526909864e-6, 365.25645931377943, 3624.407481410897, 0.021417291594484016, 0.00010075918624967594, 0.0006954993456568166, 4198.93747697188, 567.2128717284982, 0.006971786263096696, -0.065079544130884, 9.564682246575532e-5, -0.001794365039796268, 2.3120619147383294]
FITS/p3_fit10s24yrs.jld2 loaded.
Previous model params: [3.829608388083214e-6, 224.7007794199831, 3503.7687468161907, -0.06711753092869739, -0.05579872204852998, 2.6786467021718514e-6, 365.25647942370716, 3624.4072679034457, -0.03815171651425746, -0.04226574845152871, 0.00043102917496760804, 4211.022540221467, 1318.3582902780438, -0.10962291468249616, 0.07563833838005081]
Finished lunar search: [2.2836673300182427e-6, 224.700780364628, 3503.7687293411614, 0.0005614375870150168, -0.005689100478280587, 3.0502761554003106e-6, 365.2564673173601, 3624.407428104785, 0.013533604142216611, -0.0018848179279099598, 0.0009439888183907905, 4227.467394922236, 575.3351966078519, 0.03486894069927624, -0.04515804221058421, 9.554127775832971e-5, -0.0017863133565462221, 2.3127272727272725] in 2 iterations
Lunar chi-square: 301.6374407950085
Maximum: -179.84061172337405 Param: [2.2836386456161613e-6, 224.7007803645534, 3503.768729342615, 0.0005614509097817198, -0.0056898179951468475, 3.0502763938766406e-6, 365.25646731756586, 3624.4074281008166, 0.013533589062661389, -0.0018853886588205617, 0.000943988589926585, 4227.463808521509, 575.3502585040422, 0.03486866728643858, -0.0451573189372412, 9.554674622565021e-5, -0.0017863274436035925, 2.313081899277195]
FITS/p3_fit10s26yrs.jld2 loaded.
Previous model params: [3.7622677356579865e-6, 224.70077398356796, 3503.7688437322818, -0.07549339125296461, -0.05698797598501022, 2.6246056993109897e-6, 365.2564539156077, 3624.4075391317474, -0.044754342618322694, -0.04439583546425181, 0.0005168148567206611, 4276.591865691113, 1357.6798060190274, -0.033273811410180876, 0.09579982421132958]
Finished lunar search: [2.1506911733555375e-6, 224.70077713847246, 3503.7687790294403, 0.002664038945759002, -0.005513568705963138, 3.0602276930838604e-6, 365.25645836180666, 3624.4075226755594, 0.015058120964633492, -0.0018692299066584246, 0.0010010130772576326, 4243.505439311339, 577.9175962737669, 0.04088631982345036, -0.03562363425655067, 2.86727396899474e-5, -0.0018642662947082683, 2.3093939393939396] in 2 iterations
Lunar chi-square: 343.39842044476654
Maximum: -198.5223058557878 Param: [2.150695138181183e-6, 224.7007771384792, 3503.768779029339, 0.002664234475648889, -0.005513471904247688, 3.0602289604515282e-6, 365.25645836174596, 3624.407522676905, 0.015058267504201146, -0.00186916383116152, 0.0010010106691284203, 4243.506561340643, 577.9145435598887, 0.040886189352430574, -0.035623818809350366, 2.8672259799710458e-5, -0.0018642652905535519, 2.3099150525057195]
FITS/p3_fit10s28yrs.jld2 loaded.
Previous model params: [3.626797866174856e-6, 224.70077536194873, 3503.768810288684, -0.08573815480846081, -0.0656441297653309, 2.5836464418894108e-6, 365.256455537258, 3624.407497623799, -0.05242436035277975, -0.05061685053065245, 0.0004072972022991139, 4227.747902034095, 1455.101031355185, -0.08419646624435251, 0.11994013846855785]
Finished lunar search: [2.4086376047062524e-6, 224.70077635645535, 3503.7687876302325, 0.003492128281026845, -0.0033216591594068126, 3.063259452304637e-6, 365.2564490104102, 3624.4076063556504, 0.01608889663170345, -0.00022249071232118616, 0.0008926309116356696, 4244.282673059882, 572.600567203038, 0.02813026871314121, -0.035217241225207176, 7.261213696580045e-5, -0.001736878814177592, 2.311818181818182] in 2 iterations
Lunar chi-square: 401.3550796617611
Maximum: -218.81189801417918 Param: [2.4086534853747783e-6, 224.70077635647456, 3503.768787629458, 0.003492482458888804, -0.0033210545641909625, 3.063260800147352e-6, 365.2564490103786, 3624.4076063559382, 0.016089154899449672, -0.00022202138418158792, 0.0008926260738027582, 4244.282003940386, 572.5931965261794, 0.028130311979704885, -0.03521850123222621, 7.261388339594546e-5, -0.0017368737947276744, 2.3119376565935315]
FITS/p3_fit10s30yrs.jld2 loaded.
Previous model params: [3.642609709369257e-6, 224.70077446088771, 3503.7688228645598, -0.0820360075649705, -0.06537145633520125, 2.5888338864042884e-6, 365.2564586430494, 3624.407468796788, -0.04948273660986302, -0.05048163812821504, 0.00039807848095706785, 4225.768536755524, 1451.3693950286063, -0.08677054058436923, 0.12058570853238305]
Finished lunar search: [2.3732656318487975e-6, 224.70077474140047, 3503.768813565193, 0.0046713754440517305, -0.00420682711304639, 3.078774189519243e-6, 365.25645031587624, 3624.407594921479, 0.016694987123061614, -0.0010730009051663646, 0.0008668846558827754, 4247.491427157159, 580.6155753355938, 0.024237573145161305, -0.03441388640380405, 8.925402146129284e-5, -0.0017726250794795223, 2.313030303030303] in 2 iterations
Lunar chi-square: 414.27653042445445
Maximum: -235.03481425057012 Param: [2.373286796903698e-6, 224.70077474140612, 3503.7688135646267, 0.004671468993293162, -0.004206128078569115, 3.0787751196592497e-6, 365.25645031568644, 3624.4075949241774, 0.01669506738203858, -0.0010724600096894607, 0.000866879645493756, 4247.492812771257, 580.606137376935, 0.024237114374101643, -0.03441482958792018, 8.925268809232293e-5, -0.0017726163591253368, 2.3133612169849997]
FITS/p3_fit30s16yrs.jld2 loaded.
Previous model params: [3.480110571096413e-6, 224.70078867797073, 3503.768732409903, -0.10668551395224332, -0.026571335480964766, 2.5009806520265307e-6, 365.2564091740669, 3624.407909400416, -0.06951027461517086, -0.018900823377125796, 0.0008014725512297218, 4646.411245722696, 1105.017647922047, 0.006861345286512771, 0.09793685536490142]
Finished lunar search: [2.4410134030736487e-6, 224.70078858672713, 3503.7687132177944, -0.09445786376364079, -0.028842572520173606, 2.542549954166055e-6, 365.2564113502268, 3624.407871218235, -0.062113577858571654, -0.02089543406366333, 0.000761722674769111, 4534.179551988713, 1234.201523602581, 0.007007565922047272, 0.09813243100179884, -0.0001554815690548233, -0.0010750151285734415, 2.2993939393939393] in 2 iterations
Lunar chi-square: 24.265840258220496
Maximum: -66.97046182389202 Param: [2.441040637179772e-6, 224.70078858651968, 3503.7687132224123, -0.09445555817995442, -0.02884213799546059, 2.5425593371059234e-6, 365.25641134955595, 3624.407871225092, -0.062111781189082546, -0.02089514185142203, 0.0007617469779503164, 4534.188395929092, 1234.182653729447, 0.00701053711704226, 0.09812909272288538, -0.00015548077847068163, -0.001075005922931252, 2.2998195283304708]
FITS/p3_fit30s18yrs.jld2 loaded.
Previous model params: [3.6490275537693046e-6, 224.7007774841632, 3503.7688049139992, -0.09305272899579521, -0.028147822618626, 2.5324698349798976e-6, 365.2564168040963, 3624.4077855457986, -0.05930720274886373, -0.02054907494608164, 0.0007840635420893608, 4469.12092402048, 1245.7557773342048, 0.007984348945104977, 0.09364943275513717]
Finished lunar search: [2.3531829190936494e-6, 224.70077867252968, 3503.7687894917394, -0.08683157336885935, -0.030266252105568162, 2.547200816847149e-6, 365.2564210000968, 3624.407775594996, -0.05746778548968176, -0.021828959976081988, 0.00074171726616728, 4451.515670005869, 1300.7880053640604, 0.005706281271065821, 0.09634689795045015, -0.00012660592927865274, -0.001184319906406865, 2.3036363636363637] in 2 iterations
Lunar chi-square: 30.75145287253362
Maximum: -80.50952516405584 Param: [2.3531801374720943e-6, 224.70077867245854, 3503.7687894923656, -0.08683182625228504, -0.030266817158190254, 2.5471997465845833e-6, 365.25642099977745, 3624.407775597516, -0.05746797756642582, -0.02182940504192264, 0.0007417121071074245, 4451.517873550388, 1300.782568658225, 0.005704723633349736, 0.0963470681262108, -0.00012660867378422555, -0.0011843201648648813, 2.302924499816403]
FITS/p3_fit30s20yrs.jld2 loaded.
Previous model params: [3.7090472338230735e-6, 224.70078087007846, 3503.7688142172387, -0.07058864313471723, -0.03075839382847964, 2.6808649634589666e-6, 365.2564063257656, 3624.407945238204, -0.041824567159857724, -0.02320460479570331, 0.0010364904904121683, 4684.582554398238, 924.9913792253731, 0.03557602260204368, 0.06706696695362586]
Finished lunar search: [2.1605310454905474e-6, 224.70078748276575, 3503.768704410237, -0.08157970695131425, -0.01728600209706033, 2.609958444933998e-6, 365.25642802623656, 3624.4077311919277, -0.05450977846745469, -0.011267024634194009, 0.0007829708954918772, 4446.302657901417, 1387.1094562022156, 0.028319444562316994, 0.09914352752105005, -7.5926141998855165e-6, -0.0013562239827328974, 2.307272727272727] in 2 iterations
Lunar chi-square: 38.39650468284281
Maximum: -94.84712722072781 Param: [2.160550054987164e-6, 224.7007874823998, 3503.7687044165214, -0.08157862869919032, -0.017286447954948696, 2.609963403584468e-6, 365.2564280251587, 3624.4077312030877, -0.05450891184912611, -0.011267411674963696, 0.0007829841383434009, 4446.313938261637, 1387.0884999942687, 0.02832019624162578, 0.09914168033601138, -7.598578065987596e-6, -0.0013562135272767826, 2.307073781376193]
FITS/p3_fit30s22yrs.jld2 loaded.
Previous model params: [3.4693079556336934e-6, 224.70078827877452, 3503.7686529624766, -0.09909263637760893, -0.05230825698533077, 2.594548108334094e-6, 365.25647262704945, 3624.4073299083807, -0.0642165234356612, -0.038946750063300825, 0.00044990996349560396, 4218.980481398216, 1542.9463764594402, -0.06700117410006366, 0.12706871349370083]
Finished lunar search: [2.3609024002956394e-6, 224.7007889360943, 3503.7686251263485, 0.01239312730782739, -0.0027581239992804174, 3.146685407697362e-6, 365.2564593138651, 3624.4074814081287, 0.02141788742570884, 9.951977766036641e-5, 0.0006954898850761507, 4198.933847015944, 567.2326152927762, 0.006969268800135047, -0.06507866061189514, 9.564382063032462e-5, -0.0017943740367762692, 2.3127272727272725] in 2 iterations
Lunar chi-square: 24.15109189409764
Maximum: -90.75339337435462 Param: [2.3608745116142265e-6, 224.70078893601584, 3503.7686251276086, 0.012392632206347747, -0.002758785002185374, 3.146682803000325e-6, 365.2564593140904, 3624.407481404576, 0.02141748686490106, 9.901237413367343e-5, 0.0006954970251140113, 4198.931223649528, 567.2468101246392, 0.006969863296563977, -0.06507671924458061, 9.564905919564663e-5, -0.0017943843624291678, 2.3120627602682235]
FITS/p3_fit30s24yrs.jld2 loaded.
Previous model params: [3.829568769096564e-6, 224.70077941980233, 3503.7687468192908, -0.06712133414410024, -0.05579867931653254, 2.678628637866706e-6, 365.2564794238312, 3624.4072679018445, -0.038154743499742454, -0.04226567153902736, 0.00043103231737546584, 4211.021349262363, 1318.3949146350042, -0.109617720304871, 0.07564544360206447]
Finished lunar search: [2.283687576041456e-6, 224.70078036468632, 3503.7687293401063, 0.0005612848610305933, -0.005688690370968908, 3.0502751460495532e-6, 365.25646731725175, 3624.407428107109, 0.013533503148208984, -0.00188448614080365, 0.0009439908909493578, 4227.469857982106, 575.3249985849038, 0.03486926138869959, -0.04515852626931293, 9.553657999140072e-5, -0.0017863024989387397, 2.3127272727272725] in 2 iterations
Lunar chi-square: 33.51527119142585
Maximum: -110.62803752974585 Param: [2.2836921100392894e-6, 224.7007803646937, 3503.7687293400263, 0.0005614485541712387, -0.0056884299163156215, 3.050275802293788e-6, 365.25646731717234, 3624.4074281090684, 0.013533615529159654, -0.0018842753948661599, 0.0009439911509753769, 4227.4721874104725, 575.3175368424253, 0.03486947358270742, -0.04515886394197482, 9.553733390049044e-5, -0.001786301357890692, 2.3130809522351607]
FITS/p3_fit30s26yrs.jld2 loaded.
Previous model params: [3.7622928956744734e-6, 224.7007739835655, 3503.76884373216, -0.07549091921132128, -0.05698761662700462, 2.6246175837948656e-6, 365.256453915502, 3624.4075391325196, -0.04475238345251904, -0.04439559387969268, 0.000516819539914632, 4276.591865691113, 1357.670995640861, -0.03327283886242542, 0.09579795355567154]
Finished lunar search: [2.1506960553936986e-6, 224.70077713846536, 3503.768779029613, 0.0026642001976419838, -0.005513607998586692, 3.060228515940468e-6, 365.25645836169275, 3624.4075226775753, 0.015058246712135577, -0.0018692677209113803, 0.0010010088909515992, 4243.507121523769, 577.9132568606096, 0.040885888123173036, -0.03562393357919724, 2.8671445253433136e-5, -0.0018642648142564902, 2.3093939393939396] in 3 iterations
Lunar chi-square: 38.15538006207652
Maximum: -123.8166702376358 Param: [2.150696482325267e-6, 224.70077713848514, 3503.7687790289465, 0.00266436186123359, -0.005513543245985264, 3.0602295649110564e-6, 365.2564583619467, 3624.4075226731384, 0.015058368610753924, -0.0018692290258842008, 0.0010010046745241683, 4243.503363907928, 577.9212285866306, 0.04088571919311495, -0.03562395121793705, 2.8672192255321983e-5, -0.0018642651157466756, 2.309915014501784]
FITS/p3_fit30s28yrs.jld2 loaded.
Previous model params: [3.626738620081672e-6, 224.70077536205915, 3503.768810285411, -0.08574421348272881, -0.06564481722292936, 2.583619663580722e-6, 365.2564555377695, 3624.407497614989, -0.05242917707643032, -0.05061728964649038, 0.0004072769742478891, 4227.740959378769, 1455.1505763979528, -0.08420225807793333, 0.1199530499904931]
Finished lunar search: [2.408652158409413e-6, 224.70077635648602, 3503.7687876293016, 0.0034925238037045677, -0.0033207689678626676, 3.0632608783704034e-6, 365.2564490103404, 3624.407606356709, 0.016089182803282795, -0.00022178303993871705, 0.0008926287983192489, 4244.282689079194, 572.5899919941144, 0.02813080121198531, -0.03521852681188126, 7.261613641170994e-5, -0.0017368753839370364, 2.311818181818182] in 2 iterations
Lunar chi-square: 44.595008865629794
Maximum: -138.6132009531302 Param: [2.408654076162038e-6, 224.7007763564841, 3503.7687876292657, 0.0034925165728049382, -0.003320751720040699, 3.063260909459101e-6, 365.2564490103399, 3624.4076063568878, 0.016089177018880206, -0.0002217856542879289, 0.0008926260027567022, 4244.282891023882, 572.58981090202, 0.028130338556127125, -0.0352185390616808, 7.261479933687804e-5, -0.001736874517207313, 2.3119376544767074]
FITS/p3_fit30s30yrs.jld2 loaded.
Previous model params: [3.6426190299840244e-6, 224.70077446087956, 3503.7688228648035, -0.08203493192717563, -0.06537166007557474, 2.588838882880252e-6, 365.25645864300003, 3624.407468797455, -0.04948188740820125, -0.05048181152068693, 0.00039808171128325316, 4225.768420691771, 1451.3636520039113, -0.08676909500008201, 0.12058344107845084]
Finished lunar search: [2.373257308374025e-6, 224.70077474140834, 3503.7688135651674, 0.004671184258733378, -0.004206938855374846, 3.078773035714037e-6, 365.25645031601493, 3624.4075949193557, 0.016694834880584982, -0.0010730817461236275, 0.0008668891967800058, 4247.4901155225925, 580.6207078432485, 0.024238181433470972, -0.034413435285725096, 8.925552833560714e-5, -0.001772627903693362, 2.313030303030303] in 2 iterations
Lunar chi-square: 46.03072557452756
Maximum: -149.34305571057365 Param: [2.37326121014674e-6, 224.70077474142468, 3503.7688135647227, 0.004671525056223272, -0.004207029464518088, 3.0787751070351884e-6, 365.25645031610276, 3624.407594918014, 0.01669510161401905, -0.0010731761936035628, 0.0008668803344416969, 4247.488833753184, 580.6244843107013, 0.024237059809420595, -0.03441354350050771, 8.92542420859943e-5, -0.0017726274619817642, 2.3133615659608147]
FITS/p3_fit60s16yrs.jld2 loaded.
Previous model params: [3.480110571096413e-6, 224.70078867797073, 3503.768732409903, -0.10668551395224332, -0.026571335480964766, 2.5009806520265307e-6, 365.2564091740669, 3624.407909400416, -0.06951027461517086, -0.018900823377125796, 0.0008014725512297218, 4646.411245722696, 1105.017647922047, 0.006861345286512771, 0.09793685536490142]
Finished lunar search: [2.4410134030736487e-6, 224.70078858672713, 3503.7687132177944, -0.09445786376364079, -0.028842572520173606, 2.542549954166055e-6, 365.2564113502268, 3624.407871218235, -0.062113577858571654, -0.02089543406366333, 0.000761722674769111, 4534.179551988713, 1234.201523602581, 0.007007565922047272, 0.09813243100179884, -0.0001554815690548233, -0.0010750151285734415, 2.2993939393939393] in 2 iterations
Lunar chi-square: 6.066460064555124
Maximum: -37.85828024037431 Param: [2.441040637179772e-6, 224.70078858651968, 3503.7687132224123, -0.09445555817995442, -0.02884213799546059, 2.5425593371059234e-6, 365.25641134955595, 3624.407871225092, -0.062111781189082546, -0.02089514185142203, 0.0007617469779503164, 4534.188395929092, 1234.182653729447, 0.00701053711704226, 0.09812909272288538, -0.00015548077847068163, -0.001075005922931252, 2.2998195283304708]
FITS/p3_fit60s18yrs.jld2 loaded.
Previous model params: [3.6490275537693046e-6, 224.7007774841632, 3503.7688049139992, -0.09305272899579521, -0.028147822618626, 2.5324698349798976e-6, 365.2564168040963, 3624.4077855457986, -0.05930720274886373, -0.02054907494608164, 0.0007840635420893608, 4469.12092402048, 1245.7557773342048, 0.007984348945104977, 0.09364943275513717]
Finished lunar search: [2.3531829190936494e-6, 224.70077867252968, 3503.7687894917394, -0.08683157336885935, -0.030266252105568162, 2.547200816847149e-6, 365.2564210000968, 3624.407775594996, -0.05746778548968176, -0.021828959976081988, 0.00074171726616728, 4451.515670005869, 1300.7880053640604, 0.005706281271065821, 0.09634689795045015, -0.00012660592927865274, -0.001184319906406865, 2.3036363636363637] in 2 iterations
Lunar chi-square: 7.687863218133405
Maximum: -47.931607677738405 Param: [2.3531801374720943e-6, 224.70077867245854, 3503.7687894923656, -0.08683182625228504, -0.030266817158190254, 2.5471997465845833e-6, 365.25642099977745, 3624.407775597516, -0.05746797756642582, -0.02182940504192264, 0.0007417121071074245, 4451.517873550388, 1300.782568658225, 0.005704723633349736, 0.0963470681262108, -0.00012660867378422555, -0.0011843201648648813, 2.302924499816403]
FITS/p3_fit60s20yrs.jld2 loaded.
Previous model params: [3.7090472338230735e-6, 224.70078087007846, 3503.7688142172387, -0.07058864313471723, -0.03075839382847964, 2.6808649634589666e-6, 365.2564063257656, 3624.407945238204, -0.041824567159857724, -0.02320460479570331, 0.0010364904904121683, 4684.582554398238, 924.9913792253731, 0.03557602260204368, 0.06706696695362586]
Finished lunar search: [2.1605310454905474e-6, 224.70078748276575, 3503.768704410237, -0.08157970695131425, -0.01728600209706033, 2.609958444933998e-6, 365.25642802623656, 3624.4077311919277, -0.05450977846745469, -0.011267024634194009, 0.0007829708954918772, 4446.302657901417, 1387.1094562022156, 0.028319444562316994, 0.09914352752105005, -7.5926141998855165e-6, -0.0013562239827328974, 2.307272727272727] in 2 iterations
Lunar chi-square: 9.599126170710703
Maximum: -58.80347383161065 Param: [2.160550054987164e-6, 224.7007874823998, 3503.7687044165214, -0.08157862869919032, -0.017286447954948696, 2.609963403584468e-6, 365.2564280251587, 3624.4077312030877, -0.05450891184912611, -0.011267411674963696, 0.0007829841383434009, 4446.313938261637, 1387.0884999942687, 0.02832019624162578, 0.09914168033601138, -7.598578065987596e-6, -0.0013562135272767826, 2.307073781376193]
FITS/p3_fit60s22yrs.jld2 loaded.
Previous model params: [3.4693079556336934e-6, 224.70078827877452, 3503.7686529624766, -0.09909263637760893, -0.05230825698533077, 2.594548108334094e-6, 365.25647262704945, 3624.4073299083807, -0.0642165234356612, -0.038946750063300825, 0.00044990996349560396, 4218.980481398216, 1542.9463764594402, -0.06700117410006366, 0.12706871349370083]
Finished lunar search: [2.3609024002956394e-6, 224.7007889360943, 3503.7686251263485, 0.01239312730782739, -0.0027581239992804174, 3.146685407697362e-6, 365.2564593138651, 3624.4074814081287, 0.02141788742570884, 9.951977766036641e-5, 0.0006954898850761507, 4198.933847015944, 567.2326152927762, 0.006969268800135047, -0.06507866061189514, 9.564382063032462e-5, -0.0017943740367762692, 2.3127272727272725] in 2 iterations
Lunar chi-square: 6.03777297352441
Maximum: -51.244004082437726 Param: [2.3608745116142265e-6, 224.70078893601584, 3503.7686251276086, 0.012392632206347747, -0.002758785002185374, 3.146682803000325e-6, 365.2564593140904, 3624.407481404576, 0.02141748686490106, 9.901237413367343e-5, 0.0006954970251140113, 4198.931223649528, 567.2468101246392, 0.006969863296563977, -0.06507671924458061, 9.564905919564663e-5, -0.0017943843624291678, 2.3120627602682235]
FITS/p3_fit60s24yrs.jld2 loaded.
Previous model params: [3.829568769096564e-6, 224.70077941980233, 3503.7687468192908, -0.06712133414410024, -0.05579867931653254, 2.678628637866706e-6, 365.2564794238312, 3624.4072679018445, -0.038154743499742454, -0.04226567153902736, 0.00043103231737546584, 4211.021349262363, 1318.3949146350042, -0.109617720304871, 0.07564544360206447]
Finished lunar search: [2.283687576041456e-6, 224.70078036468632, 3503.7687293401063, 0.0005612848610305933, -0.005688690370968908, 3.0502751460495532e-6, 365.25646731725175, 3624.407428107109, 0.013533503148208984, -0.00188448614080365, 0.0009439908909493578, 4227.469857982106, 575.3249985849038, 0.03486926138869959, -0.04515852626931293, 9.553657999140072e-5, -0.0017863024989387397, 2.3127272727272725] in 2 iterations
Lunar chi-square: 8.378817797856463
Maximum: -66.9597651544693 Param: [2.2836921100392894e-6, 224.7007803646937, 3503.7687293400263, 0.0005614485541712387, -0.0056884299163156215, 3.050275802293788e-6, 365.25646731717234, 3624.4074281090684, 0.013533615529159654, -0.0018842753948661599, 0.0009439911509753769, 4227.4721874104725, 575.3175368424253, 0.03486947358270742, -0.04515886394197482, 9.553733390049044e-5, -0.001786301357890692, 2.3130809522351607]
FITS/p3_fit60s26yrs.jld2 loaded.
Previous model params: [3.7622928956744734e-6, 224.7007739835655, 3503.76884373216, -0.07549091921132128, -0.05698761662700462, 2.6246175837948656e-6, 365.256453915502, 3624.4075391325196, -0.04475238345251904, -0.04439559387969268, 0.000516819539914632, 4276.591865691113, 1357.670995640861, -0.03327283886242542, 0.09579795355567154]
Finished lunar search: [2.1506960553936986e-6, 224.70077713846536, 3503.768779029613, 0.0026642001976419838, -0.005513607998586692, 3.060228515940468e-6, 365.25645836169275, 3624.4075226775753, 0.015058246712135577, -0.0018692677209113803, 0.0010010088909515992, 4243.507121523769, 577.9132568606096, 0.040885888123173036, -0.03562393357919724, 2.8671445253433136e-5, -0.0018642648142564902, 2.3093939393939396] in 3 iterations
Lunar chi-square: 9.53884501551913
Maximum: -76.68266195955951 Param: [2.150696482325267e-6, 224.70077713848514, 3503.7687790289465, 0.00266436186123359, -0.005513543245985264, 3.0602295649110564e-6, 365.2564583619467, 3624.4075226731384, 0.015058368610753924, -0.0018692290258842008, 0.0010010046745241683, 4243.503363907928, 577.9212285866306, 0.04088571919311495, -0.03562395121793705, 2.8672192255321983e-5, -0.0018642651157466756, 2.309915014501784]
FITS/p3_fit60s28yrs.jld2 loaded.
Previous model params: [3.626738620081672e-6, 224.70077536205915, 3503.768810285411, -0.08574421348272881, -0.06564481722292936, 2.583619663580722e-6, 365.2564555377695, 3624.407497614989, -0.05242917707643032, -0.05061728964649038, 0.0004072769742478891, 4227.740959378769, 1455.1505763979528, -0.08420225807793333, 0.1199530499904931]
Finished lunar search: [2.408652158409413e-6, 224.70077635648602, 3503.7687876293016, 0.0034925238037045677, -0.0033207689678626676, 3.0632608783704034e-6, 365.2564490103404, 3624.407606356709, 0.016089182803282795, -0.00022178303993871705, 0.0008926287983192489, 4244.282689079194, 572.5899919941144, 0.02813080121198531, -0.03521852681188126, 7.261613641170994e-5, -0.0017368753839370364, 2.311818181818182] in 2 iterations
Lunar chi-square: 11.148752216407448
Maximum: -88.0134567722542 Param: [2.408654076162038e-6, 224.7007763564841, 3503.7687876292657, 0.0034925165728049382, -0.003320751720040699, 3.063260909459101e-6, 365.2564490103399, 3624.4076063568878, 0.016089177018880206, -0.0002217856542879289, 0.0008926260027567022, 4244.282891023882, 572.58981090202, 0.028130338556127125, -0.0352185390616808, 7.261479933687804e-5, -0.001736874517207313, 2.3119376544767074]
FITS/p3_fit60s30yrs.jld2 loaded.
Previous model params: [3.6426190299840244e-6, 224.70077446087956, 3503.7688228648035, -0.08203493192717563, -0.06537166007557474, 2.588838882880252e-6, 365.25645864300003, 3624.407468797455, -0.04948188740820125, -0.05048181152068693, 0.00039808171128325316, 4225.768420691771, 1451.3636520039113, -0.08676909500008201, 0.12058344107845084]
Finished lunar search: [2.373257308374025e-6, 224.70077474140834, 3503.7688135651674, 0.004671184258733378, -0.004206938855374846, 3.078773035714037e-6, 365.25645031601493, 3624.4075949193557, 0.016694834880584982, -0.0010730817461236275, 0.0008668891967800058, 4247.4901155225925, 580.6207078432485, 0.024238181433470972, -0.034413435285725096, 8.925552833560714e-5, -0.001772627903693362, 2.313030303030303] in 2 iterations
Lunar chi-square: 11.50768139363189
Maximum: -95.27757562689791 Param: [2.37326121014674e-6, 224.70077474142468, 3503.7688135647227, 0.004671525056223272, -0.004207029464518088, 3.0787751070351884e-6, 365.25645031610276, 3624.407594918014, 0.01669510161401905, -0.0010731761936035628, 0.0008668803344416969, 4247.488833753184, 580.6244843107013, 0.024237059809420595, -0.03441354350050771, 8.92542420859943e-5, -0.0017726274619817642, 2.3133615659608147]
FITS/p3_fit80s16yrs.jld2 loaded.
Previous model params: [3.480108962217504e-6, 224.70078867790494, 3503.768732411678, -0.10668573391727663, -0.026571579856287643, 2.500979119057135e-6, 365.25640917349824, 3624.4079094075155, -0.06951043095692847, -0.01890102440265288, 0.0008014727046504296, 4646.420055939355, 1105.0064078138387, 0.0068609314986814275, 0.09793695097926339]
Finished lunar search: [2.4410344092323947e-6, 224.70078858660642, 3503.7687132207166, -0.09445559369057029, -0.0288408348586903, 2.5425595641616273e-6, 365.2564113500703, 3624.407871218979, -0.06211184327776498, -0.020894098888818602, 0.0007617500698868225, 4534.181823888251, 1234.197073458529, 0.007012074528855416, 0.0981295312194576, -0.00015547280101032486, -0.0010750119408003745, 2.2993939393939393] in 2 iterations
Lunar chi-square: 3.412383784375565
Maximum: -25.775633185481 Param: [2.441026822227431e-6, 224.70078858670846, 3503.768713218443, -0.0944564687901488, -0.02884128108416909, 2.542555942116326e-6, 365.256411350374, 3624.407871215571, -0.062112509836528426, -0.020894436432792214, 0.0007617395580138436, 4534.176797052203, 1234.2047473582682, 0.00701064253870034, 0.0981307002419824, -0.00015547638631715005, -0.0010750131620415012, 2.299819453726041]
FITS/p3_fit80s18yrs.jld2 loaded.
Previous model params: [3.649024310139974e-6, 224.70077748396545, 3503.768804916641, -0.09305299201292261, -0.028148035043759363, 2.532468703589619e-6, 365.2564168031781, 3624.4077855541527, -0.059307396536895776, -0.02054925428553204, 0.0007840610222511262, 4469.128705757167, 1245.7451302148324, 0.007983314839172483, 0.09364983603511712]
Finished lunar search: [2.3531922423994474e-6, 224.70077867225797, 3503.768789496052, -0.08683097016626225, -0.0302666374860733, 2.5472030743746455e-6, 365.256420998908, 3624.407775605847, -0.05746728563962382, -0.021829289503543375, 0.0007417234413328701, 4451.524642641082, 1300.7711999442663, 0.00570620879379681, 0.09634578745948803, -0.0001266100427415794, -0.0011843152996575664, 2.3036363636363637] in 2 iterations
Lunar chi-square: 4.324423059685809
Maximum: -34.41055026971024 Param: [2.3531884215709383e-6, 224.70077867204947, 3503.768789498815, -0.08683152730419756, -0.030267524291432518, 2.54720043541895e-6, 365.2564209979013, 3624.4077756153647, -0.05746769050930438, -0.02182999162648046, 0.0007417173885461653, 4451.5316159221875, 1300.7600015363182, 0.005704456751342323, 0.0963463074289119, -0.00012661602698008336, -0.0011843143872262113, 2.302924212688517]
FITS/p3_fit80s20yrs.jld2 loaded.
Previous model params: [3.709041838656494e-6, 224.70078087009136, 3503.7688142167885, -0.07058913926642128, -0.03075849397754374, 2.680862661791797e-6, 365.2564063257343, 3624.4079452383876, -0.04182494875902282, -0.023204656139611004, 0.001036484413239846, 4684.582554398238, 924.9965743597412, 0.035575865307889976, 0.06706784261451017]
Finished lunar search: [2.1605437192465054e-6, 224.70078748266423, 3503.768704412127, -0.0815789856884787, -0.01728639849215391, 2.609961689123592e-6, 365.25642802602056, 3624.407731194282, -0.054509202037546924, -0.011267361162330874, 0.0007829775561687607, 4446.305269293195, 1387.1018487991903, 0.0283199035293231, 0.09914238757389937, -7.597305435354091e-6, -0.001356217381817969, 2.307272727272727] in 2 iterations
Lunar chi-square: 5.399508475863459
Maximum: -43.844006087417554 Param: [2.1605434166494357e-6, 224.70078748247454, 3503.7687044150675, -0.08157898248696403, -0.017286525936147105, 2.60996190894529e-6, 365.2564280253576, 3624.4077312008258, -0.05450918873579577, -0.01126746379027167, 0.0007829797716344677, 4446.3109728062545, 1387.0942952173825, 0.0283198758493586, 0.09914216244064407, -7.598428810119757e-6, -0.0013562167728947486, 2.3070738584405515]
FITS/p3_fit80s22yrs.jld2 loaded.
Previous model params: [3.469349721387537e-6, 224.70078827857262, 3503.7686529662374, -0.09908800814713034, -0.0523078641255394, 2.594568849053222e-6, 365.2564726269341, 3624.407329910398, -0.06421289517782147, -0.03894653969414801, 0.0004499301583771047, 4218.982169859957, 1542.9220552616982, -0.06699419785907611, 0.12705944568722774]
Finished lunar search: [2.3609250758662434e-6, 224.70078893617205, 3503.7686251247883, 0.012393000537158208, -0.002757227883868086, 3.146684562145767e-6, 365.256459313773, 3624.407481409597, 0.021417813298443267, 0.00010022181352044745, 0.0006954885506638114, 4198.93463907162, 567.2238707095555, 0.00696958552527454, -0.06507971726104808, 9.564099085953606e-5, -0.0017943633781023036, 2.3127272727272725] in 2 iterations
Lunar chi-square: 3.3962472968604245
Maximum: -34.84612594641722 Param: [2.3609169951884645e-6, 224.70078893616625, 3503.7686251249925, 0.012392365635507087, -0.0027565759949162915, 3.146680526909864e-6, 365.25645931377943, 3624.407481410897, 0.021417291594484016, 0.00010075918624967594, 0.0006954993456568166, 4198.93747697188, 567.2128717284982, 0.006971786263096696, -0.065079544130884, 9.564682246575532e-5, -0.001794365039796268, 2.3120619147383294]
FITS/p3_fit80s24yrs.jld2 loaded.
Previous model params: [3.829608388083214e-6, 224.7007794199831, 3503.7687468161907, -0.06711753092869739, -0.05579872204852998, 2.6786467021718514e-6, 365.25647942370716, 3624.4072679034457, -0.03815171651425746, -0.04226574845152871, 0.00043102917496760804, 4211.022540221467, 1318.3582902780438, -0.10962291468249616, 0.07563833838005081]
Finished lunar search: [2.2836673300182427e-6, 224.700780364628, 3503.7687293411614, 0.0005614375870150168, -0.005689100478280587, 3.0502761554003106e-6, 365.2564673173601, 3624.407428104785, 0.013533604142216611, -0.0018848179279099598, 0.0009439888183907905, 4227.467394922236, 575.3351966078519, 0.03486894069927624, -0.04515804221058421, 9.554127775832971e-5, -0.0017863133565462221, 2.3127272727272725] in 2 iterations
Lunar chi-square: 4.713085012422008
Maximum: -48.83579459754441 Param: [2.2836386456161613e-6, 224.7007803645534, 3503.768729342615, 0.0005614509097817198, -0.0056898179951468475, 3.0502763938766406e-6, 365.25646731756586, 3624.4074281008166, 0.013533589062661389, -0.0018853886588205617, 0.000943988589926585, 4227.463808521509, 575.3502585040422, 0.03486866728643858, -0.0451573189372412, 9.554674622565021e-5, -0.0017863274436035925, 2.313081899277195]
FITS/p3_fit80s26yrs.jld2 loaded.
Previous model params: [3.7622677356579865e-6, 224.70077398356796, 3503.7688437322818, -0.07549339125296461, -0.05698797598501022, 2.6246056993109897e-6, 365.2564539156077, 3624.4075391317474, -0.044754342618322694, -0.04439583546425181, 0.0005168148567206611, 4276.591865691113, 1357.6798060190274, -0.033273811410180876, 0.09579982421132958]
Finished lunar search: [2.1506911733555375e-6, 224.70077713847246, 3503.7687790294403, 0.002664038945759002, -0.005513568705963138, 3.0602276930838604e-6, 365.25645836180666, 3624.4075226755594, 0.015058120964633492, -0.0018692299066584246, 0.0010010130772576326, 4243.505439311339, 577.9175962737669, 0.04088631982345036, -0.03562363425655067, 2.86727396899474e-5, -0.0018642662947082683, 2.3093939393939396] in 2 iterations
Lunar chi-square: 5.365600319449477
Maximum: -57.12028102155895 Param: [2.150695138181183e-6, 224.7007771384792, 3503.768779029339, 0.002664234475648889, -0.005513471904247688, 3.0602289604515282e-6, 365.25645836174596, 3624.407522676905, 0.015058267504201146, -0.00186916383116152, 0.0010010106691284203, 4243.506561340643, 577.9145435598887, 0.040886189352430574, -0.035623818809350366, 2.8672259799710458e-5, -0.0018642652905535519, 2.3099150525057195]
FITS/p3_fit80s28yrs.jld2 loaded.
Previous model params: [3.626797866174856e-6, 224.70077536194873, 3503.768810288684, -0.08573815480846081, -0.0656441297653309, 2.5836464418894108e-6, 365.256455537258, 3624.407497623799, -0.05242436035277975, -0.05061685053065245, 0.0004072972022991139, 4227.747902034095, 1455.101031355185, -0.08419646624435251, 0.11994013846855785]
Finished lunar search: [2.4086376047062524e-6, 224.70077635645535, 3503.7687876302325, 0.003492128281026845, -0.0033216591594068126, 3.063259452304637e-6, 365.2564490104102, 3624.4076063556504, 0.01608889663170345, -0.00022249071232118616, 0.0008926309116356696, 4244.282673059882, 572.600567203038, 0.02813026871314121, -0.035217241225207176, 7.261213696580045e-5, -0.001736878814177592, 2.311818181818182] in 2 iterations
Lunar chi-square: 6.271173119715018
Maximum: -67.01266547155114 Param: [2.4086534853747783e-6, 224.70077635647456, 3503.768787629458, 0.003492482458888804, -0.0033210545641909625, 3.063260800147352e-6, 365.2564490103786, 3624.4076063559382, 0.016089154899449672, -0.00022202138418158792, 0.0008926260738027582, 4244.282003940386, 572.5931965261794, 0.028130311979704885, -0.03521850123222621, 7.261388339594546e-5, -0.0017368737947276744, 2.3119376565935315]
FITS/p3_fit80s30yrs.jld2 loaded.
Previous model params: [3.642609709369257e-6, 224.70077446088771, 3503.7688228645598, -0.0820360075649705, -0.06537145633520125, 2.5888338864042884e-6, 365.2564586430494, 3624.407468796788, -0.04948273660986302, -0.05048163812821504, 0.00039807848095706785, 4225.768536755524, 1451.3693950286063, -0.08677054058436923, 0.12058570853238305]
Finished lunar search: [2.3732656318487975e-6, 224.70077474140047, 3503.768813565193, 0.0046713754440517305, -0.00420682711304639, 3.078774189519243e-6, 365.25645031587624, 3624.407594921479, 0.016694987123061614, -0.0010730009051663646, 0.0008668846558827754, 4247.491427157159, 580.6155753355938, 0.024237573145161305, -0.03441388640380405, 8.925402146129284e-5, -0.0017726250794795223, 2.313030303030303] in 2 iterations
Lunar chi-square: 6.473070787882101
Maximum: -72.83837399954294 Param: [2.373286796903698e-6, 224.70077474140612, 3503.7688135646267, 0.004671468993293162, -0.004206128078569115, 3.0787751196592497e-6, 365.25645031568644, 3624.4075949241774, 0.01669506738203858, -0.0010724600096894607, 0.000866879645493756, 4247.492812771257, 580.606137376935, 0.024237114374101643, -0.03441482958792018, 8.925268809232293e-5, -0.0017726163591253368, 2.3133612169849997]
FITS/p3_fit90s16yrs.jld2 loaded.
Previous model params: [3.4801093821068095e-6, 224.7007886779577, 3503.7687324102467, -0.1066856691018015, -0.026571260342287784, 2.500979846897561e-6, 365.2564091739194, 3624.4079094022327, -0.069510390385528, -0.018900765027269353, 0.0008014719792057057, 4646.412860642402, 1105.0166539641004, 0.006861336533229535, 0.09793716436028935]
Finished lunar search: [2.4410479996828307e-6, 224.70078858655665, 3503.768713222133, -0.09445476431572782, -0.028840484098219363, 2.54256223780003e-6, 365.25641134984915, 3624.407871220941, -0.062111178042897106, -0.020893833444924053, 0.0007617616413023773, 4534.183265283812, 1234.1931442037233, 0.007013752692468334, 0.09812811412591234, -0.00015547340133729138, -0.001075005572440021, 2.2993939393939393] in 2 iterations
Lunar chi-square: 2.6962044722584935
Maximum: -20.828745692999778 Param: [2.4410346576996355e-6, 224.70078858651925, 3503.7687132224573, -0.09445629710145724, -0.028842290657265547, 2.5425563469584113e-6, 365.25641134941355, 3624.407871227167, -0.062112353194688955, -0.02089524690331112, 0.0007617409196293008, 4534.190690995394, 1234.1823137385668, 0.0070096129026754675, 0.09813005936194527, -0.00015548026330086957, -0.0010750060401005803, 2.2998197017907134]
FITS/p3_fit90s18yrs.jld2 loaded.
Previous model params: [3.6490227805238663e-6, 224.700777484202, 3503.7688049131507, -0.093053084593791, -0.02814804329114793, 2.5324687270111246e-6, 365.25641680424263, 3624.4077855442893, -0.05930748212656767, -0.020549238928718527, 0.0007840587166579921, 4469.119739082532, 1245.7587175257893, 0.007983745564196898, 0.09364997727391698]
Finished lunar search: [2.353170035810653e-6, 224.70077867250748, 3503.7687894906744, -0.08683289755076484, -0.030268311239941875, 2.5471951017641913e-6, 365.25642099981576, 3624.407775597551, -0.05746877242643166, -0.021830562112073425, 0.0007416936249082846, 4451.515733068229, 1300.784333892068, 0.005701384843216667, 0.09634884166876514, -0.00012661761235865463, -0.0011843210983003246, 2.3036363636363637] in 2 iterations
Lunar chi-square: 3.416828097060025
Maximum: -28.874747597423926 Param: [2.353193561092054e-6, 224.70077867196756, 3503.7687895005647, -0.0868303622686632, -0.030267410994866368, 2.547205192763926e-6, 365.2564209976562, 3624.4077756174097, -0.05746679773857145, -0.021829931915763, 0.0007417278049640884, 4451.534251027427, 1300.7520697332645, 0.005705658618861587, 0.0963446282316634, -0.00012661556636172676, -0.0011843169002771772, 2.3029242180908476]
FITS/p3_fit90s20yrs.jld2 loaded.
Previous model params: [3.709038217323665e-6, 224.70078087013863, 3503.76881421597, -0.07058946543524802, -0.030758518241316982, 2.6808612174972726e-6, 365.2564063257948, 3624.407945238419, -0.04182519730656687, -0.02320467384488606, 0.0010364764358661463, 4684.582554398238, 924.9971923221326, 0.03557532060995761, 0.06706846066530349]
Finished lunar search: [2.160554813822998e-6, 224.70078748232905, 3503.7687044176123, -0.08157858158365426, -0.01728684489857391, 2.6099639905248437e-6, 365.2564280249373, 3624.4077312053696, -0.05450884876418096, -0.011267738883446702, 0.0007829849723576552, 4446.3149584371795, 1387.0857285944164, 0.028320102744728265, 0.09914125345747349, -7.6027675606149285e-6, -0.0013562094363036967, 2.307272727272727] in 2 iterations
Lunar chi-square: 4.2662783024996145
Maximum: -37.719288236837414 Param: [2.160551119335668e-6, 224.70078748225453, 3503.768704418857, -0.08157827836311037, -0.01728646722888219, 2.609965250093195e-6, 365.2564280247165, 3624.407731207193, -0.054508639227124005, -0.01126743519425904, 0.0007829894926699857, 4446.317260712061, 1387.0844493343338, 0.028320853110725602, 0.09914112846328452, -7.598852689579243e-6, -0.0013562140323180904, 2.3070738307821466]
FITS/p3_fit90s22yrs.jld2 loaded.
Previous model params: [3.469308605188947e-6, 224.700788278832, 3503.7686529611346, -0.09909241921949354, -0.05230865244040279, 2.594549605263746e-6, 365.25647262724493, 3624.407329905486, -0.06421634920078025, -0.038947061935096, 0.0004499061926451423, 4218.979302218648, 1542.9471861387547, -0.0670033475760429, 0.1270693464098128]
Finished lunar search: [2.360939777274905e-6, 224.70078893623634, 3503.7686251237647, 0.012392848303169897, -0.002756284232768596, 3.1466832062063827e-6, 365.2564593136669, 3624.4074814124488, 0.021417695023065664, 0.00010096597761404757, 0.0006954903490400022, 4198.938186219553, 567.2084046176979, 0.0069703719658189755, -0.06508069595270985, 9.564067757430322e-5, -0.0017943568873156498, 2.3127272727272725] in 2 iterations
Lunar chi-square: 2.6834546528966037
Maximum: -28.13249289899779 Param: [2.3608874179097868e-6, 224.7007889360822, 3503.7686251265222, 0.012392658631183731, -0.002757929946656046, 3.1466829486479093e-6, 365.25645931398657, 3624.407481406658, 0.021417494498725646, 9.968345888597962e-5, 0.0006954969633536368, 4198.933183597582, 567.2351357284891, 0.006970491618163805, -0.06507786136972496, 9.564952858430669e-5, -0.0017943788556267597, 2.3120625351204023]
FITS/p3_fit90s24yrs.jld2 loaded.
Previous model params: [3.829582347835271e-6, 224.70077941983874, 3503.7687468185395, -0.06712009415280097, -0.05579820273462494, 2.6786343875815504e-6, 365.2564794237772, 3624.4072679019596, -0.03815375973628439, -0.04226531334960212, 0.0004310339268350537, 4211.020043269828, 1318.3882552402645, -0.1096174799002451, 0.07564352834914373]
Finished lunar search: [2.283680025938206e-6, 224.7007803646609, 3503.7687293405556, 0.0005614197947714108, -0.005688974646257234, 3.0502758566627714e-6, 365.2564673173555, 3624.4074281055196, 0.013533597065866142, -0.0018847170835807746, 0.0009439869351505994, 4227.468629354233, 575.3295742486848, 0.03486879830656444, -0.04515855303223369, 9.553894793762312e-5, -0.0017863068006054182, 2.3127272727272725] in 2 iterations
Lunar chi-square: 3.7239190199936627
Maximum: -41.415463332862515 Param: [2.2836800491588324e-6, 224.70078036465748, 3503.7687293408867, 0.0005613116349637584, -0.005689081402686308, 3.050275360415236e-6, 365.2564673172386, 3624.407428107704, 0.013533526114712677, -0.0018847962328963968, 0.0009439911937559625, 4227.470926428474, 575.3260616367792, 0.034869059549977245, -0.04515831272943555, 9.553698444654063e-5, -0.0017863058626825799, 2.31308109705479]
FITS/p3_fit90s26yrs.jld2 loaded.
Previous model params: [3.7622875914127396e-6, 224.70077398356426, 3503.768843732475, -0.07549148777092607, -0.05698740592999522, 2.6246148049906924e-6, 365.2564539155174, 3624.407539132678, -0.044752834139450554, -0.04439542600660773, 0.0005168230143487695, 4276.591865691113, 1357.6725211503826, -0.033271625036553405, 0.09579749647250303]
Finished lunar search: [2.1506969387022557e-6, 224.7007771384936, 3503.768779028782, 0.0026640792098742805, -0.005513260617805321, 3.0602279361771316e-6, 365.25645836185345, 3624.407522674584, 0.01505814710253561, -0.0018689911067734416, 0.0010010109934189002, 4243.504539962996, 577.9168537153282, 0.04088630796207385, -0.03562390202527012, 2.867348271138005e-5, -0.0018642640310533218, 2.3093939393939396] in 2 iterations
Lunar chi-square: 4.239486670872591
Maximum: -49.111034586619226 Param: [2.150688375384903e-6, 224.70077713846467, 3503.768779029662, 0.0026642998245399855, -0.005513894537285353, 3.0602293162326545e-6, 365.2564583618977, 3624.407522674292, 0.015058322311944098, -0.0018695004879902147, 0.0010010076584318589, 4243.504840639137, 577.9210149008384, 0.040885811329942755, -0.03562368259034758, 2.8672306600399236e-5, -0.0018642683396046533, 2.30991513134622]
FITS/p3_fit90s28yrs.jld2 loaded.
Previous model params: [3.6267740866551956e-6, 224.70077536198932, 3503.768810287305, -0.08574057326841149, -0.0656449229956395, 2.5836356523613166e-6, 365.256455537453, 3624.4074976204756, -0.05242628631913586, -0.05061743162689677, 0.00040728412412536623, 4227.7461250707065, 1455.118231567449, -0.08420202757713484, 0.11994649832439647]
Finished lunar search: [2.4086502252145218e-6, 224.70077635646652, 3503.768787629994, 0.003492444897651967, -0.00332103373493831, 3.063261051181308e-6, 365.25644901011896, 3624.4076063608995, 0.01608914615024338, -0.000221988729352224, 0.0008926292744048449, 4244.2866745413, 572.5860134252695, 0.028130350256983024, -0.035218026730966766, 7.261105158216532e-5, -0.00173687625191544, 2.311818181818182] in 2 iterations
Lunar chi-square: 4.955000981536417
Maximum: -58.41450385432894 Param: [2.408658315306915e-6, 224.70077635648357, 3503.7687876291657, 0.0034922121694737386, -0.0033207460379334774, 3.0632591060851057e-6, 365.2564490103701, 3624.407606356249, 0.016088945775452924, -0.0002217759780978352, 0.0008926276672437621, 4244.282600661436, 572.5895793454429, 0.028130380358367228, -0.03521855919070046, 7.261340009993328e-5, -0.0017368706606685806, 2.311937518763254]
FITS/p3_fit90s30yrs.jld2 loaded.
Previous model params: [3.6426120747899345e-6, 224.70077446079898, 3503.768822866925, -0.08203581801343524, -0.06537116376068644, 2.588833775840723e-6, 365.2564586427226, 3624.407468802014, -0.049482585662769106, -0.05048141351570051, 0.00039808657390304967, 4225.7716336362155, 1451.362492259091, -0.08676559941586837, 0.1205835243761421]
Finished lunar search: [2.3732617816821503e-6, 224.70077474143392, 3503.768813564557, 0.004671362136537427, -0.004207375689586078, 3.0787738756973176e-6, 365.25645031619973, 3624.4075949165813, 0.016694980784583018, -0.0010734561051127468, 0.0008668789840760016, 4247.48840561608, 580.6273722651484, 0.02423668673880076, -0.03441346479653256, 8.925271930672104e-5, -0.0017726257117773052, 2.313030303030303] in 2 iterations
Lunar chi-square: 5.11452506622737
Maximum: -63.651297212693095 Param: [2.3732679800103237e-6, 224.70077474142008, 3503.768813564753, 0.004671617740523981, -0.00420717662526743, 3.0787755361419554e-6, 365.2564503160581, 3624.4075949187336, 0.016695183036200895, -0.0010732998353347588, 0.000866877182630948, 4247.489346729854, 580.6232007436826, 0.02423662214820905, -0.03441377430785728, 8.925094708714082e-5, -0.0017726244420142457, 2.3133614384054777]
FITS/p3_fit100s16yrs.jld2 loaded.
Previous model params: [3.4801166013989863e-6, 224.7007886778993, 3503.7687324116996, -0.10668489310751562, -0.026571320948655847, 2.5009827490697005e-6, 365.2564091736884, 3624.4079094047283, -0.06950978589657267, -0.01890082601497365, 0.0008014799355711466, 4646.415954683732, 1105.0100823328569, 0.006862177494057209, 0.09793600792426196]
Finished lunar search: [2.4410620370416203e-6, 224.70078858641332, 3503.768713225202, -0.09445343810246706, -0.02884122916888373, 2.5425677494684687e-6, 365.25641134937945, 3624.407871226528, -0.062110134060803616, -0.020894446956109234, 0.0007617716205591393, 4534.190022304683, 1234.1768343908295, 0.007014347482599065, 0.09812598331832405, -0.00015547650676668297, -0.0010750012321479733, 2.2993939393939393] in 2 iterations
Lunar chi-square: 2.1839256220383385
Maximum: -16.403604030649365 Param: [2.4410640339545673e-6, 224.7007885864811, 3503.7687132235255, -0.09445369919188053, -0.028841956932095573, 2.542566554658422e-6, 365.2564113495589, 3624.407871223889, -0.062110306795048094, -0.020895027085623248, 0.0007617651629846671, 4534.185616431234, 1234.1793119668766, 0.007013043254885235, 0.09812615539940785, -0.00015548349461144047, -0.0010749980473580912, 2.299819030825518]
FITS/p3_fit100s18yrs.jld2 loaded.
Previous model params: [3.6490106089632675e-6, 224.70077748428696, 3503.768804911145, -0.09305429397492193, -0.02814818335932142, 2.532463725196671e-6, 365.25641680450576, 3624.40778554183, -0.05930841415395531, -0.020549326402137417, 0.0007840460212217953, 4469.117819622243, 1245.7645332369925, 0.007981996793513862, 0.09365159988096394]
Finished lunar search: [2.3531291728821098e-6, 224.70077867273162, 3503.768789486084, -0.08683605883718623, -0.030267696765809687, 2.5471835690524453e-6, 365.2564210006664, 3624.4077755903077, -0.05747132434276867, -0.02183003036811496, 0.0007416657416707961, 4451.510769825335, 1300.8074814236875, 0.005698685101128319, 0.09635382703818973, -0.0001266052907450831, -0.0011843367687068874, 2.3036363636363637] in 2 iterations
Lunar chi-square: 2.767630758502882
Maximum: -23.922803360523353 Param: [2.3531807508118625e-6, 224.70077867263288, 3503.7687894901205, -0.08683160314448726, -0.03026610361725279, 2.5472010352824783e-6, 365.2564210005462, 3624.407775590536, -0.05746781523044888, -0.02182883397461543, 0.000741716963265695, 4451.511978880465, 1300.794430426454, 0.005706609217449251, 0.09634692152831241, -0.00012660405286186164, -0.0011843216600080707, 2.3029245525765134]
FITS/p3_fit100s20yrs.jld2 loaded.
Previous model params: [3.709045388195587e-6, 224.7007808701272, 3503.7688142162683, -0.07058877632467901, -0.03075875112307659, 2.680864418644388e-6, 365.25640632583924, 3624.4079452379688, -0.04182466244252596, -0.023204887275943158, 0.0010364831095257074, 4684.582554398238, 924.9897582828637, 0.03557532216527983, 0.06706728037171748]
Finished lunar search: [2.1605350109163677e-6, 224.70078748256847, 3503.768704413363, -0.08157965549231636, -0.01728663288337662, 2.6099588230372176e-6, 365.25642802554825, 3624.4077311994142, -0.05450971751663924, -0.011267547125668922, 0.0007829697994782898, 4446.310919798851, 1387.095092097387, 0.028318574182080516, 0.0991434692000519, -7.597560226670589e-6, -0.0013562200667290181, 2.307272727272727] in 2 iterations
Lunar chi-square: 3.4556854258314558
Maximum: -32.24054142870044 Param: [2.1605727719986808e-6, 224.70078748241932, 3503.7687044168233, -0.08157702499183533, -0.01728604965419886, 2.6099699934012e-6, 365.25642802555024, 3624.407731198255, -0.054507639104358685, -0.011267100623020103, 0.0007830060091781017, 4446.310014491514, 1387.090254766264, 0.028323065643342457, 0.09913870225141876, -7.598364153887153e-6, -0.0013562048147366182, 2.3070735178252373]
FITS/p3_fit100s22yrs.jld2 loaded.
Previous model params: [3.4693375334704544e-6, 224.70078827873448, 3503.7686529626735, -0.0990893098281852, -0.05230821687111118, 2.594563266994276e-6, 365.2564726272446, 3624.407329905581, -0.06421389755012302, -0.03894678055466492, 0.0004499171931710711, 4218.979290300696, 1542.9338929546147, -0.06699976724049214, 0.12706433192895636]
Finished lunar search: [2.3609192277134725e-6, 224.70078893615027, 3503.7686251252367, 0.012392761405598389, -0.0027571611048446596, 3.1466828744238716e-6, 365.2564593137867, 3624.407481410028, 0.02141761400901234, 0.0001002804549871932, 0.000695493382280316, 4198.935593994761, 567.2226986186079, 0.006970363852340936, -0.06507922719533651, 9.56423935468223e-5, -0.0017943651607376296, 2.3127272727272725] in 2 iterations
Lunar chi-square: 2.1735982700799603
Maximum: -22.126943522677998 Param: [2.360946466562922e-6, 224.7007889362596, 3503.7686251232435, 0.012392700756937191, -0.0027560105614519103, 3.1466821824211586e-6, 365.2564593136329, 3624.407481412571, 0.021417584880895953, 0.00010118560466091547, 0.0006954899802737813, 4198.937832890396, 567.2056122718199, 0.006970531164390072, -0.0650811789732506, 9.564086498739544e-5, -0.0017943531628097935, 2.312061355936081]
FITS/p3_fit100s24yrs.jld2 loaded.
Previous model params: [3.829634741772113e-6, 224.70077941995763, 3503.7687468169684, -0.06711475240872358, -0.055798034384857025, 2.678661154498377e-6, 365.25647942347064, 3624.407267906393, -0.03814951345154426, -0.04226526763604429, 0.000431040226618777, 4211.024164439501, 1318.3443765885372, -0.10961722806517833, 0.07563430708125231]
Finished lunar search: [2.2836623846822323e-6, 224.70078036460822, 3503.7687293415283, 0.0005615645143303861, -0.005689260081412409, 3.050277054308445e-6, 365.2564673173664, 3624.4074281044923, 0.01353370291170648, -0.0018849533604764488, 0.0009439866794567931, 4227.46675902239, 575.3386819592486, 0.03486867848844958, -0.04515792569153787, 9.554175128889172e-5, -0.0017863163633465675, 2.3127272727272725] in 2 iterations
Lunar chi-square: 3.0163744059050788
Maximum: -34.7777508433932 Param: [2.2836791184142653e-6, 224.70078036466273, 3503.768729340397, 0.0005614581848490077, -0.005688830217764468, 3.0502763469285758e-6, 365.25646731730166, 3624.407428105763, 0.013533629274765991, -0.0018846135341420139, 0.0009439867286600499, 4227.467929819843, 575.3325241591868, 0.034868791743483236, -0.04515827468367961, 9.553911090354758e-5, -0.001786307207626234, 2.3130811567956324]
FITS/p3_fit100s26yrs.jld2 loaded.
Previous model params: [3.762254836942112e-6, 224.70077398355193, 3503.7688437323054, -0.0754947034914197, -0.056987729785582385, 2.6246001009632575e-6, 365.2564539156058, 3624.4075391315882, -0.04475538419823045, -0.044395612008603154, 0.0005168100733440541, 4276.591865691113, 1357.692112644662, -0.03327371765631151, 0.09580300941226069]
Finished lunar search: [2.150718160724018e-6, 224.70077713850682, 3503.7687790287205, 0.002664193321553077, -0.005512987842027415, 3.0602281624957483e-6, 365.2564583614896, 3624.4075226812593, 0.015058254110394397, -0.0018687584505779236, 0.001001011777067184, 4243.510166381875, 577.8998382439408, 0.04088640536918399, -0.03562455466503299, 2.8668341142861688e-5, -0.001864254883253616, 2.3093939393939396] in 2 iterations
Lunar chi-square: 3.4339842048740263
Maximum: -41.94651953641411 Param: [2.1507128888695426e-6, 224.70077713850503, 3503.7687790285368, 0.0026641812325850617, -0.005512958918606086, 3.0602283251361403e-6, 365.256458361636, 3624.407522678437, 0.015058242090370407, -0.0018687478187766494, 0.0010010097340184129, 4243.507393311496, 577.9071235905521, 0.04088625377669908, -0.03562432975188927, 2.8669798943712816e-5, -0.0018642573253602863, 2.3099147450188684]
FITS/p3_fit100s28yrs.jld2 loaded.
Previous model params: [3.6267916150220744e-6, 224.70077536197863, 3503.768810287836, -0.08573866962058696, -0.06564448405302177, 2.5836447926171927e-6, 365.2564555374272, 3624.4074976209527, -0.052424772520583605, -0.05061712472029639, 0.00040729491393550507, 4227.745584959985, 1455.1092469007494, -0.08419701029753444, 0.11994129329032689]
Finished lunar search: [2.408658409171973e-6, 224.70077635648005, 3503.7687876294403, 0.0034924919252592194, -0.00332070986564686, 3.0632607375150233e-6, 365.25644901017216, 3624.407606359686, 0.016089166891779073, -0.0002217372191224063, 0.0008926285726618196, 4244.284850364607, 572.5839826258243, 0.028130660198628882, -0.035218715434260923, 7.261254930812736e-5, -0.0017368726113832188, 2.311818181818182] in 2 iterations
Lunar chi-square: 4.01355079248966
Maximum: -50.72318618807345 Param: [2.4086452817386165e-6, 224.70077635647488, 3503.768787629569, 0.003492466275555077, -0.0033211306044137723, 3.063260853602431e-6, 365.25644901043836, 3624.4076063550606, 0.016089137882773445, -0.00022207955019660906, 0.0008926272651320739, 4244.281522749585, 572.5965848705446, 0.0281303770640206, -0.03521809249501232, 7.26157849917491e-5, -0.0017368776117145342, 2.31193779024449]
FITS/p3_fit100s30yrs.jld2 loaded.
Previous model params: [3.642583051572719e-6, 224.70077446091975, 3503.768822863885, -0.08203874666332074, -0.06537201419568922, 2.5888212577375747e-6, 365.2564586432213, 3624.407468794233, -0.049484912897670305, -0.05048202865874134, 0.0003980737543607773, 4225.766403887608, 1451.3887504217562, -0.08677042667397677, 0.12058995668371769]
Finished lunar search: [2.3732463098850166e-6, 224.7007747414056, 3503.768813565436, 0.004671497311302933, -0.004207640890720333, 3.078774915857741e-6, 365.2564503160877, 3624.407594918142, 0.016695080250731777, -0.0010736619257080107, 0.0008668826145957874, 4247.488911810779, 580.6307602741161, 0.024237126557925107, -0.03441284333268246, 8.925399740087757e-5, -0.001772633262716032, 2.313030303030303] in 2 iterations
Lunar chi-square: 4.142765303816461
Maximum: -55.43317699300459 Param: [2.373259802458519e-6, 224.70077474143602, 3503.7688135644457, 0.004671368709770789, -0.004206893005759401, 3.0787741219257487e-6, 365.2564503162064, 3624.4075949163916, 0.01669497561496609, -0.0010730602503993337, 0.0008668822987050043, 4247.487898155634, 580.6256394638111, 0.024237375537677453, -0.03441358601262908, 8.925617848616262e-5, -0.0017726276829314032, 2.3133616066384493]
FITS/p3_fit110s16yrs.jld2 loaded.
Previous model params: [3.480095826902275e-6, 224.70078867801647, 3503.76873240904, -0.10668713076636083, -0.02657136933839808, 2.500973845764443e-6, 365.2564091739018, 3624.4079094031526, -0.06951151427005713, -0.01890083279175788, 0.000801459145581837, 4646.414667913968, 1105.018852868134, 0.00685956039966768, 0.09793908001024314]
Finished lunar search: [2.4410144182272157e-6, 224.70078858675856, 3503.7687132172837, -0.09445752712995244, -0.028841065049604944, 2.5425515001696233e-6, 365.2564113505284, 3624.4078712141936, -0.062113349210482185, -0.02089424408997932, 0.0007617310652564654, 4534.176367762824, 1234.2099089043397, 0.007009639941142089, 0.0981322469183176, -0.00015547234948443063, -0.0010750172239976656, 2.2993939393939393] in 2 iterations
Lunar chi-square: 1.804897208482543
Maximum: -12.400576481036435 Param: [2.4410298237318736e-6, 224.70078858663481, 3503.768713219856, -0.09445615239311315, -0.028841653044403667, 2.5425570825078572e-6, 365.2564113501381, 3624.4078712184087, -0.062112267679944363, -0.020894741097740754, 0.0007617414137809544, 4534.1815171751705, 1234.1956062136337, 0.007010306022151217, 0.09813009619080228, -0.00015547591927113724, -0.00107501216133706, 2.299819763160407]
FITS/p3_fit110s18yrs.jld2 loaded.
Previous model params: [3.6490164458257296e-6, 224.7007774841418, 3503.768804913804, -0.09305375502275506, -0.02814793594084234, 2.532465797932706e-6, 365.25641680389305, 3624.4077855477926, -0.059307990865095375, -0.020549149591466268, 0.0007840543887871141, 4469.122293457092, 1245.7580370626922, 0.007983164553691656, 0.09365089201353878]
Finished lunar search: [2.35321646364821e-6, 224.70077867213152, 3503.7687894987184, -0.08682914621018514, -0.030266928228622363, 2.547210356638467e-6, 365.256420998474, 3624.407775609591, -0.05746582306410156, -0.0218295622682024, 0.0007417400668776496, 4451.527390286524, 1300.7581654506976, 0.00570800270975503, 0.09634277906638192, -0.0001266167830206091, -0.0011843057904737087, 2.3036363636363637] in 2 iterations
Lunar chi-square: 2.287298148243852
Maximum: -19.44322491712578 Param: [2.353174147938116e-6, 224.70077867254687, 3503.7687894909864, -0.08683218143756122, -0.030266759615005055, 2.5471982642760946e-6, 365.2564210001395, 3624.4077755945063, -0.05746826612124128, -0.021829349864352598, 0.0007417085847421718, 4451.515097928553, 1300.7886995023093, 0.005704653268054777, 0.09634776618491614, -0.00012660656627513543, -0.0011843230988325957, 2.302924697358054]
FITS/p3_fit110s20yrs.jld2 loaded.
Previous model params: [3.709035525831271e-6, 224.70078087019007, 3503.7688142147717, -0.07058967796904042, -0.030758919669085328, 2.6808602444526534e-6, 365.25640632585095, 3624.4079452381793, -0.041825352069623914, -0.023205001168293757, 0.0010364663615569402, 4684.582554398238, 924.9945298951902, 0.03557422967182335, 0.06706870352905259]
Finished lunar search: [2.1605632583004524e-6, 224.7007874819574, 3503.7687044237755, -0.08157811104445863, -0.01728696954803613, 2.609966449795024e-6, 365.2564280237035, 3624.4077312183204, -0.05450848161838991, -0.011267877506768055, 0.0007829905852713056, 4446.328728581706, 1387.0637955366083, 0.028319882845229054, 0.09914077622327831, -7.605171898856458e-6, -0.001356204496133353, 2.307272727272727] in 2 iterations
Lunar chi-square: 2.855938367054104
Maximum: -27.284412066115213 Param: [2.160561842780694e-6, 224.70078748205728, 3503.7687044221643, -0.08157792318324524, -0.01728651023282251, 2.6099673434932627e-6, 365.2564280240716, 3624.407731213907, -0.05450834167917782, -0.01126750185341447, 0.0007829950656929384, 4446.324356498319, 1387.07260987956, 0.02832106077059717, 0.09914042866695934, -7.601799005259303e-6, -0.0013562072407150513, 2.3070735793105]
FITS/p3_fit110s22yrs.jld2 loaded.
Previous model params: [3.4693263914493434e-6, 224.7007882787507, 3503.768652962833, -0.09909056777597217, -0.05230860731881873, 2.594556996435183e-6, 365.25647262725766, 3624.407329906668, -0.06421489068263775, -0.03894706659997039, 0.00044991279314241395, 4218.9820779171305, 1542.932396168337, -0.06700203668882451, 0.12706582429130012]
Finished lunar search: [2.360899844773339e-6, 224.70078893609352, 3503.768625126274, 0.012392999615914009, -0.0027581469874788, 3.146684859229244e-6, 365.2564593139216, 3624.407481407104, 0.021417785221120856, 9.949604606110591e-5, 0.0006954907475540585, 4198.932608347353, 567.2378016300511, 0.006969266069557307, -0.0650781488239814, 9.564401788152826e-5, -0.0017943742719352302, 2.3127272727272725] in 2 iterations
Lunar chi-square: 1.7963622052142398
Maximum: -16.694263250613844 Param: [2.3609359708063745e-6, 224.7007889362641, 3503.7686251234845, 0.012393274076561635, -0.0027566485466301244, 3.1466858961952927e-6, 365.25645931371, 3624.4074814115734, 0.021418002706936577, 0.00010066433172722636, 0.0006954832683426886, 4198.937445798353, 567.2116804655118, 0.00696894064077969, -0.06508115581284964, 9.564166255175471e-5, -0.0017943600678686211, 2.3120616446355693]
FITS/p3_fit110s24yrs.jld2 loaded.
Previous model params: [3.8294602532449925e-6, 224.7007794191464, 3503.7687468332624, -0.06713258640566099, -0.0557984980601783, 2.6785709429959446e-6, 365.2564794231453, 3624.407267918202, -0.03816369326350997, -0.04226542525933341, 0.00043104153703275465, 4211.040614529675, 1318.4508814938827, -0.10960458309649962, 0.07566562893290328]
Finished lunar search: [2.2836592323731144e-6, 224.70078036459935, 3503.7687293418335, 0.0005615301463918252, -0.005689346649427676, 3.050276678492393e-6, 365.25646731735543, 3624.40742810505, 0.013533670372545258, -0.001885014093587101, 0.000943988546705625, 4227.467863811855, 575.336777957806, 0.0348688030348076, -0.04515787948568486, 9.55425768015861e-5, -0.0017863176888811823, 2.3127272727272725] in 2 iterations
Lunar chi-square: 2.492871411064604
Maximum: -28.773209531208682 Param: [2.283673565334306e-6, 224.7007803646415, 3503.768729340923, 0.0005615031870496535, -0.005688865861287125, 3.0502765354833356e-6, 365.25646731725493, 3624.407428106619, 0.013533658884810118, -0.001884634482517236, 0.000943989329332034, 4227.4688552946145, 575.3309889631365, 0.0348690773848636, -0.04515813509367311, 9.554030631240629e-5, -0.0017863105911829313, 2.313081244794913]
FITS/p3_fit110s26yrs.jld2 loaded.
Previous model params: [3.7622971911553078e-6, 224.70077398355662, 3503.7688437325173, -0.07549055453392305, -0.056987278655960746, 2.6246191825825454e-6, 365.2564539154239, 3624.4075391337065, -0.04475208835930789, -0.04439534304846844, 0.0005168234887992767, 4276.591865691113, 1357.668658625102, -0.03327164854739701, 0.09579709487653472]
Finished lunar search: [2.1507282714013295e-6, 224.70077713852993, 3503.768779028029, 0.002664290692644635, -0.005512475289299637, 3.0602287881563963e-6, 365.256458361445, 3624.4075226819805, 0.015058328339996927, -0.001868359307211921, 0.001001009928786088, 4243.5103254201895, 577.8959745794707, 0.040886477156461196, -0.03562483794468193, 2.8668418985807736e-5, -0.0018642510241374784, 2.3093939393939396] in 2 iterations
Lunar chi-square: 2.838003475083555
Maximum: -35.46542730949305 Param: [2.150709777070432e-6, 224.70077713849287, 3503.7687790288137, 0.0026642388451205883, -0.005513098443729454, 3.060228717673356e-6, 365.25645836163216, 3624.407522678498, 0.015058282906129266, -0.0018688665044649013, 0.0010010078801821324, 4243.507468764313, 577.9083389773541, 0.04088601452785866, -0.035624253750698415, 2.8670382066790354e-5, -0.0018642588566812088, 2.3099148237755003]
FITS/p3_fit110s28yrs.jld2 loaded.
Previous model params: [3.6267324699299057e-6, 224.7007753620741, 3503.76881028475, -0.08574483201692848, -0.06564440443631617, 2.5836174483381655e-6, 365.256455537872, 3624.407497613148, -0.05242966894859043, -0.05061695245653193, 0.00040727409829881885, 4227.7395157072715, 1455.157038175547, -0.08420346780653853, 0.11995482266196952]
Finished lunar search: [2.408652490688748e-6, 224.70077635648516, 3503.768787629252, 0.003492384874280831, -0.0033207540626347403, 3.0632601111651843e-6, 365.25644901036713, 3624.4076063562648, 0.01608907213415748, -0.0002217726787396242, 0.000892628904030339, 4244.282863982279, 572.5892533392672, 0.028130670431556436, -0.035218527547751795, 7.261606483232263e-5, -0.0017368745250390919, 2.311818181818182] in 2 iterations
Lunar chi-square: 3.3169841296291915
Maximum: -43.7655431020235 Param: [2.4086617447211855e-6, 224.70077635650082, 3503.7687876288733, 0.0034925663048211127, -0.0033203294598466637, 3.0632611659739227e-6, 365.2564490102515, 3624.4076063584675, 0.01608921992510146, -0.00022144025976657147, 0.00089262701544027, 4244.283458607041, 572.5848987535521, 0.02813071156476151, -0.03521886384517073, 7.261469238017517e-5, -0.0017368717674263632, 2.311937499347354]
FITS/p3_fit110s30yrs.jld2 loaded.
Previous model params: [3.642633682039613e-6, 224.70077446076598, 3503.7688228676047, -0.08203335053652469, -0.06537129018495856, 2.58884666206347e-6, 365.2564586425316, 3624.4074688045334, -0.049480625281984124, -0.050481553324052256, 0.0003980896540931738, 4225.772566059713, 1451.3477319879958, -0.08676597771248735, 0.1205797771515972]
Finished lunar search: [2.3732320558072325e-6, 224.7007747414017, 3503.7688135659014, 0.004671124582067267, -0.00420823816783116, 3.078772782145482e-6, 365.25645031615375, 3624.407594917176, 0.016694795942901658, -0.0010741313072278986, 0.0008668878952243207, 4247.488732895917, 580.63828955433, 0.024237350888802158, -0.034411817827828345, 8.925294399828268e-5, -0.0017726373235705567, 2.313030303030303] in 2 iterations
Lunar chi-square: 3.42377297933424
Maximum: -47.99898297935667 Param: [2.373278194896773e-6, 224.7007747414089, 3503.7688135647704, 0.004671189429952805, -0.004206145183939333, 3.0787731963399734e-6, 365.2564503157998, 3624.4075949227295, 0.016694841091045135, -0.0010724502536229772, 0.0008668872113028967, 4247.492416378233, 580.6069597821007, 0.024238075268982924, -0.034414471165115174, 8.925477195240342e-5, -0.0017726194649455677, 2.313361324485633]
FITS/p3_fit120s16yrs.jld2 loaded.
Previous model params: [3.4801269341114463e-6, 224.70078867775877, 3503.768732415096, -0.10668382870273685, -0.026571412185902078, 2.5009865918201676e-6, 365.2564091729939, 3624.4079094128447, -0.0695089573335496, -0.018900924752000683, 0.0008014918488206799, 4646.426260847958, 1104.9932435815501, 0.006863228726217615, 0.0979344239246865]
Finished lunar search: [2.441028748993047e-6, 224.70078858676624, 3503.768713216671, -0.09445597762484548, -0.028842175285259126, 2.5425578406803944e-6, 365.25641135078894, 3624.4078712101095, -0.062112117430649455, -0.020895151399498716, 0.0007617368062782966, 4534.1697204842485, 1234.2077125540418, 0.007009752370809213, 0.09812993566330426, -0.00015548264949920716, -0.0010750149500840028, 2.2993939393939393] in 2 iterations
Lunar chi-square: 1.5166150174186412
Maximum: -8.746098674578354 Param: [2.4410600251449713e-6, 224.70078858638476, 3503.7687132252877, -0.09445437880488668, -0.02884297043574476, 2.542563913206978e-6, 365.2564113489377, 3624.407871231578, -0.06211082018081474, -0.020895822875281717, 0.0007617562919343486, 4534.195157991139, 1234.1657689878841, 0.0070107675791901925, 0.09812698087587073, -0.00015548720901491974, -0.001074995940051022, 2.299819310567952]
FITS/p3_fit120s18yrs.jld2 loaded.
Previous model params: [3.6490275537693046e-6, 224.7007774841632, 3503.7688049139992, -0.09305272899579521, -0.028147822618626, 2.5324698349798976e-6, 365.2564168040963, 3624.4077855457986, -0.05930720274886373, -0.02054907494608164, 0.0007840635420893608, 4469.12092402048, 1245.7557773342048, 0.007984348945104977, 0.09364943275513717]
Finished lunar search: [2.3531829190936494e-6, 224.70077867252968, 3503.7687894917394, -0.08683157336885935, -0.030266252105568162, 2.547200816847149e-6, 365.2564210000968, 3624.407775594996, -0.05746778548968176, -0.021828959976081988, 0.00074171726616728, 4451.515670005869, 1300.7880053640604, 0.005706281271065821, 0.09634689795045015, -0.00012660592927865274, -0.001184319906406865, 2.3036363636363637] in 2 iterations
Lunar chi-square: 1.9219658045333512
Maximum: -15.353690191420982 Param: [2.3531801374720943e-6, 224.70077867245854, 3503.7687894923656, -0.08683182625228504, -0.030266817158190254, 2.5471997465845833e-6, 365.25642099977745, 3624.407775597516, -0.05746797756642582, -0.02182940504192264, 0.0007417121071074245, 4451.517873550388, 1300.782568658225, 0.005704723633349736, 0.0963470681262108, -0.00012660867378422555, -0.0011843201648648813, 2.302924499816403]
FITS/p3_fit120s20yrs.jld2 loaded.
Previous model params: [3.7090472338230735e-6, 224.70078087007846, 3503.7688142172387, -0.07058864313471723, -0.03075839382847964, 2.6808649634589666e-6, 365.2564063257656, 3624.407945238204, -0.041824567159857724, -0.02320460479570331, 0.0010364904904121683, 4684.582554398238, 924.9913792253731, 0.03557602260204368, 0.06706696695362586]
Finished lunar search: [2.1605310454905474e-6, 224.70078748276575, 3503.768704410237, -0.08157970695131425, -0.01728600209706033, 2.609958444933998e-6, 365.25642802623656, 3624.4077311919277, -0.05450977846745469, -0.011267024634194009, 0.0007829708954918772, 4446.302657901417, 1387.1094562022156, 0.028319444562316994, 0.09914352752105005, -7.5926141998855165e-6, -0.0013562239827328974, 2.307272727272727] in 2 iterations
Lunar chi-square: 2.3997815426776756
Maximum: -22.759820442493503 Param: [2.160550054987164e-6, 224.7007874823998, 3503.7687044165214, -0.08157862869919032, -0.017286447954948696, 2.609963403584468e-6, 365.2564280251587, 3624.4077312030877, -0.05450891184912611, -0.011267411674963696, 0.0007829841383434009, 4446.313938261637, 1387.0884999942687, 0.02832019624162578, 0.09914168033601138, -7.598578065987596e-6, -0.0013562135272767826, 2.307073781376193]
FITS/p3_fit120s22yrs.jld2 loaded.
Previous model params: [3.4693079556336934e-6, 224.70078827877452, 3503.7686529624766, -0.09909263637760893, -0.05230825698533077, 2.594548108334094e-6, 365.25647262704945, 3624.4073299083807, -0.0642165234356612, -0.038946750063300825, 0.00044990996349560396, 4218.980481398216, 1542.9463764594402, -0.06700117410006366, 0.12706871349370083]
Finished lunar search: [2.3609024002956394e-6, 224.7007889360943, 3503.7686251263485, 0.01239312730782739, -0.0027581239992804174, 3.146685407697362e-6, 365.2564593138651, 3624.4074814081287, 0.02141788742570884, 9.951977766036641e-5, 0.0006954898850761507, 4198.933847015944, 567.2326152927762, 0.006969268800135047, -0.06507866061189514, 9.564382063032462e-5, -0.0017943740367762692, 2.3127272727272725] in 2 iterations
Lunar chi-square: 1.5094432433811025
Maximum: -11.734614790520842 Param: [2.3608745116142265e-6, 224.70078893601584, 3503.7686251276086, 0.012392632206347747, -0.002758785002185374, 3.146682803000325e-6, 365.2564593140904, 3624.407481404576, 0.02141748686490106, 9.901237413367343e-5, 0.0006954970251140113, 4198.931223649528, 567.2468101246392, 0.006969863296563977, -0.06507671924458061, 9.564905919564663e-5, -0.0017943843624291678, 2.3120627602682235]
FITS/p3_fit120s24yrs.jld2 loaded.
Previous model params: [3.829568769096564e-6, 224.70077941980233, 3503.7687468192908, -0.06712133414410024, -0.05579867931653254, 2.678628637866706e-6, 365.2564794238312, 3624.4072679018445, -0.038154743499742454, -0.04226567153902736, 0.00043103231737546584, 4211.021349262363, 1318.3949146350042, -0.109617720304871, 0.07564544360206447]
Finished lunar search: [2.283687576041456e-6, 224.70078036468632, 3503.7687293401063, 0.0005612848610305933, -0.005688690370968908, 3.0502751460495532e-6, 365.25646731725175, 3624.407428107109, 0.013533503148208984, -0.00188448614080365, 0.0009439908909493578, 4227.469857982106, 575.3249985849038, 0.03486926138869959, -0.04515852626931293, 9.553657999140072e-5, -0.0017863024989387397, 2.3127272727272725] in 2 iterations
Lunar chi-square: 2.094704449464116
Maximum: -23.29149277919274 Param: [2.2836921100392894e-6, 224.7007803646937, 3503.7687293400263, 0.0005614485541712387, -0.0056884299163156215, 3.050275802293788e-6, 365.25646731717234, 3624.4074281090684, 0.013533615529159654, -0.0018842753948661599, 0.0009439911509753769, 4227.4721874104725, 575.3175368424253, 0.03486947358270742, -0.04515886394197482, 9.553733390049044e-5, -0.001786301357890692, 2.3130809522351607]
FITS/p3_fit120s26yrs.jld2 loaded.
Previous model params: [3.7622928956744734e-6, 224.7007739835655, 3503.76884373216, -0.07549091921132128, -0.05698761662700462, 2.6246175837948656e-6, 365.256453915502, 3624.4075391325196, -0.04475238345251904, -0.04439559387969268, 0.000516819539914632, 4276.591865691113, 1357.670995640861, -0.03327283886242542, 0.09579795355567154]
Finished lunar search: [2.1506960553936986e-6, 224.70077713846536, 3503.768779029613, 0.0026642001976419838, -0.005513607998586692, 3.060228515940468e-6, 365.25645836169275, 3624.4075226775753, 0.015058246712135577, -0.0018692677209113803, 0.0010010088909515992, 4243.507121523769, 577.9132568606096, 0.040885888123173036, -0.03562393357919724, 2.8671445253433136e-5, -0.0018642648142564902, 2.3093939393939396] in 3 iterations
Lunar chi-square: 2.3847112538797823
Maximum: -29.548653681483234 Param: [2.150696482325267e-6, 224.70077713848514, 3503.7687790289465, 0.00266436186123359, -0.005513543245985264, 3.0602295649110564e-6, 365.2564583619467, 3624.4075226731384, 0.015058368610753924, -0.0018692290258842008, 0.0010010046745241683, 4243.503363907928, 577.9212285866306, 0.04088571919311495, -0.03562395121793705, 2.8672192255321983e-5, -0.0018642651157466756, 2.309915014501784]
FITS/p3_fit120s28yrs.jld2 loaded.
Previous model params: [3.626738620081672e-6, 224.70077536205915, 3503.768810285411, -0.08574421348272881, -0.06564481722292936, 2.583619663580722e-6, 365.2564555377695, 3624.407497614989, -0.05242917707643032, -0.05061728964649038, 0.0004072769742478891, 4227.740959378769, 1455.1505763979528, -0.08420225807793333, 0.1199530499904931]
Finished lunar search: [2.408652158409413e-6, 224.70077635648602, 3503.7687876293016, 0.0034925238037045677, -0.0033207689678626676, 3.0632608783704034e-6, 365.2564490103404, 3624.407606356709, 0.016089182803282795, -0.00022178303993871705, 0.0008926287983192489, 4244.282689079194, 572.5899919941144, 0.02813080121198531, -0.03521852681188126, 7.261613641170994e-5, -0.0017368753839370364, 2.311818181818182] in 2 iterations
Lunar chi-square: 2.787188054101862
Maximum: -37.413712591378186 Param: [2.408654076162038e-6, 224.7007763564841, 3503.7687876292657, 0.0034925165728049382, -0.003320751720040699, 3.063260909459101e-6, 365.2564490103399, 3624.4076063568878, 0.016089177018880206, -0.0002217856542879289, 0.0008926260027567022, 4244.282891023882, 572.58981090202, 0.028130338556127125, -0.0352185390616808, 7.261479933687804e-5, -0.001736874517207313, 2.3119376544767074]
FITS/p3_fit120s30yrs.jld2 loaded.
Previous model params: [3.6426190299840244e-6, 224.70077446087956, 3503.7688228648035, -0.08203493192717563, -0.06537166007557474, 2.588838882880252e-6, 365.25645864300003, 3624.407468797455, -0.04948188740820125, -0.05048181152068693, 0.00039808171128325316, 4225.768420691771, 1451.3636520039113, -0.08676909500008201, 0.12058344107845084]
Finished lunar search: [2.373257308374025e-6, 224.70077474140834, 3503.7688135651674, 0.004671184258733378, -0.004206938855374846, 3.078773035714037e-6, 365.25645031601493, 3624.4075949193557, 0.016694834880584982, -0.0010730817461236275, 0.0008668891967800058, 4247.4901155225925, 580.6207078432485, 0.024238181433470972, -0.034413435285725096, 8.925552833560714e-5, -0.001772627903693362, 2.313030303030303] in 2 iterations
Lunar chi-square: 2.8769203484079724
Maximum: -41.21209554322219 Param: [2.37326121014674e-6, 224.70077474142468, 3503.7688135647227, 0.004671525056223272, -0.004207029464518088, 3.0787751070351884e-6, 365.25645031610276, 3624.407594918014, 0.01669510161401905, -0.0010731761936035628, 0.0008668803344416969, 4247.488833753184, 580.6244843107013, 0.024237059809420595, -0.03441354350050771, 8.92542420859943e-5, -0.0017726274619817642, 2.3133615659608147]
