FITS/fromEMB/p2_fit10s15yrs.jld2 loaded.
Previous model params: [2.059861922391522e-6, 224.70079813238084, 3503.7653238572766, -0.012522574554381976, 0.008525199317637358, 2.899827843805264e-6, 365.2564243189991, 3624.4026999784046, -0.00012480085413035395, 0.007317263808938635]
Finished 3-planet fit w/ fixed period: [2.588021062700409e-6, 224.7008048532945, 3503.76516109355, 0.02277773334827664, 0.001968959945491231, 3.1389760863525057e-6, 365.25642050643614, 3624.402477764014, 0.031155149203579455, 0.0036534373021021352, 0.0006920949895379926, 4334.71437219155, 315.83126360409716, 0.004729242481601679, -0.07798870207450206] in 2 iterations
New 3-planet chi-square: 80.34220104122937
Maximum: -85.5327529901473 Param: [2.5877014330752434e-6, 224.70080485648322, 3503.765161018123, 0.022747092883622783, 0.0019606914008352245, 3.138742157665945e-6, 365.2564205503796, 3624.4024772128646, 0.03112988827870778, 0.0036469892582188753, 0.0006921668751408663, 4334.145562313688, 316.6978093936337, 0.004770327397959425, -0.07797482233618493]
1345.368299 seconds (324.40 M allocations: 29.988 GiB, 0.63% gc time)
FITS/fromEMB/p2_fit30s15yrs.jld2 loaded.
Previous model params: [2.059709669100685e-6, 224.70079813167473, 3503.765323868638, -0.012536208623951477, 0.008524322457084108, 2.899753377374316e-6, 365.25642431952707, 3624.402699973551, -0.00013630562527736128, 0.007316371281050921]
Finished 3-planet fit w/ fixed period: [2.588026263684675e-6, 224.70080485328967, 3503.7651610934186, 0.022778385447102874, 0.001969147788532617, 3.138980563372001e-6, 365.25642050646695, 3624.4024777642176, 0.031155664683024588, 0.0036535646927300497, 0.0006920874198235019, 4334.71437219155, 315.83229729094546, 0.004727795795927708, -0.07798913092451484] in 2 iterations
New 3-planet chi-square: 8.926911232468637
Maximum: -42.6868737444665 Param: [2.5877122358714917e-6, 224.70080485651658, 3503.7651610167927, 0.022748094162806123, 0.0019606578975840177, 3.1387471139966366e-6, 365.2564205511527, 3624.402477203401, 0.03113063190398157, 0.003646920310625977, 0.0006921500486157939, 4334.134413775882, 316.71288246264857, 0.004767939831880913, -0.07797649817619198]
1388.406555 seconds (325.17 M allocations: 30.058 GiB, 0.56% gc time)
FITS/fromEMB/p2_fit60s15yrs.jld2 loaded.
Previous model params: [2.059709669100685e-6, 224.70079813167473, 3503.765323868638, -0.012536208623951477, 0.008524322457084108, 2.899753377374316e-6, 365.25642431952707, 3624.402699973551, -0.00013630562527736128, 0.007316371281050921]
Finished 3-planet fit w/ fixed period: [2.588026263684675e-6, 224.70080485328967, 3503.7651610934186, 0.022778385447102874, 0.001969147788532617, 3.138980563372001e-6, 365.25642050646695, 3624.4024777642176, 0.031155664683024588, 0.0036535646927300497, 0.0006920874198235019, 4334.71437219155, 315.83229729094546, 0.004727795795927708, -0.07798913092451484] in 2 iterations
New 3-planet chi-square: 2.231727808117159
Maximum: -15.654133702628636 Param: [2.5877122358714917e-6, 224.70080485651658, 3503.7651610167927, 0.022748094162806123, 0.0019606578975840177, 3.1387471139966366e-6, 365.2564205511527, 3624.402477203401, 0.03113063190398157, 0.003646920310625977, 0.0006921500486157939, 4334.134413775882, 316.71288246264857, 0.004767939831880913, -0.07797649817619198]
1561.787442 seconds (325.16 M allocations: 30.057 GiB, 0.50% gc time)
FITS/fromEMB/p2_fit80s15yrs.jld2 loaded.
Previous model params: [2.059861922391522e-6, 224.70079813238084, 3503.7653238572766, -0.012522574554381976, 0.008525199317637358, 2.899827843805264e-6, 365.2564243189991, 3624.4026999784046, -0.00012480085413035395, 0.007317263808938635]
Finished 3-planet fit w/ fixed period: [2.588021062700409e-6, 224.7008048532945, 3503.76516109355, 0.02277773334827664, 0.001968959945491231, 3.1389760863525057e-6, 365.25642050643614, 3624.402477764014, 0.031155149203579455, 0.0036534373021021352, 0.0006920949895379926, 4334.71437219155, 315.83126360409716, 0.004729242481601679, -0.07798870207450206] in 2 iterations
New 3-planet chi-square: 1.255346891269209
Maximum: -4.434532864633698 Param: [2.5877014330752434e-6, 224.70080485648322, 3503.765161018123, 0.022747092883622783, 0.0019606914008352245, 3.138742157665945e-6, 365.2564205503796, 3624.4024772128646, 0.03112988827870778, 0.0036469892582188753, 0.0006921668751408663, 4334.145562313688, 316.6978093936337, 0.004770327397959425, -0.07797482233618493]
1438.188847 seconds (324.34 M allocations: 29.982 GiB, 0.54% gc time)
FITS/fromEMB/p2_fit90s15yrs.jld2 loaded.
Previous model params: [2.059871797134157e-6, 224.70079813238647, 3503.765323857156, -0.012521257309804336, 0.008525047839109335, 2.8998348334497836e-6, 365.25642431901804, 3624.4026999782614, -0.00012368161784370816, 0.00731718257304671]
Finished 3-planet fit w/ fixed period: [2.5880301328491904e-6, 224.70080485327617, 3503.765161093481, 0.022778506298452746, 0.001969286685252625, 3.138980767003438e-6, 365.2564205062839, 3624.402477765475, 0.031155747708182205, 0.0036536658655814333, 0.0006920850081262437, 4334.71437219155, 4650.542786065797, 0.0047275862066058815, -0.07798988212053672] in 2 iterations
New 3-planet chi-square: 0.9918790243086156
Maximum: 0.1590055434966889 Param: [2.5877197606259577e-6, 224.70080485643126, 3503.7651610185408, 0.022748812484616826, 0.001960670676031842, 3.1387521098189417e-6, 365.2564205501712, 3624.402477215093, 0.03113121470022665, 0.0036469251769689266, 0.000692146601914805, 4334.146531349934, 4650.840402382299, 0.004766605627486089, -0.0779771319471607]
1344.866403 seconds (324.76 M allocations: 30.021 GiB, 0.57% gc time)
FITS/fromEMB/p2_fit100s15yrs.jld2 loaded.
Previous model params: [2.0598911942301787e-6, 224.70079813245886, 3503.765323856113, -0.012518252140840213, 0.008524720678514496, 2.899851713412556e-6, 365.25642431908426, 3624.402699977865, -0.00012132333644734133, 0.007316883676283982]
Finished 3-planet fit w/ fixed period: [2.5880188788394267e-6, 224.70080485328089, 3503.7651610937223, 0.022777595736794762, 0.0019688089814324655, 3.138975323210818e-6, 365.25642050644217, 3624.402477763815, 0.031155043499803255, 0.003653320192914475, 0.000692095889759837, 4334.71437219155, 315.8323653241994, 0.004729240704866289, -0.07798845759086492] in 2 iterations
New 3-planet chi-square: 0.8034220102008903
Maximum: 4.268065641751483 Param: [2.5877107067555368e-6, 224.70080485647873, 3503.765161017918, 0.022748000305194156, 0.001960579155905342, 3.138747053569245e-6, 365.25642055060655, 3624.4024772102625, 0.03113057560964812, 0.0036468758994818444, 0.0006921552320392783, 4334.1424157177535, 316.70153496713573, 0.004768419765846676, -0.07797607128166412]
1522.281265 seconds (324.71 M allocations: 30.016 GiB, 0.54% gc time)
FITS/fromEMB/p2_fit110s15yrs.jld2 loaded.
Previous model params: [2.059899675656153e-6, 224.70079813246852, 3503.7653238558864, -0.012516189847418108, 0.008524812734106279, 2.899864534187375e-6, 365.2564243190769, 3624.4026999779353, -0.00011967989433855785, 0.007316949514194103]
Finished 3-planet fit w/ fixed period: [2.588013156141281e-6, 224.70080485328262, 3503.765161093818, 0.022777129323747813, 0.0019685764413384555, 3.1389726179547243e-6, 365.2564205065227, 3624.4024777629306, 0.031154684454659985, 0.003653151140762206, 0.0006921015768171679, 4334.71437219155, 4650.548996826343, 0.00473004021711063, -0.0779876693623422] in 2 iterations
New 3-planet chi-square: 0.6639851324088186
Maximum: 7.985162653785694 Param: [2.587721222467949e-6, 224.70080485643348, 3503.765161018689, 0.022748929150314432, 0.0019607405321681697, 3.138753029967163e-6, 365.2564205501146, 3624.4024772162647, 0.031131310399735358, 0.003646979579598809, 0.000692147067530674, 4334.1475402771075, 4650.839925248717, 0.004766742923471214, -0.07797702334827941]
1445.532449 seconds (325.29 M allocations: 30.069 GiB, 0.55% gc time)
FITS/fromEMB/p2_fit120s15yrs.jld2 loaded.
Previous model params: [2.059709669100685e-6, 224.70079813167473, 3503.765323868638, -0.012536208623951477, 0.008524322457084108, 2.899753377374316e-6, 365.25642431952707, 3624.402699973551, -0.00013630562527736128, 0.007316371281050921]
Finished 3-planet fit w/ fixed period: [2.588026263684675e-6, 224.70080485328967, 3503.7651610934186, 0.022778385447102874, 0.001969147788532617, 3.138980563372001e-6, 365.25642050646695, 3624.4024777642176, 0.031155664683024588, 0.0036535646927300497, 0.0006920874198235019, 4334.71437219155, 315.83229729094546, 0.004727795795927708, -0.07798913092451484] in 2 iterations
New 3-planet chi-square: 0.5579319520292898
Maximum: 11.37860633920923 Param: [2.5877122358714917e-6, 224.70080485651658, 3503.7651610167927, 0.022748094162806123, 0.0019606578975840177, 3.1387471139966366e-6, 365.2564205511527, 3624.402477203401, 0.03113063190398157, 0.003646920310625977, 0.0006921500486157939, 4334.134413775882, 316.71288246264857, 0.004767939831880913, -0.07797649817619198]
1515.057208 seconds (324.77 M allocations: 30.022 GiB, 0.51% gc time)
FITS/fromEMB/p2_fit10s17yrs.jld2 loaded.
Previous model params: [2.210419217363033e-6, 224.70079200488064, 3503.7653746491096, -0.0026203647076228093, -0.00028457852526555746, 2.9911048427212986e-6, 365.2564369544622, 3624.4026358630636, 0.007925591183802946, -0.00021284983423566612]
Finished 3-planet fit w/ fixed period: [2.688201997160202e-6, 224.70079337705738, 3503.7652628761807, 0.03205299205125737, 0.004026639447477502, 3.267032672950541e-6, 365.2564211194585, 3624.402514500322, 0.03852381781740474, 0.004694256179133459, 0.0006063222643667816, 4393.626812795583, 4621.689319692939, -0.01799648997838889, -0.08415123932581062] in 2 iterations
New 3-planet chi-square: 129.56104747142166
Maximum: -107.01134794035363 Param: [2.6900134404557055e-6, 224.7007933643782, 3503.765263191568, 0.03218210353555137, 0.0040616188213947035, 3.2679918604566333e-6, 365.2564208662365, 3624.4025170524947, 0.03863094481553172, 0.004717508368123183, 0.0006058670304486375, 4395.750225399504, 4620.42146310834, -0.01825203811168282, -0.08423868145841543]
1321.919276 seconds (305.36 M allocations: 28.823 GiB, 0.35% gc time)
FITS/fromEMB/p2_fit30s17yrs.jld2 loaded.
Previous model params: [2.210438838476584e-6, 224.70079200498498, 3503.765374647723, -0.0026178536501886055, -0.00028454183895730984, 2.9911196866898335e-6, 365.25643695432257, 3624.4026358638603, 0.007927624445389445, -0.00021282283602117074]
Finished 3-planet fit w/ fixed period: [2.6882063541521054e-6, 224.70079337706338, 3503.7652628760197, 0.03205323050535297, 0.0040269373161512575, 3.2670340530911225e-6, 365.25642111937833, 3624.4025145010287, 0.0385240006521107, 0.004694484734638284, 0.0006063201785979774, 4393.626812795583, 4621.686639199587, -0.01799668800290798, -0.08415188096970322] in 2 iterations
New 3-planet chi-square: 14.39567195631499
Maximum: -58.672407261950525 Param: [2.689991123034167e-6, 224.70079336438215, 3503.7652631913566, 0.032180440876693014, 0.0040609857941669, 3.267981536842605e-6, 365.2564208670764, 3624.40251704407, 0.0386296351071991, 0.004717058103114993, 0.0006058825118744326, 4395.743852019025, 4620.43098954077, -0.01824799497343866, -0.0842359999848776]
1303.332058 seconds (305.20 M allocations: 28.808 GiB, 0.30% gc time)
FITS/fromEMB/p2_fit60s17yrs.jld2 loaded.
Previous model params: [2.210438838476584e-6, 224.70079200498498, 3503.765374647723, -0.0026178536501886055, -0.00028454183895730984, 2.9911196866898335e-6, 365.25643695432257, 3624.4026358638603, 0.007927624445389445, -0.00021282283602117074]
Finished 3-planet fit w/ fixed period: [2.6882063541521054e-6, 224.70079337706338, 3503.7652628760197, 0.03205323050535297, 0.0040269373161512575, 3.2670340530911225e-6, 365.25642111937833, 3624.4025145010287, 0.0385240006521107, 0.004694484734638284, 0.0006063201785979774, 4393.626812795583, 4621.686639199587, -0.01799668800290798, -0.08415188096970322] in 2 iterations
New 3-planet chi-square: 3.5989179890787475
Maximum: -28.173931317312935 Param: [2.689991123034167e-6, 224.70079336438215, 3503.7652631913566, 0.032180440876693014, 0.0040609857941669, 3.267981536842605e-6, 365.2564208670764, 3624.40251704407, 0.0386296351071991, 0.004717058103114993, 0.0006058825118744326, 4395.743852019025, 4620.43098954077, -0.01824799497343866, -0.0842359999848776]
1284.159894 seconds (305.20 M allocations: 28.808 GiB, 0.35% gc time)
FITS/fromEMB/p2_fit80s17yrs.jld2 loaded.
Previous model params: [2.210419217363033e-6, 224.70079200488064, 3503.7653746491096, -0.0026203647076228093, -0.00028457852526555746, 2.9911048427212986e-6, 365.2564369544622, 3624.4026358630636, 0.007925591183802946, -0.00021284983423566612]
Finished 3-planet fit w/ fixed period: [2.688201997160202e-6, 224.70079337705738, 3503.7652628761807, 0.03205299205125737, 0.004026639447477502, 3.267032672950541e-6, 365.2564211194585, 3624.402514500322, 0.03852381781740474, 0.004694256179133459, 0.0006063222643667816, 4393.626812795583, 4621.689319692939, -0.01799648997838889, -0.08415123932581062] in 2 iterations
New 3-planet chi-square: 2.0243913667409634
Maximum: -15.515920106440841 Param: [2.6900134404557055e-6, 224.7007933643782, 3503.765263191568, 0.03218210353555137, 0.0040616188213947035, 3.2679918604566333e-6, 365.2564208662365, 3624.4025170524947, 0.03863094481553172, 0.004717508368123183, 0.0006058670304486375, 4395.750225399504, 4620.42146310834, -0.01825203811168282, -0.08423868145841543]
1654.920520 seconds (305.36 M allocations: 28.823 GiB, 0.31% gc time)
FITS/fromEMB/p2_fit90s17yrs.jld2 loaded.
Previous model params: [2.210426296159511e-6, 224.7007920049139, 3503.765374648788, -0.0026199387510174115, -0.00028584854471643684, 2.991106230109925e-6, 365.2564369544929, 3624.402635862625, 0.00792595884605802, -0.00021383896412885715]
Finished 3-planet fit w/ fixed period: [2.688203613585666e-6, 224.70079337705985, 3503.7652628760757, 0.032053024109538704, 0.004026795809513232, 3.2670326776878493e-6, 365.25642111947013, 3624.4025145003056, 0.038523837568452894, 0.004694375608180726, 0.000606320889354854, 4393.626812795583, 4621.687933267058, -0.01799675226852893, -0.08415157329458257] in 2 iterations
New 3-planet chi-square: 1.5995191042701535
Maximum: -10.333466533223309 Param: [2.690014589935426e-6, 224.70079336439943, 3503.765263191146, 0.03218226775746596, 0.004061621770716282, 3.2679927712163204e-6, 365.2564208664951, 3624.4025170497657, 0.03863106727922538, 0.004717512444434503, 0.0006058660803504148, 4395.747161228018, 4620.422691886467, -0.018251895078811396, -0.08423881316359055]
1786.803736 seconds (306.07 M allocations: 28.890 GiB, 0.31% gc time)
FITS/fromEMB/p2_fit100s17yrs.jld2 loaded.
Previous model params: [2.2104185847245555e-6, 224.70079200488544, 3503.7653746489873, -0.0026204472831189178, -0.0002844887263350624, 2.9911048608844243e-6, 365.256436954461, 3624.4026358630954, 0.007925519710233935, -0.00021278616079061654]
Finished 3-planet fit w/ fixed period: [2.688196215142101e-6, 224.70079337704752, 3503.7652628762353, 0.032052330692018745, 0.004026928969325246, 3.267028522007161e-6, 365.25642111946223, 3624.4025145003675, 0.03852329580262806, 0.004694498378141523, 0.0006063282713192924, 4393.626812795583, 228.06101127075343, -0.017994789333160968, -0.08415074960253013] in 2 iterations
New 3-planet chi-square: 1.2956104755613842
Maximum: -5.697603863000867 Param: [2.6900193393010156e-6, 224.7007933643918, 3503.7652631913747, 0.03218251711599209, 0.00406190989591566, 3.2679944442207055e-6, 365.2564208661616, 3624.40251705316, 0.03863126727774849, 0.004717730712681934, 0.0006058648654994157, 4395.750132655953, 224.66846527000843, -0.01825213579431736, -0.08423932182348629]
1571.998345 seconds (305.77 M allocations: 28.862 GiB, 0.32% gc time)
FITS/fromEMB/p2_fit110s17yrs.jld2 loaded.
Previous model params: [2.210436941444556e-6, 224.70079200498992, 3503.7653746478213, -0.0026171823615428504, -0.00028485935149237713, 2.9911248700214217e-6, 365.2564369543126, 3624.4026358637902, 0.007928126641687546, -0.0002130879603108723]
Finished 3-planet fit w/ fixed period: [2.688212560924644e-6, 224.70079337708538, 3503.7652628757696, 0.032053745840251065, 0.00402710912497554, 3.2670371744099485e-6, 365.2564211193661, 3624.402514501463, 0.038524403687400954, 0.004694605391395261, 0.0006063151662732138, 4393.626812795583, 4621.685768661983, -0.017997998036208548, -0.08415239810505602] in 2 iterations
New 3-planet chi-square: 1.0707524579695749
Maximum: -1.5039559275289724 Param: [2.690004546332358e-6, 224.7007933643815, 3503.76526319141, 0.032181502495942836, 0.004061248049396681, 3.2679881311831447e-6, 365.2564208666534, 3624.4025170480522, 0.03863047024905367, 0.00471723834585087, 0.0006058734076124327, 4395.746449548561, 4620.426277869432, -0.018250205386530615, -0.08423760969932717]
1250.383150 seconds (305.23 M allocations: 28.810 GiB, 0.33% gc time)
FITS/fromEMB/p2_fit120s17yrs.jld2 loaded.
Previous model params: [2.210438838476584e-6, 224.70079200498498, 3503.765374647723, -0.0026178536501886055, -0.00028454183895730984, 2.9911196866898335e-6, 365.25643695432257, 3624.4026358638603, 0.007927624445389445, -0.00021282283602117074]
Finished 3-planet fit w/ fixed period: [2.6882063541521054e-6, 224.70079337706338, 3503.7652628760197, 0.03205323050535297, 0.0040269373161512575, 3.2670340530911225e-6, 365.25642111937833, 3624.4025145010287, 0.0385240006521107, 0.004694484734638284, 0.0006063201785979774, 4393.626812795583, 4621.686639199587, -0.01799668800290798, -0.08415188096970322] in 2 iterations
New 3-planet chi-square: 0.8997294972696869
Maximum: 2.324544627324663 Param: [2.689991123034167e-6, 224.70079336438215, 3503.7652631913566, 0.032180440876693014, 0.0040609857941669, 3.267981536842605e-6, 365.2564208670764, 3624.40251704407, 0.0386296351071991, 0.004717058103114993, 0.0006058825118744326, 4395.743852019025, 4620.43098954077, -0.01824799497343866, -0.0842359999848776]
1281.182652 seconds (305.16 M allocations: 28.804 GiB, 0.31% gc time)
FITS/fromEMB/p2_fit10s19yrs.jld2 loaded.
Previous model params: [2.625320474827175e-6, 224.70078236605738, 3503.7654603699407, 0.03244316077861212, 0.01563562975329581, 3.241868908973657e-6, 365.25638831730265, 3624.4029171451048, 0.035863436314997166, 0.012778113097604103]
Finished 3-planet fit w/ fixed period: [2.3835692995914323e-6, 224.7007883147597, 3503.765308072184, 0.016633898847727716, -0.0020448211470602017, 3.12725912218566e-6, 365.2564425327594, 3624.402337283298, 0.025665203949830077, 0.000563535144029767, 0.0006957689909525481, 4305.555042524568, 4720.211906703017, 0.004786379406962913, -0.06689296882797005] in 2 iterations
New 3-planet chi-square: 173.74858009095925
Maximum: -126.36142815069208 Param: [2.3838656639942725e-6, 224.70078827683113, 3503.765308581263, 0.016689100158121268, -0.002037988870476268, 3.127718415716975e-6, 365.2564422258603, 3624.4023400995425, 0.025712667677778103, 0.0005662914104788656, 0.0006960032466906091, 4307.7961565307705, 4719.0920226013795, 0.004670043579250888, -0.06688824415922692]
1066.154209 seconds (251.49 M allocations: 24.694 GiB, 0.38% gc time)
FITS/fromEMB/p2_fit30s19yrs.jld2 loaded.
Previous model params: [2.6253037931856685e-6, 224.70078236601233, 3503.765460370588, 0.03244107774681079, 0.01563544263015527, 3.241854559709912e-6, 365.2563883172338, 3624.402917145523, 0.0358617651056037, 0.012777966777538128]
Finished 3-planet fit w/ fixed period: [2.3835704191400915e-6, 224.70078831475695, 3503.765308072223, 0.01663405617411853, -0.0020449507292633145, 3.127260072190215e-6, 365.25644253276573, 3624.402337283103, 0.02566532964150895, 0.0005634278661794129, 0.0006957673732548069, 4305.555042524568, 4720.213314706872, 0.0047859422979754495, -0.06689293719737144] in 2 iterations
New 3-planet chi-square: 19.30539779050935
Maximum: -72.52942600928598 Param: [2.3838727089725563e-6, 224.70078827686106, 3503.7653085806746, 0.016689760353424593, -0.0020378069968785754, 3.12772185040869e-6, 365.25644222611373, 3624.4023400975975, 0.02571316473192092, 0.0005664166888166609, 0.0006959939948722165, 4307.793536677283, 4719.0902562203255, 0.004668827475990866, -0.06688935406925203]
1050.489325 seconds (251.74 M allocations: 24.718 GiB, 0.36% gc time)
FITS/fromEMB/p2_fit60s19yrs.jld2 loaded.
Previous model params: [2.6253037931856685e-6, 224.70078236601233, 3503.765460370588, 0.03244107774681079, 0.01563544263015527, 3.241854559709912e-6, 365.2563883172338, 3624.402917145523, 0.0358617651056037, 0.012777966777538128]
Finished 3-planet fit w/ fixed period: [2.3835704191400915e-6, 224.70078831475695, 3503.765308072223, 0.01663405617411853, -0.0020449507292633145, 3.127260072190215e-6, 365.25644253276573, 3624.402337283103, 0.02566532964150895, 0.0005634278661794129, 0.0006957673732548069, 4305.555042524568, 4720.213314706872, 0.0047859422979754495, -0.06689293719737144] in 2 iterations
New 3-planet chi-square: 4.826349447627337
Maximum: -38.56521416184868 Param: [2.3838727089725563e-6, 224.70078827686106, 3503.7653085806746, 0.016689760353424593, -0.0020378069968785754, 3.12772185040869e-6, 365.25644222611373, 3624.4023400975975, 0.02571316473192092, 0.0005664166888166609, 0.0006959939948722165, 4307.793536677283, 4719.0902562203255, 0.004668827475990866, -0.06688935406925203]
1100.309727 seconds (251.75 M allocations: 24.718 GiB, 0.39% gc time)
FITS/fromEMB/p2_fit80s19yrs.jld2 loaded.
Previous model params: [2.625320474827175e-6, 224.70078236605738, 3503.7654603699407, 0.03244316077861212, 0.01563562975329581, 3.241868908973657e-6, 365.25638831730265, 3624.4029171451048, 0.035863436314997166, 0.012778113097604103]
Finished 3-planet fit w/ fixed period: [2.3835692995914323e-6, 224.7007883147597, 3503.765308072184, 0.016633898847727716, -0.0020448211470602017, 3.12725912218566e-6, 365.2564425327594, 3624.402337283298, 0.025665203949830077, 0.000563535144029767, 0.0006957689909525481, 4305.555042524568, 4720.211906703017, 0.004786379406962913, -0.06689296882797005] in 2 iterations
New 3-planet chi-square: 2.7148215639212383
Maximum: -24.468792608380106 Param: [2.3838656639942725e-6, 224.70078827683113, 3503.765308581263, 0.016689100158121268, -0.002037988870476268, 3.127718415716975e-6, 365.2564422258603, 3624.4023400995425, 0.025712667677778103, 0.0005662914104788656, 0.0006960032466906091, 4307.7961565307705, 4719.0920226013795, 0.004670043579250888, -0.06688824415922692]
1002.582751 seconds (251.47 M allocations: 24.691 GiB, 0.46% gc time)
FITS/fromEMB/p2_fit90s19yrs.jld2 loaded.
Previous model params: [2.625312086254435e-6, 224.7007823660255, 3503.765460370401, 0.03244211268068168, 0.015635163645585416, 3.2418616211930607e-6, 365.25638831726747, 3624.402917145226, 0.03586259402902316, 0.012777747251823207]
Finished 3-planet fit w/ fixed period: [2.3835694198753337e-6, 224.7007883147597, 3503.7653080721616, 0.016633850762802705, -0.0020446412910415505, 3.127258868952088e-6, 365.25644253275533, 3624.4023372835595, 0.025665163887637156, 0.0005636819304534011, 0.000695770622172098, 4305.555042524568, 414.6549868692969, 0.004786888778574792, -0.0668930385315682] in 2 iterations
New 3-planet chi-square: 2.1450441998599503
Maximum: -18.697423874993376 Param: [2.3838664467929154e-6, 224.70078827674544, 3503.7653085826037, 0.016689420968320382, -0.002038359887827193, 3.127720477462685e-6, 365.25644222521754, 3624.4023401056347, 0.025712936357967245, 0.0005659986446028281, 0.0006960021261832663, 4307.80060963197, 411.2911773604929, 0.0046693566809542664, -0.06688812250333441]
1062.110574 seconds (252.23 M allocations: 24.766 GiB, 0.40% gc time)
FITS/fromEMB/p2_fit100s19yrs.jld2 loaded.
Previous model params: [2.6252789364313015e-6, 224.7007823659583, 3503.765460371403, 0.03243836712327892, 0.01563590309438479, 3.241836725711769e-6, 365.2563883171439, 3624.4029171462116, 0.035859576376314574, 0.012778323209300273]
Finished 3-planet fit w/ fixed period: [2.3835716573159225e-6, 224.70078831476275, 3503.7653080719824, 0.016634022205352116, -0.0020444321136843147, 3.1272598127830515e-6, 365.2564425327419, 3624.4023372837564, 0.02566529052449413, 0.0005638357958460531, 0.0006957677302048344, 4305.555042524568, 4720.208578003, 0.004786418362677054, -0.06689343452414993] in 2 iterations
New 3-planet chi-square: 1.7374858010862986
Maximum: -13.534758596475532 Param: [2.3838673400111155e-6, 224.70078827684893, 3503.7653085811585, 0.016689390255247998, -0.0020382341302986836, 3.127719974549826e-6, 365.25644222609554, 3624.4023400975884, 0.025712892863408117, 0.0005660922202935156, 0.0006960000246124775, 4307.794029237175, 4719.09487052581, 0.00466951602383022, -0.06688821080694665]
1036.148913 seconds (251.44 M allocations: 24.689 GiB, 0.41% gc time)
FITS/fromEMB/p2_fit110s19yrs.jld2 loaded.
Previous model params: [2.625293900356618e-6, 224.7007823659969, 3503.7654603708415, 0.032439970147941616, 0.015635839143560867, 3.241847066449808e-6, 365.2563883172024, 3624.402917145783, 0.03586086876913695, 0.01277827943314775]
Finished 3-planet fit w/ fixed period: [2.383575889155677e-6, 224.70078831474333, 3503.7653080722052, 0.016634502419104562, -0.0020447099775573103, 3.1272623994961248e-6, 365.2564425326881, 3624.4023372840984, 0.025665663702588503, 0.0005636063666599304, 0.0006957618712729514, 4305.555042524568, 414.6542037375147, 0.004785354194848418, -0.0668939664161027] in 2 iterations
New 3-planet chi-square: 1.4359386795623656
Maximum: -8.864559802761313 Param: [2.383861311707672e-6, 224.7007882768015, 3503.765308581774, 0.01668872829414565, -0.0020380986479231174, 3.1277161908330626e-6, 365.2564422256124, 3624.4023401019163, 0.02571239122198243, 0.0005662356225809088, 0.0006960097591014382, 4307.797908663084, 411.2921045243547, 0.004671240368267405, -0.06688802122469811]
1090.951423 seconds (252.25 M allocations: 24.767 GiB, 0.38% gc time)
FITS/fromEMB/p2_fit120s19yrs.jld2 loaded.
Previous model params: [2.6253037931856685e-6, 224.70078236601233, 3503.765460370588, 0.03244107774681079, 0.01563544263015527, 3.241854559709912e-6, 365.2563883172338, 3624.402917145523, 0.0358617651056037, 0.012777966777538128]
Finished 3-planet fit w/ fixed period: [2.3835704191400915e-6, 224.70078831475695, 3503.765308072223, 0.01663405617411853, -0.0020449507292633145, 3.127260072190215e-6, 365.25644253276573, 3624.402337283103, 0.02566532964150895, 0.0005634278661794129, 0.0006957673732548069, 4305.555042524568, 4720.213314706872, 0.0047859422979754495, -0.06689293719737144] in 2 iterations
New 3-planet chi-square: 1.2065873619068344
Maximum: -4.601002314411354 Param: [2.3838727089725563e-6, 224.70078827686106, 3503.7653085806746, 0.016689760353424593, -0.0020378069968785754, 3.12772185040869e-6, 365.25644222611373, 3624.4023400975975, 0.02571316473192092, 0.0005664166888166609, 0.0006959939948722165, 4307.793536677283, 4719.0902562203255, 0.004668827475990866, -0.06688935406925203]
651.863318 seconds (251.77 M allocations: 24.720 GiB, 0.47% gc time)
FITS/fromEMB/p2_fit10s21yrs.jld2 loaded.
Previous model params: [2.5898969073008334e-6, 224.70077618504493, 3503.765526591923, 0.016155786578881507, -0.005526961158240061, 3.114720011183866e-6, 365.2563763588916, 3624.4029834056305, 0.023229537724430482, -0.0031806769748307815]
Finished 3-planet fit w/ fixed period: [2.460318102324537e-6, 224.70079087997541, 3503.765276852114, 0.016080132422768022, -0.00010863242852579739, 3.146798272309538e-6, 365.25646046322794, 3624.4021823304156, 0.024826640031155426, 0.0021864724608192396, 0.0006514889910604541, 4190.8661014452455, 560.408951969185, 0.004976991882792589, -0.07219120501561528] in 2 iterations
New 3-planet chi-square: 201.18860842618804
Maximum: -145.86667750772196 Param: [2.461840219385155e-6, 224.70079086036264, 3503.7652773108343, 0.016111597260098726, -0.00015020361223579885, 3.1470666965405385e-6, 365.2564603870428, 3624.4021841045837, 0.02485092541894711, 0.002146977408431212, 0.0006523788137094613, 4193.485249210859, 556.534338590872, 0.00492950225513687, -0.07198225519210376]
537.747670 seconds (266.83 M allocations: 27.251 GiB, 0.89% gc time)
FITS/fromEMB/p2_fit30s21yrs.jld2 loaded.
Previous model params: [2.5899104110353007e-6, 224.70077618501944, 3503.7655265920826, 0.0161574886355183, -0.005527284685100836, 3.1147310183458496e-6, 365.2563763589535, 3624.402983405151, 0.023230931094896778, -0.0031809114657913706]
Finished 3-planet fit w/ fixed period: [2.460326842902403e-6, 224.70079088010618, 3503.765276850142, 0.016080805895131736, -0.00010809179504373433, 3.146802281365838e-6, 365.2564604630481, 3624.402182332424, 0.024827155223925867, 0.0021868735045748227, 0.0006514756125374032, 4190.8661014452455, 560.40240011158, 0.004974741418904812, -0.07219325607024758] in 2 iterations
New 3-planet chi-square: 22.35428982785869
Maximum: -85.44300163433026 Param: [2.461833348810441e-6, 224.70079086033834, 3503.765277311023, 0.0161107060122686, -0.00015018876627648982, 3.147060629150068e-6, 365.25646038718327, 3624.4021841029003, 0.02485023354829995, 0.002147014204156313, 0.0006523864091209591, 4193.484874376836, 556.5341421479652, 0.004930790332299779, -0.07198175133206415]
537.576845 seconds (267.23 M allocations: 27.291 GiB, 0.87% gc time)
FITS/fromEMB/p2_fit60s21yrs.jld2 loaded.
Previous model params: [2.5899104110353007e-6, 224.70077618501944, 3503.7655265920826, 0.0161574886355183, -0.005527284685100836, 3.1147310183458496e-6, 365.2563763589535, 3624.402983405151, 0.023230931094896778, -0.0031809114657913706]
Finished 3-planet fit w/ fixed period: [2.460326842902403e-6, 224.70079088010618, 3503.765276850142, 0.016080805895131736, -0.00010809179504373433, 3.146802281365838e-6, 365.2564604630481, 3624.402182332424, 0.024827155223925867, 0.0021868735045748227, 0.0006514756125374032, 4190.8661014452455, 560.40240011158, 0.004974741418904812, -0.07219325607024758] in 2 iterations
New 3-planet chi-square: 5.588572456964672
Maximum: -47.319906703533256 Param: [2.461833348810441e-6, 224.70079086033834, 3503.765277311023, 0.0161107060122686, -0.00015018876627648982, 3.147060629150068e-6, 365.25646038718327, 3624.4021841029003, 0.02485023354829995, 0.002147014204156313, 0.0006523864091209591, 4193.484874376836, 556.5341421479652, 0.004930790332299779, -0.07198175133206415]
537.840232 seconds (267.23 M allocations: 27.291 GiB, 0.86% gc time)
FITS/fromEMB/p2_fit80s21yrs.jld2 loaded.
Previous model params: [2.5898969073008334e-6, 224.70077618504493, 3503.765526591923, 0.016155786578881507, -0.005526961158240061, 3.114720011183866e-6, 365.2563763588916, 3624.4029834056305, 0.023229537724430482, -0.0031806769748307815]
Finished 3-planet fit w/ fixed period: [2.460318102324537e-6, 224.70079087997541, 3503.765276852114, 0.016080132422768022, -0.00010863242852579739, 3.146798272309538e-6, 365.25646046322794, 3624.4021823304156, 0.024826640031155426, 0.0021864724608192396, 0.0006514889910604541, 4190.8661014452455, 560.408951969185, 0.004976991882792589, -0.07219120501561528] in 2 iterations
New 3-planet chi-square: 3.143572006659188
Maximum: -31.497392715330964 Param: [2.461840219385155e-6, 224.70079086036264, 3503.7652773108343, 0.016111597260098726, -0.00015020361223579885, 3.1470666965405385e-6, 365.2564603870428, 3624.4021841045837, 0.02485092541894711, 0.002146977408431212, 0.0006523788137094613, 4193.485249210859, 556.534338590872, 0.00492950225513687, -0.07198225519210376]
536.491179 seconds (266.83 M allocations: 27.250 GiB, 0.85% gc time)
FITS/fromEMB/p2_fit90s21yrs.jld2 loaded.
Previous model params: [2.5898740387730828e-6, 224.70077618507307, 3503.765526591868, 0.016152905606735365, -0.0055269504306659474, 3.1147015808107543e-6, 365.2563763588057, 3624.4029834062417, 0.02322725360015215, -0.0031806369902942794]
Finished 3-planet fit w/ fixed period: [2.4603185222250893e-6, 224.70079088000273, 3503.765276851708, 0.01608016375629582, -0.00010848271423197792, 3.1467984925094748e-6, 365.25646046321043, 3624.402182330679, 0.02482666676753179, 0.0021865796655764014, 0.0006514867303680563, 4190.8661014452455, 560.408920546772, 0.004976416008240003, -0.0721912468069716] in 2 iterations
New 3-planet chi-square: 2.4838099801555655
Maximum: -25.01932574963892 Param: [2.4618424380088077e-6, 224.7007908603765, 3503.765277310705, 0.016111817554411073, -0.00015044787879549948, 3.1470680355338168e-6, 365.25646038704986, 3624.4021841044428, 0.024851093153236893, 0.002146776362759537, 0.0006523748167961978, 4193.485563058709, 556.5336563355601, 0.00492858883661783, -0.07198276269186613]
536.486343 seconds (266.36 M allocations: 27.203 GiB, 0.84% gc time)
FITS/fromEMB/p2_fit100s21yrs.jld2 loaded.
Previous model params: [2.5899211577857624e-6, 224.7007761850461, 3503.765526591455, 0.016158329324892886, -0.005525896165639907, 3.114735653859504e-6, 365.25637635894856, 3624.4029834055755, 0.02323163699195532, -0.0031798146543207863]
Finished 3-planet fit w/ fixed period: [2.4603278928886497e-6, 224.7007908801042, 3503.765276850239, 0.016081016193496427, -0.00010834924428391146, 3.146803823789723e-6, 365.2564604630836, 3624.402182331879, 0.024827318036269405, 0.002186657532508029, 0.000651472519517477, 4190.8661014452455, 4751.271529094704, 0.004973866307825981, -0.07219315242083066] in 2 iterations
New 3-planet chi-square: 2.01188608410247
Maximum: -19.224497390870507 Param: [2.4618378198564388e-6, 224.70079086033726, 3503.7652773112354, 0.016111194922518234, -0.0001502403853488051, 3.1470639820947575e-6, 365.2564603870661, 3624.402184104668, 0.02485061045368745, 0.0021469558978694622, 0.000652382875941953, 4193.4863242843, 4750.018844725272, 0.004930099530808265, -0.07198189579785666]
537.820378 seconds (267.93 M allocations: 27.363 GiB, 0.83% gc time)
FITS/fromEMB/p2_fit110s21yrs.jld2 loaded.
Previous model params: [2.5899087234448947e-6, 224.70077618503024, 3503.7655265919275, 0.016157141077276525, -0.005526965360626123, 3.1147285983877147e-6, 365.2563763589378, 3624.402983405354, 0.02323066165234615, -0.0031806557244732432]
Finished 3-planet fit w/ fixed period: [2.460319636955129e-6, 224.70079087999866, 3503.7652768518683, 0.016080450081172974, -0.00010915554385967134, 3.146800555597397e-6, 365.25646046329626, 3624.4021823294993, 0.02482689324923922, 0.002186033377292524, 0.0006514810530396217, 4190.8661014452455, 560.4140127595011, 0.004974673938369245, -0.07219125687514275] in 2 iterations
New 3-planet chi-square: 1.6627157717187082
Maximum: -13.9824374972199 Param: [2.461837742588866e-6, 224.70079086032962, 3503.7652773113514, 0.016111315174502826, -0.00015049228694737212, 3.147064806788952e-6, 365.256460387091, 3624.4021841040776, 0.024850706729918747, 0.002146756710373161, 0.0006523815134074757, 4193.485586471797, 556.5350943307784, 0.0049297799970539945, -0.07198193980912579]
534.424465 seconds (265.88 M allocations: 27.154 GiB, 0.82% gc time)
FITS/fromEMB/p2_fit120s21yrs.jld2 loaded.
Previous model params: [2.5899104110353007e-6, 224.70077618501944, 3503.7655265920826, 0.0161574886355183, -0.005527284685100836, 3.1147310183458496e-6, 365.2563763589535, 3624.402983405151, 0.023230931094896778, -0.0031809114657913706]
Finished 3-planet fit w/ fixed period: [2.460326842902403e-6, 224.70079088010618, 3503.765276850142, 0.016080805895131736, -0.00010809179504373433, 3.146802281365838e-6, 365.2564604630481, 3624.402182332424, 0.024827155223925867, 0.0021868735045748227, 0.0006514756125374032, 4190.8661014452455, 560.40240011158, 0.004974741418904812, -0.07219325607024758] in 2 iterations
New 3-planet chi-square: 1.397143114241168
Maximum: -9.196811772736268 Param: [2.461833348810441e-6, 224.70079086033834, 3503.765277311023, 0.0161107060122686, -0.00015018876627648982, 3.147060629150068e-6, 365.25646038718327, 3624.4021841029003, 0.02485023354829995, 0.002147014204156313, 0.0006523864091209591, 4193.484874376836, 556.5341421479652, 0.004930790332299779, -0.07198175133206415]
537.482788 seconds (267.23 M allocations: 27.290 GiB, 0.81% gc time)
FITS/fromEMB/p2_fit10s23yrs.jld2 loaded.
Previous model params: [2.6145798199907127e-6, 224.70077412571925, 3503.765534537644, 0.03630655869049633, 0.008760377391273751, 3.3103643008100767e-6, 365.25643444792837, 3624.402591526099, 0.04270405229070324, 0.007947274991057894]
Finished 3-planet fit w/ fixed period: [2.38285324520605e-6, 224.7007833746412, 3503.7653654281053, 0.0039505900865532875, -0.0012240071018469801, 3.0416753071426615e-6, 365.25646588148766, 3624.4021472084073, 0.016174395197771738, 0.001889535127230347, 0.0008796225079650117, 4219.24870137377, 540.5103081502947, 0.03529983783766171, -0.05389324867431029] in 2 iterations
New 3-planet chi-square: 270.4168436644755
Maximum: -167.99893901661983 Param: [2.381991772929163e-6, 224.70078337440853, 3503.765365228624, 0.0038667859522055863, -0.0012067035663468303, 3.041040428809552e-6, 365.2564659231833, 3624.402145345291, 0.016107543389545304, 0.0019105842299969413, 0.0008790289070502548, 4216.290006733462, 545.0970169985465, 0.03545653318658078, -0.05403485248624832]
554.813718 seconds (272.74 M allocations: 28.563 GiB, 1.04% gc time)
FITS/fromEMB/p2_fit30s23yrs.jld2 loaded.
Previous model params: [2.6145491939506833e-6, 224.70077412569447, 3503.7655345382695, 0.03630324222782147, 0.008760401742348965, 3.310341727780486e-6, 365.25643444792007, 3624.4025915260972, 0.04270141745695761, 0.007947303807704384]
Finished 3-planet fit w/ fixed period: [2.38285230077363e-6, 224.7007833746673, 3503.765365427648, 0.003950273426129689, -0.001223653222464244, 3.041672852263494e-6, 365.2564658814348, 3624.402147208839, 0.01617413964041375, 0.0018898437989797814, 0.0008796301507280903, 4219.24870137377, 4759.755309386673, 0.03530096461774571, -0.05389316604626834] in 2 iterations
New 3-planet chi-square: 30.046315927458366
Maximum: -102.08220166132645 Param: [2.381973952505548e-6, 224.70078337433168, 3503.7653652299286, 0.003865312914767652, -0.001207524419535883, 3.041032555619965e-6, 365.25646592355395, 3624.4021453382006, 0.01610641878241865, 0.001909996125175626, 0.0008790551275205842, 4216.285048329175, 4761.3980601143585, 0.035458971329231204, -0.05403287618845327]
554.276631 seconds (272.70 M allocations: 28.559 GiB, 1.04% gc time)
FITS/fromEMB/p2_fit60s23yrs.jld2 loaded.
Previous model params: [2.6145491939506833e-6, 224.70077412569447, 3503.7655345382695, 0.03630324222782147, 0.008760401742348965, 3.310341727780486e-6, 365.25643444792007, 3624.4025915260972, 0.04270141745695761, 0.007947303807704384]
Finished 3-planet fit w/ fixed period: [2.38285230077363e-6, 224.7007833746673, 3503.765365427648, 0.003950273426129689, -0.001223653222464244, 3.041672852263494e-6, 365.2564658814348, 3624.402147208839, 0.01617413964041375, 0.0018898437989797814, 0.0008796301507280903, 4219.24870137377, 4759.755309386673, 0.03530096461774571, -0.05389316604626834] in 2 iterations
New 3-planet chi-square: 7.5115789818645915
Maximum: -60.49337082772974 Param: [2.381973952505548e-6, 224.70078337433168, 3503.7653652299286, 0.003865312914767652, -0.001207524419535883, 3.041032555619965e-6, 365.25646592355395, 3624.4021453382006, 0.01610641878241865, 0.001909996125175626, 0.0008790551275205842, 4216.285048329175, 4761.3980601143585, 0.035458971329231204, -0.05403287618845327]
554.672863 seconds (272.70 M allocations: 28.559 GiB, 1.04% gc time)
FITS/fromEMB/p2_fit80s23yrs.jld2 loaded.
Previous model params: [2.6145798199907127e-6, 224.70077412571925, 3503.765534537644, 0.03630655869049633, 0.008760377391273751, 3.3103643008100767e-6, 365.25643444792837, 3624.402591526099, 0.04270405229070324, 0.007947274991057894]
Finished 3-planet fit w/ fixed period: [2.38285324520605e-6, 224.7007833746412, 3503.7653654281053, 0.0039505900865532875, -0.0012240071018469801, 3.0416753071426615e-6, 365.25646588148766, 3624.4021472084073, 0.016174395197771738, 0.001889535127230347, 0.0008796225079650117, 4219.24870137377, 540.5103081502947, 0.03529983783766171, -0.05389324867431029] in 2 iterations
New 3-planet chi-square: 4.22526318225743
Maximum: -43.232446515829665 Param: [2.381991772929163e-6, 224.70078337440853, 3503.765365228624, 0.0038667859522055863, -0.0012067035663468303, 3.041040428809552e-6, 365.2564659231833, 3624.402145345291, 0.016107543389545304, 0.0019105842299969413, 0.0008790289070502548, 4216.290006733462, 545.0970169985465, 0.03545653318658078, -0.05403485248624832]
554.206910 seconds (272.74 M allocations: 28.563 GiB, 1.05% gc time)
FITS/fromEMB/p2_fit90s23yrs.jld2 loaded.
Previous model params: [2.61453574190191e-6, 224.70077412568614, 3503.7655345385856, 0.03630174251378891, 0.008759533670355625, 3.310331298703892e-6, 365.2564344479571, 3624.4025915256307, 0.04270022795482168, 0.007946621526907203]
Finished 3-planet fit w/ fixed period: [2.3828485819985365e-6, 224.70078337463306, 3503.7653654283117, 0.0039501702168849686, -0.0012241033281942591, 3.0416729170884666e-6, 365.25646588155195, 3624.4021472074896, 0.016174075146414772, 0.001889482415174287, 0.0008796319731982686, 4219.24870137377, 540.5114243167493, 0.035300766421068684, -0.053892644028818625] in 2 iterations
New 3-planet chi-square: 3.3384795465506265
Maximum: -36.16546433275025 Param: [2.3819776811935488e-6, 224.70078337434543, 3503.7653652297236, 0.003865605782447058, -0.0012074134178430309, 3.0410340554771758e-6, 365.25646592349955, 3624.4021453394494, 0.016106640389456365, 0.0019100752220456742, 0.0008790500609250617, 4216.286138692461, 545.1092900132392, 0.03545852159624203, -0.05403335210690878]
555.596754 seconds (273.45 M allocations: 28.637 GiB, 1.04% gc time)
FITS/fromEMB/p2_fit100s23yrs.jld2 loaded.
Previous model params: [2.6145197699371815e-6, 224.7007741256664, 3503.7655345389526, 0.03629954042267316, 0.008760527126239967, 3.3103150420875887e-6, 365.2564344479, 3624.402591526194, 0.0426984828043116, 0.007947326479638946]
Finished 3-planet fit w/ fixed period: [2.3828502390161725e-6, 224.70078337464997, 3503.7653654280116, 0.003950149759338974, -0.0012238872522218392, 3.041672357183043e-6, 365.2564658814958, 3624.4021472081645, 0.01617405085385879, 0.001889663428942917, 0.0008796322844684165, 4219.24870137377, 4759.757157539138, 0.03530104149534436, -0.05389294175531654] in 2 iterations
New 3-planet chi-square: 2.7041684323544146
Maximum: -29.843833389380116 Param: [2.381976317660104e-6, 224.70078337435626, 3503.765365229466, 0.003865459411002878, -0.0012074591986294114, 3.041033113071637e-6, 365.25646592358964, 3624.4021453379287, 0.016106526367737906, 0.0019100422543074955, 0.0008790504872912398, 4216.285134292023, 4761.396717749994, 0.0354585074160255, -0.05403334199466386]
557.045500 seconds (273.02 M allocations: 28.592 GiB, 1.05% gc time)
FITS/fromEMB/p2_fit110s23yrs.jld2 loaded.
Previous model params: [2.6145438790211828e-6, 224.70077412569162, 3503.765534538411, 0.03630267208307424, 0.008759803736158615, 3.3103377871045254e-6, 365.2564344479461, 3624.4025915257807, 0.04270096469042573, 0.007946830770988796]
Finished 3-planet fit w/ fixed period: [2.382853329451004e-6, 224.70078337465702, 3503.765365427824, 0.0039505125659156535, -0.0012239553101462742, 3.041674515123097e-6, 365.2564658815015, 3624.4021472082673, 0.01617433350668237, 0.00188958658859653, 0.0008796229401687596, 4219.24870137377, 4759.757712638321, 0.03529994161616753, -0.05389340227565403] in 2 iterations
New 3-planet chi-square: 2.234849944701781
Maximum: -24.125222609271827 Param: [2.381975829250439e-6, 224.70078337433227, 3503.7653652299014, 0.0038655779468991782, -0.0012076359540005043, 3.0410342725264327e-6, 365.2564659235733, 3624.402145338255, 0.016106629994053673, 0.0019098894732842988, 0.0008790482497883337, 4216.2854137930535, 4761.399170521281, 0.035458011170286505, -0.05403311515907512]
553.350892 seconds (272.23 M allocations: 28.509 GiB, 1.04% gc time)
FITS/fromEMB/p2_fit120s23yrs.jld2 loaded.
Previous model params: [2.6145491939506833e-6, 224.70077412569447, 3503.7655345382695, 0.03630324222782147, 0.008760401742348965, 3.310341727780486e-6, 365.25643444792007, 3624.4025915260972, 0.04270141745695761, 0.007947303807704384]
Finished 3-planet fit w/ fixed period: [2.38285230077363e-6, 224.7007833746673, 3503.765365427648, 0.003950273426129689, -0.001223653222464244, 3.041672852263494e-6, 365.2564658814348, 3624.402147208839, 0.01617413964041375, 0.0018898437989797814, 0.0008796301507280903, 4219.24870137377, 4759.755309386673, 0.03530096461774571, -0.05389316604626834] in 2 iterations
New 3-planet chi-square: 1.8778947454661479
Maximum: -18.904539994133017 Param: [2.381973952505548e-6, 224.70078337433168, 3503.7653652299286, 0.003865312914767652, -0.001207524419535883, 3.041032555619965e-6, 365.25646592355395, 3624.4021453382006, 0.01610641878241865, 0.001909996125175626, 0.0008790551275205842, 4216.285048329175, 4761.3980601143585, 0.035458971329231204, -0.05403287618845327]
553.716272 seconds (272.70 M allocations: 28.559 GiB, 1.04% gc time)
FITS/fromEMB/p2_fit10s25yrs.jld2 loaded.
Previous model params: [2.9298208140017396e-6, 224.70077702414528, 3503.765498746973, 0.05111166320967352, -0.0027379410623195066, 3.375791249172894e-6, 365.2564572124943, 3624.402410915515, 0.05409172299829378, -0.001250401524765812]
Finished 3-planet fit w/ fixed period: [2.3823795263502734e-6, 224.70077966443367, 3503.765415384698, 0.002600957208362279, -0.004838680825533343, 3.0740078722972424e-6, 365.25646841388414, 3624.4021336365413, 0.015487011587985084, -0.0012716105476232194, 0.000931266411672167, 4233.512003011372, 562.1793303090991, 0.03709091781344851, -0.04686922589679802] in 3 iterations
New 3-planet chi-square: 303.13738440278297
Maximum: -185.7110487901153 Param: [2.3823012667220013e-6, 224.70077966526722, 3503.7654153444573, 0.002588825328540157, -0.004840366130605016, 3.0739129346767565e-6, 365.2564684401105, 3624.4021331943295, 0.015476980655884333, -0.0012721701048612232, 0.0009311483053644368, 4233.111351968413, 562.870260030266, 0.03709535346903034, -0.04688682977321349]
531.309781 seconds (260.47 M allocations: 28.387 GiB, 1.02% gc time)
FITS/fromEMB/p2_fit30s25yrs.jld2 loaded.
Previous model params: [2.929851945754206e-6, 224.70077702419565, 3503.76549874601, 0.051114320859058954, -0.002737406856086097, 3.375809084815911e-6, 365.2564572123658, 3624.40241091671, 0.054093842947392355, -0.0012500182643861747]
Finished 3-planet fit w/ fixed period: [2.382384656473529e-6, 224.70077966445004, 3503.7654153841972, 0.00260118169256416, -0.004838501833372903, 3.074008868573276e-6, 365.2564684139022, 3624.4021336365636, 0.01548717717727349, -0.0012714751250589938, 0.0009312598527539365, 4233.512003011372, 562.1762298837612, 0.03709039159278249, -0.04686988540857539] in 2 iterations
New 3-planet chi-square: 33.68193153419844
Maximum: -114.30124996289727 Param: [2.3822922535850806e-6, 224.70077966525778, 3503.765415344612, 0.0025883774975070913, -0.0048408901436530795, 3.0739104803845824e-6, 365.25646844040017, 3624.402133188653, 0.015476650006772098, -0.0012725817085913898, 0.0009311523864765719, 4233.106208175113, 562.8858616541281, 0.03709548067189033, -0.04688609381190924]
534.674961 seconds (260.69 M allocations: 28.411 GiB, 1.01% gc time)
FITS/fromEMB/p2_fit60s25yrs.jld2 loaded.
Previous model params: [2.929851945754206e-6, 224.70077702419565, 3503.76549874601, 0.051114320859058954, -0.002737406856086097, 3.375809084815911e-6, 365.2564572123658, 3624.40241091671, 0.054093842947392355, -0.0012500182643861747]
Finished 3-planet fit w/ fixed period: [2.382384656473529e-6, 224.70077966445004, 3503.7654153841972, 0.00260118169256416, -0.004838501833372903, 3.074008868573276e-6, 365.2564684139022, 3624.4021336365636, 0.01548717717727349, -0.0012714751250589938, 0.0009312598527539365, 4233.512003011372, 562.1762298837612, 0.03709039159278249, -0.04686988540857539] in 2 iterations
New 3-planet chi-square: 8.42048288354961
Maximum: -69.24668322650082 Param: [2.3822922535850806e-6, 224.70077966525778, 3503.765415344612, 0.0025883774975070913, -0.0048408901436530795, 3.0739104803845824e-6, 365.25646844040017, 3624.402133188653, 0.015476650006772098, -0.0012725817085913898, 0.0009311523864765719, 4233.106208175113, 562.8858616541281, 0.03709548067189033, -0.04688609381190924]
532.619844 seconds (260.49 M allocations: 28.389 GiB, 1.01% gc time)
FITS/fromEMB/p2_fit80s25yrs.jld2 loaded.
Previous model params: [2.9298208140017396e-6, 224.70077702414528, 3503.765498746973, 0.05111166320967352, -0.0027379410623195066, 3.375791249172894e-6, 365.2564572124943, 3624.402410915515, 0.05409172299829378, -0.001250401524765812]
Finished 3-planet fit w/ fixed period: [2.3823795263502734e-6, 224.70077966443367, 3503.765415384698, 0.002600957208362279, -0.004838680825533343, 3.0740078722972424e-6, 365.25646841388414, 3624.4021336365413, 0.015487011587985084, -0.0012716105476232194, 0.000931266411672167, 4233.512003011372, 562.1793303090991, 0.03709091781344851, -0.04686922589679802] in 3 iterations
New 3-planet chi-square: 4.736521631293484
Maximum: -50.54734858092598 Param: [2.3823012667220013e-6, 224.70077966526722, 3503.7654153444573, 0.002588825328540157, -0.004840366130605016, 3.0739129346767565e-6, 365.2564684401105, 3624.4021331943295, 0.015476980655884333, -0.0012721701048612232, 0.0009311483053644368, 4233.111351968413, 562.870260030266, 0.03709535346903034, -0.04688682977321349]
530.544936 seconds (260.30 M allocations: 28.368 GiB, 1.01% gc time)
FITS/fromEMB/p2_fit90s25yrs.jld2 loaded.
Previous model params: [2.92985094307104e-6, 224.70077702419636, 3503.7654987459805, 0.051114507312302035, -0.0027374800703218074, 3.3758114321372675e-6, 365.25645721236145, 3624.402410916714, 0.05409398868853606, -0.0012500391443491788]
Finished 3-planet fit w/ fixed period: [2.3823837838527347e-6, 224.70077966445677, 3503.765415384025, 0.0026008917906651147, -0.004838149456785414, 3.0740067871461363e-6, 365.2564684139494, 3624.402133636115, 0.015486937931734434, -0.001271164668769406, 0.0009312688369225847, 4233.512003011372, 562.1723692746542, 0.03709159498664801, -0.046869866838116434] in 2 iterations
New 3-planet chi-square: 3.7424368400488746
Maximum: -42.89145122479074 Param: [2.3822940849859732e-6, 224.70077966525042, 3503.765415344893, 0.0025886694035666866, -0.004841142427673754, 3.0739124204560443e-6, 365.25646844029467, 3624.4021331904255, 0.015476882858141177, -0.0012728000377719181, 0.0009311466548148024, 4233.107678047919, 562.8853894250412, 0.03709470485560955, -0.046886167026945494]
530.556863 seconds (259.22 M allocations: 28.252 GiB, 1.00% gc time)
FITS/fromEMB/p2_fit100s25yrs.jld2 loaded.
Previous model params: [2.9298306628302066e-6, 224.7007770241624, 3503.7654987466835, 0.0511124171041192, -0.002738104697281988, 3.3757958037271736e-6, 365.25645721246485, 3624.4024109157467, 0.054092324719721, -0.001250555076141858]
Finished 3-planet fit w/ fixed period: [2.382387481810987e-6, 224.70077966446945, 3503.765415383567, 0.002600975142065079, -0.004837833205020837, 3.0740069669357357e-6, 365.25646841395275, 3624.402133636236, 0.015486994176009931, -0.0012709139169035848, 0.0009312654389780739, 4233.512003011372, 562.1689525279216, 0.03709143414913814, -0.046870325752203484] in 2 iterations
New 3-planet chi-square: 3.031373840621647
Maximum: -36.04301770898391 Param: [2.3822905458982653e-6, 224.70077966524508, 3503.7654153449334, 0.002588699537585861, -0.004841580770665966, 3.0739129977851944e-6, 365.2564684405314, 3624.402133186017, 0.015476917161851855, -0.0012731627164489436, 0.0009311427344384582, 4233.103649427564, 562.8979576548501, 0.03709417827203754, -0.04688590766777502]
528.641378 seconds (259.47 M allocations: 28.278 GiB, 1.00% gc time)
FITS/fromEMB/p2_fit110s25yrs.jld2 loaded.
Previous model params: [2.9298538286151186e-6, 224.70077702420136, 3503.7654987459714, 0.0511144910033964, -0.0027381383184368526, 3.3758099415201603e-6, 365.25645721237726, 3624.4024109164793, 0.054093977732602216, -0.0012505999398047837]
Finished 3-planet fit w/ fixed period: [2.382384747044613e-6, 224.7007796644476, 3503.765415384254, 0.002601191241575927, -0.004838505805940416, 3.074008957058819e-6, 365.2564684138936, 3624.4021336367196, 0.01548718588792451, -0.001271479318878336, 0.0009312591631013062, 4233.512003011372, 562.1763458986823, 0.037090350544730435, -0.04686988289625843] in 2 iterations
New 3-planet chi-square: 2.505267637338508
Maximum: -29.84785602768469 Param: [2.382292433816409e-6, 224.70077966524914, 3503.765415344842, 0.0025886631397847833, -0.004841314788896272, 3.0739126851443057e-6, 365.256468440435, 3624.4021331878353, 0.015476882190444012, -0.0012729443579764493, 0.0009311446270638608, 4233.105221803303, 562.8920421828224, 0.03709447828745892, -0.04688606232997048]
527.210039 seconds (258.30 M allocations: 28.151 GiB, 1.00% gc time)
FITS/fromEMB/p2_fit120s25yrs.jld2 loaded.
Previous model params: [2.929851945754206e-6, 224.70077702419565, 3503.76549874601, 0.051114320859058954, -0.002737406856086097, 3.375809084815911e-6, 365.2564572123658, 3624.40241091671, 0.054093842947392355, -0.0012500182643861747]
Finished 3-planet fit w/ fixed period: [2.382384656473529e-6, 224.70077966445004, 3503.7654153841972, 0.00260118169256416, -0.004838501833372903, 3.074008868573276e-6, 365.2564684139022, 3624.4021336365636, 0.01548717717727349, -0.0012714751250589938, 0.0009312598527539365, 4233.512003011372, 562.1762298837612, 0.03709039159278249, -0.04686988540857539] in 2 iterations
New 3-planet chi-square: 2.1051207208874025
Maximum: -24.192116490104375 Param: [2.3822922535850806e-6, 224.70077966525778, 3503.765415344612, 0.0025883774975070913, -0.0048408901436530795, 3.0739104803845824e-6, 365.25646844040017, 3624.402133188653, 0.015476650006772098, -0.0012725817085913898, 0.0009311523864765719, 4233.106208175113, 562.8858616541281, 0.03709548067189033, -0.04688609381190924]
530.733646 seconds (260.48 M allocations: 28.388 GiB, 0.99% gc time)
FITS/fromEMB/p2_fit10s27yrs.jld2 loaded.
Previous model params: [2.933686314488499e-6, 224.7007760574508, 3503.765511881799, 0.05270698817905962, -0.00210142234525331, 3.377321630699089e-6, 365.2564556981687, 3624.4024231901144, 0.05525977395333778, -0.0007302698013144969]
Finished 3-planet fit w/ fixed period: [2.4336517458683374e-6, 224.70077712030604, 3503.7654558053678, 0.006379987723459882, -0.002249091533902238, 3.0895891584788683e-6, 365.2564538887997, 3624.402285894144, 0.018440625360455272, 0.0006603600479217279, 0.000900890963619835, 4269.381565537789, 4798.407844025983, 0.03209286344256972, -0.03673749416053548] in 2 iterations
New 3-planet chi-square: 389.48458750167373
Maximum: -208.76885030997448 Param: [2.434001979408027e-6, 224.70077711845025, 3503.765455958371, 0.006414394685602471, -0.0022483397686484134, 3.089811219068011e-6, 365.2564538369021, 3624.4022871298775, 0.018469833330715456, 0.0006605349830485991, 0.0009017634877113489, 4270.757998895991, 4797.199961068213, 0.032155274382736444, -0.03670740048740904]
526.730932 seconds (257.56 M allocations: 28.745 GiB, 0.92% gc time)
FITS/fromEMB/p2_fit30s27yrs.jld2 loaded.
Previous model params: [2.9337046331207748e-6, 224.70077605748034, 3503.765511881182, 0.05270874838078174, -0.002100728223971297, 3.3773342212724386e-6, 365.25645569819693, 3624.402423189999, 0.055261176895487256, -0.00072972454945724]
Finished 3-planet fit w/ fixed period: [2.433649825302672e-6, 224.70077712029646, 3503.7654558056042, 0.006379952549988559, -0.0022492656220908566, 3.089589114670064e-6, 365.2564538888175, 3624.4022858938665, 0.018440605131316554, 0.0006602199914472318, 0.0009008918290812226, 4269.381565537789, 529.0285444431355, 0.03209280269899843, -0.03673720680315561] in 2 iterations
New 3-planet chi-square: 43.27606528297657
Maximum: -131.86599010726098 Param: [2.4340009137566674e-6, 224.7007771184576, 3503.765455958148, 0.006414293502795285, -0.002248439693370577, 3.0898105958321964e-6, 365.25645383702204, 3624.402287127289, 0.01846975043977968, 0.000660465998462777, 0.0009017643791670699, 4270.756043876189, 526.445603908952, 0.03215545285275933, -0.03670743445981718]
527.761177 seconds (257.65 M allocations: 28.754 GiB, 0.92% gc time)
FITS/fromEMB/p2_fit60s27yrs.jld2 loaded.
Previous model params: [2.9337046331207748e-6, 224.70077605748034, 3503.765511881182, 0.05270874838078174, -0.002100728223971297, 3.3773342212724386e-6, 365.25645569819693, 3624.402423189999, 0.055261176895487256, -0.00072972454945724]
Finished 3-planet fit w/ fixed period: [2.433649825302672e-6, 224.70077712029646, 3503.7654558056042, 0.006379952549988559, -0.0022492656220908566, 3.089589114670064e-6, 365.2564538888175, 3624.4022858938665, 0.018440605131316554, 0.0006602199914472318, 0.0009008918290812226, 4269.381565537789, 529.0285444431355, 0.03209280269899843, -0.03673720680315561] in 2 iterations
New 3-planet chi-square: 10.819016320744142
Maximum: -83.34568746806481 Param: [2.4340009137566674e-6, 224.7007771184576, 3503.765455958148, 0.006414293502795285, -0.002248439693370577, 3.0898105958321964e-6, 365.25645383702204, 3624.402287127289, 0.01846975043977968, 0.000660465998462777, 0.0009017643791670699, 4270.756043876189, 526.445603908952, 0.03215545285275933, -0.03670743445981718]
526.723412 seconds (257.65 M allocations: 28.754 GiB, 0.92% gc time)
FITS/fromEMB/p2_fit80s27yrs.jld2 loaded.
Previous model params: [2.933686314488499e-6, 224.7007760574508, 3503.765511881799, 0.05270698817905962, -0.00210142234525331, 3.377321630699089e-6, 365.2564556981687, 3624.4024231901144, 0.05525977395333778, -0.0007302698013144969]
Finished 3-planet fit w/ fixed period: [2.4336517458683374e-6, 224.70077712030604, 3503.7654558053678, 0.006379987723459882, -0.002249091533902238, 3.0895891584788683e-6, 365.2564538887997, 3624.402285894144, 0.018440625360455272, 0.0006603600479217279, 0.000900890963619835, 4269.381565537789, 4798.407844025983, 0.03209286344256972, -0.03673749416053548] in 2 iterations
New 3-planet chi-square: 6.085696679713652
Maximum: -63.207942392385974 Param: [2.434001979408027e-6, 224.70077711845025, 3503.765455958371, 0.006414394685602471, -0.0022483397686484134, 3.089811219068011e-6, 365.2564538369021, 3624.4022871298775, 0.018469833330715456, 0.0006605349830485991, 0.0009017634877113489, 4270.757998895991, 4797.199961068213, 0.032155274382736444, -0.03670740048740904]
527.199623 seconds (257.56 M allocations: 28.744 GiB, 0.92% gc time)
FITS/fromEMB/p2_fit90s27yrs.jld2 loaded.
Previous model params: [2.9337124034884294e-6, 224.70077605749384, 3503.765511880883, 0.05270932492179921, -0.0021001085825747153, 3.377337785516534e-6, 365.2564556982075, 3624.402423190042, 0.055261639505117664, -0.0007292551181512135]
Finished 3-planet fit w/ fixed period: [2.433649043078373e-6, 224.7007771203006, 3503.765455805506, 0.0063798146881910425, -0.0022491747739481448, 3.08958817106098e-6, 365.25645388880486, 3624.4022858939416, 0.0184404949849195, 0.0006602983828219983, 0.0009008937745723351, 4269.381565537789, 4798.409066086728, 0.032093044152715695, -0.036737239715822365] in 2 iterations
New 3-planet chi-square: 4.808451694382732
Maximum: -54.96312987337394 Param: [2.434000572879056e-6, 224.70077711845065, 3503.7654559583884, 0.006414287211177962, -0.0022484916551753454, 3.089810595135571e-6, 365.2564538369246, 3624.402287129188, 0.018469750373176278, 0.0006604219866256705, 0.000901765240782541, 4270.7574055631785, 4797.201262938889, 0.03215544897505691, -0.03670733506987471]
526.277925 seconds (256.84 M allocations: 28.665 GiB, 0.92% gc time)
FITS/fromEMB/p2_fit100s27yrs.jld2 loaded.
Previous model params: [2.9336881019008207e-6, 224.70077605745303, 3503.7655118817174, 0.05270690171840513, -0.002100923176032111, 3.377320081335679e-6, 365.2564556981703, 3624.402423190225, 0.05525970691124499, -0.0007299089889752949]
Finished 3-planet fit w/ fixed period: [2.433654839583065e-6, 224.70077712031147, 3503.765455805204, 0.006380171691038447, -0.0022489578885187605, 3.089590050443984e-6, 365.256453888765, 3624.402285894663, 0.018440761819653984, 0.0006604674680264603, 0.0009008881416539157, 4269.381565537789, 529.0237637703098, 0.03209265853860623, -0.03673787654520324] in 2 iterations
New 3-planet chi-square: 3.8948458765802867
Maximum: -47.587893814441706 Param: [2.4340000706798472e-6, 224.7007771184852, 3503.7654559575312, 0.006414083245377737, -0.0022478207244922953, 3.089809227865008e-6, 365.25645383696514, 3624.4022871284496, 0.018469580168218286, 0.000660966203765185, 0.00090176940761754, 4270.756379455465, 526.441490641266, 0.032156224554763906, -0.036707473400679126]
525.085201 seconds (257.12 M allocations: 28.695 GiB, 0.92% gc time)
FITS/fromEMB/p2_fit110s27yrs.jld2 loaded.
Previous model params: [2.933720611111409e-6, 224.7007760574973, 3503.7655118807897, 0.052710008645320605, -0.0021005173462723486, 3.3773421680366802e-6, 365.2564556982167, 3624.402423189904, 0.055262184790080646, -0.0007295917271746317]
Finished 3-planet fit w/ fixed period: [2.433647962318238e-6, 224.70077712029703, 3503.7654558056297, 0.006379817870994693, -0.002249280947268228, 3.089588200171204e-6, 365.2564538888126, 3624.402285893833, 0.018440501492876463, 0.0006602152490740005, 0.0009008946686747144, 4269.381565537789, 4798.410283446806, 0.03209307271861372, -0.03673707697868916] in 2 iterations
New 3-planet chi-square: 3.218880889234918
Maximum: -40.916181222693 Param: [2.4339995648631884e-6, 224.70077711846102, 3503.765455958228, 0.006414095019339701, -0.002248218718246604, 3.089809328700541e-6, 365.25645383687765, 3624.4022871301117, 0.01846959803550968, 0.0006606492905053562, 0.0009017698085652719, 4270.758324938647, 4797.198245959588, 0.032155999793852884, -0.03670732591361668]
528.109733 seconds (257.97 M allocations: 28.789 GiB, 0.92% gc time)
FITS/fromEMB/p2_fit120s27yrs.jld2 loaded.
Previous model params: [2.9337046331207748e-6, 224.70077605748034, 3503.765511881182, 0.05270874838078174, -0.002100728223971297, 3.3773342212724386e-6, 365.25645569819693, 3624.402423189999, 0.055261176895487256, -0.00072972454945724]
Finished 3-planet fit w/ fixed period: [2.433649825302672e-6, 224.70077712029646, 3503.7654558056042, 0.006379952549988559, -0.0022492656220908566, 3.089589114670064e-6, 365.2564538888175, 3624.4022858938665, 0.018440605131316554, 0.0006602199914472318, 0.0009008918290812226, 4269.381565537789, 529.0285444431355, 0.03209280269899843, -0.03673720680315561] in 2 iterations
New 3-planet chi-square: 2.7047540801860355
Maximum: -34.825384828868636 Param: [2.4340009137566674e-6, 224.7007771184576, 3503.765455958148, 0.006414293502795285, -0.002248439693370577, 3.0898105958321964e-6, 365.25645383702204, 3624.402287127289, 0.01846975043977968, 0.000660465998462777, 0.0009017643791670699, 4270.756043876189, 526.445603908952, 0.03215545285275933, -0.03670743445981718]
526.093316 seconds (257.60 M allocations: 28.749 GiB, 0.92% gc time)
FITS/fromEMB/p2_fit10s29yrs.jld2 loaded.
Previous model params: [2.7759545044892516e-6, 224.70077474617966, 3503.7655317090826, 0.04896124585316833, 0.0016481247035051213, 3.3779293625709763e-6, 365.2564465496838, 3624.4025095904763, 0.05244527140762654, 0.0023628485671492207]
Finished 3-planet fit w/ fixed period: [2.4226484179452105e-6, 224.70077519396904, 3503.7654811457223, 0.00411087559063485, -0.0017671158218708733, 3.070928220977633e-6, 365.2564517438311, 3624.4022904605467, 0.01658931817939099, 0.0009996405272875422, 0.000861823249165932, 4240.661725231285, 575.9478003547168, 0.026212426073335158, -0.03754470680004205] in 2 iterations
New 3-planet chi-square: 418.3670691405368
Maximum: -229.38164971438405 Param: [2.4217388970944395e-6, 224.70077517021707, 3503.765481748726, 0.004110696633135443, -0.0017449566352199094, 3.0710271385159632e-6, 365.25645149008903, 3624.402294377059, 0.016596625856921253, 0.0010206788239606503, 0.0008644587119480137, 4243.5762383381325, 570.2687470272249, 0.026396701893213033, -0.037419214993609604]
517.480931 seconds (252.54 M allocations: 29.527 GiB, 0.85% gc time)
FITS/fromEMB/p2_fit30s29yrs.jld2 loaded.
Previous model params: [2.775969785220421e-6, 224.70077474617034, 3503.76553170911, 0.04896271939422329, 0.0016480027906353647, 3.3779395825606783e-6, 365.25644654971387, 3624.402509590203, 0.05244644681113818, 0.0023627468078793183]
Finished 3-planet fit w/ fixed period: [2.4226530106186755e-6, 224.70077519399246, 3503.765481145015, 0.0041109673754720815, -0.0017665548790346847, 3.070928376326174e-6, 365.2564517438096, 3624.4022904610706, 0.016589374928660996, 0.001000086898184377, 0.0008618199683355326, 4240.661725231285, 575.9413868608162, 0.02621234874806307, -0.037545525122919275] in 2 iterations
New 3-planet chi-square: 46.48522988437359
Maximum: -145.88711575915173 Param: [2.4217348004309306e-6, 224.7007751702394, 3503.7654817483217, 0.004110468319478154, -0.0017454914555547398, 3.0710259993334403e-6, 365.2564514905112, 3624.4022943704977, 0.01659645413425523, 0.0010202426137845384, 0.0008644580308998575, 4243.5720708333865, 570.2833205085097, 0.026396378534357726, -0.03741850612952027]
517.329806 seconds (251.84 M allocations: 29.447 GiB, 0.85% gc time)
FITS/fromEMB/p2_fit60s29yrs.jld2 loaded.
Previous model params: [2.775969785220421e-6, 224.70077474617034, 3503.76553170911, 0.04896271939422329, 0.0016480027906353647, 3.3779395825606783e-6, 365.25644654971387, 3624.402509590203, 0.05244644681113818, 0.0023627468078793183]
Finished 3-planet fit w/ fixed period: [2.4226530106186755e-6, 224.70077519399246, 3503.765481145015, 0.0041109673754720815, -0.0017665548790346847, 3.070928376326174e-6, 365.2564517438096, 3624.4022904610706, 0.016589374928660996, 0.001000086898184377, 0.0008618199683355326, 4240.661725231285, 575.9413868608162, 0.02621234874806307, -0.037545525122919275] in 2 iterations
New 3-planet chi-square: 11.621307471093397
Maximum: -93.2079300365959 Param: [2.4217348004309306e-6, 224.7007751702394, 3503.7654817483217, 0.004110468319478154, -0.0017454914555547398, 3.0710259993334403e-6, 365.2564514905112, 3624.4022943704977, 0.01659645413425523, 0.0010202426137845384, 0.0008644580308998575, 4243.5720708333865, 570.2833205085097, 0.026396378534357726, -0.03741850612952027]
517.798416 seconds (251.84 M allocations: 29.447 GiB, 0.84% gc time)
FITS/fromEMB/p2_fit80s29yrs.jld2 loaded.
Previous model params: [2.7759545044892516e-6, 224.70077474617966, 3503.7655317090826, 0.04896124585316833, 0.0016481247035051213, 3.3779293625709763e-6, 365.2564465496838, 3624.4025095904763, 0.05244527140762654, 0.0023628485671492207]
Finished 3-planet fit w/ fixed period: [2.4226484179452105e-6, 224.70077519396904, 3503.7654811457223, 0.00411087559063485, -0.0017671158218708733, 3.070928220977633e-6, 365.2564517438311, 3624.4022904605467, 0.01658931817939099, 0.0009996405272875422, 0.000861823249165932, 4240.661725231285, 575.9478003547168, 0.026212426073335158, -0.03754470680004205] in 2 iterations
New 3-planet chi-square: 6.536985455320887
Maximum: -71.34409254671651 Param: [2.4217388970944395e-6, 224.70077517021707, 3503.765481748726, 0.004110696633135443, -0.0017449566352199094, 3.0710271385159632e-6, 365.25645149008903, 3624.402294377059, 0.016596625856921253, 0.0010206788239606503, 0.0008644587119480137, 4243.5762383381325, 570.2687470272249, 0.026396701893213033, -0.037419214993609604]
517.161250 seconds (252.54 M allocations: 29.527 GiB, 0.84% gc time)
FITS/fromEMB/p2_fit90s29yrs.jld2 loaded.
Previous model params: [2.7759564647925232e-6, 224.70077474618304, 3503.7655317089816, 0.04896140051601322, 0.0016484058757006465, 3.377930517840845e-6, 365.2564465496833, 3624.4025095905577, 0.05244539974534915, 0.0023630683008815027]
Finished 3-planet fit w/ fixed period: [2.4226532675194905e-6, 224.7007751940069, 3503.76548114469, 0.0041109254063943605, -0.0017662178172487076, 3.0709280327931995e-6, 365.2564517438093, 3624.4022904611866, 0.016589336096523206, 0.0010003589594137694, 0.0008618213927354746, 4240.661725231285, 575.9391586413685, 0.02621265652442564, -0.037545620216468824] in 2 iterations
New 3-planet chi-square: 5.165025544426628
Maximum: -62.39258183301836 Param: [2.4217366710621385e-6, 224.70077517022574, 3503.765481748536, 0.0041108336518587375, -0.0017458186556784919, 3.0710284727645127e-6, 365.2564514904994, 3624.402294370559, 0.016596746113854567, 0.0010199605260725018, 0.0008644495774953395, 4243.571836330767, 570.2869363599029, 0.026395179729518523, -0.0374185675315961]
517.237969 seconds (252.60 M allocations: 29.536 GiB, 0.84% gc time)
FITS/fromEMB/p2_fit100s29yrs.jld2 loaded.
Previous model params: [2.775958901317137e-6, 224.7007747461751, 3503.765531709107, 0.04896189540291569, 0.001648050844701753, 3.377934646176132e-6, 365.2564465496983, 3624.402509590339, 0.05244578308165909, 0.002362805457814203]
Finished 3-planet fit w/ fixed period: [2.422655764367497e-6, 224.70077519399993, 3503.7654811447696, 0.004111163393685019, -0.0017663437723852069, 3.0709294369122906e-6, 365.25645174378684, 3624.402290461559, 0.016589521556899117, 0.0010002481573052897, 0.0008618159080066668, 4240.661725231285, 4816.600912518905, 0.026211994927164913, -0.037545873819322347] in 2 iterations
New 3-planet chi-square: 4.183670690801745
Maximum: -54.38518264135391 Param: [2.4217386473780826e-6, 224.70077517023955, 3503.765481748149, 0.004110566815960821, -0.0017449933198682422, 3.0710262574667005e-6, 365.2564514902646, 3624.4022943743603, 0.016596520003357925, 0.0010206388891289997, 0.0008644556036803481, 4243.574625246104, 4813.8468870949, 0.026396196813693863, -0.03741931144915138]
517.117080 seconds (251.69 M allocations: 29.429 GiB, 0.85% gc time)
FITS/fromEMB/p2_fit110s29yrs.jld2 loaded.
Previous model params: [2.7759497841608047e-6, 224.70077474618543, 3503.7655317090075, 0.04896070180588691, 0.0016482998846416355, 3.377925477178339e-6, 365.25644654967016, 3624.4025095906527, 0.0524448431095437, 0.0023629854198823127]
Finished 3-planet fit w/ fixed period: [2.422655246271622e-6, 224.70077519399354, 3503.765481144928, 0.004111031608482372, -0.0017664135508012307, 3.070928453063285e-6, 365.2564517437864, 3624.40229046149, 0.016589417419928316, 0.0010002031878293845, 0.0008618191346618866, 4240.661725231285, 575.9385961966526, 0.026212404445286882, -0.037545893607640955] in 2 iterations
New 3-planet chi-square: 3.457579083167169
Maximum: -47.14160897468591 Param: [2.42173620343051e-6, 224.70077517024123, 3503.765481748236, 0.004110658804920113, -0.0017453852609248671, 3.0710272506647983e-6, 365.2564514904623, 3624.402294371332, 0.016596601599634407, 0.0010203183585447914, 0.0008644546480529545, 4243.572340953258, 570.2823383053922, 0.02639597807007535, -0.037418633484074953]
515.544799 seconds (251.96 M allocations: 29.461 GiB, 0.84% gc time)
FITS/fromEMB/p2_fit120s29yrs.jld2 loaded.
Previous model params: [2.775969785220421e-6, 224.70077474617034, 3503.76553170911, 0.04896271939422329, 0.0016480027906353647, 3.3779395825606783e-6, 365.25644654971387, 3624.402509590203, 0.05244644681113818, 0.0023627468078793183]
Finished 3-planet fit w/ fixed period: [2.4226530106186755e-6, 224.70077519399246, 3503.765481145015, 0.0041109673754720815, -0.0017665548790346847, 3.070928376326174e-6, 365.2564517438096, 3624.4022904610706, 0.016589374928660996, 0.001000086898184377, 0.0008618199683355326, 4240.661725231285, 575.9413868608162, 0.02621234874806307, -0.037545525122919275] in 2 iterations
New 3-planet chi-square: 2.9053268677733493
Maximum: -40.528744314040054 Param: [2.4217348004309306e-6, 224.7007751702394, 3503.7654817483217, 0.004110468319478154, -0.0017454914555547398, 3.0710259993334403e-6, 365.2564514905112, 3624.4022943704977, 0.01659645413425523, 0.0010202426137845384, 0.0008644580308998575, 4243.5720708333865, 570.2833205085097, 0.026396378534357726, -0.03741850612952027]
516.217570 seconds (251.84 M allocations: 29.447 GiB, 0.84% gc time)

