args = ["Hppp", "grid", "fromEV", "200"]
FITS/p2_fit30s30yrs.jld2 loaded.
Previous model params: [3.6921453242197503e-6, 224.70077793363524, 3503.769501768157, -0.09148948969257724, -0.051105458436726404, 2.572330614123054e-6, 365.256438869757, 3624.408931928089, -0.055443723582098044, -0.03929496185963876]
Finished 3-planet fit w/ fixed period: [3.905019571079201e-6, 224.70078009623455, 3503.7694162620137, -0.06717712617665948, -0.05743867736391482, 2.6454564488836255e-6, 365.2564616932002, 3624.408516969098, -0.03679218000021916, -0.04371628816275468, 0.00034939404142133565, 4186.619774075168, 1499.7455398663838, -0.1135978692298342, 0.12705563969755734] in 2 iterations
New 3-planet chi-square: 216.95776356277526
Maximum: -209.80840516882245 Param: [3.905336249300831e-6, 224.70078008615485, 3503.76941650724, -0.06714996108085178, -0.057434300668671154, 2.6455981944060754e-6, 365.25646165036244, 3624.408517623328, -0.03676999245911673, -0.04371391776092728, 0.0003497848667290116, 4187.17033878291, 1498.4131178476077, -0.11338810916799213, 0.12689120442435606]
FITS/p2_fit30s29yrs.jld2 loaded.
Previous model params: [3.6523113522880804e-6, 224.7007736393573, 3503.769570725286, -0.06770046966819517, -0.07577429838479716, 2.7699348809758775e-6, 365.2564448683518, 3624.4089562334143, -0.03823618905116047, -0.06032577369273523]
Finished 3-planet fit w/ fixed period: [3.757855062909206e-6, 224.70077477885874, 3503.769492804122, -0.06454991940884089, -0.0788524532528997, 2.7781035144335415e-6, 365.25645949530855, 3624.4085945324505, -0.03703960905403169, -0.06209301225800955, 0.0002985145031404029, 4186.619774075168, 1484.6876718697965, -0.20757607350001925, 0.15386247163572872] in 2 iterations
New 3-planet chi-square: 175.56943031308182
Maximum: -196.38531400164902 Param: [3.7578477639438107e-6, 224.7007747840834, 3503.7694926763284, -0.06454822273865833, -0.07885321418353933, 2.778114846133375e-6, 365.25645952141565, 3624.40859413257, -0.03703862941695354, -0.06209348882753665, 0.0002984235170856501, 4186.315954928421, 1485.220458067505, -0.20766001976669105, 0.15387011589010008]
FITS/p2_fit30s28yrs.jld2 loaded.
Previous model params: [3.7095824372857603e-6, 224.70078038227354, 3503.769492996306, -0.07764516496986162, -0.06269455799709332, 2.7565884815722563e-6, 365.25646370468723, 3624.4087881615587, -0.04605311188045819, -0.04856560773286689]
Finished 3-planet fit w/ fixed period: [3.432711627598461e-6, 224.7007790857817, 3503.7694771798224, -0.10727968646409577, -0.06965495814792635, 2.6141261006380906e-6, 365.25646154370105, 3624.4086389286094, -0.07000980561505703, -0.05304127893741049, 0.0004064057359257321, 4275.556500036226, 1481.2226829626804, -0.08195897111862151, 0.12275611667893799] in 2 iterations
New 3-planet chi-square: 206.57380331617696
Maximum: -194.5690078602324 Param: [3.432711627598461e-6, 224.7007790857817, 3503.7694771798224, -0.10727968646409577, -0.06965495814792635, 2.6141261006380906e-6, 365.25646154370105, 3624.4086389286094, -0.07000980561505703, -0.05304127893741049, 0.0004064057359257321, 4275.556500036226, 1481.2226829626804, -0.08195897111862151, 0.12275611667893799]
FITS/p2_fit30s27yrs.jld2 loaded.
Previous model params: [3.3107756470087697e-6, 224.70078388128067, 3503.7694180055328, -0.13602777602187935, -0.05121891032054403, 2.2524102142344916e-6, 365.2564666191782, 3624.408782747064, -0.0917717912585329, -0.03877854167493188]
Finished 3-planet fit w/ fixed period: [3.211147706100002e-6, 224.70078460997672, 3503.7693618731523, -0.14573702747304512, -0.056596656783225646, 2.233096408338317e-6, 365.25646626001594, 3624.408604147508, -0.0999571116620042, -0.04121444299938899, 0.00032338554726751454, 4228.921521504957, 1803.2387087344378, -0.07359969824028692, 0.23556352084356716] in 2 iterations
New 3-planet chi-square: 198.28991614355724
Maximum: -185.14055639494217 Param: [3.210935539875672e-6, 224.70078461539882, 3503.7693616774995, -0.1457569932821863, -0.056605698670192016, 2.2330307951576308e-6, 365.2564662844082, 3624.4086036348112, -0.0999725782914366, -0.04122088750279586, 0.0003231031555754596, 4228.417462389353, 1804.3343922704382, -0.07374807510226358, 0.23576672932969842]
FITS/p2_fit30s26yrs.jld2 loaded.
Previous model params: [4.136903422610058e-6, 224.70077637799858, 3503.769442323491, -0.0512295430442361, -0.05869249541343587, 2.74896711857539e-6, 365.2564513404165, 3624.4087968134027, -0.02517650504146899, -0.046455083168168966]
Finished 3-planet fit w/ fixed period: [4.620375974566065e-6, 224.70077858730693, 3503.7693559867475, -0.009595353904136038, -0.05243458790785561, 2.9700253162732773e-6, 365.2564550041126, 3624.4085789422256, 0.007323730103609358, -0.04128062937696743, 0.0004202729772702856, 4235.368057377401, 825.3971166229101, -0.11276577749827818, -0.045947470658386946] in 2 iterations
New 3-planet chi-square: 180.34307804155958
Maximum: -176.62527488119335 Param: [4.6199953317231255e-6, 224.70077858660463, 3503.769355960781, -0.009623167534394846, -0.05243819380592213, 2.9698537490595206e-6, 365.25645501252063, 3624.408578693107, 0.007301160219458445, -0.04128313361520518, 0.000420061583520664, 4234.9725838244685, 826.261861492639, -0.1128752559432501, -0.04591764343722178]
FITS/p2_fit30s25yrs.jld2 loaded.
Previous model params: [3.761925232273343e-6, 224.70077053355587, 3503.7697497838226, -0.08983908024091497, -0.05619915506562628, 2.537013494539179e-6, 365.2564578278715, 3624.4088103742456, -0.05502259579778884, -0.04431096423696797]
Finished 3-planet fit w/ fixed period: [3.68615341295284e-6, 224.70077027821918, 3503.7697247943993, -0.09736507895691301, -0.06104318753719883, 2.5088203196369765e-6, 365.2564620855484, 3624.408623881909, -0.061764171585081164, -0.04722704101906908, 0.00042511437611511094, 4255.720613115018, 1443.7809506244043, -0.06834199922109059, 0.13401002464323272] in 2 iterations
New 3-planet chi-square: 191.43913651096236
Maximum: -170.77352282560696 Param: [3.68615341295284e-6, 224.70077027821918, 3503.7697247943993, -0.09736507895691301, -0.06104318753719883, 2.5088203196369765e-6, 365.2564620855484, 3624.408623881909, -0.061764171585081164, -0.04722704101906908, 0.00042511437611511094, 4255.720613115018, 1443.7809506244043, -0.06834199922109059, 0.13401002464323272]
FITS/p2_fit30s24yrs.jld2 loaded.
Previous model params: [3.621953182746144e-6, 224.70077815489591, 3503.769611176949, -0.0945096933837889, -0.06352548643905716, 2.44620885353716e-6, 365.25646324005885, 3624.40861414736, -0.05990199796365594, -0.05029060850683747]
Finished 3-planet fit w/ fixed period: [3.7659188250851647e-6, 224.70078377969966, 3503.7694585111103, -0.07413248246807853, -0.0639150857803501, 2.534870094159898e-6, 365.25649272105346, 3624.4080927284276, -0.04505494586208329, -0.04856663849780716, 0.00023369240454565508, 4090.8000000000006, 1359.3648041402505, -0.3593199206270982, 0.04312703693322092] in 2 iterations
New 3-planet chi-square: 178.89199774647005
Maximum: -163.3836411647451 Param: [3.7578367874376767e-6, 224.70078375943152, 3503.769457922959, -0.07526383974065966, -0.06392437450632682, 2.529073943177037e-6, 365.25649273936267, 3624.4080896423857, -0.04594913399238674, -0.04855524655300531, 0.00022745720219347166, 4079.600429775739, 1375.7792762477072, -0.37189081759626774, 0.04302661443201658]
FITS/p2_fit30s23yrs.jld2 loaded.
Previous model params: [3.4113231920313314e-6, 224.7007653167267, 3503.769838536309, -0.09468153487818749, -0.04468508960789478, 2.5573252790996407e-6, 365.25643868409566, 3624.408854010649, -0.05932781611091198, -0.03401058410161909]
Finished 3-planet fit w/ fixed period: [3.237017119441806e-6, 224.70077172908339, 3503.769702972829, -0.11901678349842335, -0.058268565678460664, 2.413508339896736e-6, 365.2564707957715, 3624.4083733212988, -0.07977469441903544, -0.04285375577424549, 0.00029564588751708075, 4090.8000000000006, 1738.1923756337656, -0.14498694041828367, 0.1574850013125392] in 2 iterations
New 3-planet chi-square: 157.0956445766732
Maximum: -151.70564462957816 Param: [3.2391564161445196e-6, 224.70077178424657, 3503.769701084801, -0.11875781329412742, -0.05833377701810645, 2.414717257667822e-6, 365.2564708736985, 3624.408369825058, -0.07955608280964577, -0.04290466678327502, 0.0002925500615939214, 4082.361264873621, 1749.1198775116354, -0.14839465759082954, 0.15785847278711176]
FITS/p2_fit30s22yrs.jld2 loaded.
Previous model params: [3.383670327507075e-6, 224.70077725520326, 3503.76951709265, -0.08413893554061996, -0.05595741109315423, 2.4972662913591924e-6, 365.2564264058196, 3624.409000920525, -0.05435125633991738, -0.04169518681358596]
Finished 3-planet fit w/ fixed period: [3.510652455430608e-6, 224.7007904627537, 3503.769324776179, -0.08374191637240674, -0.04774241708901854, 2.5561083467550193e-6, 365.25648484201355, 3624.4083977388477, -0.05416208416204736, -0.034999609206053495, 0.0005524295499857396, 4277.909998285215, 1453.9998441888051, -0.022610137593188067, 0.1100235635390237] in 2 iterations
New 3-planet chi-square: 117.79126488578528
Maximum: -135.91405231725622 Param: [3.510652455430608e-6, 224.7007904627537, 3503.769324776179, -0.08374191637240674, -0.04774241708901854, 2.5561083467550193e-6, 365.25648484201355, 3624.4083977388477, -0.05416208416204736, -0.034999609206053495, 0.0005524295499857396, 4277.909998285215, 1453.9998441888051, -0.022610137593188067, 0.1100235635390237]
FITS/p2_fit10s30yrs.jld2 loaded.
Previous model params: [3.551505360398983e-6, 224.70077442793368, 3503.7695821086427, -0.09233833054736085, -0.059035342740219196, 2.5730758493769897e-6, 365.25644146946763, 3624.4089941516277, -0.057371533841694584, -0.04641095773005531]
Finished 3-planet fit w/ fixed period: [3.5315687753882533e-6, 224.70077497682715, 3503.769534937506, -0.0914486187873116, -0.06612584293547553, 2.5368616358643273e-6, 365.2564593110499, 3624.408655752007, -0.057030512894392996, -0.05107328929999731, 0.00041579736450865436, 4246.996596180689, 1465.133299041845, -0.0760694700947086, 0.12856801912422677] in 2 iterations
New 3-planet chi-square: 1394.6539269220918
Maximum: -282.3756617143347 Param: [3.531824221774682e-6, 224.700774968347, 3503.769535147141, -0.09142184745608103, -0.06612029828412849, 2.5370097218599117e-6, 365.2564592725148, 3624.4086563369856, -0.05700889684899478, -0.051069792423692695, 0.0004160566094744475, 4247.417145797238, 1464.275805395441, -0.07596847170204213, 0.12850219674169605]
FITS/p2_fit10s29yrs.jld2 loaded.
Previous model params: [3.699199919987842e-6, 224.70077565443393, 3503.7695491151712, -0.07460958924034725, -0.05656590064262255, 2.604947557830192e-6, 365.256447917046, 3624.4088961998827, -0.0428243048501805, -0.04420681370875873]
Finished 3-planet fit w/ fixed period: [3.7607811098393402e-6, 224.7007751903576, 3503.7695165866458, -0.0761660840167333, -0.061819944513254114, 2.5826837262412535e-6, 365.2564561994834, 3624.408633979122, -0.04514724237605558, -0.04789827430594207, 0.0004475922795042338, 4227.633392259851, 1406.4768350746795, -0.07548075036597048, 0.10458271473749538] in 2 iterations
New 3-planet chi-square: 1457.5264701634828
Maximum: -276.8108510174618 Param: [3.7607797024388722e-6, 224.70077518084256, 3503.769516829068, -0.07616734344565308, -0.06181537701528591, 2.5826758517880346e-6, 365.25645615203496, 3624.4086347126604, -0.045147423612647036, -0.04789528027100886, 0.0004478373506120182, 4228.19448106206, 1405.5035884925057, -0.07539017030268573, 0.10456963905622799]
FITS/p2_fit10s28yrs.jld2 loaded.
Previous model params: [3.7206513102369837e-6, 224.70077520557274, 3503.769598620277, -0.07714235281303036, -0.06446713454981824, 2.6459161050810524e-6, 365.2564565117861, 3624.4088138619836, -0.04457985497711872, -0.050097540266030305]
Finished 3-planet fit w/ fixed period: [3.636660490711184e-6, 224.7007735495282, 3503.7695846274123, -0.08481295852015285, -0.0665369095968571, 2.6086145765369217e-6, 365.25645631238933, 3624.408641129015, -0.051451543581035805, -0.0511771289263706, 0.0004030092631435205, 4241.824420300204, 1410.971737020308, -0.09544927976790815, 0.11624022062864577] in 3 iterations
New 3-planet chi-square: 1447.4073995438875
Maximum: -265.6298170672639 Param: [3.636660490711184e-6, 224.7007735495282, 3503.7695846274123, -0.08481295852015285, -0.0665369095968571, 2.6086145765369217e-6, 365.25645631238933, 3624.408641129015, -0.051451543581035805, -0.0511771289263706, 0.0004030092631435205, 4241.824420300204, 1410.971737020308, -0.09544927976790815, 0.11624022062864577]
FITS/p2_fit10s27yrs.jld2 loaded.
Previous model params: [3.6255845865407122e-6, 224.70077727051716, 3503.7695499720053, -0.07831003025604309, -0.05756526185467461, 2.583099616646283e-6, 365.25646562948083, 3624.408709820732, -0.04645260174107767, -0.045143598430469715]
Finished 3-planet fit w/ fixed period: [3.559384095670706e-6, 224.7007765306267, 3503.7695448360337, -0.08585738196116526, -0.06015956222256441, 2.558807918157862e-6, 365.25646142975467, 3624.4086236523553, -0.053259547329462656, -0.04673753829285144, 0.0005188219010779806, 4309.556825953746, 1331.0081165344527, -0.027522456017964297, 0.09620660246593735] in 2 iterations
New 3-planet chi-square: 1326.542003580204
Maximum: -251.66157933156046 Param: [3.5594736030126517e-6, 224.70077652503872, 3503.769545034814, -0.08585690451994693, -0.06015376880201222, 2.558778429847519e-6, 365.2564614055733, 3624.408624193235, -0.05325899096529461, -0.046734511411324196, 0.000519186038837406, 4310.154916041457, 1329.9731208710737, -0.027425567515508092, 0.09615030411585641]
FITS/p2_fit10s26yrs.jld2 loaded.
Previous model params: [3.840698254766154e-6, 224.7007760812677, 3503.769549087188, -0.07070116025085378, -0.05263461320632727, 2.6549209496396304e-6, 365.2564512428622, 3624.4088682064016, -0.039971717662420525, -0.041282095566507276]
Finished 3-planet fit w/ fixed period: [3.7337078676902977e-6, 224.70077576885444, 3503.769531164835, -0.07778119734254817, -0.05716495651274366, 2.626566346860197e-6, 365.2564522431579, 3624.4087128526044, -0.04645638408022488, -0.0445783198709523, 0.0005408975982006955, 4283.378842857979, 1349.9886638743606, -0.029807383872440977, 0.0936497721159712] in 2 iterations
New 3-planet chi-square: 1265.050037276152
Maximum: -242.8574764883039 Param: [3.733697892953557e-6, 224.7007757663745, 3503.7695312437563, -0.07778469382942452, -0.0571643000736721, 2.626552106460019e-6, 365.25645223464454, 3624.408713044756, -0.046459112878448575, -0.044578228193214116, 0.0005410389635997361, 4283.5844346484, 1349.6514977639977, -0.029767470571075476, 0.09363104392412151]
FITS/p2_fit10s25yrs.jld2 loaded.
Previous model params: [3.778518941982986e-6, 224.70077504653716, 3503.769573526731, -0.07788333102776496, -0.0555870229748707, 2.636611257531096e-6, 365.2564563653051, 3624.408830546906, -0.04486967489227553, -0.0435205126412788]
Finished 3-planet fit w/ fixed period: [3.6618590236388184e-6, 224.70077666159568, 3503.7695094162223, -0.08928524619530703, -0.06322733738590094, 2.5892076779060715e-6, 365.25646645200874, 3624.4085564179454, -0.05444428556715905, -0.048641578320733035, 0.00039595509108056326, 4229.245224572946, 1424.8289051776574, -0.10696036579100142, 0.10903336618732559] in 2 iterations
New 3-planet chi-square: 1189.9413673276238
Maximum: -230.15392769649975 Param: [3.6620811022937437e-6, 224.70077666936265, 3503.7695092094973, -0.08926613057082008, -0.0632331440054309, 2.5892924594283613e-6, 365.25646647227023, 3624.408555977415, -0.05442892135046908, -0.048645391287018475, 0.00039561195093070373, 4228.699987669418, 1425.4812923172012, -0.10720145086229403, 0.10904604392929163]
FITS/p2_fit10s24yrs.jld2 loaded.
Previous model params: [3.988604397879613e-6, 224.700775257594, 3503.76961435452, -0.06772916831469111, -0.056077197380112645, 2.6526245275703424e-6, 365.25645162654956, 3624.4088959685864, -0.037235722343225336, -0.04430559512578075]
Finished 3-planet fit w/ fixed period: [4.053196247510136e-6, 224.70077930990203, 3503.7695022056178, -0.05506067742087413, -0.05808905759612901, 2.718078731218839e-6, 365.25647428936225, 3624.4084815052497, -0.028269634813261883, -0.04453074635914405, 0.0003654800994727568, 4176.787543278955, 1246.0037190658513, -0.16798404199551129, 0.054141486667727674] in 2 iterations
New 3-planet chi-square: 1022.0410339749951
Maximum: -218.2810429994701 Param: [4.053070516323499e-6, 224.7007793145188, 3503.7695020522333, -0.055083216366999, -0.058086005218330905, 2.717948188744862e-6, 365.2564743118583, 3624.4084810292993, -0.02828756342099358, -0.044526663947425875, 0.0003650645120617714, 4176.147795704556, 1246.9424339333532, -0.16831161488803714, 0.054131745750280215]
FITS/p2_fit10s23yrs.jld2 loaded.
Previous model params: [3.59055037067806e-6, 224.7007747763487, 3503.7696046718024, -0.08352696798464107, -0.04184383385347086, 2.640197929210805e-6, 365.2564371182148, 3624.408986176223, -0.049845748085989794, -0.03270643427806382]
Finished 3-planet fit w/ fixed period: [3.7346859942821494e-6, 224.70078104916982, 3503.7694854979413, -0.07196882859635127, -0.05696725219451604, 2.6528091124337756e-6, 365.2564724324177, 3624.4085061646906, -0.04209022002090319, -0.04363961617315832, 0.0004517613909504342, 4207.308262059738, 1353.7593427775344, -0.08184327223229426, 0.07856466176211975] in 2 iterations
New 3-planet chi-square: 998.412029140291
Maximum: -207.18498137881022 Param: [3.7346859942821494e-6, 224.70078104916982, 3503.7694854979413, -0.07196882859635127, -0.05696725219451604, 2.6528091124337756e-6, 365.2564724324177, 3624.4085061646906, -0.04209022002090319, -0.04363961617315832, 0.0004517613909504342, 4207.308262059738, 1353.7593427775344, -0.08184327223229426, 0.07856466176211975]
FITS/p2_fit10s22yrs.jld2 loaded.
Previous model params: [3.362127359445951e-6, 224.7007766665027, 3503.769560358389, -0.09587161062862662, -0.0616267977251176, 2.538677300012913e-6, 365.2564168473561, 3624.409092474084, -0.06193403238053844, -0.04665684904201259]
Finished 3-planet fit w/ fixed period: [3.4638492158090233e-6, 224.70079095332014, 3503.7693346920723, -0.09675587337420583, -0.05509387608067016, 2.5878268060418456e-6, 365.2564776659015, 3624.4084289548477, -0.06262608265979959, -0.04088526799167963, 0.00042518820994630655, 4208.767179661644, 1543.3333722104016, -0.08609462638503627, 0.13194720952980443] in 2 iterations
New 3-planet chi-square: 879.2218759424882
Maximum: -193.20256260611538 Param: [3.464083620551309e-6, 224.70079094999727, 3503.769334824828, -0.09673408304729866, -0.05508098339286516, 2.587935512248288e-6, 365.2564776611691, 3624.4084292197863, -0.06260907372903188, -0.04087630357079274, 0.00042556006714608086, 4209.2069672797315, 1542.6648027759556, -0.08589513020622767, 0.13188263933210528]
