args = ["Hppmpp", "grid", "fromEV", "300"]
FITS/p3moon_fit30s30yrs.jld2 loaded.
Previous model params: [2.3845755359626715e-6, 224.70077994581385, 3503.7694187303673, -0.000778230947585972, 0.002175102363953925, 3.032203957237928e-6, 365.2564518589997, 3624.4086666196654, 0.013218411304174952, 0.004283460033038691, 0.0007868542998216331, 4227.198085424614, 619.1014402502351, 0.013974159953145262, -0.03443278620804091, -1.5854986079297556e-5, -0.0018230773125602242, 2.3129265716838376]
Finished 4-planet fit w/ fixed period: [2.3631948387917723e-6, 224.70077429280275, 3503.769524118591, -0.006176209468205301, 0.003202382285287023, 2.972992060031664e-6, 365.2564545373042, 3624.4086220557347, 0.00856751611881277, 0.006017278882078477, 3.5861527865023865e-7, 686.4055508539219, 414.507625658464, -0.09736763545024708, -0.10854743206967554, 0.0010573170601667979, 4368.769058155302, 268.99361531648304, 0.02575359103209437, -0.03971298528444322, 2.7952867820845576e-5, -0.0017966153198653548, 2.3141441881465075] in 2 iterations
New 4-planet chi-square: 76.97559172152378
Maximum: -169.39604685790695 Param: [2.3651159553775188e-6, 224.70077426594327, 3503.76952368414, -0.0062233829070741115, 0.003233495930478123, 2.972660196516608e-6, 365.25645456946813, 3624.408621406188, 0.00853456003248735, 0.0060442050939641155, 3.5811304318946676e-7, 686.3529258462389, 414.88100169744894, -0.09711125705838312, -0.10929694037497545, 0.001058729359047511, 4368.81726111189, 268.4496312522911, 0.025770570499858016, -0.03977550460674257, 2.7181297920075094e-5, -0.0017959328645738661, 2.3141132052360245]
FITS/p3moon_fit30s26yrs.jld2 loaded.
Previous model params: [3.135957954307763e-6, 224.70078019924887, 3503.7693237343738, 0.005699910958928454, 0.0009890386028586387, 3.0666785836208876e-6, 365.25645929374855, 3624.4085636921654, 0.017586080974499256, 0.001441968357570164, 0.0007080267197186297, 4214.367963437369, 507.43265334317016, 0.015509493057179163, -0.08044071665715082, 0.00013941927635543441, -0.0014458036488484741, 2.2989202763413554]
Finished 4-planet fit w/ fixed period: [3.745525922293823e-6, 224.70075641932658, 3503.769725422879, -0.008102942404415527, 0.001539220140856, 2.9943790519993096e-6, 365.2564646866958, 3624.408434315855, 0.007552699768688439, 0.0032798918539470472, 6.764881491106474e-7, 682.5575913413857, 430.3721475817827, -0.03622593641585513, -0.10483813917341908, 0.0011780885958656592, 4375.367046567992, 190.35831189817154, 0.018902470693752053, -0.059811478097569405, 0.0003831652041398504, -0.001070935050885053, 2.3088526733498496] in 3 iterations
New 4-planet chi-square: 65.3520332842962
Maximum: -142.11281081381279 Param: [3.7434041364007916e-6, 224.70075658482827, 3503.7697246100897, -0.007990377625185036, 0.0015512103581245445, 2.995154508841831e-6, 365.2564646105183, 3624.408435333104, 0.007640489108823501, 0.003284085382795928, 6.747804166565232e-7, 682.6299303434988, 429.78558389736975, -0.036945280824014846, -0.10459154952920069, 0.0011721308291071716, 4375.934414997799, 189.7476668679985, 0.01865246499599741, -0.059909691499204706, 0.0003845462990579628, -0.001069988803886962, 2.308965922490494]
FITS/p3moon_fit10s30yrs.jld2 loaded.
Previous model params: [2.2627283252954088e-6, 224.70077551261963, 3503.7695207944134, 0.00450388202793217, -0.006141572450208021, 3.062855360857302e-6, 365.25645160660554, 3624.408772696166, 0.016404912183045038, -0.0025798254649800423, 0.0009478643487764811, 4260.267008412244, 574.4873464520781, 0.030678337653291858, -0.030867848055801898, 9.362738011894004e-5, -0.0018124625023898183, 2.313802630641355]
Finished 4-planet fit w/ fixed period: [2.1080808419636186e-6, 224.7007730271412, 3503.76958410422, 0.0008623864213202651, -0.0053832876841488604, 3.024773938512009e-6, 365.25645843465526, 3624.4086672103035, 0.013076954327253544, -0.0014061438921883483, 2.3321275628087472e-7, 688.7984844080695, 364.10614842292495, -0.04856845240278329, -0.15574107950992158, 0.0011383941480070023, 4348.436446007897, 392.57252653455896, 0.03515623451654147, -0.02885486092237696, 0.0001415341387457133, -0.0018535016030621265, 2.315711518275326] in 2 iterations
New 4-planet chi-square: 204.5607068925476
Maximum: -207.5137266793635 Param: [2.105571145087792e-6, 224.7007730623921, 3503.769583973684, 0.0009450534057775653, -0.0054232642038831045, 3.0254172491105544e-6, 365.25645837160437, 3624.4086685073635, 0.013135721239560902, -0.0014454207119294533, 2.3334311021804653e-7, 688.8857061551855, 363.6296766437361, -0.050201201553940374, -0.15499033028303086, 0.0011363263528393383, 4348.259949531808, 393.49351271723367, 0.03518117374616556, -0.028765464517095725, 0.00014142867504938992, -0.0018547595402538348, 2.315719693195148]
FITS/p3moon_fit10s26yrs.jld2 loaded.
Previous model params: [2.09684563166016e-6, 224.70077902599806, 3503.769461520305, 0.005202630652840913, -0.0061470732371451085, 3.0828250176214435e-6, 365.25645703606835, 3624.4086909771636, 0.016874192706051817, -0.0026954492606729445, 0.0009577445393592176, 4240.519132835803, 579.1242327663714, 0.03491917905276605, -0.039252697304299054, -3.066094678758489e-5, -0.0019227097014515736, 2.308096636688184]
Finished 4-planet fit w/ fixed period: [2.1722512465015806e-6, 224.7007741095551, 3503.769554589781, 0.002159694474144264, -0.00473081182150846, 3.0610001420582906e-6, 365.2564535079526, 3624.408674440691, 0.014306687923829347, -0.0011635804580675691, 1.7925081224989698e-7, 688.6141167934792, 348.6566945373389, -0.008459626809251927, -0.2214759731236838, 0.0010387086004488234, 4345.776300286879, 381.94164917801453, 0.02436355703319272, -0.032769339943442534, 7.012046043431032e-5, -0.0018476670814715438, 2.3134180673661415] in 2 iterations
New 4-planet chi-square: 181.32454195182265
Maximum: -176.8098081543934 Param: [2.1731678434949583e-6, 224.70077407965036, 3503.7695548333677, 0.002130344026369034, -0.004730978299178754, 3.060817197698918e-6, 365.2564535686102, 3624.4086736590452, 0.014284354109480863, -0.0011613086840198655, 1.793899695542923e-7, 688.5729227099035, 348.89090365159154, -0.007302088975393651, -0.2216726043830236, 0.0010396808837401725, 4346.065338370773, 381.455563916476, 0.024349457619684788, -0.03277845424038138, 7.057534955637005e-5, -0.0018471697263731184, 2.3134451993042813]
