FITS/p2_fit10s15yrs.jld2 loaded.
Previous model params: [2.4266768349330085e-6, 224.7007971292737, 3503.7686669556056, -0.2569436215850344, -0.023431444517673997, 1.9114436466186053e-6, 365.2564344959897, 3624.4078706187297, -0.19321679837322375, -0.018041462203964867]
Finished 3-planet fit w/ fixed period: [3.4590246206435835e-6, 224.700794418718, 3503.7686759972617, -0.10675007254985146, -0.0269790420395944, 2.4693481498060275e-6, 365.2564073312031, 3624.407893277257, -0.06967381484888274, -0.019075731638998353, 0.0007752065087147562, 4598.431394636044, 1154.6889155417575, 0.003267480524259003, 0.09954766762689612] in 2 iterations
New 3-planet chi-square: 295.2944487275142
Maximum: -110.9154733014456 Param: [3.4587526708316066e-6, 224.70079447661027, 3503.7686750391977, -0.10677418196132926, -0.02698524335792511, 2.4691247108055e-6, 365.25640750101087, 3624.407891069767, -0.0696964741426897, -0.01907885310369595, 0.00077399104716553, 4595.699620527225, 1157.8720611642339, 0.0031548074219682467, 0.09961814565034005]
1302.434990 seconds (627.19 M allocations: 57.933 GiB, 0.76% gc time)
FITS/p2_fit30s15yrs.jld2 loaded.
Previous model params: [2.4266925280829207e-6, 224.7007971291493, 3503.7686669569366, -0.25693737285594803, -0.023431580459064193, 1.911469686321258e-6, 365.2564344960414, 3624.4078706183077, -0.19321190543332079, -0.018041654848001083]
Finished 3-planet fit w/ fixed period: [3.4590341547194883e-6, 224.70079441863706, 3503.7686759986286, -0.1067490440888863, -0.026978912738707277, 2.4693523102778116e-6, 365.25640733097623, 3624.4078932786742, -0.06967301555016456, -0.019075650089150343, 0.0007752157051808575, 4598.431394636044, 1154.6859805304887, 0.00326880910115553, 0.09954650003628482] in 3 iterations
New 3-planet chi-square: 32.81049430381224
Maximum: -68.06959404383811 Param: [3.458771645583418e-6, 224.7007944762627, 3503.76867504526, -0.10677224419401578, -0.026985078653648426, 2.4691325261708066e-6, 365.25640750007744, 3624.4078910803973, -0.0696949599138654, -0.019078763205867284, 0.0007740115068308371, 4595.71217404644, 1157.8514469739941, 0.0031572872417905103, 0.09961553550268464]
1295.795204 seconds (632.19 M allocations: 58.391 GiB, 0.71% gc time)
FITS/p2_fit60s15yrs.jld2 loaded.
Previous model params: [2.4266925280829207e-6, 224.7007971291493, 3503.7686669569366, -0.25693737285594803, -0.023431580459064193, 1.911469686321258e-6, 365.2564344960414, 3624.4078706183077, -0.19321190543332079, -0.018041654848001083]
Finished 3-planet fit w/ fixed period: [3.4590341547194883e-6, 224.70079441863706, 3503.7686759986286, -0.1067490440888863, -0.026978912738707277, 2.4693523102778116e-6, 365.25640733097623, 3624.4078932786742, -0.06967301555016456, -0.019075650089150343, 0.0007752157051808575, 4598.431394636044, 1154.6859805304887, 0.00326880910115553, 0.09954650003628482] in 3 iterations
New 3-planet chi-square: 8.20262357595306
Maximum: -41.03685400200024 Param: [3.458771645583418e-6, 224.7007944762627, 3503.76867504526, -0.10677224419401578, -0.026985078653648426, 2.4691325261708066e-6, 365.25640750007744, 3624.4078910803973, -0.0696949599138654, -0.019078763205867284, 0.0007740115068308371, 4595.71217404644, 1157.8514469739941, 0.0031572872417905103, 0.09961553550268464]
1257.046526 seconds (630.83 M allocations: 58.266 GiB, 0.67% gc time)
FITS/p2_fit80s15yrs.jld2 loaded.
Previous model params: [2.4266768349330085e-6, 224.7007971292737, 3503.7686669556056, -0.2569436215850344, -0.023431444517673997, 1.9114436466186053e-6, 365.2564344959897, 3624.4078706187297, -0.19321679837322375, -0.018041462203964867]
Finished 3-planet fit w/ fixed period: [3.4590246206435835e-6, 224.700794418718, 3503.7686759972617, -0.10675007254985146, -0.0269790420395944, 2.4693481498060275e-6, 365.2564073312031, 3624.407893277257, -0.06967381484888274, -0.019075731638998353, 0.0007752065087147562, 4598.431394636044, 1154.6889155417575, 0.003267480524259003, 0.09954766762689612] in 2 iterations
New 3-planet chi-square: 4.613975761367409
Maximum: -29.817253175932002 Param: [3.4587526708316066e-6, 224.70079447661027, 3503.7686750391977, -0.10677418196132926, -0.02698524335792511, 2.4691247108055e-6, 365.25640750101087, 3624.407891069767, -0.0696964741426897, -0.01907885310369595, 0.00077399104716553, 4595.699620527225, 1157.8720611642339, 0.0031548074219682467, 0.09961814565034005]
1257.938785 seconds (631.45 M allocations: 58.326 GiB, 0.64% gc time)
FITS/p2_fit90s15yrs.jld2 loaded.
Previous model params: [2.4266813474739706e-6, 224.70079712928148, 3503.7686669556106, -0.2569427755895249, -0.023432019935200298, 1.9114448365911613e-6, 365.25643449613585, 3624.4078706176433, -0.19321613418382763, -0.018041912472431202]
Finished 3-planet fit w/ fixed period: [3.4590232544812567e-6, 224.70079441868157, 3503.768675997617, -0.10675016199344631, -0.026978781811789018, 2.469348208229533e-6, 365.2564073311129, 3624.4078932780544, -0.06967388059834273, -0.019075521041751402, 0.0007752070351591075, 4598.431394636044, 1154.691213244245, 0.0032678756394110926, 0.0995480441439468] in 3 iterations
New 3-planet chi-square: 3.6456104770749285
Maximum: -25.22371477975666 Param: [3.458763518937382e-6, 224.70079447643624, 3503.768675042243, -0.10677305000878, -0.02698508099392424, 2.4691293567255807e-6, 365.25640750055305, 3624.407891074893, -0.06969559112445663, -0.01907874950178528, 0.0007740028317997576, 4595.705829136964, 1157.861686170513, 0.003156368148650431, 0.09961671710584992]
1330.026983 seconds (630.46 M allocations: 58.232 GiB, 0.61% gc time)
FITS/p2_fit100s15yrs.jld2 loaded.
Previous model params: [2.4267499423894684e-6, 224.70079712948015, 3503.768666952521, -0.2569286219928715, -0.023430417247277315, 1.911479209039829e-6, 365.2564344958969, 3624.407870619687, -0.193204764758205, -0.018040676880254767]
Finished 3-planet fit w/ fixed period: [3.459025034776547e-6, 224.70079441873128, 3503.768675997194, -0.10675010627433851, -0.026979127500771114, 2.469347565038073e-6, 365.25640733115966, 3624.4078932775024, -0.06967383997442005, -0.019075805318176004, 0.0007752067244156976, 4598.431394636044, 1154.6876388341368, 0.0032672489731209826, 0.09954751736896374] in 3 iterations
New 3-planet chi-square: 2.9529444872967368
Maximum: -21.11465467482043 Param: [3.458770397699832e-6, 224.70079447627447, 3503.76867504501, -0.10677237327364285, -0.026985048736221092, 2.4691320541435694e-6, 365.2564075000899, 3624.4078910801422, -0.06969505852480426, -0.019078737184698904, 0.0007740104145508964, 4595.711455252907, 1157.8528764695357, 0.0031572091757844922, 0.09961574477916357]
1391.328884 seconds (626.45 M allocations: 57.865 GiB, 0.57% gc time)
FITS/p2_fit110s15yrs.jld2 loaded.
Previous model params: [2.426713264679134e-6, 224.70079712918914, 3503.768666956157, -0.2569328356891407, -0.02343060120313636, 1.911481729094711e-6, 365.2564344958679, 3624.4078706196706, -0.19320826070757413, -0.018040897152243406]
Finished 3-planet fit w/ fixed period: [3.4590424134113305e-6, 224.70079441859966, 3503.768675999408, -0.10674816344646108, -0.02697890401411198, 2.469355629730371e-6, 365.25640733092825, 3624.4078932788434, -0.06967233581125484, -0.019075658486225434, 0.0007752224349632463, 4598.431394636044, 1154.6831549055837, 0.0032697462860600806, 0.09954541259048208] in 2 iterations
New 3-planet chi-square: 2.440449989879575
Maximum: -17.39755766547322 Param: [3.4587624453217593e-6, 224.7007944761533, 3503.7686750468533, -0.10677317433497749, -0.026985544443584766, 2.4691292653690954e-6, 365.25640749954505, 3624.4078910871035, -0.06969566430752319, -0.01907913631725618, 0.0007740043372155413, 4595.720880564802, 1157.8414625075743, 0.0031555867886353, 0.09961655003244592]
1592.793128 seconds (651.73 M allocations: 60.194 GiB, 0.56% gc time)
FITS/p2_fit120s15yrs.jld2 loaded.
Previous model params: [2.4266925280829207e-6, 224.7007971291493, 3503.7686669569366, -0.25693737285594803, -0.023431580459064193, 1.911469686321258e-6, 365.2564344960414, 3624.4078706183077, -0.19321190543332079, -0.018041654848001083]
Finished 3-planet fit w/ fixed period: [3.4590341547194883e-6, 224.70079441863706, 3503.7686759986286, -0.1067490440888863, -0.026978912738707277, 2.4693523102778116e-6, 365.25640733097623, 3624.4078932786742, -0.06967301555016456, -0.019075650089150343, 0.0007752157051808575, 4598.431394636044, 1154.6859805304887, 0.00326880910115553, 0.09954650003628482] in 3 iterations
New 3-planet chi-square: 2.050655893988265
Maximum: -14.004113960162377 Param: [3.458771645583418e-6, 224.7007944762627, 3503.76867504526, -0.10677224419401578, -0.026985078653648426, 2.4691325261708066e-6, 365.25640750007744, 3624.4078910803973, -0.0696949599138654, -0.019078763205867284, 0.0007740115068308371, 4595.71217404644, 1157.8514469739941, 0.0031572872417905103, 0.09961553550268464]
2918.928319 seconds (637.40 M allocations: 58.873 GiB, 0.49% gc time)
FITS/p2_fit10s17yrs.jld2 loaded.
Previous model params: [2.7197908278814285e-6, 224.70078964789647, 3503.7687271759087, -0.21698867303023814, -0.035353516359362264, 2.0497774123274105e-6, 365.25643852353784, 3624.4078572714284, -0.16050798666547803, -0.02869299166471076]
Finished 3-planet fit w/ fixed period: [3.671444443335744e-6, 224.70078206693609, 3503.7687802735245, -0.09117005849362629, -0.028513579857872444, 2.578211477913707e-6, 365.2564039396574, 3624.4079018512043, -0.057433000510579146, -0.02130447397753897, 0.0008496295714934315, 4552.109510471137, 1140.9434799455116, 0.014176955860295068, 0.08812344212590506] in 2 iterations
New 3-planet chi-square: 385.3381266175577
Maximum: -130.99066639572686 Param: [3.672756819560434e-6, 224.70078203334208, 3503.76878113042, -0.09107021834745647, -0.028511035945832482, 2.5785836295048947e-6, 365.25640362970177, 3624.407904983891, -0.05734950863321319, -0.021307503710951442, 0.0008518071529268891, 4554.934911904406, 1137.269797227013, 0.014371592511015592, 0.08798341191302048]
2598.286454 seconds (559.70 M allocations: 52.783 GiB, 0.45% gc time)
FITS/p2_fit30s17yrs.jld2 loaded.
Previous model params: [2.7197285144347764e-6, 224.7007896477648, 3503.7687271785176, -0.21699660713159563, -0.03535527727252368, 2.0497686390161907e-6, 365.25643852386816, 3624.4078572689514, -0.160514445953632, -0.02869447172937087]
Finished 3-planet fit w/ fixed period: [3.6714385333132726e-6, 224.70078206694603, 3503.7687802728874, -0.09117052321434066, -0.02851401337693432, 2.578209908337816e-6, 365.2564039396156, 3624.407901851298, -0.057433352680100566, -0.021304822968944443, 0.0008496224189248327, 4552.109510471137, 1140.9423426708472, 0.014175659715182906, 0.08812395704197531] in 2 iterations
New 3-planet chi-square: 42.815347404907996
Maximum: -82.65172569584952 Param: [3.672761294969855e-6, 224.70078203331744, 3503.7687811312853, -0.0910698922534254, -0.028510799658982955, 2.5785845719294745e-6, 365.2564036296387, 3624.4079049848083, -0.057349252645342144, -0.02130731963628036, 0.0008518139774320656, 4554.934770237803, 1137.2701303857732, 0.014372688505878115, 0.08798281984827643]
1383.994989 seconds (561.47 M allocations: 52.947 GiB, 0.50% gc time)
FITS/p2_fit60s17yrs.jld2 loaded.
Previous model params: [2.7197285144347764e-6, 224.7007896477648, 3503.7687271785176, -0.21699660713159563, -0.03535527727252368, 2.0497686390161907e-6, 365.25643852386816, 3624.4078572689514, -0.160514445953632, -0.02869447172937087]
Finished 3-planet fit w/ fixed period: [3.6714385333132726e-6, 224.70078206694603, 3503.7687802728874, -0.09117052321434066, -0.02851401337693432, 2.578209908337816e-6, 365.2564039396156, 3624.407901851298, -0.057433352680100566, -0.021304822968944443, 0.0008496224189248327, 4552.109510471137, 1140.9423426708472, 0.014175659715182906, 0.08812395704197531] in 2 iterations
New 3-planet chi-square: 10.703836851226999
Maximum: -52.15324975121192 Param: [3.672761294969855e-6, 224.70078203331744, 3503.7687811312853, -0.0910698922534254, -0.028510799658982955, 2.5785845719294745e-6, 365.2564036296387, 3624.4079049848083, -0.057349252645342144, -0.02130731963628036, 0.0008518139774320656, 4554.934770237803, 1137.2701303857732, 0.014372688505878115, 0.08798281984827643]
1130.690228 seconds (561.49 M allocations: 52.949 GiB, 0.55% gc time)
FITS/p2_fit80s17yrs.jld2 loaded.
Previous model params: [2.7197908278814285e-6, 224.70078964789647, 3503.7687271759087, -0.21698867303023814, -0.035353516359362264, 2.0497774123274105e-6, 365.25643852353784, 3624.4078572714284, -0.16050798666547803, -0.02869299166471076]
Finished 3-planet fit w/ fixed period: [3.671444443335744e-6, 224.70078206693609, 3503.7687802735245, -0.09117005849362629, -0.028513579857872444, 2.578211477913707e-6, 365.2564039396574, 3624.4079018512043, -0.057433000510579146, -0.02130447397753897, 0.0008496295714934315, 4552.109510471137, 1140.9434799455116, 0.014176955860295068, 0.08812344212590506] in 2 iterations
New 3-planet chi-square: 6.020908228399339
Maximum: -39.495238561814084 Param: [3.672756819560434e-6, 224.70078203334208, 3503.76878113042, -0.09107021834745647, -0.028511035945832482, 2.5785836295048947e-6, 365.25640362970177, 3624.407904983891, -0.05734950863321319, -0.021307503710951442, 0.0008518071529268891, 4554.934911904406, 1137.269797227013, 0.014371592511015592, 0.08798341191302048]
1128.622305 seconds (560.38 M allocations: 52.846 GiB, 0.54% gc time)
FITS/p2_fit90s17yrs.jld2 loaded.
Previous model params: [2.7198392601356035e-6, 224.7007896480718, 3503.768727173696, -0.2169791595285999, -0.03535280504862224, 2.049809363807964e-6, 365.25643852311384, 3624.407857274143, -0.1605003786784177, -0.02869245107173832]
Finished 3-planet fit w/ fixed period: [3.671428872893594e-6, 224.70078206699338, 3503.7687802715477, -0.09117153676255896, -0.028514056061548224, 2.578205179088714e-6, 365.256403939659, 3624.4079018510524, -0.05743413275368537, -0.021304831030065495, 0.0008496094154676724, 4552.109510471137, 1140.9464988780808, 0.014174303811132247, 0.08812553927639263] in 2 iterations
New 3-planet chi-square: 4.757260821626858
Maximum: -34.31278498917753 Param: [3.6727751898316296e-6, 224.70078203317155, 3503.768781134709, -0.09106851449616506, -0.028511325391955278, 2.5785903457230974e-6, 365.25640362857547, 3624.407904994987, -0.057348169865534426, -0.02130778864499478, 0.0008518269566722536, 4554.945513899259, 1137.2472031010773, 0.014373013079360264, 0.08798070477336013]
1129.327091 seconds (560.07 M allocations: 52.816 GiB, 0.55% gc time)
FITS/p2_fit100s17yrs.jld2 loaded.
Previous model params: [2.7197919378167084e-6, 224.70078964792268, 3503.768727175719, -0.21698751602616312, -0.03535335796727935, 2.0497856754024386e-6, 365.2564385234531, 3624.4078572720314, -0.1605070802146156, -0.028692893413449133]
Finished 3-planet fit w/ fixed period: [3.671437826951057e-6, 224.70078206694393, 3503.7687802727733, -0.0911706635921375, -0.02851412311897785, 2.578208982766806e-6, 365.25640393961646, 3624.4079018513107, -0.05743346146572012, -0.021304903232690717, 0.0008496199692025335, 4552.109510471137, 1140.941763901134, 0.014175282826308101, 0.0881240356450614] in 2 iterations
New 3-planet chi-square: 3.8533812662453335
Maximum: -29.67692230438712 Param: [3.6727583608678204e-6, 224.70078203335993, 3503.768781130155, -0.09107010240570079, -0.028510866952548942, 2.578584067251898e-6, 365.25640362994415, 3624.407904981474, -0.05734942382812228, -0.02130736485468724, 0.0008518098031030843, 4554.932277452646, 1137.2735343115132, 0.014372140184879112, 0.08798310195110932]
1169.176676 seconds (561.94 M allocations: 52.992 GiB, 0.55% gc time)
FITS/p2_fit110s17yrs.jld2 loaded.
Previous model params: [2.7197199363365574e-6, 224.70078964775487, 3503.76872717872, -0.2169976877914493, -0.035355120880460514, 2.049768037996864e-6, 365.25643852386975, 3624.407857269104, -0.16051531399079227, -0.028694365823315644]
Finished 3-planet fit w/ fixed period: [3.671429891501791e-6, 224.7007820669658, 3503.7687802722244, -0.09117149893202853, -0.0285141257541243, 2.5782054582767543e-6, 365.2564039395604, 3624.4079018521325, -0.05743410240225922, -0.021304883597320915, 0.0008496122199346205, 4552.109510471137, 1140.9457357581666, 0.01417466650521796, 0.08812514678291061] in 2 iterations
New 3-planet chi-square: 3.184612615927345
Maximum: -25.4832743874403 Param: [3.672758654596656e-6, 224.70078203330755, 3503.7687811312903, -0.09107010066402228, -0.02851098522257868, 2.5785839815969155e-6, 365.2564036295023, 3624.4079049860957, -0.05734941300721567, -0.021307466917591146, 0.0008518103669167767, 4554.936191250962, 1137.2678630816806, 0.01437203679160093, 0.08798313106705744]
1247.994959 seconds (557.69 M allocations: 52.592 GiB, 0.53% gc time)
FITS/p2_fit120s17yrs.jld2 loaded.
Previous model params: [2.7197285144347764e-6, 224.7007896477648, 3503.7687271785176, -0.21699660713159563, -0.03535527727252368, 2.0497686390161907e-6, 365.25643852386816, 3624.4078572689514, -0.160514445953632, -0.02869447172937087]
Finished 3-planet fit w/ fixed period: [3.6714385333132726e-6, 224.70078206694603, 3503.7687802728874, -0.09117052321434066, -0.02851401337693432, 2.578209908337816e-6, 365.2564039396156, 3624.407901851298, -0.057433352680100566, -0.021304822968944443, 0.0008496224189248327, 4552.109510471137, 1140.9423426708472, 0.014175659715182906, 0.08812395704197531] in 2 iterations
New 3-planet chi-square: 2.6759592128067498
Maximum: -21.654773806574337 Param: [3.672761294969855e-6, 224.70078203331744, 3503.7687811312853, -0.0910698922534254, -0.028510799658982955, 2.5785845719294745e-6, 365.2564036296387, 3624.4079049848083, -0.057349252645342144, -0.02130731963628036, 0.0008518139774320656, 4554.934770237803, 1137.2701303857732, 0.014372688505878115, 0.08798281984827643]
1260.145964 seconds (556.89 M allocations: 52.516 GiB, 0.54% gc time)
FITS/p2_fit10s19yrs.jld2 loaded.
Previous model params: [3.0229076289381017e-6, 224.70077864790218, 3503.7688267128087, -0.15875734715679718, -0.02633593440558743, 2.2590750379698113e-6, 365.2564027479419, 3624.4080646187836, -0.11441232678769023, -0.02160806016005323]
Finished 3-planet fit w/ fixed period: [3.179511727842901e-6, 224.70078877701764, 3503.7686387188887, -0.13120926962989354, -0.041117898861055796, 2.3520389506247035e-6, 365.25646953859894, 3624.4073777444705, -0.08982967954853259, -0.030763568342815628, 0.0003619237106369061, 4219.24870137377, 1662.3055173091684, -0.09307642154042989, 0.1739611620650583] in 2 iterations
New 3-planet chi-square: 563.3866113824006
Maximum: -155.18216923428741 Param: [3.1790046073766746e-6, 224.70078885615993, 3503.768637563253, -0.13131737822839282, -0.041149205960415026, 2.3516005391930973e-6, 365.2564698092727, 3624.4073751477313, -0.08991825898104822, -0.03078556805139653, 0.0003609571862469554, 4216.754825946354, 1665.6411309699556, -0.09358847007482964, 0.1742484081326732]
1300.559718 seconds (591.58 M allocations: 57.948 GiB, 0.62% gc time)
FITS/p2_fit30s19yrs.jld2 loaded.
Previous model params: [3.0230152007617505e-6, 224.7007786481853, 3503.7688267084527, -0.1587437202125621, -0.026334280766952784, 2.259110620126069e-6, 365.25640274823286, 3624.4080646174493, -0.11440129724916788, -0.02160660787307546]
Finished 3-planet fit w/ fixed period: [3.1795261261619005e-6, 224.70078877701573, 3503.768638719358, -0.13120749100588394, -0.04111796152026183, 2.3520457167008765e-6, 365.25646953870444, 3624.4073777440735, -0.08982828612293199, -0.030763638566146428, 0.0003619288238804755, 4219.24870137377, 1662.2958347559183, -0.09307452854953693, 0.1739573748667703] in 2 iterations
New 3-planet chi-square: 62.598512403674555
Maximum: -101.35016710045093 Param: [3.1790091643932356e-6, 224.70078885636332, 3503.768637560289, -0.13131697678786575, -0.04114895419359779, 2.351601735370164e-6, 365.25646980997436, 3624.4073751409715, -0.08991795148492926, -0.0307853720259896, 0.00036095648410139147, 4216.7492558908925, 1665.6471081483148, -0.09358898037029846, 0.1742483060314467]
1699.760641 seconds (591.89 M allocations: 57.978 GiB, 0.61% gc time)
FITS/p2_fit60s19yrs.jld2 loaded.
Previous model params: [3.0230152007617505e-6, 224.7007786481853, 3503.7688267084527, -0.1587437202125621, -0.026334280766952784, 2.259110620126069e-6, 365.25640274823286, 3624.4080646174493, -0.11440129724916788, -0.02160660787307546]
Finished 3-planet fit w/ fixed period: [3.1795261261619005e-6, 224.70078877701573, 3503.768638719358, -0.13120749100588394, -0.04111796152026183, 2.3520457167008765e-6, 365.25646953870444, 3624.4073777440735, -0.08982828612293199, -0.030763638566146428, 0.0003619288238804755, 4219.24870137377, 1662.2958347559183, -0.09307452854953693, 0.1739573748667703] in 2 iterations
New 3-planet chi-square: 15.649628100918639
Maximum: -67.38595525301362 Param: [3.1790091643932356e-6, 224.70078885636332, 3503.768637560289, -0.13131697678786575, -0.04114895419359779, 2.351601735370164e-6, 365.25646980997436, 3624.4073751409715, -0.08991795148492926, -0.0307853720259896, 0.00036095648410139147, 4216.7492558908925, 1665.6471081483148, -0.09358898037029846, 0.1742483060314467]
1195.963514 seconds (593.58 M allocations: 58.143 GiB, 0.63% gc time)
FITS/p2_fit80s19yrs.jld2 loaded.
Previous model params: [3.0229076289381017e-6, 224.70077864790218, 3503.7688267128087, -0.15875734715679718, -0.02633593440558743, 2.2590750379698113e-6, 365.2564027479419, 3624.4080646187836, -0.11441232678769023, -0.02160806016005323]
Finished 3-planet fit w/ fixed period: [3.179511727842901e-6, 224.70078877701764, 3503.7686387188887, -0.13120926962989354, -0.041117898861055796, 2.3520389506247035e-6, 365.25646953859894, 3624.4073777444705, -0.08982967954853259, -0.030763568342815628, 0.0003619237106369061, 4219.24870137377, 1662.3055173091684, -0.09307642154042989, 0.1739611620650583] in 2 iterations
New 3-planet chi-square: 8.80291580285001
Maximum: -53.28953369197546 Param: [3.1790046073766746e-6, 224.70078885615993, 3503.768637563253, -0.13131737822839282, -0.041149205960415026, 2.3516005391930973e-6, 365.2564698092727, 3624.4073751477313, -0.08991825898104822, -0.03078556805139653, 0.0003609571862469554, 4216.754825946354, 1665.6411309699556, -0.09358847007482964, 0.1742484081326732]
1199.304439 seconds (590.25 M allocations: 57.818 GiB, 0.62% gc time)
FITS/p2_fit90s19yrs.jld2 loaded.
Previous model params: [3.022951239383377e-6, 224.70077864805168, 3503.7688267104227, -0.1587531408100475, -0.026334781772804673, 2.2590777524881615e-6, 365.2564027480084, 3624.4080646186826, -0.11440885346283063, -0.021607024748289294]
Finished 3-planet fit w/ fixed period: [3.1795394003142386e-6, 224.70078877704128, 3503.7686387188014, -0.1312053841473385, -0.041117687770430844, 2.352055588642496e-6, 365.2564695388197, 3624.407377742119, -0.08982660150601825, -0.03076344600839816, 0.00036193396933319286, 4219.24870137377, 1662.292763847201, -0.09307186778557672, 0.17395491736745541] in 2 iterations
New 3-planet chi-square: 6.955390270306906
Maximum: -47.51816496709796 Param: [3.179006931604468e-6, 224.70078885565852, 3503.768637570605, -0.1313168786885542, -0.04114896054737765, 2.3516023917230747e-6, 365.25646980761593, 3624.4073751636643, -0.08991785484801458, -0.030785393814966755, 0.00036096318285669025, 4216.7699919521, 1665.6178386406418, -0.09358614124438741, 0.1742457184597555]
1186.927016 seconds (588.59 M allocations: 57.655 GiB, 0.62% gc time)
FITS/p2_fit100s19yrs.jld2 loaded.
Previous model params: [3.0229552711238233e-6, 224.70077864805492, 3503.7688267103567, -0.15875273987992133, -0.026334988639999325, 2.259078018169994e-6, 365.25640274801844, 3624.4080646185157, -0.11440852655669187, -0.021607176620147772]
Finished 3-planet fit w/ fixed period: [3.1795290857444756e-6, 224.70078877701016, 3503.768638719462, -0.13120712557720846, -0.04111813374011212, 2.3520469798362226e-6, 365.25646953874417, 3624.407377743588, -0.08982799796934805, -0.030763773853932995, 0.00036192922827882166, 4219.24870137377, 1662.2940327895863, -0.09307477370330908, 0.17395692454445782] in 2 iterations
New 3-planet chi-square: 5.633866116533473
Maximum: -42.355499689361835 Param: [3.178998933500707e-6, 224.70078885591937, 3503.7686375663357, -0.13131804269929753, -0.041149397660161624, 2.351597859785325e-6, 365.25646980836507, 3624.4073751556693, -0.08991877162724958, -0.030785713399304148, 0.0003609534259756287, 4216.76489472998, 1665.62973500765, -0.09359223660958763, 0.17425070094837322]
1203.894877 seconds (589.67 M allocations: 57.762 GiB, 0.62% gc time)
FITS/p2_fit110s19yrs.jld2 loaded.
Previous model params: [3.022978851687493e-6, 224.70077864809028, 3503.7688267098342, -0.15874916272737108, -0.026335419873870707, 2.259091043453479e-6, 365.25640274810416, 3624.4080646177786, -0.1144056689494941, -0.02160752067482137]
Finished 3-planet fit w/ fixed period: [3.1795320043798217e-6, 224.70078877700766, 3503.7686387194067, -0.13120671510268847, -0.041117951577682645, 2.3520487446672806e-6, 365.2564695387565, 3624.4073777430926, -0.08982767591141613, -0.030763636142519535, 0.00036193041035705205, 4219.24870137377, 1662.2922364476017, -0.09307437810169941, 0.17395585500678762] in 2 iterations
New 3-planet chi-square: 4.6560876971099106
Maximum: -37.68530086577126 Param: [3.1790009107496243e-6, 224.70078885655514, 3503.768637557387, -0.13131808261477323, -0.04114933746088051, 2.351597506406406e-6, 365.25646981064517, 3624.407375134302, -0.08991883502415245, -0.030785653882268886, 0.0003609526902562812, 4216.741889832009, 1665.659295737736, -0.09359060062323757, 0.17424966662824273]
1192.047834 seconds (587.58 M allocations: 57.556 GiB, 0.62% gc time)
FITS/p2_fit120s19yrs.jld2 loaded.
Previous model params: [3.0230152007617505e-6, 224.7007786481853, 3503.7688267084527, -0.1587437202125621, -0.026334280766952784, 2.259110620126069e-6, 365.25640274823286, 3624.4080646174493, -0.11440129724916788, -0.02160660787307546]
Finished 3-planet fit w/ fixed period: [3.1795261261619005e-6, 224.70078877701573, 3503.768638719358, -0.13120749100588394, -0.04111796152026183, 2.3520457167008765e-6, 365.25646953870444, 3624.4073777440735, -0.08982828612293199, -0.030763638566146428, 0.0003619288238804755, 4219.24870137377, 1662.2958347559183, -0.09307452854953693, 0.1739573748667703] in 2 iterations
New 3-planet chi-square: 3.9124070252296597
Maximum: -33.42174340557631 Param: [3.1790091643932356e-6, 224.70078885636332, 3503.768637560289, -0.13131697678786575, -0.04114895419359779, 2.351601735370164e-6, 365.25646980997436, 3624.4073751409715, -0.08991795148492926, -0.0307853720259896, 0.00036095648410139147, 4216.7492558908925, 1665.6471081483148, -0.09358898037029846, 0.1742483060314467]
1199.086657 seconds (591.43 M allocations: 57.933 GiB, 0.62% gc time)
FITS/p2_fit10s21yrs.jld2 loaded.
Previous model params: [3.130913409357367e-6, 224.70077631585127, 3503.7688528131507, -0.15957348909283267, -0.050563713557622784, 2.264225449058535e-6, 365.2563794078705, 3624.408200150023, -0.1136812576822187, -0.03883395439111453]
Finished 3-planet fit w/ fixed period: [3.4769438990032833e-6, 224.70079146193856, 3503.7686231440152, -0.1050811351747192, -0.04651400676885362, 2.5197396790391565e-6, 365.2564632743557, 3624.407413378059, -0.06906943087810698, -0.03455234162533225, 0.00046007643613321344, 4247.823522184376, 1531.9019252930323, -0.05616016710331701, 0.1293102800519833] in 2 iterations
New 3-planet chi-square: 774.0874896104999
Maximum: -182.92133482903932 Param: [3.475981934628013e-6, 224.70079147711058, 3503.7686226989827, -0.10513613571347022, -0.046544312581168465, 2.5194720932663907e-6, 365.2564633356363, 3624.407412297685, -0.06911047380192908, -0.034572520275647445, 0.000459301398087078, 4246.460376475229, 1533.963131629005, -0.05647504240763077, 0.12944997429480218]
1228.156492 seconds (591.79 M allocations: 60.310 GiB, 0.92% gc time)
FITS/p2_fit30s21yrs.jld2 loaded.
Previous model params: [3.1309283167663935e-6, 224.7007763158493, 3503.7688528129756, -0.15957115384556633, -0.05056325628325366, 2.264235450267878e-6, 365.2563794079067, 3624.4082001500256, -0.11367938587399487, -0.03883361322129027]
Finished 3-planet fit w/ fixed period: [3.476925510405586e-6, 224.70079146198822, 3503.7686231430644, -0.10508329451108839, -0.04651458565056986, 2.519729375302606e-6, 365.2564632741999, 3624.40741337936, -0.06907113079134171, -0.03455275387527689, 0.0004600652751797145, 4247.823522184376, 1531.909204851544, -0.056163957127984464, 0.12931424373624276] in 2 iterations
New 3-planet chi-square: 86.0097210637311
Maximum: -122.49765895098167 Param: [3.475944768292078e-6, 224.70079147732505, 3503.7686226943288, -0.10514018781393995, -0.046544916157979094, 2.5194540842500023e-6, 365.2564633358755, 3624.407412292584, -0.06911364956748306, -0.03457290547599335, 0.00045928067160159954, 4246.455173589244, 1533.9867697411669, -0.05648216626872761, 0.12945744802506443]
1205.817436 seconds (588.99 M allocations: 60.025 GiB, 0.91% gc time)
FITS/p2_fit60s21yrs.jld2 loaded.
Previous model params: [3.1309283167663935e-6, 224.7007763158493, 3503.7688528129756, -0.15957115384556633, -0.05056325628325366, 2.264235450267878e-6, 365.2563794079067, 3624.4082001500256, -0.11367938587399487, -0.03883361322129027]
Finished 3-planet fit w/ fixed period: [3.476925510405586e-6, 224.70079146198822, 3503.7686231430644, -0.10508329451108839, -0.04651458565056986, 2.519729375302606e-6, 365.2564632741999, 3624.40741337936, -0.06907113079134171, -0.03455275387527689, 0.0004600652751797145, 4247.823522184376, 1531.909204851544, -0.056163957127984464, 0.12931424373624276] in 2 iterations
New 3-planet chi-square: 21.502430265932777
Maximum: -84.37456402018469 Param: [3.475944768292078e-6, 224.70079147732505, 3503.7686226943288, -0.10514018781393995, -0.046544916157979094, 2.5194540842500023e-6, 365.2564633358755, 3624.407412292584, -0.06911364956748306, -0.03457290547599335, 0.00045928067160159954, 4246.455173589244, 1533.9867697411669, -0.05648216626872761, 0.12945744802506443]
1223.242173 seconds (589.20 M allocations: 60.046 GiB, 0.89% gc time)
FITS/p2_fit80s21yrs.jld2 loaded.
Previous model params: [3.130913409357367e-6, 224.70077631585127, 3503.7688528131507, -0.15957348909283267, -0.050563713557622784, 2.264225449058535e-6, 365.2563794078705, 3624.408200150023, -0.1136812576822187, -0.03883395439111453]
Finished 3-planet fit w/ fixed period: [3.4769438990032833e-6, 224.70079146193856, 3503.7686231440152, -0.1050811351747192, -0.04651400676885362, 2.5197396790391565e-6, 365.2564632743557, 3624.407413378059, -0.06906943087810698, -0.03455234162533225, 0.00046007643613321344, 4247.823522184376, 1531.9019252930323, -0.05616016710331701, 0.1293102800519833] in 2 iterations
New 3-planet chi-square: 12.095117025164061
Maximum: -68.55205003664835 Param: [3.475981934628013e-6, 224.70079147711058, 3503.7686226989827, -0.10513613571347022, -0.046544312581168465, 2.5194720932663907e-6, 365.2564633356363, 3624.407412297685, -0.06911047380192908, -0.034572520275647445, 0.000459301398087078, 4246.460376475229, 1533.963131629005, -0.05647504240763077, 0.12944997429480218]
1197.494147 seconds (588.40 M allocations: 59.965 GiB, 0.88% gc time)
FITS/p2_fit90s21yrs.jld2 loaded.
Previous model params: [3.1308874913722604e-6, 224.70077631583894, 3503.768852813664, -0.15957651855307617, -0.05056467908851292, 2.2642190229542953e-6, 365.25637940786055, 3624.4082001497777, -0.11368368952915703, -0.03883472371266261]
Finished 3-planet fit w/ fixed period: [3.4769235095229215e-6, 224.70079146196645, 3503.768623143209, -0.10508353495420283, -0.046514560767723534, 2.519728180167439e-6, 365.2564632741078, 3624.407413379785, -0.06907132482860877, -0.034552734642636466, 0.0004600636742188437, 4247.823522184376, 1531.9050605479251, -0.0561656827553893, 0.12931345782681491] in 2 iterations
New 3-planet chi-square: 9.556635675790439
Maximum: -62.07398308011322 Param: [3.4759435927343494e-6, 224.70079147735422, 3503.7686226947276, -0.10514018242661657, -0.04654375389299935, 2.5194567775139355e-6, 365.2564633358336, 3624.4074122946145, -0.069113640832774, -0.034572001601911255, 0.0004592889473442207, 4246.458390337435, 1533.990688220311, -0.05647689714739235, 0.1294574988166449]
1194.403966 seconds (585.46 M allocations: 59.666 GiB, 0.87% gc time)
FITS/p2_fit100s21yrs.jld2 loaded.
Previous model params: [3.130917961728303e-6, 224.70077631584041, 3503.768852813266, -0.1595728730935141, -0.050564014720241655, 2.2642271271208264e-6, 365.2563794078982, 3624.408200149712, -0.11368076690018296, -0.038834189447066486]
Finished 3-planet fit w/ fixed period: [3.4769297043764865e-6, 224.70079146194465, 3503.7686231435678, -0.10508280096914346, -0.04651472021334589, 2.519731384792815e-6, 365.25646327417905, 3624.4074133791746, -0.0690707487069337, -0.03455287131691359, 0.00046006565388838816, 4247.823522184376, 1531.9024876577084, -0.0561652048083297, 0.1293125875362804] in 3 iterations
New 3-planet chi-square: 7.740874893734359
Maximum: -56.279154705944954 Param: [3.4759800810061074e-6, 224.7007914771059, 3503.768622699608, -0.10513656061126277, -0.04654406692221396, 2.5194706739700124e-6, 365.25646333547866, 3624.4074123007576, -0.06911081206424616, -0.03457233003144949, 0.0004593003869491001, 4246.465792423348, 1533.9570636876856, -0.0564753173769524, 0.12945098001571315]
1191.960967 seconds (583.48 M allocations: 59.464 GiB, 0.86% gc time)
FITS/p2_fit110s21yrs.jld2 loaded.
Previous model params: [3.1309417412403702e-6, 224.70077631582538, 3503.7688528132007, -0.15956897293894795, -0.050563709051070695, 2.2642443893360974e-6, 365.25637940797856, 3624.4082001493575, -0.1136776534300048, -0.03883398099872513]
Finished 3-planet fit w/ fixed period: [3.4769093659535263e-6, 224.70079146204105, 3503.7686231417897, -0.10508516863538504, -0.046515285809298465, 2.5197204199895105e-6, 365.25646327420606, 3624.4074133785957, -0.06907260542497698, -0.03455326838173071, 0.0004600537417369727, 4247.823522184376, 1531.9118848027285, -0.056169445348832045, 0.12931724632196284] in 2 iterations
New 3-planet chi-square: 6.397417268800705
Maximum: -51.03709482208743 Param: [3.4759704119970804e-6, 224.70079147715677, 3503.7686226984133, -0.10513754306277667, -0.04654459010969455, 2.5194663438753054e-6, 365.2564633356007, 3624.4074122988345, -0.06911158118046935, -0.034572719354857166, 0.0004592938056152762, 4246.46451337883, 1533.9623562934296, -0.056478051569217855, 0.12945299372349445]
1232.713740 seconds (585.12 M allocations: 59.631 GiB, 0.84% gc time)
FITS/p2_fit120s21yrs.jld2 loaded.
Previous model params: [3.1309283167663935e-6, 224.7007763158493, 3503.7688528129756, -0.15957115384556633, -0.05056325628325366, 2.264235450267878e-6, 365.2563794079067, 3624.4082001500256, -0.11367938587399487, -0.03883361322129027]
Finished 3-planet fit w/ fixed period: [3.476925510405586e-6, 224.70079146198822, 3503.7686231430644, -0.10508329451108839, -0.04651458565056986, 2.519729375302606e-6, 365.2564632741999, 3624.40741337936, -0.06907113079134171, -0.03455275387527689, 0.0004600652751797145, 4247.823522184376, 1531.909204851544, -0.056163957127984464, 0.12931424373624276] in 2 iterations
New 3-planet chi-square: 5.375607566483194
Maximum: -46.2514690893877 Param: [3.475944768292078e-6, 224.70079147732505, 3503.7686226943288, -0.10514018781393995, -0.046544916157979094, 2.5194540842500023e-6, 365.2564633358755, 3624.407412292584, -0.06911364956748306, -0.03457290547599335, 0.00045928067160159954, 4246.455173589244, 1533.9867697411669, -0.05648216626872761, 0.12945744802506443]
1227.057066 seconds (585.31 M allocations: 59.650 GiB, 0.84% gc time)
FITS/p2_fit10s23yrs.jld2 loaded.
Previous model params: [3.4182432187807217e-6, 224.70077394744197, 3503.768866048025, -0.10324007842781935, -0.04022735261160615, 2.5364633865424705e-6, 365.2564352031665, 3624.4078340824526, -0.06541876113390332, -0.03084175423473635]
Finished 3-planet fit w/ fixed period: [3.5725932262043498e-6, 224.70078111106343, 3503.768728760405, -0.0891183109138004, -0.05622697913439197, 2.554478501250442e-6, 365.2564734246345, 3624.4073139852258, -0.05578172993378307, -0.042063648078327215, 0.00040494925791313203, 4197.943801582831, 1480.51663864062, -0.10420445049704138, 0.11253979662598985] in 2 iterations
New 3-planet chi-square: 956.5426380584618
Maximum: -205.89976095155762 Param: [3.5723488140690293e-6, 224.70078107895068, 3503.768729789949, -0.08915251673844575, -0.056183849484151706, 2.554270988400766e-6, 365.2564733653186, 3624.4073160373896, -0.055812287197141826, -0.04203500726664103, 0.00040716256988033994, 4201.383437037072, 1476.3894005561895, -0.1027720179369743, 0.11246335186764685]
874.645718 seconds (412.45 M allocations: 43.114 GiB, 1.16% gc time)
FITS/p2_fit30s23yrs.jld2 loaded.
Previous model params: [3.418236512206259e-6, 224.70077394744143, 3503.768866048107, -0.10324099994800659, -0.04022758114063125, 2.5364582893179927e-6, 365.2564352031899, 3624.407834082164, -0.0654194901005911, -0.030841929030933763]
Finished 3-planet fit w/ fixed period: [3.5726230125202395e-6, 224.7007811110417, 3503.768728760896, -0.08911508722631302, -0.05622708668600748, 2.5544939058970897e-6, 365.25647342477157, 3624.4073139843495, -0.05577917381364205, -0.04206380404786742, 0.00040495658377037963, 4197.943801582831, 1480.4908617664428, -0.10420367267743455, 0.11253195758264706] in 2 iterations
New 3-planet chi-square: 106.28251528532014
Maximum: -139.98302361608498 Param: [3.5722933802019773e-6, 224.70078107905624, 3503.7687297875655, -0.08915846781280745, -0.05618452156409074, 2.554242922241767e-6, 365.2564733652261, 3624.4073160362104, -0.05581698917087797, -0.04203540223986769, 0.000407142613612724, 4201.379571415061, 1476.428269498052, -0.10277970337702784, 0.11247525321996792]
872.399233 seconds (412.42 M allocations: 43.111 GiB, 1.16% gc time)
FITS/p2_fit60s23yrs.jld2 loaded.
Previous model params: [3.418236512206259e-6, 224.70077394744143, 3503.768866048107, -0.10324099994800659, -0.04022758114063125, 2.5364582893179927e-6, 365.2564352031899, 3624.407834082164, -0.0654194901005911, -0.030841929030933763]
Finished 3-planet fit w/ fixed period: [3.5726230125202395e-6, 224.7007811110417, 3503.768728760896, -0.08911508722631302, -0.05622708668600748, 2.5544939058970897e-6, 365.25647342477157, 3624.4073139843495, -0.05577917381364205, -0.04206380404786742, 0.00040495658377037963, 4197.943801582831, 1480.4908617664428, -0.10420367267743455, 0.11253195758264706] in 2 iterations
New 3-planet chi-square: 26.570628821330036
Maximum: -98.39419278248828 Param: [3.5722933802019773e-6, 224.70078107905624, 3503.7687297875655, -0.08915846781280745, -0.05618452156409074, 2.554242922241767e-6, 365.2564733652261, 3624.4073160362104, -0.05581698917087797, -0.04203540223986769, 0.000407142613612724, 4201.379571415061, 1476.428269498052, -0.10277970337702784, 0.11247525321996792]
878.907985 seconds (412.30 M allocations: 43.098 GiB, 1.17% gc time)
FITS/p2_fit80s23yrs.jld2 loaded.
Previous model params: [3.4182432187807217e-6, 224.70077394744197, 3503.768866048025, -0.10324007842781935, -0.04022735261160615, 2.5364633865424705e-6, 365.2564352031665, 3624.4078340824526, -0.06541876113390332, -0.03084175423473635]
Finished 3-planet fit w/ fixed period: [3.5725932262043498e-6, 224.70078111106343, 3503.768728760405, -0.0891183109138004, -0.05622697913439197, 2.554478501250442e-6, 365.2564734246345, 3624.4073139852258, -0.05578172993378307, -0.042063648078327215, 0.00040494925791313203, 4197.943801582831, 1480.51663864062, -0.10420445049704138, 0.11253979662598985] in 2 iterations
New 3-planet chi-square: 14.945978719663465
Maximum: -81.13326845076747 Param: [3.5723488140690293e-6, 224.70078107895068, 3503.768729789949, -0.08915251673844575, -0.056183849484151706, 2.554270988400766e-6, 365.2564733653186, 3624.4073160373896, -0.055812287197141826, -0.04203500726664103, 0.00040716256988033994, 4201.383437037072, 1476.3894005561895, -0.1027720179369743, 0.11246335186764685]
850.171400 seconds (412.61 M allocations: 43.131 GiB, 1.20% gc time)
FITS/p2_fit90s23yrs.jld2 loaded.
Previous model params: [3.418211963461209e-6, 224.70077394742395, 3503.768866048582, -0.1032438461236646, -0.040228275899230816, 2.5364457900126465e-6, 365.25643520322404, 3624.4078340816836, -0.06542174563801355, -0.030842468431384346]
Finished 3-planet fit w/ fixed period: [3.572624220585285e-6, 224.70078111100318, 3503.768728761457, -0.08911488897806302, -0.056226891591376615, 2.5544947568088228e-6, 365.2564734246753, 3624.407313984943, -0.05577902417455175, -0.04206365452171657, 0.0004049601055922649, 4197.943801582831, 1480.4995059558476, -0.10419975287419438, 0.1125332732074961] in 2 iterations
New 3-planet chi-square: 11.809168367833513
Maximum: -74.06628630310628 Param: [3.5723143811898765e-6, 224.70078107904064, 3503.7687297885295, -0.08915625894204432, -0.05618481567705579, 2.5542526245287073e-6, 365.25647336533314, 3624.407316037209, -0.055815250453863256, -0.04203568575466081, 0.0004071489668397334, 4201.384568082053, 1476.4058351727435, -0.10277792845146544, 0.11247052055174624]
850.011470 seconds (412.72 M allocations: 43.143 GiB, 1.19% gc time)
FITS/p2_fit100s23yrs.jld2 loaded.
Previous model params: [3.4182491448619917e-6, 224.70077394744143, 3503.768866048127, -0.10323955663281255, -0.04022835603406848, 2.536464043615707e-6, 365.25643520324365, 3624.40783408159, -0.06541836199395981, -0.03084253551895756]
Finished 3-planet fit w/ fixed period: [3.572614036922491e-6, 224.7007811110632, 3503.7687287604203, -0.0891160446313971, -0.05622717411317115, 2.554489100673568e-6, 365.2564734246746, 3624.407313984851, -0.05577993648472688, -0.042063847162091446, 0.0004049522230094562, 4197.943801582831, 1480.50539471336, -0.10420371822606234, 0.11253654435240626] in 2 iterations
New 3-planet chi-square: 9.565426377342817
Maximum: -67.74465536174765 Param: [3.5723265719973313e-6, 224.70078107893391, 3503.7687297906905, -0.08915492342623917, -0.05618416276684925, 2.5542593457574364e-6, 365.25647336519603, 3624.407316039885, -0.05581418991623187, -0.04203520932813967, 0.00040715854787954807, 4201.386410943476, 1476.3955453846934, -0.10277322908941874, 0.11246675370129977]
846.631813 seconds (411.91 M allocations: 43.058 GiB, 1.19% gc time)
FITS/p2_fit110s23yrs.jld2 loaded.
Previous model params: [3.4182680243067195e-6, 224.7007739474571, 3503.7688660476483, -0.10323749929275416, -0.04022700070445348, 2.5364723831827013e-6, 365.25643520315606, 3624.4078340826554, -0.06541673235123371, -0.030841477163237423]
Finished 3-planet fit w/ fixed period: [3.5726028312428936e-6, 224.70078111115672, 3503.768728758976, -0.0891173477055461, -0.05622825742177757, 2.5544820860699224e-6, 365.2564734248994, 3624.407313982549, -0.055780975375807985, -0.04206466737379179, 0.00040494334891280035, 4197.943801582831, 1480.5020055163886, -0.10421055072673058, 0.1125373745376268] in 2 iterations
New 3-planet chi-square: 7.905311057475248
Maximum: -62.02604458039501 Param: [3.572343495528112e-6, 224.700781079072, 3503.7687297881007, -0.08915317435749978, -0.056184643001547914, 2.5542671702676607e-6, 365.2564733654744, 3624.4073160364765, -0.0558128021935836, -0.04203561154835812, 0.0004071537989380844, 4201.385465193988, 1476.3828073970897, -0.10277849117133143, 0.11246466294409495]
851.133281 seconds (414.14 M allocations: 43.290 GiB, 1.19% gc time)
FITS/p2_fit120s23yrs.jld2 loaded.
Previous model params: [3.418236512206259e-6, 224.70077394744143, 3503.768866048107, -0.10324099994800659, -0.04022758114063125, 2.5364582893179927e-6, 365.2564352031899, 3624.407834082164, -0.0654194901005911, -0.030841929030933763]
Finished 3-planet fit w/ fixed period: [3.5726230125202395e-6, 224.7007811110417, 3503.768728760896, -0.08911508722631302, -0.05622708668600748, 2.5544939058970897e-6, 365.25647342477157, 3624.4073139843495, -0.05577917381364205, -0.04206380404786742, 0.00040495658377037963, 4197.943801582831, 1480.4908617664428, -0.10420367267743455, 0.11253195758264706] in 2 iterations
New 3-planet chi-square: 6.642657205332509
Maximum: -56.80536194889156 Param: [3.5722933802019773e-6, 224.70078107905624, 3503.7687297875655, -0.08915846781280745, -0.05618452156409074, 2.554242922241767e-6, 365.2564733652261, 3624.4073160362104, -0.05581698917087797, -0.04203540223986769, 0.000407142613612724, 4201.379571415061, 1476.428269498052, -0.10277970337702784, 0.11247525321996792]
849.818426 seconds (412.36 M allocations: 43.104 GiB, 1.19% gc time)
FITS/p2_fit10s25yrs.jld2 loaded.
Previous model params: [3.848487712743756e-6, 224.70077645367692, 3503.7688340719324, -0.07356185676395496, -0.0517282543498915, 2.6465256761546373e-6, 365.2564571306954, 3624.4076615407325, -0.04216761448527351, -0.04039674487755324]
Finished 3-planet fit w/ fixed period: [3.7450098541756544e-6, 224.70077761909766, 3503.7687791860094, -0.08364115322703858, -0.057950578845095045, 2.6033006416448e-6, 365.2564660626947, 3624.407401786285, -0.050749972185082995, -0.044521003150457775, 0.0004401975552146281, 4226.374335166728, 1425.1171422549783, -0.07802427777263282, 0.10403105479356797] in 2 iterations
New 3-planet chi-square: 1088.0652793815773
Maximum: -227.2450838140467 Param: [3.74491408633452e-6, 224.70077760883055, 3503.768779460677, -0.08364748713862276, -0.05794224453713038, 2.603269586133199e-6, 365.2564660337188, 3624.4074023871794, -0.05075553285658909, -0.044515792003578865, 0.00044067283695301565, 4227.069963138932, 1424.1322678755187, -0.07777680402248895, 0.1039864148098333]
814.550538 seconds (396.93 M allocations: 43.173 GiB, 1.00% gc time)
FITS/p2_fit30s25yrs.jld2 loaded.
Previous model params: [3.848450609386287e-6, 224.70077645363438, 3503.7688340728523, -0.07356533808072072, -0.05172972386979975, 2.6465091698414075e-6, 365.25645713088045, 3624.4076615387203, -0.0421703704697835, -0.04039789108263621]
Finished 3-planet fit w/ fixed period: [3.7450336051351504e-6, 224.70077761916502, 3503.7687791850644, -0.08363875897123005, -0.05795067770055687, 2.6033114953028295e-6, 365.2564660625572, 3624.4074017874423, -0.050748078867541326, -0.044521125078933695, 0.00044020048171962867, 4226.374335166728, 1425.1018832394943, -0.07802468858729636, 0.10402742212104543] in 2 iterations
New 3-planet chi-square: 120.89614216807486
Maximum: -155.83528505453535 Param: [3.7448993867988372e-6, 224.70077760892474, 3503.768779458352, -0.0836487643828052, -0.0579434963306337, 2.6032644026402235e-6, 365.2564660340157, 3624.4074023825697, -0.05075653655506854, -0.04451674522868426, 0.0004406599806343088, 4227.067809789774, 1424.138708314632, -0.07778336817364398, 0.10398909588794829]
813.048947 seconds (395.89 M allocations: 43.059 GiB, 1.00% gc time)
FITS/p2_fit60s25yrs.jld2 loaded.
Previous model params: [3.848450609386287e-6, 224.70077645363438, 3503.7688340728523, -0.07356533808072072, -0.05172972386979975, 2.6465091698414075e-6, 365.25645713088045, 3624.4076615387203, -0.0421703704697835, -0.04039789108263621]
Finished 3-planet fit w/ fixed period: [3.7450336051351504e-6, 224.70077761916502, 3503.7687791850644, -0.08363875897123005, -0.05795067770055687, 2.6033114953028295e-6, 365.2564660625572, 3624.4074017874423, -0.050748078867541326, -0.044521125078933695, 0.00044020048171962867, 4226.374335166728, 1425.1018832394943, -0.07802468858729636, 0.10402742212104543] in 2 iterations
New 3-planet chi-square: 30.224035542018715
Maximum: -110.78071831813891 Param: [3.7448993867988372e-6, 224.70077760892474, 3503.768779458352, -0.0836487643828052, -0.0579434963306337, 2.6032644026402235e-6, 365.2564660340157, 3624.4074023825697, -0.05075653655506854, -0.04451674522868426, 0.0004406599806343088, 4227.067809789774, 1424.138708314632, -0.07778336817364398, 0.10398909588794829]
812.401194 seconds (395.90 M allocations: 43.061 GiB, 1.01% gc time)
FITS/p2_fit80s25yrs.jld2 loaded.
Previous model params: [3.848487712743756e-6, 224.70077645367692, 3503.7688340719324, -0.07356185676395496, -0.0517282543498915, 2.6465256761546373e-6, 365.2564571306954, 3624.4076615407325, -0.04216761448527351, -0.04039674487755324]
Finished 3-planet fit w/ fixed period: [3.7450098541756544e-6, 224.70077761909766, 3503.7687791860094, -0.08364115322703858, -0.057950578845095045, 2.6033006416448e-6, 365.2564660626947, 3624.407401786285, -0.050749972185082995, -0.044521003150457775, 0.0004401975552146281, 4226.374335166728, 1425.1171422549783, -0.07802427777263282, 0.10403105479356797] in 2 iterations
New 3-planet chi-square: 17.001019990337145
Maximum: -92.08138360485735 Param: [3.74491408633452e-6, 224.70077760883055, 3503.768779460677, -0.08364748713862276, -0.05794224453713038, 2.603269586133199e-6, 365.2564660337188, 3624.4074023871794, -0.05075553285658909, -0.044515792003578865, 0.00044067283695301565, 4227.069963138932, 1424.1322678755187, -0.07777680402248895, 0.1039864148098333]
815.486503 seconds (396.91 M allocations: 43.171 GiB, 1.00% gc time)
FITS/p2_fit90s25yrs.jld2 loaded.
Previous model params: [3.848468994221609e-6, 224.7007764536535, 3503.7688340724326, -0.07356361972780454, -0.05172905086935832, 2.646517138701704e-6, 365.2564571307946, 3624.407661539627, -0.042169011419149964, -0.04039736965418293]
Finished 3-planet fit w/ fixed period: [3.74503740021944e-6, 224.70077761917412, 3503.7687791848944, -0.08363826608704908, -0.057950694727544175, 2.6033145630525225e-6, 365.25646606250496, 3624.4074017879357, -0.050747687428780504, -0.04452115242351689, 0.00044020022639929446, 4226.374335166728, 1425.100683205943, -0.07802469291540003, 0.10402725251168304] in 2 iterations
New 3-planet chi-square: 13.43290469031155
Maximum: -84.42548630313257 Param: [3.744906165625904e-6, 224.70077760900855, 3503.768779456523, -0.08364822595604705, -0.057943228170810816, 2.6032664487588708e-6, 365.25646603419983, 3624.4074023791663, -0.05075610186308289, -0.04451653767652228, 0.00044066053629505605, 4227.06470306928, 1424.1380444351223, -0.07778382679521338, 0.10398765286485018]
815.210751 seconds (396.58 M allocations: 43.135 GiB, 1.00% gc time)
FITS/p2_fit100s25yrs.jld2 loaded.
Previous model params: [3.848487013382216e-6, 224.70077645367942, 3503.768834071967, -0.07356175091778755, -0.05172901753410666, 2.6465269148112056e-6, 365.25645713071896, 3624.4076615402987, -0.04216753133132496, -0.04039734926263042]
Finished 3-planet fit w/ fixed period: [3.745018856194414e-6, 224.700777619145, 3503.7687791852604, -0.0836402143421269, -0.05795085341893273, 2.6033051552459016e-6, 365.2564660626603, 3624.407401786458, -0.05074922822693139, -0.044521237649272294, 0.00044019667856606685, 4226.374335166728, 1425.1095885415941, -0.07802576401898069, 0.10402961824583118] in 2 iterations
New 3-planet chi-square: 10.880652802945326
Maximum: -77.57705279670327 Param: [3.744848465834247e-6, 224.70077760895018, 3503.7687794557073, -0.08365406020090302, -0.057943846088483124, 2.6032400232577296e-6, 365.256466034726, 3624.407402370862, -0.050760721299106235, -0.04451688461420172, 0.00044063958481975214, 4227.056668145716, 1424.1873867260267, -0.07778956374386527, 0.1039992635381249]
815.701138 seconds (395.90 M allocations: 43.060 GiB, 1.00% gc time)
FITS/p2_fit110s25yrs.jld2 loaded.
Previous model params: [3.848455692243488e-6, 224.70077645364054, 3503.768834072717, -0.07356487884266157, -0.05172940125487738, 2.64651120850096e-6, 365.25645713085163, 3624.4076615390595, -0.04217001136216678, -0.040397638752388325]
Finished 3-planet fit w/ fixed period: [3.7450062006287777e-6, 224.70077761909909, 3503.7687791856056, -0.08364140091914887, -0.05795073650009965, 2.6033002806007288e-6, 365.25646606270953, 3624.407401785564, -0.050750171336491436, -0.04452111783024063, 0.0004401930873627974, 4226.374335166728, 1425.1231146179473, -0.07802556749497994, 0.10403324496681327] in 2 iterations
New 3-planet chi-square: 8.992275042595562
Maximum: -71.3818911052264 Param: [3.7448678073847886e-6, 224.70077760895518, 3503.7687794566023, -0.08365189234812566, -0.05794388890284347, 2.6032510123400734e-6, 365.25646603443374, 3624.4074023759204, -0.050758998006162785, -0.04451698257610593, 0.00044064716044484373, 4227.062253727468, 1424.1651438783201, -0.07778775143840973, 0.1039949810610376]
815.929299 seconds (397.55 M allocations: 43.239 GiB, 1.00% gc time)
FITS/p2_fit120s25yrs.jld2 loaded.
Previous model params: [3.848450609386287e-6, 224.70077645363438, 3503.7688340728523, -0.07356533808072072, -0.05172972386979975, 2.6465091698414075e-6, 365.25645713088045, 3624.4076615387203, -0.0421703704697835, -0.04039789108263621]
Finished 3-planet fit w/ fixed period: [3.7450336051351504e-6, 224.70077761916502, 3503.7687791850644, -0.08363875897123005, -0.05795067770055687, 2.6033114953028295e-6, 365.2564660625572, 3624.4074017874423, -0.050748078867541326, -0.044521125078933695, 0.00044020048171962867, 4226.374335166728, 1425.1018832394943, -0.07802468858729636, 0.10402742212104543] in 2 iterations
New 3-planet chi-square: 7.556008885504679
Maximum: -65.72615158174246 Param: [3.7448993867988372e-6, 224.70077760892474, 3503.768779458352, -0.0836487643828052, -0.0579434963306337, 2.6032644026402235e-6, 365.2564660340157, 3624.4074023825697, -0.05075653655506854, -0.04451674522868426, 0.0004406599806343088, 4227.067809789774, 1424.138708314632, -0.07778336817364398, 0.10398909588794829]
813.039080 seconds (395.72 M allocations: 43.041 GiB, 1.01% gc time)
FITS/p2_fit10s27yrs.jld2 loaded.
Previous model params: [3.619595830596257e-6, 224.70077419082367, 3503.7688666121035, -0.08525219475609566, -0.05984003635519076, 2.5626958822889358e-6, 365.2564631830495, 3624.407605495759, -0.0517731882497574, -0.04721201826660631]
Finished 3-planet fit w/ fixed period: [3.5772189535386666e-6, 224.70077391720898, 3503.7688448762633, -0.08935719741811203, -0.06138341012671281, 2.5598268190985777e-6, 365.25646023846406, 3624.4074848698174, -0.05578785146027086, -0.047798359586663036, 0.00047797792545118013, 4283.81434288402, 1387.5411539108652, -0.04783463813248183, 0.10587358440802647] in 2 iterations
New 3-planet chi-square: 1234.8113562324043
Maximum: -249.15357212917357 Param: [3.576719695071381e-6, 224.70077393881286, 3503.7688440662905, -0.08937266204120492, -0.06141042063175096, 2.5598575046104662e-6, 365.25646034249024, 3624.407482570271, -0.055800898960795146, -0.04781365165915759, 0.00047648821239578955, 4281.262891269501, 1392.0308259057974, -0.04831133960691007, 0.10615037122778143]
665.047281 seconds (321.40 M allocations: 35.819 GiB, 1.02% gc time)
FITS/p2_fit30s27yrs.jld2 loaded.
Previous model params: [3.619618350156645e-6, 224.70077419085217, 3503.768866611496, -0.08524986532388888, -0.059839162918502616, 2.562705928957014e-6, 365.2564631830857, 3624.407605495684, -0.05177134225234375, -0.0472113368905418]
Finished 3-planet fit w/ fixed period: [3.5772178172438667e-6, 224.7007739172155, 3503.7688448761555, -0.0893573023076485, -0.0613830271370499, 2.5598267002286175e-6, 365.25646023849333, 3624.4074848693404, -0.055787936793498465, -0.04779806012918367, 0.00047797988230588754, 4283.81434288402, 1387.5425249253328, -0.04783381154320892, 0.105873592233763] in 2 iterations
New 3-planet chi-square: 137.20126179920817
Maximum: -172.25071192128541 Param: [3.576753379183541e-6, 224.70077393874288, 3503.768844068175, -0.0893689372290159, -0.06141097598216666, 2.5598747714086162e-6, 365.2564603422546, 3624.4074825750404, -0.05579793809866513, -0.047814169228538705, 0.00047649492943951797, 4281.269061549217, 1391.9990132118526, -0.04831196086487616, 0.10614536045479486]
660.741301 seconds (319.96 M allocations: 35.660 GiB, 1.02% gc time)
FITS/p2_fit60s27yrs.jld2 loaded.
Previous model params: [3.619618350156645e-6, 224.70077419085217, 3503.768866611496, -0.08524986532388888, -0.059839162918502616, 2.562705928957014e-6, 365.2564631830857, 3624.407605495684, -0.05177134225234375, -0.0472113368905418]
Finished 3-planet fit w/ fixed period: [3.5772178172438667e-6, 224.7007739172155, 3503.7688448761555, -0.0893573023076485, -0.0613830271370499, 2.5598267002286175e-6, 365.25646023849333, 3624.4074848693404, -0.055787936793498465, -0.04779806012918367, 0.00047797988230588754, 4283.81434288402, 1387.5425249253328, -0.04783381154320892, 0.105873592233763] in 2 iterations
New 3-planet chi-square: 34.30031544980204
Maximum: -123.73040928208924 Param: [3.576753379183541e-6, 224.70077393874288, 3503.768844068175, -0.0893689372290159, -0.06141097598216666, 2.5598747714086162e-6, 365.2564603422546, 3624.4074825750404, -0.05579793809866513, -0.047814169228538705, 0.00047649492943951797, 4281.269061549217, 1391.9990132118526, -0.04831196086487616, 0.10614536045479486]
659.764340 seconds (319.96 M allocations: 35.660 GiB, 1.01% gc time)
FITS/p2_fit80s27yrs.jld2 loaded.
Previous model params: [3.619595830596257e-6, 224.70077419082367, 3503.7688666121035, -0.08525219475609566, -0.05984003635519076, 2.5626958822889358e-6, 365.2564631830495, 3624.407605495759, -0.0517731882497574, -0.04721201826660631]
Finished 3-planet fit w/ fixed period: [3.5772189535386666e-6, 224.70077391720898, 3503.7688448762633, -0.08935719741811203, -0.06138341012671281, 2.5598268190985777e-6, 365.25646023846406, 3624.4074848698174, -0.05578785146027086, -0.047798359586663036, 0.00047797792545118013, 4283.81434288402, 1387.5411539108652, -0.04783463813248183, 0.10587358440802647] in 2 iterations
New 3-planet chi-square: 19.293927441131316
Maximum: -103.59266421158506 Param: [3.576719695071381e-6, 224.70077393881286, 3503.7688440662905, -0.08937266204120492, -0.06141042063175096, 2.5598575046104662e-6, 365.25646034249024, 3624.407482570271, -0.055800898960795146, -0.04781365165915759, 0.00047648821239578955, 4281.262891269501, 1392.0308259057974, -0.04831133960691007, 0.10615037122778143]
664.001126 seconds (321.40 M allocations: 35.819 GiB, 1.01% gc time)
FITS/p2_fit90s27yrs.jld2 loaded.
Previous model params: [3.619710416642498e-6, 224.70077419099826, 3503.7688666088825, -0.08524068575301527, -0.05983563618639398, 2.562739620041205e-6, 365.25646318330945, 3624.4076054931584, -0.051764145727422925, -0.04720839642730987]
Finished 3-planet fit w/ fixed period: [3.5772290983970256e-6, 224.70077391720693, 3503.7688448763233, -0.08935599982435719, -0.06138331244566522, 2.559832796399383e-6, 365.2564602385097, 3624.4074848693804, -0.05578690147547523, -0.047798310273854575, 0.00047798135378584463, 4283.81434288402, 1387.5361302781703, -0.04783377021465536, 0.10587206249166611] in 2 iterations
New 3-planet chi-square: 15.244584643570644
Maximum: -95.34785171271359 Param: [3.5767348828355325e-6, 224.7007739387752, 3503.7688440673282, -0.08937101321067015, -0.06141035044892258, 2.5598652967154787e-6, 365.25646034235024, 3624.407482573047, -0.05579958957780837, -0.047813636603027246, 0.00047649212371656777, 4281.266252358105, 1392.015871798202, -0.04831129534352882, 0.10614816418311246]
663.433522 seconds (321.15 M allocations: 35.793 GiB, 1.02% gc time)
FITS/p2_fit100s27yrs.jld2 loaded.
Previous model params: [3.619569436135781e-6, 224.70077419079914, 3503.768866612621, -0.08525482236076398, -0.05984029820009201, 2.5626856896790254e-6, 365.2564631830151, 3624.407605495992, -0.05177526600068437, -0.04721223040845587]
Finished 3-planet fit w/ fixed period: [3.577201308992544e-6, 224.7007739172094, 3503.768844875802, -0.08935906351753674, -0.061383907650158984, 2.5598185937518837e-6, 365.2564602384283, 3624.407484869728, -0.05578932513732949, -0.04779871204576003, 0.00047796657018347994, 4283.81434288402, 1387.5501754100235, -0.047838092852954255, 0.10587764248061947] in 2 iterations
New 3-planet chi-square: 12.3481135575665
Maximum: -87.9726156061054 Param: [3.5767315280704918e-6, 224.7007739387329, 3503.768844068634, -0.08937137044755132, -0.06141055790741597, 2.5598639928107025e-6, 365.25646034215026, 3624.4074825770663, -0.05579986835754235, -0.047813805900740865, 0.00047649108397165743, 4281.270272875268, 1392.010399494011, -0.04831164672997249, 0.10614885955632739]
661.250066 seconds (320.38 M allocations: 35.707 GiB, 1.02% gc time)
FITS/p2_fit110s27yrs.jld2 loaded.
Previous model params: [3.6196103813666766e-6, 224.700774190844, 3503.7688666116687, -0.0852505177884988, -0.05983938950111212, 2.5627046160285135e-6, 365.2564631830749, 3624.407605495734, -0.051771854534873686, -0.047211523724138456]
Finished 3-planet fit w/ fixed period: [3.5772262813681592e-6, 224.7007739172115, 3503.7688448761864, -0.08935632459125885, -0.06138334644649436, 2.559831246764383e-6, 365.25646023850504, 3624.4074848692976, -0.05578715801980362, -0.04779832877884115, 0.00047798028344870003, 4283.81434288402, 1387.5370342773806, -0.0478341541257151, 0.10587243472755148] in 2 iterations
New 3-planet chi-square: 10.20505253074309
Maximum: -81.3009030329336 Param: [3.5767603536010383e-6, 224.7007739387091, 3503.7688440693114, -0.08936837964500312, -0.06141025160809437, 2.559876025579225e-6, 365.256460342123, 3624.4074825779026, -0.05579750533838593, -0.04781360655549817, 0.0004765000160585701, 4281.27184256051, 1391.9928568605067, -0.048310125967647895, 0.10614463006933739]
664.000173 seconds (321.10 M allocations: 35.787 GiB, 1.01% gc time)
FITS/p2_fit120s27yrs.jld2 loaded.
Previous model params: [3.619618350156645e-6, 224.70077419085217, 3503.768866611496, -0.08524986532388888, -0.059839162918502616, 2.562705928957014e-6, 365.2564631830857, 3624.407605495684, -0.05177134225234375, -0.0472113368905418]
Finished 3-planet fit w/ fixed period: [3.5772178172438667e-6, 224.7007739172155, 3503.7688448761555, -0.0893573023076485, -0.0613830271370499, 2.5598267002286175e-6, 365.25646023849333, 3624.4074848693404, -0.055787936793498465, -0.04779806012918367, 0.00047797988230588754, 4283.81434288402, 1387.5425249253328, -0.04783381154320892, 0.105873592233763] in 2 iterations
New 3-planet chi-square: 8.57507886245051
Maximum: -75.21010664289307 Param: [3.576753379183541e-6, 224.70077393874288, 3503.768844068175, -0.0893689372290159, -0.06141097598216666, 2.5598747714086162e-6, 365.2564603422546, 3624.4074825750404, -0.05579793809866513, -0.047814169228538705, 0.00047649492943951797, 4281.269061549217, 1391.9990132118526, -0.04831196086487616, 0.10614536045479486]
660.188717 seconds (319.96 M allocations: 35.660 GiB, 1.01% gc time)
FITS/p2_fit10s29yrs.jld2 loaded.
Previous model params: [3.6310657088636966e-6, 224.70077446831317, 3503.7688627552134, -0.07786135574908427, -0.0595861909671627, 2.628272194068082e-6, 365.25644792446406, 3624.407748040745, -0.045249890615390184, -0.046523405988488815]
Finished 3-planet fit w/ fixed period: [3.6437452446827485e-6, 224.70077418972883, 3503.768826570796, -0.08445369017654862, -0.0648554875267455, 2.5838901240071635e-6, 365.2564567537971, 3624.4074820635424, -0.05156449335122783, -0.050100484468523714, 0.00040330002168025524, 4219.24870137377, 1463.913002647666, -0.08665703966775763, 0.12036178504741733] in 2 iterations
New 3-planet chi-square: 1337.4281813124674
Maximum: -273.54314368231263 Param: [3.6438668336707673e-6, 224.70077417374833, 3503.76882697546, -0.08444254387771521, -0.0648486229512119, 2.58393803458513e-6, 365.2564566755373, 3624.407483263598, -0.051554352615767254, -0.05009595332585264, 0.0004037170355304296, 4220.187072878101, 1462.2352132601923, -0.08647073553188647, 0.12030626823687425]
707.888441 seconds (342.12 M allocations: 39.944 GiB, 0.94% gc time)
FITS/p2_fit30s29yrs.jld2 loaded.
Previous model params: [3.6310431946052464e-6, 224.70077446832147, 3503.768862755194, -0.07786361971861697, -0.059586131220612196, 2.62826267767987e-6, 365.2564479244231, 3624.407748041148, -0.045251671576828835, -0.046523357099116355]
Finished 3-planet fit w/ fixed period: [3.6437529042939077e-6, 224.70077418971488, 3503.768826571106, -0.08445288874365464, -0.06485565613672614, 2.583893674037481e-6, 365.2564567537821, 3624.4074820637857, -0.05156385977223381, -0.050100630597034616, 0.0004033019737832555, 4219.24870137377, 1463.9045564511239, -0.08665730526184612, 0.12035965945992495] in 3 iterations
New 3-planet chi-square: 148.60313118752518
Maximum: -190.04860972578572 Param: [3.6438882996665637e-6, 224.7007741735575, 3503.7688269804958, -0.08444030847364756, -0.06484807886540345, 2.5839483715276424e-6, 365.25645667462146, 3624.407483278102, -0.05155256865074883, -0.05009557244633238, 0.00040372892588510893, 4220.197468522934, 1462.2034407559333, -0.08646598102102344, 0.12030136597607446]
710.327456 seconds (342.80 M allocations: 40.023 GiB, 0.95% gc time)
FITS/p2_fit60s29yrs.jld2 loaded.
Previous model params: [3.6310431946052464e-6, 224.70077446832147, 3503.768862755194, -0.07786361971861697, -0.059586131220612196, 2.62826267767987e-6, 365.2564479244231, 3624.407748041148, -0.045251671576828835, -0.046523357099116355]
Finished 3-planet fit w/ fixed period: [3.6437529042939077e-6, 224.70077418971488, 3503.768826571106, -0.08445288874365464, -0.06485565613672614, 2.583893674037481e-6, 365.2564567537821, 3624.4074820637857, -0.05156385977223381, -0.050100630597034616, 0.0004033019737832555, 4219.24870137377, 1463.9045564511239, -0.08665730526184612, 0.12035965945992495] in 3 iterations
New 3-planet chi-square: 37.150782796881295
Maximum: -137.36942400322985 Param: [3.6438882996665637e-6, 224.7007741735575, 3503.7688269804958, -0.08444030847364756, -0.06484807886540345, 2.5839483715276424e-6, 365.25645667462146, 3624.407483278102, -0.05155256865074883, -0.05009557244633238, 0.00040372892588510893, 4220.197468522934, 1462.2034407559333, -0.08646598102102344, 0.12030136597607446]
706.952807 seconds (342.80 M allocations: 40.023 GiB, 0.95% gc time)
FITS/p2_fit80s29yrs.jld2 loaded.
Previous model params: [3.6310657088636966e-6, 224.70077446831317, 3503.7688627552134, -0.07786135574908427, -0.0595861909671627, 2.628272194068082e-6, 365.25644792446406, 3624.407748040745, -0.045249890615390184, -0.046523405988488815]
Finished 3-planet fit w/ fixed period: [3.6437452446827485e-6, 224.70077418972883, 3503.768826570796, -0.08445369017654862, -0.0648554875267455, 2.5838901240071635e-6, 365.2564567537971, 3624.4074820635424, -0.05156449335122783, -0.050100484468523714, 0.00040330002168025524, 4219.24870137377, 1463.913002647666, -0.08665703966775763, 0.12036178504741733] in 2 iterations
New 3-planet chi-square: 20.897315333007302
Maximum: -115.50558651464512 Param: [3.6438668336707673e-6, 224.70077417374833, 3503.76882697546, -0.08444254387771521, -0.0648486229512119, 2.58393803458513e-6, 365.2564566755373, 3624.407483263598, -0.051554352615767254, -0.05009595332585264, 0.0004037170355304296, 4220.187072878101, 1462.2352132601923, -0.08647073553188647, 0.12030626823687425]
707.746030 seconds (342.12 M allocations: 39.944 GiB, 0.94% gc time)
FITS/p2_fit90s29yrs.jld2 loaded.
Previous model params: [3.6310806175830896e-6, 224.70077446831328, 3503.7688627551074, -0.07785998397618739, -0.05958588515513656, 2.628277187210072e-6, 365.25644792447986, 3624.4077480406763, -0.04524880603060105, -0.04652316327056999]
Finished 3-planet fit w/ fixed period: [3.6437527725756677e-6, 224.70077418972704, 3503.768826570844, -0.08445282678713481, -0.06485580198503885, 2.5838943449286757e-6, 365.2564567538132, 3624.4074820635806, -0.05156381397730569, -0.05010074279025672, 0.00040329977912964283, 4219.24870137377, 1463.9065555640818, -0.08665799385504969, 0.120360666069807] in 2 iterations
New 3-planet chi-square: 16.51145901371895
Maximum: -106.55407577062968 Param: [3.643907737360264e-6, 224.70077417353446, 3503.768826981091, -0.08443838977565878, -0.06484723681862149, 2.583956169564646e-6, 365.256456674538, 3624.407483278953, -0.051551044773284344, -0.050094943041714295, 0.0004037394220168651, 4220.196864699903, 1462.1909080849582, -0.08646201363780158, 0.1202955460139873]
716.528921 seconds (345.47 M allocations: 40.334 GiB, 0.94% gc time)
FITS/p2_fit100s29yrs.jld2 loaded.
Previous model params: [3.631074417846923e-6, 224.70077446831905, 3503.7688627550197, -0.07786054486467843, -0.05958558329502981, 2.628275641911043e-6, 365.25644792446303, 3624.407748040939, -0.04524924288682973, -0.04652292722989141]
Finished 3-planet fit w/ fixed period: [3.643754329942823e-6, 224.70077418971727, 3503.7688265709044, -0.08445261316444307, -0.06485572528378404, 2.583896126934754e-6, 365.2564567537974, 3624.4074820633587, -0.051563634011976466, -0.050100693163278566, 0.0004033016443558299, 4219.24870137377, 1463.9038202043525, -0.08665786291527401, 0.120359386889169] in 2 iterations
New 3-planet chi-square: 13.374281806785206
Maximum: -98.546676596753 Param: [3.6438813139430427e-6, 224.70077417362828, 3503.7688269786167, -0.08444106969716374, -0.06484824296918022, 2.583944705529329e-6, 365.2564566749674, 3624.4074832725328, -0.0515531747908624, -0.0500956868394831, 0.00040372561132834164, 4220.193796304303, 1462.2126777935823, -0.0864673791493182, 0.12030231063181157]
709.066969 seconds (342.46 M allocations: 39.984 GiB, 0.94% gc time)
FITS/p2_fit110s29yrs.jld2 loaded.
Previous model params: [3.631021311860951e-6, 224.70077446832696, 3503.7688627552366, -0.07786590285066788, -0.05958626736290117, 2.6282522544350142e-6, 365.2564479243863, 3624.40774804149, -0.045253476757084354, -0.04652346010450302]
Finished 3-planet fit w/ fixed period: [3.6437577346332765e-6, 224.70077418971803, 3503.7688265712964, -0.08445238287789084, -0.06485470989417816, 2.5838963418180467e-6, 365.25645675373954, 3624.407482064663, -0.05156345680018563, -0.050099897442684796, 0.00040330839138744015, 4219.24870137377, 1463.906272770275, -0.08665287635684207, 0.12035860602855974] in 2 iterations
New 3-planet chi-square: 11.053125463943111
Maximum: -91.3031029446543 Param: [3.643901759268349e-6, 224.7007741734688, 3503.7688269824953, -0.08443908263059623, -0.06484806047285349, 2.5839528158056607e-6, 365.25645667422435, 3624.407483283864, -0.05155158854097896, -0.050095582455778886, 0.00040373135172556225, 4220.202033572561, 1462.181344707248, -0.08646769027617389, 0.12029780039331023]
709.600937 seconds (342.46 M allocations: 39.984 GiB, 0.94% gc time)
FITS/p2_fit120s29yrs.jld2 loaded.
Previous model params: [3.6310431946052464e-6, 224.70077446832147, 3503.768862755194, -0.07786361971861697, -0.059586131220612196, 2.62826267767987e-6, 365.2564479244231, 3624.407748041148, -0.045251671576828835, -0.046523357099116355]
Finished 3-planet fit w/ fixed period: [3.6437529042939077e-6, 224.70077418971488, 3503.768826571106, -0.08445288874365464, -0.06485565613672614, 2.583893674037481e-6, 365.2564567537821, 3624.4074820637857, -0.05156385977223381, -0.050100630597034616, 0.0004033019737832555, 4219.24870137377, 1463.9045564511239, -0.08665730526184612, 0.12035965945992495] in 3 iterations
New 3-planet chi-square: 9.287695699220324
Maximum: -84.69023828067402 Param: [3.6438882996665637e-6, 224.7007741735575, 3503.7688269804958, -0.08444030847364756, -0.06484807886540345, 2.5839483715276424e-6, 365.25645667462146, 3624.407483278102, -0.05155256865074883, -0.05009557244633238, 0.00040372892588510893, 4220.197468522934, 1462.2034407559333, -0.08646598102102344, 0.12030136597607446]
708.938272 seconds (342.82 M allocations: 40.025 GiB, 0.94% gc time)

