args = ["Hpp", "grid", "fromEV", "100"]
INPUTS/tt_10s14yrs.txt loaded.
Initial parameters: [3.0e-6, 224.70078350937885, 3503.769437923292, 0.01, 0.01, 3.0e-6, 365.2563703225854, 3624.4094387898426, 0.01, 0.01]
Initial chi-square: 3963.855145876232
New initial 2-planet fit: [2.3286377674300525e-6, 224.70080287365894, 3503.7693761828714, -0.2701732471497552, -0.04100596079476083, 1.8796658131393462e-6, 365.25641676294464, 3624.409101236675, -0.2062475624848547, -0.031132798046403037] in 2 iterations.
New 2-planet chi-square: 2639.253542362061
Maximum: -141.80852532697233 Param: [2.3286377674300525e-6, 224.70080287365894, 3503.7693761828714, -0.2701732471497552, -0.04100596079476083, 1.8796658131393462e-6, 365.25641676294464, 3624.409101236675, -0.2062475624848547, -0.031132798046403037]
INPUTS/tt_10s13yrs.txt loaded.
Initial parameters: [3.0e-6, 224.7008077404229, 3503.7692683059836, 0.01, 0.01, 3.0e-6, 365.256442879367, 3624.409124377122, 0.01, 0.01]
Initial chi-square: 3898.7278099724854
New initial 2-planet fit: [2.209607327673674e-6, 224.70080381181756, 3503.76937480171, -0.3323700881547574, -0.036317710297618586, 1.7056835913734874e-6, 365.2563838090706, 3624.4092319275073, -0.2576118452769318, -0.028264892293127092] in 2 iterations.
New 2-planet chi-square: 2557.0221795015664
Maximum: -133.39217703786622 Param: [2.209607327673674e-6, 224.70080381181756, 3503.76937480171, -0.3323700881547574, -0.036317710297618586, 1.7056835913734874e-6, 365.2563838090706, 3624.4092319275073, -0.2576118452769318, -0.028264892293127092]
INPUTS/tt_10s12yrs.txt loaded.
Initial parameters: [3.0e-6, 224.70081336865405, 3503.769225784484, 0.01, 0.01, 3.0e-6, 365.25629512423444, 3624.4097153976527, 0.01, 0.01]
Initial chi-square: 3566.8584702718426
New initial 2-planet fit: [2.0162563865169125e-6, 224.70077709120892, 3503.769548598042, -0.36338757754510637, -0.01556506413142364, 1.7036107679829776e-6, 365.2563519195263, 3624.4093743424546, -0.283339612991371, -0.013256765230551476] in 2 iterations.
New 2-planet chi-square: 2372.163496183281
Maximum: -120.45914412225605 Param: [2.0162563865169125e-6, 224.70077709120892, 3503.769548598042, -0.36338757754510637, -0.01556506413142364, 1.7036107679829776e-6, 365.2563519195263, 3624.4093743424546, -0.283339612991371, -0.013256765230551476]
INPUTS/tt_10s11yrs.txt loaded.
Initial parameters: [3.0e-6, 224.70072193319305, 3503.7697582251335, 0.01, 0.01, 3.0e-6, 365.25622849938736, 3624.4099596887577, 0.01, 0.01]
Initial chi-square: 3412.0464777092675
New initial 2-planet fit: [1.3822390843494445e-6, 224.7007239241919, 3503.7698587713444, -0.6833198162188313, -0.07137757334888603, 1.0925225227710626e-6, 365.2562958465114, 3624.4095637208643, -0.5384094370778789, -0.05531596536600864] in 2 iterations.
New 2-planet chi-square: 1847.0363899254937
Maximum: -105.29872755058484 Param: [1.3822390843494445e-6, 224.7007239241919, 3503.7698587713444, -0.6833198162188313, -0.07137757334888603, 1.0925225227710626e-6, 365.2562958465114, 3624.4095637208643, -0.5384094370778789, -0.05531596536600864]
INPUTS/tt_10s10yrs.txt loaded.
Initial parameters: [3.0e-6, 224.70074552710975, 3503.769632390911, 0.01, 0.01, 3.0e-6, 365.256177175201, 3624.410130769378, 0.01, 0.01]
Initial chi-square: 2450.175021697155
New initial 2-planet fit: [2.7938406847926712e-6, 224.70072476852985, 3503.7698169677333, -0.2601843323948143, -0.0029883841484103285, 1.9265948011032427e-6, 365.2561184932927, 3624.410170256359, -0.1952805264149946, 0.001251134568383938] in 2 iterations.
New 2-planet chi-square: 917.6543296844411
Maximum: -88.68367004281322 Param: [2.7938406847926712e-6, 224.70072476852985, 3503.7698169677333, -0.2601843323948143, -0.0029883841484103285, 1.9265948011032427e-6, 365.2561184932927, 3624.410170256359, -0.1952805264149946, 0.001251134568383938]
INPUTS/tt_30s14yrs.txt loaded.
Initial parameters: [3.0e-6, 224.70078350937885, 3503.769437923291, 0.01, 0.01, 3.0e-6, 365.2563703225855, 3624.409438789842, 0.01, 0.01]
Initial chi-square: 440.4283496332377
New initial 2-planet fit: [2.328644257194934e-6, 224.70080287362032, 3503.7693761828277, -0.27017225072383483, -0.04100580412100311, 1.8796669521354628e-6, 365.256416762969, 3624.4091012367935, -0.2062467069047705, -0.031132638424058095] in 2 iterations.
New 2-planet chi-square: 293.25039353572106
Maximum: -102.2584829312336 Param: [2.328644257194934e-6, 224.70080287362032, 3503.7693761828277, -0.27017225072383483, -0.04100580412100311, 1.8796669521354628e-6, 365.256416762969, 3624.4091012367935, -0.2062467069047705, -0.031132638424058095]
INPUTS/tt_30s13yrs.txt loaded.
Initial parameters: [3.0e-6, 224.7008077404227, 3503.7692683059854, 0.01, 0.01, 3.0e-6, 365.25644287936774, 3624.409124377116, 0.01, 0.01]
Initial chi-square: 433.19197881708976
New initial 2-planet fit: [2.2095997340402502e-6, 224.70080381182095, 3503.769374802471, -0.33236964215706305, -0.03631776610440241, 1.7056931799599087e-6, 365.256383809143, 3624.409231927087, -0.25761159511276577, -0.028264983295724702] in 2 iterations.
New 2-planet chi-square: 284.11357549205576
Maximum: -96.03935922266474 Param: [2.2095999477288095e-6, 224.70080381182052, 3503.769374802466, -0.33236964458553736, -0.036317769043974206, 1.7056929416169305e-6, 365.25638380914387, 3624.4092319270917, -0.2576115923589046, -0.028264981239794176]
INPUTS/tt_30s12yrs.txt loaded.
Initial parameters: [3.0e-6, 224.7008133686539, 3503.7692257844847, 0.01, 0.01, 3.0e-6, 365.2562951242346, 3624.4097153976513, 0.01, 0.01]
Initial chi-square: 396.3176076663541
New initial 2-planet fit: [2.016247935983803e-6, 224.7007770912982, 3503.7695485975396, -0.3633915150398337, -0.01556562649877069, 1.703599110392404e-6, 365.2563519196682, 3624.4093743413946, -0.2833427914421875, -0.013257198556314425] in 2 iterations.
New 2-planet chi-square: 263.57372175859336
Maximum: -86.40216317121889 Param: [2.0162472950433994e-6, 224.70077709129714, 3503.7695485975396, -0.3633915107919298, -0.01556562328538993, 1.7035997231775246e-6, 365.256351919666, 3624.4093743413882, -0.2833427955575706, -0.013257201697804718]
INPUTS/tt_30s11yrs.txt loaded.
Initial parameters: [3.0e-6, 224.700721933193, 3503.7697582251335, 0.01, 0.01, 3.0e-6, 365.2562284993878, 3624.4099596887545, 0.01, 0.01]
Initial chi-square: 379.11627522131107
New initial 2-planet fit: [1.3821351720290259e-6, 224.70072392346827, 3503.7698587763507, -0.68339632733743, -0.0713781070436905, 1.0924390780628183e-6, 365.25629584539143, 3624.4095637252044, -0.5384710111329687, -0.055316363859684706] in 2 iterations.
New 2-planet chi-square: 205.2262655340742
Maximum: -74.53758346697711 Param: [1.3821351720290259e-6, 224.70072392346827, 3503.7698587763507, -0.68339632733743, -0.0713781070436905, 1.0924390780628183e-6, 365.25629584539143, 3624.4095637252044, -0.5384710111329687, -0.055316363859684706]
INPUTS/tt_30s10yrs.txt loaded.
Initial parameters: [3.0e-6, 224.70074552710943, 3503.7696323909136, 0.01, 0.01, 3.0e-6, 365.25617717520123, 3624.4101307693772, 0.01, 0.01]
Initial chi-square: 272.24166907240203
New initial 2-planet fit: [2.7939640423082802e-6, 224.70072476918122, 3503.7698169625273, -0.2601610066626668, -0.002987737508515609, 1.926658698351923e-6, 365.25611849244865, 3624.41017025871, -0.19526180117400063, 0.0012515850891372793] in 2 iterations.
New 2-planet chi-square: 101.96159213548988
Maximum: -60.11975053085445 Param: [2.7939640423082802e-6, 224.70072476918122, 3503.7698169625273, -0.2601610066626668, -0.002987737508515609, 1.926658698351923e-6, 365.25611849244865, 3624.41017025871, -0.19526180117400063, 0.0012515850891372793]
INPUTS/tt_60s14yrs.txt loaded.
Initial parameters: [3.0e-6, 224.70078350937885, 3503.769437923291, 0.01, 0.01, 3.0e-6, 365.2563703225855, 3624.409438789842, 0.01, 0.01]
Initial chi-square: 110.10708740830943
New initial 2-planet fit: [2.328644257194934e-6, 224.70080287362032, 3503.7693761828277, -0.27017225072383483, -0.04100580412100311, 1.8796669521354628e-6, 365.256416762969, 3624.4091012367935, -0.2062467069047705, -0.031132638424058095] in 2 iterations.
New 2-planet chi-square: 73.31259838393026
Maximum: -77.30518443107557 Param: [2.328644257194934e-6, 224.70080287362032, 3503.7693761828277, -0.27017225072383483, -0.04100580412100311, 1.8796669521354628e-6, 365.256416762969, 3624.4091012367935, -0.2062467069047705, -0.031132638424058095]
INPUTS/tt_60s13yrs.txt loaded.
Initial parameters: [3.0e-6, 224.7008077404227, 3503.7692683059854, 0.01, 0.01, 3.0e-6, 365.25644287936774, 3624.409124377116, 0.01, 0.01]
Initial chi-square: 108.29799470427244
New initial 2-planet fit: [2.2095997340402502e-6, 224.70080381182095, 3503.769374802471, -0.33236964215706305, -0.03631776610440241, 1.7056931799599087e-6, 365.256383809143, 3624.409231927087, -0.25761159511276577, -0.028264983295724702] in 2 iterations.
New 2-planet chi-square: 71.02839387301394
Maximum: -72.4723550836266 Param: [2.2095999477288095e-6, 224.70080381182052, 3503.769374802466, -0.33236964458553736, -0.036317769043974206, 1.7056929416169305e-6, 365.25638380914387, 3624.4092319270917, -0.2576115923589046, -0.028264981239794176]
INPUTS/tt_60s12yrs.txt loaded.
Initial parameters: [3.0e-6, 224.7008133686539, 3503.7692257844847, 0.01, 0.01, 3.0e-6, 365.2562951242346, 3624.4097153976513, 0.01, 0.01]
Initial chi-square: 99.07940191658852
New initial 2-planet fit: [2.016247935983803e-6, 224.7007770912982, 3503.7695485975396, -0.3633915150398337, -0.01556562649877069, 1.703599110392404e-6, 365.2563519196682, 3624.4093743413946, -0.2833427914421875, -0.013257198556314425] in 2 iterations.
New 2-planet chi-square: 65.89343043964834
Maximum: -64.91460057386058 Param: [2.0162472950433994e-6, 224.70077709129714, 3503.7695485975396, -0.3633915107919298, -0.01556562328538993, 1.7035997231775246e-6, 365.256351919666, 3624.4093743413882, -0.2833427955575706, -0.013257201697804718]
INPUTS/tt_60s11yrs.txt loaded.
Initial parameters: [3.0e-6, 224.700721933193, 3503.7697582251335, 0.01, 0.01, 3.0e-6, 365.2562284993878, 3624.4099596887545, 0.01, 0.01]
Initial chi-square: 94.77906880532777
New initial 2-planet fit: [1.3821351720290259e-6, 224.70072392346827, 3503.7698587763507, -0.68339632733743, -0.0713781070436905, 1.0924390780628183e-6, 365.25629584539143, 3624.4095637252044, -0.5384710111329687, -0.055316363859684706] in 2 iterations.
New 2-planet chi-square: 51.30656638351855
Maximum: -55.12946241129863 Param: [1.3821351720290259e-6, 224.70072392346827, 3503.7698587763507, -0.68339632733743, -0.0713781070436905, 1.0924390780628183e-6, 365.25629584539143, 3624.4095637252044, -0.5384710111329687, -0.055316363859684706]
INPUTS/tt_60s10yrs.txt loaded.
Initial parameters: [3.0e-6, 224.70074552710943, 3503.7696323909136, 0.01, 0.01, 3.0e-6, 365.25617717520123, 3624.4101307693772, 0.01, 0.01]
Initial chi-square: 68.06041726810051
New initial 2-planet fit: [2.7939640423082802e-6, 224.70072476918122, 3503.7698169625273, -0.2601610066626668, -0.002987737508515609, 1.926658698351923e-6, 365.25611849244865, 3624.41017025871, -0.19526180117400063, 0.0012515850891372793] in 2 iterations.
New 2-planet chi-square: 25.49039803387247
Maximum: -42.09792383629588 Param: [2.7939640423082802e-6, 224.70072476918122, 3503.7698169625273, -0.2601610066626668, -0.002987737508515609, 1.926658698351923e-6, 365.25611849244865, 3624.41017025871, -0.19526180117400063, 0.0012515850891372793]
