args = ["Hpppp", "grid", "fromEMB", "100"]
FITS/fromEMB/p3_fit10s16yrs.jld2 loaded.
Previous model params: [2.605241162146587e-6, 224.7007974689124, 3503.7652212141625, 0.021596923306311674, 0.0028304195105746444, 3.1941637465649814e-6, 365.25642049699184, 3624.4024921191603, 0.030663571092608737, 0.003855778671471606, 0.0006950021943764336, 4346.469268526239, 4653.805941865755, 0.0024587974408968017, -0.07399266313061387]
Finished 4-planet fit w/ fixed period: [2.5218615141137784e-6, 224.70078664532045, 3503.7654071066386, 0.013441438991894593, 0.012973336407335912, 3.090691492196417e-6, 365.2562634860268, 3624.40391797033, 0.02320291123909024, 0.012608125143706904, 8.967445626740003e-6, 1243.2746229585787, 727.3122020488069, 0.22695585404115953, 0.11788072457814953, 0.0016873530889018513, 4923.719616729666, 4234.24531924899, 0.031943796277401064, -0.0412558436506824] in 2 iterations
New 4-planet chi-square: 54.368967284106965
Maximum: -83.9116642718476 Param: [2.541950674143348e-6, 224.7007876212937, 3503.7653957009225, 0.0146453018986248, 0.013480396961481358, 3.0985186561913566e-6, 365.25627107348663, 3624.403845764557, 0.02424911485441195, 0.0129668537095885, 9.137077387597159e-6, 1246.536416207727, 712.1507323743772, 0.22470918362499465, 0.11771997806513794, 0.001657140253454363, 4904.918286409312, 4234.330536308165, 0.034736071259140966, -0.04234141584974492]
FITS/fromEMB/p3_fit10s18yrs.jld2 loaded.
Previous model params: [2.5985959739298153e-6, 224.70078815706236, 3503.76530551398, 0.02571794304358879, 0.002081747519494031, 3.1820521652633913e-6, 365.25643073890063, 3624.402417265016, 0.03294806362556711, 0.0037593660421507517, 0.0006320299459585637, 4324.375829418418, 4659.631143612009, -0.008827412500019194, -0.08102190139971222]
Finished 4-planet fit w/ fixed period: [2.303425962063052e-6, 224.70079902855753, 3503.7648722767967, 0.010841708016198411, -0.007278541065763479, 3.0818222491505707e-6, 365.2564004906408, 3624.402681306509, 0.02132643057428613, -0.0026734520212723266, 3.510562197959084e-7, 665.4946347797944, 260.3332211360384, 0.17736497136592258, 0.02689509699347354, 0.0009370516831509276, 4348.06040936545, 4735.7815409094455, -0.00884360064009499, -0.05000486069265999] in 2 iterations
New 4-planet chi-square: 84.79234816955454
Maximum: -104.34482466460823 Param: [2.312833611800567e-6, 224.70079881752312, 3503.7648898611874, 0.011567239069994253, -0.0068634381846288065, 3.085693005552192e-6, 365.25640027664383, 3624.402683182677, 0.02188527684872213, -0.002343698198584489, 3.4632141304893197e-7, 665.2202187458754, 263.06987850578827, 0.17889214288456715, 0.026652358866045108, 0.0009204794769853959, 4349.432639748899, 4729.606828640642, -0.010276992292262109, -0.051472623722829514]
FITS/fromEMB/p3_fit10s20yrs.jld2 loaded.
Previous model params: [2.3475156916288337e-6, 224.70079087525633, 3503.765281963079, 0.012164968073670067, -0.001610188825754371, 3.120790069148907e-6, 365.2564500646686, 3624.4022746730448, 0.02205945822283019, 0.001094285499398455, 0.0007332233561847451, 4261.110525215339, 482.2898625567306, 0.014939192462571018, -0.062253203039721615]
Finished 4-planet fit w/ fixed period: [2.607628746902413e-6, 224.7007626699926, 3503.765627844497, -0.004842626224862954, 0.0008586657168833462, 3.0057428379070564e-6, 365.2564498194825, 3624.402235647875, 0.009225724038696282, 0.0035360690486770764, 3.770933681903166e-7, 676.3741434905032, 454.3495470704972, 0.09573512952293903, -0.14732368668872373, 0.0012071262875631922, 4291.589699735502, 374.78843320350376, 0.02844828974807456, -0.03380486200348703] in 2 iterations
New 4-planet chi-square: 95.61045287600462
Maximum: -118.56733599847153 Param: [2.6249260175189033e-6, 224.7007626483495, 3503.765658384501, -0.003966099233768341, 0.0013287911416692258, 3.013642675091588e-6, 365.2564490249131, 3624.4022448252617, 0.010006144485860392, 0.0038957888893354506, 3.6163580308722546e-7, 677.0069876595272, 448.0059977840311, 0.08585961842902337, -0.16258599862897619, 0.0011985416994674109, 4305.214611994547, 350.3852943716475, 0.028475777515958412, -0.03439190236515976]
FITS/fromEMB/p3_fit10s22yrs.jld2 loaded.
Previous model params: [2.4541562804265293e-6, 224.70078887712177, 3503.7653015428295, 0.014820146067152769, -0.00103688406421728, 3.167288501230669e-6, 365.2564601763008, 3624.4021865693126, 0.023740745391957103, 0.0015082175821904086, 0.0006742263154395162, 4201.47227886859, 4751.280218106891, 0.008890684543271833, -0.06988683485654608]
Finished 4-planet fit w/ fixed period: [2.560505709065371e-6, 224.70077088720785, 3503.765530490351, 0.0012296764612369322, 0.004163980598612559, 3.0753083550553718e-6, 365.2564572697619, 3624.4021892840174, 0.013915180553820704, 0.006069052827376751, 2.9125040997517306e-7, 682.4009461531797, 415.658583582666, 0.0036631087322945904, -0.18315755828719515, 0.001106787905918832, 4350.171841007559, 4639.382250030429, 0.02535632207839284, -0.03951685851215342] in 2 iterations
New 4-planet chi-square: 110.16965563543147
Maximum: -134.00761279533828 Param: [2.554826787469541e-6, 224.7007711944721, 3503.765529236618, 0.0013596672359161843, 0.004136152969491765, 3.076090261509664e-6, 365.25645724907065, 3624.402190177897, 0.014014771672588446, 0.006037284436009849, 2.879667210024269e-7, 682.576148226055, 414.24770484090607, 0.0015447640794730502, -0.18351774520761782, 0.0011021041671786696, 4351.29598995006, 4640.160843466508, 0.025216266782095393, -0.03944465487798169]
FITS/fromEMB/p3_fit10s24yrs.jld2 loaded.
Previous model params: [2.3754949812480183e-6, 224.70078072322602, 3503.7654005881254, 0.0017336386303846143, -0.00434190677244248, 3.0627779155623703e-6, 365.2564696847375, 3624.4021215902676, 0.014804221476708769, -0.0007870948638188663, 0.0009337029016101842, 4234.640228762211, 555.9604402164296, 0.03671721008525594, -0.0475592888973822]
Finished 4-planet fit w/ fixed period: [2.4695725269827697e-6, 224.70076710697285, 3503.765594144602, -0.0022195609258410065, 0.0020917533519451735, 3.0390062487709824e-6, 365.256457406381, 3624.4021994603563, 0.01181850051425491, 0.004551912023499482, 2.721691800731693e-7, 684.5831586961734, 397.31905590935315, -0.0340929995461394, -0.20395327105663588, 0.0012290190592516726, 4385.5973383214605, 264.37049634359386, 0.034851692891891134, -0.031589231892057465] in 2 iterations
New 4-planet chi-square: 139.11408262619543
Maximum: -155.4617715470544 Param: [2.4645304715671732e-6, 224.70076729897934, 3503.765594217376, -0.002094344726624557, 0.002052069027890199, 3.0396629259804406e-6, 365.2564572136, 3624.402201862587, 0.011904715655636788, 0.00451404121312795, 2.697958271727054e-7, 684.7300552114224, 396.23885838510375, -0.037233085925143496, -0.20375077424519458, 0.0012225223971835339, 4385.404406034547, 265.5094666200389, 0.03478097295363743, -0.03152529063102028]
FITS/fromEMB/p3_fit10s26yrs.jld2 loaded.
Previous model params: [2.310692653046432e-6, 224.70077736814983, 3503.7654523210967, 0.0038645395636684116, -0.004852139556585061, 3.072158374594534e-6, 365.2564614132814, 3624.402207598198, 0.016358401130078977, -0.0013263329327599343, 0.0009802035034495605, 4254.097486664456, 4811.468002471881, 0.04116985042572188, -0.03792604854018649]
Finished 4-planet fit w/ fixed period: [2.363376764983119e-6, 224.70077017192477, 3503.76556959762, -0.0004572993011014397, -0.0013962245384818057, 3.03993827538361e-6, 365.25646021372586, 3624.402179933605, 0.012666536328895773, 0.0019248800989020392, 2.4045928768723074e-7, 686.7898665060217, 388.36976156811943, -0.06917792368168443, -0.17803986030993502, 0.0011137044841700357, 4365.82765722409, 4693.60803702217, 0.03226639481859942, -0.033360991221784146] in 2 iterations
New 4-planet chi-square: 153.9405744365877
Maximum: -171.2432660204664 Param: [2.364659083331614e-6, 224.7007701121979, 3503.765569863909, -0.0004969988019761685, -0.0013862966466431643, 3.039707908224092e-6, 365.2564603060786, 3624.402178822028, 0.012637923187432608, 0.0019359474850192968, 2.4066084327007e-7, 686.7262895398696, 388.66291434315747, -0.06790920918198695, -0.1787667198163245, 0.0011157038617179667, 4366.229535459243, 4693.230401522072, 0.032269093479035796, -0.03337310216251628]
FITS/fromEMB/p3_fit10s28yrs.jld2 loaded.
Previous model params: [2.4284649482111277e-6, 224.700776518485, 3503.7654620283924, 0.004725297636051767, -0.0022473397587496665, 3.0718725614232828e-6, 365.2564509795936, 3624.402303874241, 0.017306617899040054, 0.0007620888269868313, 0.0008726512712952952, 4251.410805017048, 4810.961010658054, 0.02775990564934326, -0.03695081911498842]
Finished 4-planet fit w/ fixed period: [2.3272837467468233e-6, 224.7007729468934, 3503.765531977467, -0.0003190549380232375, -0.002115218848233832, 3.0354042749882188e-6, 365.2564583905756, 3624.4021918920507, 0.012737448811542505, 0.001345715300808539, 2.2084069101566993e-7, 687.9013208582992, 380.8099163141161, -0.07637770632611303, -0.17083443381074967, 0.0010707440670071138, 4342.241325342305, 4709.0312713585045, 0.0321696018538901, -0.03514024096073952] in 2 iterations
New 4-planet chi-square: 162.75189251132153
Maximum: -185.86628219145175 Param: [2.322680001000624e-6, 224.7007731070118, 3503.7655314149956, -0.00014744973410668334, -0.002157216860948441, 3.0363323471951235e-6, 365.2564581180684, 3624.4021959994047, 0.012863608095003237, 0.0012914732622064393, 2.2046879210913138e-7, 688.1662158535577, 379.6750875977205, -0.08169940933636068, -0.16758254209838852, 0.0010654651257528407, 4340.631543194261, 4710.685190156644, 0.03233761021208847, -0.0349814405397234]
FITS/fromEMB/p3_fit10s30yrs.jld2 loaded.
Previous model params: [2.4263365942434508e-6, 224.70077479638914, 3503.7654877582686, 0.004100659902357608, -0.0024594549628258367, 3.078783617326288e-6, 365.2564513102114, 3624.40229412918, 0.01653943750955923, 0.00045649075876543464, 0.0008651920378360226, 4240.8571831275685, 579.0001446529319, 0.02600683311022419, -0.03723733222365487]
Finished 4-planet fit w/ fixed period: [2.3338897526256697e-6, 224.70077252601874, 3503.7655376249204, -0.0007259037655799713, -0.0019310660412254763, 3.0303683888910134e-6, 365.2564578952374, 3624.402192808403, 0.012271636592841034, 0.0014406096354339394, 2.270350296107437e-7, 687.9013208582992, 382.62175088997674, -0.0783024476116946, -0.16642942392557272, 0.0010791587530672713, 4337.64754824936, 370.6684868610309, 0.0327520590570218, -0.035518142823914564] in 2 iterations
New 4-planet chi-square: 165.2550135544076
Maximum: -199.1921028817707 Param: [2.333305668275201e-6, 224.70077254869375, 3503.765538181919, -0.0006314150188854751, -0.0019494084752827478, 3.031126287865534e-6, 365.2564578335154, 3624.402194276811, 0.01234165987954674, 0.0014173217336457228, 2.2752861243908364e-7, 687.9953458138342, 382.31486709060897, -0.08042543122468832, -0.16483880899012607, 0.0010766811033034475, 4337.499826086052, 371.2248840898302, 0.03274807378287842, -0.03544768501324905]
FITS/fromEMB/p3_fit30s16yrs.jld2 loaded.
Previous model params: [2.60524669338272e-6, 224.7007974689347, 3503.7652212132775, 0.021597343627721602, 0.0028305309805019695, 3.1941656810938993e-6, 365.25642049752395, 3624.402492113161, 0.03066387727000725, 0.003855846999523183, 0.0006949942023846298, 4346.462973008785, 4653.8070072114315, 0.0024578562745728003, -0.07399359153213336]
Finished 4-planet fit w/ fixed period: [2.5218568623120083e-6, 224.70078664516998, 3503.7654071090906, 0.013441080843244196, 0.012973303435513029, 3.0906884746183385e-6, 365.2562634830107, 3624.403917996084, 0.023202605445679293, 0.012608119176031581, 8.967602265125127e-6, 1243.2746229585787, 727.3124051470988, 0.22695756040343706, 0.11787893666362644, 0.0016873840914868263, 4923.724654334575, 4234.240489415852, 0.031944607726920995, -0.04125527627347952] in 2 iterations
New 4-planet chi-square: 6.04099636073659
Maximum: -37.76994813331126 Param: [2.5419499938823556e-6, 224.70078762140935, 3503.7653956994905, 0.01464538577465691, 0.013480281278977789, 3.098519772134336e-6, 365.2562710744195, 3624.4038457559823, 0.02424920304218303, 0.012966763611807168, 9.137151867765648e-6, 1246.536734323746, 712.1485559259842, 0.22470857091629037, 0.11771664290061314, 0.0016571390397662371, 4904.915811470663, 4234.332974652041, 0.034736358809892585, -0.042341349127724054]
FITS/fromEMB/p3_fit30s18yrs.jld2 loaded.
Previous model params: [2.598596248057121e-6, 224.700788157083, 3503.765305513828, 0.025718113130933983, 0.0020814725325969206, 3.1820533256080214e-6, 365.25643073916416, 3624.402417262833, 0.03294820331522251, 0.0037591474617605877, 0.0006320285177638557, 4324.374394637797, 4659.634558295884, -0.008827934203030272, -0.08102153083480756]
Finished 4-planet fit w/ fixed period: [2.303441195753114e-6, 224.7007990275559, 3503.7648722952476, 0.010842069458738468, -0.007278710143306649, 3.081824579188934e-6, 365.25640049081494, 3624.402681304601, 0.021326720008963948, -0.0026736170368694976, 3.510532718040652e-7, 665.4946347797944, 260.3339355432575, 0.17736160699486753, 0.026899828006759878, 0.000937043882062684, 4348.0624879558045, 4735.781401117608, -0.00884426306460301, -0.050005260958053674] in 2 iterations
New 4-planet chi-square: 9.421372001589235
Maximum: -52.710047054179505 Param: [2.312832201912902e-6, 224.70079881758446, 3503.764889853419, 0.011566399714882563, -0.0068633209854483965, 3.085688610013205e-6, 365.2564002757405, 3624.40268319119, 0.021884642392330733, -0.0023435925050952293, 3.463361415161453e-7, 665.2203976271616, 263.067962816197, 0.17888151959348703, 0.026662725037006767, 0.000920498549749131, 4349.435868437252, 4729.606727205905, -0.010275331986354861, -0.051471097014238035]
FITS/fromEMB/p3_fit30s20yrs.jld2 loaded.
Previous model params: [2.347519778315019e-6, 224.70079087541586, 3503.7652819610316, 0.012165751026092715, -0.0016104499555632482, 3.1207950647694673e-6, 365.25645006537576, 3624.402274665042, 0.022060081903987564, 0.001094065740696436, 0.0007332108924389149, 4261.101023138865, 482.3109418018431, 0.014937420727959757, -0.06225320296139821]
Finished 4-planet fit w/ fixed period: [2.607619758573196e-6, 224.70076267020877, 3503.76562781271, -0.004842546165719739, 0.000858914413268803, 3.0057441330124452e-6, 365.256449819405, 3624.4022356482424, 0.009225774404522291, 0.0035362447160956424, 3.770814408366671e-7, 676.3741434905032, 454.34809228265823, 0.09575135752780475, -0.14731823012512757, 0.001207122726730557, 4291.589967043734, 374.7889728420272, 0.02844798831728591, -0.03380435414180432] in 2 iterations
New 4-planet chi-square: 10.623383653992889
Maximum: -61.439496990430534 Param: [2.6249320784866765e-6, 224.7007626482272, 3503.765658392973, -0.003965976727741953, 0.0013288159764075725, 3.0136436406286515e-6, 365.2564490247952, 3624.402244827126, 0.010006254250088805, 0.0038958078484063585, 3.6164259087894245e-7, 677.0070669124499, 448.0065941380606, 0.08584901544609345, -0.16258841239967026, 0.0011985436789951954, 4305.216439689074, 350.3825246479017, 0.02847584286514354, -0.03439210475367455]
FITS/fromEMB/p3_fit30s22yrs.jld2 loaded.
Previous model params: [2.4541599543129206e-6, 224.70078887716164, 3503.765301542272, 0.014820298675895847, -0.0010363763649094446, 3.1672893933910553e-6, 365.2564601762408, 3624.4021865711047, 0.023740859877881562, 0.0015086096366264594, 0.0006742251870342455, 4201.474158475559, 549.8012633942856, 0.008890701259393879, -0.06988727352221895]
Finished 4-planet fit w/ fixed period: [2.5605018306776856e-6, 224.7007708874378, 3503.7655304872515, 0.0012297185444335424, 0.004163669102371654, 3.075308968492516e-6, 365.2564572698874, 3624.4021892818223, 0.01391521865255929, 0.006068806118746167, 2.9125123327281527e-7, 682.4009461531797, 415.6585215254357, 0.0036678030600923095, -0.18315425623735843, 0.0011067860709353906, 4350.169984086893, 289.2171418360519, 0.025356041927246914, -0.039516796638993705] in 2 iterations
New 4-planet chi-square: 12.24107284561645
Maximum: -71.38671233481887 Param: [2.554832866230372e-6, 224.70077119372678, 3503.7655292498634, 0.0013597256429608347, 0.0041368334361978855, 3.07609030476372e-6, 365.25645724850517, 3624.4021901857805, 0.014014826108853809, 0.006037814298767096, 2.879622324591363e-7, 682.5762421818782, 414.2459885919008, 0.0015363860522546273, -0.18352734499462076, 0.0011021090780424989, 4351.301503086132, 288.8498491535727, 0.025216906229768025, -0.03944415674632177]
FITS/fromEMB/p3_fit30s24yrs.jld2 loaded.
Previous model params: [2.3754946255503044e-6, 224.70078072325433, 3503.765400587576, 0.00173337363423556, -0.00434167573309443, 3.062776059170257e-6, 365.25646968473114, 3624.4021215904722, 0.014804009443350476, -0.0007869038137007278, 0.0009337055868221238, 4234.640913553012, 555.9569030816659, 0.03671743254191692, -0.047559349765320856]
Finished 4-planet fit w/ fixed period: [2.4695724740818182e-6, 224.70076710700033, 3503.765594145087, -0.0022193941078820023, 0.002091544428729111, 3.0390072204795206e-6, 365.25645740651737, 3624.402199458779, 0.011818628196195655, 0.004551743613204685, 2.7217595023277505e-7, 684.5831586961734, 397.3214749243297, -0.034097583355968, -0.2039458779224944, 0.001229012202244671, 4385.594533777457, 264.3777698461106, 0.03485152622412191, -0.031589440041117633] in 2 iterations
New 4-planet chi-square: 15.457120280635555
Maximum: -86.24919733821255 Param: [2.4645429385045313e-6, 224.70076729836455, 3503.7655942236147, -0.002094477853689345, 0.0020528194593406298, 3.0396622845253623e-6, 365.25645721335076, 3624.4022018662463, 0.011904622318629548, 0.004514627246217902, 2.69798009938139e-7, 684.7298846507197, 396.2390598558004, -0.037231614131632895, -0.2037560302876835, 0.0012225353213607564, 4385.409982557182, 265.4935914150411, 0.034781086530356706, -0.03152509045419531]
FITS/fromEMB/p3_fit30s26yrs.jld2 loaded.
Previous model params: [2.31069522253799e-6, 224.70077736816194, 3503.765452320775, 0.003864662532718638, -0.004852012374986072, 3.0721588572559455e-6, 365.2564614132735, 3624.4022075983157, 0.016358487643853354, -0.0013262351995551038, 0.000980200598841969, 4254.097509757243, 4811.466037663384, 0.04116969812224722, -0.037926399724467874]
Finished 4-planet fit w/ fixed period: [2.363376346651858e-6, 224.7007701718869, 3503.76556959812, -0.0004573395287326499, -0.001396105118645675, 3.0399380221421355e-6, 365.2564602137083, 3624.402179934432, 0.012666497531255611, 0.001924965378155796, 2.404584124276558e-7, 686.7898665060217, 388.3700453010528, -0.06918086498251573, -0.178040846209846, 0.0011137048003118264, 4365.828403865103, 4693.60676114716, 0.03226640518562513, -0.033360928365892446] in 2 iterations
New 4-planet chi-square: 17.104508279031926
Maximum: -96.53763040753344 Param: [2.364657634833921e-6, 224.7007701123776, 3503.765569862907, -0.0004968905825530864, -0.0013862971815801753, 3.039708494676627e-6, 365.25646030578446, 3624.4021788248956, 0.012638003357449116, 0.001935945031489338, 2.4066205853992213e-7, 686.726449177804, 388.66177188855687, -0.06790852923956, -0.1787634574546355, 0.001115698498052546, 4366.228758382892, 4693.2301965508095, 0.03226898734750284, -0.03337327323364789]
FITS/fromEMB/p3_fit30s28yrs.jld2 loaded.
Previous model params: [2.4284580996613937e-6, 224.7007765184849, 3503.7654620285425, 0.004724747317349403, -0.0022475172141494656, 3.071869357801131e-6, 365.25645097966907, 3624.4023038725945, 0.01730619365850005, 0.0007619709756880966, 0.000872661713493155, 4251.409627784521, 4810.964110196345, 0.027761047706287133, -0.03695018244625709]
Finished 4-planet fit w/ fixed period: [2.3272852924936183e-6, 224.70077294691706, 3503.765531977006, -0.0003189233720423026, -0.0021152821494705345, 3.0354052618956066e-6, 365.2564583905814, 3624.4021918911767, 0.0127375619386241, 0.0013456589195970804, 2.2084085681933142e-7, 687.9013208582992, 380.8088775495106, -0.07637229932171188, -0.1708346520749702, 0.0010707412774760311, 4342.241779648779, 4709.031937549908, 0.032169228467376625, -0.03514029537241264] in 2 iterations
New 4-planet chi-square: 18.083543619195186
Maximum: -105.66758513245769 Param: [2.3226749185660243e-6, 224.70077310722766, 3503.7655314130534, -0.00014718603690682004, -0.0021574655844258253, 3.036334157011338e-6, 365.2564581178809, 3624.402196002243, 0.012863818731508804, 0.0012912381370637322, 2.2046217015265883e-7, 688.1664770718213, 379.67225357120003, -0.081702634100233, -0.16758511862419362, 0.0010654562821760536, 4340.629358945278, 4710.6898724838975, 0.032337323638569, -0.03498113224595457]
FITS/fromEMB/p3_fit30s30yrs.jld2 loaded.
Previous model params: [2.4263432013037573e-6, 224.70077479636058, 3503.765487758509, 0.0041008069696904376, -0.002458456552285183, 3.0787846311851867e-6, 365.2564513097104, 3624.4022941369058, 0.016539532028327742, 0.0004572931714993015, 0.0008651915771301092, 4240.862155234881, 578.9790669210242, 0.02600702751965502, -0.037238545356141434]
Finished 4-planet fit w/ fixed period: [2.333889832043567e-6, 224.7007725259861, 3503.765537625726, -0.0007258424991681487, -0.0019311008310872672, 3.030368489218699e-6, 365.2564578951378, 3624.4021928100706, 0.012271676238432732, 0.0014405763186526252, 2.2703891118347546e-7, 687.9013208582992, 382.62330125696593, -0.07830586432139645, -0.16642631954573014, 0.0010791566461564692, 4337.6476240532975, 370.668011121137, 0.03275190842300973, -0.03551826283977397] in 2 iterations
New 4-planet chi-square: 18.36166812947192
Maximum: -113.50034427381672 Param: [2.3333047007578237e-6, 224.70077254887434, 3503.7655381774007, -0.0006312525251391721, -0.001949969303217028, 3.0311276584337857e-6, 365.25645783397476, 3624.4021942699974, 0.0123418145781188, 0.0014168423318145964, 2.2751490310941376e-7, 687.9953167323054, 382.3127282652229, -0.08042431429543756, -0.16484962493831015, 0.001076672981916309, 4337.49549848485, 371.2391906601335, 0.032747337355332744, -0.03544732031085843]
FITS/fromEMB/p3_fit60s16yrs.jld2 loaded.
Previous model params: [2.60524669338272e-6, 224.7007974689347, 3503.7652212132775, 0.021597343627721602, 0.0028305309805019695, 3.1941656810938993e-6, 365.25642049752395, 3624.402492113161, 0.03066387727000725, 0.003855846999523183, 0.0006949942023846298, 4346.462973008785, 4653.8070072114315, 0.0024578562745728003, -0.07399359153213336]
Finished 4-planet fit w/ fixed period: [2.521859291495491e-6, 224.70078664527853, 3503.765407107273, 0.013441274197524396, 0.012973235653477142, 3.0906902293307146e-6, 365.2562634849608, 3624.4039179792403, 0.023202772316727346, 0.012608059716630024, 8.96749851872492e-6, 1243.2746229585787, 727.3123091174386, 0.22695661140366433, 0.1178800123694053, 0.0016873659719306195, 4923.720241459497, 4234.244849413275, 0.031944182006106034, -0.04125554563591131] in 2 iterations
New 4-planet chi-square: 1.5102490906385513
Maximum: -8.65776655611204 Param: [2.5419537890144495e-6, 224.70078762135122, 3503.765395700291, 0.014645385047900777, 0.013480361395861238, 3.0985192014919594e-6, 365.25627107397827, 3624.403845760205, 0.02424919537743514, 0.01296682645632461, 9.13709422681635e-6, 1246.5365925312528, 712.1499186630409, 0.2247077806844782, 0.11772137202617529, 0.0016571388741526657, 4904.917779574766, 4234.331128679498, 0.03473621792518553, -0.0423414331747077]
FITS/fromEMB/p3_fit60s18yrs.jld2 loaded.
Previous model params: [2.598596248057121e-6, 224.700788157083, 3503.765305513828, 0.025718113130933983, 0.0020814725325969206, 3.1820533256080214e-6, 365.25643073916416, 3624.402417262833, 0.03294820331522251, 0.0037591474617605877, 0.0006320285177638557, 4324.374394637797, 4659.634558295884, -0.008827934203030272, -0.08102153083480756]
Finished 4-planet fit w/ fixed period: [2.303441195753114e-6, 224.7007990275559, 3503.7648722952476, 0.010842069458738468, -0.007278710143306649, 3.081824579188934e-6, 365.25640049081494, 3624.402681304601, 0.021326720008963948, -0.0026736170368694976, 3.510532718040652e-7, 665.4946347797944, 260.3339355432575, 0.17736160699486753, 0.026899828006759878, 0.000937043882062684, 4348.0624879558045, 4735.781401117608, -0.00884426306460301, -0.050005260958053674] in 2 iterations
New 4-planet chi-square: 2.355343000397309
Maximum: -20.13212956786208 Param: [2.312832201912902e-6, 224.70079881758446, 3503.764889853419, 0.011566399714882563, -0.0068633209854483965, 3.085688610013205e-6, 365.2564002757405, 3624.40268319119, 0.021884642392330733, -0.0023435925050952293, 3.463361415161453e-7, 665.2203976271616, 263.067962816197, 0.17888151959348703, 0.026662725037006767, 0.000920498549749131, 4349.435868437252, 4729.606727205905, -0.010275331986354861, -0.051471097014238035]
FITS/fromEMB/p3_fit60s20yrs.jld2 loaded.
Previous model params: [2.347519778315019e-6, 224.70079087541586, 3503.7652819610316, 0.012165751026092715, -0.0016104499555632482, 3.1207950647694673e-6, 365.25645006537576, 3624.402274665042, 0.022060081903987564, 0.001094065740696436, 0.0007332108924389149, 4261.101023138865, 482.3109418018431, 0.014937420727959757, -0.06225320296139821]
Finished 4-planet fit w/ fixed period: [2.607619758573196e-6, 224.70076267020877, 3503.76562781271, -0.004842546165719739, 0.000858914413268803, 3.0057441330124452e-6, 365.256449819405, 3624.4022356482424, 0.009225774404522291, 0.0035362447160956424, 3.770814408366671e-7, 676.3741434905032, 454.34809228265823, 0.09575135752780475, -0.14731823012512757, 0.001207122726730557, 4291.589967043734, 374.7889728420272, 0.02844798831728591, -0.03380435414180432] in 2 iterations
New 4-planet chi-square: 2.655845913498222
Maximum: -25.395843601313373 Param: [2.6249320784866765e-6, 224.7007626482272, 3503.765658392973, -0.003965976727741953, 0.0013288159764075725, 3.0136436406286515e-6, 365.2564490247952, 3624.402244827126, 0.010006254250088805, 0.0038958078484063585, 3.6164259087894245e-7, 677.0070669124499, 448.0065941380606, 0.08584901544609345, -0.16258841239967026, 0.0011985436789951954, 4305.216439689074, 350.3825246479017, 0.02847584286514354, -0.03439210475367455]
FITS/fromEMB/p3_fit60s22yrs.jld2 loaded.
Previous model params: [2.4541599543129206e-6, 224.70078887716164, 3503.765301542272, 0.014820298675895847, -0.0010363763649094446, 3.1672893933910553e-6, 365.2564601762408, 3624.4021865711047, 0.023740859877881562, 0.0015086096366264594, 0.0006742251870342455, 4201.474158475559, 549.8012633942856, 0.008890701259393879, -0.06988727352221895]
Finished 4-planet fit w/ fixed period: [2.5605018306776856e-6, 224.7007708874378, 3503.7655304872515, 0.0012297185444335424, 0.004163669102371654, 3.075308968492516e-6, 365.2564572698874, 3624.4021892818223, 0.01391521865255929, 0.006068806118746167, 2.9125123327281527e-7, 682.4009461531797, 415.6585215254357, 0.0036678030600923095, -0.18315425623735843, 0.0011067860709353906, 4350.169984086893, 289.2171418360519, 0.025356041927246914, -0.039516796638993705] in 2 iterations
New 4-planet chi-square: 3.0602682114041126
Maximum: -31.87732304290198 Param: [2.554832866230372e-6, 224.70077119372678, 3503.7655292498634, 0.0013597256429608347, 0.0041368334361978855, 3.07609030476372e-6, 365.25645724850517, 3624.4021901857805, 0.014014826108853809, 0.006037814298767096, 2.879622324591363e-7, 682.5762421818782, 414.2459885919008, 0.0015363860522546273, -0.18352734499462076, 0.0011021090780424989, 4351.301503086132, 288.8498491535727, 0.025216906229768025, -0.03944415674632177]
FITS/fromEMB/p3_fit60s24yrs.jld2 loaded.
Previous model params: [2.3754946255503044e-6, 224.70078072325433, 3503.765400587576, 0.00173337363423556, -0.00434167573309443, 3.062776059170257e-6, 365.25646968473114, 3624.4021215904722, 0.014804009443350476, -0.0007869038137007278, 0.0009337055868221238, 4234.640913553012, 555.9569030816659, 0.03671743254191692, -0.047559349765320856]
Finished 4-planet fit w/ fixed period: [2.4695724740818182e-6, 224.70076710700033, 3503.765594145087, -0.0022193941078820023, 0.002091544428729111, 3.0390072204795206e-6, 365.25645740651737, 3624.402199458779, 0.011818628196195655, 0.004551743613204685, 2.7217595023277505e-7, 684.5831586961734, 397.3214749243297, -0.034097583355968, -0.2039458779224944, 0.001229012202244671, 4385.594533777457, 264.3777698461106, 0.03485152622412191, -0.031589440041117633] in 2 iterations
New 4-planet chi-square: 3.864280070158889
Maximum: -42.580924962936 Param: [2.4645429385045313e-6, 224.70076729836455, 3503.7655942236147, -0.002094477853689345, 0.0020528194593406298, 3.0396622845253623e-6, 365.25645721335076, 3624.4022018662463, 0.011904622318629548, 0.004514627246217902, 2.69798009938139e-7, 684.7298846507197, 396.2390598558004, -0.037231614131632895, -0.2037560302876835, 0.0012225353213607564, 4385.409982557182, 265.4935914150411, 0.034781086530356706, -0.03152509045419531]
FITS/fromEMB/p3_fit60s26yrs.jld2 loaded.
Previous model params: [2.31069522253799e-6, 224.70077736816194, 3503.765452320775, 0.003864662532718638, -0.004852012374986072, 3.0721588572559455e-6, 365.2564614132735, 3624.4022075983157, 0.016358487643853354, -0.0013262351995551038, 0.000980200598841969, 4254.097509757243, 4811.466037663384, 0.04116969812224722, -0.037926399724467874]
Finished 4-planet fit w/ fixed period: [2.363376346651858e-6, 224.7007701718869, 3503.76556959812, -0.0004573395287326499, -0.001396105118645675, 3.0399380221421355e-6, 365.2564602137083, 3624.402179934432, 0.012666497531255611, 0.001924965378155796, 2.404584124276558e-7, 686.7898665060217, 388.3700453010528, -0.06918086498251573, -0.178040846209846, 0.0011137048003118264, 4365.828403865103, 4693.60676114716, 0.03226640518562513, -0.033360928365892446] in 2 iterations
New 4-planet chi-square: 4.276127069757981
Maximum: -49.403622129457155 Param: [2.364657634833921e-6, 224.7007701123776, 3503.765569862907, -0.0004968905825530864, -0.0013862971815801753, 3.039708494676627e-6, 365.25646030578446, 3624.4021788248956, 0.012638003357449116, 0.001935945031489338, 2.4066205853992213e-7, 686.726449177804, 388.66177188855687, -0.06790852923956, -0.1787634574546355, 0.001115698498052546, 4366.228758382892, 4693.2301965508095, 0.03226898734750284, -0.03337327323364789]
FITS/fromEMB/p3_fit60s28yrs.jld2 loaded.
Previous model params: [2.4284580996613937e-6, 224.7007765184849, 3503.7654620285425, 0.004724747317349403, -0.0022475172141494656, 3.071869357801131e-6, 365.25645097966907, 3624.4023038725945, 0.01730619365850005, 0.0007619709756880966, 0.000872661713493155, 4251.409627784521, 4810.964110196345, 0.027761047706287133, -0.03695018244625709]
Finished 4-planet fit w/ fixed period: [2.3272852924936183e-6, 224.70077294691706, 3503.765531977006, -0.0003189233720423026, -0.0021152821494705345, 3.0354052618956066e-6, 365.2564583905814, 3624.4021918911767, 0.0127375619386241, 0.0013456589195970804, 2.2084085681933142e-7, 687.9013208582992, 380.8088775495106, -0.07637229932171188, -0.1708346520749702, 0.0010707412774760311, 4342.241779648779, 4709.031937549908, 0.032169228467376625, -0.03514029537241264] in 2 iterations
New 4-planet chi-square: 4.520885904798797
Maximum: -55.06784095158169 Param: [2.3226749185660243e-6, 224.70077310722766, 3503.7655314130534, -0.00014718603690682004, -0.0021574655844258253, 3.036334157011338e-6, 365.2564581178809, 3624.402196002243, 0.012863818731508804, 0.0012912381370637322, 2.2046217015265883e-7, 688.1664770718213, 379.67225357120003, -0.081702634100233, -0.16758511862419362, 0.0010654562821760536, 4340.629358945278, 4710.6898724838975, 0.032337323638569, -0.03498113224595457]
FITS/fromEMB/p3_fit60s30yrs.jld2 loaded.
Previous model params: [2.4263432013037573e-6, 224.70077479636058, 3503.765487758509, 0.0041008069696904376, -0.002458456552285183, 3.0787846311851867e-6, 365.2564513097104, 3624.4022941369058, 0.016539532028327742, 0.0004572931714993015, 0.0008651915771301092, 4240.862155234881, 578.9790669210242, 0.02600702751965502, -0.037238545356141434]
Finished 4-planet fit w/ fixed period: [2.333889832043567e-6, 224.7007725259861, 3503.765537625726, -0.0007258424991681487, -0.0019311008310872672, 3.030368489218699e-6, 365.2564578951378, 3624.4021928100706, 0.012271676238432732, 0.0014405763186526252, 2.2703891118347546e-7, 687.9013208582992, 382.62330125696593, -0.07830586432139645, -0.16642631954573014, 0.0010791566461564692, 4337.6476240532975, 370.668011121137, 0.03275190842300973, -0.03551826283977397] in 2 iterations
New 4-planet chi-square: 4.59041703236798
Maximum: -59.43486419014098 Param: [2.3333047007578237e-6, 224.70077254887434, 3503.7655381774007, -0.0006312525251391721, -0.001949969303217028, 3.0311276584337857e-6, 365.25645783397476, 3624.4021942699974, 0.0123418145781188, 0.0014168423318145964, 2.2751490310941376e-7, 687.9953167323054, 382.3127282652229, -0.08042431429543756, -0.16484962493831015, 0.001076672981916309, 4337.49549848485, 371.2391906601335, 0.032747337355332744, -0.03544732031085843]
FITS/fromEMB/p3_fit80s16yrs.jld2 loaded.
Previous model params: [2.605241162146587e-6, 224.7007974689124, 3503.7652212141625, 0.021596923306311674, 0.0028304195105746444, 3.1941637465649814e-6, 365.25642049699184, 3624.4024921191603, 0.030663571092608737, 0.003855778671471606, 0.0006950021943764336, 4346.469268526239, 4653.805941865755, 0.0024587974408968017, -0.07399266313061387]
Finished 4-planet fit w/ fixed period: [2.5218599259917648e-6, 224.70078664531417, 3503.765407106664, 0.013441238716173299, 0.012973198430646166, 3.090690401923398e-6, 365.2562634852964, 3624.4039179762026, 0.023202758187398954, 0.012608031840579103, 8.967546132508172e-6, 1243.2746229585787, 727.3118673984039, 0.22695495721762954, 0.117878946861387, 0.00168736401830521, 4923.719266728, 4234.246058907572, 0.03194413132999895, -0.041255546153971624] in 2 iterations
New 4-planet chi-square: 0.8495151132413428
Maximum: 3.4248804928658174 Param: [2.5419546228070567e-6, 224.70078762139084, 3503.7653956993445, 0.014645343475012043, 0.013480389903934183, 3.0985193854958065e-6, 365.2562710747906, 3624.4038457529546, 0.024249168798633827, 0.012966845510951699, 9.13707741750873e-6, 1246.5365082142607, 712.15007511188, 0.22470620865341273, 0.11772104901328088, 0.001657129707106092, 4904.915022794973, 4234.332857427777, 0.03473593820307386, -0.04234160269678493]
FITS/fromEMB/p3_fit80s18yrs.jld2 loaded.
Previous model params: [2.5985959739298153e-6, 224.70078815706236, 3503.76530551398, 0.02571794304358879, 0.002081747519494031, 3.1820521652633913e-6, 365.25643073890063, 3624.402417265016, 0.03294806362556711, 0.0037593660421507517, 0.0006320299459585637, 4324.375829418418, 4659.631143612009, -0.008827412500019194, -0.08102190139971222]
Finished 4-planet fit w/ fixed period: [2.303425962063052e-6, 224.70079902855753, 3503.7648722767967, 0.010841708016198411, -0.007278541065763479, 3.0818222491505707e-6, 365.2564004906408, 3624.402681306509, 0.02132643057428613, -0.0026734520212723266, 3.510562197959084e-7, 665.4946347797944, 260.3332211360384, 0.17736497136592258, 0.02689509699347354, 0.0009370516831509276, 4348.06040936545, 4735.7815409094455, -0.00884360064009499, -0.05000486069265999] in 2 iterations
New 4-planet chi-square: 1.3248804401492897
Maximum: -6.611072205655935 Param: [2.312833611800567e-6, 224.70079881752312, 3503.7648898611874, 0.011567239069994253, -0.0068634381846288065, 3.085693005552192e-6, 365.25640027664383, 3624.402683182677, 0.02188527684872213, -0.002343698198584489, 3.4632141304893197e-7, 665.2202187458754, 263.06987850578827, 0.17889214288456715, 0.026652358866045108, 0.0009204794769853959, 4349.432639748899, 4729.606828640642, -0.010276992292262109, -0.051472623722829514]
FITS/fromEMB/p3_fit80s20yrs.jld2 loaded.
Previous model params: [2.3475156916288337e-6, 224.70079087525633, 3503.765281963079, 0.012164968073670067, -0.001610188825754371, 3.120790069148907e-6, 365.2564500646686, 3624.4022746730448, 0.02205945822283019, 0.001094285499398455, 0.0007332233561847451, 4261.110525215339, 482.2898625567306, 0.014939192462571018, -0.062253203039721615]
Finished 4-planet fit w/ fixed period: [2.607628746902413e-6, 224.7007626699926, 3503.765627844497, -0.004842626224862954, 0.0008586657168833462, 3.0057428379070564e-6, 365.2564498194825, 3624.402235647875, 0.009225724038696282, 0.0035360690486770764, 3.770933681903166e-7, 676.3741434905032, 454.3495470704972, 0.09573512952293903, -0.14732368668872373, 0.0012071262875631922, 4291.589699735502, 374.78843320350376, 0.02844828974807456, -0.03380486200348703] in 2 iterations
New 4-planet chi-square: 1.493913326187572
Maximum: -10.436375831120072 Param: [2.6249260175189033e-6, 224.7007626483495, 3503.765658384501, -0.003966099233768341, 0.0013287911416692258, 3.013642675091588e-6, 365.2564490249131, 3624.4022448252617, 0.010006144485860392, 0.0038957888893354506, 3.6163580308722546e-7, 677.0069876595272, 448.0059977840311, 0.08585961842902337, -0.16258599862897619, 0.0011985416994674109, 4305.214611994547, 350.3852943716475, 0.028475777515958412, -0.03439190236515976]
FITS/fromEMB/p3_fit80s22yrs.jld2 loaded.
Previous model params: [2.4541562804265293e-6, 224.70078887712177, 3503.7653015428295, 0.014820146067152769, -0.00103688406421728, 3.167288501230669e-6, 365.2564601763008, 3624.4021865693126, 0.023740745391957103, 0.0015082175821904086, 0.0006742263154395162, 4201.47227886859, 4751.280218106891, 0.008890684543271833, -0.06988683485654608]
Finished 4-planet fit w/ fixed period: [2.560505709065371e-6, 224.70077088720785, 3503.765530490351, 0.0012296764612369322, 0.004163980598612559, 3.0753083550553718e-6, 365.2564572697619, 3624.4021892840174, 0.013915180553820704, 0.006069052827376751, 2.9125040997517306e-7, 682.4009461531797, 415.658583582666, 0.0036631087322945904, -0.18315755828719515, 0.001106787905918832, 4350.171841007559, 4639.382250030429, 0.02535632207839284, -0.03951685851215342] in 2 iterations
New 4-planet chi-square: 1.7214008693036167
Maximum: -15.479444919587616 Param: [2.554826787469541e-6, 224.7007711944721, 3503.765529236618, 0.0013596672359161843, 0.004136152969491765, 3.076090261509664e-6, 365.25645724907065, 3624.402190177897, 0.014014771672588446, 0.006037284436009849, 2.879667210024269e-7, 682.576148226055, 414.24770484090607, 0.0015447640794730502, -0.18351774520761782, 0.0011021041671786696, 4351.29598995006, 4640.160843466508, 0.025216266782095393, -0.03944465487798169]
FITS/fromEMB/p3_fit80s24yrs.jld2 loaded.
Previous model params: [2.3754949812480183e-6, 224.70078072322602, 3503.7654005881254, 0.0017336386303846143, -0.00434190677244248, 3.0627779155623703e-6, 365.2564696847375, 3624.4021215902676, 0.014804221476708769, -0.0007870948638188663, 0.0009337029016101842, 4234.640228762211, 555.9604402164296, 0.03671721008525594, -0.0475592888973822]
Finished 4-planet fit w/ fixed period: [2.4695725269827697e-6, 224.70076710697285, 3503.765594144602, -0.0022195609258410065, 0.0020917533519451735, 3.0390062487709824e-6, 365.256457406381, 3624.4021994603563, 0.01181850051425491, 0.004551912023499482, 2.721691800731693e-7, 684.5831586961734, 397.31905590935315, -0.0340929995461394, -0.20395327105663588, 0.0012290190592516726, 4385.5973383214605, 264.37049634359386, 0.034851692891891134, -0.031589231892057465] in 2 iterations
New 4-planet chi-square: 2.1736575410343035
Maximum: -24.456954421224744 Param: [2.4645304715671732e-6, 224.70076729897934, 3503.765594217376, -0.002094344726624557, 0.002052069027890199, 3.0396629259804406e-6, 365.2564572136, 3624.402201862587, 0.011904715655636788, 0.00451404121312795, 2.697958271727054e-7, 684.7300552114224, 396.23885838510375, -0.037233085925143496, -0.20375077424519458, 0.0012225223971835339, 4385.404406034547, 265.5094666200389, 0.03478097295363743, -0.03152529063102028]
FITS/fromEMB/p3_fit80s26yrs.jld2 loaded.
Previous model params: [2.310692653046432e-6, 224.70077736814983, 3503.7654523210967, 0.0038645395636684116, -0.004852139556585061, 3.072158374594534e-6, 365.2564614132814, 3624.402207598198, 0.016358401130078977, -0.0013263329327599343, 0.0009802035034495605, 4254.097486664456, 4811.468002471881, 0.04116985042572188, -0.03792604854018649]
Finished 4-planet fit w/ fixed period: [2.363376764983119e-6, 224.70077017192477, 3503.76556959762, -0.0004572993011014397, -0.0013962245384818057, 3.03993827538361e-6, 365.25646021372586, 3624.402179933605, 0.012666536328895773, 0.0019248800989020392, 2.4045928768723074e-7, 686.7898665060217, 388.36976156811943, -0.06917792368168443, -0.17803986030993502, 0.0011137044841700357, 4365.82765722409, 4693.60803702217, 0.03226639481859942, -0.033360991221784146] in 2 iterations
New 4-planet chi-square: 2.4053214755716827
Maximum: -29.841241186237554 Param: [2.364659083331614e-6, 224.7007701121979, 3503.765569863909, -0.0004969988019761685, -0.0013862966466431643, 3.039707908224092e-6, 365.2564603060786, 3624.402178822028, 0.012637923187432608, 0.0019359474850192968, 2.4066084327007e-7, 686.7262895398696, 388.66291434315747, -0.06790920918198695, -0.1787667198163245, 0.0011157038617179667, 4366.229535459243, 4693.230401522072, 0.032269093479035796, -0.03337310216251628]
FITS/fromEMB/p3_fit80s28yrs.jld2 loaded.
Previous model params: [2.4284649482111277e-6, 224.700776518485, 3503.7654620283924, 0.004725297636051767, -0.0022473397587496665, 3.0718725614232828e-6, 365.2564509795936, 3624.402303874241, 0.017306617899040054, 0.0007620888269868313, 0.0008726512712952952, 4251.410805017048, 4810.961010658054, 0.02775990564934326, -0.03695081911498842]
Finished 4-planet fit w/ fixed period: [2.3272837467468233e-6, 224.7007729468934, 3503.765531977467, -0.0003190549380232375, -0.002115218848233832, 3.0354042749882188e-6, 365.2564583905756, 3624.4021918920507, 0.012737448811542505, 0.001345715300808539, 2.2084069101566993e-7, 687.9013208582992, 380.8099163141161, -0.07637770632611303, -0.17083443381074967, 0.0010707440670071138, 4342.241325342305, 4709.0312713585045, 0.0321696018538901, -0.03514024096073952] in 2 iterations
New 4-planet chi-square: 2.542998320489399
Maximum: -34.06704964882373 Param: [2.322680001000624e-6, 224.7007731070118, 3503.7655314149956, -0.00014744973410668334, -0.002157216860948441, 3.0363323471951235e-6, 365.2564581180684, 3624.4021959994047, 0.012863608095003237, 0.0012914732622064393, 2.2046879210913138e-7, 688.1662158535577, 379.6750875977205, -0.08169940933636068, -0.16758254209838852, 0.0010654651257528407, 4340.631543194261, 4710.685190156644, 0.03233761021208847, -0.0349814405397234]
FITS/fromEMB/p3_fit80s30yrs.jld2 loaded.
Previous model params: [2.4263365942434508e-6, 224.70077479638914, 3503.7654877582686, 0.004100659902357608, -0.0024594549628258367, 3.078783617326288e-6, 365.2564513102114, 3624.40229412918, 0.01653943750955923, 0.00045649075876543464, 0.0008651920378360226, 4240.8571831275685, 579.0001446529319, 0.02600683311022419, -0.03723733222365487]
Finished 4-planet fit w/ fixed period: [2.3338897526256697e-6, 224.70077252601874, 3503.7655376249204, -0.0007259037655799713, -0.0019310660412254763, 3.0303683888910134e-6, 365.2564578952374, 3624.402192808403, 0.012271636592841034, 0.0014406096354339394, 2.270350296107437e-7, 687.9013208582992, 382.62175088997674, -0.0783024476116946, -0.16642942392557272, 0.0010791587530672713, 4337.64754824936, 370.6684868610309, 0.0327520590570218, -0.035518142823914564] in 2 iterations
New 4-planet chi-square: 2.582109586787619
Maximum: -36.99566263074347 Param: [2.333305668275201e-6, 224.70077254869375, 3503.765538181919, -0.0006314150188854751, -0.0019494084752827478, 3.031126287865534e-6, 365.2564578335154, 3624.402194276811, 0.01234165987954674, 0.0014173217336457228, 2.2752861243908364e-7, 687.9953458138342, 382.31486709060897, -0.08042543122468832, -0.16483880899012607, 0.0010766811033034475, 4337.499826086052, 371.2248840898302, 0.03274807378287842, -0.03544768501324905]
FITS/fromEMB/p3_fit90s16yrs.jld2 loaded.
Previous model params: [2.6052391460488653e-6, 224.7007974689533, 3503.7652212134412, 0.021596636798645912, 0.002830661497590457, 3.19416184551013e-6, 365.2564204972836, 3624.4024921159717, 0.030663338760523413, 0.003855973487329849, 0.0006950045044488841, 4346.465675829856, 4653.8061463613285, 0.0024596468966780346, -0.07399254640998308]
Finished 4-planet fit w/ fixed period: [2.5218607739121476e-6, 224.70078664532565, 3503.7654071063175, 0.013441469249681958, 0.012973301037456848, 3.090691741705918e-6, 365.2562634863414, 3624.403917967048, 0.023202927957754953, 0.012608096822396062, 8.967392631546886e-6, 1243.2746229585787, 727.3124602660539, 0.2269569464219905, 0.1178807166245704, 0.0016873479659694393, 4923.717339814278, 4234.246334498668, 0.03194366224812694, -0.041255945407577176] in 2 iterations
New 4-planet chi-square: 0.6712218179665167
Maximum: 8.371767987404981 Param: [2.541954671842244e-6, 224.70078762138394, 3503.7653956993568, 0.014645345453944539, 0.013480348137579212, 3.0985193192162017e-6, 365.25627107481057, 3624.4038457526167, 0.024249167832551398, 0.01296681148068633, 9.13705038295218e-6, 1246.536499555626, 712.1503129791158, 0.22470661242134488, 0.11772166506853668, 0.0016571289036731824, 4904.914660903568, 4234.333172829648, 0.03473588524967407, -0.04234160910090597]
FITS/fromEMB/p3_fit90s18yrs.jld2 loaded.
Previous model params: [2.598610895062983e-6, 224.70078815706967, 3503.765305513657, 0.025719153035131333, 0.0020819850088924204, 3.182059067597672e-6, 365.25643073868497, 3624.4024172669456, 0.03294900272866639, 0.00375951548515257, 0.0006320164182761298, 4324.376319218668, 4659.627197288603, -0.008830321240987832, -0.08102386303619755]
Finished 4-planet fit w/ fixed period: [2.3034489441635946e-6, 224.70079902752317, 3503.764872295946, 0.01084234100801401, -0.0072787529448025134, 3.0818260830287772e-6, 365.25640049128754, 3624.402681300347, 0.021326941619098646, -0.002673666454515448, 3.510507362177674e-7, 665.4946347797944, 260.3341876699854, 0.17736116069755728, 0.026906515264817302, 0.000937036067667753, 4348.0605947935965, 4735.782288975328, -0.008844991062316364, -0.05000551660547795] in 2 iterations
New 4-planet chi-square: 1.0468191131006697
Maximum: -1.075269527477792 Param: [2.3128369980277453e-6, 224.70079881708338, 3503.764889869769, 0.011566664678552918, -0.006863186040516337, 3.0856900212137637e-6, 365.25640027593994, 3624.4026831889933, 0.0218848421861665, -0.002343481927055139, 3.463307928732587e-7, 665.2202167983438, 263.0701010587169, 0.1788832490004376, 0.026661294215374644, 0.0009204907419801359, 4349.435952354272, 4729.604525535967, -0.01027575514425341, -0.051471970292209554]
FITS/fromEMB/p3_fit90s20yrs.jld2 loaded.
Previous model params: [2.347512917436225e-6, 224.70079087523524, 3503.765281963369, 0.012164832483590914, -0.001610063258102969, 3.120789444593109e-6, 365.25645006467886, 3624.402274672728, 0.022059362457842385, 0.0010943922468856918, 0.0007332270395522788, 4261.109375814798, 4743.402813217515, 0.014939839075064075, -0.06225260734718026]
Finished 4-planet fit w/ fixed period: [2.60762946553547e-6, 224.70076266968036, 3503.765627846025, -0.004842645747018991, 0.0008587986552515698, 3.0057429236288252e-6, 365.2564498195394, 3624.402235646516, 0.009225716999511475, 0.0035361769533206427, 3.770814830522312e-7, 676.3741434905032, 454.34762756351023, 0.09574611647741837, -0.1473249272105982, 0.0012071235286134326, 4291.588920651381, 4666.377340707429, 0.028448394199824697, -0.033804546912156536] in 2 iterations
New 4-planet chi-square: 1.1803759604022437
Maximum: -4.311657954302383 Param: [2.624929439536468e-6, 224.70076264811965, 3503.7656583881144, -0.003966187223354148, 0.001328842254130547, 3.0136418564971656e-6, 365.25644902485334, 3624.402244825923, 0.01000606613143689, 0.0038958298970630397, 3.616380600369795e-7, 677.0069499253797, 448.00642718571106, 0.08585820023371306, -0.16258686176645998, 0.0011985444035369883, 4305.214752551104, 4655.598260091565, 0.02847591070164872, -0.03439198990733719]
FITS/fromEMB/p3_fit90s22yrs.jld2 loaded.
Previous model params: [2.4541559551610194e-6, 224.700788877122, 3503.7653015427777, 0.014820030031395873, -0.0010367466475693224, 3.167287583237018e-6, 365.25646017629697, 3624.4021865691943, 0.02374064876192665, 0.0015083301059755532, 0.0006742278894241331, 4201.471937967943, 549.8070320255115, 0.00889119480195731, -0.06988692669867203]
Finished 4-planet fit w/ fixed period: [2.5605119725989058e-6, 224.70077088699105, 3503.7655304982786, 0.0012298153849605315, 0.00416383047331603, 3.075309018400108e-6, 365.2564572696419, 3624.4021892866153, 0.013915281239313577, 0.006068939551047312, 2.912619359297486e-7, 682.4009461531797, 415.6611585406153, 0.0036535141691343784, -0.18315097569866962, 0.0011067849356419944, 4350.172829547041, 289.2072587276695, 0.025356209192165025, -0.039517327271156574] in 2 iterations
New 4-planet chi-square: 1.3601192054646825
Maximum: -8.765811889038357 Param: [2.554814976080528e-6, 224.70077119466464, 3503.7655292409327, 0.0013602344867905901, 0.0041363498168644555, 3.0760947393406383e-6, 365.2564572485749, 3624.4021901834126, 0.014015224469529268, 0.006037405331981903, 2.8794167510277655e-7, 682.5765071972914, 414.24085259761375, 0.001545190636972757, -0.1835324350497402, 0.0011020874924745601, 4351.296750785874, 288.8652908686501, 0.02521606087812892, -0.039444000010347265]
FITS/fromEMB/p3_fit90s24yrs.jld2 loaded.
Previous model params: [2.3754930879915444e-6, 224.70078072321843, 3503.765400588193, 0.0017336298198740937, -0.004342197381401597, 3.0627780819421833e-6, 365.25646968485853, 3624.402121588027, 0.014804221946291276, -0.0007873384917207843, 0.0009336992247499104, 4234.638222004655, 555.9674730948404, 0.0367166135021795, -0.047559192135469025]
Finished 4-planet fit w/ fixed period: [2.4695693294579925e-6, 224.70076710721133, 3503.7655941396865, -0.002219339283753169, 0.002091455741344154, 3.0390079584698554e-6, 365.2564574065677, 3624.4021994574414, 0.011818682554298807, 0.004551651901969331, 2.7216288910431917e-7, 684.5831586961734, 397.3175279795195, -0.03408671247826227, -0.20395689887803403, 0.001229011546632964, 4385.5958563477425, 264.3777546793293, 0.03485110256633512, -0.031589077565924724] in 2 iterations
New 4-planet chi-square: 1.717457809425728
Maximum: -17.03662316067265 Param: [2.464535987930858e-6, 224.70076729845957, 3503.7655942306706, -0.002094155233878824, 0.002052723922062765, 3.039663767864449e-6, 365.25645721280915, 3624.4022018740534, 0.011904844378643661, 0.004514546857148741, 2.6980729544950433e-7, 684.7301929496535, 396.2408064226837, -0.03724920492039987, -0.20374451610770716, 0.0012225205131385466, 4385.409516424341, 265.4954757252191, 0.03478102047291116, -0.03152515233199576]
FITS/fromEMB/p3_fit90s26yrs.jld2 loaded.
Previous model params: [2.3106975015169335e-6, 224.7007773681668, 3503.7654523208375, 0.0038648971597296366, -0.004852039948563192, 3.0721605020531065e-6, 365.25646141326996, 3624.402207598968, 0.01635867150087123, -0.0013262597206884837, 0.0009801995278482664, 4254.098186363422, 4811.465430963106, 0.04116972874240306, -0.03792645525436038]
Finished 4-planet fit w/ fixed period: [2.3633755147751288e-6, 224.7007701720612, 3503.76556959442, -0.00045736808101761193, -0.001396159831110939, 3.0399379213705787e-6, 365.2564602137964, 3624.4021799318452, 0.012666483126518914, 0.0019249261229702982, 2.4045169398115734e-7, 686.7898665060217, 388.36767235893365, -0.06917452037178685, -0.178046725399544, 0.0011137062270339822, 4365.827844012668, 4693.607655721635, 0.03226642970601816, -0.03336092435492975] in 2 iterations
New 4-planet chi-square: 1.9005009150739756
Maximum: -21.83199469189962 Param: [2.3646535582118644e-6, 224.70077011263334, 3503.7655698586896, -0.0004968862092411641, -0.001386286695995812, 3.0397087125299717e-6, 365.2564603058714, 3624.4021788239256, 0.012638011259263828, 0.0019359285785377023, 2.406432395532048e-7, 686.7265660450306, 388.6570342645597, -0.06790888315489932, -0.17877838548535396, 0.001115694418511195, 4366.228438309804, 4693.230751389214, 0.03226879088736156, -0.03337296913452948]
FITS/fromEMB/p3_fit90s28yrs.jld2 loaded.
Previous model params: [2.4284611448274743e-6, 224.70077651848277, 3503.7654620284898, 0.00472494009310876, -0.0022474071717973154, 3.0718703855931473e-6, 365.2564509796152, 3624.402303873637, 0.01730633884698557, 0.0007620490876250589, 0.0008726572311162262, 4251.410324515295, 4810.961718076919, 0.027760528677487555, -0.03695054720949187]
Finished 4-planet fit w/ fixed period: [2.327286778468261e-6, 224.70077294688437, 3503.765531977756, -0.0003188073335837176, -0.0021150172270394327, 3.035405844461326e-6, 365.25645839052567, 3624.402191893234, 0.012737635779990084, 0.0013458600477464567, 2.2084119095629187e-7, 687.9013208582992, 380.8099447804627, -0.07637676017340354, -0.17083386543632548, 0.0010707387722900322, 4342.2422566279065, 4709.028960475473, 0.032169178376699664, -0.03514049018319705] in 2 iterations
New 4-planet chi-square: 2.0092826249270477
Maximum: -25.46888807007693 Param: [2.3226807856708923e-6, 224.7007731069422, 3503.7655314158596, -0.00014739748053799976, -0.0021572143275998532, 3.0363326848274314e-6, 365.25645811804674, 3624.4021959996207, 0.01286364595006389, 0.0012914764001722213, 2.204740910160654e-7, 688.1661501006952, 379.6768698634619, -0.08169921968421755, -0.16757859219736318, 0.0010654641983954961, 4340.631391527768, 4710.686063212171, 0.03233744275720786, -0.03498148738032739]
FITS/fromEMB/p3_fit90s30yrs.jld2 loaded.
Previous model params: [2.426339492897675e-6, 224.7007747964082, 3503.765487757754, 0.004100904615545778, -0.0024598259772110453, 3.0787847068344675e-6, 365.2564513104062, 3624.402294126069, 0.016539626435351503, 0.00045617596015069963, 0.0008651830421394882, 4240.856009573928, 579.0035964829078, 0.026005633930511758, -0.03723769059941527]
Finished 4-planet fit w/ fixed period: [2.3338903313802784e-6, 224.70077252601348, 3503.765537625132, -0.0007255473575297712, -0.0019313532994563196, 3.030370787730685e-6, 365.25645789520973, 3624.4021928085913, 0.012271922171191127, 0.001440351792021276, 2.2703749405167662e-7, 687.9013208582992, 382.62279141541734, -0.07830336886160671, -0.16642714164233502, 0.0010791479987741078, 4337.645836740188, 370.67551334350685, 0.032751137946153794, -0.03551812290616994] in 2 iterations
New 4-planet chi-square: 2.040185349104567
Maximum: -27.808585784188576 Param: [2.3333023701066322e-6, 224.7007725488671, 3503.7655381770833, -0.000631532721978579, -0.0019500170570684967, 3.0311264359688256e-6, 365.25645783419253, 3624.402194265849, 0.012341621641283329, 0.0014168251671635114, 2.275077592575111e-7, 687.9952666517597, 382.3097047559581, -0.08041640637379403, -0.16485639011186629, 0.0010766813082640756, 4337.495357309538, 371.2424306593369, 0.03274776520105229, -0.03544680677893858]
FITS/fromEMB/p3_fit100s16yrs.jld2 loaded.
Previous model params: [2.605300393250542e-6, 224.70079746874958, 3503.7652212190237, 0.021601218382598375, 0.0028343000904031738, 3.194191403543795e-6, 365.2564204917188, 3624.402492180468, 0.03066695239318678, 0.003858778095079355, 0.0006949737618572983, 4346.52372310129, 307.2263349584904, 0.002453136739544066, -0.07399905167266731]
Finished 4-planet fit w/ fixed period: [2.521861287303965e-6, 224.70078664534387, 3503.765407106278, 0.013441651428011995, 0.012973397330141146, 3.090692781616315e-6, 365.256263486998, 3624.4039179621527, 0.023203069628535643, 0.012608162666841522, 8.967332002902107e-6, 1243.2746229585787, 727.3124355024432, 0.22695764234363144, 0.11788148663675097, 0.0016873417113461905, 4923.718988249403, -689.4733012360965, 0.031943474666299924, -0.04125612800566927] in 2 iterations
New 4-planet chi-square: 0.5436896732080518
Maximum: 12.796909619727636 Param: [2.5419497356855193e-6, 224.70078762117416, 3503.76539570339, 0.01464514158312768, 0.013480538632471487, 3.098516521577342e-6, 365.25627107101786, 3624.4038457865045, 0.024248968469640544, 0.012966972534485994, 9.137182530468978e-6, 1246.5364680735424, 712.1509902164348, 0.22471079192310203, 0.11772111170410073, 0.0016571658695127068, 4904.926431343904, -670.6030953139247, 0.03473677999566028, -0.042341035890091264]
FITS/fromEMB/p3_fit100s18yrs.jld2 loaded.
Previous model params: [2.5986006097615885e-6, 224.70078815704755, 3503.765305514156, 0.025718321083131237, 0.0020819066803994452, 3.182054440245905e-6, 365.2564307386455, 3624.4024172674317, 0.03294836212417647, 0.003759481410701477, 0.0006320267210011575, 4324.377030740256, 4659.629196775296, -0.008828123388512967, -0.08102238309071638]
Finished 4-planet fit w/ fixed period: [2.3034356754061864e-6, 224.70079902804926, 3503.7648722876447, 0.010842092378709586, -0.007278757387552684, 3.081824460312474e-6, 365.25640049110973, 3624.4026813021783, 0.021326728117836667, -0.0026736549312306123, 3.510542584039593e-7, 665.4946347797944, 260.3335328008748, 0.17736272770941527, 0.02689653002548262, 0.0009370418263397518, 4348.060145011212, 4735.783038106324, -0.008844623677255156, -0.05000519050444764] in 2 iterations
New 4-planet chi-square: 0.847923481855439
Maximum: 3.8766747016805065 Param: [2.3128371645542177e-6, 224.70079881711595, 3503.7648898696807, 0.01156671276858236, -0.00686316177735282, 3.085690277395996e-6, 365.2564002755822, 3624.402683192518, 0.02188487183801102, -0.0023434732387400178, 3.4633532003179e-7, 665.220243347603, 263.06954715241704, 0.1788809272246965, 0.026658803668260227, 0.0009204905805666602, 4349.43748029365, 4729.603896093561, -0.010276115396469223, -0.05147185583881925]
FITS/fromEMB/p3_fit100s20yrs.jld2 loaded.
Previous model params: [2.347516662734818e-6, 224.700790875322, 3503.7652819622886, 0.01216528617986035, -0.001610350216860843, 3.1207921699619593e-6, 365.2564500650076, 3624.4022746692162, 0.022059716463978075, 0.001094155987834888, 0.0007332190433837112, 4261.106242652286, 482.2999019291922, 0.01493856435977409, -0.06225301464411822]
Finished 4-planet fit w/ fixed period: [2.6076278926109134e-6, 224.7007626698143, 3503.76562782236, -0.0048424058489730006, 0.000858915002626673, 3.0057450412951445e-6, 365.2564498193634, 3624.402235648838, 0.009225884581533889, 0.0035362381631974804, 3.7707688962277084e-7, 676.3741434905032, 454.34741224382236, 0.09575189399554569, -0.14732294786476893, 0.001207119205877501, 4291.5907734102375, 374.78555549743135, 0.02844800209472051, -0.033804620668259816] in 2 iterations
New 4-planet chi-square: 0.9561045296609606
Maximum: 1.1670888127196584 Param: [2.624910668415665e-6, 224.7007626491363, 3503.7656583853513, -0.0039665522677019525, 0.0013281616103423273, 3.0136385135495436e-6, 365.25644902535015, 3624.4022448204605, 0.010005775168648293, 0.0038953171419812776, 3.616513700036933e-7, 677.0068170553287, 448.009630969906, 0.08585243517989613, -0.16257586636592444, 0.0011985437407131263, 4305.208812379929, 350.39916584005056, 0.028475600402033372, -0.03439186571934027]
FITS/fromEMB/p3_fit100s22yrs.jld2 loaded.
Previous model params: [2.4541524011989534e-6, 224.70078887706958, 3503.765301543622, 0.01481983404823662, -0.0010370291842247417, 3.167286517919604e-6, 365.2564601763364, 3624.402186568664, 0.023740504835344043, 0.001508113821109327, 0.0006742322795154851, 4201.471787058313, 4751.282958450326, 0.008891745671398265, -0.06988597252077065]
Finished 4-planet fit w/ fixed period: [2.5605081901033915e-6, 224.7007708871844, 3503.765530492597, 0.0012294885877621978, 0.004163854810612499, 3.0753066487156835e-6, 365.25645726989114, 3624.4021892834885, 0.013915033520840137, 0.006068965906239103, 2.9126485473386406e-7, 682.4009461531797, 415.66144697063834, 0.0036569691942055175, -0.18314834378698033, 0.001106793700730821, 4350.173047661421, 4639.381931362785, 0.025356423316173896, -0.03951703485524278] in 2 iterations
New 4-planet chi-square: 1.1016965552652218
Maximum: -2.760262466503698 Param: [2.5548296069190537e-6, 224.70077119383467, 3503.765529247015, 0.0013598985247956197, 0.004136667117635023, 3.076092162437306e-6, 365.2564572485526, 3624.402190183325, 0.014014959904903973, 0.006037679732205546, 2.879512886460003e-7, 682.5761782582612, 414.24473259269655, 0.0015411542465132504, -0.1835324276060103, 0.0011021004152202097, 4351.296267165753, 4640.156736798584, 0.025216788300372706, -0.03944417392796207]
FITS/fromEMB/p3_fit100s24yrs.jld2 loaded.
Previous model params: [2.3754937133935844e-6, 224.70078072323375, 3503.7654005880054, 0.0017334777476843645, -0.004342022722926519, 3.0627769225807436e-6, 365.2564696847744, 3624.4021215897337, 0.014804099271313001, -0.000787188047245784, 0.000933702478077951, 4234.640172018846, 555.9610541698595, 0.03671695269246543, -0.04755927588887138]
Finished 4-planet fit w/ fixed period: [2.4695655613398927e-6, 224.7007671074293, 3503.7655941363237, -0.0022194437673985963, 0.002091117796590545, 3.0390074999789615e-6, 365.2564574068102, 3624.402199453314, 0.011818611069717632, 0.0045513977082436005, 2.7216365844376755e-7, 684.5831586961734, 397.317654010745, -0.03408332915814888, -0.20395411677609335, 0.0012290100968016468, 4385.592699872609, 264.3858624094069, 0.03485105088298305, -0.03158919480724977] in 2 iterations
New 4-planet chi-square: 1.3911408245618289
Maximum: -10.398910649933104 Param: [2.4645340382599865e-6, 224.7007672987198, 3503.7655942212705, -0.0020944580356361112, 0.0020523973580320867, 3.03966206215643e-6, 365.25645721352214, 3624.4022018643614, 0.011904621841359694, 0.004514308086135088, 2.6979496527089754e-7, 684.7300359320486, 396.2386975740161, -0.03723645377152915, -0.20375394448418419, 0.0012225291534820619, 4385.406799395256, 265.50157633125593, 0.034781398809598824, -0.03152518656695372]
FITS/fromEMB/p3_fit100s26yrs.jld2 loaded.
Previous model params: [2.3106955883146434e-6, 224.7007773681585, 3503.765452320855, 0.003864590672396168, -0.004851886943799497, 3.0721583575329125e-6, 365.25646141317344, 3624.4022075999624, 0.016358433576646018, -0.0013261304251671402, 0.000980202157552281, 4254.098844002961, 557.3651017476153, 0.04116976416895946, -0.037926340384907754]
Finished 4-planet fit w/ fixed period: [2.3633777900079746e-6, 224.70077017195186, 3503.765569596917, -0.0004573045048376822, -0.001396110785243725, 3.039938045553115e-6, 365.2564602136451, 3624.4021799345865, 0.012666521575610134, 0.001924968779575463, 2.404592425645597e-7, 686.7898665060217, 388.3696167603522, -0.06917725827692785, -0.17804045479900013, 0.0011137057512645577, 4365.8292892060645, 327.77522866054335, 0.03226643758215835, -0.03336120277480133] in 2 iterations
New 4-planet chi-square: 1.5394057443596014
Maximum: -14.667479696732693 Param: [2.36465689988596e-6, 224.70077011242554, 3503.7655698611106, -0.0004969491317949294, -0.0013863097370229146, 3.039708640173042e-6, 365.2564603060255, 3624.4021788221808, 0.012637979884728454, 0.0019359206146155857, 2.406460814055667e-7, 686.7264172476625, 388.6575410174798, -0.06790384621850035, -0.17877847120751236, 0.0011157008433835345, 4366.230184608289, 327.0008470955712, 0.03226882419214892, -0.03337274992092573]
FITS/fromEMB/p3_fit100s28yrs.jld2 loaded.
Previous model params: [2.4284639257050423e-6, 224.70077651849454, 3503.765462028109, 0.004724619037097573, -0.002246534342523679, 3.0718675028532856e-6, 365.25645097933926, 3624.4023038781784, 0.01730606497311737, 0.0007627675040268475, 0.0008726630094218981, 4251.414070229449, 559.5336961177056, 0.027761425358904843, -0.03695148871591731]
Finished 4-planet fit w/ fixed period: [2.3272850148666174e-6, 224.7007729468595, 3503.765531978284, -0.0003189356992937829, -0.0021152815655540113, 3.035405103077755e-6, 365.2564583904897, 3624.4021918922963, 0.01273754747908786, 0.0013456665134538757, 2.2084783725614937e-7, 687.9013208582992, 380.811095292249, -0.07637501520244977, -0.17082770934627084, 0.001070741086030589, 4342.240652776398, 366.79251297792973, 0.03216937270600612, -0.03514032856962845] in 2 iterations
New 4-planet chi-square: 1.6275189257597693
Maximum: -17.777570417386553 Param: [2.3226842387169007e-6, 224.70077310695598, 3503.765531414994, -0.00014729944847226162, -0.002157113230017038, 3.036333241855526e-6, 365.2564581180863, 3624.402195999308, 0.012863721770883935, 0.0012915484999765489, 2.2047026531489945e-7, 688.1661066691637, 379.67565515067696, -0.0816963296460327, -0.1675832863994404, 0.001065461916652057, 4340.633404697546, 370.04898273921697, 0.03233702666746281, -0.03498178975126675]
FITS/fromEMB/p3_fit100s30yrs.jld2 loaded.
Previous model params: [2.4263399038533327e-6, 224.70077479638667, 3503.765487758096, 0.004100619152265445, -0.0024590254873139553, 3.0787832615090874e-6, 365.2564513100284, 3624.40229413203, 0.016539392458166984, 0.00045683103648924396, 0.0008651899292311876, 4240.859694803046, 578.9891891183072, 0.02600653168543403, -0.03723808083795911]
Finished 4-planet fit w/ fixed period: [2.333888554687871e-6, 224.70077252606114, 3503.765537623995, -0.0007258874900202315, -0.0019312975784524491, 3.030368639510648e-6, 365.2564578953979, 3624.4021928057705, 0.012271662234047022, 0.0014404203906526812, 2.2703257746987397e-7, 687.9013208582992, 382.6213746246769, -0.07830163333545498, -0.1664307179436306, 0.001079156468738253, 4337.6452747031435, 370.67572522561557, 0.0327519170826482, -0.03551794393324533] in 3 iterations
New 4-planet chi-square: 1.6525501321688538
Maximum: -19.59046554858025 Param: [2.333303466472375e-6, 224.7007725488607, 3503.7655381785744, -0.0006311167270876142, -0.0019502777302327755, 3.031128405072308e-6, 365.2564578339573, 3624.4021942702934, 0.012341923362577046, 0.0014165955963915309, 2.275192998743016e-7, 687.995388273854, 382.3134375079891, -0.08042620017603189, -0.1648450397251282, 0.0010766690439394319, 4337.494422908732, 371.24373248573113, 0.03274717484005088, -0.0354471904735282]
FITS/fromEMB/p3_fit110s16yrs.jld2 loaded.
Previous model params: [2.6052618408995243e-6, 224.70079746893217, 3503.7652212135417, 0.021598396102753364, 0.0028314518289657836, 3.1941720531581504e-6, 365.25642049679755, 3624.4024921217574, 0.030664696484428208, 0.003856551828193083, 0.0006949851192558752, 4346.470038539833, 307.325920752645, 0.002456504672546285, -0.07399536689704202]
Finished 4-planet fit w/ fixed period: [2.521858858429762e-6, 224.70078664538372, 3503.7654071055363, 0.013441773514889555, 0.012973186841640982, 3.0906941353279994e-6, 365.2562634877437, 3624.4039179556225, 0.023203175329124068, 0.012608001393008073, 8.967320488835527e-6, 1243.2746229585787, 727.311904285586, 0.2269583022383444, 0.1178784520114647, 0.0016873353074987711, 4923.715931269046, -689.4657687292912, 0.0319432480581561, -0.04125607206871953] in 2 iterations
New 4-planet chi-square: 0.44933030845090677
Maximum: 16.799937170831587 Param: [2.541950638505103e-6, 224.700787621203, 3503.7653957028915, 0.014645209874861849, 0.013480586149797774, 3.0985171187498237e-6, 365.25627107163604, 3624.4038457810607, 0.024249026315154902, 0.012967002303404099, 9.137153747216438e-6, 1246.5365014984889, 712.1508047071055, 0.22471036077398313, 0.11772152196119992, 0.0016571589438172756, 4904.9252815791515, -670.6013958885011, 0.034736609753377765, -0.04234120225461779]
FITS/fromEMB/p3_fit110s18yrs.jld2 loaded.
Previous model params: [2.5986011402411574e-6, 224.70078815707745, 3503.765305513722, 0.02571837155424901, 0.0020819381466096625, 3.182054715729998e-6, 365.25643073885317, 3624.4024172655572, 0.03294839892369108, 0.0037595041198184745, 0.0006320254237027419, 4324.375579035758, 4659.630001888491, -0.00882833968988342, -0.08102246475634164]
Finished 4-planet fit w/ fixed period: [2.3034416424070132e-6, 224.7007990277487, 3503.764872292136, 0.010842014296763802, -0.007278677254045831, 3.0818239006544238e-6, 365.25640049097, 3624.4026813030855, 0.021326667778096806, -0.0026735877483678966, 3.5105833298620555e-7, 665.4946347797944, 260.3338496864329, 0.17735847043689698, 0.026904305959142897, 0.000937042699061454, 4348.0604743676895, 4735.7818971294655, -0.008844534972433307, -0.05000526111842325] in 2 iterations
New 4-planet chi-square: 0.7007632079350214
Maximum: 8.356253159525073 Param: [2.3128241493528684e-6, 224.70079881748987, 3503.7648898493235, 0.011565506129645456, -0.006863455480384604, 3.0856837938742883e-6, 365.25640027522275, 3624.402683196006, 0.021883944636410874, -0.0023436856338548643, 3.4634704776189656e-7, 665.220548589973, 263.06629690427206, 0.17887465730555227, 0.02666397962962758, 0.0009205170300976079, 4349.437861359405, 4729.609116078819, -0.010273688927913607, -0.05146966526214361]
FITS/fromEMB/p3_fit110s20yrs.jld2 loaded.
Previous model params: [2.34751327963107e-6, 224.70079087524707, 3503.7652819634054, 0.012164994169612758, -0.0016104237105298877, 3.1207906104626764e-6, 365.25645006474616, 3624.4022746718256, 0.022059493660453382, 0.0010941019393737937, 0.000733225211416614, 4261.108961885128, 482.29750173045466, 0.014939368352771178, -0.06225235800322351]
Finished 4-planet fit w/ fixed period: [2.6076270458701214e-6, 224.70076266993235, 3503.765627832965, -0.00484253138603169, 0.0008587465880688198, 3.005744022714947e-6, 365.2564498193649, 3624.402235649129, 0.009225795743908704, 0.003536115668265043, 3.77086537751153e-7, 676.3741434905032, 454.34863603454795, 0.09574307810903601, -0.1473225856426923, 0.0012071240281898393, 4291.590953819382, 374.78660339579505, 0.02844810909652201, -0.03380462274380051] in 2 iterations
New 4-planet chi-square: 0.7901690323484653
Maximum: 6.123218176666712 Param: [2.6249299733054954e-6, 224.7007626478926, 3503.7656583825496, -0.003966317669889392, 0.001328823186482225, 3.013640790638039e-6, 365.25644902495105, 3624.4022448246064, 0.010005956769300502, 0.0038958235364782517, 3.6163716297502987e-7, 677.006875080506, 448.0067254343616, 0.08586191669661587, -0.16258678353619044, 0.0011985499577041405, 4305.213480774958, 350.3854389364655, 0.02847627505846603, -0.03439177263820203]
FITS/fromEMB/p3_fit110s22yrs.jld2 loaded.
Previous model params: [2.454157298804012e-6, 224.7007888771125, 3503.7653015430656, 0.01482033439637577, -0.0010370851076198038, 3.167289860708474e-6, 365.2564601762906, 3624.4021865694876, 0.023740892205172136, 0.001508051652834148, 0.0006742247565469232, 4201.47250318494, 4751.281767252055, 0.0088902892586119, -0.0698867607656762]
Finished 4-planet fit w/ fixed period: [2.5605079251536015e-6, 224.7007708868333, 3503.7655304969403, 0.0012296688390796146, 0.004164088655773524, 3.075308438757274e-6, 365.2564572695569, 3624.402189286465, 0.013915186446395575, 0.0060691406276130845, 2.912490320687779e-7, 682.4009461531797, 415.65804559865626, 0.003661185974839775, -0.18316084750351921, 0.001106791199718665, 4350.1729198039375, 4639.380744521388, 0.02535665562655797, -0.039516490646655085] in 2 iterations
New 4-planet chi-square: 0.9104930218402363
Maximum: 2.6724177522966848 Param: [2.554824782379591e-6, 224.70077119400503, 3503.765529248511, 0.0013600202860949639, 0.004136707654345007, 3.0760928539770486e-6, 365.25645724845435, 3624.402190185316, 0.014015055999442794, 0.006037704296859434, 2.8794806480386333e-7, 682.5763674544995, 414.243224185707, 0.001537071641626844, -0.18353376085919837, 0.0011020967580420075, 4351.298014162047, 4640.156456151464, 0.025216785349538803, -0.039444006506254146]
FITS/fromEMB/p3_fit110s24yrs.jld2 loaded.
Previous model params: [2.3754910961891736e-6, 224.70078072321897, 3503.765400588165, 0.0017334682470610595, -0.004342303775928481, 3.0627771783209054e-6, 365.25646968491185, 3624.402121586875, 0.014804102109049158, -0.0007874212393333672, 0.0009337002586042434, 4234.6370911172635, 555.9702864410089, 0.03671664157769221, -0.04755905235785669]
Finished 4-planet fit w/ fixed period: [2.469566065711019e-6, 224.70076710736774, 3503.7655941376884, -0.0022194204524088367, 0.0020911346379462, 3.039007425517692e-6, 365.2564574068058, 3624.4021994539526, 0.011818620426798624, 0.004551412647505144, 2.7216800796948956e-7, 684.5831586961734, 397.31937429815434, -0.034088703782675846, -0.20395036672699876, 0.0012290093636291622, 4385.592348007303, 264.38649420819087, 0.03485117977320629, -0.03158928259128232] in 2 iterations
New 4-planet chi-square: 1.1497031616890023
Maximum: -4.394369346757593 Param: [2.464533053693728e-6, 224.7007672985668, 3503.7655942302795, -0.002094118726484056, 0.0020526550733766854, 3.0396639421630493e-6, 365.2564572126964, 3624.4022018754004, 0.011904867634596961, 0.004514493315553312, 2.698046919030576e-7, 684.7302553956077, 396.239834331447, -0.03724868260130071, -0.2037455613991463, 0.0012225192128663207, 4385.4095503163235, 265.4956788115988, 0.03478108153654209, -0.03152510836263377]
FITS/fromEMB/p3_fit110s26yrs.jld2 loaded.
Previous model params: [2.3107010694281067e-6, 224.7007773681758, 3503.765452320557, 0.0038650667776200303, -0.004851827116069831, 3.0721613975054026e-6, 365.2564614132291, 3624.4022075996577, 0.0163587932095536, -0.0013260985349198232, 0.0009801957545893158, 4254.098388214811, 4811.462892009711, 0.041169536923986394, -0.037926783413637366]
Finished 4-planet fit w/ fixed period: [2.3633766919352107e-6, 224.70077017192295, 3503.765569597472, -0.0004573181362831807, -0.0013960863222080646, 3.0399380570742304e-6, 365.25646021371534, 3624.4021799340953, 0.012666511958051891, 0.0019249856119160887, 2.4045863770038725e-7, 686.7898665060217, 388.3700202193397, -0.06917980925109785, -0.17804028776433353, 0.0011137048948284222, 4365.827977841975, 4693.606528256812, 0.03226648739914653, -0.03336104131101683] in 2 iterations
New 4-planet chi-square: 1.2722361514948826
Maximum: -8.186387446830315 Param: [2.3646598663161295e-6, 224.70077011237854, 3503.7655698593067, -0.0004970687491962604, -0.0013863299081082008, 3.039707608680161e-6, 365.2564603062554, 3624.4021788184555, 0.012637880454342755, 0.0019359187916987981, 2.4064902477400074e-7, 686.7262458564004, 388.65933121009874, -0.06790022711011784, -0.1787775571876194, 0.0011157051277587678, 4366.229829617755, 4693.229948196094, 0.032268892394667965, -0.033373154604597007]
FITS/fromEMB/p3_fit110s28yrs.jld2 loaded.
Previous model params: [2.428457463921824e-6, 224.7007765184937, 3503.765462028364, 0.004724768707350094, -0.0022474765178420912, 3.071869510653871e-6, 365.25645097973745, 3624.402303871391, 0.01730621081619927, 0.0007620063047697748, 0.0008726627596909199, 4251.408178972857, 559.557676031304, 0.027761324979787724, -0.036950064724315286]
Finished 4-planet fit w/ fixed period: [2.3272872124973916e-6, 224.70077294685177, 3503.7655319785445, -0.0003189886408565325, -0.00211493178351908, 3.0354045932871067e-6, 365.2564583904552, 3624.402191894109, 0.012737498596139972, 0.001345945330495965, 2.2084272211354634e-7, 687.9013208582992, 380.80934868140224, -0.07637408188286847, -0.17083310702019475, 0.0010707441997648036, 4342.244266813126, 366.781404244939, 0.032169512031122754, -0.035140526605246934] in 2 iterations
New 4-planet chi-square: 1.3450569618386827
Maximum: -10.819927248275855 Param: [2.322675513097348e-6, 224.70077310716255, 3503.765531413841, -0.0001472596936834898, -0.0021574588127521925, 3.0363335175927045e-6, 365.25645811788775, 3624.4021960022733, 0.012863753445096463, 0.0012912542145011772, 2.2046498841478713e-7, 688.1664158309801, 379.67363914066607, -0.08170380302089658, -0.16758353738678464, 0.0010654591499360973, 4340.629945109752, 370.05848749179285, 0.032337480940565565, -0.034981216292928614]
FITS/fromEMB/p3_fit110s30yrs.jld2 loaded.
Previous model params: [2.426338040422039e-6, 224.7007747964175, 3503.7654877575887, 0.0041008731751639455, -0.002459414275374986, 3.0787850324396435e-6, 365.25645131043336, 3624.402294125863, 0.016539602362928594, 0.000456508709528704, 0.0008651866672846503, 4240.854254267169, 579.0071155360858, 0.02600637122528171, -0.03723734046599882]
Finished 4-planet fit w/ fixed period: [2.3338874576413068e-6, 224.700772526032, 3503.765537624675, -0.0007258506133624783, -0.0019315298991555824, 3.0303689244233167e-6, 365.256457895387, 3624.4021928054053, 0.012271702605161423, 0.0014402342262230053, 2.2703494584554072e-7, 687.9013208582992, 382.6211702258331, -0.07829921098856742, -0.16642976305096838, 0.0010791558471789564, 4337.64566712786, 370.67768602219616, 0.03275166617488894, -0.03551779184221827] in 2 iterations
New 4-planet chi-square: 1.365743910960268
Maximum: -12.156271526039367 Param: [2.3333044968737708e-6, 224.7007725488334, 3503.765538178795, -0.000631250175526623, -0.00194986026544368, 3.0311274980597773e-6, 365.25645783378724, 3624.4021942731893, 0.012341803045945869, 0.0014169331711643507, 2.2751956375085613e-7, 687.995353265713, 382.3138625607748, -0.0804274226572035, -0.16484568458381585, 0.0010766743058859217, 4337.4968810167975, 371.23488083568543, 0.032747535468098936, -0.035447403414052885]
FITS/fromEMB/p3_fit120s16yrs.jld2 loaded.
Previous model params: [2.60524669338272e-6, 224.7007974689347, 3503.7652212132775, 0.021597343627721602, 0.0028305309805019695, 3.1941656810938993e-6, 365.25642049752395, 3624.402492113161, 0.03066387727000725, 0.003855846999523183, 0.0006949942023846298, 4346.462973008785, 4653.8070072114315, 0.0024578562745728003, -0.07399359153213336]
Finished 4-planet fit w/ fixed period: [2.5218584486889546e-6, 224.7007866452712, 3503.7654071070315, 0.013441022178552073, 0.012973205875180872, 3.0906889217528254e-6, 365.2562634844298, 3624.4039179826864, 0.02320257728671699, 0.012608042881485747, 8.96758711078338e-6, 1243.2746229585787, 727.3121436812227, 0.22695524632143885, 0.11787827446325548, 0.0016873707150890126, 4923.717978096819, 4234.244907398341, 0.031944348504706586, -0.04125544610522368] in 2 iterations
New 4-planet chi-square: 0.37756227291618094
Maximum: 20.454415013136746 Param: [2.5419465419608156e-6, 224.70078762116168, 3503.76539570294, 0.014645154079115676, 0.013480368684459287, 3.098517303278723e-6, 365.25627107175796, 3624.4038457800334, 0.024248978668477163, 0.012966838377078297, 9.137119087836471e-6, 1246.536215294858, 712.1517607096395, 0.22471111643043407, 0.1177186348188607, 0.0016571543754482206, 4904.923118122542, 4234.327582606733, 0.03473617823053527, -0.04234114241643007]
FITS/fromEMB/p3_fit120s18yrs.jld2 loaded.
Previous model params: [2.5986037990214006e-6, 224.7007881570581, 3503.765305514066, 0.02571871393464399, 0.002081500548185207, 3.1820567422341783e-6, 365.25643073883606, 3624.4024172657178, 0.03294867085461335, 0.0037591475462357333, 0.0006320218190513853, 4324.376152684535, 4659.632318058772, -0.008829541269163034, -0.08102251257140397]
Finished 4-planet fit w/ fixed period: [2.3034368802956274e-6, 224.7007990280063, 3503.764872287324, 0.010841786042132904, -0.0072787193135472475, 3.0818228676777046e-6, 365.25640049077856, 3624.402681305061, 0.021326508687943786, -0.002673604924487737, 3.5105683529729864e-7, 665.4946347797944, 260.33369507588293, 0.1773601920244835, 0.026904038620212237, 0.0009370482658895951, 4348.06116596979, 4735.7823679555195, -0.0088438932953188, -0.05000479266598994] in 2 iterations
New 4-planet chi-square: 0.5888357510249551
Maximum: 12.445787881514219 Param: [2.3128412390815776e-6, 224.70079881701994, 3503.764889867374, 0.011566521630366935, -0.006863213673269664, 3.085689470959339e-6, 365.2564002757034, 3624.4026831911947, 0.021884754758368912, -0.002343502354257304, 3.4633280937847775e-7, 665.2202840234092, 263.0696601552749, 0.17888044625469704, 0.026671589767384547, 0.000920494716461769, 4349.436996699582, 4729.604595372291, -0.010275378485556425, -0.051471484326184494]
FITS/fromEMB/p3_fit120s20yrs.jld2 loaded.
Previous model params: [2.347519778315019e-6, 224.70079087541586, 3503.7652819610316, 0.012165751026092715, -0.0016104499555632482, 3.1207950647694673e-6, 365.25645006537576, 3624.402274665042, 0.022060081903987564, 0.001094065740696436, 0.0007332108924389149, 4261.101023138865, 482.3109418018431, 0.014937420727959757, -0.06225320296139821]
Finished 4-planet fit w/ fixed period: [2.607619758573196e-6, 224.70076267020877, 3503.76562781271, -0.004842546165719739, 0.000858914413268803, 3.0057441330124452e-6, 365.256449819405, 3624.4022356482424, 0.009225774404522291, 0.0035362447160956424, 3.770814408366671e-7, 676.3741434905032, 454.34809228265823, 0.09575135752780475, -0.14731823012512757, 0.001207122726730557, 4291.589967043734, 374.7889728420272, 0.02844798831728591, -0.03380435414180432] in 2 iterations
New 4-planet chi-square: 0.6639614783745555
Maximum: 10.64780978780378 Param: [2.6249320784866765e-6, 224.7007626482272, 3503.765658392973, -0.003965976727741953, 0.0013288159764075725, 3.0136436406286515e-6, 365.2564490247952, 3624.402244827126, 0.010006254250088805, 0.0038958078484063585, 3.6164259087894245e-7, 677.0070669124499, 448.0065941380606, 0.08584901544609345, -0.16258841239967026, 0.0011985436789951954, 4305.216439689074, 350.3825246479017, 0.02847584286514354, -0.03439210475367455]
FITS/fromEMB/p3_fit120s22yrs.jld2 loaded.
Previous model params: [2.4541599543129206e-6, 224.70078887716164, 3503.765301542272, 0.014820298675895847, -0.0010363763649094446, 3.1672893933910553e-6, 365.2564601762408, 3624.4021865711047, 0.023740859877881562, 0.0015086096366264594, 0.0006742251870342455, 4201.474158475559, 549.8012633942856, 0.008890701259393879, -0.06988727352221895]
Finished 4-planet fit w/ fixed period: [2.5605018306776856e-6, 224.7007708874378, 3503.7655304872515, 0.0012297185444335424, 0.004163669102371654, 3.075308968492516e-6, 365.2564572698874, 3624.4021892818223, 0.01391521865255929, 0.006068806118746167, 2.9125123327281527e-7, 682.4009461531797, 415.6585215254357, 0.0036678030600923095, -0.18315425623735843, 0.0011067860709353906, 4350.169984086893, 289.2171418360519, 0.025356041927246914, -0.039516796638993705] in 2 iterations
New 4-planet chi-square: 0.7650670528510282
Maximum: 7.632066249014901 Param: [2.554832866230372e-6, 224.70077119372678, 3503.7655292498634, 0.0013597256429608347, 0.0041368334361978855, 3.07609030476372e-6, 365.25645724850517, 3624.4021901857805, 0.014014826108853809, 0.006037814298767096, 2.879622324591363e-7, 682.5762421818782, 414.2459885919008, 0.0015363860522546273, -0.18352734499462076, 0.0011021090780424989, 4351.301503086132, 288.8498491535727, 0.025216906229768025, -0.03944415674632177]
FITS/fromEMB/p3_fit120s24yrs.jld2 loaded.
Previous model params: [2.3754946255503044e-6, 224.70078072325433, 3503.765400587576, 0.00173337363423556, -0.00434167573309443, 3.062776059170257e-6, 365.25646968473114, 3624.4021215904722, 0.014804009443350476, -0.0007869038137007278, 0.0009337055868221238, 4234.640913553012, 555.9569030816659, 0.03671743254191692, -0.047559349765320856]
Finished 4-planet fit w/ fixed period: [2.4695724740818182e-6, 224.70076710700033, 3503.765594145087, -0.0022193941078820023, 0.002091544428729111, 3.0390072204795206e-6, 365.25645740651737, 3624.402199458779, 0.011818628196195655, 0.004551743613204685, 2.7217595023277505e-7, 684.5831586961734, 397.3214749243297, -0.034097583355968, -0.2039458779224944, 0.001229012202244671, 4385.594533777457, 264.3777698461106, 0.03485152622412191, -0.031589440041117633] in 2 iterations
New 4-planet chi-square: 0.9660700175397222
Maximum: 1.0873474123405507 Param: [2.4645429385045313e-6, 224.70076729836455, 3503.7655942236147, -0.002094477853689345, 0.0020528194593406298, 3.0396622845253623e-6, 365.25645721335076, 3624.4022018662463, 0.011904622318629548, 0.004514627246217902, 2.69798009938139e-7, 684.7298846507197, 396.2390598558004, -0.037231614131632895, -0.2037560302876835, 0.0012225353213607564, 4385.409982557182, 265.4935914150411, 0.034781086530356706, -0.03152509045419531]
FITS/fromEMB/p3_fit120s26yrs.jld2 loaded.
Previous model params: [2.31069522253799e-6, 224.70077736816194, 3503.765452320775, 0.003864662532718638, -0.004852012374986072, 3.0721588572559455e-6, 365.2564614132735, 3624.4022075983157, 0.016358487643853354, -0.0013262351995551038, 0.000980200598841969, 4254.097509757243, 4811.466037663384, 0.04116969812224722, -0.037926399724467874]
Finished 4-planet fit w/ fixed period: [2.363376346651858e-6, 224.7007701718869, 3503.76556959812, -0.0004573395287326499, -0.001396105118645675, 3.0399380221421355e-6, 365.2564602137083, 3624.402179934432, 0.012666497531255611, 0.001924965378155796, 2.404584124276558e-7, 686.7898665060217, 388.3700453010528, -0.06918086498251573, -0.178040846209846, 0.0011137048003118264, 4365.828403865103, 4693.60676114716, 0.03226640518562513, -0.033360928365892446] in 2 iterations
New 4-planet chi-square: 1.0690317674394954
Maximum: -2.269613851380876 Param: [2.364657634833921e-6, 224.7007701123776, 3503.765569862907, -0.0004968905825530864, -0.0013862971815801753, 3.039708494676627e-6, 365.25646030578446, 3624.4021788248956, 0.012638003357449116, 0.001935945031489338, 2.4066205853992213e-7, 686.726449177804, 388.66177188855687, -0.06790852923956, -0.1787634574546355, 0.001115698498052546, 4366.228758382892, 4693.2301965508095, 0.03226898734750284, -0.03337327323364789]
FITS/fromEMB/p3_fit120s28yrs.jld2 loaded.
Previous model params: [2.4284580996613937e-6, 224.7007765184849, 3503.7654620285425, 0.004724747317349403, -0.0022475172141494656, 3.071869357801131e-6, 365.25645097966907, 3624.4023038725945, 0.01730619365850005, 0.0007619709756880966, 0.000872661713493155, 4251.409627784521, 4810.964110196345, 0.027761047706287133, -0.03695018244625709]
Finished 4-planet fit w/ fixed period: [2.3272852924936183e-6, 224.70077294691706, 3503.765531977006, -0.0003189233720423026, -0.0021152821494705345, 3.0354052618956066e-6, 365.2564583905814, 3624.4021918911767, 0.0127375619386241, 0.0013456589195970804, 2.2084085681933142e-7, 687.9013208582992, 380.8088775495106, -0.07637229932171188, -0.1708346520749702, 0.0010707412774760311, 4342.241779648779, 4709.031937549908, 0.032169228467376625, -0.03514029537241264] in 2 iterations
New 4-planet chi-square: 1.1302214761996991
Maximum: -4.46809677070568 Param: [2.3226749185660243e-6, 224.70077310722766, 3503.7655314130534, -0.00014718603690682004, -0.0021574655844258253, 3.036334157011338e-6, 365.2564581178809, 3624.402196002243, 0.012863818731508804, 0.0012912381370637322, 2.2046217015265883e-7, 688.1664770718213, 379.67225357120003, -0.081702634100233, -0.16758511862419362, 0.0010654562821760536, 4340.629358945278, 4710.6898724838975, 0.032337323638569, -0.03498113224595457]
FITS/fromEMB/p3_fit120s30yrs.jld2 loaded.
Previous model params: [2.4263432013037573e-6, 224.70077479636058, 3503.765487758509, 0.0041008069696904376, -0.002458456552285183, 3.0787846311851867e-6, 365.2564513097104, 3624.4022941369058, 0.016539532028327742, 0.0004572931714993015, 0.0008651915771301092, 4240.862155234881, 578.9790669210242, 0.02600702751965502, -0.037238545356141434]
Finished 4-planet fit w/ fixed period: [2.333889832043567e-6, 224.7007725259861, 3503.765537625726, -0.0007258424991681487, -0.0019311008310872672, 3.030368489218699e-6, 365.2564578951378, 3624.4021928100706, 0.012271676238432732, 0.0014405763186526252, 2.2703891118347546e-7, 687.9013208582992, 382.62330125696593, -0.07830586432139645, -0.16642631954573014, 0.0010791566461564692, 4337.6476240532975, 370.668011121137, 0.03275190842300973, -0.03551826283977397] in 2 iterations
New 4-planet chi-square: 1.147604258091995
Maximum: -5.369384106465248 Param: [2.3333047007578237e-6, 224.70077254887434, 3503.7655381774007, -0.0006312525251391721, -0.001949969303217028, 3.0311276584337857e-6, 365.25645783397476, 3624.4021942699974, 0.0123418145781188, 0.0014168423318145964, 2.2751490310941376e-7, 687.9953167323054, 382.3127282652229, -0.08042431429543756, -0.16484962493831015, 0.001076672981916309, 4337.49549848485, 371.2391906601335, 0.032747337355332744, -0.03544732031085843]
