INPUTS/EMBtt_10s16yrs.txt loaded.
Initial parameters: [3.0e-6, 224.70079427943244, 3503.7653143034895, 0.01, 0.01, 3.0e-6, 365.2564415786318, 3624.4026595468868, 0.01, 0.01]
Initial chi-square: 3292.224270322092
New initial 2-planet fit: [2.1768044413816544e-6, 224.70079394275209, 3503.765357915051, -0.006929169208876888, 0.00213972173317051, 2.959145040142149e-6, 365.2564399328888, 3624.4026204256998, 0.004485283040467616, 0.0018725502383805743] in 2 iterations.
New 2-planet chi-square: 2537.721006508093
Maximum: -164.61945603008257 Param: [2.1768020585002527e-6, 224.70079394275106, 3503.76535791506, -0.006929146846837041, 0.0021397356110518595, 2.959145823708619e-6, 365.2564399328907, 3624.4026204256975, 0.004485265080234246, 0.0018725387443730087]
INPUTS/tt_10s16yrs.txt loaded.
Initial parameters: [3.0e-6, 224.70079428197076, 3503.768636475515, 0.01, 0.01, 3.0e-6, 365.2564600162662, 3624.4078247291727, 0.01, 0.01]
Initial chi-square: 4317.318241452232
New initial 2-planet fit: [2.6353893362454643e-6, 224.70079393075653, 3503.7686919199705, -0.22366414310356927, -0.030857624508209832, 2.0207590658556755e-6, 365.25645586075996, 3624.407760798712, -0.16654014017009428, -0.024238138046368433] in 2 iterations.
New 2-planet chi-square: 2819.8644535860644
Maximum: -166.833326030127 Param: [2.6353893362454643e-6, 224.70079393075653, 3503.7686919199705, -0.22366414310356927, -0.030857624508209832, 2.0207590658556755e-6, 365.25645586075996, 3624.407760798712, -0.16654014017009428, -0.024238138046368433]
INPUTS/EMBtt_10s18yrs.txt loaded.
Initial parameters: [3.0e-6, 224.70078950154775, 3503.7653568549595, 0.01, 0.01, 3.0e-6, 365.2564185003762, 3624.402786379091, 0.01, 0.01]
Initial chi-square: 3547.276548927065
New initial 2-planet fit: [2.2495358943671394e-6, 224.70078497713754, 3503.765439350304, 0.01768358562145678, 0.002813046655614349, 3.0703551004775085e-6, 365.25641480705923, 3624.402759865612, 0.023452290235748643, 0.001974754881029326] in 2 iterations.
New 2-planet chi-square: 2701.9073241476544
Maximum: -185.6902606452972 Param: [2.2495358943671394e-6, 224.70078497713754, 3503.765439350304, 0.01768358562145678, 0.002813046655614349, 3.0703551004775085e-6, 365.25641480705923, 3624.402759865612, 0.023452290235748643, 0.001974754881029326]
INPUTS/tt_10s18yrs.txt loaded.
Initial parameters: [3.0e-6, 224.70078950496662, 3503.768679018094, 0.01, 0.01, 3.0e-6, 365.2564231014526, 3624.4080179834177, 0.01, 0.01]
Initial chi-square: 4872.87699902666
New initial 2-planet fit: [2.8232476280439003e-6, 224.70078131680327, 3503.768803191073, -0.18161453005961842, -0.03337816819561044, 2.1319164731974673e-6, 365.25641648495844, 3624.4079808272254, -0.13309067968494676, -0.027752104728771116] in 2 iterations.
New 2-planet chi-square: 3068.0663836256085
Maximum: -188.67686579247814 Param: [2.8232487326530697e-6, 224.70078131680364, 3503.7688031910725, -0.18161453274543998, -0.03337817526685954, 2.131915449166575e-6, 365.2564164849557, 3624.407980827208, -0.13309067619801435, -0.027752098024888667]
INPUTS/EMBtt_10s20yrs.txt loaded.
Initial parameters: [3.0e-6, 224.70079023483981, 3503.7653414695924, 0.01, 0.01, 3.0e-6, 365.2563483344971, 3624.4032134588188, 0.01, 0.01]
Initial chi-square: 4088.9009869792526
New initial 2-planet fit: [2.498714293470259e-6, 224.70077922090792, 3503.7654908444524, 0.02182655885990111, -0.00199387976497506, 3.1533382813674317e-6, 365.25636519246075, 3624.4030634712844, 0.028389689526193276, -0.00016750223663914725] in 2 iterations.
New 2-planet chi-square: 3131.0864065195306
Maximum: -209.27751826918123 Param: [2.498714293470259e-6, 224.70077922090792, 3503.7654908444524, 0.02182655885990111, -0.00199387976497506, 3.1533382813674317e-6, 365.25636519246075, 3624.4030634712844, 0.028389689526193276, -0.00016750223663914725]
INPUTS/tt_10s20yrs.txt loaded.
Initial parameters: [3.0e-6, 224.70079023629282, 3503.7686636529515, 0.01, 0.01, 3.0e-6, 365.2563377904144, 3624.4085419687212, 0.01, 0.01]
Initial chi-square: 5914.115962765037
New initial 2-planet fit: [3.0792897036858455e-6, 224.70077998717545, 3503.768810988032, -0.15371683071834058, -0.047740635653999, 2.28984868996483e-6, 365.25636768753145, 3624.4082849997158, -0.10834239516481085, -0.036455695866227995] in 2 iterations.
New 2-planet chi-square: 3596.283488137383
Maximum: -212.87906189635135 Param: [3.0792897036858455e-6, 224.70077998717545, 3503.768810988032, -0.15371683071834058, -0.047740635653999, 2.28984868996483e-6, 365.25636768753145, 3624.4082849997158, -0.10834239516481085, -0.036455695866227995]
INPUTS/EMBtt_10s22yrs.txt loaded.
Initial parameters: [3.0e-6, 224.70076712114428, 3503.765600067815, 0.01, 0.01, 3.0e-6, 365.2563946282539, 3624.4029014983075, 0.01, 0.01]
Initial chi-square: 4992.464554952139
New initial 2-planet fit: [2.5379312089780495e-6, 224.70077507705864, 3503.7655340863053, 0.04251611852579309, -0.013334668901189757, 3.3153458016504682e-6, 365.25640470093583, 3624.4027916212053, 0.04530096726641402, -0.00870219507905196] in 2 iterations.
New 2-planet chi-square: 3601.4301127355097
Maximum: -233.38895952428007 Param: [2.537932069931633e-6, 224.70077507705886, 3503.765534086309, 0.04251612143002294, -0.013334665211000933, 3.315345449814727e-6, 365.2564047009359, 3624.4027916212026, 0.04530096433978122, -0.008702198016776828]
INPUTS/tt_10s22yrs.txt loaded.
Initial parameters: [3.0e-6, 224.70076712200415, 3503.7689222577987, 0.01, 0.01, 3.0e-6, 365.2563959221906, 3624.4081551070517, 0.01, 0.01]
Initial chi-square: 6618.2046241979
New initial 2-planet fit: [3.3215055224924122e-6, 224.7007744715999, 3503.7688679632474, -0.10434715620151964, -0.059124295983427125, 2.5153735392652695e-6, 365.25641337796276, 3624.407971437658, -0.06834687063909667, -0.04486506834956561] in 2 iterations.
New 2-planet chi-square: 4242.060150655276
Maximum: -238.05492297210833 Param: [3.3215055224924122e-6, 224.7007744715999, 3503.7688679632474, -0.10434715620151964, -0.059124295983427125, 2.5153735392652695e-6, 365.25641337796276, 3624.407971437658, -0.06834687063909667, -0.04486506834956561]
INPUTS/EMBtt_10s24yrs.txt loaded.
Initial parameters: [3.0e-6, 224.70077449164074, 3503.7655191551835, 0.01, 0.01, 3.0e-6, 365.2564589487954, 3624.4024194967465, 0.01, 0.01]
Initial chi-square: 6261.469208559376
New initial 2-planet fit: [2.9674519567618313e-6, 224.7007761185275, 3503.765510126062, 0.051931140144422426, -0.004943362466762973, 3.389957657139717e-6, 365.2564534359814, 3624.402441696574, 0.05487028576282078, -0.003241288245100636] in 2 iterations.
New 2-planet chi-square: 4522.59087310821
Maximum: -265.1304697846511 Param: [2.9674534766840894e-6, 224.70077611852787, 3503.765510126065, 0.05193113950900548, -0.004943351850449871, 3.3899570795640223e-6, 365.25645343597984, 3624.4024416965676, 0.05487028694413663, -0.003241295797146143]
INPUTS/tt_10s24yrs.txt loaded.
Initial parameters: [3.0e-6, 224.70077449238107, 3503.7688413469423, 0.01, 0.01, 3.0e-6, 365.2564691396146, 3624.407603165122, 0.01, 0.01]
Initial chi-square: 8107.096394809667
New initial 2-planet fit: [3.849017153373818e-6, 224.7007763880986, 3503.7688349939904, -0.07296708957977058, -0.051611070727295816, 2.6497500070467584e-6, 365.25645781082954, 3624.407655814771, -0.04173561944222749, -0.04026636075243139] in 2 iterations.
New 2-planet chi-square: 5021.359219047747
Maximum: -268.4258620093001 Param: [3.849017153373818e-6, 224.7007763880986, 3503.7688349939904, -0.07296708957977058, -0.051611070727295816, 2.6497500070467584e-6, 365.25645781082954, 3624.407655814771, -0.04173561944222749, -0.04026636075243139]
INPUTS/EMBtt_10s26yrs.txt loaded.
Initial parameters: [3.0e-6, 224.70077696761982, 3503.765485854957, 0.01, 0.01, 3.0e-6, 365.2564610742028, 3624.402401121628, 0.01, 0.01]
Initial chi-square: 6320.139675724594
New initial 2-planet fit: [2.9314568390492232e-6, 224.70077596676592, 3503.765513158436, 0.052570049337070976, -0.0021413622608491036, 3.378288374858883e-6, 365.2564557277448, 3624.402422935777, 0.05515567614374518, -0.0007513693956902916] in 2 iterations.
New 2-planet chi-square: 4545.329541771781
Maximum: -286.34308735440067 Param: [2.9314568390492232e-6, 224.70077596676592, 3503.765513158436, 0.052570049337070976, -0.0021413622608491036, 3.378288374858883e-6, 365.2564557277448, 3624.402422935777, 0.05515567614374518, -0.0007513693956902916]
INPUTS/tt_10s26yrs.txt loaded.
Initial parameters: [3.0e-6, 224.7007769690896, 3503.7688080365533, 0.01, 0.01, 3.0e-6, 365.25646054836227, 3624.4076684977467, 0.01, 0.01]
Initial chi-square: 8505.006612827545
New initial 2-planet fit: [3.887120533568761e-6, 224.70077426940097, 3503.768863520992, -0.06673215851548553, -0.051403534020727566, 2.663313543755083e-6, 365.2564527288841, 3624.4076976261294, -0.03695560684570952, -0.0402719700046919] in 2 iterations.
New 2-planet chi-square: 5057.764821365337
Maximum: -289.97511761251553 Param: [3.887120533568761e-6, 224.70077426940097, 3503.768863520992, -0.06673215851548553, -0.051403534020727566, 2.663313543755083e-6, 365.2564527288841, 3624.4076976261294, -0.03695560684570952, -0.0402719700046919]
INPUTS/EMBtt_10s28yrs.txt loaded.
Initial parameters: [3.0e-6, 224.70078109083914, 3503.7654229307213, 0.01, 0.01, 3.0e-6, 365.25644439476997, 3624.4025464618435, 0.01, 0.01]
Initial chi-square: 6475.207430004267
New initial 2-planet fit: [2.915650011678203e-6, 224.70077657055788, 3503.765504174005, 0.05076427814053954, -0.0041803540163076105, 3.37393103554091e-6, 365.256453372271, 3624.402444115939, 0.05388376536807297, -0.002181876010931548] in 2 iterations.
New 2-planet chi-square: 4555.9950583360205
Maximum: -307.4832722569631 Param: [2.915651218992416e-6, 224.70077657055782, 3503.765504174003, 0.05076427660112767, -0.004180346249918499, 3.3739306049539514e-6, 365.25645337227104, 3624.4024441159427, 0.05388376543542677, -0.0021818826314736334]
INPUTS/tt_10s28yrs.txt loaded.
Initial parameters: [3.0e-6, 224.70078109161884, 3503.7687451224615, 0.01, 0.01, 3.0e-6, 365.25643799632076, 3624.4078686077587, 0.01, 0.01]
Initial chi-square: 9194.78149009333
New initial 2-planet fit: [3.7266375563377907e-6, 224.7007768837425, 3503.768826601462, -0.07685567050314356, -0.06400458168910055, 2.624836126575931e-6, 365.2564548540533, 3624.4076807372057, -0.04453703049495294, -0.04989273215234202] in 2 iterations.
New 2-planet chi-square: 5307.999317435488
Maximum: -313.0594147404058 Param: [3.7266375563377907e-6, 224.7007768837425, 3503.768826601462, -0.07685567050314356, -0.06400458168910055, 2.624836126575931e-6, 365.2564548540533, 3624.4076807372057, -0.04453703049495294, -0.04989273215234202]
INPUTS/EMBtt_10s30yrs.txt loaded.
Initial parameters: [3.0e-6, 224.70076943488036, 3503.7656045328818, 0.01, 0.01, 3.0e-6, 365.25642707141543, 3624.402715713122, 0.01, 0.01]
Initial chi-square: 6858.914200384102
New initial 2-planet fit: [2.8287294523596593e-6, 224.7007738079714, 3503.7655490308407, 0.036322445835447414, 0.004637350910716884, 3.3115464803436493e-6, 365.25643316891416, 3624.4026357132875, 0.04174410306808385, 0.004425687273850946] in 2 iterations.
New 2-planet chi-square: 4966.873485648411
Maximum: -331.91128790836314 Param: [2.8287328276510006e-6, 224.7007738079713, 3503.765549030837, 0.036322443464256296, 0.004637375397246615, 3.3115451428193257e-6, 365.2564331689148, 3624.4026357133, 0.041744104564744255, 0.004425668407276662]
INPUTS/tt_10s30yrs.txt loaded.
Initial parameters: [3.0e-6, 224.70076943617812, 3503.768926716718, 0.01, 0.01, 3.0e-6, 365.25642972954904, 3624.407954263734, 0.01, 0.01]
Initial chi-square: 9351.871947462052
New initial 2-planet fit: [3.5951477078160803e-6, 224.7007733948519, 3503.7688814220483, -0.0899542513628647, -0.057547167234643475, 2.594623446987104e-6, 365.2564391621608, 3624.407829681899, -0.055352738910474465, -0.045063060031553616] in 2 iterations.
New 2-planet chi-square: 5552.836131476381
Maximum: -336.26049954499746 Param: [3.5951477078160803e-6, 224.7007733948519, 3503.7688814220483, -0.0899542513628647, -0.057547167234643475, 2.594623446987104e-6, 365.2564391621608, 3624.407829681899, -0.055352738910474465, -0.045063060031553616]
INPUTS/EMBtt_30s16yrs.txt loaded.
Initial parameters: [3.0e-6, 224.70079427943273, 3503.765314303486, 0.01, 0.01, 3.0e-6, 365.2564415786322, 3624.402659546883, 0.01, 0.01]
Initial chi-square: 365.80269679526987
New initial 2-planet fit: [2.176648213492872e-6, 224.70079394214915, 3503.765357924091, -0.0069373876666926106, 0.002139368361928647, 2.9591207419019566e-6, 365.2564399339553, 3624.402620419694, 0.004478214647715466, 0.0018721090397895313] in 2 iterations.
New 2-planet chi-square: 281.96900104162006
Maximum: -118.47773992974254 Param: [2.1766556074502042e-6, 224.70079394215034, 3503.7653579240755, -0.0069374169609963884, 0.002139351674881588, 2.959117965076671e-6, 365.2564399339509, 3624.4026204196794, 0.004478237314882669, 0.001872122735719381]
INPUTS/tt_30s16yrs.txt loaded.
Initial parameters: [3.0e-6, 224.70079428197084, 3503.7686364755145, 0.01, 0.01, 3.0e-6, 365.2564600162658, 3624.4078247291764, 0.01, 0.01]
Initial chi-square: 479.702026917207
New initial 2-planet fit: [2.6353826283881544e-6, 224.70079393071552, 3503.7686919207304, -0.22366345440229163, -0.030857405164754242, 2.020768233241305e-6, 365.25645586085176, 3624.4077607981417, -0.16653968254169085, -0.024238032340089154] in 2 iterations.
New 2-planet chi-square: 313.3182726087439
Maximum: -120.6916099052668 Param: [2.6353826283881544e-6, 224.70079393071552, 3503.7686919207304, -0.22366345440229163, -0.030857405164754242, 2.020768233241305e-6, 365.25645586085176, 3624.4077607981417, -0.16653968254169085, -0.024238032340089154]
INPUTS/EMBtt_30s18yrs.txt loaded.
Initial parameters: [3.0e-6, 224.7007895015485, 3503.7653568549476, 0.01, 0.01, 3.0e-6, 365.256418500377, 3624.402786379083, 0.01, 0.01]
Initial chi-square: 394.1418389235007
New initial 2-planet fit: [2.2495456933507964e-6, 224.70078497722832, 3503.7654393489934, 0.01768505881994319, 0.0028144141048830197, 3.070365753691287e-6, 365.256414806912, 3624.402759866767, 0.02345345287570358, 0.001975804070243884] in 2 iterations.
New 2-planet chi-square: 300.2119249252599
Maximum: -134.05548307945887 Param: [2.249539233452174e-6, 224.70078497722753, 3503.7654393490084, 0.017685087397009826, 0.0028144392361714892, 3.070367955088357e-6, 365.25641480692076, 3624.402759866811, 0.023453429451796147, 0.001975783771253487]
INPUTS/tt_30s18yrs.txt loaded.
Initial parameters: [3.0e-6, 224.7007895049667, 3503.768679018094, 0.01, 0.01, 3.0e-6, 365.25642310145236, 3624.408017983419, 0.01, 0.01]
Initial chi-square: 541.4307776065574
New initial 2-planet fit: [2.8233039135616212e-6, 224.70078131694467, 3503.768803189056, -0.1816048722005315, -0.0333769801617336, 2.1319511100826975e-6, 365.2564164847665, 3624.40798082878, -0.13308293185339093, -0.027751152706165894] in 2 iterations.
New 2-planet chi-square: 340.89626482479304
Maximum: -137.04208822352618 Param: [2.823304986160826e-6, 224.70078131694504, 3503.7688031890557, -0.18160487648396323, -0.03337698768690883, 2.1319501145586764e-6, 365.25641648476375, 3624.407980828763, -0.13308292943355016, -0.027751146293892675]
INPUTS/EMBtt_30s20yrs.txt loaded.
Initial parameters: [3.0e-6, 224.70079023483996, 3503.7653414695906, 0.01, 0.01, 3.0e-6, 365.25634833449715, 3624.403213458819, 0.01, 0.01]
Initial chi-square: 454.32233207122965
New initial 2-planet fit: [2.498719226855567e-6, 224.70077922091517, 3503.7654908443324, 0.02182704223113387, -0.0019940715571582068, 3.153340989711183e-6, 365.25636519249605, 3624.403063471, 0.028390080284696875, -0.00016765110726572739] in 2 iterations.
New 2-planet chi-square: 347.8984896164673
Maximum: -152.1496792586776 Param: [2.498719226855567e-6, 224.70077922091517, 3503.7654908443324, 0.02182704223113387, -0.0019940715571582068, 3.153340989711183e-6, 365.25636519249605, 3624.403063471, 0.028390080284696875, -0.00016765110726572739]
INPUTS/tt_30s20yrs.txt loaded.
Initial parameters: [3.0e-6, 224.70079023629296, 3503.7686636529493, 0.01, 0.01, 3.0e-6, 365.2563377904139, 3624.4085419687276, 0.01, 0.01]
Initial chi-square: 657.1239960712105
New initial 2-planet fit: [3.0792974102113847e-6, 224.70077998718702, 3503.7688109878336, -0.153715995227658, -0.04774061154953186, 2.2898498393382437e-6, 365.25636768758113, 3624.4082849993097, -0.10834173091100265, -0.036455673327879974] in 2 iterations.
New 2-planet chi-square: 399.58705422793395
Maximum: -155.75122288498807 Param: [3.0792963553065005e-6, 224.70077998718662, 3503.7688109878313, -0.15371599512529185, -0.04774060497594314, 2.289850800971902e-6, 365.2563676875799, 3624.408284999308, -0.10834173209489031, -0.03645567933399524]
INPUTS/EMBtt_30s22yrs.txt loaded.
Initial parameters: [3.0e-6, 224.70076712114397, 3503.7656000678235, 0.01, 0.01, 3.0e-6, 365.25639462825404, 3624.4029014983066, 0.01, 0.01]
Initial chi-square: 554.7182836981245
New initial 2-planet fit: [2.5379034448318877e-6, 224.7007750770648, 3503.7655340867095, 0.04251322429653602, -0.013335913275282833, 3.3153259382725503e-6, 365.2564047009298, 3624.4027916209516, 0.045298640751950205, -0.00870316621714195] in 2 iterations.
New 2-planet chi-square: 400.15890142115927
Maximum: -170.7680590706325 Param: [2.5379034448318877e-6, 224.7007750770648, 3503.7655340867095, 0.04251322429653602, -0.013335913275282833, 3.3153259382725503e-6, 365.2564047009298, 3624.4027916209516, 0.045298640751950205, -0.00870316621714195]
INPUTS/tt_30s22yrs.txt loaded.
Initial parameters: [3.0e-6, 224.70076712200472, 3503.768922257788, 0.01, 0.01, 3.0e-6, 365.25639592219056, 3624.4081551070526, 0.01, 0.01]
Initial chi-square: 735.3560691317463
New initial 2-planet fit: [3.3215752542331906e-6, 224.7007744715946, 3503.768867962661, -0.10433921755055836, -0.059123570697405474, 2.5154039754391826e-6, 365.2564133779802, 3624.407971437701, -0.06834056644100271, -0.044864525263442576] in 2 iterations.
New 2-planet chi-square: 471.3400167118283
Maximum: -175.43402251635436 Param: [3.3215752542331906e-6, 224.7007744715946, 3503.768867962661, -0.10433921755055836, -0.059123570697405474, 2.5154039754391826e-6, 365.2564133779802, 3624.407971437701, -0.06834056644100271, -0.044864525263442576]
INPUTS/EMBtt_30s24yrs.txt loaded.
Initial parameters: [3.0e-6, 224.70077449164071, 3503.765519155184, 0.01, 0.01, 3.0e-6, 365.2564589487954, 3624.4024194967483, 0.01, 0.01]
Initial chi-square: 695.7188010044837
New initial 2-planet fit: [2.9674810247373567e-6, 224.7007761185569, 3503.7655101252612, 0.051933739829393664, -0.0049411977781513555, 3.389976201788073e-6, 365.2564534359249, 3624.402441697471, 0.054872352349287536, -0.00323957564876619] in 2 iterations.
New 2-planet chi-square: 502.51009694679317
Maximum: -195.91789559447116 Param: [2.9674810247373567e-6, 224.7007761185569, 3503.7655101252612, 0.051933739829393664, -0.0049411977781513555, 3.389976201788073e-6, 365.2564534359249, 3624.402441697471, 0.054872352349287536, -0.00323957564876619]
INPUTS/tt_30s24yrs.txt loaded.
Initial parameters: [3.0e-6, 224.70077449238138, 3503.768841346935, 0.01, 0.01, 3.0e-6, 365.25646913961435, 3624.4076031651257, 0.01, 0.01]
Initial chi-square: 900.7884886680223
New initial 2-planet fit: [3.8490014691882785e-6, 224.7007763880954, 3503.768834994116, -0.0729686596345269, -0.051610865922004395, 2.6497425669287223e-6, 365.25645781086484, 3624.407655814549, -0.041736859679363296, -0.04026619779294705] in 2 iterations.
New 2-planet chi-square: 557.9288020825485
Maximum: -199.21328782129703 Param: [3.8490021073954865e-6, 224.70077638809525, 3503.768834994114, -0.07296865915891698, -0.05161086782747619, 2.649742016403354e-6, 365.256457810865, 3624.4076558145475, -0.04173686037015213, -0.040266195955774124]
INPUTS/EMBtt_30s26yrs.txt loaded.
Initial parameters: [3.0e-6, 224.7007769676198, 3503.765485854959, 0.01, 0.01, 3.0e-6, 365.2564610742032, 3624.402401121622, 0.01, 0.01]
Initial chi-square: 702.2377416161177
New initial 2-planet fit: [2.9314691815258564e-6, 224.70077596678308, 3503.7655131580937, 0.05257102160419991, -0.0021411594855203966, 3.3782946363337673e-6, 365.25645572772765, 3624.402422935967, 0.055156451846421144, -0.0007512306761816458] in 2 iterations.
New 2-planet chi-square: 505.036615630772
Maximum: -211.63745171677968 Param: [2.9314708091206002e-6, 224.70077596678289, 3503.7655131580905, 0.05257102106097611, -0.002141148310169792, 3.378294020823311e-6, 365.2564557277285, 3624.4024229359766, 0.055156452616049546, -0.0007512392100652247]
INPUTS/tt_30s26yrs.txt loaded.
Initial parameters: [3.0e-6, 224.7007769690896, 3503.7688080365538, 0.01, 0.01, 3.0e-6, 365.25646054836216, 3624.4076684977476, 0.01, 0.01]
Initial chi-square: 945.0007347490063
New initial 2-planet fit: [3.887114036719982e-6, 224.70077426939986, 3503.768863521012, -0.06673281650782964, -0.05140308962492671, 2.663310363115605e-6, 365.25645272886106, 3624.4076976264673, -0.03695612923206209, -0.04027161573220479] in 2 iterations.
New 2-planet chi-square: 561.9738690563328
Maximum: -215.2694819840364 Param: [3.887114036719982e-6, 224.70077426939986, 3503.768863521012, -0.06673281650782964, -0.05140308962492671, 2.663310363115605e-6, 365.25645272886106, 3624.4076976264673, -0.03695612923206209, -0.04027161573220479]
INPUTS/EMBtt_30s28yrs.txt loaded.
Initial parameters: [3.0e-6, 224.70078109083943, 3503.765422930715, 0.01, 0.01, 3.0e-6, 365.25644439477026, 3624.40254646184, 0.01, 0.01]
Initial chi-square: 719.4674924862345
New initial 2-planet fit: [2.9156432053383558e-6, 224.7007765705557, 3503.765504174021, 0.05076375691487256, -0.0041795641683001865, 3.3739279269647378e-6, 365.25645337223045, 3624.402444116452, 0.053883350433800825, -0.00218123538229452] in 2 iterations.
New 2-planet chi-square: 506.2216731727388
Maximum: -227.28457518594257 Param: [2.9156432053383558e-6, 224.7007765705557, 3503.765504174021, 0.05076375691487256, -0.0041795641683001865, 3.3739279269647378e-6, 365.25645337223045, 3624.402444116452, 0.053883350433800825, -0.00218123538229452]
INPUTS/tt_30s28yrs.txt loaded.
Initial parameters: [3.0e-6, 224.70078109161872, 3503.7687451224647, 0.01, 0.01, 3.0e-6, 365.2564379963198, 3624.407868607775, 0.01, 0.01]
Initial chi-square: 1021.6423879576585
New initial 2-planet fit: [3.7266322479140792e-6, 224.70077688374357, 3503.768826601458, -0.07685664325425563, -0.06400419032880263, 2.6248282193701668e-6, 365.25645485403044, 3624.407680737462, -0.04453780433413416, -0.04989240951768801] in 2 iterations.
New 2-planet chi-square: 589.7777019989013
Maximum: -232.86071767144765 Param: [3.7266331049773962e-6, 224.70077688374366, 3503.7688266014593, -0.07685664075599322, -0.06400419280724431, 2.6248274976116196e-6, 365.2564548540307, 3624.4076807374604, -0.04453780499120127, -0.04989240743655087]
INPUTS/EMBtt_30s30yrs.txt loaded.
Initial parameters: [3.0e-6, 224.70076943488047, 3503.765604532879, 0.01, 0.01, 3.0e-6, 365.25642707141566, 3624.402715713118, 0.01, 0.01]
Initial chi-square: 762.101577720861
New initial 2-planet fit: [2.8287299151415103e-6, 224.70077380797375, 3503.765549030707, 0.03632245956967036, 0.004638455136879204, 3.3115470803452948e-6, 365.2564331689163, 3624.402635713485, 0.04174412310964615, 0.00442655911495441] in 2 iterations.
New 2-planet chi-square: 551.8748315857795
Maximum: -246.21952938144304 Param: [2.8287332932255823e-6, 224.70077380797366, 3503.7655490307034, 0.03632245784346566, 0.004638479578779039, 3.311545740343965e-6, 365.25643316891694, 3624.402635713497, 0.0417441246377351, 0.00442654033774728]
INPUTS/tt_30s30yrs.txt loaded.
Initial parameters: [3.0e-6, 224.70076943617812, 3503.768926716719, 0.01, 0.01, 3.0e-6, 365.2564297295482, 3624.4079542637487, 0.01, 0.01]
Initial chi-square: 1039.0968832557728
New initial 2-planet fit: [3.595143547291144e-6, 224.70077339485414, 3503.7688814220105, -0.08995448618984338, -0.05754701762429281, 2.594624432960603e-6, 365.25643916215625, 3624.407829682031, -0.055352914912146105, -0.04506295233150813] in 2 iterations.
New 2-planet chi-square: 616.9817924591787
Maximum: -250.56874103349392 Param: [3.595143547291144e-6, 224.70077339485414, 3503.7688814220105, -0.08995448618984338, -0.05754701762429281, 2.594624432960603e-6, 365.25643916215625, 3624.407829682031, -0.055352914912146105, -0.04506295233150813]
INPUTS/EMBtt_60s16yrs.txt loaded.
Initial parameters: [3.0e-6, 224.70079427943273, 3503.765314303486, 0.01, 0.01, 3.0e-6, 365.2564415786322, 3624.402659546883, 0.01, 0.01]
Initial chi-square: 91.45067419881747
New initial 2-planet fit: [2.176648213492872e-6, 224.70079394214915, 3503.765357924091, -0.0069373876666926106, 0.002139368361928647, 2.9591207419019566e-6, 365.2564399339553, 3624.402620419694, 0.004478214647715466, 0.0018721090397895313] in 2 iterations.
New 2-planet chi-square: 70.49225026040502
Maximum: -89.36555834622484 Param: [2.1766556074502042e-6, 224.70079394215034, 3503.7653579240755, -0.0069374169609963884, 0.002139351674881588, 2.959117965076671e-6, 365.2564399339509, 3624.4026204196794, 0.004478237314882669, 0.001872122735719381]
INPUTS/tt_60s16yrs.txt loaded.
Initial parameters: [3.0e-6, 224.70079428197084, 3503.7686364755145, 0.01, 0.01, 3.0e-6, 365.2564600162658, 3624.4078247291764, 0.01, 0.01]
Initial chi-square: 119.92550672930174
New initial 2-planet fit: [2.6353826283881544e-6, 224.70079393071552, 3503.7686919207304, -0.22366345440229163, -0.030857405164754242, 2.020768233241305e-6, 365.25645586085176, 3624.4077607981417, -0.16653968254169085, -0.024238032340089154] in 2 iterations.
New 2-planet chi-square: 78.32956815218597
Maximum: -91.57942832174909 Param: [2.6353826283881544e-6, 224.70079393071552, 3503.7686919207304, -0.22366345440229163, -0.030857405164754242, 2.020768233241305e-6, 365.25645586085176, 3624.4077607981417, -0.16653968254169085, -0.024238032340089154]
INPUTS/EMBtt_60s18yrs.txt loaded.
Initial parameters: [3.0e-6, 224.7007895015485, 3503.7653568549476, 0.01, 0.01, 3.0e-6, 365.256418500377, 3624.402786379083, 0.01, 0.01]
Initial chi-square: 98.53545973087517
New initial 2-planet fit: [2.2495456933507964e-6, 224.70078497722832, 3503.7654393489934, 0.01768505881994319, 0.0028144141048830197, 3.070365753691287e-6, 365.256414806912, 3624.402759866767, 0.02345345287570358, 0.001975804070243884] in 2 iterations.
New 2-planet chi-square: 75.05298123131497
Maximum: -101.47756559314143 Param: [2.249539233452174e-6, 224.70078497722753, 3503.7654393490084, 0.017685087397009826, 0.0028144392361714892, 3.070367955088357e-6, 365.25641480692076, 3624.402759866811, 0.023453429451796147, 0.001975783771253487]
INPUTS/tt_60s18yrs.txt loaded.
Initial parameters: [3.0e-6, 224.7007895049667, 3503.768679018094, 0.01, 0.01, 3.0e-6, 365.25642310145236, 3624.408017983419, 0.01, 0.01]
Initial chi-square: 135.35769440163935
New initial 2-planet fit: [2.8233039135616212e-6, 224.70078131694467, 3503.768803189056, -0.1816048722005315, -0.0333769801617336, 2.1319511100826975e-6, 365.2564164847665, 3624.40798082878, -0.13308293185339093, -0.027751152706165894] in 2 iterations.
New 2-planet chi-square: 85.22406620619826
Maximum: -104.46417073720875 Param: [2.823304986160826e-6, 224.70078131694504, 3503.7688031890557, -0.18160487648396323, -0.03337698768690883, 2.1319501145586764e-6, 365.25641648476375, 3624.407980828763, -0.13308292943355016, -0.027751146293892675]
INPUTS/EMBtt_60s20yrs.txt loaded.
Initial parameters: [3.0e-6, 224.70079023483996, 3503.7653414695906, 0.01, 0.01, 3.0e-6, 365.25634833449715, 3624.403213458819, 0.01, 0.01]
Initial chi-square: 113.58058301780741
New initial 2-planet fit: [2.498719226855567e-6, 224.70077922091517, 3503.7654908443324, 0.02182704223113387, -0.0019940715571582068, 3.153340989711183e-6, 365.25636519249605, 3624.403063471, 0.028390080284696875, -0.00016765110726572739] in 2 iterations.
New 2-planet chi-square: 86.97462240411683
Maximum: -116.10602586956044 Param: [2.498719226855567e-6, 224.70077922091517, 3503.7654908443324, 0.02182704223113387, -0.0019940715571582068, 3.153340989711183e-6, 365.25636519249605, 3624.403063471, 0.028390080284696875, -0.00016765110726572739]
INPUTS/tt_60s20yrs.txt loaded.
Initial parameters: [3.0e-6, 224.70079023629296, 3503.7686636529493, 0.01, 0.01, 3.0e-6, 365.2563377904139, 3624.4085419687276, 0.01, 0.01]
Initial chi-square: 164.28099901780263
New initial 2-planet fit: [3.0792974102113847e-6, 224.70077998718702, 3503.7688109878336, -0.153715995227658, -0.04774061154953186, 2.2898498393382437e-6, 365.25636768758113, 3624.4082849993097, -0.10834173091100265, -0.036455673327879974] in 2 iterations.
New 2-planet chi-square: 99.89676355698349
Maximum: -119.7075694958709 Param: [3.0792963553065005e-6, 224.70077998718662, 3503.7688109878313, -0.15371599512529185, -0.04774060497594314, 2.289850800971902e-6, 365.2563676875799, 3624.408284999308, -0.10834173209489031, -0.03645567933399524]
INPUTS/EMBtt_60s22yrs.txt loaded.
Initial parameters: [3.0e-6, 224.70076712114397, 3503.7656000678235, 0.01, 0.01, 3.0e-6, 365.25639462825404, 3624.4029014983066, 0.01, 0.01]
Initial chi-square: 138.67957092453113
New initial 2-planet fit: [2.5379034448318877e-6, 224.7007750770648, 3503.7655340867095, 0.04251322429653602, -0.013335913275282833, 3.3153259382725503e-6, 365.2564047009298, 3624.4027916209516, 0.045298640751950205, -0.00870316621714195] in 2 iterations.
New 2-planet chi-square: 100.03972535528982
Maximum: -131.25866977871559 Param: [2.5379034448318877e-6, 224.7007750770648, 3503.7655340867095, 0.04251322429653602, -0.013335913275282833, 3.3153259382725503e-6, 365.2564047009298, 3624.4027916209516, 0.045298640751950205, -0.00870316621714195]
INPUTS/tt_60s22yrs.txt loaded.
Initial parameters: [3.0e-6, 224.70076712200472, 3503.768922257788, 0.01, 0.01, 3.0e-6, 365.25639592219056, 3624.4081551070526, 0.01, 0.01]
Initial chi-square: 183.83901728293657
New initial 2-planet fit: [3.3215752542331906e-6, 224.7007744715946, 3503.768867962661, -0.10433921755055836, -0.059123570697405474, 2.5154039754391826e-6, 365.2564133779802, 3624.407971437701, -0.06834056644100271, -0.044864525263442576] in 2 iterations.
New 2-planet chi-square: 117.83500417795707
Maximum: -135.92463322443749 Param: [3.3215752542331906e-6, 224.7007744715946, 3503.768867962661, -0.10433921755055836, -0.059123570697405474, 2.5154039754391826e-6, 365.2564133779802, 3624.407971437701, -0.06834056644100271, -0.044864525263442576]
INPUTS/EMBtt_60s24yrs.txt loaded.
Initial parameters: [3.0e-6, 224.70077449164071, 3503.765519155184, 0.01, 0.01, 3.0e-6, 365.2564589487954, 3624.4024194967483, 0.01, 0.01]
Initial chi-square: 173.92970025112092
New initial 2-planet fit: [2.9674810247373567e-6, 224.7007761185569, 3503.7655101252612, 0.051933739829393664, -0.0049411977781513555, 3.389976201788073e-6, 365.2564534359249, 3624.402441697471, 0.054872352349287536, -0.00323957564876619] in 2 iterations.
New 2-planet chi-square: 125.62752423669829
Maximum: -152.2496232191946 Param: [2.9674810247373567e-6, 224.7007761185569, 3503.7655101252612, 0.051933739829393664, -0.0049411977781513555, 3.389976201788073e-6, 365.2564534359249, 3624.402441697471, 0.054872352349287536, -0.00323957564876619]
INPUTS/tt_60s24yrs.txt loaded.
Initial parameters: [3.0e-6, 224.70077449238138, 3503.768841346935, 0.01, 0.01, 3.0e-6, 365.25646913961435, 3624.4076031651257, 0.01, 0.01]
Initial chi-square: 225.19712216700557
New initial 2-planet fit: [3.8490014691882785e-6, 224.7007763880954, 3503.768834994116, -0.0729686596345269, -0.051610865922004395, 2.6497425669287223e-6, 365.25645781086484, 3624.407655814549, -0.041736859679363296, -0.04026619779294705] in 2 iterations.
New 2-planet chi-square: 139.48220052063712
Maximum: -155.54501544602047 Param: [3.8490021073954865e-6, 224.70077638809525, 3503.768834994114, -0.07296865915891698, -0.05161086782747619, 2.649742016403354e-6, 365.256457810865, 3624.4076558145475, -0.04173686037015213, -0.040266195955774124]
INPUTS/EMBtt_60s26yrs.txt loaded.
Initial parameters: [3.0e-6, 224.7007769676198, 3503.765485854959, 0.01, 0.01, 3.0e-6, 365.2564610742032, 3624.402401121622, 0.01, 0.01]
Initial chi-square: 175.55943540402941
New initial 2-planet fit: [2.9314691815258564e-6, 224.70077596678308, 3503.7655131580937, 0.05257102160419991, -0.0021411594855203966, 3.3782946363337673e-6, 365.25645572772765, 3624.402422935967, 0.055156451846421144, -0.0007512306761816458] in 2 iterations.
New 2-planet chi-square: 126.259153907693
Maximum: -164.50344343870339 Param: [2.9314708091206002e-6, 224.70077596678289, 3503.7655131580905, 0.05257102106097611, -0.002141148310169792, 3.378294020823311e-6, 365.2564557277285, 3624.4024229359766, 0.055156452616049546, -0.0007512392100652247]
INPUTS/tt_60s26yrs.txt loaded.
Initial parameters: [3.0e-6, 224.7007769690896, 3503.7688080365538, 0.01, 0.01, 3.0e-6, 365.25646054836216, 3624.4076684977476, 0.01, 0.01]
Initial chi-square: 236.25018368725156
New initial 2-planet fit: [3.887114036719982e-6, 224.70077426939986, 3503.768863521012, -0.06673281650782964, -0.05140308962492671, 2.663310363115605e-6, 365.25645272886106, 3624.4076976264673, -0.03695612923206209, -0.04027161573220479] in 2 iterations.
New 2-planet chi-square: 140.4934672640832
Maximum: -168.1354737059601 Param: [3.887114036719982e-6, 224.70077426939986, 3503.768863521012, -0.06673281650782964, -0.05140308962492671, 2.663310363115605e-6, 365.25645272886106, 3624.4076976264673, -0.03695612923206209, -0.04027161573220479]
INPUTS/EMBtt_60s28yrs.txt loaded.
Initial parameters: [3.0e-6, 224.70078109083943, 3503.765422930715, 0.01, 0.01, 3.0e-6, 365.25644439477026, 3624.40254646184, 0.01, 0.01]
Initial chi-square: 179.86687312155863
New initial 2-planet fit: [2.9156432053383558e-6, 224.7007765705557, 3503.765504174021, 0.05076375691487256, -0.0041795641683001865, 3.3739279269647378e-6, 365.25645337223045, 3624.402444116452, 0.053883350433800825, -0.00218123538229452] in 2 iterations.
New 2-planet chi-square: 126.5554182931847
Maximum: -176.68483100506657 Param: [2.9156432053383558e-6, 224.7007765705557, 3503.765504174021, 0.05076375691487256, -0.0041795641683001865, 3.3739279269647378e-6, 365.25645337223045, 3624.402444116452, 0.053883350433800825, -0.00218123538229452]
INPUTS/tt_60s28yrs.txt loaded.
Initial parameters: [3.0e-6, 224.70078109161872, 3503.7687451224647, 0.01, 0.01, 3.0e-6, 365.2564379963198, 3624.407868607775, 0.01, 0.01]
Initial chi-square: 255.4105969894146
New initial 2-planet fit: [3.7266322479140792e-6, 224.70077688374357, 3503.768826601458, -0.07685664325425563, -0.06400419032880263, 2.6248282193701668e-6, 365.25645485403044, 3624.407680737462, -0.04453780433413416, -0.04989240951768801] in 2 iterations.
New 2-planet chi-square: 147.44442549972533
Maximum: -182.26097349057162 Param: [3.7266331049773962e-6, 224.70077688374366, 3503.7688266014593, -0.07685664075599322, -0.06400419280724431, 2.6248274976116196e-6, 365.2564548540307, 3624.4076807374604, -0.04453780499120127, -0.04989240743655087]
INPUTS/EMBtt_60s30yrs.txt loaded.
Initial parameters: [3.0e-6, 224.70076943488047, 3503.765604532879, 0.01, 0.01, 3.0e-6, 365.25642707141566, 3624.402715713118, 0.01, 0.01]
Initial chi-square: 190.52539443021524
New initial 2-planet fit: [2.8287299151415103e-6, 224.70077380797375, 3503.765549030707, 0.03632245956967036, 0.004638455136879204, 3.3115470803452948e-6, 365.2564331689163, 3624.402635713485, 0.04174412310964615, 0.00442655911495441] in 2 iterations.
New 2-planet chi-square: 137.96870789644487
Maximum: -192.1540492977673 Param: [2.8287332932255823e-6, 224.70077380797366, 3503.7655490307034, 0.03632245784346566, 0.004638479578779039, 3.311545740343965e-6, 365.25643316891694, 3624.402635713497, 0.0417441246377351, 0.00442654033774728]
INPUTS/tt_60s30yrs.txt loaded.
Initial parameters: [3.0e-6, 224.70076943617812, 3503.768926716719, 0.01, 0.01, 3.0e-6, 365.2564297295482, 3624.4079542637487, 0.01, 0.01]
Initial chi-square: 259.7742208139432
New initial 2-planet fit: [3.595143547291144e-6, 224.70077339485414, 3503.7688814220105, -0.08995448618984338, -0.05754701762429281, 2.594624432960603e-6, 365.25643916215625, 3624.407829682031, -0.055352914912146105, -0.04506295233150813] in 2 iterations.
New 2-planet chi-square: 154.24544811479467
Maximum: -196.50326094981818 Param: [3.595143547291144e-6, 224.70077339485414, 3503.7688814220105, -0.08995448618984338, -0.05754701762429281, 2.594624432960603e-6, 365.25643916215625, 3624.407829682031, -0.055352914912146105, -0.04506295233150813]
INPUTS/EMBtt_80s16yrs.txt loaded.
Initial parameters: [3.0e-6, 224.70079427943244, 3503.7653143034895, 0.01, 0.01, 3.0e-6, 365.2564415786318, 3624.4026595468868, 0.01, 0.01]
Initial chi-square: 51.441004223782684
New initial 2-planet fit: [2.1768044413816544e-6, 224.70079394275209, 3503.765357915051, -0.006929169208876888, 0.00213972173317051, 2.959145040142149e-6, 365.2564399328888, 3624.4026204256998, 0.004485283040467616, 0.0018725502383805743] in 2 iterations.
New 2-planet chi-square: 39.651890726688954
Maximum: -77.28291127952946 Param: [2.1768020585002527e-6, 224.70079394275106, 3503.76535791506, -0.006929146846837041, 0.0021397356110518595, 2.959145823708619e-6, 365.2564399328907, 3624.4026204256975, 0.004485265080234246, 0.0018725387443730087]
INPUTS/tt_80s16yrs.txt loaded.
Initial parameters: [3.0e-6, 224.70079428197076, 3503.768636475515, 0.01, 0.01, 3.0e-6, 365.2564600162662, 3624.4078247291727, 0.01, 0.01]
Initial chi-square: 67.45809752269112
New initial 2-planet fit: [2.6353893362454643e-6, 224.70079393075653, 3503.7686919199705, -0.22366414310356927, -0.030857624508209832, 2.0207590658556755e-6, 365.25645586075996, 3624.407760798712, -0.16654014017009428, -0.024238138046368433] in 2 iterations.
New 2-planet chi-square: 44.06038208728226
Maximum: -79.4967812795739 Param: [2.6353893362454643e-6, 224.70079393075653, 3503.7686919199705, -0.22366414310356927, -0.030857624508209832, 2.0207590658556755e-6, 365.25645586075996, 3624.407760798712, -0.16654014017009428, -0.024238138046368433]
INPUTS/EMBtt_80s18yrs.txt loaded.
Initial parameters: [3.0e-6, 224.70078950154775, 3503.7653568549595, 0.01, 0.01, 3.0e-6, 365.2564185003762, 3624.402786379091, 0.01, 0.01]
Initial chi-square: 55.42619607698539
New initial 2-planet fit: [2.2495358943671394e-6, 224.70078497713754, 3503.765439350304, 0.01768358562145678, 0.002813046655614349, 3.0703551004775085e-6, 365.25641480705923, 3624.402759865612, 0.023452290235748643, 0.001974754881029326] in 2 iterations.
New 2-planet chi-square: 42.2173019398071
Maximum: -87.95650818634492 Param: [2.2495358943671394e-6, 224.70078497713754, 3503.765439350304, 0.01768358562145678, 0.002813046655614349, 3.0703551004775085e-6, 365.25641480705923, 3624.402759865612, 0.023452290235748643, 0.001974754881029326]
INPUTS/tt_80s18yrs.txt loaded.
Initial parameters: [3.0e-6, 224.70078950496662, 3503.768679018094, 0.01, 0.01, 3.0e-6, 365.2564231014526, 3624.4080179834177, 0.01, 0.01]
Initial chi-square: 76.13870310979156
New initial 2-planet fit: [2.8232476280439003e-6, 224.70078131680327, 3503.768803191073, -0.18161453005961842, -0.03337816819561044, 2.1319164731974673e-6, 365.25641648495844, 3624.4079808272254, -0.13309067968494676, -0.027752104728771116] in 2 iterations.
New 2-planet chi-square: 47.93853724415013
Maximum: -90.94311333352587 Param: [2.8232487326530697e-6, 224.70078131680364, 3503.7688031910725, -0.18161453274543998, -0.03337817526685954, 2.131915449166575e-6, 365.2564164849557, 3624.407980827208, -0.13309067619801435, -0.027752098024888667]
INPUTS/EMBtt_80s20yrs.txt loaded.
Initial parameters: [3.0e-6, 224.70079023483981, 3503.7653414695924, 0.01, 0.01, 3.0e-6, 365.2563483344971, 3624.4032134588188, 0.01, 0.01]
Initial chi-square: 63.88907792155082
New initial 2-planet fit: [2.498714293470259e-6, 224.70077922090792, 3503.7654908444524, 0.02182655885990111, -0.00199387976497506, 3.1533382813674317e-6, 365.25636519246075, 3624.4030634712844, 0.028389689526193276, -0.00016750223663914725] in 2 iterations.
New 2-planet chi-square: 48.923225101867665
Maximum: -101.14655810182974 Param: [2.498714293470259e-6, 224.70077922090792, 3503.7654908444524, 0.02182655885990111, -0.00199387976497506, 3.1533382813674317e-6, 365.25636519246075, 3624.4030634712844, 0.028389689526193276, -0.00016750223663914725]
INPUTS/tt_80s20yrs.txt loaded.
Initial parameters: [3.0e-6, 224.70079023629282, 3503.7686636529515, 0.01, 0.01, 3.0e-6, 365.2563377904144, 3624.4085419687212, 0.01, 0.01]
Initial chi-square: 92.4080619182037
New initial 2-planet fit: [3.0792897036858455e-6, 224.70077998717545, 3503.768810988032, -0.15371683071834058, -0.047740635653999, 2.28984868996483e-6, 365.25636768753145, 3624.4082849997158, -0.10834239516481085, -0.036455695866227995] in 2 iterations.
New 2-planet chi-square: 56.19192950214661
Maximum: -104.74810172899988 Param: [3.0792897036858455e-6, 224.70077998717545, 3503.768810988032, -0.15371683071834058, -0.047740635653999, 2.28984868996483e-6, 365.25636768753145, 3624.4082849997158, -0.10834239516481085, -0.036455695866227995]
INPUTS/EMBtt_80s22yrs.txt loaded.
Initial parameters: [3.0e-6, 224.70076712114428, 3503.765600067815, 0.01, 0.01, 3.0e-6, 365.2563946282539, 3624.4029014983075, 0.01, 0.01]
Initial chi-square: 78.00725867112718
New initial 2-planet fit: [2.5379312089780495e-6, 224.70077507705864, 3503.7655340863053, 0.04251611852579309, -0.013334668901189757, 3.3153458016504682e-6, 365.25640470093583, 3624.4027916212053, 0.04530096726641402, -0.00870219507905196] in 2 iterations.
New 2-planet chi-square: 56.27234551149234
Maximum: -114.86079164852943 Param: [2.537932069931633e-6, 224.70077507705886, 3503.765534086309, 0.04251612143002294, -0.013334665211000933, 3.315345449814727e-6, 365.2564047009359, 3624.4027916212026, 0.04530096433978122, -0.008702198016776828]
INPUTS/tt_80s22yrs.txt loaded.
Initial parameters: [3.0e-6, 224.70076712200415, 3503.7689222577987, 0.01, 0.01, 3.0e-6, 365.2563959221906, 3624.4081551070517, 0.01, 0.01]
Initial chi-square: 103.40944725309218
New initial 2-planet fit: [3.3215055224924122e-6, 224.7007744715999, 3503.7688679632474, -0.10434715620151964, -0.059124295983427125, 2.5153735392652695e-6, 365.25641337796276, 3624.407971437658, -0.06834687063909667, -0.04486506834956561] in 2 iterations.
New 2-planet chi-square: 66.28218985398868
Maximum: -119.52675509635766 Param: [3.3215055224924122e-6, 224.7007744715999, 3503.7688679632474, -0.10434715620151964, -0.059124295983427125, 2.5153735392652695e-6, 365.25641337796276, 3624.407971437658, -0.06834687063909667, -0.04486506834956561]
INPUTS/EMBtt_80s24yrs.txt loaded.
Initial parameters: [3.0e-6, 224.70077449164074, 3503.7655191551835, 0.01, 0.01, 3.0e-6, 365.2564589487954, 3624.4024194967465, 0.01, 0.01]
Initial chi-square: 97.83545638374025
New initial 2-planet fit: [2.9674519567618313e-6, 224.7007761185275, 3503.765510126062, 0.051931140144422426, -0.004943362466762973, 3.389957657139717e-6, 365.2564534359814, 3624.402441696574, 0.05487028576282078, -0.003241288245100636] in 2 iterations.
New 2-planet chi-square: 70.66548239231578
Maximum: -134.1256526588214 Param: [2.9674534766840894e-6, 224.70077611852787, 3503.765510126065, 0.05193113950900548, -0.004943351850449871, 3.3899570795640223e-6, 365.25645343597984, 3624.4024416965676, 0.05487028694413663, -0.003241295797146143]
INPUTS/tt_80s24yrs.txt loaded.
Initial parameters: [3.0e-6, 224.70077449238107, 3503.7688413469423, 0.01, 0.01, 3.0e-6, 365.2564691396146, 3624.407603165122, 0.01, 0.01]
Initial chi-square: 126.67338116890105
New initial 2-planet fit: [3.849017153373818e-6, 224.7007763880986, 3503.7688349939904, -0.07296708957977058, -0.051611070727295816, 2.6497500070467584e-6, 365.25645781082954, 3624.407655814771, -0.04173561944222749, -0.04026636075243139] in 2 iterations.
New 2-planet chi-square: 78.45873779762104
Maximum: -137.42104488347042 Param: [3.849017153373818e-6, 224.7007763880986, 3503.7688349939904, -0.07296708957977058, -0.051611070727295816, 2.6497500070467584e-6, 365.25645781082954, 3624.407655814771, -0.04173561944222749, -0.04026636075243139]
INPUTS/EMBtt_80s26yrs.txt loaded.
Initial parameters: [3.0e-6, 224.70077696761982, 3503.765485854957, 0.01, 0.01, 3.0e-6, 365.2564610742028, 3624.402401121628, 0.01, 0.01]
Initial chi-square: 98.75218243319678
New initial 2-planet fit: [2.9314568390492232e-6, 224.70077596676592, 3503.765513158436, 0.052570049337070976, -0.0021413622608491036, 3.378288374858883e-6, 365.2564557277448, 3624.402422935777, 0.05515567614374518, -0.0007513693956902916] in 2 iterations.
New 2-planet chi-square: 71.02077409018408
Maximum: -144.94106252017184 Param: [2.9314568390492232e-6, 224.70077596676592, 3503.765513158436, 0.052570049337070976, -0.0021413622608491036, 3.378288374858883e-6, 365.2564557277448, 3624.402422935777, 0.05515567614374518, -0.0007513693956902916]
INPUTS/tt_80s26yrs.txt loaded.
Initial parameters: [3.0e-6, 224.7007769690896, 3503.7688080365533, 0.01, 0.01, 3.0e-6, 365.25646054836227, 3624.4076684977467, 0.01, 0.01]
Initial chi-square: 132.8907283254304
New initial 2-planet fit: [3.887120533568761e-6, 224.70077426940097, 3503.768863520992, -0.06673215851548553, -0.051403534020727566, 2.663313543755083e-6, 365.2564527288841, 3624.4076976261294, -0.03695560684570952, -0.0402719700046919] in 2 iterations.
New 2-planet chi-square: 79.0275753338334
Maximum: -148.57309277828674 Param: [3.887120533568761e-6, 224.70077426940097, 3503.768863520992, -0.06673215851548553, -0.051403534020727566, 2.663313543755083e-6, 365.2564527288841, 3624.4076976261294, -0.03695560684570952, -0.0402719700046919]
INPUTS/EMBtt_80s28yrs.txt loaded.
Initial parameters: [3.0e-6, 224.70078109083914, 3503.7654229307213, 0.01, 0.01, 3.0e-6, 365.25644439476997, 3624.4025464618435, 0.01, 0.01]
Initial chi-square: 101.17511609381667
New initial 2-planet fit: [2.915650011678203e-6, 224.70077657055788, 3503.765504174005, 0.05076427814053954, -0.0041803540163076105, 3.37393103554091e-6, 365.256453372271, 3624.402444115939, 0.05388376536807297, -0.002181876010931548] in 2 iterations.
New 2-planet chi-square: 71.18742278650032
Maximum: -155.68403971433506 Param: [2.915651218992416e-6, 224.70077657055782, 3503.765504174003, 0.05076427660112767, -0.004180346249918499, 3.3739306049539514e-6, 365.25645337227104, 3624.4024441159427, 0.05388376543542677, -0.0021818826314736334]
INPUTS/tt_80s28yrs.txt loaded.
Initial parameters: [3.0e-6, 224.70078109161884, 3503.7687451224615, 0.01, 0.01, 3.0e-6, 365.25643799632076, 3624.4078686077587, 0.01, 0.01]
Initial chi-square: 143.66846078270828
New initial 2-planet fit: [3.7266375563377907e-6, 224.7007768837425, 3503.768826601462, -0.07685567050314356, -0.06400458168910055, 2.624836126575931e-6, 365.2564548540533, 3624.4076807372057, -0.04453703049495294, -0.04989273215234202] in 2 iterations.
New 2-planet chi-square: 82.9374893349295
Maximum: -161.26018219777782 Param: [3.7266375563377907e-6, 224.7007768837425, 3503.768826601462, -0.07685567050314356, -0.06400458168910055, 2.624836126575931e-6, 365.2564548540533, 3624.4076807372057, -0.04453703049495294, -0.04989273215234202]
INPUTS/EMBtt_80s30yrs.txt loaded.
Initial parameters: [3.0e-6, 224.70076943488036, 3503.7656045328818, 0.01, 0.01, 3.0e-6, 365.25642707141543, 3624.402715713122, 0.01, 0.01]
Initial chi-square: 107.17053438100159
New initial 2-planet fit: [2.8287294523596593e-6, 224.7007738079714, 3503.7655490308407, 0.036322445835447414, 0.004637350910716884, 3.3115464803436493e-6, 365.25643316891416, 3624.4026357132875, 0.04174410306808385, 0.004425687273850946] in 2 iterations.
New 2-planet chi-square: 77.60739821325642
Maximum: -169.7148476573359 Param: [2.8287328276510006e-6, 224.7007738079713, 3503.765549030837, 0.036322443464256296, 0.004637375397246615, 3.3115451428193257e-6, 365.2564331689148, 3624.4026357133, 0.041744104564744255, 0.004425668407276662]
INPUTS/tt_80s30yrs.txt loaded.
Initial parameters: [3.0e-6, 224.70076943617812, 3503.768926716718, 0.01, 0.01, 3.0e-6, 365.25642972954904, 3624.407954263734, 0.01, 0.01]
Initial chi-square: 146.12299917909456
New initial 2-planet fit: [3.5951477078160803e-6, 224.7007733948519, 3503.7688814220483, -0.0899542513628647, -0.057547167234643475, 2.594623446987104e-6, 365.2564391621608, 3624.407829681899, -0.055352738910474465, -0.045063060031553616] in 2 iterations.
New 2-planet chi-square: 86.76306455431845
Maximum: -174.0640592939703 Param: [3.5951477078160803e-6, 224.7007733948519, 3503.7688814220483, -0.0899542513628647, -0.057547167234643475, 2.594623446987104e-6, 365.2564391621608, 3624.407829681899, -0.055352738910474465, -0.045063060031553616]
INPUTS/EMBtt_90s16yrs.txt loaded.
Initial parameters: [3.0e-6, 224.70079427943276, 3503.7653143034854, 0.01, 0.01, 3.0e-6, 365.2564415786316, 3624.402659546888, 0.01, 0.01]
Initial chi-square: 40.64474409504062
New initial 2-planet fit: [2.176636427917387e-6, 224.7007939421471, 3503.7653579242074, -0.006939111065536591, 0.002140197087710261, 2.9591109961707545e-6, 365.25643993399626, 3624.4026204197016, 0.004476831027331772, 0.0018727602400732694] in 2 iterations.
New 2-planet chi-square: 31.329888998691416
Maximum: -72.3360238017051 Param: [2.1766440047808212e-6, 224.70079394214832, 3503.7653579241914, -0.006939140682572433, 0.0021401791372334398, 2.9591081524852064e-6, 365.2564399339918, 3624.4026204196866, 0.004476854530700571, 0.0018727741880543937]
INPUTS/tt_90s16yrs.txt loaded.
Initial parameters: [3.0e-6, 224.7007942819712, 3503.768636475508, 0.01, 0.01, 3.0e-6, 365.25646001626563, 3624.407824729178, 0.01, 0.01]
Initial chi-square: 53.30022523400736
New initial 2-planet fit: [2.635270976430969e-6, 224.7007939305335, 3503.768691923859, -0.2236845911200434, -0.03085827909270806, 2.020708075678602e-6, 365.2564558614727, 3624.407760794466, -0.1665566258096971, -0.024238716381234884] in 2 iterations.
New 2-planet chi-square: 34.81314140220592
Maximum: -74.54989378195079 Param: [2.6352718655292803e-6, 224.70079393053342, 3503.7686919238536, -0.2236845973588934, -0.030858285880982942, 2.0207072648919677e-6, 365.2564558614725, 3624.407760794466, -0.1665566209922945, -0.024238711018854657]
INPUTS/EMBtt_90s18yrs.txt loaded.
Initial parameters: [3.0e-6, 224.70078950154866, 3503.7653568549454, 0.01, 0.01, 3.0e-6, 365.25641850037636, 3624.4027863790907, 0.01, 0.01]
Initial chi-square: 43.79353766624874
New initial 2-planet fit: [2.2494919779723157e-6, 224.70078497699478, 3503.7654393522553, 0.017678135091350043, 0.0028126104280100732, 3.070322390443701e-6, 365.25641480709845, 3624.4027598654275, 0.023447853196509133, 0.001974366098941749] in 2 iterations.
New 2-planet chi-square: 33.356880528803416
Maximum: -82.42070549906127 Param: [2.249486153894785e-6, 224.70078497699407, 3503.7654393522694, 0.01767816284523381, 0.0028126333383625773, 3.070324372529615e-6, 365.2564148071064, 3624.4027598654666, 0.023447832414939952, 0.001974347665707669]
INPUTS/tt_90s18yrs.txt loaded.
Initial parameters: [3.0e-6, 224.70078950496708, 3503.768679018087, 0.01, 0.01, 3.0e-6, 365.25642310145207, 3624.4080179834227, 0.01, 0.01]
Initial chi-square: 60.15897532391293
New initial 2-planet fit: [2.823286131721723e-6, 224.7007813169237, 3503.768803189321, -0.1816084865425652, -0.0333770015518896, 2.1319356801953242e-6, 365.2564164847462, 3624.407980828862, -0.13308582032244176, -0.02775117888736266] in 2 iterations.
New 2-planet chi-square: 37.877362757084526
Maximum: -85.40731065536448 Param: [2.823286131721723e-6, 224.7007813169237, 3503.768803189321, -0.1816084865425652, -0.0333770015518896, 2.1319356801953242e-6, 365.2564164847462, 3624.407980828862, -0.13308582032244176, -0.02775117888736266]
INPUTS/EMBtt_90s20yrs.txt loaded.
Initial parameters: [3.0e-6, 224.70079023484027, 3503.765341469585, 0.01, 0.01, 3.0e-6, 365.2563483344971, 3624.40321345882, 0.01, 0.01]
Initial chi-square: 50.480259143288784
New initial 2-planet fit: [2.498731603420609e-6, 224.70077922092582, 3503.765490843972, 0.02182877886435565, -0.0019934149028685904, 3.1533526011429902e-6, 365.2563651924776, 3624.4030634713117, 0.028391477248616674, -0.00016714187628029086] in 2 iterations.
New 2-planet chi-square: 38.6553877374575
Maximum: -95.0218402494792 Param: [2.498731603420609e-6, 224.70077922092582, 3503.765490843972, 0.02182877886435565, -0.0019934149028685904, 3.1533526011429902e-6, 365.2563651924776, 3624.4030634713117, 0.028391477248616674, -0.00016714187628029086]
INPUTS/tt_90s20yrs.txt loaded.
Initial parameters: [3.0e-6, 224.70079023629302, 3503.7686636529475, 0.01, 0.01, 3.0e-6, 365.25633779041436, 3624.408541968721, 0.01, 0.01]
Initial chi-square: 73.01377732088494
New initial 2-planet fit: [3.0792894663017182e-6, 224.7007799871803, 3503.7688109880273, -0.15371711528503884, -0.04774090011078747, 2.2898458602972772e-6, 365.25636768757903, 3624.4082849991782, -0.10834263048200943, -0.03645589619578234] in 2 iterations.
New 2-planet chi-square: 44.398561580093485
Maximum: -98.62338387378486 Param: [3.0792894663017182e-6, 224.7007799871803, 3503.7688109880273, -0.15371711528503884, -0.04774090011078747, 2.2898458602972772e-6, 365.25636768757903, 3624.4082849991782, -0.10834263048200943, -0.03645589619578234]
INPUTS/EMBtt_90s22yrs.txt loaded.
Initial parameters: [3.0e-6, 224.70076712114422, 3503.765600067818, 0.01, 0.01, 3.0e-6, 365.25639462825325, 3624.4029014983184, 0.01, 0.01]
Initial chi-square: 61.63536487427904
New initial 2-planet fit: [2.5379021384239224e-6, 224.70077507706452, 3503.7655340866654, 0.04251298640051666, -0.01333542540486592, 3.3153244259115635e-6, 365.2564047009341, 3624.402791621039, 0.04529845971605906, -0.00870277253397939] in 2 iterations.
New 2-planet chi-square: 44.462100153211985
Maximum: -108.14715861354101 Param: [2.5379021384239224e-6, 224.70077507706452, 3503.7655340866654, 0.04251298640051666, -0.01333542540486592, 3.3153244259115635e-6, 365.2564047009341, 3624.402791621039, 0.04529845971605906, -0.00870277253397939]
INPUTS/tt_90s22yrs.txt loaded.
Initial parameters: [3.0e-6, 224.70076712200472, 3503.768922257785, 0.01, 0.01, 3.0e-6, 365.2563959221909, 3624.4081551070467, 0.01, 0.01]
Initial chi-square: 81.70622991395292
New initial 2-planet fit: [3.3215884652543467e-6, 224.70077447160475, 3503.7688679623207, -0.10433741818076045, -0.05912275703479452, 2.515414137455077e-6, 365.25641337796674, 3624.4079714382146, -0.06833912249483166, -0.04486390917148495] in 2 iterations.
New 2-planet chi-square: 52.371112978254445
Maximum: -112.81312206786289 Param: [3.3215877620860047e-6, 224.70077447160497, 3503.768867962323, -0.10433741991555591, -0.05912275504400395, 2.5154147769700072e-6, 365.25641337796657, 3624.4079714382174, -0.06833912238636465, -0.04486391191925199]
INPUTS/EMBtt_90s24yrs.txt loaded.
Initial parameters: [3.0e-6, 224.70077449164086, 3503.7655191551817, 0.01, 0.01, 3.0e-6, 365.2564589487947, 3624.4024194967587, 0.01, 0.01]
Initial chi-square: 77.30208901241365
New initial 2-planet fit: [2.9674482906774898e-6, 224.70077611853816, 3503.7655101258592, 0.05193070650551802, -0.004942115354686512, 3.3899546626100016e-6, 365.25645343598217, 3624.402441696832, 0.054869944257392764, -0.0032403013776411004] in 2 iterations.
New 2-planet chi-square: 55.834455205672505
Maximum: -126.70532140237871 Param: [2.9674497738605573e-6, 224.7007761185385, 3503.765510125862, 0.05193070586196526, -0.004942106014063012, 3.3899540985248617e-6, 365.2564534359807, 3624.4024416968255, 0.05486994569326786, -0.003240308755531712]
INPUTS/tt_90s24yrs.txt loaded.
Initial parameters: [3.0e-6, 224.70077449238156, 3503.7688413469305, 0.01, 0.01, 3.0e-6, 365.25646913961447, 3624.407603165125, 0.01, 0.01]
Initial chi-square: 100.08760985061475
New initial 2-planet fit: [3.849006385087777e-6, 224.70077638809505, 3503.7688349941136, -0.07296796996035917, -0.05161122814018266, 2.6497473287430075e-6, 365.2564578108525, 3624.4076558145525, -0.041736312688948306, -0.04026648946883394] in 2 iterations.
New 2-planet chi-square: 61.99208912089412
Maximum: -130.00071363551658 Param: [3.849006385087777e-6, 224.70077638809505, 3503.7688349941136, -0.07296796996035917, -0.05161122814018266, 2.6497473287430075e-6, 365.2564578108525, 3624.4076558145525, -0.041736312688948306, -0.04026648946883394]
INPUTS/EMBtt_90s26yrs.txt loaded.
Initial parameters: [3.0e-6, 224.7007769676203, 3503.765485854945, 0.01, 0.01, 3.0e-6, 365.25646107420215, 3624.4024011216393, 0.01, 0.01]
Initial chi-square: 78.02641578313968
New initial 2-planet fit: [2.931467025896639e-6, 224.70077596679587, 3503.7655131578485, 0.05257097649510704, -0.002140222372501555, 3.378295396289335e-6, 365.2564557276874, 3624.40242293648, 0.055156417527815665, -0.0007504664332079248] in 2 iterations.
New 2-planet chi-square: 56.11517952233168
Maximum: -136.93181609207508 Param: [2.931467025896639e-6, 224.70077596679587, 3503.7655131578485, 0.05257097649510704, -0.002140222372501555, 3.378295396289335e-6, 365.2564557276874, 3624.40242293648, 0.055156417527815665, -0.0007504664332079248]
INPUTS/tt_90s26yrs.txt loaded.
Initial parameters: [3.0e-6, 224.70077696909024, 3503.768808036535, 0.01, 0.01, 3.0e-6, 365.2564605483622, 3624.407668497748, 0.01, 0.01]
Initial chi-square: 105.00008167776319
New initial 2-planet fit: [3.887115424775999e-6, 224.70077426939136, 3503.768863521194, -0.06673273515176877, -0.05140396367858267, 2.663309505070681e-6, 365.2564527289118, 3624.407697625737, -0.036956066191128886, -0.04027229960294155] in 2 iterations.
New 2-planet chi-square: 62.441541009513394
Maximum: -140.5638463563768 Param: [3.887115971957563e-6, 224.70077426939142, 3503.768863521195, -0.06673273356107433, -0.05140396507444227, 2.6633090326177103e-6, 365.2564527289115, 3624.4076976257315, -0.03695606714456784, -0.04027229777400919]
INPUTS/EMBtt_90s28yrs.txt loaded.
Initial parameters: [3.0e-6, 224.7007810908398, 3503.7654229307036, 0.01, 0.01, 3.0e-6, 365.2564443947696, 3624.402546461851, 0.01, 0.01]
Initial chi-square: 79.94083254390608
New initial 2-planet fit: [2.915641438460087e-6, 224.70077657055472, 3503.7655041740954, 0.0507635873683025, -0.004180150289543951, 3.373926715827041e-6, 365.25645337225336, 3624.402444116126, 0.05388321376144621, -0.002181695651716501] in 2 iterations.
New 2-planet chi-square: 56.246852571228274
Maximum: -147.08587811088606 Param: [2.915641438460087e-6, 224.70077657055472, 3503.7655041740954, 0.0507635873683025, -0.004180150289543951, 3.373926715827041e-6, 365.25645337225336, 3624.402444116126, 0.05388321376144621, -0.002181695651716501]
INPUTS/tt_90s28yrs.txt loaded.
Initial parameters: [3.0e-6, 224.70078109161926, 3503.7687451224488, 0.01, 0.01, 3.0e-6, 365.25643799632036, 3624.407868607766, 0.01, 0.01]
Initial chi-square: 113.51582094010251
New initial 2-planet fit: [3.7266483779939835e-6, 224.70077688374693, 3503.768826601386, -0.0768546785323893, -0.0640050956189901, 2.6248393964170443e-6, 365.2564548541113, 3624.4076807364777, -0.044536251664465266, -0.04989313371912807] in 2 iterations.
New 2-planet chi-square: 65.5308557749276
Maximum: -152.66202059715613 Param: [3.7266483779939835e-6, 224.70077688374693, 3503.768826601386, -0.0768546785323893, -0.0640050956189901, 2.6248393964170443e-6, 365.2564548541113, 3624.4076807364777, -0.044536251664465266, -0.04989313371912807]
INPUTS/EMBtt_90s30yrs.txt loaded.
Initial parameters: [3.0e-6, 224.70076943488073, 3503.765604532872, 0.01, 0.01, 3.0e-6, 365.2564270714154, 3624.402715713124, 0.01, 0.01]
Initial chi-square: 84.67795307327047
New initial 2-planet fit: [2.8287177273947853e-6, 224.70077380797775, 3503.7655490306756, 0.03632123047215449, 0.0046392279514274, 3.3115391304925906e-6, 365.25643316891524, 3624.402635713622, 0.0417431472887386, 0.00442717267532176] in 2 iterations.
New 2-planet chi-square: 61.319425747023246
Maximum: -160.5277708750424 Param: [2.8287177273947853e-6, 224.70077380797775, 3503.7655490306756, 0.03632123047215449, 0.0046392279514274, 3.3115391304925906e-6, 365.25643316891524, 3624.402635713622, 0.0417431472887386, 0.00442717267532176]
INPUTS/tt_90s30yrs.txt loaded.
Initial parameters: [3.0e-6, 224.7007694361784, 3503.7689267167098, 0.01, 0.01, 3.0e-6, 365.256429729548, 3624.407954263752, 0.01, 0.01]
Initial chi-square: 115.45520925971293
New initial 2-planet fit: [3.595127708153984e-6, 224.70077339485144, 3503.7688814221647, -0.0899564653022567, -0.05754717005913675, 2.5946130774654522e-6, 365.25643916216075, 3624.407829681878, -0.05535448863394444, -0.04506305697286497] in 2 iterations.
New 2-planet chi-square: 68.55353251455672
Maximum: -164.87698252824302 Param: [3.595127708153984e-6, 224.70077339485144, 3503.7688814221647, -0.0899564653022567, -0.05754717005913675, 2.5946130774654522e-6, 365.25643916216075, 3624.407829681878, -0.05535448863394444, -0.04506305697286497]
INPUTS/EMBtt_100s16yrs.txt loaded.
Initial parameters: [3.0e-6, 224.70079427943307, 3503.76531430348, 0.01, 0.01, 3.0e-6, 365.2564415786317, 3624.4026595468877, 0.01, 0.01]
Initial chi-square: 32.92224272126104
New initial 2-planet fit: [2.1766153220601215e-6, 224.70079394209185, 3503.7653579252046, -0.006942774675413742, 0.0021390713844818025, 2.9590884327700374e-6, 365.25643993408, 3624.402620418969, 0.004473896526464511, 0.0018718770821069403] in 2 iterations.
New 2-planet chi-square: 25.377210097529716
Maximum: -67.91088215118448 Param: [2.176622873621632e-6, 224.70079394209307, 3503.7653579251887, -0.006942803838850321, 0.0021390532481822427, 2.959085602148922e-6, 365.25643993407556, 3624.4026204189545, 0.004473920644410338, 0.0018718914035818935]
INPUTS/tt_100s16yrs.txt loaded.
Initial parameters: [3.0e-6, 224.70079428197144, 3503.768636475505, 0.01, 0.01, 3.0e-6, 365.25646001626586, 3624.407824729175, 0.01, 0.01]
Initial chi-square: 43.17318243424021
New initial 2-planet fit: [2.635332378489045e-6, 224.7007939306781, 3503.7686919212624, -0.22367581161855865, -0.03085776354238735, 2.0207220718654594e-6, 365.25645586105946, 3624.4077607969857, -0.1665494818927431, -0.024238245836327988] in 2 iterations.
New 2-planet chi-square: 28.19864452652157
Maximum: -70.12475211742213 Param: [2.635332378489045e-6, 224.7007939306781, 3503.7686919212624, -0.22367581161855865, -0.03085776354238735, 2.0207220718654594e-6, 365.25645586105946, 3624.4077607969857, -0.1665494818927431, -0.024238245836327988]
INPUTS/EMBtt_100s18yrs.txt loaded.
Initial parameters: [3.0e-6, 224.7007895015487, 3503.765356854943, 0.01, 0.01, 3.0e-6, 365.2564185003766, 3624.4027863790875, 0.01, 0.01]
Initial chi-square: 35.47276551173707
New initial 2-planet fit: [2.2495397537280387e-6, 224.7007849771541, 3503.765439350012, 0.0176842476645321, 0.002812449473332763, 3.0703601222305156e-6, 365.25641480703234, 3624.402759865644, 0.02345279904582367, 0.0019742631046096317] in 2 iterations.
New 2-planet chi-square: 27.019073239634167
Maximum: -77.46876127297463 Param: [2.249533310258726e-6, 224.7007849771533, 3503.765439350027, 0.017684276677299854, 0.0028124749936471365, 3.07036231464608e-6, 365.2564148070411, 3624.402759865687, 0.023452774893961303, 0.0019742429215981057]
INPUTS/tt_100s18yrs.txt loaded.
Initial parameters: [3.0e-6, 224.70078950496742, 3503.7686790180815, 0.01, 0.01, 3.0e-6, 365.256423101453, 3624.4080179834114, 0.01, 0.01]
Initial chi-square: 48.72876999704167
New initial 2-planet fit: [2.8232781149002916e-6, 224.70078131689039, 3503.7688031898256, -0.18160931690419077, -0.03337702570083228, 2.13193511167115e-6, 365.25641648482343, 3624.407980828423, -0.13308650241201558, -0.027751207861757922] in 2 iterations.
New 2-planet chi-square: 30.680663830024095
Maximum: -80.45536641698459 Param: [2.823279197764786e-6, 224.70078131689078, 3503.768803189825, -0.18160932107231112, -0.03337703423543747, 2.1319341123355817e-6, 365.2564164848205, 3624.407980828405, -0.1330864989698065, -0.02775120109579545]
INPUTS/EMBtt_100s20yrs.txt loaded.
Initial parameters: [3.0e-6, 224.70079023484, 3503.7653414695883, 0.01, 0.01, 3.0e-6, 365.2563483344972, 3624.403213458819, 0.01, 0.01]
Initial chi-square: 40.889009879699486
New initial 2-planet fit: [2.498721571280868e-6, 224.70077922091266, 3503.765490844376, 0.02182685607357315, -0.0019939743273847694, 3.153338742143555e-6, 365.2563651924747, 3624.403063471243, 0.028389993162415854, -0.00016752985492684468] in 2 iterations.
New 2-planet chi-square: 31.310864073677166
Maximum: -89.54309344053402 Param: [2.498721571280868e-6, 224.70077922091266, 3503.765490844376, 0.02182685607357315, -0.0019939743273847694, 3.153338742143555e-6, 365.2563651924747, 3624.403063471243, 0.028389993162415854, -0.00016752985492684468]
INPUTS/tt_100s20yrs.txt loaded.
Initial parameters: [3.0e-6, 224.70079023629313, 3503.7686636529465, 0.01, 0.01, 3.0e-6, 365.25633779041505, 3624.4085419687117, 0.01, 0.01]
Initial chi-square: 59.141159631390934
New initial 2-planet fit: [3.0792842992314647e-6, 224.7007799871772, 3503.768810988042, -0.15371796725105907, -0.04774044673517655, 2.28984238309877e-6, 365.25636768749723, 3624.4082849999622, -0.10834330004280893, -0.036455529706881616] in 2 iterations.
New 2-planet chi-square: 35.962834884583145
Maximum: -93.14463706298122 Param: [3.0792842992314647e-6, 224.7007799871772, 3503.768810988042, -0.15371796725105907, -0.04774044673517655, 2.28984238309877e-6, 365.25636768749723, 3624.4082849999622, -0.10834330004280893, -0.036455529706881616]
INPUTS/EMBtt_100s22yrs.txt loaded.
Initial parameters: [3.0e-6, 224.70076712114385, 3503.765600067825, 0.01, 0.01, 3.0e-6, 365.2563946282539, 3624.4029014983093, 0.01, 0.01]
Initial chi-square: 49.92464555871444
New initial 2-planet fit: [2.5378947083491823e-6, 224.70077507706722, 3503.7655340867077, 0.042512010991678784, -0.013335076805439737, 3.3153174022621847e-6, 365.25640470093794, 3624.402791621074, 0.045297675710804, -0.008702493311812073] in 2 iterations.
New 2-planet chi-square: 36.01430111926651
Maximum: -102.14160921721857 Param: [2.537895537254821e-6, 224.70077507706742, 3503.765534086711, 0.04251201456994883, -0.013335073397911885, 3.3153170674324146e-6, 365.256404700938, 3624.4027916210716, 0.04529767389368991, -0.008702495871289977]
INPUTS/tt_100s22yrs.txt loaded.
Initial parameters: [3.0e-6, 224.70076712200475, 3503.7689222577865, 0.01, 0.01, 3.0e-6, 365.2563959221909, 3624.4081551070462, 0.01, 0.01]
Initial chi-square: 66.18204622684337
New initial 2-planet fit: [3.32154308001434e-6, 224.7007744716037, 3503.768867962831, -0.10434273002762033, -0.0591236425223214, 2.5153919164219355e-6, 365.25641337796355, 3624.407971437878, -0.06834335521430737, -0.0448645734284722] in 2 iterations.
New 2-planet chi-square: 42.420601501978815
Maximum: -106.80757266837473 Param: [3.32154308001434e-6, 224.7007744716037, 3503.768867962831, -0.10434273002762033, -0.0591236425223214, 2.5153919164219355e-6, 365.25641337796355, 3624.407971437878, -0.06834335521430737, -0.0448645734284722]
INPUTS/EMBtt_100s24yrs.txt loaded.
Initial parameters: [3.0e-6, 224.7007744916408, 3503.7655191551817, 0.01, 0.01, 3.0e-6, 365.25645894879517, 3624.4024194967524, 0.01, 0.01]
Initial chi-square: 62.61469209988955
New initial 2-planet fit: [2.9674461551770917e-6, 224.70077611852665, 3503.765510126111, 0.05193056105237225, -0.004943271015443867, 3.3899535278678215e-6, 365.2564534359916, 3624.4024416965153, 0.05486982832316887, -0.0032412127560532593] in 2 iterations.
New 2-planet chi-square: 45.22590872976519
Maximum: -120.06760892510894 Param: [2.9674461551770917e-6, 224.70077611852665, 3503.765510126111, 0.05193056105237225, -0.004943271015443867, 3.3899535278678215e-6, 365.2564534359916, 3624.4024416965153, 0.05486982832316887, -0.0032412127560532593]
INPUTS/tt_100s24yrs.txt loaded.
Initial parameters: [3.0e-6, 224.70077449238175, 3503.768841346926, 0.01, 0.01, 3.0e-6, 365.2564691396143, 3624.4076031651266, 0.01, 0.01]
Initial chi-square: 81.07096399753456
New initial 2-planet fit: [3.848965818878683e-6, 224.70077638807558, 3503.768834994651, -0.07297211968137543, -0.05161138860769057, 2.649726202937201e-6, 365.25645781096307, 3624.407655813558, -0.041739595981711716, -0.04026660282601875] in 2 iterations.
New 2-planet chi-square: 50.213592195672206
Maximum: -123.36300115393396 Param: [3.848965818878683e-6, 224.70077638807558, 3503.768834994651, -0.07297211968137543, -0.05161138860769057, 2.649726202937201e-6, 365.25645781096307, 3624.407655813558, -0.041739595981711716, -0.04026660282601875]
INPUTS/EMBtt_100s26yrs.txt loaded.
Initial parameters: [3.0e-6, 224.7007769676197, 3503.7654858549613, 0.01, 0.01, 3.0e-6, 365.2564610742031, 3624.4024011216234, 0.01, 0.01]
Initial chi-square: 63.201396733866915
New initial 2-planet fit: [2.931478101163129e-6, 224.70077596680676, 3503.765513157631, 0.05257197092652487, -0.002140553308833479, 3.3783021729804315e-6, 365.2564557276887, 3624.402422936404, 0.055157210421721524, -0.0007507280034057249] in 2 iterations.
New 2-planet chi-square: 45.45329540624265
Maximum: -129.76730102222194 Param: [2.931478101163129e-6, 224.70077596680676, 3503.765513157631, 0.05257197092652487, -0.002140553308833479, 3.3783021729804315e-6, 365.2564557276887, 3624.402422936404, 0.055157210421721524, -0.0007507280034057249]
INPUTS/tt_100s26yrs.txt loaded.
Initial parameters: [3.0e-6, 224.70077696909038, 3503.768808036533, 0.01, 0.01, 3.0e-6, 365.25646054836284, 3624.4076684977363, 0.01, 0.01]
Initial chi-square: 85.05006614915892
New initial 2-planet fit: [3.887117577755827e-6, 224.7007742693981, 3503.7688635210507, -0.06673252301630836, -0.05140348686306688, 2.663311021868769e-6, 365.2564527288848, 3624.4076976261285, -0.036955897789376094, -0.04027192939578109] in 2 iterations.
New 2-planet chi-square: 50.577648211624194
Maximum: -133.39933128755635 Param: [3.887118155671124e-6, 224.70077426939815, 3503.7688635210516, -0.06673252150344403, -0.051403488565048, 2.6633105244592965e-6, 365.2564527288844, 3624.4076976261226, -0.03695589860142602, -0.040271927596697746]
INPUTS/EMBtt_100s28yrs.txt loaded.
Initial parameters: [3.0e-6, 224.70078109083957, 3503.7654229307095, 0.01, 0.01, 3.0e-6, 365.25644439476974, 3624.402546461849, 0.01, 0.01]
Initial chi-square: 64.75207433984025
New initial 2-planet fit: [2.9156203471806267e-6, 224.70077657054384, 3503.7655041744483, 0.05076158620274289, -0.004180479571372772, 3.3739129231596843e-6, 365.2564533722382, 3624.402444116186, 0.05388161843918803, -0.002181951037390987] in 2 iterations.
New 2-planet chi-square: 45.55995059661837
Maximum: -139.3945604790194 Param: [2.9156203471806267e-6, 224.70077657054384, 3503.7655041744483, 0.05076158620274289, -0.004180479571372772, 3.3739129231596843e-6, 365.2564533722382, 3624.402444116186, 0.05388161843918803, -0.002181951037390987]
INPUTS/tt_100s28yrs.txt loaded.
Initial parameters: [3.0e-6, 224.7007810916197, 3503.7687451224365, 0.01, 0.01, 3.0e-6, 365.2564379963204, 3624.4078686077637, 0.01, 0.01]
Initial chi-square: 91.94781499791935
New initial 2-planet fit: [3.726661693943772e-6, 224.70077688375062, 3503.768826601115, -0.0768534073210602, -0.06400349133426271, 2.624845381907112e-6, 365.25645485404084, 3624.4076807376346, -0.04453523595644521, -0.04989187591168346] in 2 iterations.
New 2-planet chi-square: 53.07999316623478
Maximum: -144.97070294625678 Param: [3.726661693943772e-6, 224.70077688375062, 3503.768826601115, -0.0768534073210602, -0.06400349133426271, 2.624845381907112e-6, 365.25645485404084, 3624.4076807376346, -0.04453523595644521, -0.04989187591168346]
INPUTS/EMBtt_100s30yrs.txt loaded.
Initial parameters: [3.0e-6, 224.70076943488087, 3503.7656045328686, 0.01, 0.01, 3.0e-6, 365.25642707141543, 3624.4027157131227, 0.01, 0.01]
Initial chi-square: 68.58914196988535
New initial 2-planet fit: [2.828709112415723e-6, 224.70077380797824, 3503.765549030774, 0.03632039632718524, 0.004638774630819468, 3.311533308648723e-6, 365.25643316891274, 3624.40263571354, 0.04174247776190088, 0.004426817917543441] in 2 iterations.
New 2-planet chi-square: 49.668734847162746
Maximum: -152.3096506475084 Param: [2.828709112415723e-6, 224.70077380797824, 3503.765549030774, 0.03632039632718524, 0.004638774630819468, 3.311533308648723e-6, 365.25643316891274, 3624.40263571354, 0.04174247776190088, 0.004426817917543441]
INPUTS/tt_100s30yrs.txt loaded.
Initial parameters: [3.0e-6, 224.7007694361788, 3503.768926716698, 0.01, 0.01, 3.0e-6, 365.25642972954904, 3624.407954263733, 0.01, 0.01]
Initial chi-square: 93.51871943446447
New initial 2-planet fit: [3.5952105900652664e-6, 224.70077339485476, 3503.768881421548, -0.08994753701239142, -0.05754590357806065, 2.594653959273678e-6, 365.2564391621733, 3624.4078296821817, -0.055347416524966046, -0.045062083105758065] in 2 iterations.
New 2-planet chi-square: 55.52836132849005
Maximum: -156.6588623011025 Param: [3.5952105900652664e-6, 224.70077339485476, 3503.768881421548, -0.08994753701239142, -0.05754590357806065, 2.594653959273678e-6, 365.2564391621733, 3624.4078296821817, -0.055347416524966046, -0.045062083105758065]
INPUTS/EMBtt_110s16yrs.txt loaded.
Initial parameters: [3.0e-6, 224.70079427943304, 3503.76531430348, 0.01, 0.01, 3.0e-6, 365.2564415786322, 3624.4026595468836, 0.01, 0.01]
Initial chi-square: 27.208465054708647
New initial 2-planet fit: [2.1768292152531627e-6, 224.70079394280287, 3503.7653579141484, -0.006925968671899474, 0.0021397589677623827, 2.959162719065415e-6, 365.25643993277987, 3624.4026204262605, 0.004487865874795521, 0.001872583198609276] in 2 iterations.
New 2-planet chi-square: 20.97290088148123
Maximum: -63.90785457380167 Param: [2.1768262676753658e-6, 224.70079394280177, 3503.765357914159, -0.006925943914556491, 0.0021397750570075025, 2.9591637143270164e-6, 365.2564399327821, 3624.4026204262595, 0.004487846345816407, 0.0018725705326539004]
INPUTS/tt_110s16yrs.txt loaded.
Initial parameters: [3.0e-6, 224.70079428197113, 3503.7686364755095, 0.01, 0.01, 3.0e-6, 365.2564600162659, 3624.4078247291754, 0.01, 0.01]
Initial chi-square: 35.68031605635013
New initial 2-planet fit: [2.6352771129328225e-6, 224.70079393054226, 3503.7686919237276, -0.22368292994061753, -0.030858324253643016, 2.020715214851131e-6, 365.2564558614414, 3624.4077607946515, -0.16655530621338913, -0.024238756917331402] in 2 iterations.
New 2-planet chi-square: 23.30466489983946
Maximum: -66.12172456734154 Param: [2.6352771129328225e-6, 224.70079393054226, 3503.7686919237276, -0.22368292994061753, -0.030858324253643016, 2.020715214851131e-6, 365.2564558614414, 3624.4077607946515, -0.16655530621338913, -0.024238756917331402]
INPUTS/EMBtt_110s18yrs.txt loaded.
Initial parameters: [3.0e-6, 224.70078950154877, 3503.7653568549426, 0.01, 0.01, 3.0e-6, 365.25641850037726, 3624.4027863790798, 0.01, 0.01]
Initial chi-square: 29.316335129389785
New initial 2-planet fit: [2.24952031792932e-6, 224.7007849770567, 3503.765439351389, 0.01768103210402517, 0.0028120929609338906, 3.0703382050712474e-6, 365.25641480709845, 3624.4027598652065, 0.023450245102967147, 0.0019740150747212136] in 2 iterations.
New 2-planet chi-square: 22.329812601297064
Maximum: -72.98918282907313 Param: [2.24952031792932e-6, 224.7007849770567, 3503.765439351389, 0.01768103210402517, 0.0028120929609338906, 3.0703382050712474e-6, 365.25641480709845, 3624.4027598652065, 0.023450245102967147, 0.0019740150747212136]
INPUTS/tt_110s18yrs.txt loaded.
Initial parameters: [3.0e-6, 224.70078950496705, 3503.7686790180865, 0.01, 0.01, 3.0e-6, 365.2564231014527, 3624.4080179834145, 0.01, 0.01]
Initial chi-square: 40.271710740563165
New initial 2-planet fit: [2.8232951362054164e-6, 224.70078131693785, 3503.768803189131, -0.18160698137623682, -0.03337701750598977, 2.1319406971574075e-6, 365.25641648474283, 3624.4079808288534, -0.1330846117734944, -0.027751176062092563] in 2 iterations.
New 2-planet chi-square: 25.35592052331766
Maximum: -75.97578796862493 Param: [2.8232951362054164e-6, 224.70078131693785, 3503.768803189131, -0.18160698137623682, -0.03337701750598977, 2.1319406971574075e-6, 365.25641648474283, 3624.4079808288534, -0.1330846117734944, -0.027751176062092563]
INPUTS/EMBtt_110s20yrs.txt loaded.
Initial parameters: [3.0e-6, 224.70079023484024, 3503.7653414695856, 0.01, 0.01, 3.0e-6, 365.2563483344979, 3624.4032134588115, 0.01, 0.01]
Initial chi-square: 33.792570155191896
New initial 2-planet fit: [2.498719679228161e-6, 224.70077922092173, 3503.7654908441277, 0.021827022676636925, -0.0019932388954429356, 3.153340797620711e-6, 365.25636519243886, 3624.403063471608, 0.028390075631758032, -0.0001669943447895684] in 2 iterations.
New 2-planet chi-square: 25.87674716139978
Maximum: -84.58696408374767 Param: [2.4987152391888034e-6, 224.70077922091977, 3503.76549084413, 0.021827055645364055, -0.0019932143114248096, 3.153342440064887e-6, 365.2563651924333, 3624.403063471566, 0.02839004939218122, -0.0001670145633434965]
INPUTS/tt_110s20yrs.txt loaded.
Initial parameters: [3.0e-6, 224.70079023629327, 3503.768663652943, 0.01, 0.01, 3.0e-6, 365.2563377904145, 3624.4085419687194, 0.01, 0.01]
Initial chi-square: 48.87699144571237
New initial 2-planet fit: [3.0792700438573025e-6, 224.70077998716113, 3503.768810988457, -0.15371975359260012, -0.04774114791908887, 2.2898374597114028e-6, 365.2563676875043, 3624.4082849996357, -0.10834473426553037, -0.036456074927096176] in 2 iterations.
New 2-planet chi-square: 29.721351142153136
Maximum: -88.18850771129263 Param: [3.0792700438573025e-6, 224.70077998716113, 3503.768810988457, -0.15371975359260012, -0.04774114791908887, 2.2898374597114028e-6, 365.2563676875043, 3624.4082849996357, -0.10834473426553037, -0.036456074927096176]
INPUTS/EMBtt_110s22yrs.txt loaded.
Initial parameters: [3.0e-6, 224.70076712114434, 3503.765600067815, 0.01, 0.01, 3.0e-6, 365.2563946282541, 3624.4029014983053, 0.01, 0.01]
Initial chi-square: 41.2600376268354
New initial 2-planet fit: [2.537906110436811e-6, 224.70077507706884, 3503.7655340864976, 0.042513366266946497, -0.013334442486948206, 3.3153271660624144e-6, 365.25640470093737, 3624.4027916212153, 0.04529875873225442, -0.008702004077417096] in 2 iterations.
New 2-planet chi-square: 29.763885227864154
Maximum: -96.70892897347557 Param: [2.537906110436811e-6, 224.70077507706884, 3503.7655340864976, 0.042513366266946497, -0.013334442486948206, 3.3153271660624144e-6, 365.25640470093737, 3624.4027916212153, 0.04529875873225442, -0.008702004077417096]
INPUTS/tt_110s22yrs.txt loaded.
Initial parameters: [3.0e-6, 224.70076712200466, 3503.768922257788, 0.01, 0.01, 3.0e-6, 365.2563959221908, 3624.408155107048, 0.01, 0.01]
Initial chi-square: 54.6959059632442
New initial 2-planet fit: [3.3215112036825205e-6, 224.7007744715969, 3503.7688679632283, -0.10434661487101676, -0.05912418204622946, 2.5153747019965056e-6, 365.2564133779727, 3624.407971437571, -0.06834644304514315, -0.044864978677925514] in 2 iterations.
New 2-planet chi-square: 35.058348347211215
Maximum: -101.37489241828312 Param: [3.3215112036825205e-6, 224.7007744715969, 3503.7688679632283, -0.10434661487101676, -0.05912418204622946, 2.5153747019965056e-6, 365.2564133779727, 3624.407971437571, -0.06834644304514315, -0.044864978677925514]
INPUTS/EMBtt_110s24yrs.txt loaded.
Initial parameters: [3.0e-6, 224.7007744916409, 3503.76551915518, 0.01, 0.01, 3.0e-6, 365.2564589487951, 3624.4024194967515, 0.01, 0.01]
Initial chi-square: 51.74767941461282
New initial 2-planet fit: [2.967437596457369e-6, 224.70077611853418, 3503.7655101259747, 0.05192967565991008, -0.0049416068853148695, 3.389947363907613e-6, 365.2564534360163, 3624.4024416966213, 0.05486912624203847, -0.003239885893112278] in 2 iterations.
New 2-planet chi-square: 37.376784075457
Maximum: -114.06306759850754 Param: [2.967437596457369e-6, 224.70077611853418, 3503.7655101259747, 0.05192967565991008, -0.0049416068853148695, 3.389947363907613e-6, 365.2564534360163, 3624.4024416966213, 0.05486912624203847, -0.003239885893112278]
INPUTS/tt_110s24yrs.txt loaded.
Initial parameters: [3.0e-6, 224.70077449238144, 3503.768841346933, 0.01, 0.01, 3.0e-6, 365.25646913961407, 3624.4076031651275, 0.01, 0.01]
Initial chi-square: 67.00079667153744
New initial 2-planet fit: [3.849000733530941e-6, 224.70077638809497, 3503.76883499413, -0.07296869961329501, -0.05161100775318993, 2.6497426374292685e-6, 365.25645781086456, 3624.407655814527, -0.04173688875056927, -0.04026630853272423] in 2 iterations.
New 2-planet chi-square: 41.49883652029749
Maximum: -117.35845982242716 Param: [3.849000733530941e-6, 224.70077638809497, 3503.76883499413, -0.07296869961329501, -0.05161100775318993, 2.6497426374292685e-6, 365.25645781086456, 3624.407655814527, -0.04173688875056927, -0.04026630853272423]
INPUTS/EMBtt_110s26yrs.txt loaded.
Initial parameters: [3.0e-6, 224.70077696762021, 3503.765485854948, 0.01, 0.01, 3.0e-6, 365.2564610742022, 3624.402401121638, 0.01, 0.01]
Initial chi-square: 52.23255931929102
New initial 2-planet fit: [2.9314935591828433e-6, 224.70077596681458, 3503.7655131574734, 0.05257330539932588, -0.002141430368801743, 3.378310781298548e-6, 365.25645572771316, 3624.4024229360316, 0.055158272403957154, -0.0007514430566061339] in 2 iterations.
New 2-planet chi-square: 37.564706949571566
Maximum: -123.28620879757665 Param: [2.931495262509461e-6, 224.70077596681435, 3503.7655131574697, 0.05257330478479168, -0.0021414183453997847, 3.3783101363208745e-6, 365.25645572771407, 3624.4024229360416, 0.05515827266601142, -0.0007514520528765845]
INPUTS/tt_110s26yrs.txt loaded.
Initial parameters: [3.0e-6, 224.7007769690901, 3503.7688080365388, 0.01, 0.01, 3.0e-6, 365.25646054836193, 3624.4076684977504, 0.01, 0.01]
Initial chi-square: 70.28931087014543
New initial 2-planet fit: [3.887114310850733e-6, 224.70077426939653, 3503.7688635210843, -0.06673277663534023, -0.05140342880908092, 2.663310352187575e-6, 365.2564527288827, 3624.4076976261586, -0.03695609753725728, -0.04027188561023454] in 2 iterations.
New 2-planet chi-square: 41.79970925753737
Maximum: -126.91823905413726 Param: [3.887114310850733e-6, 224.70077426939653, 3503.7688635210843, -0.06673277663534023, -0.05140342880908092, 2.663310352187575e-6, 365.2564527288827, 3624.4076976261586, -0.03695609753725728, -0.04027188561023454]
INPUTS/EMBtt_110s28yrs.txt loaded.
Initial parameters: [3.0e-6, 224.70078109083988, 3503.7654229307027, 0.01, 0.01, 3.0e-6, 365.2564443947697, 3624.4025464618485, 0.01, 0.01]
Initial chi-square: 53.51411105454862
New initial 2-planet fit: [2.9156453343616026e-6, 224.7007765705552, 3503.7655041741045, 0.05076382161778051, -0.004180670820496076, 3.373927870099898e-6, 365.2564533722771, 3624.4024441158253, 0.05388340114303163, -0.002182126926494895] in 2 iterations.
New 2-planet chi-square: 37.65285172277271
Maximum: -132.4369173436392 Param: [2.9156465417356335e-6, 224.70077657055515, 3503.7655041741027, 0.050763820855598614, -0.004180663099847295, 3.3739274383190974e-6, 365.2564533722772, 3624.4024441158285, 0.05388340165546539, -0.0021821328984920974]
INPUTS/tt_110s28yrs.txt loaded.
Initial parameters: [3.0e-6, 224.70078109161935, 3503.768745122445, 0.01, 0.01, 3.0e-6, 365.2564379963201, 3624.4078686077687, 0.01, 0.01]
Initial chi-square: 75.98992972244037
New initial 2-planet fit: [3.726638266213759e-6, 224.7007768837434, 3503.768826601434, -0.07685579765982486, -0.0640043606610636, 2.6248339750065026e-6, 365.2564548540422, 3624.4076807373635, -0.04453713397636395, -0.049892549768554305] in 2 iterations.
New 2-planet chi-square: 43.86776294548849
Maximum: -138.01305981903258 Param: [3.726639313539859e-6, 224.7007768837435, 3503.768826601435, -0.07685579516838897, -0.06400436342283762, 2.6248330925809033e-6, 365.25645485404254, 3624.4076807373613, -0.04453713565219303, -0.049892547642392655]
INPUTS/EMBtt_110s30yrs.txt loaded.
Initial parameters: [3.0e-6, 224.70076943488098, 3503.7656045328645, 0.01, 0.01, 3.0e-6, 365.2564270714156, 3624.4027157131177, 0.01, 0.01]
Initial chi-square: 56.685241296724385
New initial 2-planet fit: [2.828737980807465e-6, 224.7007738079721, 3503.7655490306474, 0.03632362867374907, 0.0046384377772612844, 3.311556409886558e-6, 365.2564331689183, 3624.4026357134735, 0.041745051782093714, 0.004426584520865069] in 2 iterations.
New 2-planet chi-square: 41.0485412049228
Maximum: -144.87545663124638 Param: [2.828737980807465e-6, 224.7007738079721, 3503.7655490306474, 0.03632362867374907, 0.0046384377772612844, 3.311556409886558e-6, 365.2564331689183, 3624.4026357134735, 0.041745051782093714, 0.004426584520865069]
INPUTS/tt_110s30yrs.txt loaded.
Initial parameters: [3.0e-6, 224.70076943617843, 3503.768926716707, 0.01, 0.01, 3.0e-6, 365.25642972954864, 3624.407954263739, 0.01, 0.01]
Initial chi-square: 77.28819793207165
New initial 2-planet fit: [3.5951113788196463e-6, 224.70077339485212, 3503.768881422274, -0.08995804920119231, -0.05754760027739249, 2.594607186169854e-6, 365.256439162152, 3624.407829681868, -0.0553557426494303, -0.04506339563410372] in 2 iterations.
New 2-planet chi-square: 45.89120770870017
Maximum: -149.22466827568888 Param: [3.5951113788196463e-6, 224.70077339485212, 3503.768881422274, -0.08995804920119231, -0.05754760027739249, 2.594607186169854e-6, 365.256439162152, 3624.407829681868, -0.0553557426494303, -0.04506339563410372]
INPUTS/EMBtt_120s16yrs.txt loaded.
Initial parameters: [3.0e-6, 224.70079427943273, 3503.765314303486, 0.01, 0.01, 3.0e-6, 365.2564415786322, 3624.402659546883, 0.01, 0.01]
Initial chi-square: 22.862668549704367
New initial 2-planet fit: [2.176648213492872e-6, 224.70079394214915, 3503.765357924091, -0.0069373876666926106, 0.002139368361928647, 2.9591207419019566e-6, 365.2564399339553, 3624.402620419694, 0.004478214647715466, 0.0018721090397895313] in 2 iterations.
New 2-planet chi-square: 17.623062565101254
Maximum: -60.25337676270714 Param: [2.1766556074502042e-6, 224.70079394215034, 3503.7653579240755, -0.0069374169609963884, 0.002139351674881588, 2.959117965076671e-6, 365.2564399339509, 3624.4026204196794, 0.004478237314882669, 0.001872122735719381]
INPUTS/tt_120s16yrs.txt loaded.
Initial parameters: [3.0e-6, 224.70079428197084, 3503.7686364755145, 0.01, 0.01, 3.0e-6, 365.2564600162658, 3624.4078247291764, 0.01, 0.01]
Initial chi-square: 29.981376682325436
New initial 2-planet fit: [2.6353826283881544e-6, 224.70079393071552, 3503.7686919207304, -0.22366345440229163, -0.030857405164754242, 2.020768233241305e-6, 365.25645586085176, 3624.4077607981417, -0.16653968254169085, -0.024238032340089154] in 2 iterations.
New 2-planet chi-square: 19.582392038046493
Maximum: -62.46724673823139 Param: [2.6353826283881544e-6, 224.70079393071552, 3503.7686919207304, -0.22366345440229163, -0.030857405164754242, 2.020768233241305e-6, 365.25645586085176, 3624.4077607981417, -0.16653968254169085, -0.024238032340089154]
INPUTS/EMBtt_120s18yrs.txt loaded.
Initial parameters: [3.0e-6, 224.7007895015485, 3503.7653568549476, 0.01, 0.01, 3.0e-6, 365.256418500377, 3624.402786379083, 0.01, 0.01]
Initial chi-square: 24.633864932718794
New initial 2-planet fit: [2.2495456933507964e-6, 224.70078497722832, 3503.7654393489934, 0.01768505881994319, 0.0028144141048830197, 3.070365753691287e-6, 365.256414806912, 3624.402759866767, 0.02345345287570358, 0.001975804070243884] in 2 iterations.
New 2-planet chi-square: 18.763245307828743
Maximum: -68.899648106824 Param: [2.249539233452174e-6, 224.70078497722753, 3503.7654393490084, 0.017685087397009826, 0.0028144392361714892, 3.070367955088357e-6, 365.25641480692076, 3624.402759866811, 0.023453429451796147, 0.001975783771253487]
INPUTS/tt_120s18yrs.txt loaded.
Initial parameters: [3.0e-6, 224.7007895049667, 3503.768679018094, 0.01, 0.01, 3.0e-6, 365.25642310145236, 3624.408017983419, 0.01, 0.01]
Initial chi-square: 33.83942360040984
New initial 2-planet fit: [2.8233039135616212e-6, 224.70078131694467, 3503.768803189056, -0.1816048722005315, -0.0333769801617336, 2.1319511100826975e-6, 365.2564164847665, 3624.40798082878, -0.13308293185339093, -0.027751152706165894] in 2 iterations.
New 2-planet chi-square: 21.306016551549565
Maximum: -71.8862532508913 Param: [2.823304986160826e-6, 224.70078131694504, 3503.7688031890557, -0.18160487648396323, -0.03337698768690883, 2.1319501145586764e-6, 365.25641648476375, 3624.407980828763, -0.13308292943355016, -0.027751146293892675]
INPUTS/EMBtt_120s20yrs.txt loaded.
Initial parameters: [3.0e-6, 224.70079023483996, 3503.7653414695906, 0.01, 0.01, 3.0e-6, 365.25634833449715, 3624.403213458819, 0.01, 0.01]
Initial chi-square: 28.395145754451853
New initial 2-planet fit: [2.498719226855567e-6, 224.70077922091517, 3503.7654908443324, 0.02182704223113387, -0.0019940715571582068, 3.153340989711183e-6, 365.25636519249605, 3624.403063471, 0.028390080284696875, -0.00016765110726572739] in 2 iterations.
New 2-planet chi-square: 21.743655601029207
Maximum: -80.0623724804433 Param: [2.498719226855567e-6, 224.70077922091517, 3503.7654908443324, 0.02182704223113387, -0.0019940715571582068, 3.153340989711183e-6, 365.25636519249605, 3624.403063471, 0.028390080284696875, -0.00016765110726572739]
INPUTS/tt_120s20yrs.txt loaded.
Initial parameters: [3.0e-6, 224.70079023629296, 3503.7686636529493, 0.01, 0.01, 3.0e-6, 365.2563377904139, 3624.4085419687276, 0.01, 0.01]
Initial chi-square: 41.07024975445066
New initial 2-planet fit: [3.0792974102113847e-6, 224.70077998718702, 3503.7688109878336, -0.153715995227658, -0.04774061154953186, 2.2898498393382437e-6, 365.25636768758113, 3624.4082849993097, -0.10834173091100265, -0.036455673327879974] in 2 iterations.
New 2-planet chi-square: 24.97419088924587
Maximum: -83.66391610675375 Param: [3.0792963553065005e-6, 224.70077998718662, 3503.7688109878313, -0.15371599512529185, -0.04774060497594314, 2.289850800971902e-6, 365.2563676875799, 3624.408284999308, -0.10834173209489031, -0.03645567933399524]
INPUTS/EMBtt_120s22yrs.txt loaded.
Initial parameters: [3.0e-6, 224.70076712114397, 3503.7656000678235, 0.01, 0.01, 3.0e-6, 365.25639462825404, 3624.4029014983066, 0.01, 0.01]
Initial chi-square: 34.669892731132784
New initial 2-planet fit: [2.5379034448318877e-6, 224.7007750770648, 3503.7655340867095, 0.04251322429653602, -0.013335913275282833, 3.3153259382725503e-6, 365.2564047009298, 3624.4027916209516, 0.045298640751950205, -0.00870316621714195] in 2 iterations.
New 2-planet chi-square: 25.009931338822454
Maximum: -91.74928048679871 Param: [2.5379034448318877e-6, 224.7007750770648, 3503.7655340867095, 0.04251322429653602, -0.013335913275282833, 3.3153259382725503e-6, 365.2564047009298, 3624.4027916209516, 0.045298640751950205, -0.00870316621714195]
INPUTS/tt_120s22yrs.txt loaded.
Initial parameters: [3.0e-6, 224.70076712200472, 3503.768922257788, 0.01, 0.01, 3.0e-6, 365.25639592219056, 3624.4081551070526, 0.01, 0.01]
Initial chi-square: 45.95975432073414
New initial 2-planet fit: [3.3215752542331906e-6, 224.7007744715946, 3503.768867962661, -0.10433921755055836, -0.059123570697405474, 2.5154039754391826e-6, 365.2564133779802, 3624.407971437701, -0.06834056644100271, -0.044864525263442576] in 2 iterations.
New 2-planet chi-square: 29.45875104448927
Maximum: -96.4152439325206 Param: [3.3215752542331906e-6, 224.7007744715946, 3503.768867962661, -0.10433921755055836, -0.059123570697405474, 2.5154039754391826e-6, 365.2564133779802, 3624.407971437701, -0.06834056644100271, -0.044864525263442576]
INPUTS/EMBtt_120s24yrs.txt loaded.
Initial parameters: [3.0e-6, 224.70077449164071, 3503.765519155184, 0.01, 0.01, 3.0e-6, 365.2564589487954, 3624.4024194967483, 0.01, 0.01]
Initial chi-square: 43.48242506278023
New initial 2-planet fit: [2.9674810247373567e-6, 224.7007761185569, 3503.7655101252612, 0.051933739829393664, -0.0049411977781513555, 3.389976201788073e-6, 365.2564534359249, 3624.402441697471, 0.054872352349287536, -0.00323957564876619] in 2 iterations.
New 2-planet chi-square: 31.406881059174573
Maximum: -108.58135084391806 Param: [2.9674810247373567e-6, 224.7007761185569, 3503.7655101252612, 0.051933739829393664, -0.0049411977781513555, 3.389976201788073e-6, 365.2564534359249, 3624.402441697471, 0.054872352349287536, -0.00323957564876619]
INPUTS/tt_120s24yrs.txt loaded.
Initial parameters: [3.0e-6, 224.70077449238138, 3503.768841346935, 0.01, 0.01, 3.0e-6, 365.25646913961435, 3624.4076031651257, 0.01, 0.01]
Initial chi-square: 56.29928054175139
New initial 2-planet fit: [3.8490014691882785e-6, 224.7007763880954, 3503.768834994116, -0.0729686596345269, -0.051610865922004395, 2.6497425669287223e-6, 365.25645781086484, 3624.407655814549, -0.041736859679363296, -0.04026619779294705] in 2 iterations.
New 2-planet chi-square: 34.87055013015928
Maximum: -111.87674307074393 Param: [3.8490021073954865e-6, 224.70077638809525, 3503.768834994114, -0.07296865915891698, -0.05161086782747619, 2.649742016403354e-6, 365.256457810865, 3624.4076558145475, -0.04173686037015213, -0.040266195955774124]
INPUTS/EMBtt_120s26yrs.txt loaded.
Initial parameters: [3.0e-6, 224.7007769676198, 3503.765485854959, 0.01, 0.01, 3.0e-6, 365.2564610742032, 3624.402401121622, 0.01, 0.01]
Initial chi-square: 43.889858851007354
New initial 2-planet fit: [2.9314691815258564e-6, 224.70077596678308, 3503.7655131580937, 0.05257102160419991, -0.0021411594855203966, 3.3782946363337673e-6, 365.25645572772765, 3624.402422935967, 0.055156451846421144, -0.0007512306761816458] in 2 iterations.
New 2-planet chi-square: 31.56478847692325
Maximum: -117.3694351606271 Param: [2.9314708091206002e-6, 224.70077596678289, 3503.7655131580905, 0.05257102106097611, -0.002141148310169792, 3.378294020823311e-6, 365.2564557277285, 3624.4024229359766, 0.055156452616049546, -0.0007512392100652247]
INPUTS/tt_120s26yrs.txt loaded.
Initial parameters: [3.0e-6, 224.7007769690896, 3503.7688080365538, 0.01, 0.01, 3.0e-6, 365.25646054836216, 3624.4076684977476, 0.01, 0.01]
Initial chi-square: 59.06254592181289
New initial 2-planet fit: [3.887114036719982e-6, 224.70077426939986, 3503.768863521012, -0.06673281650782964, -0.05140308962492671, 2.663310363115605e-6, 365.25645272886106, 3624.4076976264673, -0.03695612923206209, -0.04027161573220479] in 2 iterations.
New 2-planet chi-square: 35.1233668160208
Maximum: -121.0014654278838 Param: [3.887114036719982e-6, 224.70077426939986, 3503.768863521012, -0.06673281650782964, -0.05140308962492671, 2.663310363115605e-6, 365.25645272886106, 3624.4076976264673, -0.03695612923206209, -0.04027161573220479]
INPUTS/EMBtt_120s28yrs.txt loaded.
Initial parameters: [3.0e-6, 224.70078109083943, 3503.765422930715, 0.01, 0.01, 3.0e-6, 365.25644439477026, 3624.40254646184, 0.01, 0.01]
Initial chi-square: 44.96671828038966
New initial 2-planet fit: [2.9156432053383558e-6, 224.7007765705557, 3503.765504174021, 0.05076375691487256, -0.0041795641683001865, 3.3739279269647378e-6, 365.25645337223045, 3624.402444116452, 0.053883350433800825, -0.00218123538229452] in 2 iterations.
New 2-planet chi-square: 31.638854573296175
Maximum: -126.08508682419057 Param: [2.9156432053383558e-6, 224.7007765705557, 3503.765504174021, 0.05076375691487256, -0.0041795641683001865, 3.3739279269647378e-6, 365.25645337223045, 3624.402444116452, 0.053883350433800825, -0.00218123538229452]
INPUTS/tt_120s28yrs.txt loaded.
Initial parameters: [3.0e-6, 224.70078109161872, 3503.7687451224647, 0.01, 0.01, 3.0e-6, 365.2564379963198, 3624.407868607775, 0.01, 0.01]
Initial chi-square: 63.85264924735365
New initial 2-planet fit: [3.7266322479140792e-6, 224.70077688374357, 3503.768826601458, -0.07685664325425563, -0.06400419032880263, 2.6248282193701668e-6, 365.25645485403044, 3624.407680737462, -0.04453780433413416, -0.04989240951768801] in 2 iterations.
New 2-planet chi-square: 36.86110637493133
Maximum: -131.6612293096956 Param: [3.7266331049773962e-6, 224.70077688374366, 3503.7688266014593, -0.07685664075599322, -0.06400419280724431, 2.6248274976116196e-6, 365.2564548540307, 3624.4076807374604, -0.04453780499120127, -0.04989240743655087]
INPUTS/EMBtt_120s30yrs.txt loaded.
Initial parameters: [3.0e-6, 224.70076943488047, 3503.765604532879, 0.01, 0.01, 3.0e-6, 365.25642707141566, 3624.402715713118, 0.01, 0.01]
Initial chi-square: 47.63134860755381
New initial 2-planet fit: [2.8287299151415103e-6, 224.70077380797375, 3503.765549030707, 0.03632245956967036, 0.004638455136879204, 3.3115470803452948e-6, 365.2564331689163, 3624.402635713485, 0.04174412310964615, 0.00442655911495441] in 2 iterations.
New 2-planet chi-square: 34.49217697411122
Maximum: -138.08856921409156 Param: [2.8287332932255823e-6, 224.70077380797366, 3503.7655490307034, 0.03632245784346566, 0.004638479578779039, 3.311545740343965e-6, 365.25643316891694, 3624.402635713497, 0.0417441246377351, 0.00442654033774728]
INPUTS/tt_120s30yrs.txt loaded.
Initial parameters: [3.0e-6, 224.70076943617812, 3503.768926716719, 0.01, 0.01, 3.0e-6, 365.2564297295482, 3624.4079542637487, 0.01, 0.01]
Initial chi-square: 64.9435552034858
New initial 2-planet fit: [3.595143547291144e-6, 224.70077339485414, 3503.7688814220105, -0.08995448618984338, -0.05754701762429281, 2.594624432960603e-6, 365.25643916215625, 3624.407829682031, -0.055352914912146105, -0.04506295233150813] in 2 iterations.
New 2-planet chi-square: 38.56136202869867
Maximum: -142.43778086614245 Param: [3.595143547291144e-6, 224.70077339485414, 3503.7688814220105, -0.08995448618984338, -0.05754701762429281, 2.594624432960603e-6, 365.25643916215625, 3624.407829682031, -0.055352914912146105, -0.04506295233150813]

