args = ["Hpppp", "grid", "fromEV", "300"]
FITS/p3_fit30s30yrs.jld2 loaded.
Previous model params: [3.905336249300831e-6, 224.70078008615485, 3503.76941650724, -0.06714996108085178, -0.057434300668671154, 2.6455981944060754e-6, 365.25646165036244, 3624.408517623328, -0.03676999245911673, -0.04371391776092728, 0.0003497848667290116, 4187.17033878291, 1498.4131178476077, -0.11338810916799213, 0.12689120442435606]
Finished 4-planet fit w/ fixed period: [2.7799322934497207e-6, 224.70088729471732, 3503.7695882601806, -0.025271251295573054, -0.00805118244611687, 2.9107320279053806e-6, 365.25645834218415, 3624.408581601155, -0.005936247130707023, -0.003439790921343809, 1.5363500234240193e-6, 672.041589225385, 704.8352502225742, -0.17533601844226485, -0.0014272092176610958, 0.0004604377655555227, 3932.2735294681142, 2433.611871674015, 0.09832542429826815, 0.11563810381267693] in 2 iterations
New 4-planet chi-square: 125.18162191731511
Maximum: -188.3608606656472 Param: [2.7811600056953156e-6, 224.7008868436812, 3503.7697194045886, -0.025594574050540216, -0.007938727397720691, 2.9085030642188105e-6, 365.2564582941875, 3624.4085816443244, -0.006160332361497807, -0.0033218491044917386, 1.5269254928816854e-6, 672.1114998987364, 704.2562297161261, -0.1759965962779106, -0.00031980662399965735, 0.00045438190540468424, 3933.4007602474203, 2432.6868568047535, 0.09817691093646529, 0.11794120812752941]
FITS/p3_fit30s29yrs.jld2 loaded.
Previous model params: [3.7578477639438107e-6, 224.7007747840834, 3503.7694926763284, -0.06454822273865833, -0.07885321418353933, 2.778114846133375e-6, 365.25645952141565, 3624.40859413257, -0.03703862941695354, -0.06209348882753665, 0.0002984235170856501, 4186.315954928421, 1485.220458067505, -0.20766001976669105, 0.15387011589010008]
Finished 4-planet fit w/ fixed period: [2.6608189010023466e-6, 224.7008674976227, 3503.7705210853915, -0.04807265699750916, -0.03971783741637554, 2.868710383978324e-6, 365.2564600351795, 3624.4085892155736, -0.026189190665846223, -0.02993302265585854, 1.0169269538495747e-6, 672.4014984644521, 682.6639745745753, -0.23646582887455792, -0.061900282179340675, 1.8222902540914682e-6, 4072.3195845608943, 32652.147853144037, -38.12067044032609, 23.977896387750675] in 2 iterations
New 4-planet chi-square: 110.20635742683409
Maximum: -178.68947422823268 Param: [2.663952759456282e-6, 224.70086741515163, 3503.770434276628, -0.04797595904231718, -0.039893081601076914, 2.8692891545664737e-6, 365.25646012985806, 3624.4085878449987, -0.026117109947013096, -0.03008896013943106, 1.0174520804380444e-6, 672.3618661199954, 683.2027482956165, -0.23601607841086722, -0.061968409400582194, 1.7475324184980033e-6, 4072.381827192527, 33894.18208000317, -39.66610903674627, 24.936234562284426]
FITS/p3_fit30s28yrs.jld2 loaded.
Previous model params: [3.432711627598461e-6, 224.7007790857817, 3503.7694771798224, -0.10727968646409577, -0.06965495814792635, 2.6141261006380906e-6, 365.25646154370105, 3624.4086389286094, -0.07000980561505703, -0.05304127893741049, 0.0004064057359257321, 4275.556500036226, 1481.2226829626804, -0.08195897111862151, 0.12275611667893799]
Finished 4-planet fit w/ fixed period: [2.3867697854141235e-6, 224.70089138793963, 3503.7693039367946, -0.06656981571283571, -0.033896301317668825, 2.808030052124348e-6, 365.2564605041303, 3624.4086491395938, -0.039754762497353054, -0.022765423081303904, 1.1260717411847972e-6, 672.4014984644521, -15.139838122735833, -0.21910539506906412, -0.13949912245806595, 0.00019784885142387062, 4188.676583204004, 1071.391636768358, -0.34670707212105245, -0.13789347143959196] in 2 iterations
New 4-planet chi-square: 120.95047536819112
Maximum: -175.03141260773242 Param: [2.3971743120091976e-6, 224.70089103190762, 3503.7691984974417, -0.06603262285782925, -0.03432859413274696, 2.8107487081358786e-6, 365.25646074157146, 3624.4086453735486, -0.039310035064262026, -0.023141438003330832, 1.126949225193384e-6, 672.3441659832134, -14.652639230664732, -0.21714065188662343, -0.14040563385731, 0.00019963174034725412, 4189.06809801931, 1064.1724090818402, -0.34107036617762304, -0.1403135605712001]
FITS/p3_fit30s27yrs.jld2 loaded.
Previous model params: [3.210935539875672e-6, 224.70078461539882, 3503.7693616774995, -0.1457569932821863, -0.056605698670192016, 2.2330307951576308e-6, 365.2564662844082, 3624.4086036348112, -0.0999725782914366, -0.04122088750279586, 0.0003231031555754596, 4228.417462389353, 1804.3343922704382, -0.07374807510226358, 0.23576672932969842]
Finished 4-planet fit w/ fixed period: [2.412515256680474e-6, 224.70088693935878, 3503.7743736210955, -0.10093803354847344, 0.01117617199168342, 2.4126983516298688e-6, 365.25647326365396, 3624.4085119201864, -0.06703640688278736, 0.013698601596166333, 7.73104145212262e-7, 673.1218952897585, 708.1048631708057, -0.3728613369230274, 0.07703517906236296, 3.5814488308928864e-7, 4016.187726647977, 221806.8658872319, -147.13178485692825, 172.126236588333] in 2 iterations
New 4-planet chi-square: 117.71602935553786
Maximum: -166.88963176307868 Param: [2.4125152169949447e-6, 224.70088693937635, 3503.7743736215943, -0.1009380365914481, 0.011176177327706892, 2.4126983717151617e-6, 365.2564732636544, 3624.408511920191, -0.06703640679590218, 0.013698601723483915, 7.731040933168611e-7, 673.1218973297582, 708.104864713795, -0.37286130844656773, 0.07703517456012479, 3.58144893831014e-7, 4016.1877251337805, 221806.8659611161, -147.13177197505698, 172.1262365303019]
FITS/p3_fit30s26yrs.jld2 loaded.
Previous model params: [4.6199953317231255e-6, 224.70077858660463, 3503.769355960781, -0.009623167534394846, -0.05243819380592213, 2.9698537490595206e-6, 365.25645501252063, 3624.408578693107, 0.007301160219458445, -0.04128313361520518, 0.000420061583520664, 4234.9725838244685, 826.261861492639, -0.1128752559432501, -0.04591764343722178]
Finished 4-planet fit w/ fixed period: [5.067530446423205e-6, 224.70075538962047, 3503.769849287699, 0.0027267087787258663, -0.03996053880214786, 3.067993606398876e-6, 365.2564519753416, 3624.408603943683, 0.01808112566761656, -0.030430705793000112, 7.810051121539243e-7, 686.7731526563394, 365.6810722710399, -0.023404398396950642, -0.14703885250827953, 0.0006123401367373393, 4506.300385297125, 307.20377322136596, -0.09164094777161882, -0.024551718459833675] in 2 iterations
New 4-planet chi-square: 105.694142903255
Maximum: -158.4586822820385 Param: [5.068171861663564e-6, 224.70075528800663, 3503.769851157498, 0.00266733600431488, -0.03994559271062209, 3.0676286190210558e-6, 365.2564519934226, 3624.4086037082434, 0.01803514909609099, -0.030419635878267102, 7.807995205467636e-7, 686.741108298721, 365.99215836703263, -0.02325384271086653, -0.14718365376966608, 0.0006133489698897169, 4506.19764859375, 307.1607952814534, -0.09162787206793445, -0.02456128230766776]
FITS/p3_fit30s25yrs.jld2 loaded.
Previous model params: [3.68615341295284e-6, 224.70077027821918, 3503.7697247943993, -0.09736507895691301, -0.06104318753719883, 2.5088203196369765e-6, 365.2564620855484, 3624.408623881909, -0.061764171585081164, -0.04722704101906908, 0.00042511437611511094, 4255.720613115018, 1443.7809506244043, -0.06834199922109059, 0.13401002464323272]
Finished 4-planet fit w/ fixed period: [2.855596105017734e-6, 224.70087428580675, 3503.7778542103783, -0.04171667343595206, 0.008683290490682385, 2.7991138801372134e-6, 365.2564604180702, 3624.4086145752103, -0.020396811261324425, 0.00845598613715271, 9.441718212886032e-7, 673.3938031668389, 2.2676780439015625, -0.29261743850515054, -0.012196929502159769, 0.0004423788399471715, 4116.321607818087, 1609.573934313636, -0.07558209126421982, 0.11771105125487918] in 7 iterations
New 4-planet chi-square: 120.49907189118466
Maximum: -155.72836664947906 Param: [2.8555961220938643e-6, 224.70087428581556, 3503.7778542106494, -0.041716676164735636, 0.00868329298782853, 2.7991138671081805e-6, 365.2564604180699, 3624.4086145752112, -0.020396811781153067, 0.008455986606773333, 9.441717947100611e-7, 673.3938036363, 2.267678627970102, -0.2926174315497572, -0.01219693121605686, 0.0004423788510503476, 4116.321598228432, 1609.573907310205, -0.07558205295371768, 0.11771106615901453]
FITS/p3_fit30s24yrs.jld2 loaded.
Previous model params: [3.7578367874376767e-6, 224.70078375943152, 3503.769457922959, -0.07526383974065966, -0.06392437450632682, 2.529073943177037e-6, 365.25649273936267, 3624.4080896423857, -0.04594913399238674, -0.04855524655300531, 0.00022745720219347166, 4079.600429775739, 1375.7792762477072, -0.37189081759626774, 0.04302661443201658]
Finished 4-planet fit w/ fixed period: [5.55690216534598e-6, 224.70079323052406, 3503.7693037408635, 0.02265807756798747, -0.04089046647781298, 3.1195189749583114e-6, 365.25648998992, 3624.408139578713, 0.0356624185238288, -0.031133303122657562, 1.1899353110019246e-6, 657.4500000000002, 162.06544444388743, 0.05245586595921234, -0.06906907977106506, 0.0004964367701997868, 4366.19191192144, 455.2792564794786, -0.05121376414023028, -0.10108566486182853] in 2 iterations
New 4-planet chi-square: 105.20454732531584
Maximum: -146.66105553419973 Param: [5.583311483230917e-6, 224.70079241051045, 3503.7693256314274, 0.02198036110373763, -0.04035844030398782, 3.116954945637709e-6, 365.2564928437367, 3624.4081038008817, 0.035158342150776234, -0.030546869004002906, 1.1728441267104019e-6, 656.6494811071951, 170.15572472466783, 0.056781310759229785, -0.06737291157126767, 0.00047748435061876343, 4332.4153151691235, 501.6396521069021, -0.061470162067231084, -0.10612480426665521]
FITS/p3_fit30s23yrs.jld2 loaded.
Previous model params: [3.2391564161445196e-6, 224.70077178424657, 3503.769701084801, -0.11875781329412742, -0.05833377701810645, 2.414717257667822e-6, 365.2564708736985, 3624.408369825058, -0.07955608280964577, -0.04290466678327502, 0.0002925500615939214, 4082.361264873621, 1749.1198775116354, -0.14839465759082954, 0.15785847278711176]
Finished 4-planet fit w/ fixed period: [2.780078010540444e-6, 224.70084995880924, 3503.775108672823, -0.06617202568278763, 0.006109147011809348, 2.629665533479645e-6, 365.25645813241965, 3624.4084898419205, -0.039581904355349244, 0.008622713083538527, 4.6969024519127455e-7, 673.156556948055, 17.482322973821564, -0.46635209170353126, 0.03726118628802083, 0.00021556098780229843, 4025.6278772172127, 2131.5111913417377, -0.1941878182588289, 0.3339425905916282] in 2 iterations
New 4-planet chi-square: 108.49245938378007
Maximum: -140.60042015395078 Param: [2.783112736576058e-6, 224.70084962101006, 3503.7753275427854, -0.0662691179653831, 0.005943294291889634, 2.6292683480483918e-6, 365.25645814681224, 3624.408489175299, -0.039651929906533434, 0.008490637396647753, 4.6714856624623294e-7, 673.1837193497843, 17.389991760289966, -0.4677625619857192, 0.03823750744363171, 0.0002146505578380078, 4025.481905175866, 2133.608119814684, -0.19502997932208513, 0.33583702073900135]
FITS/p3_fit30s22yrs.jld2 loaded.
Previous model params: [3.5107335023491752e-6, 224.70079046175647, 3503.769324810581, -0.0837351534257305, -0.04774051673798378, 2.5561351545596213e-6, 365.25648484088714, 3624.4083978004287, -0.05415673021519528, -0.034998463664539195, 0.0005525276748672714, 4278.006132052687, 1453.8261850240087, -0.022587262425737612, 0.1100069900771398]
Finished 4-planet fit w/ fixed period: [2.836456349264717e-6, 224.70087534517378, 3503.772428271892, -0.050457370156669755, 0.011500848458344289, 2.6829150284203626e-6, 365.256485008442, 3624.4083210380973, -0.030129452450503604, 0.01277436646670909, 5.195376725297994e-7, 672.6823152366945, 84.10617621674844, -0.3683569788713237, 0.23752937256972803, 0.0001396093092980271, 4119.01181085457, 2316.9718959308234, -0.29502032250160476, 0.6056135353771258] in 2 iterations
New 4-planet chi-square: 62.497310573979796
Maximum: -117.85102046250513 Param: [2.8364565282183386e-6, 224.70087534513152, 3503.772428270929, -0.05045736670352756, 0.0115008395195955, 2.6829151180171064e-6, 365.2564850084389, 3624.4083210380645, -0.030129453890459006, 0.012774366500020014, 5.19537776136872e-7, 672.6823049859042, 84.1061713397119, -0.3683570551734482, 0.2375293884652349, 0.0001396092930445043, 4119.011836377829, 2316.971844542002, -0.2950204066893082, 0.6056135519436796]
FITS/p3_fit30s21yrs.jld2 loaded.
Previous model params: [3.4530315989671717e-6, 224.7007890559764, 3503.769335117075, -0.12439070258873224, -0.04103491208985103, 2.3797251740608054e-6, 365.2564473639481, 3624.4088405347525, -0.08459528157084925, -0.03114193501492499, 0.0004166624366050911, 4232.982162711595, 1674.130743926768, -0.037803321718223065, 0.15671092688458998]
Finished 4-planet fit w/ fixed period: [3.0393420166627607e-6, 224.7008641783806, 3503.7690551058668, -0.05891015002486885, 0.00038939779087203446, 2.6135238394228776e-6, 365.25639780364094, 3624.4093353174494, -0.03485140780187351, 0.0007043251042901165, 1.0766282960343592e-6, 669.0229344470404, 738.3268386762966, -0.24446008408894895, 0.028456227745328824, 0.0012907888680026244, 5273.621069806328, 463.33270424690977, 0.07930027295031956, 0.05125169076464598] in 2 iterations
New 4-planet chi-square: 72.77318489768481
Maximum: -117.90205757086721 Param: [3.0332061221438e-6, 224.70086426113753, 3503.769081183898, -0.05870917200170574, 0.00012057449987554483, 2.6136834180781975e-6, 365.2563975637043, 3624.4093369427824, -0.03468952377441865, 0.0004759650610400864, 1.082160469908193e-6, 669.1318876451694, 737.2336328966975, -0.24334689599568027, 0.028254492925914396, 0.0012974080120099346, 5288.9766213118955, 440.17916414240386, 0.07914080385677866, 0.05050426472451613]
FITS/p3_fit30s20yrs.jld2 loaded.
Previous model params: [3.4335608703313646e-6, 224.70079474641423, 3503.7692095489692, -0.09876500150460353, -0.03444323240361278, 2.5155386457141413e-6, 365.25645232861206, 3624.4086728289103, -0.06406413189268534, -0.02459228404718071, 0.0006397605598889272, 4285.237528139713, 1495.817551377609, -0.02259551752434822, 0.10725663092882444]
Finished 4-planet fit w/ fixed period: [2.7519153943134873e-6, 224.70090842145504, 3503.7679344207636, -0.051729339759132624, 0.007636260982494343, 2.677511597876882e-6, 365.2564543669038, 3624.408643078275, -0.031380533262015786, 0.008887498246805098, 4.928322067192464e-7, 669.4720928382039, 18.147187201474072, -0.4996645483281259, -0.1473572162378625, 0.0010921901159272021, 4244.623977041733, 1596.1623190865723, 0.024239640122741865, 0.0881610927559877] in 2 iterations
New 4-planet chi-square: 47.87982675130838
Maximum: -100.586050819527 Param: [2.748415443147765e-6, 224.7009087177086, 3503.7679343056484, -0.051669360526110125, 0.0077741547646924414, 2.677855004767745e-6, 365.25645441091547, 3624.4086428209102, -0.031328539546756864, 0.009004740681551063, 4.95720281593175e-7, 669.4942047922646, 18.369192468110246, -0.4982896159888216, -0.14552415616074085, 0.001090834231211578, 4244.3863722345395, 1597.7250195313434, 0.024266789584319663, 0.08841363801573059]
FITS/p3_fit30s19yrs.jld2 loaded.
Previous model params: [3.393386288067084e-6, 224.7007805270415, 3503.769482529901, -0.10380337844408281, -0.050393585045157334, 2.5188839889765384e-6, 365.2564052509753, 3624.409125675241, -0.06695186733782219, -0.038039540633118527, 0.0006603778964674402, 4590.60087462925, 1120.4092455547895, -0.0004540752223550064, 0.11516713739168935]
Finished 4-planet fit w/ fixed period: [2.7561821067006886e-6, 224.70086733728655, 3503.76924922995, -0.06644290646089179, -0.002730149734001264, 2.7365067741052457e-6, 365.2563415389707, 3624.4097075137156, -0.039767151697491426, 0.0012513485888196519, 7.543973975591268e-7, 668.5740774026581, 55.63916688357612, -0.3507090178966999, -0.010694040556110625, 0.001485920303341855, 5247.676378993323, 568.790911138108, 0.07741060613029083, 0.08105900926017416] in 2 iterations
New 4-planet chi-square: 42.916427202035415
Maximum: -92.1017394419934 Param: [2.7665758099156364e-6, 224.70086621123647, 3503.7692236151224, -0.06721931224423483, -0.002649696886227601, 2.732613228817837e-6, 365.25634082367463, 3624.4097143866566, -0.04038686279690317, 0.0013110098372835929, 7.318255669218943e-7, 668.4207411874244, 56.91843279394527, -0.3581580420945241, -0.011650796537893814, 0.0014745695166168645, 5237.974911991287, 581.1935252057682, 0.07712710508944794, 0.08247921226966101]
FITS/p3_fit30s18yrs.jld2 loaded.
Previous model params: [3.1333461605661207e-6, 224.70077736015187, 3503.7695532650823, -0.1527340282967424, -0.027080739865638453, 2.3751090996844234e-6, 365.256390456533, 3624.4091877582455, -0.1042985867054424, -0.022042927797530466, 0.000526496266425083, 4644.972837992349, 1254.02785426658, -0.04222388228649153, 0.18265697608085188]
Finished 4-planet fit w/ fixed period: [2.1112939933662093e-6, 224.70089177677264, 3503.7685461619553, -0.12705628942707098, 0.019908949144618913, 2.4325504257562694e-6, 365.2562637722938, 3624.4105460519927, -0.08971570622042906, 0.013850421924915987, 2.8797446357654896e-7, 668.1255215028785, 0.9204494086041726, -1.0237525613589353, -0.2716824411239553, 0.0010623562790162704, 5777.834312680228, 240.32143435018813, 0.045778745252670026, 0.18893096272543228] in 2 iterations
New 4-planet chi-square: 40.65757445570987
Maximum: -87.07185107457775 Param: [2.113347579859791e-6, 224.70089039607672, 3503.7685432697344, -0.12889910981747857, 0.019310995408354265, 2.4248747367338597e-6, 365.2562627841328, 3624.4105538015892, -0.0912136996235136, 0.01339058232468953, 2.693993067681675e-7, 667.9661258944931, -3.9450003031345777, -1.0804501667230033, -0.3007495847984037, 0.0010464036115697658, 5757.546676955304, 263.7014259095339, 0.04424564378276623, 0.19231022133311376]
FITS/p3_fit30s17yrs.jld2 loaded.
Previous model params: [5.602928853635e-6, 224.7007860625997, 3503.7694849854447, 0.031978947143656095, -0.008431923261382555, 3.3127837499399335e-6, 365.2563906323962, 3624.4090724551334, 0.042622062690365344, -0.005623338867587317, 0.0007127558613357761, 4525.1731844853375, 4590.435849752883, -0.03356356032726778, -0.08544506336236174]
Finished 4-planet fit w/ fixed period: [8.18014753084197e-6, 224.70077362705675, 3503.7697229062674, 0.10665884161496492, -0.012529793165707468, 3.5645542149535074e-6, 365.2563197476804, 3624.409891115578, 0.09643573703645004, -0.007708115461950087, 2.2453866226498044e-6, 878.4385574900944, 348.3640299965062, 0.5996241518747609, -0.18831545236240638, 0.00044512597791361667, 5256.171384477974, 4501.540439269442, -0.20427367602346536, -0.05346047359846527] in 2 iterations
New 4-planet chi-square: 24.493766434909244
Maximum: -70.36521038688616 Param: [8.187405741155781e-6, 224.7007736440216, 3503.769722599694, 0.1067398956227386, -0.012519502892994552, 3.5646725191822034e-6, 365.25631984277805, 3624.4098901024795, 0.09649629262543113, -0.0077002369505082945, 2.2504422881090696e-6, 878.4015638059292, 348.8024871808338, 0.5995096480011606, -0.18747690076835166, 0.0004447466468554496, 5255.256886092594, 4501.469763865773, -0.2045139303262452, -0.05362267232855982]
FITS/p3_fit30s16yrs.jld2 loaded.
Previous model params: [3.908213554737642e-6, 224.70079182533317, 3503.7695674545216, -0.07194894119173202, -0.03724260382741641, 2.6990312677275716e-6, 365.2564094089071, 3624.409199747134, -0.04083164246213235, -0.029899008382316256, 0.0013363718117369284, 4866.651683374119, 556.7334614134752, 0.031146646980776134, 0.03744073697415914]
Finished 4-planet fit w/ fixed period: [2.6645155340556622e-6, 224.70089466367358, 3503.7691778219387, -0.08129476229605376, -0.004487381373294873, 2.6365669635155284e-6, 365.25641479034334, 3624.409190480928, -0.050928123993544266, -0.0036308252036698994, 7.803353117317511e-7, 669.7566647620788, 79.96201845530591, -0.3194382020633361, 0.08914907747042629, 0.0012314211047451562, 5712.8413777296655, -235.1437120568629, 0.04494664519412713, 0.05772652612042117] in 2 iterations
New 4-planet chi-square: 32.05045862371697
Maximum: -72.8135413508297 Param: [2.7024001752192596e-6, 224.70089055032315, 3503.7691055944374, -0.08148693848382033, -0.00502202999631633, 2.638398456923484e-6, 365.2564047933216, 3624.409264208335, -0.05105950022706655, -0.0042582134770716455, 7.486775171162463e-7, 669.1885456694446, 85.32627776752243, -0.3268714245030848, 0.08984694494381532, 0.0011917866385068939, 5609.639110887986, -99.95348716949289, 0.044374325954946725, 0.06403158224531223]
FITS/p3_fit30s15yrs.jld2 loaded.
Previous model params: [3.45648370874199e-6, 224.70077804360818, 3503.76950167705, -0.10809556079230813, -0.025552436971071908, 2.6243622979273966e-6, 365.2563513578005, 3624.4093621505185, -0.06937591905970622, -0.01650682467940454, 0.0009272568456839453, 4818.567088681181, 930.2095434566528, 0.02397478334004161, 0.08632311936427667]
Finished 4-planet fit w/ fixed period: [3.8475326887664725e-6, 224.70075812842668, 3503.769723804526, -0.07432007357341139, -0.004569923554604181, 2.8228659818183857e-6, 365.2562923038403, 3624.409940733057, -0.04208358260341166, -0.0015383184570978102, 1.0847378882409047e-9, 943.8910277546557, 925.0601467542588, 530.9733694544367, 0.4892985903189106, 0.001431368143959666, 5376.722408901124, 389.1831298750182, 0.0650122317609097, 0.08185389511208997] in 2 iterations
New 4-planet chi-square: 28.258735782789312
Maximum: -65.15735150027027 Param: [3.833883572733442e-6, 224.70075752901715, 3503.769731008586, -0.07548135115644826, -0.004793962199970242, 2.817196417000071e-6, 365.2562907026131, 3624.409953131315, -0.04301886359776762, -0.0017155613578485266, 9.950229801636877e-10, 943.1960231561803, 926.5219110668314, 568.2347571516339, 0.4816217721947946, 0.00142728304004676, 5389.644880562034, 376.90056988783016, 0.06526254842283451, 0.08237380172362159]
FITS/p3_fit10s30yrs.jld2 loaded.
Previous model params: [3.5318027124283173e-6, 224.70077496875103, 3503.769535136772, -0.09142460006708131, -0.06612080563273781, 2.5369931208903337e-6, 365.25645927432083, 3624.40865630955, -0.057011084572217444, -0.051070100964346186, 0.0004160332500844529, 4247.39958626322, 1464.319050912897, -0.0759794645309681, 0.1285101037607297]
Finished 4-planet fit w/ fixed period: [2.5193460123964455e-6, 224.70089199576245, 3503.7712174236285, -0.03461375617980158, 0.008524813932305303, 2.849107397018608e-6, 365.256461821717, 3624.4086213346277, -0.014547637370785628, 0.009437350453032638, 1.258900586386091e-6, 672.5815253580287, 699.0539907412946, -0.23485495498123388, 0.015701175160042706, 0.0005443532347007731, 4076.158013801154, 2081.3187474539573, 0.05117837538842221, 0.13359790442509278] in 2 iterations
New 4-planet chi-square: 827.4168638658894
Maximum: -262.01403678749455 Param: [2.5184323984197877e-6, 224.7008921995804, 3503.7711518362667, -0.03447826641079308, 0.008548950448299624, 2.8499018755279067e-6, 365.2564618402701, 3624.4086211507197, -0.014450657817459972, 0.009449719870486133, 1.2615585042232467e-6, 672.5633783691729, 699.2217684202917, -0.2345876408561978, 0.015435298462831142, 0.0005468269028777308, 4075.9554073921004, 2081.6551020051515, 0.051535382530834756, 0.1329678895885834]
FITS/p3_fit10s29yrs.jld2 loaded.
Previous model params: [3.7607588539869626e-6, 224.70077518085532, 3503.769516828785, -0.07616954630736732, -0.06181575370364617, 2.5826650442580974e-6, 365.2564561520653, 3624.408634712385, -0.045149179745047625, -0.04789553499854552, 0.0004478287438390332, 4228.195063461375, 1405.5170441782986, -0.07539252433944017, 0.1045745630926281]
Finished 4-planet fit w/ fixed period: [2.6185877242183614e-6, 224.70089102090208, 3503.7709675165597, -0.03335746185491136, 0.013050843607467992, 2.822843435886972e-6, 365.25646017146755, 3624.4085922901513, -0.013363670868056529, 0.012824789049658872, 1.276324985755181e-6, 672.4014984644521, 709.3497408194834, -0.22860289592833974, 0.042516382550756494, 0.0003357531428404848, 4048.4109470450153, 2166.0372340931794, 0.010075795604161122, 0.2053950951050212] in 2 iterations
New 4-planet chi-square: 789.5899230401576
Maximum: -253.51752158536428 Param: [2.6184373158933713e-6, 224.7008910823356, 3503.770949399302, -0.03329936242710595, 0.01305643969680348, 2.8231452129437355e-6, 365.25646018093477, 3624.4085922039676, -0.01332087839238109, 0.012826633251429851, 1.2771525306147759e-6, 672.3956526716782, 709.405043200822, -0.2285177172736394, 0.04243236634045194, 0.00033657799262558574, 4048.3776283885472, 2165.7809208277963, 0.010404564834399962, 0.2049166624376623]
FITS/p3_fit10s28yrs.jld2 loaded.
Previous model params: [3.636608563103449e-6, 224.70077354998796, 3503.769584610748, -0.08481745176001074, -0.06653641516267704, 2.608595521903717e-6, 365.2564563159593, 3624.408641067448, -0.05145518977484248, -0.05117664536405725, 0.0004029775151081269, 4241.77105343932, 1411.0829653741418, -0.09546450364907191, 0.11624955693420821]
Finished 4-planet fit w/ fixed period: [2.5447394988752128e-6, 224.70087473240082, 3503.7709282612227, -0.0541408611269612, -0.0034656474076941945, 2.7739156892483804e-6, 365.2564573766365, 3624.40862400532, -0.028851231274523294, -1.8350950756837715e-5, 1.1677865147560712e-6, 672.4014984644521, 23.673295412838822, -0.2357208984056737, -0.0017986888357703129, 0.0001349859144782946, 4047.5866449314867, 2184.602655285227, -0.28341720712640245, 0.3201534376603937] in 2 iterations
New 4-planet chi-square: 803.1779297050398
Maximum: -244.13303387701188 Param: [2.544933668908549e-6, 224.7008747636366, 3503.7708845358566, -0.05409063730027922, -0.003472078948933683, 2.774162948954023e-6, 365.2564573864343, 3624.4086237810716, -0.02881144519257305, -3.1010681355050515e-5, 1.1688534484287393e-6, 672.3843730466425, 23.869569935366695, -0.2354999982864199, -0.0019404025464538819, 0.00013538909178779606, 4047.532915402416, 2183.4230463510826, -0.28193572891604585, 0.3188036294576763]
FITS/p3_fit10s27yrs.jld2 loaded.
Previous model params: [3.559473285468533e-6, 224.70077652505628, 3503.769545034443, -0.08585690170189313, -0.060153982367023275, 2.5587783295257153e-6, 365.25646140569, 3624.40862419134, -0.05325899642252956, -0.04673467877228188, 0.0005191869622757586, 4310.153196849263, 1329.975748378197, -0.027425151443938898, 0.09614982290815262]
Finished 4-planet fit w/ fixed period: [2.47029713164009e-6, 224.7008872011599, 3503.772215618853, -0.044061574703040646, 0.012736076520859565, 2.782909972149742e-6, 365.2564665686671, 3624.4085298657747, -0.02190238181250152, 0.01267508413397238, 1.1438763232760901e-6, 672.7616004515014, 34.2820564471847, -0.24887820140937553, 0.05069092853340828, 0.0001883712802772851, 4049.8840376855755, 2328.4236284959215, -0.056871229119351815, 0.33644037522565984] in 2 iterations
New 4-planet chi-square: 733.4293593592905
Maximum: -230.92059503403294 Param: [2.4691490101755344e-6, 224.70088747954765, 3503.7721018547477, -0.043768859510657857, 0.012830138905675794, 2.7846880440465246e-6, 365.25646647340875, 3624.4085309172847, -0.02167454229157968, 0.01274561223155368, 1.1479006193747643e-6, 672.7368392381253, 34.44897588339493, -0.24831821774167145, 0.050105186293343436, 0.00019202986646545743, 4049.9579830822063, 2322.054455134228, -0.05364859908880588, 0.3302395264308758]
FITS/p3_fit10s26yrs.jld2 loaded.
Previous model params: [3.733701373708653e-6, 224.700775766346, 3503.769531244693, -0.07778440953676542, -0.057164266520671074, 2.6265532394763936e-6, 365.2564522345031, 3624.40871304749, -0.046458887439052445, -0.044578208223485655, 0.0005410409043392165, 4283.587217288492, 1349.6441871373972, -0.02976733899634147, 0.09363038646784123]
Finished 4-planet fit w/ fixed period: [2.721802968810444e-6, 224.70087577502113, 3503.7717716962056, -0.04591654785426157, 0.0008526700697196962, 2.7871872152078874e-6, 365.2564586654766, 3624.408609714095, -0.023357796482321655, 0.0026700146176143235, 9.965093742704742e-7, 672.7616004515014, 691.4495670877267, -0.26034173577678865, -0.00029210143296756465, 0.00035479516689490266, 4064.221873796445, 1893.4456098357743, -0.06052273717201668, 0.15340264670713608] in 2 iterations
New 4-planet chi-square: 758.979738396391
Maximum: -225.48715278491923 Param: [2.7338518513213606e-6, 224.70087486272737, 3503.772073809662, -0.04597363252074935, 0.0005258343313261445, 2.7867196050649604e-6, 365.25645869415814, 3624.4086089488483, -0.02339064116627988, 0.0024256374673668956, 9.86384246342998e-7, 672.8365783578811, 690.7347631822842, -0.2613394926835078, 0.0004261319055553843, 0.00034978750619987553, 4063.597756466728, 1889.5577728635974, -0.06425945718209129, 0.15524991054050818]
FITS/p3_fit10s25yrs.jld2 loaded.
Previous model params: [3.66209050931976e-6, 224.70077666932642, 3503.769509210266, -0.08926494313203219, -0.06323322741424402, 2.58929776758351e-6, 365.25646647219804, 3624.40855597836, -0.05442799761731055, -0.04864547848617712, 0.00039561853652945973, 4228.699856047842, 1425.4822362657496, -0.10719602310825521, 0.10904442643598698]
Finished 4-planet fit w/ fixed period: [5.201083579497766e-6, 224.70071933092967, 3503.7700118430616, -0.0200175626683018, 0.0011096699779955693, 2.95888589649954e-6, 365.2564633975582, 3624.4086210767528, 0.0006957142458167616, 0.004304863829335499, 6.553950473726577e-7, 679.8311541755891, 399.8883841347948, -0.1466178095336564, 0.232344613155535, 0.0022032908542601592, 4370.110065268058, 40.34385021681299, 0.06564055455533274, -0.03684765063508216] in 20 iterations
New 4-planet chi-square: 529.1251748299336
Maximum: -203.8148134507656 Param: [5.199237870101804e-6, 224.70071948997838, 3503.770013117027, -0.020022551140048233, 0.0011014352383096, 2.9589154834388733e-6, 365.2564633778856, 3624.4086212946713, 0.0006984938377974103, 0.004302028865164754, 6.549979222521463e-7, 679.8515828845091, 399.4606826259576, -0.14698978977295463, 0.2318061759706466, 0.0021996497915232407, 4370.071344721924, 40.82492682918137, 0.06559114486266875, -0.036878194752294986]
FITS/p3_fit10s24yrs.jld2 loaded.
Previous model params: [4.0529417668672735e-6, 224.70077931415165, 3503.7695020581837, -0.05509496374923665, -0.058086973852260984, 2.717887797422275e-6, 365.2564743123008, 3624.4084810210366, -0.028296856086580127, -0.044527292856713814, 0.0003650645466093712, 4176.13890430083, 1247.061429925946, -0.16830425123047266, 0.05416030274053267]
