FITS/fromEMB/p2_fit10s16yrs.jld2 loaded.
Previous model params: [2.1768020585002527e-6, 224.70079394275106, 3503.76535791506, -0.006929146846837041, 0.0021397356110518595, 2.959145823708619e-6, 365.2564399328907, 3624.4026204256975, 0.004485265080234246, 0.0018725387443730087]
Finished 3-planet fit w/ fixed period: [2.606940315632765e-6, 224.70079745499223, 3503.765221594748, 0.02176426319260382, 0.0028904411158394852, 3.195348412729058e-6, 365.2564202405449, 3624.4024951244633, 0.030798972965475502, 0.0039022612858596326, 0.0006944149740120692, 4349.368009125368, 4652.149941219791, 0.002213021871145237, -0.07408880305240624] in 2 iterations
New 3-planet chi-square: 111.8904153786344
Maximum: -99.0679191221294 Param: [2.605241162146587e-6, 224.7007974689124, 3503.7652212141625, 0.021596923306311674, 0.0028304195105746444, 3.1941637465649814e-6, 365.25642049699184, 3624.4024921191603, 0.030663571092608737, 0.003855778671471606, 0.0006950021943764336, 4346.469268526239, 4653.805941865755, 0.0024587974408968017, -0.07399266313061387]
777.045364 seconds (409.41 M allocations: 35.622 GiB, 0.51% gc time)
FITS/fromEMB/p2_fit30s16yrs.jld2 loaded.
Previous model params: [2.1766556074502042e-6, 224.70079394215034, 3503.7653579240755, -0.0069374169609963884, 0.002139351674881588, 2.959117965076671e-6, 365.2564399339509, 3624.4026204196794, 0.004478237314882669, 0.001872122735719381]
Finished 3-planet fit w/ fixed period: [2.6069431543723104e-6, 224.70079745501795, 3503.765221594305, 0.021764323246618537, 0.0028910076447715145, 3.1953485725436987e-6, 365.25642024047096, 3624.4024951253673, 0.03079900900313388, 0.0039027072353670102, 0.0006944138840225917, 4349.368009125368, 4652.145193838514, 0.002213373089100518, -0.07408949439611626] in 2 iterations
New 3-planet chi-square: 12.432268369224985
Maximum: -52.92620298763178 Param: [2.60524669338272e-6, 224.7007974689347, 3503.7652212132775, 0.021597343627721602, 0.0028305309805019695, 3.1941656810938993e-6, 365.25642049752395, 3624.402492113161, 0.03066387727000725, 0.003855846999523183, 0.0006949942023846298, 4346.462973008785, 4653.8070072114315, 0.0024578562745728003, -0.07399359153213336]
1608.851937 seconds (349.58 M allocations: 32.729 GiB, 0.29% gc time)
FITS/fromEMB/p2_fit60s16yrs.jld2 loaded.
Previous model params: [2.1766556074502042e-6, 224.70079394215034, 3503.7653579240755, -0.0069374169609963884, 0.002139351674881588, 2.959117965076671e-6, 365.2564399339509, 3624.4026204196794, 0.004478237314882669, 0.001872122735719381]
Finished 3-planet fit w/ fixed period: [2.6069431543723104e-6, 224.70079745501795, 3503.765221594305, 0.021764323246618537, 0.0028910076447715145, 3.1953485725436987e-6, 365.25642024047096, 3624.4024951253673, 0.03079900900313388, 0.0039027072353670102, 0.0006944138840225917, 4349.368009125368, 4652.145193838514, 0.002213373089100518, -0.07408949439611626] in 2 iterations
New 3-planet chi-square: 3.1080670923062463
Maximum: -23.814021404114076 Param: [2.60524669338272e-6, 224.7007974689347, 3503.7652212132775, 0.021597343627721602, 0.0028305309805019695, 3.1941656810938993e-6, 365.25642049752395, 3624.402492113161, 0.03066387727000725, 0.003855846999523183, 0.0006949942023846298, 4346.462973008785, 4653.8070072114315, 0.0024578562745728003, -0.07399359153213336]
1515.478552 seconds (349.58 M allocations: 32.729 GiB, 0.29% gc time)
FITS/fromEMB/p2_fit80s16yrs.jld2 loaded.
Previous model params: [2.1768020585002527e-6, 224.70079394275106, 3503.76535791506, -0.006929146846837041, 0.0021397356110518595, 2.959145823708619e-6, 365.2564399328907, 3624.4026204256975, 0.004485265080234246, 0.0018725387443730087]
Finished 3-planet fit w/ fixed period: [2.606940315632765e-6, 224.70079745499223, 3503.765221594748, 0.02176426319260382, 0.0028904411158394852, 3.195348412729058e-6, 365.2564202405449, 3624.4024951244633, 0.030798972965475502, 0.0039022612858596326, 0.0006944149740120692, 4349.368009125368, 4652.149941219791, 0.002213021871145237, -0.07408880305240624] in 2 iterations
New 3-planet chi-square: 1.7482877402911625
Maximum: -11.73137437157628 Param: [2.605241162146587e-6, 224.7007974689124, 3503.7652212141625, 0.021596923306311674, 0.0028304195105746444, 3.1941637465649814e-6, 365.25642049699184, 3624.4024921191603, 0.030663571092608737, 0.003855778671471606, 0.0006950021943764336, 4346.469268526239, 4653.805941865755, 0.0024587974408968017, -0.07399266313061387]
1571.326882 seconds (349.47 M allocations: 32.718 GiB, 0.26% gc time)
FITS/fromEMB/p2_fit90s16yrs.jld2 loaded.
Previous model params: [2.1766440047808212e-6, 224.70079394214832, 3503.7653579241914, -0.006939140682572433, 0.0021401791372334398, 2.9591081524852064e-6, 365.2564399339918, 3624.4026204196866, 0.004476854530700571, 0.0018727741880543937]
Finished 3-planet fit w/ fixed period: [2.60693303111452e-6, 224.70079745502974, 3503.7652215943826, 0.02176348634596031, 0.0028907529016257492, 3.1953438429303786e-6, 365.25642024051047, 3624.4024951246793, 0.03079836861214634, 0.0039025343158648447, 0.0006944252782149134, 4349.368009125368, 4652.148060012413, 0.002215312710091848, -0.07408814521706132] in 2 iterations
New 3-planet chi-square: 1.3813631529486476
Maximum: -6.784486875923681 Param: [2.6052391460488653e-6, 224.7007974689533, 3503.7652212134412, 0.021596636798645912, 0.002830661497590457, 3.19416184551013e-6, 365.2564204972836, 3624.4024921159717, 0.030663338760523413, 0.003855973487329849, 0.0006950045044488841, 4346.465675829856, 4653.8061463613285, 0.0024596468966780346, -0.07399254640998308]
1399.283640 seconds (348.26 M allocations: 32.606 GiB, 0.29% gc time)
FITS/fromEMB/p2_fit100s16yrs.jld2 loaded.
Previous model params: [2.176622873621632e-6, 224.70079394209307, 3503.7653579251887, -0.006942803838850321, 0.0021390532481822427, 2.959085602148922e-6, 365.25643993407556, 3624.4026204189545, 0.004473920644410338, 0.0018718914035818935]
Finished 3-planet fit w/ fixed period: [2.6069437460275875e-6, 224.70079745503944, 3503.765221593971, 0.021764258432990836, 0.0028912445743968047, 3.19534812469949e-6, 365.2564202404781, 3624.4024951253778, 0.0307989562029595, 0.0039028943302681653, 0.0006944140240808534, 4349.368009125368, 302.77632657222256, 0.0022134894831618546, -0.0740895925382953] in 2 iterations
New 3-planet chi-square: 1.1189041709916396
Maximum: -2.3593455392947043 Param: [2.605300393250542e-6, 224.70079746874958, 3503.7652212190237, 0.021601218382598375, 0.0028343000904031738, 3.194191403543795e-6, 365.2564204917188, 3624.402492180468, 0.03066695239318678, 0.003858778095079355, 0.0006949737618572983, 4346.52372310129, 307.2263349584904, 0.002453136739544066, -0.07399905167266731]
1396.721680 seconds (348.95 M allocations: 32.669 GiB, 0.28% gc time)
FITS/fromEMB/p2_fit110s16yrs.jld2 loaded.
Previous model params: [2.1768262676753658e-6, 224.70079394280177, 3503.765357914159, -0.006925943914556491, 0.0021397750570075025, 2.9591637143270164e-6, 365.2564399327821, 3624.4026204262595, 0.004487846345816407, 0.0018725705326539004]
Finished 3-planet fit w/ fixed period: [2.606952573374714e-6, 224.7007974549804, 3503.765221594635, 0.021765274554743648, 0.002890682508097957, 3.1953541577887355e-6, 365.2564202405182, 3624.4024951249967, 0.03079974944779598, 0.0039024195428571883, 0.0006944017341672928, 4349.368009125368, 302.77914312632663, 0.0022107493043707336, -0.07409035515404397] in 2 iterations
New 3-planet chi-square: 0.9247141762581363
Maximum: 1.6436823450490932 Param: [2.6052618408995243e-6, 224.70079746893217, 3503.7652212135417, 0.021598396102753364, 0.0028314518289657836, 3.1941720531581504e-6, 365.25642049679755, 3624.4024921217574, 0.030664696484428208, 0.003856551828193083, 0.0006949851192558752, 4346.470038539833, 307.325920752645, 0.002456504672546285, -0.07399536689704202]
1445.491683 seconds (348.54 M allocations: 32.631 GiB, 0.32% gc time)
FITS/fromEMB/p2_fit120s16yrs.jld2 loaded.
Previous model params: [2.1766556074502042e-6, 224.70079394215034, 3503.7653579240755, -0.0069374169609963884, 0.002139351674881588, 2.959117965076671e-6, 365.2564399339509, 3624.4026204196794, 0.004478237314882669, 0.001872122735719381]
Finished 3-planet fit w/ fixed period: [2.6069431543723104e-6, 224.70079745501795, 3503.765221594305, 0.021764323246618537, 0.0028910076447715145, 3.1953485725436987e-6, 365.25642024047096, 3624.4024951253673, 0.03079900900313388, 0.0039027072353670102, 0.0006944138840225917, 4349.368009125368, 4652.145193838514, 0.002213373089100518, -0.07408949439611626] in 2 iterations
New 3-planet chi-square: 0.7770167730765616
Maximum: 5.298160179403624 Param: [2.60524669338272e-6, 224.7007974689347, 3503.7652212132775, 0.021597343627721602, 0.0028305309805019695, 3.1941656810938993e-6, 365.25642049752395, 3624.402492113161, 0.03066387727000725, 0.003855846999523183, 0.0006949942023846298, 4346.462973008785, 4653.8070072114315, 0.0024578562745728003, -0.07399359153213336]
1439.347415 seconds (349.54 M allocations: 32.725 GiB, 0.29% gc time)
FITS/fromEMB/p2_fit10s18yrs.jld2 loaded.
Previous model params: [2.2495358943671394e-6, 224.70078497713754, 3503.765439350304, 0.01768358562145678, 0.002813046655614349, 3.0703551004775085e-6, 365.25641480705923, 3624.402759865612, 0.023452290235748643, 0.001974754881029326]
Finished 3-planet fit w/ fixed period: [2.5993862118368145e-6, 224.7007881068103, 3503.7653062522295, 0.025797347880158163, 0.0020953796073685297, 3.182644428603555e-6, 365.2564302966039, 3624.4024213511266, 0.03301727958694591, 0.0037657689065396316, 0.0006324955674813735, 4327.406077950715, 4658.047516761871, -0.008965187877229969, -0.08098826659744793] in 2 iterations
New 3-planet chi-square: 153.23848385479357
Maximum: -118.25189250765344 Param: [2.5985959739298153e-6, 224.70078815706236, 3503.76530551398, 0.02571794304358879, 0.002081747519494031, 3.1820521652633913e-6, 365.25643073890063, 3624.402417265016, 0.03294806362556711, 0.0037593660421507517, 0.0006320299459585637, 4324.375829418418, 4659.631143612009, -0.008827412500019194, -0.08102190139971222]
1222.637501 seconds (275.87 M allocations: 26.894 GiB, 0.29% gc time)
FITS/fromEMB/p2_fit30s18yrs.jld2 loaded.
Previous model params: [2.249539233452174e-6, 224.70078497722753, 3503.7654393490084, 0.017685087397009826, 0.0028144392361714892, 3.070367955088357e-6, 365.25641480692076, 3624.402759866811, 0.023453429451796147, 0.001975783771253487]
Finished 3-planet fit w/ fixed period: [2.599400892091673e-6, 224.70078810682304, 3503.765306251797, 0.025798398277992008, 0.0020958275372698165, 3.1826503688876084e-6, 365.25643029641594, 3624.4024213527878, 0.03301809123107846, 0.003766088851035895, 0.0006324845055487671, 4327.406077950715, 4658.042469251177, -0.008967271795695415, -0.08099013605984956] in 2 iterations
New 3-planet chi-square: 17.026498222800562
Maximum: -66.61711496331876 Param: [2.598596248057121e-6, 224.700788157083, 3503.765305513828, 0.025718113130933983, 0.0020814725325969206, 3.1820533256080214e-6, 365.25643073916416, 3624.402417262833, 0.03294820331522251, 0.0037591474617605877, 0.0006320285177638557, 4324.374394637797, 4659.634558295884, -0.008827934203030272, -0.08102153083480756]
1212.745720 seconds (275.93 M allocations: 26.900 GiB, 0.30% gc time)
FITS/fromEMB/p2_fit60s18yrs.jld2 loaded.
Previous model params: [2.249539233452174e-6, 224.70078497722753, 3503.7654393490084, 0.017685087397009826, 0.0028144392361714892, 3.070367955088357e-6, 365.25641480692076, 3624.402759866811, 0.023453429451796147, 0.001975783771253487]
Finished 3-planet fit w/ fixed period: [2.599400892091673e-6, 224.70078810682304, 3503.765306251797, 0.025798398277992008, 0.0020958275372698165, 3.1826503688876084e-6, 365.25643029641594, 3624.4024213527878, 0.03301809123107846, 0.003766088851035895, 0.0006324845055487671, 4327.406077950715, 4658.042469251177, -0.008967271795695415, -0.08099013605984956] in 2 iterations
New 3-planet chi-square: 4.2566245557001405
Maximum: -34.03919747700132 Param: [2.598596248057121e-6, 224.700788157083, 3503.765305513828, 0.025718113130933983, 0.0020814725325969206, 3.1820533256080214e-6, 365.25643073916416, 3624.402417262833, 0.03294820331522251, 0.0037591474617605877, 0.0006320285177638557, 4324.374394637797, 4659.634558295884, -0.008827934203030272, -0.08102153083480756]
1309.436338 seconds (275.93 M allocations: 26.900 GiB, 0.30% gc time)
FITS/fromEMB/p2_fit80s18yrs.jld2 loaded.
Previous model params: [2.2495358943671394e-6, 224.70078497713754, 3503.765439350304, 0.01768358562145678, 0.002813046655614349, 3.0703551004775085e-6, 365.25641480705923, 3624.402759865612, 0.023452290235748643, 0.001974754881029326]
Finished 3-planet fit w/ fixed period: [2.5993862118368145e-6, 224.7007881068103, 3503.7653062522295, 0.025797347880158163, 0.0020953796073685297, 3.182644428603555e-6, 365.2564302966039, 3624.4024213511266, 0.03301727958694591, 0.0037657689065396316, 0.0006324955674813735, 4327.406077950715, 4658.047516761871, -0.008965187877229969, -0.08098826659744793] in 2 iterations
New 3-planet chi-square: 2.3943513102311496
Maximum: -20.518140048701145 Param: [2.5985959739298153e-6, 224.70078815706236, 3503.76530551398, 0.02571794304358879, 0.002081747519494031, 3.1820521652633913e-6, 365.25643073890063, 3624.402417265016, 0.03294806362556711, 0.0037593660421507517, 0.0006320299459585637, 4324.375829418418, 4659.631143612009, -0.008827412500019194, -0.08102190139971222]
1123.705189 seconds (275.87 M allocations: 26.894 GiB, 0.31% gc time)
FITS/fromEMB/p2_fit90s18yrs.jld2 loaded.
Previous model params: [2.249486153894785e-6, 224.70078497699407, 3503.7654393522694, 0.01767816284523381, 0.0028126333383625773, 3.070324372529615e-6, 365.2564148071064, 3624.4027598654666, 0.023447832414939952, 0.001974347665707669]
Finished 3-planet fit w/ fixed period: [2.5993997985136284e-6, 224.70078810682483, 3503.7653062518857, 0.02579855473438528, 0.0020954002547523354, 3.182651420247833e-6, 365.2564302965125, 3624.4024213519947, 0.03301822079203185, 0.0037657483938767027, 0.0006324817798185943, 4327.406077950715, 4658.045802462321, -0.008968325497990972, -0.08098992703909874] in 2 iterations
New 3-planet chi-square: 1.8918331342360104
Maximum: -14.982337375661107 Param: [2.598610895062983e-6, 224.70078815706967, 3503.765305513657, 0.025719153035131333, 0.0020819850088924204, 3.182059067597672e-6, 365.25643073868497, 3624.4024172669456, 0.03294900272866639, 0.00375951548515257, 0.0006320164182761298, 4324.376319218668, 4659.627197288603, -0.008830321240987832, -0.08102386303619755]
1313.479004 seconds (276.68 M allocations: 26.973 GiB, 0.30% gc time)
FITS/fromEMB/p2_fit100s18yrs.jld2 loaded.
Previous model params: [2.249533310258726e-6, 224.7007849771533, 3503.765439350027, 0.017684276677299854, 0.0028124749936471365, 3.07036231464608e-6, 365.2564148070411, 3624.402759865687, 0.023452774893961303, 0.0019742429215981057]
Finished 3-planet fit w/ fixed period: [2.599386586416668e-6, 224.7007881068092, 3503.76530625222, 0.025797417079312514, 0.0020953111078794912, 3.182644842280997e-6, 365.25643029661285, 3624.4024213509824, 0.033017335190452815, 0.003765715618573248, 0.0006324949930208045, 4327.406077950715, 4658.0476767503615, -0.00896537879072151, -0.08098833446662795] in 2 iterations
New 3-planet chi-square: 1.5323848387601624
Maximum: -10.030393140187908 Param: [2.5986006097615885e-6, 224.70078815704755, 3503.765305514156, 0.025718321083131237, 0.0020819066803994452, 3.182054440245905e-6, 365.2564307386455, 3624.4024172674317, 0.03294836212417647, 0.003759481410701477, 0.0006320267210011575, 4324.377030740256, 4659.629196775296, -0.008828123388512967, -0.08102238309071638]
1386.846562 seconds (276.56 M allocations: 26.961 GiB, 0.30% gc time)
FITS/fromEMB/p2_fit110s18yrs.jld2 loaded.
Previous model params: [2.24952031792932e-6, 224.7007849770567, 3503.765439351389, 0.01768103210402517, 0.0028120929609338906, 3.0703382050712474e-6, 365.25641480709845, 3624.4027598652065, 0.023450245102967147, 0.0019740150747212136]
Finished 3-planet fit w/ fixed period: [2.599393098816046e-6, 224.70078810682372, 3503.7653062518593, 0.025797881228846662, 0.002095576648689381, 3.1826473758711775e-6, 365.2564302965344, 3624.402421351678, 0.03301768941522138, 0.003765908170324961, 0.0006324881491291019, 4327.406077950715, 4658.044258333802, -0.008966618924699186, -0.08098957330890061] in 2 iterations
New 3-planet chi-square: 1.26643375195142
Maximum: -5.550814706269967 Param: [2.5986011402411574e-6, 224.70078815707745, 3503.765305513722, 0.02571837155424901, 0.0020819381466096625, 3.182054715729998e-6, 365.25643073885317, 3624.4024172655572, 0.03294839892369108, 0.0037595041198184745, 0.0006320254237027419, 4324.375579035758, 4659.630001888491, -0.00882833968988342, -0.08102246475634164]
1348.535038 seconds (275.65 M allocations: 26.873 GiB, 0.30% gc time)
FITS/fromEMB/p2_fit120s18yrs.jld2 loaded.
Previous model params: [2.249539233452174e-6, 224.70078497722753, 3503.7654393490084, 0.017685087397009826, 0.0028144392361714892, 3.070367955088357e-6, 365.25641480692076, 3624.402759866811, 0.023453429451796147, 0.001975783771253487]
Finished 3-planet fit w/ fixed period: [2.5993883184629385e-6, 224.70078810682122, 3503.765306251919, 0.025797409900987195, 0.002095662308222175, 3.1826446539791086e-6, 365.25643029655754, 3624.4024213514076, 0.03301732189046112, 0.0037659898247346915, 0.0006324942998116345, 4327.406077950715, 4658.04467415538, -0.008965226732082238, -0.08098885929821505] in 2 iterations
New 3-planet chi-square: 1.0641561385418934
Maximum: -1.4612799822228781 Param: [2.5986037990214006e-6, 224.7007881570581, 3503.765305514066, 0.02571871393464399, 0.002081500548185207, 3.1820567422341783e-6, 365.25643073883606, 3624.4024172657178, 0.03294867085461335, 0.0037591475462357333, 0.0006320218190513853, 4324.376152684535, 4659.632318058772, -0.008829541269163034, -0.08102251257140397]
1101.950154 seconds (275.84 M allocations: 26.891 GiB, 0.29% gc time)
FITS/fromEMB/p2_fit10s20yrs.jld2 loaded.
Previous model params: [2.498714293470259e-6, 224.70077922090792, 3503.7654908444524, 0.02182655885990111, -0.00199387976497506, 3.1533382813674317e-6, 365.25636519246075, 3624.4030634712844, 0.028389689526193276, -0.00016750223663914725]
Finished 3-planet fit w/ fixed period: [2.347244247961344e-6, 224.70079085639213, 3503.7652822375926, 0.012153568430463653, -0.0016038199031686788, 3.1207921089920073e-6, 365.25644996332096, 3624.4022757672406, 0.02205043642117781, 0.0010971050598733963, 0.0007338078608973607, 4262.183421893651, 480.7030888237711, 0.014971637912230988, -0.062195693666902946] in 2 iterations
New 3-planet chi-square: 181.03211283178732
Maximum: -135.16553529671646 Param: [2.3475156916288337e-6, 224.70079087525633, 3503.765281963079, 0.012164968073670067, -0.001610188825754371, 3.120790069148907e-6, 365.2564500646686, 3624.4022746730448, 0.02205945822283019, 0.001094285499398455, 0.0007332233561847451, 4261.110525215339, 482.2898625567306, 0.014939192462571018, -0.062253203039721615]
1124.546228 seconds (258.36 M allocations: 26.135 GiB, 0.76% gc time)
FITS/fromEMB/p2_fit30s20yrs.jld2 loaded.
Previous model params: [2.498719226855567e-6, 224.70077922091517, 3503.7654908443324, 0.02182704223113387, -0.0019940715571582068, 3.153340989711183e-6, 365.25636519249605, 3624.403063471, 0.028390080284696875, -0.00016765110726572739]
Finished 3-planet fit w/ fixed period: [2.347241479422614e-6, 224.7007908564118, 3503.7652822376435, 0.012153697410153567, -0.0016044762831048782, 3.1207931453292856e-6, 365.25644996339616, 3624.4022757660177, 0.022050544867704976, 0.0010965719709892425, 0.0007338050687290741, 4262.183421893651, 480.70977592016607, 0.014970578126623692, -0.06219516339089614] in 2 iterations
New 3-planet chi-square: 20.11467921987397
Maximum: -78.03769630709827 Param: [2.347519778315019e-6, 224.70079087541586, 3503.7652819610316, 0.012165751026092715, -0.0016104499555632482, 3.1207950647694673e-6, 365.25645006537576, 3624.402274665042, 0.022060081903987564, 0.001094065740696436, 0.0007332108924389149, 4261.101023138865, 482.3109418018431, 0.014937420727959757, -0.06225320296139821]
1039.038587 seconds (257.84 M allocations: 26.081 GiB, 0.83% gc time)
FITS/fromEMB/p2_fit60s20yrs.jld2 loaded.
Previous model params: [2.498719226855567e-6, 224.70077922091517, 3503.7654908443324, 0.02182704223113387, -0.0019940715571582068, 3.153340989711183e-6, 365.25636519249605, 3624.403063471, 0.028390080284696875, -0.00016765110726572739]
Finished 3-planet fit w/ fixed period: [2.347241479422614e-6, 224.7007908564118, 3503.7652822376435, 0.012153697410153567, -0.0016044762831048782, 3.1207931453292856e-6, 365.25644996339616, 3624.4022757660177, 0.022050544867704976, 0.0010965719709892425, 0.0007338050687290741, 4262.183421893651, 480.70977592016607, 0.014970578126623692, -0.06219516339089614] in 2 iterations
New 3-planet chi-square: 5.028669804968493
Maximum: -41.994042917981126 Param: [2.347519778315019e-6, 224.70079087541586, 3503.7652819610316, 0.012165751026092715, -0.0016104499555632482, 3.1207950647694673e-6, 365.25645006537576, 3624.402274665042, 0.022060081903987564, 0.001094065740696436, 0.0007332108924389149, 4261.101023138865, 482.3109418018431, 0.014937420727959757, -0.06225320296139821]
1301.872062 seconds (257.84 M allocations: 26.081 GiB, 0.61% gc time)
FITS/fromEMB/p2_fit80s20yrs.jld2 loaded.
Previous model params: [2.498714293470259e-6, 224.70077922090792, 3503.7654908444524, 0.02182655885990111, -0.00199387976497506, 3.1533382813674317e-6, 365.25636519246075, 3624.4030634712844, 0.028389689526193276, -0.00016750223663914725]
Finished 3-planet fit w/ fixed period: [2.347244247961344e-6, 224.70079085639213, 3503.7652822375926, 0.012153568430463653, -0.0016038199031686788, 3.1207921089920073e-6, 365.25644996332096, 3624.4022757672406, 0.02205043642117781, 0.0010971050598733963, 0.0007338078608973607, 4262.183421893651, 480.7030888237711, 0.014971637912230988, -0.062195693666902946] in 2 iterations
New 3-planet chi-square: 2.828626762996677
Maximum: -27.03457512936498 Param: [2.3475156916288337e-6, 224.70079087525633, 3503.765281963079, 0.012164968073670067, -0.001610188825754371, 3.120790069148907e-6, 365.2564500646686, 3624.4022746730448, 0.02205945822283019, 0.001094285499398455, 0.0007332233561847451, 4261.110525215339, 482.2898625567306, 0.014939192462571018, -0.062253203039721615]
1056.062219 seconds (258.33 M allocations: 26.132 GiB, 0.74% gc time)
FITS/fromEMB/p2_fit90s20yrs.jld2 loaded.
Previous model params: [2.498731603420609e-6, 224.70077922092582, 3503.765490843972, 0.02182877886435565, -0.0019934149028685904, 3.1533526011429902e-6, 365.2563651924776, 3624.4030634713117, 0.028391477248616674, -0.00016714187628029086]
Finished 3-planet fit w/ fixed period: [2.3472418795669405e-6, 224.70079085640216, 3503.7652822373934, 0.012153430457303186, -0.0016038339397619304, 3.1207911620112365e-6, 365.2564499633741, 3624.4022757664793, 0.022050326952572495, 0.0010970911833039284, 0.0007338081702143881, 4262.183421893651, 4742.887304184772, 0.014971496681972191, -0.062195603623812754] in 2 iterations
New 3-planet chi-square: 2.234964355121544
Maximum: -20.90985726561873 Param: [2.347512917436225e-6, 224.70079087523524, 3503.765281963369, 0.012164832483590914, -0.001610063258102969, 3.120789444593109e-6, 365.25645006467886, 3624.402274672728, 0.022059362457842385, 0.0010943922468856918, 0.0007332270395522788, 4261.109375814798, 4743.402813217515, 0.014939839075064075, -0.06225260734718026]
1361.846689 seconds (258.21 M allocations: 26.119 GiB, 0.55% gc time)
FITS/fromEMB/p2_fit100s20yrs.jld2 loaded.
Previous model params: [2.498721571280868e-6, 224.70077922091266, 3503.765490844376, 0.02182685607357315, -0.0019939743273847694, 3.153338742143555e-6, 365.2563651924747, 3624.403063471243, 0.028389993162415854, -0.00016752985492684468]
Finished 3-planet fit w/ fixed period: [2.347239698209669e-6, 224.70079085638812, 3503.7652822377663, 0.012153387293031503, -0.0016040806269619378, 3.1207911212051875e-6, 365.25644996338684, 3624.402275766245, 0.02205030295352873, 0.001096898339608842, 0.0007338104934475067, 4262.183421893651, 480.707032667552, 0.014971692635438752, -0.062195047465094085] in 2 iterations
New 3-planet chi-square: 1.8103211279071214
Maximum: -15.43111045512683 Param: [2.347516662734818e-6, 224.700790875322, 3503.7652819622886, 0.01216528617986035, -0.001610350216860843, 3.1207921699619593e-6, 365.2564500650076, 3624.4022746692162, 0.022059716463978075, 0.001094155987834888, 0.0007332190433837112, 4261.106242652286, 482.2999019291922, 0.01493856435977409, -0.06225301464411822]
1115.187203 seconds (258.38 M allocations: 26.137 GiB, 0.63% gc time)
FITS/fromEMB/p2_fit110s20yrs.jld2 loaded.
Previous model params: [2.4987152391888034e-6, 224.70077922091977, 3503.76549084413, 0.021827055645364055, -0.0019932143114248096, 3.153342440064887e-6, 365.2563651924333, 3624.403063471566, 0.02839004939218122, -0.0001670145633434965]
Finished 3-planet fit w/ fixed period: [2.347239884105843e-6, 224.70079085636175, 3503.7652822376767, 0.012153027168354393, -0.0016033555192957504, 3.120788503919086e-6, 365.2564499633635, 3624.402275766632, 0.022050009720428587, 0.0010974896128769496, 0.0007338157176551522, 4262.183421893651, 480.6999576732764, 0.014973082964631566, -0.062195503367220455] in 2 iterations
New 3-planet chi-square: 1.496133163456367
Maximum: -10.474981103507861 Param: [2.34751327963107e-6, 224.70079087524707, 3503.7652819634054, 0.012164994169612758, -0.0016104237105298877, 3.1207906104626764e-6, 365.25645006474616, 3624.4022746718256, 0.022059493660453382, 0.0010941019393737937, 0.000733225211416614, 4261.108961885128, 482.29750173045466, 0.014939368352771178, -0.06225235800322351]
1109.242523 seconds (257.77 M allocations: 26.075 GiB, 0.67% gc time)
FITS/fromEMB/p2_fit120s20yrs.jld2 loaded.
Previous model params: [2.498719226855567e-6, 224.70077922091517, 3503.7654908443324, 0.02182704223113387, -0.0019940715571582068, 3.153340989711183e-6, 365.25636519249605, 3624.403063471, 0.028390080284696875, -0.00016765110726572739]
Finished 3-planet fit w/ fixed period: [2.347241479422614e-6, 224.7007908564118, 3503.7652822376435, 0.012153697410153567, -0.0016044762831048782, 3.1207931453292856e-6, 365.25644996339616, 3624.4022757660177, 0.022050544867704976, 0.0010965719709892425, 0.0007338050687290741, 4262.183421893651, 480.70977592016607, 0.014970578126623692, -0.06219516339089614] in 2 iterations
New 3-planet chi-square: 1.2571674512421231
Maximum: -5.950389528863969 Param: [2.347519778315019e-6, 224.70079087541586, 3503.7652819610316, 0.012165751026092715, -0.0016104499555632482, 3.1207950647694673e-6, 365.25645006537576, 3624.402274665042, 0.022060081903987564, 0.001094065740696436, 0.0007332108924389149, 4261.101023138865, 482.3109418018431, 0.014937420727959757, -0.06225320296139821]
1079.074832 seconds (257.84 M allocations: 26.081 GiB, 0.71% gc time)
FITS/fromEMB/p2_fit10s22yrs.jld2 loaded.
Previous model params: [2.537932069931633e-6, 224.70077507705886, 3503.765534086309, 0.04251612143002294, -0.013334665211000933, 3.315345449814727e-6, 365.2564047009359, 3624.4027916212026, 0.04530096433978122, -0.008702198016776828]
Finished 3-planet fit w/ fixed period: [2.4529160672063425e-6, 224.7007888842393, 3503.7653011906773, 0.014738685184978114, -0.0010009990972002782, 3.1667742216083546e-6, 365.2564601626147, 3624.4021849396704, 0.023670937725270156, 0.0015440932443827652, 0.0006730341673271313, 4197.943801582831, 4753.003127553056, 0.00902955275133481, -0.07017719861979183] in 2 iterations
New 3-planet chi-square: 211.64673185660743
Maximum: -152.6151779791538 Param: [2.4541562804265293e-6, 224.70078887712177, 3503.7653015428295, 0.014820146067152769, -0.00103688406421728, 3.167288501230669e-6, 365.2564601763008, 3624.4021865693126, 0.023740745391957103, 0.0015082175821904086, 0.0006742263154395162, 4201.47227886859, 4751.280218106891, 0.008890684543271833, -0.06988683485654608]
1218.683618 seconds (291.72 M allocations: 30.225 GiB, 0.94% gc time)
FITS/fromEMB/p2_fit30s22yrs.jld2 loaded.
Previous model params: [2.5379034448318877e-6, 224.7007750770648, 3503.7655340867095, 0.04251322429653602, -0.013335913275282833, 3.3153259382725503e-6, 365.2564047009298, 3624.4027916209516, 0.045298640751950205, -0.00870316621714195]
Finished 3-planet fit w/ fixed period: [2.4529170007037502e-6, 224.7007888842537, 3503.7653011903444, 0.014738593525682277, -0.0010003094149959397, 3.1667733068367265e-6, 365.25646016252074, 3624.402184940811, 0.023670858610714204, 0.0015446523279766247, 0.000673038688245036, 4197.943801582831, 555.0536217000805, 0.00903111460118595, -0.07017746952267934] in 2 iterations
New 3-planet chi-square: 23.516303559270604
Maximum: -89.9942775488829 Param: [2.4541599543129206e-6, 224.70078887716164, 3503.765301542272, 0.014820298675895847, -0.0010363763649094446, 3.1672893933910553e-6, 365.2564601762408, 3624.4021865711047, 0.023740859877881562, 0.0015086096366264594, 0.0006742251870342455, 4201.474158475559, 549.8012633942856, 0.008890701259393879, -0.06988727352221895]
1390.859252 seconds (293.45 M allocations: 30.403 GiB, 0.77% gc time)
FITS/fromEMB/p2_fit60s22yrs.jld2 loaded.
Previous model params: [2.5379034448318877e-6, 224.7007750770648, 3503.7655340867095, 0.04251322429653602, -0.013335913275282833, 3.3153259382725503e-6, 365.2564047009298, 3624.4027916209516, 0.045298640751950205, -0.00870316621714195]
Finished 3-planet fit w/ fixed period: [2.4529170007037502e-6, 224.7007888842537, 3503.7653011903444, 0.014738593525682277, -0.0010003094149959397, 3.1667733068367265e-6, 365.25646016252074, 3624.402184940811, 0.023670858610714204, 0.0015446523279766247, 0.000673038688245036, 4197.943801582831, 555.0536217000805, 0.00903111460118595, -0.07017746952267934] in 2 iterations
New 3-planet chi-square: 5.879075889817651
Maximum: -50.48488825696603 Param: [2.4541599543129206e-6, 224.70078887716164, 3503.765301542272, 0.014820298675895847, -0.0010363763649094446, 3.1672893933910553e-6, 365.2564601762408, 3624.4021865711047, 0.023740859877881562, 0.0015086096366264594, 0.0006742251870342455, 4201.474158475559, 549.8012633942856, 0.008890701259393879, -0.06988727352221895]
1459.533644 seconds (293.45 M allocations: 30.403 GiB, 0.71% gc time)
FITS/fromEMB/p2_fit80s22yrs.jld2 loaded.
Previous model params: [2.537932069931633e-6, 224.70077507705886, 3503.765534086309, 0.04251612143002294, -0.013334665211000933, 3.315345449814727e-6, 365.2564047009359, 3624.4027916212026, 0.04530096433978122, -0.008702198016776828]
Finished 3-planet fit w/ fixed period: [2.4529160672063425e-6, 224.7007888842393, 3503.7653011906773, 0.014738685184978114, -0.0010009990972002782, 3.1667742216083546e-6, 365.2564601626147, 3624.4021849396704, 0.023670937725270156, 0.0015440932443827652, 0.0006730341673271313, 4197.943801582831, 4753.003127553056, 0.00902955275133481, -0.07017719861979183] in 2 iterations
New 3-planet chi-square: 3.306980185259491
Maximum: -34.08701010340315 Param: [2.4541562804265293e-6, 224.70078887712177, 3503.7653015428295, 0.014820146067152769, -0.00103688406421728, 3.167288501230669e-6, 365.2564601763008, 3624.4021865693126, 0.023740745391957103, 0.0015082175821904086, 0.0006742263154395162, 4201.47227886859, 4751.280218106891, 0.008890684543271833, -0.06988683485654608]
1288.896999 seconds (291.80 M allocations: 30.233 GiB, 0.77% gc time)
FITS/fromEMB/p2_fit90s22yrs.jld2 loaded.
Previous model params: [2.5379021384239224e-6, 224.70077507706452, 3503.7655340866654, 0.04251298640051666, -0.01333542540486592, 3.3153244259115635e-6, 365.2564047009341, 3624.402791621039, 0.04529845971605906, -0.00870277253397939]
Finished 3-planet fit w/ fixed period: [2.4529242577575618e-6, 224.7007888843126, 3503.7653011895936, 0.014739415947113421, -0.0010005231056719355, 3.1667789491672315e-6, 365.2564601624004, 3624.402184942042, 0.02367149398275143, 0.0015444545120982273, 0.0006730253885925882, 4197.943801582831, 555.053343570977, 0.009028525011599267, -0.070178702455299] in 2 iterations
New 3-planet chi-square: 2.612922616654459
Maximum: -27.373377083432224 Param: [2.4541559551610194e-6, 224.700788877122, 3503.7653015427777, 0.014820030031395873, -0.0010367466475693224, 3.167287583237018e-6, 365.25646017629697, 3624.4021865691943, 0.02374064876192665, 0.0015083301059755532, 0.0006742278894241331, 4201.471937967943, 549.8070320255115, 0.00889119480195731, -0.06988692669867203]
1285.317917 seconds (292.15 M allocations: 30.269 GiB, 0.80% gc time)
FITS/fromEMB/p2_fit100s22yrs.jld2 loaded.
Previous model params: [2.537895537254821e-6, 224.70077507706742, 3503.765534086711, 0.04251201456994883, -0.013335073397911885, 3.3153170674324146e-6, 365.256404700938, 3624.4027916210716, 0.04529767389368991, -0.008702495871289977]
Finished 3-planet fit w/ fixed period: [2.4529152510331213e-6, 224.7007888842443, 3503.7653011905027, 0.014738473598740346, -0.0010005780403836066, 3.1667726517080017e-6, 365.25646016260544, 3624.4021849398423, 0.023670770570983417, 0.0015444371318835634, 0.0006730387517816773, 4197.943801582831, 4753.000186631428, 0.009030717990709295, -0.07017710749610377] in 2 iterations
New 3-planet chi-square: 2.1164673196227253
Maximum: -21.36782769272187 Param: [2.4541524011989534e-6, 224.70078887706958, 3503.765301543622, 0.01481983404823662, -0.0010370291842247417, 3.167286517919604e-6, 365.2564601763364, 3624.402186568664, 0.023740504835344043, 0.001508113821109327, 0.0006742322795154851, 4201.471787058313, 4751.282958450326, 0.008891745671398265, -0.06988597252077065]
1313.695716 seconds (292.96 M allocations: 30.353 GiB, 0.70% gc time)
FITS/fromEMB/p2_fit110s22yrs.jld2 loaded.
Previous model params: [2.537906110436811e-6, 224.70077507706884, 3503.7655340864976, 0.042513366266946497, -0.013334442486948206, 3.3153271660624144e-6, 365.25640470093737, 3624.4027916212153, 0.04529875873225442, -0.008702004077417096]
Finished 3-planet fit w/ fixed period: [2.452915456594481e-6, 224.7007888842348, 3503.7653011907237, 0.014738589959137556, -0.0010008439544708391, 3.166773572366627e-6, 365.2564601625819, 3624.4021849400533, 0.023670863206853163, 0.0015442207928994445, 0.0006730362588726048, 4197.943801582831, 4753.002013786237, 0.009030055848360802, -0.07017707739672462] in 2 iterations
New 3-planet chi-square: 1.7491465437629585
Maximum: -15.935147421393538 Param: [2.454157298804012e-6, 224.7007888771125, 3503.7653015430656, 0.01482033439637577, -0.0010370851076198038, 3.167289860708474e-6, 365.2564601762906, 3624.4021865694876, 0.023740892205172136, 0.001508051652834148, 0.0006742247565469232, 4201.47250318494, 4751.281767252055, 0.0088902892586119, -0.0698867607656762]
1573.875817 seconds (292.30 M allocations: 30.285 GiB, 0.61% gc time)
FITS/fromEMB/p2_fit120s22yrs.jld2 loaded.
Previous model params: [2.5379034448318877e-6, 224.7007750770648, 3503.7655340867095, 0.04251322429653602, -0.013335913275282833, 3.3153259382725503e-6, 365.2564047009298, 3624.4027916209516, 0.045298640751950205, -0.00870316621714195]
Finished 3-planet fit w/ fixed period: [2.4529170007037502e-6, 224.7007888842537, 3503.7653011903444, 0.014738593525682277, -0.0010003094149959397, 3.1667733068367265e-6, 365.25646016252074, 3624.402184940811, 0.023670858610714204, 0.0015446523279766247, 0.000673038688245036, 4197.943801582831, 555.0536217000805, 0.00903111460118595, -0.07017746952267934] in 2 iterations
New 3-planet chi-square: 1.4697689724544127
Maximum: -10.975498965049145 Param: [2.4541599543129206e-6, 224.70078887716164, 3503.765301542272, 0.014820298675895847, -0.0010363763649094446, 3.1672893933910553e-6, 365.2564601762408, 3624.4021865711047, 0.023740859877881562, 0.0015086096366264594, 0.0006742251870342455, 4201.474158475559, 549.8012633942856, 0.008890701259393879, -0.06988727352221895]
1248.919078 seconds (293.41 M allocations: 30.399 GiB, 0.75% gc time)
FITS/fromEMB/p2_fit10s24yrs.jld2 loaded.
Previous model params: [2.9674534766840894e-6, 224.70077611852787, 3503.765510126065, 0.05193113950900548, -0.004943351850449871, 3.3899570795640223e-6, 365.25645343597984, 3624.4024416965676, 0.05487028694413663, -0.003241295797146143]
Finished 3-planet fit w/ fixed period: [2.3753372813496187e-6, 224.70078072492745, 3503.765400487287, 0.0017009955192203244, -0.0043489920245498295, 3.0625322437514945e-6, 365.25646974734497, 3624.4021204497953, 0.014777834298547047, -0.0007909744468700409, 0.0009333848652338961, 4233.512003011372, 557.9185664375567, 0.036733622421791914, -0.04760491545610671] in 2 iterations
New 3-planet chi-square: 297.0135865278438
Maximum: -179.35400333470363 Param: [2.3754949812480183e-6, 224.70078072322602, 3503.7654005881254, 0.0017336386303846143, -0.00434190677244248, 3.0627779155623703e-6, 365.2564696847375, 3624.4021215902676, 0.014804221476708769, -0.0007870948638188663, 0.0009337029016101842, 4234.640228762211, 555.9604402164296, 0.03671721008525594, -0.0475592888973822]
1429.170708 seconds (275.57 M allocations: 29.576 GiB, 0.87% gc time)
FITS/fromEMB/p2_fit30s24yrs.jld2 loaded.
Previous model params: [2.9674810247373567e-6, 224.7007761185569, 3503.7655101252612, 0.051933739829393664, -0.0049411977781513555, 3.389976201788073e-6, 365.2564534359249, 3624.402441697471, 0.054872352349287536, -0.00323957564876619]
Finished 3-planet fit w/ fixed period: [2.375341604625074e-6, 224.70078072496298, 3503.7654004864653, 0.0017009687557710297, -0.004348510793254793, 3.0625313982337803e-6, 365.2564697473702, 3624.4021204497735, 0.014777796529174473, -0.0007905753930054681, 0.000933385543638995, 4233.512003011372, 557.9126923051853, 0.036734099339749283, -0.04760552557844346] in 2 iterations
New 3-planet chi-square: 33.00150960064615
Maximum: -110.14142913567089 Param: [2.3754946255503044e-6, 224.70078072325433, 3503.765400587576, 0.00173337363423556, -0.00434167573309443, 3.062776059170257e-6, 365.25646968473114, 3624.4021215904722, 0.014804009443350476, -0.0007869038137007278, 0.0009337055868221238, 4234.640913553012, 555.9569030816659, 0.03671743254191692, -0.047559349765320856]
1164.471746 seconds (276.83 M allocations: 29.711 GiB, 1.11% gc time)
FITS/fromEMB/p2_fit60s24yrs.jld2 loaded.
Previous model params: [2.9674810247373567e-6, 224.7007761185569, 3503.7655101252612, 0.051933739829393664, -0.0049411977781513555, 3.389976201788073e-6, 365.2564534359249, 3624.402441697471, 0.054872352349287536, -0.00323957564876619]
Finished 3-planet fit w/ fixed period: [2.375341604625074e-6, 224.70078072496298, 3503.7654004864653, 0.0017009687557710297, -0.004348510793254793, 3.0625313982337803e-6, 365.2564697473702, 3624.4021204497735, 0.014777796529174473, -0.0007905753930054681, 0.000933385543638995, 4233.512003011372, 557.9126923051853, 0.036734099339749283, -0.04760552557844346] in 2 iterations
New 3-planet chi-square: 8.250377400161538
Maximum: -66.47315676039433 Param: [2.3754946255503044e-6, 224.70078072325433, 3503.765400587576, 0.00173337363423556, -0.00434167573309443, 3.062776059170257e-6, 365.25646968473114, 3624.4021215904722, 0.014804009443350476, -0.0007869038137007278, 0.0009337055868221238, 4234.640913553012, 555.9569030816659, 0.03671743254191692, -0.047559349765320856]
1167.266242 seconds (276.84 M allocations: 29.712 GiB, 1.05% gc time)
FITS/fromEMB/p2_fit80s24yrs.jld2 loaded.
Previous model params: [2.9674534766840894e-6, 224.70077611852787, 3503.765510126065, 0.05193113950900548, -0.004943351850449871, 3.3899570795640223e-6, 365.25645343597984, 3624.4024416965676, 0.05487028694413663, -0.003241295797146143]
Finished 3-planet fit w/ fixed period: [2.3753372813496187e-6, 224.70078072492745, 3503.765400487287, 0.0017009955192203244, -0.0043489920245498295, 3.0625322437514945e-6, 365.25646974734497, 3624.4021204497953, 0.014777834298547047, -0.0007909744468700409, 0.0009333848652338961, 4233.512003011372, 557.9185664375567, 0.036733622421791914, -0.04760491545610671] in 2 iterations
New 3-planet chi-square: 4.64083728949756
Maximum: -48.349186208873945 Param: [2.3754949812480183e-6, 224.70078072322602, 3503.7654005881254, 0.0017336386303846143, -0.00434190677244248, 3.0627779155623703e-6, 365.2564696847375, 3624.4021215902676, 0.014804221476708769, -0.0007870948638188663, 0.0009337029016101842, 4234.640228762211, 555.9604402164296, 0.03671721008525594, -0.0475592888973822]
1426.453334 seconds (275.88 M allocations: 29.609 GiB, 0.83% gc time)
FITS/fromEMB/p2_fit90s24yrs.jld2 loaded.
Previous model params: [2.9674497738605573e-6, 224.7007761185385, 3503.765510125862, 0.05193070586196526, -0.004942106014063012, 3.3899540985248617e-6, 365.2564534359807, 3624.4024416968255, 0.05486994569326786, -0.003240308755531712]
Finished 3-planet fit w/ fixed period: [2.375345067706695e-6, 224.7007807249283, 3503.7654004870737, 0.0017014957176594654, -0.004348946465712233, 3.062535016821463e-6, 365.2564697473814, 3624.402120449948, 0.014778211832267773, -0.0007909509544611916, 0.0009333719085862494, 4233.512003011372, 557.9161341692561, 0.03673253900495028, -0.04760582606577326] in 2 iterations
New 3-planet chi-square: 3.6668344013096146
Maximum: -40.9288549602135 Param: [2.3754930879915444e-6, 224.70078072321843, 3503.765400588193, 0.0017336298198740937, -0.004342197381401597, 3.0627780819421833e-6, 365.25646968485853, 3624.402121588027, 0.014804221946291276, -0.0007873384917207843, 0.0009336992247499104, 4234.638222004655, 555.9674730948404, 0.0367166135021795, -0.047559192135469025]
1162.895985 seconds (276.86 M allocations: 29.714 GiB, 1.09% gc time)
FITS/fromEMB/p2_fit100s24yrs.jld2 loaded.
Previous model params: [2.9674461551770917e-6, 224.70077611852665, 3503.765510126111, 0.05193056105237225, -0.004943271015443867, 3.3899535278678215e-6, 365.2564534359916, 3624.4024416965153, 0.05486982832316887, -0.0032412127560532593]
Finished 3-planet fit w/ fixed period: [2.375339873570441e-6, 224.7007807249434, 3503.7654004869205, 0.0017010130315204006, -0.004348793351853701, 3.062531990815075e-6, 365.2564697473634, 3624.402120449822, 0.014777840167661255, -0.0007908090057054091, 0.000933383828000953, 4233.512003011372, 557.9154768311502, 0.036733752968677445, -0.04760530016643486] in 2 iterations
New 3-planet chi-square: 2.9701358635277604
Maximum: -34.29114245751179 Param: [2.3754937133935844e-6, 224.70078072323375, 3503.7654005880054, 0.0017334777476843645, -0.004342022722926519, 3.0627769225807436e-6, 365.2564696847744, 3624.4021215897337, 0.014804099271313001, -0.000787188047245784, 0.000933702478077951, 4234.640172018846, 555.9610541698595, 0.03671695269246543, -0.04755927588887138]
1161.745229 seconds (277.36 M allocations: 29.767 GiB, 0.98% gc time)
FITS/fromEMB/p2_fit110s24yrs.jld2 loaded.
Previous model params: [2.967437596457369e-6, 224.70077611853418, 3503.7655101259747, 0.05192967565991008, -0.0049416068853148695, 3.389947363907613e-6, 365.2564534360163, 3624.4024416966213, 0.05486912624203847, -0.003239885893112278]
Finished 3-planet fit w/ fixed period: [2.3753391696529523e-6, 224.70078072492393, 3503.765400487315, 0.0017011597779914192, -0.004349087837812175, 3.0625331735860158e-6, 365.25646974736173, 3624.4021204497753, 0.014777961050749543, -0.0007910577710344616, 0.0009333801112676255, 4233.512003011372, 557.9184228711626, 0.03673312212911981, -0.04760518944663804] in 2 iterations
New 3-planet chi-square: 2.454657740243396
Maximum: -28.286601152818935 Param: [2.3754910961891736e-6, 224.70078072321897, 3503.765400588165, 0.0017334682470610595, -0.004342303775928481, 3.0627771783209054e-6, 365.25646968491185, 3624.402121586875, 0.014804102109049158, -0.0007874212393333672, 0.0009337002586042434, 4234.6370911172635, 555.9702864410089, 0.03671664157769221, -0.04755905235785669]
1297.506945 seconds (277.38 M allocations: 29.769 GiB, 0.89% gc time)
FITS/fromEMB/p2_fit120s24yrs.jld2 loaded.
Previous model params: [2.9674810247373567e-6, 224.7007761185569, 3503.7655101252612, 0.051933739829393664, -0.0049411977781513555, 3.389976201788073e-6, 365.2564534359249, 3624.402441697471, 0.054872352349287536, -0.00323957564876619]
Finished 3-planet fit w/ fixed period: [2.375341604625074e-6, 224.70078072496298, 3503.7654004864653, 0.0017009687557710297, -0.004348510793254793, 3.0625313982337803e-6, 365.2564697473702, 3624.4021204497735, 0.014777796529174473, -0.0007905753930054681, 0.000933385543638995, 4233.512003011372, 557.9126923051853, 0.036734099339749283, -0.04760552557844346] in 2 iterations
New 3-planet chi-square: 2.0625943500403845
Maximum: -22.804884385117774 Param: [2.3754946255503044e-6, 224.70078072325433, 3503.765400587576, 0.00173337363423556, -0.00434167573309443, 3.062776059170257e-6, 365.25646968473114, 3624.4021215904722, 0.014804009443350476, -0.0007869038137007278, 0.0009337055868221238, 4234.640913553012, 555.9569030816659, 0.03671743254191692, -0.047559349765320856]
1353.111977 seconds (276.93 M allocations: 29.722 GiB, 0.94% gc time)
FITS/fromEMB/p2_fit10s26yrs.jld2 loaded.
Previous model params: [2.9314568390492232e-6, 224.70077596676592, 3503.765513158436, 0.052570049337070976, -0.0021413622608491036, 3.378288374858883e-6, 365.2564557277448, 3624.402422935777, 0.05515567614374518, -0.0007513693956902916]
Finished 3-planet fit w/ fixed period: [2.3112645799496643e-6, 224.7007773672466, 3503.7654523911033, 0.003892060610857983, -0.004841096254663315, 3.0723378775485032e-6, 365.2564613687407, 3624.4022084943867, 0.016381035089280262, -0.001317890966804132, 0.0009804288487718403, 4254.997414262921, 4810.568914730507, 0.04116863328735289, -0.037925465400813714] in 2 iterations
New 3-planet chi-square: 343.5730012814518
Maximum: -198.53958677428707 Param: [2.310692653046432e-6, 224.70077736814983, 3503.7654523210967, 0.0038645395636684116, -0.004852139556585061, 3.072158374594534e-6, 365.2564614132814, 3624.402207598198, 0.016358401130078977, -0.0013263329327599343, 0.0009802035034495605, 4254.097486664456, 4811.468002471881, 0.04116985042572188, -0.03792604854018649]
1045.926095 seconds (249.72 M allocations: 27.870 GiB, 0.79% gc time)
FITS/fromEMB/p2_fit30s26yrs.jld2 loaded.
Previous model params: [2.9314708091206002e-6, 224.70077596678289, 3503.7655131580905, 0.05257102106097611, -0.002141148310169792, 3.378294020823311e-6, 365.2564557277285, 3624.4024229359766, 0.055156452616049546, -0.0007512392100652247]
Finished 3-planet fit w/ fixed period: [2.311263920449467e-6, 224.7007773672348, 3503.7654523913416, 0.003892073764279145, -0.00484120592189291, 3.0723380723028124e-6, 365.2564613687327, 3624.4022084944863, 0.016381050828640952, -0.0013179833025366713, 0.000980427377198167, 4254.997414262921, 4810.5704623164165, 0.04116841162029417, -0.03792532488233081] in 2 iterations
New 3-planet chi-square: 38.17477793189933
Maximum: -123.83395115530993 Param: [2.31069522253799e-6, 224.70077736816194, 3503.765452320775, 0.003864662532718638, -0.004852012374986072, 3.0721588572559455e-6, 365.2564614132735, 3624.4022075983157, 0.016358487643853354, -0.0013262351995551038, 0.000980200598841969, 4254.097509757243, 4811.466037663384, 0.04116969812224722, -0.037926399724467874]
1046.700845 seconds (249.76 M allocations: 27.875 GiB, 0.78% gc time)
FITS/fromEMB/p2_fit60s26yrs.jld2 loaded.
Previous model params: [2.9314708091206002e-6, 224.70077596678289, 3503.7655131580905, 0.05257102106097611, -0.002141148310169792, 3.378294020823311e-6, 365.2564557277285, 3624.4024229359766, 0.055156452616049546, -0.0007512392100652247]
Finished 3-planet fit w/ fixed period: [2.311263920449467e-6, 224.7007773672348, 3503.7654523913416, 0.003892073764279145, -0.00484120592189291, 3.0723380723028124e-6, 365.2564613687327, 3624.4022084944863, 0.016381050828640952, -0.0013179833025366713, 0.000980427377198167, 4254.997414262921, 4810.5704623164165, 0.04116841162029417, -0.03792532488233081] in 2 iterations
New 3-planet chi-square: 9.543694482974832
Maximum: -76.69994287723367 Param: [2.31069522253799e-6, 224.70077736816194, 3503.765452320775, 0.003864662532718638, -0.004852012374986072, 3.0721588572559455e-6, 365.2564614132735, 3624.4022075983157, 0.016358487643853354, -0.0013262351995551038, 0.000980200598841969, 4254.097509757243, 4811.466037663384, 0.04116969812224722, -0.037926399724467874]
1182.267379 seconds (249.76 M allocations: 27.875 GiB, 0.70% gc time)
FITS/fromEMB/p2_fit80s26yrs.jld2 loaded.
Previous model params: [2.9314568390492232e-6, 224.70077596676592, 3503.765513158436, 0.052570049337070976, -0.0021413622608491036, 3.378288374858883e-6, 365.2564557277448, 3624.402422935777, 0.05515567614374518, -0.0007513693956902916]
Finished 3-planet fit w/ fixed period: [2.3112645799496643e-6, 224.7007773672466, 3503.7654523911033, 0.003892060610857983, -0.004841096254663315, 3.0723378775485032e-6, 365.2564613687407, 3624.4022084943867, 0.016381035089280262, -0.001317890966804132, 0.0009804288487718403, 4254.997414262921, 4810.568914730507, 0.04116863328735289, -0.037925465400813714] in 2 iterations
New 3-planet chi-square: 5.3683281450226845
Maximum: -57.13756194005821 Param: [2.310692653046432e-6, 224.70077736814983, 3503.7654523210967, 0.0038645395636684116, -0.004852139556585061, 3.072158374594534e-6, 365.2564614132814, 3624.402207598198, 0.016358401130078977, -0.0013263329327599343, 0.0009802035034495605, 4254.097486664456, 4811.468002471881, 0.04116985042572188, -0.03792604854018649]
1041.491090 seconds (249.73 M allocations: 27.871 GiB, 0.70% gc time)
FITS/fromEMB/p2_fit90s26yrs.jld2 loaded.
Previous model params: [2.931467025896639e-6, 224.70077596679587, 3503.7655131578485, 0.05257097649510704, -0.002140222372501555, 3.378295396289335e-6, 365.2564557276874, 3624.40242293648, 0.055156417527815665, -0.0007504664332079248]
Finished 3-planet fit w/ fixed period: [2.311262102196391e-6, 224.70077736725008, 3503.7654523911783, 0.0038919111478993304, -0.004841100575339453, 3.0723370784886095e-6, 365.2564613687745, 3624.402208494028, 0.016380919249064315, -0.0013178818126805573, 0.0009804350109233304, 4254.997414262921, 4810.569158947395, 0.041169228275525396, -0.037925220362336524] in 2 iterations
New 3-planet chi-square: 4.241641990672957
Maximum: -49.128315511768314 Param: [2.3106975015169335e-6, 224.7007773681668, 3503.7654523208375, 0.0038648971597296366, -0.004852039948563192, 3.0721605020531065e-6, 365.25646141326996, 3624.402207598968, 0.01635867150087123, -0.0013262597206884837, 0.0009801995278482664, 4254.098186363422, 4811.465430963106, 0.04116972874240306, -0.03792645525436038]
1098.301338 seconds (250.46 M allocations: 27.953 GiB, 0.78% gc time)
FITS/fromEMB/p2_fit100s26yrs.jld2 loaded.
Previous model params: [2.931478101163129e-6, 224.70077596680676, 3503.765513157631, 0.05257197092652487, -0.002140553308833479, 3.3783021729804315e-6, 365.2564557276887, 3624.402422936404, 0.055157210421721524, -0.0007507280034057249]
Finished 3-planet fit w/ fixed period: [2.311262229372146e-6, 224.70077736722587, 3503.765452391506, 0.0038920689651684675, -0.004841282938617318, 3.072338408562778e-6, 365.25646136876435, 3624.402208493996, 0.01638105428427403, -0.001318055549872824, 0.0009804277824185146, 4254.997414262921, 555.5756840726158, 0.04116831158518176, -0.037925013780537704] in 2 iterations
New 3-planet chi-square: 3.4357300121796497
Maximum: -41.96380044440929 Param: [2.3106955883146434e-6, 224.7007773681585, 3503.765452320855, 0.003864590672396168, -0.004851886943799497, 3.0721583575329125e-6, 365.25646141317344, 3624.4022075999624, 0.016358433576646018, -0.0013261304251671402, 0.000980202157552281, 4254.098844002961, 557.3651017476153, 0.04116976416895946, -0.037926340384907754]
1041.458876 seconds (250.32 M allocations: 27.938 GiB, 0.75% gc time)
FITS/fromEMB/p2_fit110s26yrs.jld2 loaded.
Previous model params: [2.931495262509461e-6, 224.70077596681435, 3503.7655131574697, 0.05257330478479168, -0.0021414183453997847, 3.3783101363208745e-6, 365.25645572771407, 3624.4024229360416, 0.05515827266601142, -0.0007514520528765845]
Finished 3-planet fit w/ fixed period: [2.3112632787788254e-6, 224.70077736725239, 3503.7654523910414, 0.003891947658684929, -0.004840951016279389, 3.072337338796478e-6, 365.2564613687545, 3624.4022084942426, 0.016380942865462652, -0.001317765403235192, 0.0009804336424988633, 4254.997414262921, 4810.568177519047, 0.041169129942068235, -0.037925303692837725] in 2 iterations
New 3-planet chi-square: 2.8394462940705627
Maximum: -35.48270825379336 Param: [2.3107010694281067e-6, 224.7007773681758, 3503.765452320557, 0.0038650667776200303, -0.004851827116069831, 3.0721613975054026e-6, 365.2564614132291, 3624.4022075996577, 0.0163587932095536, -0.0013260985349198232, 0.0009801957545893158, 4254.098388214811, 4811.462892009711, 0.041169536923986394, -0.037926783413637366]
1109.910703 seconds (248.94 M allocations: 27.784 GiB, 0.77% gc time)
FITS/fromEMB/p2_fit120s26yrs.jld2 loaded.
Previous model params: [2.9314708091206002e-6, 224.70077596678289, 3503.7655131580905, 0.05257102106097611, -0.002141148310169792, 3.378294020823311e-6, 365.2564557277285, 3624.4024229359766, 0.055156452616049546, -0.0007512392100652247]
Finished 3-planet fit w/ fixed period: [2.311263920449467e-6, 224.7007773672348, 3503.7654523913416, 0.003892073764279145, -0.00484120592189291, 3.0723380723028124e-6, 365.2564613687327, 3624.4022084944863, 0.016381050828640952, -0.0013179833025366713, 0.000980427377198167, 4254.997414262921, 4810.5704623164165, 0.04116841162029417, -0.03792532488233081] in 2 iterations
New 3-planet chi-square: 2.385923620743708
Maximum: -29.565934599157377 Param: [2.31069522253799e-6, 224.70077736816194, 3503.765452320775, 0.003864662532718638, -0.004852012374986072, 3.0721588572559455e-6, 365.2564614132735, 3624.4022075983157, 0.016358487643853354, -0.0013262351995551038, 0.000980200598841969, 4254.097509757243, 4811.466037663384, 0.04116969812224722, -0.037926399724467874]
1038.257939 seconds (249.86 M allocations: 27.886 GiB, 0.72% gc time)
FITS/fromEMB/p2_fit10s28yrs.jld2 loaded.
Previous model params: [2.915651218992416e-6, 224.70077657055782, 3503.765504174003, 0.05076427660112767, -0.004180346249918499, 3.3739306049539514e-6, 365.25645337227104, 3624.4024441159427, 0.05388376543542677, -0.0021818826314736334]
Finished 3-planet fit w/ fixed period: [2.429568866448273e-6, 224.70077650980946, 3503.7654624618144, 0.004828149879777438, -0.0022429779865826955, 3.072518855048429e-6, 365.25645076407545, 3624.402307831976, 0.017397326150385965, 0.0007668692943239582, 0.0008740222884194203, 4254.997414262921, 4807.945234543881, 0.027800381462416087, -0.03684959866416794] in 2 iterations
New 3-planet chi-square: 408.3127839888299
Maximum: -219.43922304634575 Param: [2.4284649482111277e-6, 224.700776518485, 3503.7654620283924, 0.004725297636051767, -0.0022473397587496665, 3.0718725614232828e-6, 365.2564509795936, 3624.402303874241, 0.017306617899040054, 0.0007620888269868313, 0.0008726512712952952, 4251.410805017048, 4810.961010658054, 0.02775990564934326, -0.03695081911498842]
1216.139122 seconds (256.29 M allocations: 29.546 GiB, 0.66% gc time)
FITS/fromEMB/p2_fit30s28yrs.jld2 loaded.
Previous model params: [2.9156432053383558e-6, 224.7007765705557, 3503.765504174021, 0.05076375691487256, -0.0041795641683001865, 3.3739279269647378e-6, 365.25645337223045, 3624.402444116452, 0.053883350433800825, -0.00218123538229452]
Finished 3-planet fit w/ fixed period: [2.429569603059001e-6, 224.70077650981284, 3503.765462461701, 0.004828118043583852, -0.0022428986465998914, 3.0725185803582304e-6, 365.25645076406647, 3624.4023078320442, 0.017397301243519913, 0.0007669367230698155, 0.0008740227939561435, 4254.997414262921, 4807.943975755997, 0.02780053760736768, -0.036849769188739334] in 2 iterations
New 3-planet chi-square: 45.36808710712045
Maximum: -139.24052597136165 Param: [2.4284580996613937e-6, 224.7007765184849, 3503.7654620285425, 0.004724747317349403, -0.0022475172141494656, 3.071869357801131e-6, 365.25645097966907, 3624.4023038725945, 0.01730619365850005, 0.0007619709756880966, 0.000872661713493155, 4251.409627784521, 4810.964110196345, 0.027761047706287133, -0.03695018244625709]
1061.414322 seconds (256.03 M allocations: 29.517 GiB, 0.66% gc time)
FITS/fromEMB/p2_fit60s28yrs.jld2 loaded.
Previous model params: [2.9156432053383558e-6, 224.7007765705557, 3503.765504174021, 0.05076375691487256, -0.0041795641683001865, 3.3739279269647378e-6, 365.25645337223045, 3624.402444116452, 0.053883350433800825, -0.00218123538229452]
Finished 3-planet fit w/ fixed period: [2.429569603059001e-6, 224.70077650981284, 3503.765462461701, 0.004828118043583852, -0.0022428986465998914, 3.0725185803582304e-6, 365.25645076406647, 3624.4023078320442, 0.017397301243519913, 0.0007669367230698155, 0.0008740227939561435, 4254.997414262921, 4807.943975755997, 0.02780053760736768, -0.036849769188739334] in 2 iterations
New 3-planet chi-square: 11.342021776780113
Maximum: -88.64078179048565 Param: [2.4284580996613937e-6, 224.7007765184849, 3503.7654620285425, 0.004724747317349403, -0.0022475172141494656, 3.071869357801131e-6, 365.25645097966907, 3624.4023038725945, 0.01730619365850005, 0.0007619709756880966, 0.000872661713493155, 4251.409627784521, 4810.964110196345, 0.027761047706287133, -0.03695018244625709]
1076.734740 seconds (256.03 M allocations: 29.517 GiB, 0.69% gc time)
FITS/fromEMB/p2_fit80s28yrs.jld2 loaded.
Previous model params: [2.915651218992416e-6, 224.70077657055782, 3503.765504174003, 0.05076427660112767, -0.004180346249918499, 3.3739306049539514e-6, 365.25645337227104, 3624.4024441159427, 0.05388376543542677, -0.0021818826314736334]
Finished 3-planet fit w/ fixed period: [2.429568866448273e-6, 224.70077650980946, 3503.7654624618144, 0.004828149879777438, -0.0022429779865826955, 3.072518855048429e-6, 365.25645076407545, 3624.402307831976, 0.017397326150385965, 0.0007668692943239582, 0.0008740222884194203, 4254.997414262921, 4807.945234543881, 0.027800381462416087, -0.03684959866416794] in 2 iterations
New 3-planet chi-square: 6.379887249825467
Maximum: -67.63999050371771 Param: [2.4284649482111277e-6, 224.700776518485, 3503.7654620283924, 0.004725297636051767, -0.0022473397587496665, 3.0718725614232828e-6, 365.2564509795936, 3624.402303874241, 0.017306617899040054, 0.0007620888269868313, 0.0008726512712952952, 4251.410805017048, 4810.961010658054, 0.02775990564934326, -0.03695081911498842]
1143.556356 seconds (256.29 M allocations: 29.546 GiB, 0.65% gc time)
FITS/fromEMB/p2_fit90s28yrs.jld2 loaded.
Previous model params: [2.915641438460087e-6, 224.70077657055472, 3503.7655041740954, 0.0507635873683025, -0.004180150289543951, 3.373926715827041e-6, 365.25645337225336, 3624.402444116126, 0.05388321376144621, -0.002181695651716501]
Finished 3-planet fit w/ fixed period: [2.429570641470147e-6, 224.70077650980338, 3503.7654624619186, 0.004828342221307472, -0.002243116524495688, 3.0725201490739718e-6, 365.25645076408335, 3624.4023078320024, 0.01739747870461201, 0.0007667484553292111, 0.0008740174864228441, 4254.997414262921, 4807.946341888761, 0.02779978970815754, -0.03684968525904341] in 2 iterations
New 3-planet chi-square: 5.040898568569019
Maximum: -59.04182890663553 Param: [2.4284611448274743e-6, 224.70077651848277, 3503.7654620284898, 0.00472494009310876, -0.0022474071717973154, 3.0718703855931473e-6, 365.2564509796152, 3624.402303873637, 0.01730633884698557, 0.0007620490876250589, 0.0008726572311162262, 4251.410324515295, 4810.961718076919, 0.027760528677487555, -0.03695054720949187]
1289.678148 seconds (256.10 M allocations: 29.524 GiB, 0.54% gc time)
FITS/fromEMB/p2_fit100s28yrs.jld2 loaded.
Previous model params: [2.9156203471806267e-6, 224.70077657054384, 3503.7655041744483, 0.05076158620274289, -0.004180479571372772, 3.3739129231596843e-6, 365.2564533722382, 3624.402444116186, 0.05388161843918803, -0.002181951037390987]
Finished 3-planet fit w/ fixed period: [2.429566741266966e-6, 224.7007765098075, 3503.765462461952, 0.0048279674033368134, -0.002243109643978943, 3.0725178025952988e-6, 365.25645076407017, 3624.4023078318064, 0.01739718917067338, 0.0007667774468954496, 0.0008740272454079436, 4254.997414262921, 552.9486546279074, 0.027800952950322203, -0.036849392957222955] in 2 iterations
New 3-planet chi-square: 4.083127842841174
Maximum: -51.35051128417683 Param: [2.4284639257050423e-6, 224.70077651849454, 3503.765462028109, 0.004724619037097573, -0.002246534342523679, 3.0718675028532856e-6, 365.25645097933926, 3624.4023038781784, 0.01730606497311737, 0.0007627675040268475, 0.0008726630094218981, 4251.414070229449, 559.5336961177056, 0.027761425358904843, -0.03695148871591731]
1196.346831 seconds (255.88 M allocations: 29.499 GiB, 0.61% gc time)
FITS/fromEMB/p2_fit110s28yrs.jld2 loaded.
Previous model params: [2.9156465417356335e-6, 224.70077657055515, 3503.7655041741027, 0.050763820855598614, -0.004180663099847295, 3.3739274383190974e-6, 365.2564533722772, 3624.4024441158285, 0.05388340165546539, -0.0021821328984920974]
Finished 3-planet fit w/ fixed period: [2.4295719481721098e-6, 224.7007765098153, 3503.7654624615398, 0.00482825386844127, -0.002242732310238991, 3.0725192476806078e-6, 365.25645076405726, 3624.4023078323244, 0.017397399042281353, 0.0007670635417367598, 0.00087401907364368, 4254.997414262921, 552.9445353320604, 0.027800191057383395, -0.03685010444608914] in 2 iterations
New 3-planet chi-square: 3.3744858191287377
Maximum: -44.39286814330555 Param: [2.428457463921824e-6, 224.7007765184937, 3503.765462028364, 0.004724768707350094, -0.0022474765178420912, 3.071869510653871e-6, 365.25645097973745, 3624.402303871391, 0.01730621081619927, 0.0007620063047697748, 0.0008726627596909199, 4251.408178972857, 559.557676031304, 0.027761324979787724, -0.036950064724315286]
1151.782599 seconds (255.95 M allocations: 29.507 GiB, 0.72% gc time)
FITS/fromEMB/p2_fit120s28yrs.jld2 loaded.
Previous model params: [2.9156432053383558e-6, 224.7007765705557, 3503.765504174021, 0.05076375691487256, -0.0041795641683001865, 3.3739279269647378e-6, 365.25645337223045, 3624.402444116452, 0.053883350433800825, -0.00218123538229452]
Finished 3-planet fit w/ fixed period: [2.429569603059001e-6, 224.70077650981284, 3503.765462461701, 0.004828118043583852, -0.0022428986465998914, 3.0725185803582304e-6, 365.25645076406647, 3624.4023078320442, 0.017397301243519913, 0.0007669367230698155, 0.0008740227939561435, 4254.997414262921, 4807.943975755997, 0.02780053760736768, -0.036849769188739334] in 2 iterations
New 3-planet chi-square: 2.8355054441950283
Maximum: -38.041037609609646 Param: [2.4284580996613937e-6, 224.7007765184849, 3503.7654620285425, 0.004724747317349403, -0.0022475172141494656, 3.071869357801131e-6, 365.25645097966907, 3624.4023038725945, 0.01730619365850005, 0.0007619709756880966, 0.000872661713493155, 4251.409627784521, 4810.964110196345, 0.027761047706287133, -0.03695018244625709]
1111.974313 seconds (256.04 M allocations: 29.518 GiB, 0.69% gc time)
FITS/fromEMB/p2_fit10s30yrs.jld2 loaded.
Previous model params: [2.8287328276510006e-6, 224.7007738079713, 3503.765549030837, 0.036322443464256296, 0.004637375397246615, 3.3115451428193257e-6, 365.2564331689148, 3624.4026357133, 0.041744104564744255, 0.004425668407276662]
Finished 3-planet fit w/ fixed period: [2.426383852685189e-6, 224.70077479844397, 3503.765487709753, 0.004101551952174037, -0.0024597056150135917, 3.0787745703031916e-6, 365.25645132899905, 3624.402293851467, 0.016539729571270236, 0.0004560533072678429, 0.0008649862752982402, 4240.661725231285, 579.375486206964, 0.025992501700297054, -0.03724698567155766] in 2 iterations
New 3-planet chi-square: 420.4293693643315
Maximum: -235.60978338638375 Param: [2.4263365942434508e-6, 224.70077479638914, 3503.7654877582686, 0.004100659902357608, -0.0024594549628258367, 3.078783617326288e-6, 365.2564513102114, 3624.40229412918, 0.01653943750955923, 0.00045649075876543464, 0.0008651920378360226, 4240.8571831275685, 579.0001446529319, 0.02600683311022419, -0.03723733222365487]
1149.698255 seconds (250.04 M allocations: 29.470 GiB, 0.63% gc time)
FITS/fromEMB/p2_fit30s30yrs.jld2 loaded.
Previous model params: [2.8287332932255823e-6, 224.70077380797366, 3503.7655490307034, 0.03632245784346566, 0.004638479578779039, 3.311545740343965e-6, 365.25643316891694, 3624.402635713497, 0.0417441246377351, 0.00442654033774728]
Finished 3-planet fit w/ fixed period: [2.426381317775533e-6, 224.70077479843874, 3503.765487710058, 0.004101621634226883, -0.0024602179939712397, 3.0787753105497613e-6, 365.2564513289956, 3624.4022938512894, 0.016539800600473876, 0.00045562499239252527, 0.0008649835272960328, 4240.661725231285, 579.3824057402512, 0.025991810319997484, -0.03724630701929683] in 2 iterations
New 3-planet chi-square: 46.714374413149066
Maximum: -149.91802490311 Param: [2.4263432013037573e-6, 224.70077479636058, 3503.765487758509, 0.0041008069696904376, -0.002458456552285183, 3.0787846311851867e-6, 365.2564513097104, 3624.4022941369058, 0.016539532028327742, 0.0004572931714993015, 0.0008651915771301092, 4240.862155234881, 578.9790669210242, 0.02600702751965502, -0.037238545356141434]
1155.104868 seconds (249.32 M allocations: 29.384 GiB, 0.61% gc time)
FITS/fromEMB/p2_fit60s30yrs.jld2 loaded.
Previous model params: [2.8287332932255823e-6, 224.70077380797366, 3503.7655490307034, 0.03632245784346566, 0.004638479578779039, 3.311545740343965e-6, 365.25643316891694, 3624.402635713497, 0.0417441246377351, 0.00442654033774728]
Finished 3-planet fit w/ fixed period: [2.426381317775533e-6, 224.70077479843874, 3503.765487710058, 0.004101621634226883, -0.0024602179939712397, 3.0787753105497613e-6, 365.2564513289956, 3624.4022938512894, 0.016539800600473876, 0.00045562499239252527, 0.0008649835272960328, 4240.661725231285, 579.3824057402512, 0.025991810319997484, -0.03724630701929683] in 2 iterations
New 3-planet chi-square: 11.678593603287267
Maximum: -95.85254481943427 Param: [2.4263432013037573e-6, 224.70077479636058, 3503.765487758509, 0.0041008069696904376, -0.002458456552285183, 3.0787846311851867e-6, 365.2564513097104, 3624.4022941369058, 0.016539532028327742, 0.0004572931714993015, 0.0008651915771301092, 4240.862155234881, 578.9790669210242, 0.02600702751965502, -0.037238545356141434]
1086.001839 seconds (249.32 M allocations: 29.384 GiB, 0.68% gc time)
FITS/fromEMB/p2_fit80s30yrs.jld2 loaded.
Previous model params: [2.8287328276510006e-6, 224.7007738079713, 3503.765549030837, 0.036322443464256296, 0.004637375397246615, 3.3115451428193257e-6, 365.2564331689148, 3624.4026357133, 0.041744104564744255, 0.004425668407276662]
Finished 3-planet fit w/ fixed period: [2.426383852685189e-6, 224.70077479844397, 3503.765487709753, 0.004101551952174037, -0.0024597056150135917, 3.0787745703031916e-6, 365.25645132899905, 3624.402293851467, 0.016539729571270236, 0.0004560533072678429, 0.0008649862752982402, 4240.661725231285, 579.375486206964, 0.025992501700297054, -0.03724698567155766] in 2 iterations
New 3-planet chi-square: 6.569208896317679
Maximum: -73.41334313535656 Param: [2.4263365942434508e-6, 224.70077479638914, 3503.7654877582686, 0.004100659902357608, -0.0024594549628258367, 3.078783617326288e-6, 365.2564513102114, 3624.40229412918, 0.01653943750955923, 0.00045649075876543464, 0.0008651920378360226, 4240.8571831275685, 579.0001446529319, 0.02600683311022419, -0.03723733222365487]
1185.834519 seconds (250.04 M allocations: 29.470 GiB, 0.63% gc time)
FITS/fromEMB/p2_fit90s30yrs.jld2 loaded.
Previous model params: [2.8287177273947853e-6, 224.70077380797775, 3503.7655490306756, 0.03632123047215449, 0.0046392279514274, 3.3115391304925906e-6, 365.25643316891524, 3624.402635713622, 0.0417431472887386, 0.00442717267532176]
Finished 3-planet fit w/ fixed period: [2.426384235347097e-6, 224.70077479845364, 3503.7654877094037, 0.004101384433951438, -0.002459226041868328, 3.0787735604186933e-6, 365.25645132901604, 3624.4022938512007, 0.016539588503311085, 0.00045644533509054346, 0.0008649893613134976, 4240.661725231285, 579.371774182163, 0.025993084587507886, -0.03724724771061572] in 2 iterations
New 3-planet chi-square: 5.190486037261783
Maximum: -64.22626632205109 Param: [2.426339492897675e-6, 224.7007747964082, 3503.765487757754, 0.004100904615545778, -0.0024598259772110453, 3.0787847068344675e-6, 365.2564513104062, 3624.402294126069, 0.016539626435351503, 0.00045617596015069963, 0.0008651830421394882, 4240.856009573928, 579.0035964829078, 0.026005633930511758, -0.03723769059941527]
1171.289820 seconds (249.51 M allocations: 29.407 GiB, 0.64% gc time)
FITS/fromEMB/p2_fit100s30yrs.jld2 loaded.
Previous model params: [2.828709112415723e-6, 224.70077380797824, 3503.765549030774, 0.03632039632718524, 0.004638774630819468, 3.311533308648723e-6, 365.25643316891274, 3624.40263571354, 0.04174247776190088, 0.004426817917543441]
Finished 3-planet fit w/ fixed period: [2.426383522207642e-6, 224.70077479843613, 3503.765487710065, 0.00410192234875749, -0.0024603254491629965, 3.0787771332992733e-6, 365.25645132895966, 3624.4022938517724, 0.016540036466135746, 0.00045552474267128104, 0.0008649774885701157, 4240.661725231285, 579.3836596627793, 0.025990972083169975, -0.03724641608363657] in 2 iterations
New 3-planet chi-square: 4.204293692487246
Maximum: -56.008146122124224 Param: [2.4263399038533327e-6, 224.70077479638667, 3503.765487758096, 0.004100619152265445, -0.0024590254873139553, 3.0787832615090874e-6, 365.2564513100284, 3624.40229413203, 0.016539392458166984, 0.00045683103648924396, 0.0008651899292311876, 4240.859694803046, 578.9891891183072, 0.02600653168543403, -0.03723808083795911]
1183.540114 seconds (250.21 M allocations: 29.489 GiB, 0.66% gc time)
FITS/fromEMB/p2_fit110s30yrs.jld2 loaded.
Previous model params: [2.828737980807465e-6, 224.7007738079721, 3503.7655490306474, 0.03632362867374907, 0.0046384377772612844, 3.311556409886558e-6, 365.2564331689183, 3624.4026357134735, 0.041745051782093714, 0.004426584520865069]
Finished 3-planet fit w/ fixed period: [2.426383265787497e-6, 224.7007747984371, 3503.7654877100313, 0.004101900044544692, -0.0024604555194924194, 3.0787770064710527e-6, 365.2564513289657, 3624.4022938515636, 0.016540021755817584, 0.00045541863375968397, 0.0008649761626994777, 4240.661725231285, 579.384390569309, 0.025990767287630428, -0.037246465856899794] in 2 iterations
New 3-planet chi-square: 3.474622886301105
Maximum: -48.573952096803325 Param: [2.426338040422039e-6, 224.7007747964175, 3503.7654877575887, 0.0041008731751639455, -0.002459414275374986, 3.0787850324396435e-6, 365.25645131043336, 3624.402294125863, 0.016539602362928594, 0.000456508709528704, 0.0008651866672846503, 4240.854254267169, 579.0071155360858, 0.02600637122528171, -0.03723734046599882]
1182.175875 seconds (250.01 M allocations: 29.465 GiB, 0.69% gc time)
FITS/fromEMB/p2_fit120s30yrs.jld2 loaded.
Previous model params: [2.8287332932255823e-6, 224.70077380797366, 3503.7655490307034, 0.03632245784346566, 0.004638479578779039, 3.311545740343965e-6, 365.25643316891694, 3624.402635713497, 0.0417441246377351, 0.00442654033774728]
Finished 3-planet fit w/ fixed period: [2.426381317775533e-6, 224.70077479843874, 3503.765487710058, 0.004101621634226883, -0.0024602179939712397, 3.0787753105497613e-6, 365.2564513289956, 3624.4022938512894, 0.016539800600473876, 0.00045562499239252527, 0.0008649835272960328, 4240.661725231285, 579.3824057402512, 0.025991810319997484, -0.03724630701929683] in 2 iterations
New 3-planet chi-square: 2.9196484008218166
Maximum: -41.787064735758534 Param: [2.4263432013037573e-6, 224.70077479636058, 3503.765487758509, 0.0041008069696904376, -0.002458456552285183, 3.0787846311851867e-6, 365.2564513097104, 3624.4022941369058, 0.016539532028327742, 0.0004572931714993015, 0.0008651915771301092, 4240.862155234881, 578.9790669210242, 0.02600702751965502, -0.037238545356141434]
1222.393086 seconds (249.32 M allocations: 29.384 GiB, 0.65% gc time)

