args = ["Hppp", "grid", "fromEV", "100"]
FITS/p2_fit10s14yrs.jld2 loaded.
Previous model params: [2.3286377674300525e-6, 224.70080287365894, 3503.7693761828714, -0.2701732471497552, -0.04100596079476083, 1.8796658131393462e-6, 365.25641676294464, 3624.409101236675, -0.2062475624848547, -0.031132798046403037]
Finished 3-planet fit w/ fixed period: [3.477683625189072e-6, 224.70078677397484, 3503.769493110398, -0.10360222896393949, -0.029557813350077008, 2.4381358178391236e-6, 365.2563957522499, 3624.4091692404836, -0.06718788655341346, -0.020873545234517975, 0.0008358898118639794, 4668.048645939611, 1068.7611699928207, 0.013416101016180994, 0.09462611475520957] in 2 iterations
New 3-planet chi-square: 273.53767744951637
Maximum: -101.00590870862256 Param: [3.477761825508023e-6, 224.70078671319683, 3503.769493844196, -0.10357994920512668, -0.029571110131924754, 2.4381247711361607e-6, 365.25639559722714, 3624.409170682126, -0.0671699274912572, -0.020883490030553276, 0.0008365070118516397, 4669.288901399575, 1067.3427463661892, 0.013501620459613162, 0.09460322076372137]
FITS/p2_fit10s13yrs.jld2 loaded.
Previous model params: [2.209607327673674e-6, 224.70080381181756, 3503.76937480171, -0.3323700881547574, -0.036317710297618586, 1.7056835913734874e-6, 365.2563838090706, 3624.4092319275073, -0.2576118452769318, -0.028264892293127092]
Finished 3-planet fit w/ fixed period: [3.5938770396689615e-6, 224.70077670858288, 3503.7695880924784, -0.09500039755397825, -0.029210819294968462, 2.510072592095328e-6, 365.2563794382251, 3624.4092702766975, -0.06088322394185945, -0.020771556947630877, 0.0009533618869073371, 4675.200000000002, 1042.1425927399252, 0.032527716301125144, 0.08386640069248807] in 3 iterations
New 3-planet chi-square: 248.67187538489088
Maximum: -93.77428238437324 Param: [3.625837910928116e-6, 224.7007529613451, 3503.7698551458006, -0.0971219436464532, -0.032067119328971945, 2.4840876411613094e-6, 365.2562922072909, 3624.4098946566646, -0.06297542889624684, -0.023061571370697382, 0.0010643503453893022, 4948.691955843802, 772.6950509792085, 0.06233707464337055, 0.09115893985732643]
FITS/p2_fit10s12yrs.jld2 loaded.
Previous model params: [2.0162563865169125e-6, 224.70077709120892, 3503.769548598042, -0.36338757754510637, -0.01556506413142364, 1.7036107679829776e-6, 365.2563519195263, 3624.4093743424546, -0.283339612991371, -0.013256765230551476]
Finished 3-planet fit w/ fixed period: [4.824246545180273e-6, 224.70084098906648, 3503.7688851202706, -0.009918941669864557, -0.005851158285329602, 2.9073461419386744e-6, 365.2565190718577, 3624.4082751148267, 0.009084146880830033, -0.0023690217211342814, 0.0009409401954666841, 4123.679157745671, 420.4224237207226, 0.047045424759579305, -0.11793732011383902] in 2 iterations
New 3-planet chi-square: 135.21852605270837
Maximum: -76.0568288091982 Param: [4.822511289062042e-6, 224.70084092071747, 3503.768885612966, -0.010076927797811887, -0.005982097396834053, 2.9060337421108457e-6, 365.2565196290709, 3624.4082697809563, 0.008957876773904624, -0.0024773026720547333, 0.0009370808495163955, 4118.933951748516, 427.5166272495909, 0.04671607636969999, -0.11834653282844937]
FITS/p2_fit10s11yrs.jld2 loaded.
Previous model params: [1.3822390843494445e-6, 224.7007239241919, 3503.7698587713444, -0.6833198162188313, -0.07137757334888603, 1.0925225227710626e-6, 365.2562958465114, 3624.4095637208643, -0.5384094370778789, -0.05531596536600864]
Finished 3-planet fit w/ fixed period: [4.978836162628695e-6, 224.70086024107775, 3503.7687385740423, -0.00821943823621428, 3.904914239527212e-5, 2.925256573187595e-6, 365.25664048528535, 3624.4079350002808, 0.009207130509984427, 0.0017038238171220555, 0.0012600023512491872, 4606.1974071324275, 4469.457536214831, 0.021969388645543066, -0.1010230778224264] in 2 iterations
New 3-planet chi-square: 32.843591596197854
Maximum: -48.88459303160208 Param: [4.979108346749772e-6, 224.70086025078987, 3503.7687385952627, -0.008204143896811301, 4.649066395698762e-5, 2.925405435607409e-6, 365.25664048612117, 3624.407935658736, 0.009220327774792031, 0.0017100275034030736, 0.001261008926743488, 4607.143120491723, 4469.2957376297645, 0.021975514484090124, -0.10094077578464468]
FITS/p2_fit30s14yrs.jld2 loaded.
Previous model params: [2.328644257194934e-6, 224.70080287362032, 3503.7693761828277, -0.27017225072383483, -0.04100580412100311, 1.8796669521354628e-6, 365.256416762969, 3624.4091012367935, -0.2062467069047705, -0.031132638424058095]
Finished 3-planet fit w/ fixed period: [3.4776987020816806e-6, 224.70078677392868, 3503.769493111416, -0.10360064919928556, -0.029557817431545234, 2.4381416421538573e-6, 365.25639575232105, 3624.409169239541, -0.06718665937859498, -0.020873588696168146, 0.0008359031222635596, 4668.048645939611, 1068.754630786556, 0.013417265257797876, 0.09462409952986843] in 2 iterations
New 3-planet chi-square: 30.393075289875995
Maximum: -61.455866327057706 Param: [3.4777585301951235e-6, 224.70078671300098, 3503.7694938465265, -0.10358027201447471, -0.02957118947117152, 2.4381230556081966e-6, 365.2563955965959, 3624.4091706882405, -0.06717017567995674, -0.02088354322203777, 0.0008365057232735816, 4669.29496281981, 1067.3371126089628, 0.013501528441310093, 0.09460365067972525]
FITS/p2_fit30s13yrs.jld2 loaded.
Previous model params: [2.2095999477288095e-6, 224.70080381182052, 3503.769374802466, -0.33236964458553736, -0.036317769043974206, 1.7056929416169305e-6, 365.25638380914387, 3624.4092319270917, -0.2576115923589046, -0.028264981239794176]
Finished 3-planet fit w/ fixed period: [3.5938739143922402e-6, 224.70077670860726, 3503.769588092056, -0.09500107015371145, -0.029210584155870255, 2.5100683176340445e-6, 365.2563794380471, 3624.409270278079, -0.06088373525237541, -0.02077134888818942, 0.0009533563716885048, 4675.200000000002, 1042.1461614235861, 0.03252755397710467, 0.08386720267069586] in 2 iterations
New 3-planet chi-square: 27.630208395958963
Maximum: -56.42146458187672 Param: [3.625824919780045e-6, 224.7007529656766, 3503.7698550977734, -0.09712241202508765, -0.03206672238551348, 2.484088414722231e-6, 365.25629222320833, 3624.4098945455244, -0.06297573723993853, -0.02306121745365075, 0.0010643210888870418, 4948.644203091657, 772.7470621643546, 0.0623317068102511, 0.09115883028707394]
FITS/p2_fit30s12yrs.jld2 loaded.
Previous model params: [2.0162472950433994e-6, 224.70077709129714, 3503.7695485975396, -0.3633915107919298, -0.01556562328538993, 1.7035997231775246e-6, 365.256351919666, 3624.4093743413882, -0.2833427955575706, -0.013257201697804718]
Finished 3-planet fit w/ fixed period: [4.824246616422664e-6, 224.70084098913247, 3503.768885119537, -0.009919012538443309, -0.005850920303227875, 2.9073455700926066e-6, 365.2565190717133, 3624.4082751160036, 0.009084076840168808, -0.0023688455655417537, 0.0009409417929687184, 4123.679157745671, 420.41929838183523, 0.04704608863150986, -0.11793742097273094] in 2 iterations
New 3-planet chi-square: 15.024280688642772
Maximum: -41.999847877116814 Param: [4.822509724222955e-6, 224.700840920733, 3503.7688856130217, -0.010076910514791516, -0.005981904960370092, 2.9060341358931887e-6, 365.2565196283558, 3624.4082697857016, 0.008957908034509538, -0.0024771216053448247, 0.0009370911639490021, 4118.9370458338, 427.5149657743838, 0.04671690816318279, -0.11834493231204402]
FITS/p2_fit30s11yrs.jld2 loaded.
Previous model params: [1.3821351720290259e-6, 224.70072392346827, 3503.7698587763507, -0.68339632733743, -0.0713781070436905, 1.0924390780628183e-6, 365.25629584539143, 3624.4095637252044, -0.5384710111329687, -0.055316363859684706]
Finished 3-planet fit w/ fixed period: [4.978834875917311e-6, 224.70086024100274, 3503.768738574496, -0.008219503405596209, 3.905041036494135e-5, 2.9252559639092892e-6, 365.2566404849743, 3624.4079350020443, 0.009207086416026253, 0.0017038341886626359, 0.001260007769887566, 4606.1974071324275, 4469.45816371007, 0.02196985057464616, -0.1010225850246599] in 2 iterations
New 3-planet chi-square: 3.649287956040936
Maximum: -18.123448952377824 Param: [4.979110776762247e-6, 224.70086025082384, 3503.7687385957097, -0.008203995903476176, 4.6571641801585346e-5, 2.925406827196709e-6, 365.2566404857943, 3624.4079356645943, 0.009220452558847765, 0.0017100910359703566, 0.0012610139210674247, 4607.14878744307, 4469.294281555662, 0.021975538960833638, -0.10094035222119326]
FITS/p2_fit60s14yrs.jld2 loaded.
Previous model params: [2.328644257194934e-6, 224.70080287362032, 3503.7693761828277, -0.27017225072383483, -0.04100580412100311, 1.8796669521354628e-6, 365.256416762969, 3624.4091012367935, -0.2062467069047705, -0.031132638424058095]
Finished 3-planet fit w/ fixed period: [3.4776987020816806e-6, 224.70078677392868, 3503.769493111416, -0.10360064919928556, -0.029557817431545234, 2.4381416421538573e-6, 365.25639575232105, 3624.409169239541, -0.06718665937859498, -0.020873588696168146, 0.0008359031222635596, 4668.048645939611, 1068.754630786556, 0.013417265257797876, 0.09462409952986843] in 2 iterations
New 3-planet chi-square: 7.598268822468999
Maximum: -36.50256782689967 Param: [3.4777585301951235e-6, 224.70078671300098, 3503.7694938465265, -0.10358027201447471, -0.02957118947117152, 2.4381230556081966e-6, 365.2563955965959, 3624.4091706882405, -0.06717017567995674, -0.02088354322203777, 0.0008365057232735816, 4669.29496281981, 1067.3371126089628, 0.013501528441310093, 0.09460365067972525]
FITS/p2_fit60s13yrs.jld2 loaded.
Previous model params: [2.2095999477288095e-6, 224.70080381182052, 3503.769374802466, -0.33236964458553736, -0.036317769043974206, 1.7056929416169305e-6, 365.25638380914387, 3624.4092319270917, -0.2576115923589046, -0.028264981239794176]
Finished 3-planet fit w/ fixed period: [3.5938739143922402e-6, 224.70077670860726, 3503.769588092056, -0.09500107015371145, -0.029210584155870255, 2.5100683176340445e-6, 365.2563794380471, 3624.409270278079, -0.06088373525237541, -0.02077134888818942, 0.0009533563716885048, 4675.200000000002, 1042.1461614235861, 0.03252755397710467, 0.08386720267069586] in 2 iterations
New 3-planet chi-square: 6.907552098989741
Maximum: -32.85446044283857 Param: [3.625824919780045e-6, 224.7007529656766, 3503.7698550977734, -0.09712241202508765, -0.03206672238551348, 2.484088414722231e-6, 365.25629222320833, 3624.4098945455244, -0.06297573723993853, -0.02306121745365075, 0.0010643210888870418, 4948.644203091657, 772.7470621643546, 0.0623317068102511, 0.09115883028707394]
FITS/p2_fit60s12yrs.jld2 loaded.
Previous model params: [2.0162472950433994e-6, 224.70077709129714, 3503.7695485975396, -0.3633915107919298, -0.01556562328538993, 1.7035997231775246e-6, 365.256351919666, 3624.4093743413882, -0.2833427955575706, -0.013257201697804718]
Finished 3-planet fit w/ fixed period: [4.824246616422664e-6, 224.70084098913247, 3503.768885119537, -0.009919012538443309, -0.005850920303227875, 2.9073455700926066e-6, 365.2565190717133, 3624.4082751160036, 0.009084076840168808, -0.0023688455655417537, 0.0009409417929687184, 4123.679157745671, 420.41929838183523, 0.04704608863150986, -0.11793742097273094] in 2 iterations
New 3-planet chi-square: 3.756070172160693
Maximum: -20.512285279758512 Param: [4.822509724222955e-6, 224.700840920733, 3503.7688856130217, -0.010076910514791516, -0.005981904960370092, 2.9060341358931887e-6, 365.2565196283558, 3624.4082697857016, 0.008957908034509538, -0.0024771216053448247, 0.0009370911639490021, 4118.9370458338, 427.5149657743838, 0.04671690816318279, -0.11834493231204402]
FITS/p2_fit60s11yrs.jld2 loaded.
Previous model params: [1.3821351720290259e-6, 224.70072392346827, 3503.7698587763507, -0.68339632733743, -0.0713781070436905, 1.0924390780628183e-6, 365.25629584539143, 3624.4095637252044, -0.5384710111329687, -0.055316363859684706]
Finished 3-planet fit w/ fixed period: [4.978834875917311e-6, 224.70086024100274, 3503.768738574496, -0.008219503405596209, 3.905041036494135e-5, 2.9252559639092892e-6, 365.2566404849743, 3624.4079350020443, 0.009207086416026253, 0.0017038341886626359, 0.001260007769887566, 4606.1974071324275, 4469.45816371007, 0.02196985057464616, -0.1010225850246599] in 2 iterations
New 3-planet chi-square: 0.912321989010234
Maximum: 1.2846721033006465 Param: [4.979110776762247e-6, 224.70086025082384, 3503.7687385957097, -0.008203995903476176, 4.6571641801585346e-5, 2.925406827196709e-6, 365.2566404857943, 3624.4079356645943, 0.009220452558847765, 0.0017100910359703566, 0.0012610139210674247, 4607.14878744307, 4469.294281555662, 0.021975538960833638, -0.10094035222119326]
