FITS/p2_fit10s16yrs.jld2 loaded.
Previous model params: [2.6353893362454643e-6, 224.70079393075653, 3503.7686919199705, -0.22366414310356927, -0.030857624508209832, 2.0207590658556755e-6, 365.25645586075996, 3624.407760798712, -0.16654014017009428, -0.024238138046368433]
Finished 3-planet fit w/ fixed period: [3.479876166323189e-6, 224.70078868730303, 3503.7687321315434, -0.10670912084622582, -0.026568525587966407, 2.500931372982128e-6, 365.2564092399313, 3624.407908530874, -0.06952955198731435, -0.018897736771549448, 0.0008008600758024441, 4645.224646404839, 1106.5030410460708, 0.0068205226617574785, 0.09799125650920286] in 2 iterations
New 3-planet chi-square: 312.3067883757365
Maximum: -120.6237060160996 Param: [3.480108962217504e-6, 224.70078867790494, 3503.768732411678, -0.10668573391727663, -0.026571579856287643, 2.500979119057135e-6, 365.25640917349824, 3624.4079094075155, -0.06951043095692847, -0.01890102440265288, 0.0008014727046504296, 4646.420055939355, 1105.0064078138387, 0.0068609314986814275, 0.09793695097926339]
2235.430164 seconds (556.47 M allocations: 49.420 GiB, 0.39% gc time)
FITS/p2_fit30s16yrs.jld2 loaded.
Previous model params: [2.6353826283881544e-6, 224.70079393071552, 3503.7686919207304, -0.22366345440229163, -0.030857405164754242, 2.020768233241305e-6, 365.25645586085176, 3624.4077607981417, -0.16653968254169085, -0.024238032340089154]
Finished 3-planet fit w/ fixed period: [3.4798859703409452e-6, 224.70078868722175, 3503.768732132433, -0.10670811013888384, -0.026569031307941814, 2.500935126975246e-6, 365.2564092396788, 3624.4079085315993, -0.06952876696495043, -0.018898173013835572, 0.0008008653321474439, 4645.224646404839, 1106.4956228069434, 0.006820469271240882, 0.09798988938241612] in 2 iterations
New 3-planet chi-square: 34.700754283596964
Maximum: -74.48198990391629 Param: [3.480110571096413e-6, 224.70078867797073, 3503.768732409903, -0.10668551395224332, -0.026571335480964766, 2.5009806520265307e-6, 365.2564091740669, 3624.407909400416, -0.06951027461517086, -0.018900823377125796, 0.0008014725512297218, 4646.411245722696, 1105.017647922047, 0.006861345286512771, 0.09793685536490142]
2045.630886 seconds (492.51 M allocations: 46.133 GiB, 0.36% gc time)
FITS/p2_fit60s16yrs.jld2 loaded.
Previous model params: [2.6353826283881544e-6, 224.70079393071552, 3503.7686919207304, -0.22366345440229163, -0.030857405164754242, 2.020768233241305e-6, 365.25645586085176, 3624.4077607981417, -0.16653968254169085, -0.024238032340089154]
Finished 3-planet fit w/ fixed period: [3.4798859703409452e-6, 224.70078868722175, 3503.768732132433, -0.10670811013888384, -0.026569031307941814, 2.500935126975246e-6, 365.2564092396788, 3624.4079085315993, -0.06952876696495043, -0.018898173013835572, 0.0008008653321474439, 4645.224646404839, 1106.4956228069434, 0.006820469271240882, 0.09798988938241612] in 2 iterations
New 3-planet chi-square: 8.675188570899241
Maximum: -45.36980832039858 Param: [3.480110571096413e-6, 224.70078867797073, 3503.768732409903, -0.10668551395224332, -0.026571335480964766, 2.5009806520265307e-6, 365.2564091740669, 3624.407909400416, -0.06951027461517086, -0.018900823377125796, 0.0008014725512297218, 4646.411245722696, 1105.017647922047, 0.006861345286512771, 0.09793685536490142]
2199.006365 seconds (492.73 M allocations: 46.153 GiB, 0.29% gc time)
FITS/p2_fit80s16yrs.jld2 loaded.
Previous model params: [2.6353893362454643e-6, 224.70079393075653, 3503.7686919199705, -0.22366414310356927, -0.030857624508209832, 2.0207590658556755e-6, 365.25645586075996, 3624.407760798712, -0.16654014017009428, -0.024238138046368433]
Finished 3-planet fit w/ fixed period: [3.479876166323189e-6, 224.70078868730303, 3503.7687321315434, -0.10670912084622582, -0.026568525587966407, 2.500931372982128e-6, 365.2564092399313, 3624.407908530874, -0.06952955198731435, -0.018897736771549448, 0.0008008600758024441, 4645.224646404839, 1106.5030410460708, 0.0068205226617574785, 0.09799125650920286] in 2 iterations
New 3-planet chi-square: 4.879793568370883
Maximum: -33.287161265546494 Param: [3.480108962217504e-6, 224.70078867790494, 3503.768732411678, -0.10668573391727663, -0.026571579856287643, 2.500979119057135e-6, 365.25640917349824, 3624.4079094075155, -0.06951043095692847, -0.01890102440265288, 0.0008014727046504296, 4646.420055939355, 1105.0064078138387, 0.0068609314986814275, 0.09793695097926339]
2258.694285 seconds (493.44 M allocations: 46.220 GiB, 0.32% gc time)
FITS/p2_fit90s16yrs.jld2 loaded.
Previous model params: [2.6352718655292803e-6, 224.70079393053342, 3503.7686919238536, -0.2236845973588934, -0.030858285880982942, 2.0207072648919677e-6, 365.2564558614725, 3624.407760794466, -0.1665566209922945, -0.024238711018854657]
Finished 3-planet fit w/ fixed period: [3.47988513922244e-6, 224.70078868723263, 3503.768732132472, -0.10670817440094313, -0.02656888027643221, 2.5009350347145742e-6, 365.25640923973856, 3624.4079085314934, -0.0695288177607363, -0.01889804436023823, 0.0008008659212775448, 4645.224646404839, 1106.4973735874084, 0.006820785164591288, 0.09799001944161667] in 2 iterations
New 3-planet chi-square: 3.855639363143412
Maximum: -28.34027377059273 Param: [3.4801093821068095e-6, 224.7007886779577, 3503.7687324102467, -0.1066856691018015, -0.026571260342287784, 2.500979846897561e-6, 365.2564091739194, 3624.4079094022327, -0.069510390385528, -0.018900765027269353, 0.0008014719792057057, 4646.412860642402, 1105.0166539641004, 0.006861336533229535, 0.09793716436028935]
1972.451734 seconds (488.90 M allocations: 45.794 GiB, 0.36% gc time)
FITS/p2_fit100s16yrs.jld2 loaded.
Previous model params: [2.635332378489045e-6, 224.7007939306781, 3503.7686919212624, -0.22367581161855865, -0.03085776354238735, 2.0207220718654594e-6, 365.25645586105946, 3624.4077607969857, -0.1665494818927431, -0.024238245836327988]
Finished 3-planet fit w/ fixed period: [3.47987330174034e-6, 224.7007886873104, 3503.7687321309036, -0.10670939175393075, -0.0265690859623805, 2.5009302076460626e-6, 365.25640923990983, 3624.4079085303424, -0.06952975638765203, -0.01889818719075488, 0.0008008545014052184, 4645.224646404839, 1106.5007995322383, 0.006819210154082661, 0.09799153922546387] in 2 iterations
New 3-planet chi-square: 3.1230678842655393
Maximum: -23.91513211376673 Param: [3.4801166013989863e-6, 224.7007886778993, 3503.7687324116996, -0.10668489310751562, -0.026571320948655847, 2.5009827490697005e-6, 365.2564091736884, 3624.4079094047283, -0.06950978589657267, -0.01890082601497365, 0.0008014799355711466, 4646.415954683732, 1105.0100823328569, 0.006862177494057209, 0.09793600792426196]
2115.413371 seconds (490.75 M allocations: 45.969 GiB, 0.34% gc time)
FITS/p2_fit110s16yrs.jld2 loaded.
Previous model params: [2.6352771129328225e-6, 224.70079393054226, 3503.7686919237276, -0.22368292994061753, -0.030858324253643016, 2.020715214851131e-6, 365.2564558614414, 3624.4077607946515, -0.16655530621338913, -0.024238756917331402]
Finished 3-planet fit w/ fixed period: [3.4798739966843756e-6, 224.70078868730167, 3503.768732131107, -0.10670934555006775, -0.026568899846756, 2.5009303479858207e-6, 365.25640923986765, 3624.4079085308085, -0.06952972100784471, -0.01889804002154361, 0.0008008556592516295, 4645.224646404839, 1106.5014014658516, 0.006819512361497207, 0.09799157116531983] in 2 iterations
New 3-planet chi-square: 2.581047837702769
Maximum: -19.91210455764673 Param: [3.480095826902275e-6, 224.70078867801647, 3503.76873240904, -0.10668713076636083, -0.02657136933839808, 2.500973845764443e-6, 365.2564091739018, 3624.4079094031526, -0.06951151427005713, -0.01890083279175788, 0.000801459145581837, 4646.414667913968, 1105.018852868134, 0.00685956039966768, 0.09793908001024314]
2105.952778 seconds (491.88 M allocations: 46.074 GiB, 0.37% gc time)
FITS/p2_fit120s16yrs.jld2 loaded.
Previous model params: [2.6353826283881544e-6, 224.70079393071552, 3503.7686919207304, -0.22366345440229163, -0.030857405164754242, 2.020768233241305e-6, 365.25645586085176, 3624.4077607981417, -0.16653968254169085, -0.024238032340089154]
Finished 3-planet fit w/ fixed period: [3.4798860767827442e-6, 224.70078868723354, 3503.768732132301, -0.10670798471467188, -0.02656913464065182, 2.50093594655591e-6, 365.25640923979756, 3624.407908531103, -0.06952867210667546, -0.018898251215544677, 0.0008008641001157548, 4645.224646404839, 1106.4967093403038, 0.006820628354058337, 0.09799015822175564] in 2 iterations
New 3-planet chi-square: 2.168797142578746
Maximum: -16.257626735466566 Param: [3.4801269341114463e-6, 224.70078867775877, 3503.768732415096, -0.10668382870273685, -0.026571412185902078, 2.5009865918201676e-6, 365.2564091729939, 3624.4079094128447, -0.0695089573335496, -0.018900924752000683, 0.0008014918488206799, 4646.426260847958, 1104.9932435815501, 0.006863228726217615, 0.0979344239246865]
2238.008537 seconds (489.26 M allocations: 45.829 GiB, 0.35% gc time)
FITS/p2_fit10s18yrs.jld2 loaded.
Previous model params: [2.8232487326530697e-6, 224.70078131680364, 3503.7688031910725, -0.18161453274543998, -0.03337817526685954, 2.131915449166575e-6, 365.2564164849557, 3624.407980827208, -0.13309067619801435, -0.027752098024888667]
Finished 3-planet fit w/ fixed period: [3.648737688715901e-6, 224.70077750574617, 3503.7688045612663, -0.09307932334007227, -0.028156589995005206, 2.5323979741912996e-6, 365.2564169021686, 3624.4077846229816, -0.059328846772083305, -0.020554707541733146, 0.0007834798449550571, 4468.394577680935, 1246.6819410996168, 0.007918205964546825, 0.09368057462863853] in 2 iterations
New 3-planet chi-square: 419.41394317101197
Maximum: -141.91317154072294 Param: [3.649024310139974e-6, 224.70077748396545, 3503.768804916641, -0.09305299201292261, -0.028148035043759363, 2.532468703589619e-6, 365.2564168031781, 3624.4077855541527, -0.059307396536895776, -0.02054925428553204, 0.0007840610222511262, 4469.128705757167, 1245.7451302148324, 0.007983314839172483, 0.09364983603511712]
2949.170504 seconds (629.99 M allocations: 61.297 GiB, 0.45% gc time)
FITS/p2_fit30s18yrs.jld2 loaded.
Previous model params: [2.823304986160826e-6, 224.70078131694504, 3503.7688031890557, -0.18160487648396323, -0.03337698768690883, 2.1319501145586764e-6, 365.25641648476375, 3624.407980828763, -0.13308292943355016, -0.027751146293892675]
Finished 3-planet fit w/ fixed period: [3.6487229696061305e-6, 224.70077750582595, 3503.7688045594937, -0.09308067050473576, -0.028156567953646718, 2.532392740010041e-6, 365.25641690226007, 3624.4077846227387, -0.05932988513760237, -0.020554662200606595, 0.0007834656051714141, 4468.394577680935, 1246.6887424863469, 0.007916739265421547, 0.09368303486975367] in 2 iterations
New 3-planet chi-square: 46.601549202631055
Maximum: -90.27839395386054 Param: [3.6490275537693046e-6, 224.7007774841632, 3503.7688049139992, -0.09305272899579521, -0.028147822618626, 2.5324698349798976e-6, 365.2564168040963, 3624.4077855457986, -0.05930720274886373, -0.02054907494608164, 0.0007840635420893608, 4469.12092402048, 1245.7557773342048, 0.007984348945104977, 0.09364943275513717]
2933.614890 seconds (627.40 M allocations: 61.046 GiB, 0.40% gc time)
FITS/p2_fit60s18yrs.jld2 loaded.
Previous model params: [2.823304986160826e-6, 224.70078131694504, 3503.7688031890557, -0.18160487648396323, -0.03337698768690883, 2.1319501145586764e-6, 365.25641648476375, 3624.407980828763, -0.13308292943355016, -0.027751146293892675]
Finished 3-planet fit w/ fixed period: [3.6487229696061305e-6, 224.70077750582595, 3503.7688045594937, -0.09308067050473576, -0.028156567953646718, 2.532392740010041e-6, 365.25641690226007, 3624.4077846227387, -0.05932988513760237, -0.020554662200606595, 0.0007834656051714141, 4468.394577680935, 1246.6887424863469, 0.007916739265421547, 0.09368303486975367] in 2 iterations
New 3-planet chi-square: 11.650387300657764
Maximum: -57.700476467543105 Param: [3.6490275537693046e-6, 224.7007774841632, 3503.7688049139992, -0.09305272899579521, -0.028147822618626, 2.5324698349798976e-6, 365.2564168040963, 3624.4077855457986, -0.05930720274886373, -0.02054907494608164, 0.0007840635420893608, 4469.12092402048, 1245.7557773342048, 0.007984348945104977, 0.09364943275513717]
2953.472840 seconds (626.72 M allocations: 60.980 GiB, 0.35% gc time)
FITS/p2_fit80s18yrs.jld2 loaded.
Previous model params: [2.8232487326530697e-6, 224.70078131680364, 3503.7688031910725, -0.18161453274543998, -0.03337817526685954, 2.131915449166575e-6, 365.2564164849557, 3624.407980827208, -0.13309067619801435, -0.027752098024888667]
Finished 3-planet fit w/ fixed period: [3.648737688715901e-6, 224.70077750574617, 3503.7688045612663, -0.09307932334007227, -0.028156589995005206, 2.5323979741912996e-6, 365.2564169021686, 3624.4077846229816, -0.059328846772083305, -0.020554707541733146, 0.0007834798449550571, 4468.394577680935, 1246.6819410996168, 0.007918205964546825, 0.09368057462863853] in 2 iterations
New 3-planet chi-square: 6.553342862047062
Maximum: -44.17941908177064 Param: [3.649024310139974e-6, 224.70077748396545, 3503.768804916641, -0.09305299201292261, -0.028148035043759363, 2.532468703589619e-6, 365.2564168031781, 3624.4077855541527, -0.059307396536895776, -0.02054925428553204, 0.0007840610222511262, 4469.128705757167, 1245.7451302148324, 0.007983314839172483, 0.09364983603511712]
2886.700490 seconds (629.44 M allocations: 61.244 GiB, 0.33% gc time)
FITS/p2_fit90s18yrs.jld2 loaded.
Previous model params: [2.823286131721723e-6, 224.7007813169237, 3503.768803189321, -0.1816084865425652, -0.0333770015518896, 2.1319356801953242e-6, 365.2564164847462, 3624.407980828862, -0.13308582032244176, -0.02775117888736266]
Finished 3-planet fit w/ fixed period: [3.6487343678260017e-6, 224.70077750576067, 3503.768804561138, -0.09307965057568084, -0.02815609965901567, 2.5323970192051903e-6, 365.2564169021696, 3624.4077846233417, -0.05932910856863611, -0.02055431544833774, 0.000783479407624449, 4468.394577680935, 1246.685562683437, 0.007918607148524869, 0.09368120971401642] in 2 iterations
New 3-planet chi-square: 5.1779499141264616
Maximum: -38.6436163988177 Param: [3.6490227805238663e-6, 224.700777484202, 3503.7688049131507, -0.093053084593791, -0.02814804329114793, 2.5324687270111246e-6, 365.25641680424263, 3624.4077855442893, -0.05930748212656767, -0.020549238928718527, 0.0007840587166579921, 4469.119739082532, 1245.7587175257893, 0.007983745564196898, 0.09364997727391698]
2797.575729 seconds (631.04 M allocations: 61.398 GiB, 0.37% gc time)
FITS/p2_fit100s18yrs.jld2 loaded.
Previous model params: [2.823279197764786e-6, 224.70078131689078, 3503.768803189825, -0.18160932107231112, -0.03337703423543747, 2.1319341123355817e-6, 365.2564164848205, 3624.407980828405, -0.1330864989698065, -0.02775120109579545]
Finished 3-planet fit w/ fixed period: [3.648733520118547e-6, 224.70077750578074, 3503.7688045606797, -0.09307971949182456, -0.028156431965629978, 2.532396305496061e-6, 365.25641690219095, 3624.4077846230693, -0.05932915210299409, -0.020554570338295285, 0.0007834760093609089, 4468.394577680935, 1246.6854215031633, 0.007918076465628364, 0.0936814622987875] in 2 iterations
New 3-planet chi-square: 4.194139429966715
Maximum: -33.69167216023439 Param: [3.6490106089632675e-6, 224.70077748428696, 3503.768804911145, -0.09305429397492193, -0.02814818335932142, 2.532463725196671e-6, 365.25641680450576, 3624.40778554183, -0.05930841415395531, -0.020549326402137417, 0.0007840460212217953, 4469.117819622243, 1245.7645332369925, 0.007981996793513862, 0.09365159988096394]
2614.637738 seconds (633.84 M allocations: 61.669 GiB, 0.38% gc time)
FITS/p2_fit110s18yrs.jld2 loaded.
Previous model params: [2.8232951362054164e-6, 224.70078131693785, 3503.768803189131, -0.18160698137623682, -0.03337701750598977, 2.1319406971574075e-6, 365.25641648474283, 3624.4079808288534, -0.1330846117734944, -0.027751176062092563]
Finished 3-planet fit w/ fixed period: [3.6487302234974167e-6, 224.7007775057825, 3503.7688045604873, -0.09308001847446921, -0.02815641502418284, 2.5323954423887414e-6, 365.2564169022099, 3624.4077846230734, -0.05932938578627751, -0.020554561864281243, 0.0007834730876748615, 4468.394577680935, 1246.6854960379742, 0.007917571912199694, 0.09368177706174334] in 2 iterations
New 3-planet chi-square: 3.46623093453641
Maximum: -29.212093714038737 Param: [3.6490164458257296e-6, 224.7007774841418, 3503.768804913804, -0.09305375502275506, -0.02814793594084234, 2.532465797932706e-6, 365.25641680389305, 3624.4077855477926, -0.059307990865095375, -0.020549149591466268, 0.0007840543887871141, 4469.122293457092, 1245.7580370626922, 0.007983164553691656, 0.09365089201353878]
2958.389535 seconds (630.00 M allocations: 61.297 GiB, 0.34% gc time)
FITS/p2_fit120s18yrs.jld2 loaded.
Previous model params: [2.823304986160826e-6, 224.70078131694504, 3503.7688031890557, -0.18160487648396323, -0.03337698768690883, 2.1319501145586764e-6, 365.25641648476375, 3624.407980828763, -0.13308292943355016, -0.027751146293892675]
Finished 3-planet fit w/ fixed period: [3.6487229696061305e-6, 224.70077750582595, 3503.7688045594937, -0.09308067050473576, -0.028156567953646718, 2.532392740010041e-6, 365.25641690226007, 3624.4077846227387, -0.05932988513760237, -0.020554662200606595, 0.0007834656051714141, 4468.394577680935, 1246.6887424863469, 0.007916739265421547, 0.09368303486975367] in 2 iterations
New 3-planet chi-square: 2.912596825164441
Maximum: -25.122558981225684 Param: [3.6490275537693046e-6, 224.7007774841632, 3503.7688049139992, -0.09305272899579521, -0.028147822618626, 2.5324698349798976e-6, 365.2564168040963, 3624.4077855457986, -0.05930720274886373, -0.02054907494608164, 0.0007840635420893608, 4469.12092402048, 1245.7557773342048, 0.007984348945104977, 0.09364943275513717]
2630.769398 seconds (628.68 M allocations: 61.170 GiB, 0.39% gc time)
FITS/p2_fit10s20yrs.jld2 loaded.
Previous model params: [3.0792897036858455e-6, 224.70077998717545, 3503.768810988032, -0.15371683071834058, -0.047740635653999, 2.28984868996483e-6, 365.25636768753145, 3624.4082849997158, -0.10834239516481085, -0.036455695866227995]
Finished 3-planet fit w/ fixed period: [3.709041838656494e-6, 224.70078087009136, 3503.7688142167885, -0.07058913926642128, -0.03075849397754374, 2.680862661791797e-6, 365.2564063257343, 3624.4079452383876, -0.04182494875902282, -0.023204656139611004, 0.001036484413239846, 4684.582554398238, 924.9965743597412, 0.035575865307889976, 0.06706784261451017] in 2 iterations
New 3-planet chi-square: 655.8712656485806
Maximum: -168.6350777357186 Param: [3.709041838656494e-6, 224.70078087009136, 3503.7688142167885, -0.07058913926642128, -0.03075849397754374, 2.680862661791797e-6, 365.2564063257343, 3624.4079452383876, -0.04182494875902282, -0.023204656139611004, 0.001036484413239846, 4684.582554398238, 924.9965743597412, 0.035575865307889976, 0.06706784261451017]
2625.254800 seconds (619.67 M allocations: 62.522 GiB, 0.94% gc time)
FITS/p2_fit30s20yrs.jld2 loaded.
Previous model params: [3.0792963553065005e-6, 224.70077998718662, 3503.7688109878313, -0.15371599512529185, -0.04774060497594314, 2.289850800971902e-6, 365.2563676875799, 3624.408284999308, -0.10834173209489031, -0.03645567933399524]
Finished 3-planet fit w/ fixed period: [3.7090472338230735e-6, 224.70078087007846, 3503.7688142172387, -0.07058864313471723, -0.03075839382847964, 2.6808649634589666e-6, 365.2564063257656, 3624.407945238204, -0.041824567159857724, -0.02320460479570331, 0.0010364904904121683, 4684.582554398238, 924.9913792253731, 0.03557602260204368, 0.06706696695362586] in 2 iterations
New 3-planet chi-square: 72.87458505749845
Maximum: -111.50723871978005 Param: [3.7090472338230735e-6, 224.70078087007846, 3503.7688142172387, -0.07058864313471723, -0.03075839382847964, 2.6808649634589666e-6, 365.2564063257656, 3624.407945238204, -0.041824567159857724, -0.02320460479570331, 0.0010364904904121683, 4684.582554398238, 924.9913792253731, 0.03557602260204368, 0.06706696695362586]
2721.692487 seconds (619.52 M allocations: 62.507 GiB, 0.82% gc time)
FITS/p2_fit60s20yrs.jld2 loaded.
Previous model params: [3.0792963553065005e-6, 224.70077998718662, 3503.7688109878313, -0.15371599512529185, -0.04774060497594314, 2.289850800971902e-6, 365.2563676875799, 3624.408284999308, -0.10834173209489031, -0.03645567933399524]
Finished 3-planet fit w/ fixed period: [3.7090472338230735e-6, 224.70078087007846, 3503.7688142172387, -0.07058864313471723, -0.03075839382847964, 2.6808649634589666e-6, 365.2564063257656, 3624.407945238204, -0.041824567159857724, -0.02320460479570331, 0.0010364904904121683, 4684.582554398238, 924.9913792253731, 0.03557602260204368, 0.06706696695362586] in 2 iterations
New 3-planet chi-square: 18.218646264374613
Maximum: -75.4635853306629 Param: [3.7090472338230735e-6, 224.70078087007846, 3503.7688142172387, -0.07058864313471723, -0.03075839382847964, 2.6808649634589666e-6, 365.2564063257656, 3624.407945238204, -0.041824567159857724, -0.02320460479570331, 0.0010364904904121683, 4684.582554398238, 924.9913792253731, 0.03557602260204368, 0.06706696695362586]
2681.772306 seconds (618.83 M allocations: 62.437 GiB, 0.79% gc time)
FITS/p2_fit80s20yrs.jld2 loaded.
Previous model params: [3.0792897036858455e-6, 224.70077998717545, 3503.768810988032, -0.15371683071834058, -0.047740635653999, 2.28984868996483e-6, 365.25636768753145, 3624.4082849997158, -0.10834239516481085, -0.036455695866227995]
Finished 3-planet fit w/ fixed period: [3.709041838656494e-6, 224.70078087009136, 3503.7688142167885, -0.07058913926642128, -0.03075849397754374, 2.680862661791797e-6, 365.2564063257343, 3624.4079452383876, -0.04182494875902282, -0.023204656139611004, 0.001036484413239846, 4684.582554398238, 924.9965743597412, 0.035575865307889976, 0.06706784261451017] in 2 iterations
New 3-planet chi-square: 10.247988525759071
Maximum: -60.504117568367136 Param: [3.709041838656494e-6, 224.70078087009136, 3503.7688142167885, -0.07058913926642128, -0.03075849397754374, 2.680862661791797e-6, 365.2564063257343, 3624.4079452383876, -0.04182494875902282, -0.023204656139611004, 0.001036484413239846, 4684.582554398238, 924.9965743597412, 0.035575865307889976, 0.06706784261451017]
2782.667518 seconds (619.33 M allocations: 62.488 GiB, 0.75% gc time)
FITS/p2_fit90s20yrs.jld2 loaded.
Previous model params: [3.0792894663017182e-6, 224.7007799871803, 3503.7688109880273, -0.15371711528503884, -0.04774090011078747, 2.2898458602972772e-6, 365.25636768757903, 3624.4082849991782, -0.10834263048200943, -0.03645589619578234]
Finished 3-planet fit w/ fixed period: [3.709038217323665e-6, 224.70078087013863, 3503.76881421597, -0.07058946543524802, -0.030758518241316982, 2.6808612174972726e-6, 365.2564063257948, 3624.407945238419, -0.04182519730656687, -0.02320467384488606, 0.0010364764358661463, 4684.582554398238, 924.9971923221326, 0.03557532060995761, 0.06706846066530349] in 2 iterations
New 3-planet chi-square: 8.097176118640355
Maximum: -54.379399712700575 Param: [3.709038217323665e-6, 224.70078087013863, 3503.76881421597, -0.07058946543524802, -0.030758518241316982, 2.6808612174972726e-6, 365.2564063257948, 3624.407945238419, -0.04182519730656687, -0.02320467384488606, 0.0010364764358661463, 4684.582554398238, 924.9971923221326, 0.03557532060995761, 0.06706846066530349]
2575.546381 seconds (615.05 M allocations: 62.058 GiB, 0.78% gc time)
FITS/p2_fit100s20yrs.jld2 loaded.
Previous model params: [3.0792842992314647e-6, 224.7007799871772, 3503.768810988042, -0.15371796725105907, -0.04774044673517655, 2.28984238309877e-6, 365.25636768749723, 3624.4082849999622, -0.10834330004280893, -0.036455529706881616]
Finished 3-planet fit w/ fixed period: [3.709045388195587e-6, 224.7007808701272, 3503.7688142162683, -0.07058877632467901, -0.03075875112307659, 2.680864418644388e-6, 365.25640632583924, 3624.4079452379688, -0.04182466244252596, -0.023204887275943158, 0.0010364831095257074, 4684.582554398238, 924.9897582828637, 0.03557532216527983, 0.06706728037171748] in 2 iterations
New 3-planet chi-square: 6.558712655105613
Maximum: -48.90065289455687 Param: [3.709045388195587e-6, 224.7007808701272, 3503.7688142162683, -0.07058877632467901, -0.03075875112307659, 2.680864418644388e-6, 365.25640632583924, 3624.4079452379688, -0.04182466244252596, -0.023204887275943158, 0.0010364831095257074, 4684.582554398238, 924.9897582828637, 0.03557532216527983, 0.06706728037171748]
2665.175935 seconds (620.06 M allocations: 62.563 GiB, 0.72% gc time)
FITS/p2_fit110s20yrs.jld2 loaded.
Previous model params: [3.0792700438573025e-6, 224.70077998716113, 3503.768810988457, -0.15371975359260012, -0.04774114791908887, 2.2898374597114028e-6, 365.2563676875043, 3624.4082849996357, -0.10834473426553037, -0.036456074927096176]
Finished 3-planet fit w/ fixed period: [3.709035525831271e-6, 224.70078087019007, 3503.7688142147717, -0.07058967796904042, -0.030758919669085328, 2.6808602444526534e-6, 365.25640632585095, 3624.4079452381793, -0.041825352069623914, -0.023205001168293757, 0.0010364663615569402, 4684.582554398238, 924.9945298951902, 0.03557422967182335, 0.06706870352905259] in 2 iterations
New 3-planet chi-square: 5.420423682437747
Maximum: -43.94452354728516 Param: [3.709035525831271e-6, 224.70078087019007, 3503.7688142147717, -0.07058967796904042, -0.030758919669085328, 2.6808602444526534e-6, 365.25640632585095, 3624.4079452381793, -0.041825352069623914, -0.023205001168293757, 0.0010364663615569402, 4684.582554398238, 924.9945298951902, 0.03557422967182335, 0.06706870352905259]
2622.155097 seconds (614.63 M allocations: 62.016 GiB, 0.72% gc time)
FITS/p2_fit120s20yrs.jld2 loaded.
Previous model params: [3.0792963553065005e-6, 224.70077998718662, 3503.7688109878313, -0.15371599512529185, -0.04774060497594314, 2.289850800971902e-6, 365.2563676875799, 3624.408284999308, -0.10834173209489031, -0.03645567933399524]
Finished 3-planet fit w/ fixed period: [3.7090472338230735e-6, 224.70078087007846, 3503.7688142172387, -0.07058864313471723, -0.03075839382847964, 2.6808649634589666e-6, 365.2564063257656, 3624.407945238204, -0.041824567159857724, -0.02320460479570331, 0.0010364904904121683, 4684.582554398238, 924.9913792253731, 0.03557602260204368, 0.06706696695362586] in 2 iterations
New 3-planet chi-square: 4.554661566093653
Maximum: -39.41993194154574 Param: [3.7090472338230735e-6, 224.70078087007846, 3503.7688142172387, -0.07058864313471723, -0.03075839382847964, 2.6808649634589666e-6, 365.2564063257656, 3624.407945238204, -0.041824567159857724, -0.02320460479570331, 0.0010364904904121683, 4684.582554398238, 924.9913792253731, 0.03557602260204368, 0.06706696695362586]
2536.056904 seconds (620.33 M allocations: 62.589 GiB, 0.72% gc time)
FITS/p2_fit10s22yrs.jld2 loaded.
Previous model params: [3.3215055224924122e-6, 224.7007744715999, 3503.7688679632474, -0.10434715620151964, -0.059124295983427125, 2.5153735392652695e-6, 365.25641337796276, 3624.407971437658, -0.06834687063909667, -0.04486506834956561]
Finished 3-planet fit w/ fixed period: [3.469457604876459e-6, 224.70078827663582, 3503.7686530463966, -0.09907944731992323, -0.05230130843757549, 2.5946082132163713e-6, 365.2564726237939, 3624.4073300738255, -0.06420625371670023, -0.038941969157375675, 0.0004501331908050094, 4219.24870137377, 1542.5237556641832, -0.06690135410247795, 0.12702949942697045] in 2 iterations
New 3-planet chi-square: 840.5913773379651
Maximum: -191.92201144598823 Param: [3.469349721387537e-6, 224.70078827857262, 3503.7686529662374, -0.09908800814713034, -0.0523078641255394, 2.594568849053222e-6, 365.2564726269341, 3624.407329910398, -0.06421289517782147, -0.03894653969414801, 0.0004499301583771047, 4218.982169859957, 1542.9220552616982, -0.06699419785907611, 0.12705944568722774]
1853.098185 seconds (388.27 M allocations: 40.175 GiB, 0.85% gc time)
FITS/p2_fit30s22yrs.jld2 loaded.
Previous model params: [3.3215752542331906e-6, 224.7007744715946, 3503.768867962661, -0.10433921755055836, -0.059123570697405474, 2.5154039754391826e-6, 365.2564133779802, 3624.407971437701, -0.06834056644100271, -0.044864525263442576]
Finished 3-planet fit w/ fixed period: [3.4694644695797565e-6, 224.70078827671358, 3503.768653044946, -0.09907866239955955, -0.052301068305244995, 2.594612216922498e-6, 365.2564726241357, 3624.407330070094, -0.06420563312836164, -0.038941786739213814, 0.0004501338318095339, 4219.24870137377, 1542.525574415041, -0.0669008398720476, 0.12703003431864127] in 2 iterations
New 3-planet chi-square: 93.39904190107075
Maximum: -129.30111098416458 Param: [3.4693079556336934e-6, 224.70078827877452, 3503.7686529624766, -0.09909263637760893, -0.05230825698533077, 2.594548108334094e-6, 365.25647262704945, 3624.4073299083807, -0.0642165234356612, -0.038946750063300825, 0.00044990996349560396, 4218.980481398216, 1542.9463764594402, -0.06700117410006366, 0.12706871349370083]
1599.217914 seconds (389.36 M allocations: 40.288 GiB, 0.96% gc time)
FITS/p2_fit60s22yrs.jld2 loaded.
Previous model params: [3.3215752542331906e-6, 224.7007744715946, 3503.768867962661, -0.10433921755055836, -0.059123570697405474, 2.5154039754391826e-6, 365.2564133779802, 3624.407971437701, -0.06834056644100271, -0.044864525263442576]
Finished 3-planet fit w/ fixed period: [3.4694644695797565e-6, 224.70078827671358, 3503.768653044946, -0.09907866239955955, -0.052301068305244995, 2.594612216922498e-6, 365.2564726241357, 3624.407330070094, -0.06420563312836164, -0.038941786739213814, 0.0004501338318095339, 4219.24870137377, 1542.525574415041, -0.0669008398720476, 0.12703003431864127] in 2 iterations
New 3-planet chi-square: 23.349760475267686
Maximum: -89.79172169224768 Param: [3.4693079556336934e-6, 224.70078827877452, 3503.7686529624766, -0.09909263637760893, -0.05230825698533077, 2.594548108334094e-6, 365.25647262704945, 3624.4073299083807, -0.0642165234356612, -0.038946750063300825, 0.00044990996349560396, 4218.980481398216, 1542.9463764594402, -0.06700117410006366, 0.12706871349370083]
1658.051291 seconds (389.12 M allocations: 40.263 GiB, 0.91% gc time)
FITS/p2_fit80s22yrs.jld2 loaded.
Previous model params: [3.3215055224924122e-6, 224.7007744715999, 3503.7688679632474, -0.10434715620151964, -0.059124295983427125, 2.5153735392652695e-6, 365.25641337796276, 3624.407971437658, -0.06834687063909667, -0.04486506834956561]
Finished 3-planet fit w/ fixed period: [3.469457604876459e-6, 224.70078827663582, 3503.7686530463966, -0.09907944731992323, -0.05230130843757549, 2.5946082132163713e-6, 365.2564726237939, 3624.4073300738255, -0.06420625371670023, -0.038941969157375675, 0.0004501331908050094, 4219.24870137377, 1542.5237556641832, -0.06690135410247795, 0.12702949942697045] in 2 iterations
New 3-planet chi-square: 13.134240270905705
Maximum: -73.39384357023756 Param: [3.469349721387537e-6, 224.70078827857262, 3503.7686529662374, -0.09908800814713034, -0.0523078641255394, 2.594568849053222e-6, 365.2564726269341, 3624.407329910398, -0.06421289517782147, -0.03894653969414801, 0.0004499301583771047, 4218.982169859957, 1542.9220552616982, -0.06699419785907611, 0.12705944568722774]
1834.463457 seconds (388.21 M allocations: 40.169 GiB, 0.88% gc time)
FITS/p2_fit90s22yrs.jld2 loaded.
Previous model params: [3.3215877620860047e-6, 224.70077447160497, 3503.768867962323, -0.10433741991555591, -0.05912275504400395, 2.5154147769700072e-6, 365.25641337796657, 3624.4079714382174, -0.06833912238636465, -0.04486391191925199]
Finished 3-planet fit w/ fixed period: [3.46944479681352e-6, 224.70078827680098, 3503.7686530432375, -0.09908077764104888, -0.052301907124022114, 2.5946020983241056e-6, 365.2564726242469, 3624.4073300685536, -0.06420729583405106, -0.03894240420777231, 0.00045012153783945244, 4219.24870137377, 1542.5300904348378, -0.06690678795133595, 0.1270335132056823] in 2 iterations
New 3-planet chi-square: 10.37767131857388
Maximum: -66.68021051973619 Param: [3.469308605188947e-6, 224.700788278832, 3503.7686529611346, -0.09909241921949354, -0.05230865244040279, 2.594549605263746e-6, 365.25647262724493, 3624.407329905486, -0.06421634920078025, -0.038947061935096, 0.0004499061926451423, 4218.979302218648, 1542.9471861387547, -0.0670033475760429, 0.1270693464098128]
1691.066047 seconds (386.40 M allocations: 39.982 GiB, 0.87% gc time)
FITS/p2_fit100s22yrs.jld2 loaded.
Previous model params: [3.32154308001434e-6, 224.7007744716037, 3503.768867962831, -0.10434273002762033, -0.0591236425223214, 2.5153919164219355e-6, 365.25641337796355, 3624.407971437878, -0.06834335521430737, -0.0448645734284722]
Finished 3-planet fit w/ fixed period: [3.4694545815189067e-6, 224.70078827674442, 3503.7686530441906, -0.09907976151461752, -0.05230182875348976, 2.594606329785449e-6, 365.25647262413145, 3624.4073300697114, -0.06420649694838128, -0.03894236519550668, 0.0004501258048766188, 4219.24870137377, 1542.5243715839256, -0.06690518729411124, 0.12703152327545866] in 2 iterations
New 3-planet chi-square: 8.405913767225954
Maximum: -60.67466112446369 Param: [3.4693375334704544e-6, 224.70078827873448, 3503.7686529626735, -0.0990893098281852, -0.05230821687111118, 2.594563266994276e-6, 365.2564726272446, 3624.407329905581, -0.06421389755012302, -0.03894678055466492, 0.0004499171931710711, 4218.979290300696, 1542.9338929546147, -0.06699976724049214, 0.12706433192895636]
1765.262550 seconds (388.19 M allocations: 40.167 GiB, 0.81% gc time)
FITS/p2_fit110s22yrs.jld2 loaded.
Previous model params: [3.3215112036825205e-6, 224.7007744715969, 3503.7688679632283, -0.10434661487101676, -0.05912418204622946, 2.5153747019965056e-6, 365.2564133779727, 3624.407971437571, -0.06834644304514315, -0.044864978677925514]
Finished 3-planet fit w/ fixed period: [3.4694650232725174e-6, 224.70078827670312, 3503.7686530451892, -0.09907837608687099, -0.052300856535108596, 2.5946155269133657e-6, 365.2564726241714, 3624.407330069781, -0.0642054047391645, -0.038941639344657726, 0.0004501375824507553, 4219.24870137377, 1542.52374466113, -0.06689950622492705, 0.12702856645830982] in 2 iterations
New 3-planet chi-square: 6.9470361749359
Maximum: -55.241980890692844 Param: [3.4693263914493434e-6, 224.7007882787507, 3503.768652962833, -0.09909056777597217, -0.05230860731881873, 2.594556996435183e-6, 365.25647262725766, 3624.407329906668, -0.06421489068263775, -0.03894706659997039, 0.00044991279314241395, 4218.9820779171305, 1542.932396168337, -0.06700203668882451, 0.12706582429130012]
1841.136628 seconds (387.30 M allocations: 40.074 GiB, 0.79% gc time)
FITS/p2_fit120s22yrs.jld2 loaded.
Previous model params: [3.3215752542331906e-6, 224.7007744715946, 3503.768867962661, -0.10433921755055836, -0.059123570697405474, 2.5154039754391826e-6, 365.2564133779802, 3624.407971437701, -0.06834056644100271, -0.044864525263442576]
Finished 3-planet fit w/ fixed period: [3.4694644695797565e-6, 224.70078827671358, 3503.768653044946, -0.09907866239955955, -0.052301068305244995, 2.594612216922498e-6, 365.2564726241357, 3624.407330070094, -0.06420563312836164, -0.038941786739213814, 0.0004501338318095339, 4219.24870137377, 1542.525574415041, -0.0669008398720476, 0.12703003431864127] in 2 iterations
New 3-planet chi-square: 5.837440118816922
Maximum: -50.2823324003308 Param: [3.4693079556336934e-6, 224.70078827877452, 3503.7686529624766, -0.09909263637760893, -0.05230825698533077, 2.594548108334094e-6, 365.25647262704945, 3624.4073299083807, -0.0642165234356612, -0.038946750063300825, 0.00044990996349560396, 4218.980481398216, 1542.9463764594402, -0.06700117410006366, 0.12706871349370083]
1826.223202 seconds (389.38 M allocations: 40.290 GiB, 0.82% gc time)
FITS/p2_fit10s24yrs.jld2 loaded.
Previous model params: [3.849017153373818e-6, 224.7007763880986, 3503.7688349939904, -0.07296708957977058, -0.051611070727295816, 2.6497500070467584e-6, 365.25645781082954, 3624.407655814771, -0.04173561944222749, -0.04026636075243139]
Finished 3-planet fit w/ fixed period: [3.828264585138338e-6, 224.70077940129505, 3503.768747276708, -0.06724045576758494, -0.05579359971464003, 2.6780567873189798e-6, 365.2564793849478, 3624.4072687559524, -0.038249579581013944, -0.04226298064370778, 0.0004318669245322097, 4212.135081343183, 1317.9954950570334, -0.10902957536389819, 0.07588534153908302] in 2 iterations
New 3-planet chi-square: 999.9686714954222
Maximum: -217.59330442458457 Param: [3.829608388083214e-6, 224.7007794199831, 3503.7687468161907, -0.06711753092869739, -0.05579872204852998, 2.6786467021718514e-6, 365.25647942370716, 3624.4072679034457, -0.03815171651425746, -0.04226574845152871, 0.00043102917496760804, 4211.022540221467, 1318.3582902780438, -0.10962291468249616, 0.07563833838005081]
1989.536308 seconds (409.37 M allocations: 43.854 GiB, 1.02% gc time)
FITS/p2_fit30s24yrs.jld2 loaded.
Previous model params: [3.8490021073954865e-6, 224.70077638809525, 3503.768834994114, -0.07296865915891698, -0.05161086782747619, 2.649742016403354e-6, 365.256457810865, 3624.4076558145475, -0.04173686037015213, -0.040266195955774124]
Finished 3-planet fit w/ fixed period: [3.828312356671085e-6, 224.7007794014943, 3503.7687472731054, -0.06723561506727446, -0.05579369947964447, 2.6780808466305313e-6, 365.2564793848732, 3624.4072687562093, -0.038245731364642314, -0.042263118209336634, 0.0004318667810076821, 4212.135081343183, 1317.958076526334, -0.1090332934858025, 0.07587680296905853] in 2 iterations
New 3-planet chi-square: 111.10763025261228
Maximum: -148.3807302630042 Param: [3.829568769096564e-6, 224.70077941980233, 3503.7687468192908, -0.06712133414410024, -0.05579867931653254, 2.678628637866706e-6, 365.2564794238312, 3624.4072679018445, -0.038154743499742454, -0.04226567153902736, 0.00043103231737546584, 4211.021349262363, 1318.3949146350042, -0.109617720304871, 0.07564544360206447]
1159.966276 seconds (409.76 M allocations: 43.895 GiB, 1.15% gc time)
FITS/p2_fit60s24yrs.jld2 loaded.
Previous model params: [3.8490021073954865e-6, 224.70077638809525, 3503.768834994114, -0.07296865915891698, -0.05161086782747619, 2.649742016403354e-6, 365.256457810865, 3624.4076558145475, -0.04173686037015213, -0.040266195955774124]
Finished 3-planet fit w/ fixed period: [3.828312356671085e-6, 224.7007794014943, 3503.7687472731054, -0.06723561506727446, -0.05579369947964447, 2.6780808466305313e-6, 365.2564793848732, 3624.4072687562093, -0.038245731364642314, -0.042263118209336634, 0.0004318667810076821, 4212.135081343183, 1317.958076526334, -0.1090332934858025, 0.07587680296905853] in 2 iterations
New 3-planet chi-square: 27.77690756315307
Maximum: -104.71245788772764 Param: [3.829568769096564e-6, 224.70077941980233, 3503.7687468192908, -0.06712133414410024, -0.05579867931653254, 2.678628637866706e-6, 365.2564794238312, 3624.4072679018445, -0.038154743499742454, -0.04226567153902736, 0.00043103231737546584, 4211.021349262363, 1318.3949146350042, -0.109617720304871, 0.07564544360206447]
863.200639 seconds (409.73 M allocations: 43.891 GiB, 1.24% gc time)
FITS/p2_fit80s24yrs.jld2 loaded.
Previous model params: [3.849017153373818e-6, 224.7007763880986, 3503.7688349939904, -0.07296708957977058, -0.051611070727295816, 2.6497500070467584e-6, 365.25645781082954, 3624.407655814771, -0.04173561944222749, -0.04026636075243139]
Finished 3-planet fit w/ fixed period: [3.828264585138338e-6, 224.70077940129505, 3503.768747276708, -0.06724045576758494, -0.05579359971464003, 2.6780567873189798e-6, 365.2564793849478, 3624.4072687559524, -0.038249579581013944, -0.04226298064370778, 0.0004318669245322097, 4212.135081343183, 1317.9954950570334, -0.10902957536389819, 0.07588534153908302] in 2 iterations
New 3-planet chi-square: 15.624510492115972
Maximum: -86.58848729875488 Param: [3.829608388083214e-6, 224.7007794199831, 3503.7687468161907, -0.06711753092869739, -0.05579872204852998, 2.6786467021718514e-6, 365.25647942370716, 3624.4072679034457, -0.03815171651425746, -0.04226574845152871, 0.00043102917496760804, 4211.022540221467, 1318.3582902780438, -0.10962291468249616, 0.07563833838005081]
945.597537 seconds (409.34 M allocations: 43.852 GiB, 1.20% gc time)
FITS/p2_fit90s24yrs.jld2 loaded.
Previous model params: [3.849006385087777e-6, 224.70077638809505, 3503.7688349941136, -0.07296796996035917, -0.05161122814018266, 2.6497473287430075e-6, 365.2564578108525, 3624.4076558145525, -0.041736312688948306, -0.04026648946883394]
Finished 3-planet fit w/ fixed period: [3.828299943934115e-6, 224.70077940142966, 3503.7687472744287, -0.0672370387446347, -0.0557938778743922, 2.6780728462896283e-6, 365.2564793848494, 3624.40726875699, -0.03824686963450594, -0.04226324536526574, 0.00043186645599927603, 4212.135081343183, 1317.9651341830688, -0.10903275944463918, 0.07587842929298448] in 2 iterations
New 3-planet chi-square: 12.34529224899769
Maximum: -79.16815607361521 Param: [3.829582347835271e-6, 224.70077941983874, 3503.7687468185395, -0.06712009415280097, -0.05579820273462494, 2.6786343875815504e-6, 365.2564794237772, 3624.4072679019596, -0.03815375973628439, -0.04226531334960212, 0.0004310339268350537, 4211.020043269828, 1318.3882552402645, -0.1096174799002451, 0.07564352834914373]
942.401156 seconds (409.28 M allocations: 43.843 GiB, 1.19% gc time)
FITS/p2_fit100s24yrs.jld2 loaded.
Previous model params: [3.848965818878683e-6, 224.70077638807558, 3503.768834994651, -0.07297211968137543, -0.05161138860769057, 2.649726202937201e-6, 365.25645781096307, 3624.407655813558, -0.041739595981711716, -0.04026660282601875]
Finished 3-planet fit w/ fixed period: [3.828305138650002e-6, 224.70077940153928, 3503.7687472720263, -0.0672363537551571, -0.0557938072245235, 2.6780768861423177e-6, 365.25647938502885, 3624.4072687540515, -0.038246319139527384, -0.04226317750662818, 0.00043186071138490286, 4212.135081343183, 1317.962546792032, -0.10903690354768306, 0.0758787466749815] in 2 iterations
New 3-planet chi-square: 9.999686721240579
Maximum: -72.53044358576233 Param: [3.829634741772113e-6, 224.70077941995763, 3503.7687468169684, -0.06711475240872358, -0.055798034384857025, 2.678661154498377e-6, 365.25647942347064, 3624.407267906393, -0.03814951345154426, -0.04226526763604429, 0.000431040226618777, 4211.024164439501, 1318.3443765885372, -0.10961722806517833, 0.07563430708125231]
935.019931 seconds (408.88 M allocations: 43.801 GiB, 1.20% gc time)
FITS/p2_fit110s24yrs.jld2 loaded.
Previous model params: [3.849000733530941e-6, 224.70077638809497, 3503.76883499413, -0.07296869961329501, -0.05161100775318993, 2.6497426374292685e-6, 365.25645781086456, 3624.407655814527, -0.04173688875056927, -0.04026630853272423]
Finished 3-planet fit w/ fixed period: [3.828327275744358e-6, 224.70077940161815, 3503.768747270727, -0.06723414337004473, -0.055794199183578475, 2.6780878506730435e-6, 365.25647938492085, 3624.4072687552966, -0.0382445672065928, -0.042263517837196445, 0.0004318583847592064, 4212.135081343183, 1317.9428089159803, -0.10903972577598672, 0.0758745232282211] in 2 iterations
New 3-planet chi-square: 8.26420392414513
Maximum: -66.52590234306386 Param: [3.8294602532449925e-6, 224.7007794191464, 3503.7687468332624, -0.06713258640566099, -0.0557984980601783, 2.6785709429959446e-6, 365.2564794231453, 3624.407267918202, -0.03816369326350997, -0.04226542525933341, 0.00043104153703275465, 4211.040614529675, 1318.4508814938827, -0.10960458309649962, 0.07566562893290328]
937.781365 seconds (410.49 M allocations: 43.972 GiB, 1.20% gc time)
FITS/p2_fit120s24yrs.jld2 loaded.
Previous model params: [3.8490021073954865e-6, 224.70077638809525, 3503.768834994114, -0.07296865915891698, -0.05161086782747619, 2.649742016403354e-6, 365.256457810865, 3624.4076558145475, -0.04173686037015213, -0.040266195955774124]
Finished 3-planet fit w/ fixed period: [3.828312356671085e-6, 224.7007794014943, 3503.7687472731054, -0.06723561506727446, -0.05579369947964447, 2.6780808466305313e-6, 365.2564793848732, 3624.4072687562093, -0.038245731364642314, -0.042263118209336634, 0.0004318667810076821, 4212.135081343183, 1317.958076526334, -0.1090332934858025, 0.07587680296905853] in 2 iterations
New 3-planet chi-square: 6.944226890788268
Maximum: -61.044185512451094 Param: [3.829568769096564e-6, 224.70077941980233, 3503.7687468192908, -0.06712133414410024, -0.05579867931653254, 2.678628637866706e-6, 365.2564794238312, 3624.4072679018445, -0.038154743499742454, -0.04226567153902736, 0.00043103231737546584, 4211.021349262363, 1318.3949146350042, -0.109617720304871, 0.07564544360206447]
920.203577 seconds (409.63 M allocations: 43.880 GiB, 1.21% gc time)
FITS/p2_fit10s26yrs.jld2 loaded.
Previous model params: [3.887120533568761e-6, 224.70077426940097, 3503.768863520992, -0.06673215851548553, -0.051403534020727566, 2.663313543755083e-6, 365.2564527288841, 3624.4076976261294, -0.03695560684570952, -0.0402719700046919]
Finished 3-planet fit w/ fixed period: [3.7622677356579865e-6, 224.70077398356796, 3503.7688437322818, -0.07549339125296461, -0.05698797598501022, 2.6246056993109897e-6, 365.2564539156077, 3624.4075391317474, -0.044754342618322694, -0.04439583546425181, 0.0005168148567206611, 4276.591865691113, 1357.6798060190274, -0.033273811410180876, 0.09579982421132958] in 2 iterations
New 3-planet chi-square: 1193.3392419256245
Maximum: -240.87336522965583 Param: [3.7622677356579865e-6, 224.70077398356796, 3503.7688437322818, -0.07549339125296461, -0.05698797598501022, 2.6246056993109897e-6, 365.2564539156077, 3624.4075391317474, -0.044754342618322694, -0.04439583546425181, 0.0005168148567206611, 4276.591865691113, 1357.6798060190274, -0.033273811410180876, 0.09579982421132958]
903.656357 seconds (438.70 M allocations: 48.817 GiB, 0.97% gc time)
FITS/p2_fit30s26yrs.jld2 loaded.
Previous model params: [3.887114036719982e-6, 224.70077426939986, 3503.768863521012, -0.06673281650782964, -0.05140308962492671, 2.663310363115605e-6, 365.25645272886106, 3624.4076976264673, -0.03695612923206209, -0.04027161573220479]
Finished 3-planet fit w/ fixed period: [3.7622928956744734e-6, 224.7007739835655, 3503.76884373216, -0.07549091921132128, -0.05698761662700462, 2.6246175837948656e-6, 365.256453915502, 3624.4075391325196, -0.04475238345251904, -0.04439559387969268, 0.000516819539914632, 4276.591865691113, 1357.670995640861, -0.03327283886242542, 0.09579795355567154] in 2 iterations
New 3-planet chi-square: 132.59324907738824
Maximum: -166.1677295936961 Param: [3.7622928956744734e-6, 224.7007739835655, 3503.76884373216, -0.07549091921132128, -0.05698761662700462, 2.6246175837948656e-6, 365.256453915502, 3624.4075391325196, -0.04475238345251904, -0.04439559387969268, 0.000516819539914632, 4276.591865691113, 1357.670995640861, -0.03327283886242542, 0.09579795355567154]
904.038422 seconds (437.09 M allocations: 48.638 GiB, 0.95% gc time)
FITS/p2_fit60s26yrs.jld2 loaded.
Previous model params: [3.887114036719982e-6, 224.70077426939986, 3503.768863521012, -0.06673281650782964, -0.05140308962492671, 2.663310363115605e-6, 365.25645272886106, 3624.4076976264673, -0.03695612923206209, -0.04027161573220479]
Finished 3-planet fit w/ fixed period: [3.7622928956744734e-6, 224.7007739835655, 3503.76884373216, -0.07549091921132128, -0.05698761662700462, 2.6246175837948656e-6, 365.256453915502, 3624.4075391325196, -0.04475238345251904, -0.04439559387969268, 0.000516819539914632, 4276.591865691113, 1357.670995640861, -0.03327283886242542, 0.09579795355567154] in 2 iterations
New 3-planet chi-square: 33.14831226934706
Maximum: -119.03372131561981 Param: [3.7622928956744734e-6, 224.7007739835655, 3503.76884373216, -0.07549091921132128, -0.05698761662700462, 2.6246175837948656e-6, 365.256453915502, 3624.4075391325196, -0.04475238345251904, -0.04439559387969268, 0.000516819539914632, 4276.591865691113, 1357.670995640861, -0.03327283886242542, 0.09579795355567154]
900.179780 seconds (437.09 M allocations: 48.638 GiB, 0.95% gc time)
FITS/p2_fit80s26yrs.jld2 loaded.
Previous model params: [3.887120533568761e-6, 224.70077426940097, 3503.768863520992, -0.06673215851548553, -0.051403534020727566, 2.663313543755083e-6, 365.2564527288841, 3624.4076976261294, -0.03695560684570952, -0.0402719700046919]
Finished 3-planet fit w/ fixed period: [3.7622677356579865e-6, 224.70077398356796, 3503.7688437322818, -0.07549339125296461, -0.05698797598501022, 2.6246056993109897e-6, 365.2564539156077, 3624.4075391317474, -0.044754342618322694, -0.04439583546425181, 0.0005168148567206611, 4276.591865691113, 1357.6798060190274, -0.033273811410180876, 0.09579982421132958] in 2 iterations
New 3-planet chi-square: 18.645925655087883
Maximum: -99.47134039542698 Param: [3.7622677356579865e-6, 224.70077398356796, 3503.7688437322818, -0.07549339125296461, -0.05698797598501022, 2.6246056993109897e-6, 365.2564539156077, 3624.4075391317474, -0.044754342618322694, -0.04439583546425181, 0.0005168148567206611, 4276.591865691113, 1357.6798060190274, -0.033273811410180876, 0.09579982421132958]
907.742730 seconds (438.72 M allocations: 48.820 GiB, 0.95% gc time)
FITS/p2_fit90s26yrs.jld2 loaded.
Previous model params: [3.887115971957563e-6, 224.70077426939142, 3503.768863521195, -0.06673273356107433, -0.05140396507444227, 2.6633090326177103e-6, 365.2564527289115, 3624.4076976257315, -0.03695606714456784, -0.04027229777400919]
Finished 3-planet fit w/ fixed period: [3.7622875914127396e-6, 224.70077398356426, 3503.768843732475, -0.07549148777092607, -0.05698740592999522, 2.6246148049906924e-6, 365.2564539155174, 3624.407539132678, -0.044752834139450554, -0.04439542600660773, 0.0005168230143487695, 4276.591865691113, 1357.6725211503826, -0.033271625036553405, 0.09579749647250303] in 2 iterations
New 3-planet chi-square: 14.732583232658412
Maximum: -91.46209396850522 Param: [3.7622875914127396e-6, 224.70077398356426, 3503.768843732475, -0.07549148777092607, -0.05698740592999522, 2.6246148049906924e-6, 365.2564539155174, 3624.407539132678, -0.044752834139450554, -0.04439542600660773, 0.0005168230143487695, 4276.591865691113, 1357.6725211503826, -0.033271625036553405, 0.09579749647250303]
965.636751 seconds (438.69 M allocations: 48.816 GiB, 0.93% gc time)
FITS/p2_fit100s26yrs.jld2 loaded.
Previous model params: [3.887118155671124e-6, 224.70077426939815, 3503.7688635210516, -0.06673252150344403, -0.051403488565048, 2.6633105244592965e-6, 365.2564527288844, 3624.4076976261226, -0.03695589860142602, -0.040271927596697746]
Finished 3-planet fit w/ fixed period: [3.762254836942112e-6, 224.70077398355193, 3503.7688437323054, -0.0754947034914197, -0.056987729785582385, 2.6246001009632575e-6, 365.2564539156058, 3624.4075391315882, -0.04475538419823045, -0.044395612008603154, 0.0005168100733440541, 4276.591865691113, 1357.692112644662, -0.03327371765631151, 0.09580300941226069] in 2 iterations
New 3-planet chi-square: 11.933392417555062
Maximum: -84.2975789012138 Param: [3.762254836942112e-6, 224.70077398355193, 3503.7688437323054, -0.0754947034914197, -0.056987729785582385, 2.6246001009632575e-6, 365.2564539156058, 3624.4075391315882, -0.04475538419823045, -0.044395612008603154, 0.0005168100733440541, 4276.591865691113, 1357.692112644662, -0.03327371765631151, 0.09580300941226069]
1954.595800 seconds (436.71 M allocations: 48.596 GiB, 0.83% gc time)
FITS/p2_fit110s26yrs.jld2 loaded.
Previous model params: [3.887114310850733e-6, 224.70077426939653, 3503.7688635210843, -0.06673277663534023, -0.05140342880908092, 2.663310352187575e-6, 365.2564527288827, 3624.4076976261586, -0.03695609753725728, -0.04027188561023454]
Finished 3-planet fit w/ fixed period: [3.7622971911553078e-6, 224.70077398355662, 3503.7688437325173, -0.07549055453392305, -0.056987278655960746, 2.6246191825825454e-6, 365.2564539154239, 3624.4075391337065, -0.04475208835930789, -0.04439534304846844, 0.0005168234887992767, 4276.591865691113, 1357.668658625102, -0.03327164854739701, 0.09579709487653472] in 2 iterations
New 3-planet chi-square: 9.862307787020805
Maximum: -77.816486688025 Param: [3.7622971911553078e-6, 224.70077398355662, 3503.7688437325173, -0.07549055453392305, -0.056987278655960746, 2.6246191825825454e-6, 365.2564539154239, 3624.4075391337065, -0.04475208835930789, -0.04439534304846844, 0.0005168234887992767, 4276.591865691113, 1357.668658625102, -0.03327164854739701, 0.09579709487653472]
1903.296314 seconds (437.41 M allocations: 48.674 GiB, 0.81% gc time)
FITS/p2_fit120s26yrs.jld2 loaded.
Previous model params: [3.887114036719982e-6, 224.70077426939986, 3503.768863521012, -0.06673281650782964, -0.05140308962492671, 2.663310363115605e-6, 365.25645272886106, 3624.4076976264673, -0.03695612923206209, -0.04027161573220479]
Finished 3-planet fit w/ fixed period: [3.7622928956744734e-6, 224.7007739835655, 3503.76884373216, -0.07549091921132128, -0.05698761662700462, 2.6246175837948656e-6, 365.256453915502, 3624.4075391325196, -0.04475238345251904, -0.04439559387969268, 0.000516819539914632, 4276.591865691113, 1357.670995640861, -0.03327283886242542, 0.09579795355567154] in 2 iterations
New 3-planet chi-square: 8.287078067336765
Maximum: -71.89971303754353 Param: [3.7622928956744734e-6, 224.7007739835655, 3503.76884373216, -0.07549091921132128, -0.05698761662700462, 2.6246175837948656e-6, 365.256453915502, 3624.4075391325196, -0.04475238345251904, -0.04439559387969268, 0.000516819539914632, 4276.591865691113, 1357.670995640861, -0.03327283886242542, 0.09579795355567154]
1893.369958 seconds (435.95 M allocations: 48.512 GiB, 0.82% gc time)
FITS/p2_fit10s28yrs.jld2 loaded.
Previous model params: [3.7266375563377907e-6, 224.7007768837425, 3503.768826601462, -0.07685567050314356, -0.06400458168910055, 2.624836126575931e-6, 365.2564548540533, 3624.4076807372057, -0.04453703049495294, -0.04989273215234202]
Finished 3-planet fit w/ fixed period: [3.6260507035326375e-6, 224.7007753740908, 3503.768809860401, -0.08578860183556035, -0.06564159984782716, 2.5834634453167427e-6, 365.25645562961716, 3624.4074960669454, -0.05246660854708234, -0.05061362315508618, 0.00040660724749925863, 4226.374335166728, 1457.6824337223086, -0.08451378370627287, 0.12009695174319272] in 2 iterations
New 3-planet chi-square: 1324.5491454293945
Maximum: -262.3922005714234 Param: [3.626797866174856e-6, 224.70077536194873, 3503.768810288684, -0.08573815480846081, -0.0656441297653309, 2.5836464418894108e-6, 365.256455537258, 3624.407497623799, -0.05242436035277975, -0.05061685053065245, 0.0004072972022991139, 4227.747902034095, 1455.101031355185, -0.08419646624435251, 0.11994013846855785]
1541.161302 seconds (324.22 M allocations: 37.339 GiB, 0.74% gc time)
FITS/p2_fit30s28yrs.jld2 loaded.
Previous model params: [3.7266331049773962e-6, 224.70077688374366, 3503.7688266014593, -0.07685664075599322, -0.06400419280724431, 2.6248274976116196e-6, 365.2564548540307, 3624.4076807374604, -0.04453780499120127, -0.04989240743655087]
Finished 3-planet fit w/ fixed period: [3.6260242687791132e-6, 224.70077537411808, 3503.7688098596027, -0.08579141053973599, -0.06564201406859377, 2.583450525479961e-6, 365.2564556296662, 3624.407496065848, -0.052468838549382245, -0.050613897358609265, 0.0004065969928303403, 4226.374335166728, 1457.699517841766, -0.0845174200905781, 0.12010319395096629] in 2 iterations
New 3-planet chi-square: 147.17212726484493
Maximum: -182.19350349738957 Param: [3.626738620081672e-6, 224.70077536205915, 3503.768810285411, -0.08574421348272881, -0.06564481722292936, 2.583619663580722e-6, 365.2564555377695, 3624.407497614989, -0.05242917707643032, -0.05061728964649038, 0.0004072769742478891, 4227.740959378769, 1455.1505763979528, -0.08420225807793333, 0.1199530499904931]
1578.377424 seconds (322.98 M allocations: 37.196 GiB, 0.74% gc time)
FITS/p2_fit60s28yrs.jld2 loaded.
Previous model params: [3.7266331049773962e-6, 224.70077688374366, 3503.7688266014593, -0.07685664075599322, -0.06400419280724431, 2.6248274976116196e-6, 365.2564548540307, 3624.4076807374604, -0.04453780499120127, -0.04989240743655087]
Finished 3-planet fit w/ fixed period: [3.6260242687791132e-6, 224.70077537411808, 3503.7688098596027, -0.08579141053973599, -0.06564201406859377, 2.583450525479961e-6, 365.2564556296662, 3624.407496065848, -0.052468838549382245, -0.050613897358609265, 0.0004065969928303403, 4226.374335166728, 1457.699517841766, -0.0845174200905781, 0.12010319395096629] in 2 iterations
New 3-planet chi-square: 36.79303181621123
Maximum: -131.59375931651357 Param: [3.626738620081672e-6, 224.70077536205915, 3503.768810285411, -0.08574421348272881, -0.06564481722292936, 2.583619663580722e-6, 365.2564555377695, 3624.407497614989, -0.05242917707643032, -0.05061728964649038, 0.0004072769742478891, 4227.740959378769, 1455.1505763979528, -0.08420225807793333, 0.1199530499904931]
1524.959333 seconds (322.98 M allocations: 37.196 GiB, 0.73% gc time)
FITS/p2_fit80s28yrs.jld2 loaded.
Previous model params: [3.7266375563377907e-6, 224.7007768837425, 3503.768826601462, -0.07685567050314356, -0.06400458168910055, 2.624836126575931e-6, 365.2564548540533, 3624.4076807372057, -0.04453703049495294, -0.04989273215234202]
Finished 3-planet fit w/ fixed period: [3.6260507035326375e-6, 224.7007753740908, 3503.768809860401, -0.08578860183556035, -0.06564159984782716, 2.5834634453167427e-6, 365.25645562961716, 3624.4074960669454, -0.05246660854708234, -0.05061362315508618, 0.00040660724749925863, 4226.374335166728, 1457.6824337223086, -0.08451378370627287, 0.12009695174319272] in 2 iterations
New 3-planet chi-square: 20.69608039733429
Maximum: -110.59296802879538 Param: [3.626797866174856e-6, 224.70077536194873, 3503.768810288684, -0.08573815480846081, -0.0656441297653309, 2.5836464418894108e-6, 365.256455537258, 3624.407497623799, -0.05242436035277975, -0.05061685053065245, 0.0004072972022991139, 4227.747902034095, 1455.101031355185, -0.08419646624435251, 0.11994013846855785]
1572.801376 seconds (324.22 M allocations: 37.339 GiB, 0.74% gc time)
FITS/p2_fit90s28yrs.jld2 loaded.
Previous model params: [3.7266483779939835e-6, 224.70077688374693, 3503.768826601386, -0.0768546785323893, -0.0640050956189901, 2.6248393964170443e-6, 365.2564548541113, 3624.4076807364777, -0.044536251664465266, -0.04989313371912807]
Finished 3-planet fit w/ fixed period: [3.626029082451333e-6, 224.70077537413277, 3503.768809859139, -0.08579073609536679, -0.06564204109505287, 2.5834547705987036e-6, 365.2564556297063, 3624.407496065029, -0.05246828617864795, -0.05061393448212029, 0.0004065976228194358, 4226.374335166728, 1457.6972828941384, -0.08451759425157747, 0.12010222928571686] in 2 iterations
New 3-planet chi-square: 16.35245858141221
Maximum: -101.9948064166478 Param: [3.6267740866551956e-6, 224.70077536198932, 3503.768810287305, -0.08574057326841149, -0.0656449229956395, 2.5836356523613166e-6, 365.256455537453, 3624.4074976204756, -0.05242628631913586, -0.05061743162689677, 0.00040728412412536623, 4227.7461250707065, 1455.118231567449, -0.08420202757713484, 0.11994649832439647]
1400.167780 seconds (324.61 M allocations: 37.384 GiB, 0.76% gc time)
FITS/p2_fit100s28yrs.jld2 loaded.
Previous model params: [3.726661693943772e-6, 224.70077688375062, 3503.768826601115, -0.0768534073210602, -0.06400349133426271, 2.624845381907112e-6, 365.25645485404084, 3624.4076807376346, -0.04453523595644521, -0.04989187591168346]
Finished 3-planet fit w/ fixed period: [3.626046253113309e-6, 224.70077537412155, 3503.7688098596564, -0.08578900268255314, -0.06564170201907303, 2.58346188812288e-6, 365.25645562970806, 3624.4074960655066, -0.052466927983598755, -0.05061369150948495, 0.0004066045867845803, 4226.374335166728, 1457.689172378749, -0.08451429458844192, 0.1200989478648752] in 2 iterations
New 3-planet chi-square: 13.24549144825569
Maximum: -94.30348876621873 Param: [3.6267916150220744e-6, 224.70077536197863, 3503.768810287836, -0.08573866962058696, -0.06564448405302177, 2.5836447926171927e-6, 365.2564555374272, 3624.4074976209527, -0.052424772520583605, -0.05061712472029639, 0.00040729491393550507, 4227.745584959985, 1455.1092469007494, -0.08419701029753444, 0.11994129329032689]
1374.663856 seconds (324.90 M allocations: 37.417 GiB, 0.81% gc time)
FITS/p2_fit110s28yrs.jld2 loaded.
Previous model params: [3.726639313539859e-6, 224.7007768837435, 3503.768826601435, -0.07685579516838897, -0.06400436342283762, 2.6248330925809033e-6, 365.25645485404254, 3624.4076807373613, -0.04453713565219303, -0.049892547642392655]
Finished 3-planet fit w/ fixed period: [3.6260211202870616e-6, 224.700775374122, 3503.768809859813, -0.08579176328045182, -0.06564139564114715, 2.5834491294322946e-6, 365.2564556296135, 3624.4074960666485, -0.052469109715681216, -0.05061341036133251, 0.0004066025271327098, 4226.374335166728, 1457.7033760602628, -0.08451340211779929, 0.12010251978290128] in 2 iterations
New 3-planet chi-square: 10.94668715141721
Maximum: -87.34584565416868 Param: [3.6267324699299057e-6, 224.7007753620741, 3503.76881028475, -0.08574483201692848, -0.06564440443631617, 2.5836174483381655e-6, 365.256455537872, 3624.407497613148, -0.05242966894859043, -0.05061695245653193, 0.00040727409829881885, 4227.7395157072715, 1455.157038175547, -0.08420346780653853, 0.11995482266196952]
1728.926729 seconds (324.39 M allocations: 37.358 GiB, 0.67% gc time)
FITS/p2_fit120s28yrs.jld2 loaded.
Previous model params: [3.7266331049773962e-6, 224.70077688374366, 3503.7688266014593, -0.07685664075599322, -0.06400419280724431, 2.6248274976116196e-6, 365.2564548540307, 3624.4076807374604, -0.04453780499120127, -0.04989240743655087]
Finished 3-planet fit w/ fixed period: [3.6260242687791132e-6, 224.70077537411808, 3503.7688098596027, -0.08579141053973599, -0.06564201406859377, 2.583450525479961e-6, 365.2564556296662, 3624.407496065848, -0.052468838549382245, -0.050613897358609265, 0.0004065969928303403, 4226.374335166728, 1457.699517841766, -0.0845174200905781, 0.12010319395096629] in 2 iterations
New 3-planet chi-square: 9.198257954052808
Maximum: -80.99401513563755 Param: [3.626738620081672e-6, 224.70077536205915, 3503.768810285411, -0.08574421348272881, -0.06564481722292936, 2.583619663580722e-6, 365.2564555377695, 3624.407497614989, -0.05242917707643032, -0.05061728964649038, 0.0004072769742478891, 4227.740959378769, 1455.1505763979528, -0.08420225807793333, 0.1199530499904931]
1973.609239 seconds (322.98 M allocations: 37.196 GiB, 0.67% gc time)
FITS/p2_fit10s30yrs.jld2 loaded.
Previous model params: [3.5951477078160803e-6, 224.7007733948519, 3503.7688814220483, -0.0899542513628647, -0.057547167234643475, 2.594623446987104e-6, 365.2564391621608, 3624.407829681899, -0.055352738910474465, -0.045063060031553616]
Finished 3-planet fit w/ fixed period: [3.6428026333824678e-6, 224.7007744490559, 3503.768823151103, -0.08201787464880866, -0.06536644408634405, 2.5889482804395797e-6, 365.25645859018624, 3624.407469592047, -0.04946769382534747, -0.05047852584095601, 0.0003984110567974853, 4226.374335166728, 1450.2105538796711, -0.08662437327477522, 0.12051489051607997] in 2 iterations
New 3-planet chi-square: 1349.87414985101
Maximum: -281.1028991454223 Param: [3.642609709369257e-6, 224.70077446088771, 3503.7688228645598, -0.0820360075649705, -0.06537145633520125, 2.5888338864042884e-6, 365.2564586430494, 3624.407468796788, -0.04948273660986302, -0.05048163812821504, 0.00039807848095706785, 4225.768536755524, 1451.3693950286063, -0.08677054058436923, 0.12058570853238305]
1865.690637 seconds (332.97 M allocations: 39.198 GiB, 0.72% gc time)
FITS/p2_fit30s30yrs.jld2 loaded.
Previous model params: [3.595143547291144e-6, 224.70077339485414, 3503.7688814220105, -0.08995448618984338, -0.05754701762429281, 2.594624432960603e-6, 365.25643916215625, 3624.407829682031, -0.055352914912146105, -0.04506295233150813]
Finished 3-planet fit w/ fixed period: [3.642831724117712e-6, 224.70077444904632, 3503.768823151364, -0.08201482025366615, -0.06536600035636247, 2.588962216982095e-6, 365.25645859015424, 3624.407469592706, -0.04946526779270804, -0.05047823271878224, 0.00039841845489150786, 4226.374335166728, 1450.1896381029412, -0.08662320331632145, 0.12050854902982254] in 2 iterations
New 3-planet chi-square: 149.98601666100413
Maximum: -195.41114063214192 Param: [3.6426190299840244e-6, 224.70077446087956, 3503.7688228648035, -0.08203493192717563, -0.06537166007557474, 2.588838882880252e-6, 365.25645864300003, 3624.407468797455, -0.04948188740820125, -0.05048181152068693, 0.00039808171128325316, 4225.768420691771, 1451.3636520039113, -0.08676909500008201, 0.12058344107845084]
1512.868248 seconds (331.50 M allocations: 39.026 GiB, 0.74% gc time)
FITS/p2_fit60s30yrs.jld2 loaded.
Previous model params: [3.595143547291144e-6, 224.70077339485414, 3503.7688814220105, -0.08995448618984338, -0.05754701762429281, 2.594624432960603e-6, 365.25643916215625, 3624.407829682031, -0.055352914912146105, -0.04506295233150813]
Finished 3-planet fit w/ fixed period: [3.642831724117712e-6, 224.70077444904632, 3503.768823151364, -0.08201482025366615, -0.06536600035636247, 2.588962216982095e-6, 365.25645859015424, 3624.407469592706, -0.04946526779270804, -0.05047823271878224, 0.00039841845489150786, 4226.374335166728, 1450.1896381029412, -0.08662320331632145, 0.12050854902982254] in 2 iterations
New 3-planet chi-square: 37.49650416525103
Maximum: -141.34566054846618 Param: [3.6426190299840244e-6, 224.70077446087956, 3503.7688228648035, -0.08203493192717563, -0.06537166007557474, 2.588838882880252e-6, 365.25645864300003, 3624.407468797455, -0.04948188740820125, -0.05048181152068693, 0.00039808171128325316, 4225.768420691771, 1451.3636520039113, -0.08676909500008201, 0.12058344107845084]
1396.594322 seconds (331.50 M allocations: 39.026 GiB, 0.82% gc time)
FITS/p2_fit80s30yrs.jld2 loaded.
Previous model params: [3.5951477078160803e-6, 224.7007733948519, 3503.7688814220483, -0.0899542513628647, -0.057547167234643475, 2.594623446987104e-6, 365.2564391621608, 3624.407829681899, -0.055352738910474465, -0.045063060031553616]
Finished 3-planet fit w/ fixed period: [3.6428026333824678e-6, 224.7007744490559, 3503.768823151103, -0.08201787464880866, -0.06536644408634405, 2.5889482804395797e-6, 365.25645859018624, 3624.407469592047, -0.04946769382534747, -0.05047852584095601, 0.0003984110567974853, 4226.374335166728, 1450.2105538796711, -0.08662437327477522, 0.12051489051607997] in 2 iterations
New 3-planet chi-square: 21.091783591422033
Maximum: -118.9064588943951 Param: [3.642609709369257e-6, 224.70077446088771, 3503.7688228645598, -0.0820360075649705, -0.06537145633520125, 2.5888338864042884e-6, 365.2564586430494, 3624.407468796788, -0.04948273660986302, -0.05048163812821504, 0.00039807848095706785, 4225.768536755524, 1451.3693950286063, -0.08677054058436923, 0.12058570853238305]
1434.693662 seconds (332.97 M allocations: 39.198 GiB, 0.78% gc time)
FITS/p2_fit90s30yrs.jld2 loaded.
Previous model params: [3.595127708153984e-6, 224.70077339485144, 3503.7688814221647, -0.0899564653022567, -0.05754717005913675, 2.5946130774654522e-6, 365.25643916216075, 3624.407829681878, -0.05535448863394444, -0.04506305697286497]
Finished 3-planet fit w/ fixed period: [3.6428304111603005e-6, 224.70077444908364, 3503.7688231502534, -0.08201487168231661, -0.06536634525432679, 2.5889627044925153e-6, 365.25645859020693, 3624.407469591267, -0.04946531820845025, -0.050478493575321685, 0.00039841206048788825, 4226.374335166728, 1450.1976797250668, -0.08662550077782422, 0.12051190634942974] in 2 iterations
New 3-planet chi-square: 16.665112962865244
Maximum: -109.71938211727308 Param: [3.6426120747899345e-6, 224.70077446079898, 3503.768822866925, -0.08203581801343524, -0.06537116376068644, 2.588833775840723e-6, 365.2564586427226, 3624.407468802014, -0.049482585662769106, -0.05048141351570051, 0.00039808657390304967, 4225.7716336362155, 1451.362492259091, -0.08676559941586837, 0.1205835243761421]
1391.631049 seconds (331.27 M allocations: 38.998 GiB, 0.78% gc time)
FITS/p2_fit100s30yrs.jld2 loaded.
Previous model params: [3.5952105900652664e-6, 224.70077339485476, 3503.768881421548, -0.08994753701239142, -0.05754590357806065, 2.594653959273678e-6, 365.2564391621733, 3624.4078296821817, -0.055347416524966046, -0.045062083105758065]
Finished 3-planet fit w/ fixed period: [3.642785047283285e-6, 224.7007744490762, 3503.7688231503926, -0.08201973585177254, -0.06536686377979328, 2.5889398172091547e-6, 365.25645859025957, 3624.4074695905138, -0.04946916835373639, -0.050478823710996906, 0.0003984036507267813, 4226.374335166728, 1450.221775756631, -0.08662747442977348, 0.1205189983746174] in 2 iterations
New 3-planet chi-square: 13.498741501212342
Maximum: -101.50126189969396 Param: [3.642583051572719e-6, 224.70077446091975, 3503.768822863885, -0.08203874666332074, -0.06537201419568922, 2.5888212577375747e-6, 365.2564586432213, 3624.407468794233, -0.049484912897670305, -0.05048202865874134, 0.0003980737543607773, 4225.766403887608, 1451.3887504217562, -0.08677042667397677, 0.12058995668371769]
1589.396237 seconds (332.68 M allocations: 39.164 GiB, 0.73% gc time)
FITS/p2_fit110s30yrs.jld2 loaded.
Previous model params: [3.5951113788196463e-6, 224.70077339485212, 3503.768881422274, -0.08995804920119231, -0.05754760027739249, 2.594607186169854e-6, 365.256439162152, 3624.407829681868, -0.0553557426494303, -0.04506339563410372]
Finished 3-planet fit w/ fixed period: [3.6428179207955175e-6, 224.70077444905797, 3503.768823150858, -0.0820163066907236, -0.06536680431465226, 2.5889549949652712e-6, 365.2564585901892, 3624.407469591855, -0.049466441386239166, -0.05047883885037433, 0.00039841018565652686, 4226.374335166728, 1450.193735252303, -0.08662779188095124, 0.12051106292345075] in 2 iterations
New 3-planet chi-square: 11.155984713388523
Maximum: -94.0670678806996 Param: [3.642633682039613e-6, 224.70077446076598, 3503.7688228676047, -0.08203335053652469, -0.06537129018495856, 2.58884666206347e-6, 365.2564586425316, 3624.4074688045334, -0.049480625281984124, -0.050481553324052256, 0.0003980896540931738, 4225.772566059713, 1451.3477319879958, -0.08676597771248735, 0.1205797771515972]
1581.510186 seconds (334.39 M allocations: 39.364 GiB, 0.73% gc time)
FITS/p2_fit120s30yrs.jld2 loaded.
Previous model params: [3.595143547291144e-6, 224.70077339485414, 3503.7688814220105, -0.08995448618984338, -0.05754701762429281, 2.594624432960603e-6, 365.25643916215625, 3624.407829682031, -0.055352914912146105, -0.04506295233150813]
Finished 3-planet fit w/ fixed period: [3.642831724117712e-6, 224.70077444904632, 3503.768823151364, -0.08201482025366615, -0.06536600035636247, 2.588962216982095e-6, 365.25645859015424, 3624.407469592706, -0.04946526779270804, -0.05047823271878224, 0.00039841845489150786, 4226.374335166728, 1450.1896381029412, -0.08662320331632145, 0.12050854902982254] in 2 iterations
New 3-planet chi-square: 9.374126041312758
Maximum: -87.28018046479045 Param: [3.6426190299840244e-6, 224.70077446087956, 3503.7688228648035, -0.08203493192717563, -0.06537166007557474, 2.588838882880252e-6, 365.25645864300003, 3624.407468797455, -0.04948188740820125, -0.05048181152068693, 0.00039808171128325316, 4225.768420691771, 1451.3636520039113, -0.08676909500008201, 0.12058344107845084]
1390.349098 seconds (331.52 M allocations: 39.028 GiB, 0.84% gc time)
