args = ["Hppp", "grid", "fromEMB", "200"]
FITS/fromEMB/p2_fit30s30yrs.jld2 loaded.
Previous model params: [2.938008767055439e-6, 224.70077831625917, 3503.7654308067636, 0.0308092086605478, 0.011456636134362206, 3.2595609503293837e-6, 365.25643295059416, 3624.402563146472, 0.03843949377989072, 0.010409256596752825]
Finished 3-planet fit w/ fixed period: [2.5421324529266576e-6, 224.7007801508974, 3503.7653489547165, -0.0026467925032083598, 0.007074945454096142, 3.025514450633038e-6, 365.25645405778033, 3624.402172809438, 0.012048409463568176, 0.008300657914099074, 0.0007709406905224647, 4209.640726728774, 604.9715295629375, 0.016144437348679444, -0.04250542331278738] in 2 iterations
New 3-planet chi-square: 109.62309568983035
Maximum: -183.18487509703178 Param: [2.542212381541762e-6, 224.70078014625247, 3503.7653490614966, -0.0026348581610255747, 0.007069584190492371, 3.0256015835562095e-6, 365.2564540142101, 3624.402173466576, 0.012058812205771268, 0.008296886284403504, 0.0007712419920704964, 4210.124349280342, 603.992164587136, 0.016166300438965824, -0.0424915317268965]
FITS/fromEMB/p2_fit30s29yrs.jld2 loaded.
Previous model params: [2.6413124091154083e-6, 224.70077390846896, 3503.7655037894506, 0.04893502922860945, -0.022984591279111833, 3.466346593905605e-6, 365.2564432145361, 3624.4025471858604, 0.050875609577974386, -0.018204896961974644]
Finished 3-planet fit w/ fixed period: [2.287977231849654e-6, 224.70077538687497, 3503.765425597604, 0.0028247376413696426, -0.002909909847122431, 3.153220691617854e-6, 365.2564530652486, 3624.402250071985, 0.01388346880081225, -0.0015505697516808674, 0.000829138167389072, 4207.0766046716535, 691.8487673935344, 0.00518815202863217, -0.03396144412808591] in 2 iterations
New 3-planet chi-square: 96.48656722168506
Maximum: -173.63734435745778 Param: [2.2884275428400917e-6, 224.70077539175338, 3503.765425467852, 0.0028451834370882027, -0.0029224614419610423, 3.1533095063388906e-6, 365.2564531089128, 3624.402249405604, 0.013898097567494022, -0.0015621243079300203, 0.0008281254059316603, 4206.5753935710545, 692.8717010098179, 0.005056337319589807, -0.033999743530736926]
FITS/fromEMB/p2_fit30s28yrs.jld2 loaded.
Previous model params: [2.82184459599425e-6, 224.70078004574353, 3503.7654331218946, 0.04172168251485649, -0.0057583630827090435, 3.462228786603362e-6, 365.25646239025156, 3624.4023775386213, 0.04584385756798758, -0.0026467562620859264]
Finished 3-planet fit w/ fixed period: [2.360308621982038e-6, 224.7007807396736, 3503.765383961505, -0.003028666302671292, -0.0006677407843922426, 3.1516598683411683e-6, 365.2564567124478, 3624.4022783034175, 0.010588455813594445, 0.004208509311858392, 0.0014035572552437326, 4314.811589862428, 412.4487021306261, 0.07220714819908822, -0.03175817862304764] in 3 iterations
New 3-planet chi-square: 79.66782770760513
Maximum: -159.79210304658847 Param: [2.3602324857465235e-6, 224.7007807379929, 3503.765383964921, -0.0030337212244570893, -0.0006712935916638496, 3.1516249194411605e-6, 365.2564567383052, 3624.4022777607684, 0.010583049005444335, 0.004205816529405485, 0.0014031225225985915, 4314.295564442249, 413.41219070185934, 0.07220374732713726, -0.03176977898180345]
FITS/fromEMB/p2_fit30s27yrs.jld2 loaded.
Previous model params: [2.688294370929633e-6, 224.70078583306793, 3503.765324109148, 0.013522077670541617, 0.011578324157228545, 2.9926143220696575e-6, 365.2564593019894, 3624.402425840004, 0.024022915386303762, 0.01201961183354086]
Finished 3-planet fit w/ fixed period: [2.5497462744758206e-6, 224.70078770979816, 3503.765236931543, -0.005929596680942943, 0.01634939878273192, 2.877066185155732e-6, 365.25646074262175, 3624.402217797636, 0.008093212880935273, 0.017382497868099582, 0.0009615523219391596, 4205.7951293869255, 485.7920744625082, 0.04049487109550911, -0.044596483346381194] in 2 iterations
New 3-planet chi-square: 95.8579197032396
Maximum: -159.70034822315708 Param: [2.550033468121459e-6, 224.7007877090039, 3503.7652369964435, -0.005905946556198439, 0.016353832545391935, 2.87720942238968e-6, 365.2564607113986, 3624.4022184365813, 0.008111764242473672, 0.017386320215571273, 0.0009618776409464492, 4206.371000379473, 484.66684581180067, 0.040514067262952785, -0.044581986252395095]
FITS/fromEMB/p2_fit30s26yrs.jld2 loaded.
Previous model params: [3.1690627577554867e-6, 224.70077790895056, 3503.7653557316958, 0.0580810028424929, -0.012568176538262917, 3.396590776587858e-6, 365.2564542002093, 3624.4023526678725, 0.05916003079635511, -0.009909760291116175]
Finished 3-planet fit w/ fixed period: [2.4839987844942934e-6, 224.70077984704812, 3503.7652774858607, 0.007338431305515107, -0.011042793524993587, 3.0777358101713373e-6, 365.2564630687473, 3624.4020770414595, 0.018508484338695185, -0.007988099981223854, 0.0007687110618447072, 4227.633392259851, 4864.552690013286, 0.01579751554805128, -0.05875971155769316] in 2 iterations
New 3-planet chi-square: 115.59307254078539
Maximum: -161.50258496304528 Param: [2.4839336615563673e-6, 224.70077984690678, 3503.7652774739636, 0.0073332713238707875, -0.011042065455629876, 3.0776945927182484e-6, 365.25646307452115, 3624.4020768959444, 0.018503980749647462, -0.007987551736392163, 0.0007686146205384906, 4227.429749497522, 4864.710290889721, 0.01578982525733293, -0.0587680434248631]
FITS/fromEMB/p2_fit30s25yrs.jld2 loaded.
Previous model params: [2.8318635645743103e-6, 224.70077099446164, 3503.7656781546157, 0.03947078490181662, -0.003442159952274755, 3.276441381713364e-6, 365.2564577515385, 3624.402388281746, 0.04448102687644573, -0.002219436430924556]
Finished 3-planet fit w/ fixed period: [2.5264207161373466e-6, 224.7007735026347, 3503.765593762574, 0.006907662332253613, 0.005882716202645442, 3.0791634508415894e-6, 365.25646421049265, 3624.4021858844653, 0.018227412040686203, 0.0065053638279477, 0.0008676360621422081, 4252.770737603518, 4658.724022293983, 0.03341576544440839, -0.055658927915540855] in 2 iterations
New 3-planet chi-square: 89.41044939522858
Maximum: -146.0302206663509 Param: [2.526438982844136e-6, 224.70077350176712, 3503.765593791869, 0.006912949224257376, 0.005883329683090615, 3.079204218734319e-6, 365.25646419908344, 3624.4021860746916, 0.01823166986797013, 0.006505527185168527, 0.0008676884932470097, 4252.925724667179, 4658.6201410536905, 0.033413107594474765, -0.05564885270324585]
FITS/fromEMB/p2_fit30s24yrs.jld2 loaded.
Previous model params: [2.8618995241526604e-6, 224.70077786908573, 3503.7655475686215, 0.04911627362906287, -0.018641254195944056, 3.244360464995785e-6, 365.2564583365444, 3624.4022346519073, 0.05155475802779557, -0.014603960123148097]
Finished 3-planet fit w/ fixed period: [2.260965967236043e-6, 224.70078361646463, 3503.765415199115, -0.005460751685410895, -0.006190238716304628, 2.9010392845467776e-6, 365.2564818481344, 3624.4018080869228, 0.007939412671494022, -0.0023245918659783107, 0.0010346091120817778, 4189.840646586218, 647.1736802984085, 0.04392760258040501, -0.05112262183091279] in 2 iterations
New 3-planet chi-square: 80.83163185927853
Maximum: -138.3596037282163 Param: [2.2609654378642035e-6, 224.70078361711523, 3503.765415200286, -0.005450636227606201, -0.006188333475999734, 2.9011159089262345e-6, 365.2564818359346, 3624.4018083301858, 0.007947725451953916, -0.002323409103674813, 0.0010347457463936946, 4190.1433329919655, 646.6620143375062, 0.043929553642494436, -0.05110977709426375]
FITS/fromEMB/p2_fit30s23yrs.jld2 loaded.
Previous model params: [2.5750408496406264e-6, 224.70076556293336, 3503.7657666699283, 0.044488262107597605, 0.006013455529264875, 3.3484691974005222e-6, 365.2564373151612, 3624.4024463215683, 0.04877337526846562, 0.00656140373244914]
Finished 3-planet fit w/ fixed period: [2.162047145431245e-6, 224.70077168990318, 3503.765652943529, 0.0004115083033508439, -0.011332899470851785, 3.023720031239735e-6, 365.2564631948313, 3624.4020406923346, 0.013425831062587733, -0.004951188013483572, 0.0009436204849705875, 4140.74189959525, 746.6218813107095, 0.05223048024809376, -0.03848300919693398] in 2 iterations
New 3-planet chi-square: 88.29370766680549
Maximum: -134.4200653265748 Param: [2.1620697242608297e-6, 224.70077168982098, 3503.7656529513933, 0.0004135589682743476, -0.011332784368507057, 3.02373402857934e-6, 365.256463192853, 3624.4020407731196, 0.01342743003752601, -0.004951137401796092, 0.0009437111945661088, 4140.8959510482155, 746.3632457666301, 0.05223127395211083, -0.03847638039751427]
FITS/fromEMB/p2_fit30s22yrs.jld2 loaded.
Previous model params: [2.7255333390795164e-6, 224.70077781944897, 3503.76544521532, 0.06851740104941441, -0.009529225264497095, 3.3390331222220923e-6, 365.25641770088544, 3624.4026516098666, 0.0640794576033837, -0.005245247198065359]
Finished 3-planet fit w/ fixed period: [2.2738666663373266e-6, 224.70078933394387, 3503.765253585811, 0.007826522210052691, -0.004235831028944088, 2.9885611262815024e-6, 365.2564756761378, 3624.4020508474246, 0.01686173101374351, -8.447596811422231e-6, 0.0009435036089062859, 4260.149263338783, 4811.687503895654, 0.03754426950433118, -0.03872918508917958] in 2 iterations
New 3-planet chi-square: 59.97463317587183
Maximum: -116.6767682340593 Param: [2.273893440395764e-6, 224.70078933790867, 3503.7652534771382, 0.007828188734896263, -0.004216106352598337, 2.9885466956876145e-6, 365.25647567161207, 3624.402050524788, 0.01686135660950878, 8.365968307510312e-6, 0.0009430493207560957, 4259.422077832916, 4811.938685319363, 0.03756461512650961, -0.03877834584261014]
FITS/fromEMB/p2_fit10s30yrs.jld2 loaded.
Previous model params: [2.7883917528267825e-6, 224.7007748429161, 3503.765510857575, 0.03560187178144848, 0.0027047074822778685, 3.2896911192696933e-6, 365.2564354697398, 3624.402627853665, 0.04102721000083766, 0.0027652831081649972]
Finished 3-planet fit w/ fixed period: [2.374129396148031e-6, 224.70077558365247, 3503.765455247347, 0.0039893168254653165, -0.004350778474540148, 3.063902261029476e-6, 365.2564527458781, 3624.4022974788054, 0.016376930080817188, -0.001033725982100686, 0.0009397626501933241, 4253.470685559791, 569.4585692671711, 0.03174309095852763, -0.03419996750067221] in 2 iterations
New 3-planet chi-square: 480.5122568963797
Maximum: -240.81925673185808 Param: [2.374129396148031e-6, 224.70077558365247, 3503.765455247347, 0.0039893168254653165, -0.004350778474540148, 3.063902261029476e-6, 365.2564527458781, 3624.4022974788054, 0.016376930080817188, -0.001033725982100686, 0.0009397626501933241, 4253.470685559791, 569.4585692671711, 0.03174309095852763, -0.03419996750067221]
FITS/fromEMB/p2_fit10s29yrs.jld2 loaded.
Previous model params: [2.8814141753540872e-6, 224.700775962434, 3503.765478396902, 0.05269940144907018, 0.006990680307432622, 3.363296874457013e-6, 365.2564465563128, 3624.402485882122, 0.05535133595035095, 0.006406171842315004]
Finished 3-planet fit w/ fixed period: [2.48357080047937e-6, 224.70077642628, 3503.7654261821967, 0.005284019339735567, -0.0022612021327825787, 3.038858824901114e-6, 365.25645234861975, 3624.4022528540254, 0.017405921091643344, 0.00034102241044960244, 0.0008422302492754382, 4236.658543318895, 4836.510017536668, 0.019854999307242792, -0.03703848241268175] in 2 iterations
New 3-planet chi-square: 532.7630338689834
Maximum: -238.56691596582192 Param: [2.48357080047937e-6, 224.70077642628, 3503.7654261821967, 0.005284019339735567, -0.0022612021327825787, 3.038858824901114e-6, 365.25645234861975, 3624.4022528540254, 0.017405921091643344, 0.00034102241044960244, 0.0008422302492754382, 4236.658543318895, 4836.510017536668, 0.019854999307242792, -0.03703848241268175]
FITS/fromEMB/p2_fit10s28yrs.jld2 loaded.
Previous model params: [2.910698901416621e-6, 224.70077492205462, 3503.7655365675846, 0.050933697939703745, -0.005375799012961869, 3.4039883893797774e-6, 365.2564550266281, 3624.4024049087775, 0.054251717066648, -0.0029767862665319184]
Finished 3-planet fit w/ fixed period: [2.3640239826288234e-6, 224.7007748439741, 3503.765495800562, -0.0015059728692993193, -0.0036109285418481404, 3.056765015288917e-6, 365.2564525456864, 3624.4022573676752, 0.012756706885962001, 0.00016458012755216834, 0.001016685072896478, 4250.879866363536, 565.0661785492537, 0.04088972197193828, -0.033410521015151975] in 2 iterations
New 3-planet chi-square: 439.4185536710033
Maximum: -222.11901201865436 Param: [2.364100711736245e-6, 224.7007748437473, 3503.76549581428, -0.0015005237572869013, -0.0036100666549481585, 3.056795341611905e-6, 365.2564525349671, 3624.4022575634444, 0.012761411436109574, 0.00016531348107454562, 0.001016719127956871, 4251.052382992276, 564.7302973950485, 0.04088730140042088, -0.033409253885911296]
FITS/fromEMB/p2_fit10s27yrs.jld2 loaded.
Previous model params: [2.952295210432128e-6, 224.7007792057809, 3503.7654550116727, 0.06062535739730436, 0.0007395862444467607, 3.421077509786765e-6, 365.25645807705376, 3624.402356162369, 0.06145659349020733, 0.001787308739124906]
Finished 3-planet fit w/ fixed period: [2.400225607389076e-6, 224.70077999068826, 3503.765409404534, 0.009676676809130586, -0.0028339148214262043, 3.0941749508617873e-6, 365.256455209324, 3624.402251409374, 0.02106097206194195, 0.0004562467587781201, 0.0008954758945010204, 4292.5229992956365, 496.71138725185637, 0.033505431275753644, -0.032330858015356415] in 2 iterations
New 3-planet chi-square: 432.06334616442103
Maximum: -212.4000274246958 Param: [2.40001550695648e-6, 224.70077999162055, 3503.7654093542637, 0.009659610779839093, -0.0028386874280442558, 3.09407333504067e-6, 365.25645522571585, 3624.4022510242166, 0.02104714894337887, 0.0004529240312662433, 0.000895363332923319, 4292.1178561262595, 497.5350671099043, 0.03349921701889758, -0.03232766836991603]
FITS/fromEMB/p2_fit10s26yrs.jld2 loaded.
Previous model params: [2.873867387005896e-6, 224.70077772830038, 3503.7654608896114, 0.04944869529174401, -0.004475949916190623, 3.368784296915042e-6, 365.25645444590583, 3624.4024188631397, 0.05268296710550105, -0.002745420047596135]
Finished 3-planet fit w/ fixed period: [2.3308227873852026e-6, 224.7007792669293, 3503.765395494127, 0.006665017872700798, -0.0052854059872314355, 3.0970440534876273e-6, 365.25645998632365, 3624.4022019202234, 0.018454233793152062, -0.0020011751418414266, 0.0009276559914547557, 4252.175078640766, 553.2836080593241, 0.034380527102083114, -0.042336730199373736] in 2 iterations
New 3-planet chi-square: 392.27961500921236
Maximum: -203.04714622958002 Param: [2.3304013644139455e-6, 224.70077926782608, 3503.7653954399616, 0.0066407009156991765, -0.005289833472164088, 3.096886450769288e-6, 365.2564600145132, 3624.4022013428016, 0.018434475340094555, -0.0020042212831969594, 0.0009276320641620065, 4251.605991244181, 554.4158526799515, 0.03439232838298893, -0.042333214099873326]
FITS/fromEMB/p2_fit10s25yrs.jld2 loaded.
Previous model params: [2.8091551509081276e-6, 224.70077567189549, 3503.7654978921105, 0.04616654893750893, -0.006262203879734748, 3.3641919164019652e-6, 365.25645658619493, 3624.4024061302957, 0.050976334758467336, -0.003979050129044901]
Finished 3-planet fit w/ fixed period: [2.329301072731751e-6, 224.70077883317097, 3503.7654041987507, 0.0009970009792598213, -0.003548504250007554, 3.0865892117653165e-6, 365.2564687237941, 3624.402118535022, 0.015099080489782942, -0.00018561661663916995, 0.0009416118256534585, 4236.582933717325, 4768.908801820668, 0.04045074399668423, -0.05178929378115741] in 2 iterations
New 3-planet chi-square: 380.73404814333406
Maximum: -193.11828558804208 Param: [2.329498618498453e-6, 224.70077883254427, 3503.7654042477334, 0.0010223016948065194, -0.0035398549368142193, 3.0867740270886193e-6, 365.25646868075427, 3624.402119273378, 0.015119441278725743, -0.00018023690638592076, 0.0009417338727281136, 4237.267121930667, 4768.362879373145, 0.04043879438313348, -0.05176883951148306]
FITS/fromEMB/p2_fit10s24yrs.jld2 loaded.
Previous model params: [3.1351866179488744e-6, 224.70077508299164, 3503.7655490204334, 0.05663785449121021, -0.010775893099412702, 3.400636025891446e-6, 365.25644752068087, 3624.402506763246, 0.05898144382396592, -0.008401252550273129]
Finished 3-planet fit w/ fixed period: [2.4363118973992966e-6, 224.7007797330503, 3503.7654371298854, -0.00036924079627969806, -0.005047361968733373, 3.0342322952856043e-6, 365.25646506759074, 3624.402163540209, 0.013564969052353342, -0.0018779610509560688, 0.0009353716656812354, 4211.686532714724, 4815.0804291746435, 0.0343123819622956, -0.04679087370854629] in 2 iterations
New 3-planet chi-square: 362.06643148435626
Maximum: -185.59257278238044 Param: [2.4362681334878217e-6, 224.70077973328986, 3503.765437111147, -0.00037703742197920054, -0.005048643825095884, 3.034177325598838e-6, 365.256465081238, 3624.4021632907175, 0.013558764687252796, -0.001878607725984101, 0.0009353225375873587, 4211.436636064411, 4815.270033659831, 0.0343181177549754, -0.046799405988046015]
FITS/fromEMB/p2_fit10s23yrs.jld2 loaded.
Previous model params: [2.776639150320867e-6, 224.70077499125952, 3503.765532965932, 0.050944111092574046, 0.006878270236723353, 3.4359887094421307e-6, 365.2564361926096, 3624.4025731449956, 0.05446872367351816, 0.005751099275789235]
Finished 3-planet fit w/ fixed period: [2.3925288811411674e-6, 224.7007831873775, 3503.7653828451353, 0.007694456213138126, -0.00457260159530443, 3.094324821467109e-6, 365.256464555447, 3624.4021625170762, 0.019483346623778368, -0.0016206821234900132, 0.0008335398306835949, 4210.226603154832, 585.6444005425877, 0.03230314167529089, -0.05062883994805117] in 2 iterations
New 3-planet chi-square: 360.5654692439493
Maximum: -176.6302064104746 Param: [2.3924755778211847e-6, 224.70078318751646, 3503.765382826904, 0.0076903833141901716, -0.004570458777187827, 3.0942950106322708e-6, 365.2564645587475, 3624.402162383212, 0.019480128383973245, -0.0016185836653812033, 0.0008334657712657418, 4210.01169842251, 585.9736736155265, 0.03231007165756553, -0.05064148587903439]
FITS/fromEMB/p2_fit10s22yrs.jld2 loaded.
Previous model params: [2.603381794661723e-6, 224.70077723115972, 3503.765487489317, 0.051907564212922426, -0.016540190598910504, 3.359632277763436e-6, 365.25640814105236, 3624.4027417172247, 0.052603897584009726, -0.011083710021034202]
Finished 3-planet fit w/ fixed period: [2.4486361935025146e-6, 224.70079123288184, 3503.7652545265514, 0.01756277208455446, -0.005224481926003401, 3.1684226203203774e-6, 365.2564638875816, 3624.4021363308657, 0.025648172003318277, -0.0017421970979347133, 0.0006291018759375459, 4207.308262059738, 4777.58068483373, -0.006675426281800238, -0.06933059313558831] in 2 iterations
New 3-planet chi-square: 281.52403889030785
Maximum: -160.7462084296383 Param: [2.448522671365184e-6, 224.70079123330487, 3503.7652544982843, 0.017555696610278285, -0.005223860359972673, 3.1683771389230824e-6, 365.25646388730763, 3624.4021361895907, 0.025642167772028487, -0.0017410603068431568, 0.0006290196638398826, 4207.0243805765085, 4777.734134122026, -0.006665515320130094, -0.06935372888279857]
