args = ["Hppmp", "grid", "fromEV", "200"]
FITS/p3_fit30s30yrs.jld2 loaded.
Previous model params: [3.905336249300831e-6, 224.70078008615485, 3503.76941650724, -0.06714996108085178, -0.057434300668671154, 2.6455981944060754e-6, 365.25646165036244, 3624.408517623328, -0.03676999245911673, -0.04371391776092728, 0.0003497848667290116, 4187.17033878291, 1498.4131178476077, -0.11338810916799213, 0.12689120442435606]
Finished lunar search: [2.3845800871252955e-6, 224.70077994581087, 3503.7694187303005, -0.0007782053706244825, 0.002175268519745617, 3.0322042233383377e-6, 365.2564518588866, 3624.408666621466, 0.013218433017900304, 0.004283589014739973, 0.000786851486205484, 4227.199425290712, 619.095632444836, 0.013973710783281664, -0.03443326330092755, -1.585510037117485e-5, -0.0018230754359730272, 2.312713567839196] in 2 iterations
Lunar chi-square: 108.28097235177941
Maximum: -182.70444834258157 Param: [2.3845755359626715e-6, 224.70077994581385, 3503.7694187303673, -0.000778230947585972, 0.002175102363953925, 3.032203957237928e-6, 365.2564518589997, 3624.4086666196654, 0.013218411304174952, 0.004283460033038691, 0.0007868542998216331, 4227.198085424614, 619.1014402502351, 0.013974159953145262, -0.03443278620804091, -1.5854986079297556e-5, -0.0018230773125602242, 2.3129265716838376]
FITS/p3_fit30s29yrs.jld2 loaded.
Previous model params: [3.7578477639438107e-6, 224.7007747840834, 3503.7694926763284, -0.06454822273865833, -0.07885321418353933, 2.778114846133375e-6, 365.25645952141565, 3624.40859413257, -0.03703862941695354, -0.06209348882753665, 0.0002984235170856501, 4186.315954928421, 1485.220458067505, -0.20766001976669105, 0.15387011589010008]
Finished lunar search: [2.5701970896084914e-6, 224.7007759157021, 3503.769473247611, -0.0011559067603314872, 0.005722088098289447, 3.1253198194735117e-6, 365.25645527786446, 3624.408675063126, 0.01079457204774303, 0.0052757642858985605, 0.000856354088954788, 4197.9423563420505, 612.832030162958, 0.013630657836504884, -0.04373350681050199, 0.0003059894640608367, -0.0016246916832298947, 2.3103015075376883] in 2 iterations
Lunar chi-square: 88.7394378282854
Maximum: -170.456767613733 Param: [2.5702004578055476e-6, 224.70077591572738, 3503.769473247061, -0.00115605681051738, 0.005721916399310179, 3.1253188812541973e-6, 365.2564552781322, 3624.408675059044, 0.010794473498042233, 0.005275622502591003, 0.0008563555032938291, 4197.939242037749, 612.841598095154, 0.013630883085501946, -0.04373304323634257, 0.00030598890580108484, -0.0016246886358255285, 2.310549719015548]
FITS/p3_fit30s28yrs.jld2 loaded.
Previous model params: [3.432711627598461e-6, 224.7007790857817, 3503.7694771798224, -0.10727968646409577, -0.06965495814792635, 2.6141261006380906e-6, 365.25646154370105, 3624.4086389286094, -0.07000980561505703, -0.05304127893741049, 0.0004064057359257321, 4275.556500036226, 1481.2226829626804, -0.08195897111862151, 0.12275611667893799]
Finished lunar search: [2.481515216758463e-6, 224.70078066007792, 3503.7694452819655, -0.003924464098640638, 0.0002297515512136135, 3.143327956484611e-6, 365.25645444330524, 3624.4087568756227, 0.009663330786686594, 0.004753573854996102, 0.0014219250535219016, 4309.048991592431, 398.4807565748198, 0.07284647188048032, -0.03218614678759792, 7.451627235044015e-5, -0.0016696101963366954, 2.3103015075376883] in 2 iterations
Lunar chi-square: 78.58975355932864
Maximum: -159.2948085120301 Param: [2.4815102590592367e-6, 224.70078066008512, 3503.769445281867, -0.003924520139121821, 0.00022973278434872916, 3.1433280481514153e-6, 365.2564544433869, 3624.4087568740947, 0.009663297965031322, 0.004753558350883636, 0.0014219270077207, 4309.046890239037, 398.48710256508946, 0.07284658530248608, -0.032185900421657594, 7.451604096890236e-5, -0.0016696116116369677, 2.31001891006633]
FITS/p3_fit30s27yrs.jld2 loaded.
Previous model params: [3.210935539875672e-6, 224.70078461539882, 3503.7693616774995, -0.1457569932821863, -0.056605698670192016, 2.2330307951576308e-6, 365.2564662844082, 3624.4086036348112, -0.0999725782914366, -0.04122088750279586, 0.0003231031555754596, 4228.417462389353, 1804.3343922704382, -0.07374807510226358, 0.23576672932969842]
Finished lunar search: [2.2964270074026845e-6, 224.7007873196396, 3503.7693075570987, -0.004464064005989767, 0.012229659782547713, 2.8789196570680224e-6, 365.256459764054, 3624.4086708140353, 0.008687008878767664, 0.014224698620911955, 0.0009673860848788534, 4192.075976702216, 552.3233317257494, 0.03699977431115932, -0.039314700598645065, 0.00029647886161534486, -0.001823015317885196, 2.324170854271357] in 2 iterations
Lunar chi-square: 97.18809953266229
Maximum: -160.18268949127716 Param: [2.296416966346199e-6, 224.7007873196245, 3503.7693075577918, -0.004463908801351321, 0.01222908131239135, 2.878920789388698e-6, 365.25645976410493, 3624.4086708131003, 0.008687148192801565, 0.014224264465680063, 0.000967391351887977, 4192.075341064203, 552.3311962795683, 0.03700001261792463, -0.039313780664420366, 0.0002964780730902563, -0.0018230198391161968, 2.323930368153377]
FITS/p3_fit30s26yrs.jld2 loaded.
Previous model params: [4.6199953317231255e-6, 224.70077858660463, 3503.769355960781, -0.009623167534394846, -0.05243819380592213, 2.9698537490595206e-6, 365.25645501252063, 3624.408578693107, 0.007301160219458445, -0.04128313361520518, 0.000420061583520664, 4234.9725838244685, 826.261861492639, -0.1128752559432501, -0.04591764343722178]
Finished lunar search: [3.1359298480155924e-6, 224.70078019918523, 3503.769323734516, 0.005700092283329725, 0.0009882831709197943, 3.066680375468653e-6, 365.2564592944482, 3624.4085636769946, 0.01758622024672854, 0.0014413697344957757, 0.0007080146334730094, 4214.351627751066, 507.4829030086773, 0.015506147203937013, -0.08043889550486065, 0.00013942685080432484, -0.0014458135691651113, 2.2988442211055276] in 3 iterations
Lunar chi-square: 107.288948512343
Maximum: -158.96787203795282 Param: [3.135957954307763e-6, 224.70078019924887, 3503.7693237343738, 0.005699910958928454, 0.0009890386028586387, 3.0666785836208876e-6, 365.25645929374855, 3624.4085636921654, 0.017586080974499256, 0.001441968357570164, 0.0007080267197186297, 4214.367963437369, 507.43265334317016, 0.015509493057179163, -0.08044071665715082, 0.00013941927635543441, -0.0014458036488484741, 2.2989202763413554]
FITS/p3_fit30s25yrs.jld2 loaded.
Previous model params: [3.68615341295284e-6, 224.70077027821918, 3503.7697247943993, -0.09736507895691301, -0.06104318753719883, 2.5088203196369765e-6, 365.2564620855484, 3624.408623881909, -0.061764171585081164, -0.04722704101906908, 0.00042511437611511094, 4255.720613115018, 1443.7809506244043, -0.06834199922109059, 0.13401002464323272]
Finished lunar search: [2.107563279249055e-6, 224.70077279145306, 3503.7696674753297, 0.007884767611283601, 0.005138970415323525, 3.0685804118992237e-6, 365.2564632830335, 3624.4086423092967, 0.01797855483357729, 0.006045393714691534, 0.0008555531957417517, 4236.576029170877, 449.17345914681766, 0.029613569031704846, -0.052818070972453605, 0.00033598334579296657, -0.0020149795523160775, 2.3203015075376885] in 2 iterations
Lunar chi-square: 87.7421805361191
Maximum: -145.4180892994662 Param: [2.1075882591968655e-6, 224.70077279151556, 3503.769667473631, 0.007884209650955175, 0.00513916417041058, 3.068577380189019e-6, 365.25646328317407, 3624.408642305723, 0.01797818499169188, 0.006045558603483767, 0.0008555580402491267, 4236.570993319048, 449.1782566633691, 0.029614579829602323, -0.052818306972306356, 0.0003359615396916184, -0.002014970105559441, 2.3207166437597753]
FITS/p3_fit30s24yrs.jld2 loaded.
Previous model params: [3.7578367874376767e-6, 224.70078375943152, 3503.769457922959, -0.07526383974065966, -0.06392437450632682, 2.529073943177037e-6, 365.25649273936267, 3624.4080896423857, -0.04594913399238674, -0.04855524655300531, 0.00022745720219347166, 4079.600429775739, 1375.7792762477072, -0.37189081759626774, 0.04302661443201658]
Finished lunar search: [1.9209129716063064e-6, 224.70078289847044, 3503.7694898160257, -0.0059905526066712554, -0.006395805098476038, 2.8899327440807123e-6, 365.2564773933248, 3624.4083086841256, 0.006975084870509486, -0.0024700030132781313, 0.0010891493880636322, 4180.584057808186, 677.889735588738, 0.04634776678892952, -0.04495488074801781, 0.00013512268100973905, -0.0020151397304399503, 2.3121608040201007] in 2 iterations
Lunar chi-square: 83.98623850067256
Maximum: -139.5655681785497 Param: [1.920904904999486e-6, 224.70078289844966, 3503.7694898162354, -0.0059905469550920075, -0.006396229122670214, 2.889933464263324e-6, 365.2564773934618, 3624.408308680953, 0.006975088777162964, -0.0024703786343771624, 0.0010891416599460102, 4180.579383096196, 677.9046999137187, 0.04634692396715555, -0.04495462311849933, 0.00013512513279511577, -0.0020151420567512952, 2.3120293662257723]
FITS/p3_fit30s23yrs.jld2 loaded.
Previous model params: [3.2391564161445196e-6, 224.70077178424657, 3503.769701084801, -0.11875781329412742, -0.05833377701810645, 2.414717257667822e-6, 365.2564708736985, 3624.408369825058, -0.07955608280964577, -0.04290466678327502, 0.0002925500615939214, 4082.361264873621, 1749.1198775116354, -0.14839465759082954, 0.15785847278711176]
Finished lunar search: [1.9463234778550377e-6, 224.7007712393636, 3503.769723334615, -0.0008411775458549382, -0.013053703433102548, 3.006716545900241e-6, 365.25646166253995, 3624.408510214318, 0.011901659375372036, -0.00617537359777737, 0.0009654949227289648, 4132.335773336586, 778.8603573764121, 0.05074747110339466, -0.03465085496629778, 0.00018691590857749632, -0.0018685068495574338, 2.3166834170854274] in 2 iterations
Lunar chi-square: 88.91685258444875
Maximum: -134.63105077299608 Param: [1.9463443846310666e-6, 224.70077123938952, 3503.7697233338454, -0.000841205612650064, -0.013053984409994593, 3.006715856297358e-6, 365.2564616627316, 3624.4085102104227, 0.011901664313774896, -0.006175631375333014, 0.0009654845778368149, 4132.330813421493, 778.8708937059637, 0.0507466546444604, -0.034651253530399134, 0.00018691704076027814, -0.0018684929880529043, 2.3170892753332226]
FITS/p3_fit30s22yrs.jld2 loaded.
Previous model params: [3.510652455430608e-6, 224.7007904627537, 3503.769324776179, -0.08374191637240674, -0.04774241708901854, 2.5561083467550193e-6, 365.25648484201355, 3624.4083977388477, -0.05416208416204736, -0.034999609206053495, 0.0005524295499857396, 4277.909998285215, 1453.9998441888051, -0.022610137593188067, 0.1100235635390237]
Finished lunar search: [2.301199931496908e-6, 224.70078943247356, 3503.769314508488, 0.00619849460218095, -0.006540152490539432, 2.9800489973051407e-6, 365.2564769957916, 3624.4084966518767, 0.015459040767487374, -0.0019008112228225467, 0.0009495295962836193, 4256.922800761575, 570.3121510622186, 0.03355177500327147, -0.03670565143346445, 0.00014175112219176215, -0.00165442455418358, 2.318492462311558] in 2 iterations
Lunar chi-square: 58.62086218937128
Maximum: -116.02608333359267 Param: [2.3011938650055313e-6, 224.70078943242845, 3503.769314508736, 0.006198128387227421, -0.006539712650142482, 2.9800463807590224e-6, 365.2564769959169, 3624.40849664956, 0.015458762277928959, -0.0019004320354234735, 0.000949541348250285, 4256.920647688997, 570.3142570513428, 0.03355333462305204, -0.036705341536669524, 0.00014175488481701264, -0.0016544262669879982, 2.318470390299106]
FITS/p3_fit30s21yrs.jld2 loaded.
Previous model params: [3.4530135874824726e-6, 224.70078905602074, 3503.7693351156304, -0.12439273025309379, -0.04103563193245377, 2.379717013380555e-6, 365.25644736399266, 3624.4088405327425, -0.0845968748464975, -0.031142473767463954, 0.00041665222226534057, 4232.97903422652, 1674.1383152282465, -0.03780850645364721, 0.15671407894955094]
Finished lunar search: [1.9323535187100424e-6, 224.70079068149602, 3503.769319858503, -0.09930767145854734, -0.012820325068447982, 2.4524952475341937e-6, 365.2564438210753, 3624.408874250987, -0.07045451094475579, -0.008520712979130578, 0.0006032241126422303, 4186.458015279549, 1806.1453276683849, 0.031871396105084965, 0.12301233650797205, -3.825700210972117e-6, -0.0017033265857456714, 2.3094472361809046] in 2 iterations
Lunar chi-square: 118.6197542697912
Maximum: -131.33788345792357 Param: [1.9322923115787944e-6, 224.70079068176395, 3503.769319853986, -0.0993091892716177, -0.012816172499721612, 2.4524896226951698e-6, 365.25644382092133, 3624.4088742507734, -0.07045588510882984, -0.008517341221695503, 0.000603223608977497, 4186.454918101605, 1806.1739180992747, 0.03187516914075137, 0.12301541833485266, -3.7846929091388913e-6, -0.0017033713376424827, 2.3095668259601676]
FITS/p3_fit30s20yrs.jld2 loaded.
Previous model params: [3.4335682829059305e-6, 224.70079474627596, 3503.769209551482, -0.0987643809729452, -0.034443583531485446, 2.5155403910234043e-6, 365.2564523282371, 3624.4086728338048, -0.0640636493853837, -0.0245925866297082, 0.0006397605127408694, 4285.24297224944, 1495.8043257142585, -0.022596450087553364, 0.10725619651402074]
Finished lunar search: [2.5662580274737042e-6, 224.70079390232698, 3503.769226400505, -0.0881328980825209, -0.02989866758496755, 2.5514117879932134e-6, 365.2564481382657, 3624.4087385024563, -0.0584494974615645, -0.020970737857479282, 0.0007368092149811795, 4266.541932654109, 1525.1159853247752, 0.001740710957757919, 0.09598541179002222, -0.0005178014159804056, -0.0009099299700048452, 2.2651256281407037] in 2 iterations
Lunar chi-square: 73.40495849166062
Maximum: -111.69577868074788 Param: [2.5662990676326515e-6, 224.70079390191236, 3503.769226407129, -0.08813169048555236, -0.02990107339300427, 2.5514191741923846e-6, 365.2564481372055, 3624.408738515546, -0.058448387594948185, -0.020972771191031272, 0.0007368033710987329, 4266.556693997071, 1525.0774468115442, 0.0017366155186775843, 0.09598353718796851, -0.000517834726893772, -0.0009098833639673074, 2.2653735846827754]
FITS/p3_fit30s19yrs.jld2 loaded.
Previous model params: [3.393342079493356e-6, 224.7007805284273, 3503.7694825077206, -0.10380797617617847, -0.05039491929289509, 2.5188646765927603e-6, 365.2564052566413, 3624.409125622488, -0.06695553631046992, -0.03804048478405253, 0.0006603267280795294, 4590.56092724732, 1120.4751380880996, -0.00046074238100698636, 0.11517554501357802]
Finished lunar search: [2.5841075517841805e-6, 224.70078198532835, 3503.7694694646184, -0.093420884892978, -0.027523759229312546, 2.5689642447167984e-6, 365.2563957739763, 3624.409182159338, -0.06064775772359281, -0.018902332447483627, 0.0008535752579201102, 4547.988347125553, 1231.9292091319173, 0.03231338798901317, 0.10027079924058191, -0.00017820299896483156, -0.0010560518875034565, 2.261507537688442] in 2 iterations
Lunar chi-square: 61.717458777311144
Maximum: -101.00288790438414 Param: [2.584112190873666e-6, 224.70078198509432, 3503.76946946846, -0.09342072071268817, -0.02752330619131126, 2.5689650494917006e-6, 365.2563957731273, 3624.4091821676366, -0.06064761409299233, -0.018901993176134453, 0.0008535830242953474, 4547.995519734066, 1231.9206442678774, 0.03231415451825384, 0.10027030540745574, -0.0001781994830780721, -0.0010560507007532202, 2.2619573505025476]
FITS/p3_fit30s18yrs.jld2 loaded.
Previous model params: [3.1333550055783203e-6, 224.7007773601934, 3503.7695532646144, -0.15273287213518857, -0.027080889380894323, 2.375113126950195e-6, 365.25639045699205, 3624.4091877536735, -0.10429769128680026, -0.022043033036386415, 0.000526502071584527, 4644.968585683255, 1254.0271227125236, -0.04222235500709673, 0.18265402274017162]
Finished lunar search: [1.5909781303983079e-6, 224.70077959076465, 3503.769522374652, -0.14075218005810705, -0.021319135217949186, 2.4210651893091296e-6, 365.2564006428684, 3624.409127024944, -0.09891778675278998, -0.017821274434748485, 0.0005308641046242602, 4584.981957839449, 1393.4353198132903, -0.028027999850744105, 0.18289610116214733, -0.00024287488772208488, -0.0015977964590394144, 2.298592964824121] in 2 iterations
Lunar chi-square: 93.83505932932246
Maximum: -106.72615599587323 Param: [1.5909587646889171e-6, 224.70077959111384, 3503.7695223688224, -0.14075268382698253, -0.021319132020404814, 2.4210639937604435e-6, 365.2564006446272, 3624.409127008465, -0.09891822890403566, -0.01782127321406104, 0.0005308586150374062, 4584.969665526963, 1393.4542839135713, -0.028028346001327236, 0.18289738504819034, -0.00024287095343436863, -0.00159781227077672, 2.298207581189434]
FITS/p3_fit30s17yrs.jld2 loaded.
Previous model params: [5.602128668126583e-6, 224.70078606714657, 3503.769484862412, 0.03195301575968463, -0.008432641926779673, 3.3126096077028905e-6, 365.2563907151478, 3624.4090715992565, 0.04259946775581282, -0.0056232500006749096, 0.0007126063252949193, 4524.5810350977945, 4590.653229048553, -0.03354864350345828, -0.08547574583389327]
Finished lunar search: [3.7258370214148445e-6, 224.70078945002174, 3503.769423315034, 0.07436643273132304, 0.017016733139769945, 3.600358826569764e-6, 365.25643535752073, 3624.4087027019336, 0.07267357996991529, 0.014464075169599272, 0.0003543322033850443, 4258.029851846951, 4590.2659384919325, -0.1187892479720843, -0.16790673103755782, 0.00010498034350062744, -0.0015932097752761856, 2.3005025125628142] in 2 iterations
Lunar chi-square: 28.44601361623109
Maximum: -73.65617669998211 Param: [3.7258445830936446e-6, 224.7007894499797, 3503.769423316039, 0.07436752143289055, 0.017016580074334577, 3.6003673105341645e-6, 365.2564353567294, 3624.4087027096757, 0.07267444459388135, 0.01446394804089097, 0.0003543306468119158, 4258.034995091387, 4590.2620631622585, -0.11879076435145529, -0.16790766138023402, 0.00010497826796475287, -0.0015932148682389008, 2.3006919839447253]
FITS/p3_fit30s16yrs.jld2 loaded.
Previous model params: [3.908212080587636e-6, 224.7007918252204, 3503.7695674560327, -0.07194923707605569, -0.03724188473457655, 2.6990290104034514e-6, 365.25640940886524, 3624.4091997457795, -0.04083189453242028, -0.029898447329008763, 0.0013363753433088346, 4866.646535431413, 556.7449053181888, 0.031147165467334974, 0.037441260921097765]
Finished lunar search: [2.0664301683540716e-6, 224.70080097454283, 3503.7693506422356, -0.007472979668583899, -0.023647312540850566, 3.109000552288138e-6, 365.2564293322803, 3624.408891767923, 0.010887325005018437, -0.019836625461193275, 0.0010762508961495876, 4222.65864465865, 753.2691134665198, 0.031046001227393906, -0.029680479062983375, -0.00025821773384544197, -0.0019001681433692631, 2.292060301507538] in 2 iterations
Lunar chi-square: 42.90044260080286
Maximum: -78.93652500123144 Param: [2.0664197323522097e-6, 224.70080097469966, 3503.769350639685, -0.007473100587894711, -0.02364623050953098, 3.1090004718221623e-6, 365.25642933270666, 3624.4088917623217, 0.010887260560409612, -0.0198357537987265, 0.0010762605364349857, 4222.6542665749785, 753.2670968714125, 0.03104732122520658, -0.02968098859472389, -0.000258209724650065, -0.001900176445849604, 2.292714802320098]
FITS/p3_fit30s15yrs.jld2 loaded.
Previous model params: [3.4564904808716363e-6, 224.70077804355557, 3503.769501678012, -0.10809477619390312, -0.025552801117958806, 2.6243655269552333e-6, 365.2563513576336, 3624.409362151537, -0.06937531297406054, -0.016507130051135275, 0.0009272627829251268, 4818.567187840061, 930.2054562009424, 0.023975143264406383, 0.0863222951551704]
Finished lunar search: [3.2043736617848224e-6, 224.70078028815348, 3503.769472484207, -0.08794099976995735, -0.04320028572733899, 2.7033615330638277e-6, 365.25634515798, 3624.4093984523684, -0.053605319017652565, -0.031060838230889325, 0.000960227392630312, 4741.589204592413, 881.4089890878994, 0.019128501854952493, 0.06802642116821177, -0.0005205828379745858, -0.00022250634247912105, 2.228743718592965] in 2 iterations
Lunar chi-square: 38.2463773505063
Maximum: -71.05895249693378 Param: [3.2043538162550805e-6, 224.7007802878826, 3503.769472488714, -0.08793682449302044, -0.04320272356605298, 2.703379474539565e-6, 365.25634515513394, 3624.4093984771007, -0.053602067665526484, -0.03106284176190207, 0.0009602461401223844, 4741.609414664088, 881.3576640975924, 0.01912839823298704, 0.06802257366527115, -0.00052059628179713, -0.0002225805612175787, 2.227934256320193]
FITS/p3_fit10s30yrs.jld2 loaded.
Previous model params: [3.531824221774682e-6, 224.700774968347, 3503.769535147141, -0.09142184745608103, -0.06612029828412849, 2.5370097218599117e-6, 365.2564592725148, 3624.4086563369856, -0.05700889684899478, -0.051069792423692695, 0.0004160566094744475, 4247.417145797238, 1464.275805395441, -0.07596847170204213, 0.12850219674169605]
Finished lunar search: [2.2627416515441458e-6, 224.70077551260562, 3503.7695207945, 0.004503936133828185, -0.00614131366339148, 3.0628557799414514e-6, 365.2564516063565, 3624.408772699951, 0.016404960638748994, -0.00257962958661172, 0.0009478620037985773, 4260.269553021865, 574.4780573262121, 0.03067802305537703, -0.030868415782696446, 9.362560179330205e-5, -0.001812456719825494, 2.31391959798995] in 2 iterations
Lunar chi-square: 460.69331512167764
Maximum: -239.17656990135686 Param: [2.2627283252954088e-6, 224.70077551261963, 3503.7695207944134, 0.00450388202793217, -0.006141572450208021, 3.062855360857302e-6, 365.25645160660554, 3624.408772696166, 0.016404912183045038, -0.0025798254649800423, 0.0009478643487764811, 4260.267008412244, 574.4873464520781, 0.030678337653291858, -0.030867848055801898, 9.362738011894004e-5, -0.0018124625023898183, 2.313802630641355]
FITS/p3_fit10s29yrs.jld2 loaded.
Previous model params: [3.7607797024388722e-6, 224.70077518084256, 3503.769516829068, -0.07616734344565308, -0.06181537701528591, 2.5826758517880346e-6, 365.25645615203496, 3624.4086347126604, -0.045147423612647036, -0.04789528027100886, 0.0004478373506120182, 4228.19448106206, 1405.5035884925057, -0.07539017030268573, 0.10456963905622799]
Finished lunar search: [2.4990743757447917e-6, 224.7007763323672, 3503.769490826413, 0.005798421388055594, -0.003930697899968365, 3.0398564023941773e-6, 365.25645121948816, 3624.4087265537123, 0.017568369275949416, -0.00116023649889221, 0.0008394978397748425, 4241.883384576795, 598.2886277341571, 0.017508211430755215, -0.03519617035660256, 7.307162272355671e-5, -0.001735660876789675, 2.3121105527638193] in 2 iterations
Lunar chi-square: 524.9336589539962
Maximum: -238.00433184697556 Param: [2.499077367905689e-6, 224.7007763323615, 3503.7694908264357, 0.005798725668432844, -0.00393078738690057, 3.039858229404883e-6, 365.2564512194461, 3624.408726554284, 0.01756860440803755, -0.0011603199560112866, 0.0008394919491459905, 4241.8834253777295, 598.2888415086193, 0.017507421995096896, -0.03519641624835454, 7.307105398997448e-5, -0.0017356606558114331, 2.3122192279366756]
FITS/p3_fit10s28yrs.jld2 loaded.
Previous model params: [3.636660490711184e-6, 224.7007735495282, 3503.7695846274123, -0.08481295852015285, -0.0665369095968571, 2.6086145765369217e-6, 365.25645631238933, 3624.408641129015, -0.051451543581035805, -0.0511771289263706, 0.0004030092631435205, 4241.824420300204, 1410.971737020308, -0.09544927976790815, 0.11624022062864577]
Finished lunar search: [2.2955422767165877e-6, 224.70077464272748, 3503.769561731762, -0.0019489036872685419, -0.004802046836679269, 3.053196465467369e-6, 365.2564501913207, 3624.408739837903, 0.012111587794704917, -0.0009197187069843611, 0.001034681226911647, 4247.921468252003, 575.6919473457774, 0.04048707177139502, -0.03134935469147851, 4.68713711476517e-5, -0.0017760521337984363, 2.3121105527638193] in 3 iterations
Lunar chi-square: 429.78604596321816
Maximum: -221.3099943826329 Param: [2.2955379341060816e-6, 224.70077464273126, 3503.769561731672, -0.0019492397929171032, -0.004802042447664019, 3.0531946206133173e-6, 365.2564501914311, 3624.4087398358297, 0.012111329526907508, -0.0009197062890548849, 0.001034685854645809, 4247.9197334006685, 575.6968932478064, 0.04048736095562725, -0.031349015724050355, 4.6873927984674926e-5, -0.0017760521068865608, 2.311816209765303]
FITS/p3_fit10s27yrs.jld2 loaded.
Previous model params: [3.5594736030126517e-6, 224.70077652503872, 3503.769545034814, -0.08585690451994693, -0.06015376880201222, 2.558778429847519e-6, 365.2564614055733, 3624.408624193235, -0.05325899096529461, -0.046734511411324196, 0.000519186038837406, 4310.154916041457, 1329.9731208710737, -0.027425567515508092, 0.09615030411585641]
Finished lunar search: [2.3896796119841066e-6, 224.7007796749029, 3503.7694762969268, 0.0077425375218242295, -0.0061433211510534, 3.081709787466541e-6, 365.25645204711174, 3624.4087373065054, 0.019450883117627583, -0.002299337659481789, 0.0009106540919539367, 4281.295034996215, 533.6614950879878, 0.0319611631084259, -0.02944204608566453, -1.7276081383021665e-5, -0.0017067274147812466, 2.310904522613065] in 2 iterations
Lunar chi-square: 432.829462764558
Maximum: -212.46203299981684 Param: [2.3896566537412906e-6, 224.7007796749056, 3503.7694762965148, 0.007741837673899484, -0.006143806960994944, 3.081705812739189e-6, 365.25645204753096, 3624.4087372976624, 0.01945033049113423, -0.0022997091866240106, 0.0009106599131338373, 4281.2877446761995, 533.6828630517786, 0.03196160216347773, -0.029440953679072315, -1.7272964578345813e-5, -0.0017067342214784828, 2.31065316948328]
FITS/p3_fit10s26yrs.jld2 loaded.
Previous model params: [3.733697892953557e-6, 224.7007757663745, 3503.7695312437563, -0.07778469382942452, -0.0571643000736721, 2.626552106460019e-6, 365.25645223464454, 3624.408713044756, -0.046459112878448575, -0.044578228193214116, 0.0005410389635997361, 4283.5844346484, 1349.6514977639977, -0.029767470571075476, 0.09363104392412151]
Finished lunar search: [2.0968399677325478e-6, 224.70077902598348, 3503.7694615206537, 0.005202327191189486, -0.006147222130336678, 3.0828234166976347e-6, 365.2564570360486, 3624.408690977235, 0.016873968194443433, -0.0026955534628898005, 0.0009577489238556351, 4240.519445291611, 579.1255451773227, 0.03491939028133969, -0.03925231163907825, -3.0659522015783483e-5, -0.0019227109465243656, 2.307889447236181] in 2 iterations
Lunar chi-square: 378.51618723285145
Maximum: -201.8328005178578 Param: [2.09684563166016e-6, 224.70077902599806, 3503.769461520305, 0.005202630652840913, -0.0061470732371451085, 3.0828250176214435e-6, 365.25645703606835, 3624.4086909771636, 0.016874192706051817, -0.0026954492606729445, 0.0009577445393592176, 4240.519132835803, 579.1242327663714, 0.03491917905276605, -0.039252697304299054, -3.066094678758489e-5, -0.0019227097014515736, 2.308096636688184]
FITS/p3_fit10s25yrs.jld2 loaded.
Previous model params: [3.6620811022937437e-6, 224.70077666936265, 3503.7695092094973, -0.08926613057082008, -0.0632331440054309, 2.5892924594283613e-6, 365.25646647227023, 3624.408555977415, -0.05442892135046908, -0.048645391287018475, 0.00039561195093070373, 4228.699987669418, 1425.4812923172012, -0.10720145086229403, 0.10904604392929163]
Finished lunar search: [2.105335964215658e-6, 224.70077836952944, 3503.7694741279142, -0.0004293957975429749, -0.004803432369492384, 3.0703863221362245e-6, 365.2564669353551, 3624.408583373184, 0.01348917476240026, -0.0010967596411576596, 0.0009660868764132177, 4222.6802241911355, 569.7210869534897, 0.04049919347774391, -0.04783301663999762, 0.00026852026925565224, -0.0018587967869073659, 2.319396984924623] in 2 iterations
Lunar chi-square: 396.5883593298501
Maximum: -194.44421309607793 Param: [2.1053289333614156e-6, 224.70077836952208, 3503.7694741280957, -0.0004294119218406477, -0.004803699583733476, 3.07038623835999e-6, 365.2564669354538, 3624.4085833716667, 0.013489160817660965, -0.0010969743274322557, 0.0009660842059268762, 4222.679494122086, 569.7239106089249, 0.04049876141759455, -0.04783301765156142, 0.00026852240912839966, -0.0018588000529756047, 2.319198855970041]
FITS/p3_fit10s24yrs.jld2 loaded.
Previous model params: [4.053070516323499e-6, 224.7007793145188, 3503.7695020522333, -0.055083216366999, -0.058086005218330905, 2.717948188744862e-6, 365.2564743118583, 3624.4084810292993, -0.02828756342099358, -0.044526663947425875, 0.0003650645120617714, 4176.147795704556, 1246.9424339333532, -0.16831161488803714, 0.054131745750280215]
Finished lunar search: [2.3583379569007132e-6, 224.70077945346588, 3503.7695024056407, -0.00234434084243148, -0.0044175779733337415, 3.0151783926583385e-6, 365.2564640063477, 3624.408620717578, 0.01156955062177413, -0.001316267568394952, 0.0009574282142522992, 4197.736213361198, 618.6436921271563, 0.03529044475671416, -0.04541469021100294, 0.0002533809745808121, -0.0017756397175382262, 2.315778894472362] in 2 iterations
Lunar chi-square: 357.41191663512086
Maximum: -185.18500175934665 Param: [2.3583490643266392e-6, 224.70077945349473, 3503.7695024050886, -0.0023443474816532564, -0.0044172781349897435, 3.015178133580748e-6, 365.2564640062856, 3624.408620719127, 0.01156954600882434, -0.0013160230876369879, 0.0009574285087024453, 4197.738030082913, 618.6357784616991, 0.035290624703539566, -0.04541514374929679, 0.00025337899917403123, -0.00177563483406124, 2.316143576059251]
FITS/p3_fit10s23yrs.jld2 loaded.
Previous model params: [3.7346859942821494e-6, 224.70078104916982, 3503.7694854979413, -0.07196882859635127, -0.05696725219451604, 2.6528091124337756e-6, 365.2564724324177, 3624.4085061646906, -0.04209022002090319, -0.04363961617315832, 0.0004517613909504342, 4207.308262059738, 1353.7593427775344, -0.08184327223229426, 0.07856466176211975]
Finished lunar search: [2.3987586225435815e-6, 224.70078308368628, 3503.769446210281, 0.005392523022077659, -0.005977170895105072, 3.0733379193163184e-6, 365.25646416207724, 3624.408617324823, 0.01735200262571004, -0.002719947769673779, 0.0008416329518355002, 4201.936348898908, 602.9130256841374, 0.029763030437181665, -0.04922340002953771, 0.0001851621077546522, -0.0016932623875535763, 2.3166834170854274] in 2 iterations
Lunar chi-square: 367.00611755001967
Maximum: -177.161355509678 Param: [2.3987840107804778e-6, 224.7007830837919, 3503.7694462080685, 0.005391662215469388, -0.005976062380400804, 3.0733324470197244e-6, 365.25646416213897, 3624.408617323136, 0.01735138088952576, -0.002719034757003264, 0.0008416458944176376, 4201.934644057951, 602.905404018043, 0.029765303325527015, -0.049223766016128746, 0.00018516153792696107, -0.0016932471606772872, 2.3163447702736457]
FITS/p3_fit10s22yrs.jld2 loaded.
Previous model params: [3.464083620551309e-6, 224.70079094999727, 3503.769334824828, -0.09673408304729866, -0.05508098339286516, 2.587935512248288e-6, 365.2564776611691, 3624.4084292197863, -0.06260907372903188, -0.04087630357079274, 0.00042556006714608086, 4209.2069672797315, 1542.6648027759556, -0.08589513020622767, 0.13188263933210528]
Finished lunar search: [2.424898587082552e-6, 224.70079128058558, 3503.7693176063285, 0.015498312707552081, -0.00908327300729047, 3.1527866525486397e-6, 365.25646204954575, 3624.408617789694, 0.02372377721469684, -0.004951293772044081, 0.0006338188745923804, 4209.412722984724, 591.9571135806038, -0.013535995300149177, -0.06391703907083349, -3.256577830289612e-5, -0.001756277073944432, 2.307638190954774] in 2 iterations
Lunar chi-square: 280.0157537567118
Maximum: -160.5931071525955 Param: [2.4248731602598705e-6, 224.70079128055792, 3503.7693176068533, 0.015498092852985267, -0.009083092961502313, 3.152785267089254e-6, 365.2564620496534, 3624.4086177880426, 0.023723577249870946, -0.004951128993187697, 0.000633824654969895, 4209.411883189964, 591.9591918523556, -0.013534569111941046, -0.06391622236514313, -3.2551822527480555e-5, -0.0017562895456666994, 2.307192699750264]
FITS/p3_fit10s21yrs.jld2 loaded.
Previous model params: [3.295897644197948e-6, 224.70078970984855, 3503.769382009308, -0.11716058852536491, -0.04804796371300656, 2.5634216070143577e-6, 365.25646439310674, 3624.408595431196, -0.07897646257817656, -0.035557127382466636, 0.00036107669132624294, 4204.464730295954, 1645.3478306057473, -0.0987707899357636, 0.1643965421898047]
Finished lunar search: [2.1541983789688286e-6, 224.70078974239408, 3503.7693948540764, -0.0859863188031568, -0.03256529860121194, 2.6816125565864086e-6, 365.2564601138224, 3624.4086458279153, -0.05853540246079173, -0.023322028867740246, 0.0005496905556662347, 4186.077132820139, 1648.1032301367923, -0.011477879958009352, 0.112307591595976, 2.293456280074143e-5, -0.0013460773861689835, 2.3121608040201007] in 2 iterations
Lunar chi-square: 483.29947792107293
Maximum: -169.96750371184808 Param: [2.1541840739178345e-6, 224.70078974245808, 3503.7693948531655, -0.08598832975530635, -0.03256574504402115, 2.681602916066991e-6, 365.256460113673, 3624.4086458303505, -0.05853698030693888, -0.023322336615406315, 0.0005496783219538426, 4186.079679382134, 1648.106106705614, -0.011480627471148619, 0.11231089553728482, 2.2932669186111777e-5, -0.0013460788242052847, 2.311733773528574]
FITS/p3_fit10s20yrs.jld2 loaded.
Previous model params: [3.7422663943055633e-6, 224.70078203475157, 3503.769528950693, -0.07091609780040661, -0.0319393623466972, 2.62772337588264e-6, 365.25640753534253, 3624.409093903581, -0.041989652279027206, -0.02402750698234958, 0.001034740443526178, 4701.671376159433, 907.6430151568753, 0.03611357131079583, 0.06510035915899375]
Finished lunar search: [1.916482119856225e-6, 224.70078928634697, 3503.7694069619015, -0.08499203668728193, -0.015821728909604427, 2.5416872297579233e-6, 365.2564310771925, 3624.4088580392636, -0.05803664910181602, -0.009562921973539171, 0.0007380975356779434, 4439.307879060031, 1437.798958879682, 0.027004484157968023, 0.10509734225871929, 8.949497815088098e-5, -0.001563216975429279, 2.3148743718592963] in 2 iterations
Lunar chi-square: 333.7260400997429
Maximum: -151.0683308465271 Param: [1.9165055818796636e-6, 224.70078928583163, 3503.7694069705453, -0.08499139652549464, -0.015823350907531536, 2.5416909465741923e-6, 365.2564310756239, 3624.4088580563007, -0.058036096548713716, -0.00956427755019665, 0.0007381019344925282, 4439.324521142216, 1437.7659462301674, 0.02700323726000334, 0.105095878668344, 8.948142554837285e-5, -0.0015631999538107191, 2.3149876670223084]
FITS/p3_fit10s19yrs.jld2 loaded.
Previous model params: [3.569044905473871e-6, 224.70077414324234, 3503.7696350280376, -0.08129361178444848, -0.03197585873843653, 2.5972630973768483e-6, 365.2564221099013, 3624.408942283203, -0.05041214037170291, -0.02374817761769625, 0.0008798073921499579, 4599.340546952724, 1058.8065766515883, 0.021108321535797763, 0.08271098272073943]
Finished lunar search: [2.1776903141402684e-6, 224.7007773401054, 3503.769585206886, -0.08536163096707793, -0.024843972388897108, 2.5681756171287158e-6, 365.25641933522, 3624.4089310304303, -0.05702478976223015, -0.016765708836547464, 0.0008050690663675569, 4508.55459366109, 1269.8666656514638, 0.01732871807932687, 0.09831787066771797, -3.423678683273296e-5, -0.0013120741450240831, 2.3040201005025125] in 2 iterations
Lunar chi-square: 346.4377637547561
Maximum: -143.26872811859417 Param: [2.177686383244932e-6, 224.70077734015936, 3503.769585206257, -0.08536179607107632, -0.02484337266254079, 2.5681752188300655e-6, 365.25641933538367, 3624.4089310289282, -0.057024938179240724, -0.016765221611745637, 0.0008050703385069001, 4508.553560757182, 1269.8727125725115, 0.01732961260120898, 0.09831830419638486, -3.4232651444224594e-5, -0.0013120767895740456, 2.3042909218571426]
FITS/p3_fit10s18yrs.jld2 loaded.
Previous model params: [3.7339433312492565e-6, 224.70077915240276, 3503.7695802609555, -0.0858128240314994, -0.022419391552725976, 2.5422278618111994e-6, 365.2564264584451, 3624.408848032522, -0.05403499753677483, -0.0164672184061655, 0.0008588222448545176, 4467.565851405854, 1249.4298576014169, 0.025750634021843192, 0.085610522557094]
Finished lunar search: [2.3268395905292873e-6, 224.70078055889397, 3503.769559777838, -0.08277945754349705, -0.02378993050614907, 2.5423181417861485e-6, 365.2564307796335, 3624.4088388803193, -0.05498134114637224, -0.017150414165573682, 0.0007785820267678254, 4448.252643156475, 1327.839625101519, 0.021300226591972237, 0.09354899130854073, -0.0001573719347863772, -0.0012376927121442165, 2.3013065326633164] in 2 iterations
Lunar chi-square: 305.3463463383641
Maximum: -134.4539973115842 Param: [2.3268768866414495e-6, 224.70078055877076, 3503.769559779785, -0.08277949154987459, -0.023790050691701654, 2.542318801754551e-6, 365.25643077906335, 3624.4088388867895, -0.054981216411637564, -0.017150540557503827, 0.0007785854837082364, 4448.256842770036, 1327.8319788081396, 0.021300490546137377, 0.09354863986910217, -0.0001573923656605577, -0.0012376626624070752, 2.3014226309865236]
FITS/p3_fit10s17yrs.jld2 loaded.
Previous model params: [3.78332979772821e-6, 224.7007818103736, 3503.7694848797564, -0.08255932678093433, -0.026856879416729228, 2.571706505503188e-6, 365.2563960948005, 3624.4091163474877, -0.05077672366634671, -0.019801833544161197, 0.0009518594423852817, 4585.7520021822065, 1095.9625240583505, 0.025007977324181103, 0.08138606973370285]
Finished lunar search: [2.4752656444804326e-6, 224.700781975707, 3503.7694780537076, -0.07480961408739781, -0.026940035577417757, 2.5844999581703583e-6, 365.256405977839, 3624.4090643890504, -0.047749935947517065, -0.01927845905567568, 0.0009219337531288855, 4569.484134703772, 1152.8824860040322, 0.02629004465898424, 0.08154099963575596, -5.23268177550913e-5, -0.0011877182375669318, 2.3068341708542714] in 2 iterations
Lunar chi-square: 248.2333189984429
Maximum: -121.31612033861855 Param: [2.4752720027678935e-6, 224.7007819757698, 3503.769478052547, -0.07480930799673022, -0.026939969374598027, 2.584501229660105e-6, 365.2564059783383, 3624.409064383893, -0.047749696930779406, -0.019278411850076383, 0.0009219362320620921, 4569.480550488549, 1152.8853871072515, 0.026290328523059764, 0.08154061098233999, -5.2328137658837296e-5, -0.0011877149917271313, 2.3066961692845]
FITS/p3_fit10s16yrs.jld2 loaded.
Previous model params: [3.3665140926410055e-6, 224.70078980645636, 3503.769470392857, -0.11602328951508288, -0.02747201422820139, 2.4765420138327056e-6, 365.2564119214385, 3624.408992674604, -0.07720211948149576, -0.019607806930081736, 0.0007368778165198574, 4588.254321151442, 1169.5643917533232, -0.008648470465067427, 0.1040523786575204]
Finished lunar search: [2.3253287258800002e-6, 224.7007899543546, 3503.7694462736513, -0.10595345137408924, -0.02439445642722059, 2.507769222986549e-6, 365.25641358710095, 3624.408953698083, -0.07161071806629661, -0.017501698792174395, 0.0006987403848952221, 4460.7210672119345, 1342.9930638801695, -0.005461780962610185, 0.10926050610431157, -0.00015534199740295456, -0.0010931115412711574, 2.2941708542713566] in 2 iterations
Lunar chi-square: 245.34990345829632
Maximum: -115.55639275005393 Param: [2.3253015265454158e-6, 224.70078995445587, 3503.7694462714585, -0.10595522829288963, -0.024393893316488408, 2.507762017658522e-6, 365.2564135873537, 3624.4089536958377, -0.07161213411067359, -0.017501216219363964, 0.0006987274784948282, 4460.718739916011, 1343.0053742955822, -0.005463332309016516, 0.10926348632820487, -0.0001553355052600941, -0.0010931252060916831, 2.2936661885854277]
FITS/p3_fit10s15yrs.jld2 loaded.
Previous model params: [3.456580519729821e-6, 224.7007984638612, 3503.7693652268276, -0.10823150334215463, -0.029466546580443682, 2.4802426032607795e-6, 365.25642026408764, 3624.4089508370316, -0.07135694383093001, -0.0211514251880916, 0.0007042709795981105, 4575.240911448261, 1187.3902103026076, -0.007220540601331301, 0.10496513550113673]
Finished lunar search: [2.217438190856549e-6, 224.70080021179862, 3503.769329995902, -0.08350722325520789, -0.039929264566716104, 2.5436915254760244e-6, 365.25642463213916, 3624.4088778420623, -0.055468892198182074, -0.02943672391287713, 0.0006665493916291031, 4432.660538506249, 1281.938778123438, -0.013708575568024205, 0.09186184409363606, -2.9362798141234647e-5, -0.001325963849382976, 2.3173869346733666] in 2 iterations
Lunar chi-square: 227.18401732510884
Maximum: -105.80232659279886 Param: [2.21743311868429e-6, 224.7008002119579, 3503.7693299926887, -0.08350770393616941, -0.039927937534394525, 2.543690046484822e-6, 365.2564246330751, 3624.408877831573, -0.055469309613956914, -0.029435673484087425, 0.0006665489450953997, 4432.649478940768, 1281.9613077731801, -0.013707073226689355, 0.09186312129735004, -2.9356252372771723e-5, -0.001325966031951601, 2.3180589437405774]
