args = ["Hpppp", "grid", "fromEMB", "300"]
FITS/fromEMB/p3_fit10s30yrs.jld2 loaded.
Previous model params: [2.374130539051579e-6, 224.7007755841762, 3503.7654552356066, 0.003989223127853377, -0.004352101250317803, 3.063898029421637e-6, 365.2564527513784, 3624.402297397016, 0.01637679240650346, -0.001034805859725616, 0.0009397209338010992, 4253.415563088661, 569.5784724141215, 0.031741469765186284, -0.03420045419022306]
Finished 4-planet fit w/ fixed period: [2.2781040900164003e-6, 224.7007738859576, 3503.7655093443577, 0.002275236157880322, -0.004048385878126251, 3.039805227860965e-6, 365.25645802094874, 3624.402221039415, 0.014470343995389228, -0.00045292193553840093, 2.683856284047846e-7, 690.0904405884762, 371.50589272640383, -0.08565789330627392, -0.12256073750412018, 0.001077122004409075, 4341.585510038198, 388.37524846529766, 0.034504791930879436, -0.032099324649548774] in 2 iterations
New 4-planet chi-square: 214.32704280960786
Maximum: -209.33262034945582 Param: [2.2784266279029064e-6, 224.7007738741608, 3503.7655092642667, 0.002217838312843114, -0.004032992036849958, 3.039283200153773e-6, 365.2564580740472, 3624.4022199505916, 0.014425424059096312, -0.00043573829525346666, 2.676625737197954e-7, 690.0307161397777, 371.8404299930857, -0.08518607690425814, -0.12345191047744007, 0.0010785075640989906, 4341.616045122212, 387.98372925511944, 0.034514996913534046, -0.03217222346557199]
FITS/fromEMB/p3_fit10s29yrs.jld2 loaded.
Previous model params: [2.4835734797901334e-6, 224.70077642666266, 3503.7654261728194, 0.0052833482540824254, -0.0022624519950281705, 3.0388530515704795e-6, 365.2564523528483, 3624.402252788461, 0.01740530588400604, 0.00033998811030686184, 0.0008422005377487397, 4236.612822098357, 599.9520979413171, 0.0198525194684784, -0.037038619190434906]
Finished 4-planet fit w/ fixed period: [2.397901861781778e-6, 224.70077513597718, 3503.765453874502, 0.0020442178493899127, -0.002159178465846711, 3.0095904392841945e-6, 365.2564596287709, 3624.4021434371234, 0.014326457412541035, 0.0007374736193242977, 1.5207478098237758e-7, 688.2455295976565, 362.05279399215516, -0.06847886752075273, -0.25164223307599015, 0.0010039628337970292, 4333.203906301912, 391.53684361449916, 0.023498040709709473, -0.03692762740100324] in 2 iterations
New 4-planet chi-square: 285.61927829262794
Maximum: -214.87706971005395 Param: [2.397873762432436e-6, 224.70077513660902, 3503.7654537231583, 0.0020308521208801146, -0.0021569362337731483, 3.0094965055757987e-6, 365.25645963969174, 3624.402143215289, 0.01431608785261858, 0.0007404354899627933, 1.5192525904335e-7, 688.233172377005, 362.03204179433, -0.06801820121726866, -0.2521062533493758, 0.0010042402169130004, 4333.2079133319185, 391.49381987070126, 0.02350127296525053, -0.0369377788986577]
FITS/fromEMB/p3_fit10s28yrs.jld2 loaded.
Previous model params: [2.3640937909697473e-6, 224.70077484372953, 3503.765495814742, -0.001500594865859233, -0.0036107635670226353, 3.0567956485999738e-6, 365.256452535342, 3624.402257556631, 0.012761369962016659, 0.00016474807969949322, 0.0010167191301877472, 4251.046608767699, 564.7492941123421, 0.040887162007086225, -0.03340852205737336]
Finished 4-planet fit w/ fixed period: [2.2722866351211585e-6, 224.70077256680113, 3503.7655489371273, -0.003082506332121149, -0.003748136306444983, 3.0383122828984284e-6, 365.2564572421798, 3624.402174799701, 0.010772038744933295, 0.0002889609713956018, 2.337657171898936e-7, 689.3518834771223, 380.6661687773663, -0.10078640744739985, -0.14245865021913032, 0.0011519366060074134, 4326.925473923107, 396.217873013978, 0.04103344117736774, -0.03369838251818917] in 2 iterations
New 4-planet chi-square: 196.95649789379732
Maximum: -192.82887517397992 Param: [2.2712952727302563e-6, 224.70077259001923, 3503.765549009798, -0.0030575243939331745, -0.0037553330073053968, 3.038492877051106e-6, 365.2564571465612, 3624.4021761526574, 0.010792473058305437, 0.00027911401352760824, 2.3422000412071157e-7, 689.4220940313782, 380.2924038591937, -0.10152103397300062, -0.14143648039937043, 0.0011512401004109417, 4326.657841343716, 396.88515999042454, 0.041084098394684056, -0.033613649508362584]
FITS/fromEMB/p3_fit10s27yrs.jld2 loaded.
Previous model params: [2.4000223131425898e-6, 224.7007799916322, 3503.7654093542965, 0.009659862421351315, -0.00283811072012787, 3.0940744827619236e-6, 365.256455225443, 3624.4022510299787, 0.021047333694638622, 0.0004533882052013312, 0.0008953637853167501, 4292.123146261519, 4789.641079337642, 0.03349942891838127, -0.03232837990632645]
Finished 4-planet fit w/ fixed period: [2.322478744279629e-6, 224.70077418443026, 3503.7655052322134, 0.00197467044359693, -0.002306821208671279, 3.028190900913386e-6, 365.25646320339496, 3624.4021176002425, 0.014635282414926381, 0.0014222954870941767, 2.2337633571437848e-7, 686.7731526563394, 375.43372322699355, -0.008451773966640944, -0.18232026920697847, 0.0011021354819451589, 4375.2380350047215, 4692.825732302834, 0.032343321882882525, -0.03112952388745189] in 2 iterations
New 4-planet chi-square: 184.7754397927875
Maximum: -182.66994370874232 Param: [2.3209882586315654e-6, 224.70077426426138, 3503.765504697042, 0.002041857501682515, -0.002323244495276164, 3.028623202637179e-6, 365.2564631114692, 3624.40211870806, 0.014685781327899267, 0.0014047578487280975, 2.225324493050412e-7, 686.8553803698554, 374.83292700956326, -0.009986275195140679, -0.18220041032173215, 0.0010994487005030944, 4374.747574590869, 4693.330441223816, 0.03234924494977838, -0.03112477638593106]
FITS/fromEMB/p3_fit10s26yrs.jld2 loaded.
Previous model params: [2.3303959147529144e-6, 224.7007792678375, 3503.7653954397274, 0.006640203103070586, -0.005289667227680819, 3.096883398240006e-6, 365.25646001459444, 3624.402201341148, 0.018434083493923812, -0.0020040695526359884, 0.0009276414147488595, 4251.6046810932685, 554.4182438361873, 0.03439339259129824, -0.04233286307535225]
Finished 4-planet fit w/ fixed period: [2.345436906093943e-6, 224.70077441434134, 3503.7654858128226, 0.003341873005500516, -0.0028491524775447526, 3.0705353893664637e-6, 365.25645597765606, 3624.402195088767, 0.015510905425024792, 0.0003258221012925421, 2.3447780154355437e-7, 688.6141167934792, 371.88523769135753, -0.05653510674106963, -0.16805761022744284, 0.0010080449788034218, 4349.855945874901, 355.3380986860259, 0.024340692379596723, -0.03759280400797063] in 2 iterations
New 4-planet chi-square: 186.57545314607728
Maximum: -177.7804148803659 Param: [2.345436906093943e-6, 224.70077441434134, 3503.7654858128226, 0.003341873005500516, -0.0028491524775447526, 3.0705353893664637e-6, 365.25645597765606, 3624.402195088767, 0.015510905425024792, 0.0003258221012925421, 2.3447780154355437e-7, 688.6141167934792, 371.88523769135753, -0.05653510674106963, -0.16805761022744284, 0.0010080449788034218, 4349.855945874901, 355.3380986860259, 0.024340692379596723, -0.03759280400797063]
FITS/fromEMB/p3_fit10s25yrs.jld2 loaded.
Previous model params: [2.3295012051979087e-6, 224.70077883253887, 3503.765404247889, 0.0010224458348157806, -0.003539630721573635, 3.0867748798776467e-6, 365.25646868054304, 3624.4021192770256, 0.015119550668133305, -0.000180061455513597, 0.0009417337066649806, 4237.270045927315, 531.0884774402358, 0.0404387940710017, -0.05176889367350623]
Finished 4-planet fit w/ fixed period: [2.336705540100042e-6, 224.70076748100095, 3503.765559927179, -0.003125893341579342, 0.0024390712749202945, 3.0570933754932706e-6, 365.2564611691998, 3624.40214967502, 0.01160460003944885, 0.004892637019891465, 1.726003405156595e-7, 685.3633391161804, 356.29425381354434, 0.05416879128452679, -0.3203303617376557, 0.0012116627209576478, 4403.448917628951, 233.49959557792428, 0.03323577106650207, -0.03343076727038841] in 20 iterations
New 4-planet chi-square: 182.96826929173477
Maximum: -169.30266424366337 Param: [2.33577169087614e-6, 224.70076752402466, 3503.7655601501724, -0.003094022338804985, 0.0024349405212930842, 3.05726735176778e-6, 365.256461094188, 3624.4021505247006, 0.011628345407411277, 0.0048868756804073136, 1.7233445224657085e-7, 685.4032530632425, 356.0109651539853, 0.05209220527955751, -0.3205424959344402, 0.0012100055900596631, 4403.333173225632, 233.79786847524997, 0.03322815769282983, -0.03341896371135576]
FITS/fromEMB/p3_fit10s24yrs.jld2 loaded.
Previous model params: [2.4362517853902613e-6, 224.700779733269, 3503.765437111695, -0.00037801941715875464, -0.00504933268265159, 3.0341715358579142e-6, 365.2564650816024, 3624.4021632831727, 0.013558031941326957, -0.001879122973222385, 0.000935338527742556, 4211.429974625956, 603.8540536523928, 0.03431938043001238, -0.04679794018095477]
Finished 4-planet fit w/ fixed period: [2.512163759512317e-6, 224.70077992568147, 3503.7654391149445, 0.008563240123901037, -0.0020185770749769167, 3.0181554766591285e-6, 365.20861738330285, 3625.2882703163245, 0.01973999468015286, 0.0003079258499924594, 3.13521621536742e-6, 729.7281753551541, 176.80577228899915, 0.1011242416460192, -0.01071464074995824, 0.0008006866198642042, 4259.30075742137, 471.95487905208864, 0.02538794346810764, -0.05727259533364283] in 20 iterations
New 4-planet chi-square: 203.29854604520034
Maximum: -167.4122804184263 Param: [2.512163759512317e-6, 224.70077992568147, 3503.7654391149445, 0.008563240123901037, -0.0020185770749769167, 3.0181554766591285e-6, 365.20861738330285, 3625.2882703163245, 0.01973999468015286, 0.0003079258499924594, 3.13521621536742e-6, 729.7281753551541, 176.80577228899915, 0.1011242416460192, -0.01071464074995824, 0.0008006866198642042, 4259.30075742137, 471.95487905208864, 0.02538794346810764, -0.05727259533364283]
FITS/fromEMB/p3_fit10s23yrs.jld2 loaded.
Previous model params: [2.392461725914166e-6, 224.70078318747395, 3503.7653828277193, 0.007689264213274083, -0.0045709725754754125, 3.0942888368596617e-6, 365.2564645589401, 3624.402162380171, 0.01947928473109595, -0.0016189721094788479, 0.0008334806182862329, 4210.01062467489, 4795.993025538224, 0.03231103651031705, -0.05063992933665262]
Finished 4-planet fit w/ fixed period: [2.502471727651185e-6, 224.7007676495987, 3503.765568688225, 0.001007992078341437, 0.0014234143122680845, 3.061555256013211e-6, 365.2564578049441, 3624.402191227018, 0.014410821209224734, 0.0032805916751382277, 2.8002251906041756e-7, 683.6748817609835, 408.9427449901333, -0.041378987976988746, -0.21576365783709364, 0.0011721698428116842, 4372.472047293158, 4670.96370060315, 0.0322338302355316, -0.03072640953535449] in 2 iterations
New 4-planet chi-square: 207.0042134931571
Maximum: -159.98217444292843 Param: [2.5024718533628135e-6, 224.70076764959686, 3503.765568688243, 0.0010079910025344062, 0.0014234140510507843, 3.0615552466240783e-6, 365.2564578049477, 3624.4021912270487, 0.014410822053606661, 0.0032805917439247185, 2.800225189798275e-7, 683.6748593181568, 408.94276209550816, -0.04137891535237556, -0.21576372266714694, 0.0011721698566974357, 4372.4720199188005, 4670.963663702122, 0.03223382928152602, -0.030726405168131642]
FITS/fromEMB/p3_fit10s22yrs.jld2 loaded.
Previous model params: [2.448533382073964e-6, 224.70079123337547, 3503.76525449739, 0.01755687482302756, -0.0052242037415107054, 3.1683849333092076e-6, 365.25646388715995, 3624.402136191266, 0.025643080487482414, -0.0017413643142076554, 0.0006290046418344803, 4207.02467143375, 570.7095002718876, -0.006668883496090435, -0.06935513187830716]
Finished 4-planet fit w/ fixed period: [2.5674238388141135e-6, 224.70077022257078, 3503.7655093109743, 0.0029041728214115816, 0.003250605499798477, 3.071551902942101e-6, 365.25646057440264, 3624.402150541901, 0.01504846556913934, 0.005312458107476289, 3.115350554629399e-7, 682.2309437492042, 420.6658601518333, -0.024329006202212882, -0.1995710763063952, 0.0010887430788067407, 4374.486878594004, 268.420562858628, 0.01769892197260776, -0.036336332142990535] in 2 iterations
New 4-planet chi-square: 169.95549266503988
Maximum: -146.36279295521706 Param: [2.5674238388141135e-6, 224.70077022257078, 3503.7655093109743, 0.0029041728214115816, 0.003250605499798477, 3.071551902942101e-6, 365.25646057440264, 3624.402150541901, 0.01504846556913934, 0.005312458107476289, 3.115350554629399e-7, 682.2309437492042, 420.6658601518333, -0.024329006202212882, -0.1995710763063952, 0.0010887430788067407, 4374.486878594004, 268.420562858628, 0.01769892197260776, -0.036336332142990535]
FITS/fromEMB/p3_fit10s21yrs.jld2 loaded.
Previous model params: [2.3135753753815196e-6, 224.70078814763792, 3503.765318805301, 0.00853616606546738, 0.0028528987201410323, 3.2164886185399048e-6, 365.2564615697501, 3624.402204070677, 0.018662622681958216, 0.004666590557247117, 0.0007196655288707037, 4170.208782684531, 588.0538811252675, 0.020788408090789346, -0.06474360529964637]
Finished 4-planet fit w/ fixed period: [2.4260621971287447e-6, 224.70079029813985, 3503.7652820913327, -0.007813977037405495, 0.0029742354102808843, 3.1071497794903797e-6, 365.2564677527435, 3624.402105757761, 0.0069204104513571505, 0.00531133140275944, 1.4312666677880644e-7, 789.1201935846441, 481.69512466336954, 0.8575616868532258, 0.41137695059915647, 0.0013597228252308152, 4301.525321162082, 403.4888626622741, 0.03271973313151211, -0.034864418510270896] in 3 iterations
New 4-planet chi-square: 139.37217304643153
Maximum: -135.77156612067807 Param: [2.4253725530794055e-6, 224.700790285465, 3503.7652823065173, -0.007795861865407621, 0.002969310790022003, 3.107299414630335e-6, 365.2564677969415, 3624.4021053352926, 0.00693464807436276, 0.005306335750238665, 1.445908448587578e-7, 789.0766731833173, 480.67972223319435, 0.848698985636167, 0.40549697993982814, 0.0013592900724202518, 4301.954289657839, 402.85576065658887, 0.03272407163544124, -0.0348659722736927]
FITS/fromEMB/p3_fit10s20yrs.jld2 loaded.
Previous model params: [2.322421210922079e-6, 224.70079191749016, 3503.76525845507, 0.0072092908095112125, -0.00020570746006917003, 3.0282342615088514e-6, 365.25645230694334, 3624.4022359432543, 0.018119841348903, 0.0027312068788624207, 0.0008076413563764923, 4272.813629219715, 462.26824320606994, 0.028740633003353923, -0.05896633029349208]
Finished 4-planet fit w/ fixed period: [2.3704324525583347e-6, 224.70079464974137, 3503.76522846751, -0.005717604370193721, -0.0004076376718056064, 2.93901058871015e-6, 365.25645517751985, 3624.4021651226217, 0.008699864970216725, 0.0030387339295681495, 1.3774435581693005e-6, 792.8361834131297, 612.1250039594697, 0.06465794255502938, 0.016531452609748334, 0.0011197950280600168, 4270.872656558663, 461.103541779857, 0.029997052140281772, -0.033492861803968814] in 2 iterations
New 4-planet chi-square: 95.17933419726145
Maximum: -118.4498338522895 Param: [2.371916357382472e-6, 224.70079463766203, 3503.765228639659, -0.005671374014495578, -0.0003999886160158722, 2.9393616362430882e-6, 365.2564551587734, 3624.402165312129, 0.008742411279926407, 0.00304359986162992, 1.376318956603296e-6, 792.7769398589231, 612.6398238230752, 0.06493075937832846, 0.016492225567583216, 0.0011190430900325597, 4271.385517633749, 460.0998358419616, 0.02999618313179494, -0.033542792245001306]
FITS/fromEMB/p3_fit10s19yrs.jld2 loaded.
Previous model params: [2.33579186393605e-6, 224.70078701828683, 3503.7653533521643, 0.01456791793729198, -0.0003426649135535819, 3.154980218482082e-6, 365.25643819990756, 3624.402329191304, 0.02418253731778592, 0.002694394266755203, 0.0007658141172905005, 4345.133045393735, 4691.94032414228, 0.009914083997867295, -0.06244402439746523]
Finished 4-planet fit w/ fixed period: [2.3804590649805974e-6, 224.7007758856815, 3503.7654933195977, 0.0042029110977416274, 0.005376690076761251, 3.082767724160314e-6, 365.256469776679, 3624.402042874444, 0.016037109630138796, 0.006941959709750274, 1.750989792433988e-7, 687.6878706864327, 357.412555986755, -0.023095016015865843, -0.2777687670758191, 0.001026780297081332, 4355.70554898853, 4652.638111149909, 0.0154055047467564, -0.038526159756796755] in 2 iterations
New 4-planet chi-square: 119.68863569605972
Maximum: -117.2298948702706 Param: [2.3804590649805974e-6, 224.7007758856815, 3503.7654933195977, 0.0042029110977416274, 0.005376690076761251, 3.082767724160314e-6, 365.256469776679, 3624.402042874444, 0.016037109630138796, 0.006941959709750274, 1.750989792433988e-7, 687.6878706864327, 357.412555986755, -0.023095016015865843, -0.2777687670758191, 0.001026780297081332, 4355.70554898853, 4652.638111149909, 0.0154055047467564, -0.038526159756796755]
FITS/fromEMB/p3_fit10s18yrs.jld2 loaded.
Previous model params: [2.7333891753728188e-6, 224.70079028513194, 3503.765327708014, 0.03467568414494941, 0.010114162365612264, 3.2038716432100393e-6, 365.2564420845256, 3624.4022905423367, 0.039429629851559005, 0.009353508774480417, 0.0005119561573477486, 4297.886463887722, 4613.868903243682, -0.028275457430671388, -0.1000307273647927]
Finished 4-planet fit w/ fixed period: [2.3556273049490342e-6, 224.70079928568495, 3503.765249193176, 0.005169685431205042, 0.019828566087092398, 2.954397182050964e-6, 365.23223852865084, 3624.660635063935, 0.01444114016799397, 0.019008154450440143, 4.0583725499761515e-6, 729.036785377973, 171.61663880658088, 0.07665722704412628, 0.059507527784101434, -0.0009434596171426297, 4253.507911108095, 3839.3365123788662, 0.07690741420312146, 0.08209205322645353] in 2 iterations
New 4-planet chi-square: 105.79699283785632
Maximum: -109.5457692545339 Param: [2.3556273049490342e-6, 224.70079928568495, 3503.765249193176, 0.005169685431205042, 0.019828566087092398, 2.954397182050964e-6, 365.23223852865084, 3624.660635063935, 0.01444114016799397, 0.019008154450440143, 4.0583725499761515e-6, 729.036785377973, 171.61663880658088, 0.07665722704412628, 0.059507527784101434, -0.0009434596171426297, 4253.507911108095, 3839.3365123788662, 0.07690741420312146, 0.08209205322645353]
FITS/fromEMB/p3_fit10s17yrs.jld2 loaded.
Previous model params: [2.768845839985103e-6, 224.70079294236143, 3503.765225580043, 0.03718167480847984, 0.00015450979076375962, 3.2438776159005042e-6, 365.2564130551563, 3624.4025614697803, 0.042411850777112785, 0.0016992251723505142, 0.0005401717888829215, 4432.804038217935, 4626.159275531628, -0.04581106213502161, -0.08892009628700091]
Finished 4-planet fit w/ fixed period: [2.361744043522812e-6, 224.70079633658384, 3503.765194994937, 0.002730269701555501, 0.018141988114872415, 2.9105259281863464e-6, 365.2101127881212, 3625.037665760631, 0.012988318989061217, 0.018505993545317415, 3.952477152291061e-6, 729.7401598122901, 159.26952890621382, 0.07039272683971867, 0.06190045666317212, -0.001006927835863192, 4270.892471296108, 8107.744398038592, 0.08011210012609146, 0.08511923482745563] in 2 iterations
New 4-planet chi-square: 73.7682137481191
Maximum: -94.62041447771041 Param: [2.3617441196231886e-6, 224.7007963365836, 3503.7651949949322, 0.002730270076070713, 0.01814198729994529, 2.9105259175967646e-6, 365.2101127881621, 3625.037665761147, 0.01298831898517733, 0.01850599354635928, 3.952477146877417e-6, 729.7401598120375, 159.26952890213525, 0.07039272685036747, 0.06190045665986673, -0.0010069278869496983, 4270.89241413885, 8107.74436252258, 0.08011209243927404, 0.08511923542538083]
FITS/fromEMB/p3_fit10s16yrs.jld2 loaded.
Previous model params: [2.704180093272292e-6, 224.7007976007441, 3503.76524041647, 0.031145478579232423, 0.003883023436443099, 3.262205137091695e-6, 365.25641586820996, 3624.4024799217004, 0.037706275854105804, 0.0042600866241838, 0.0006320120331932554, 4348.668172535146, 243.59023975640898, -0.00929469133761298, -0.09238965808516038]
Finished 4-planet fit w/ fixed period: [2.551704887522059e-6, 224.7007881242198, 3503.7653992925875, 0.015675938838442805, 0.012162782493792523, 3.12093596875048e-6, 365.2562776383137, 3624.4037236966487, 0.02466043635231715, 0.011632436967490318, 8.306059650976488e-6, 1240.8605951422096, 739.4483554924024, 0.19945757526277363, 0.1297955891850256, 0.0014625979039618782, 4826.690873158129, -554.8171027886168, 0.02352279967198242, -0.049632040972640554] in 2 iterations
New 4-planet chi-square: 53.04414303771476
Maximum: -83.39361354235481 Param: [2.5553078161919617e-6, 224.7007882484077, 3503.7653984281906, 0.01591449475530167, 0.012369533949111902, 3.1221131930859307e-6, 365.25627791058355, 3624.4037201840233, 0.024862344667201233, 0.011790964250864773, 8.401376905259808e-6, 1241.724367713801, 735.5114942316807, 0.1996561964709224, 0.12933549352552537, 0.0014668184195504419, 4826.661397778124, -558.3732406135471, 0.024580794852362267, -0.049730641887688734]
FITS/fromEMB/p3_fit10s15yrs.jld2 loaded.
Previous model params: [2.6579116359856943e-6, 224.70080737706147, 3503.7651370861386, 0.026339185930061067, 0.0029889968542243044, 3.181416713397086e-6, 365.25642751821044, 3624.4024258357567, 0.03341244331838825, 0.004120268318431757, 0.0006306707756474583, 4365.349541980835, 4634.567622050004, -0.008557417957774465, -0.08488755066561308]
Finished 4-planet fit w/ fixed period: [2.5183254137620513e-6, 224.70079744453275, 3503.765291045242, 0.010995415943697922, 0.007769858482649472, 3.055665039123752e-6, 365.25630035106036, 3624.4035848628714, 0.02045959346461826, 0.008894915393592285, 7.260080340678691e-6, 1240.8605951422096, 742.6106428752219, 0.22005785669959696, 0.13060132242586586, 0.0015228434669943458, 4821.434001320418, 4325.194711378448, 0.029547534728538518, -0.043751735319251896] in 2 iterations
New 4-planet chi-square: 48.000167884018985
Maximum: -75.48848791546732 Param: [2.5183839965579413e-6, 224.70079742733392, 3503.7652915603812, 0.010963874721904281, 0.007952349747190566, 3.0552451358563142e-6, 365.25629928951236, 3624.4035916374587, 0.020434673405954843, 0.009038419694658123, 7.325038619938571e-6, 1241.3127897994302, 741.0180903378806, 0.2205122870736786, 0.130206368784192, 0.0015267087134721987, 4821.372534224926, 4321.308933633512, 0.02998378890148732, -0.04374107717595925]
436]
FITS/fromEMB/p3_fit10s30yrs.jld2 loaded.
Previous model params: [2.374130539051579e-6, 224.7007755841762, 3503.7654552356066, 0.003989223127853377, -0.004352101250317803, 3.063898029421637e-6, 365.2564527513784, 3624.402297397016, 0.01637679240650346, -0.001034805859725616, 0.0009397209338010992, 4253.415563088661, 569.5784724141215, 0.031741469765186284, -0.03420045419022306]
Finished 4-planet fit w/ fixed period: [2.2781040900164003e-6, 224.7007738859576, 3503.7655093443577, 0.002275236157880322, -0.004048385878126251, 3.039805227860965e-6, 365.25645802094874, 3624.402221039415, 0.014470343995389228, -0.00045292193553840093, 2.683856284047846e-7, 690.0904405884762, 371.50589272640383, -0.08565789330627392, -0.12256073750412018, 0.001077122004409075, 4341.585510038198, 388.37524846529766, 0.034504791930879436, -0.032099324649548774] in 2 iterations
New 4-planet chi-square: 214.32704280960786
Maximum: -209.33262034945582 Param: [2.2784266279029064e-6, 224.7007738741608, 3503.7655092642667, 0.002217838312843114, -0.004032992036849958, 3.039283200153773e-6, 365.2564580740472, 3624.4022199505916, 0.014425424059096312, -0.00043573829525346666, 2.676625737197954e-7, 690.0307161397777, 371.8404299930857, -0.08518607690425814, -0.12345191047744007, 0.0010785075640989906, 4341.616045122212, 387.98372925511944, 0.034514996913534046, -0.03217222346557199]
FITS/fromEMB/p3_fit10s29yrs.jld2 loaded.
Previous model params: [2.4835734797901334e-6, 224.70077642666266, 3503.7654261728194, 0.0052833482540824254, -0.0022624519950281705, 3.0388530515704795e-6, 365.2564523528483, 3624.402252788461, 0.01740530588400604, 0.00033998811030686184, 0.0008422005377487397, 4236.612822098357, 599.9520979413171, 0.0198525194684784, -0.037038619190434906]
Finished 4-planet fit w/ fixed period: [2.397901861781778e-6, 224.70077513597718, 3503.765453874502, 0.0020442178493899127, -0.002159178465846711, 3.0095904392841945e-6, 365.2564596287709, 3624.4021434371234, 0.014326457412541035, 0.0007374736193242977, 1.5207478098237758e-7, 688.2455295976565, 362.05279399215516, -0.06847886752075273, -0.25164223307599015, 0.0010039628337970292, 4333.203906301912, 391.53684361449916, 0.023498040709709473, -0.03692762740100324] in 2 iterations
New 4-planet chi-square: 285.61927829262794
Maximum: -214.87706971005395 Param: [2.397873762432436e-6, 224.70077513660902, 3503.7654537231583, 0.0020308521208801146, -0.0021569362337731483, 3.0094965055757987e-6, 365.25645963969174, 3624.402143215289, 0.01431608785261858, 0.0007404354899627933, 1.5192525904335e-7, 688.233172377005, 362.03204179433, -0.06801820121726866, -0.2521062533493758, 0.0010042402169130004, 4333.2079133319185, 391.49381987070126, 0.02350127296525053, -0.0369377788986577]
FITS/fromEMB/p3_fit10s28yrs.jld2 loaded.
Previous model params: [2.3640937909697473e-6, 224.70077484372953, 3503.765495814742, -0.001500594865859233, -0.0036107635670226353, 3.0567956485999738e-6, 365.256452535342, 3624.402257556631, 0.012761369962016659, 0.00016474807969949322, 0.0010167191301877472, 4251.046608767699, 564.7492941123421, 0.040887162007086225, -0.03340852205737336]
Finished 4-planet fit w/ fixed period: [2.2722866351211585e-6, 224.70077256680113, 3503.7655489371273, -0.003082506332121149, -0.003748136306444983, 3.0383122828984284e-6, 365.2564572421798, 3624.402174799701, 0.010772038744933295, 0.0002889609713956018, 2.337657171898936e-7, 689.3518834771223, 380.6661687773663, -0.10078640744739985, -0.14245865021913032, 0.0011519366060074134, 4326.925473923107, 396.217873013978, 0.04103344117736774, -0.03369838251818917] in 2 iterations
New 4-planet chi-square: 196.95649789379732
Maximum: -192.82887517397992 Param: [2.2712952727302563e-6, 224.70077259001923, 3503.765549009798, -0.0030575243939331745, -0.0037553330073053968, 3.038492877051106e-6, 365.2564571465612, 3624.4021761526574, 0.010792473058305437, 0.00027911401352760824, 2.3422000412071157e-7, 689.4220940313782, 380.2924038591937, -0.10152103397300062, -0.14143648039937043, 0.0011512401004109417, 4326.657841343716, 396.88515999042454, 0.041084098394684056, -0.033613649508362584]
FITS/fromEMB/p3_fit10s27yrs.jld2 loaded.
Previous model params: [2.4000223131425898e-6, 224.7007799916322, 3503.7654093542965, 0.009659862421351315, -0.00283811072012787, 3.0940744827619236e-6, 365.256455225443, 3624.4022510299787, 0.021047333694638622, 0.0004533882052013312, 0.0008953637853167501, 4292.123146261519, 4789.641079337642, 0.03349942891838127, -0.03232837990632645]
Finished 4-planet fit w/ fixed period: [2.322478744279629e-6, 224.70077418443026, 3503.7655052322134, 0.00197467044359693, -0.002306821208671279, 3.028190900913386e-6, 365.25646320339496, 3624.4021176002425, 0.014635282414926381, 0.0014222954870941767, 2.2337633571437848e-7, 686.7731526563394, 375.43372322699355, -0.008451773966640944, -0.18232026920697847, 0.0011021354819451589, 4375.2380350047215, 4692.825732302834, 0.032343321882882525, -0.03112952388745189] in 2 iterations
New 4-planet chi-square: 184.7754397927875
Maximum: -182.66994370874232 Param: [2.3209882586315654e-6, 224.70077426426138, 3503.765504697042, 0.002041857501682515, -0.002323244495276164, 3.028623202637179e-6, 365.2564631114692, 3624.40211870806, 0.014685781327899267, 0.0014047578487280975, 2.225324493050412e-7, 686.8553803698554, 374.83292700956326, -0.009986275195140679, -0.18220041032173215, 0.0010994487005030944, 4374.747574590869, 4693.330441223816, 0.03234924494977838, -0.03112477638593106]
FITS/fromEMB/p3_fit10s26yrs.jld2 loaded.
Previous model params: [2.3303959147529144e-6, 224.7007792678375, 3503.7653954397274, 0.006640203103070586, -0.005289667227680819, 3.096883398240006e-6, 365.25646001459444, 3624.402201341148, 0.018434083493923812, -0.0020040695526359884, 0.0009276414147488595, 4251.6046810932685, 554.4182438361873, 0.03439339259129824, -0.04233286307535225]
Finished 4-planet fit w/ fixed period: [2.345436906093943e-6, 224.70077441434134, 3503.7654858128226, 0.003341873005500516, -0.0028491524775447526, 3.0705353893664637e-6, 365.25645597765606, 3624.402195088767, 0.015510905425024792, 0.0003258221012925421, 2.3447780154355437e-7, 688.6141167934792, 371.88523769135753, -0.05653510674106963, -0.16805761022744284, 0.0010080449788034218, 4349.855945874901, 355.3380986860259, 0.024340692379596723, -0.03759280400797063] in 2 iterations
New 4-planet chi-square: 186.57545314607728
Maximum: -177.7804148803659 Param: [2.345436906093943e-6, 224.70077441434134, 3503.7654858128226, 0.003341873005500516, -0.0028491524775447526, 3.0705353893664637e-6, 365.25645597765606, 3624.402195088767, 0.015510905425024792, 0.0003258221012925421, 2.3447780154355437e-7, 688.6141167934792, 371.88523769135753, -0.05653510674106963, -0.16805761022744284, 0.0010080449788034218, 4349.855945874901, 355.3380986860259, 0.024340692379596723, -0.03759280400797063]
FITS/fromEMB/p3_fit10s25yrs.jld2 loaded.
Previous model params: [2.3295012051979087e-6, 224.70077883253887, 3503.765404247889, 0.0010224458348157806, -0.003539630721573635, 3.0867748798776467e-6, 365.25646868054304, 3624.4021192770256, 0.015119550668133305, -0.000180061455513597, 0.0009417337066649806, 4237.270045927315, 531.0884774402358, 0.0404387940710017, -0.05176889367350623]
Finished 4-planet fit w/ fixed period: [2.336705540100042e-6, 224.70076748100095, 3503.765559927179, -0.003125893341579342, 0.0024390712749202945, 3.0570933754932706e-6, 365.2564611691998, 3624.40214967502, 0.01160460003944885, 0.004892637019891465, 1.726003405156595e-7, 685.3633391161804, 356.29425381354434, 0.05416879128452679, -0.3203303617376557, 0.0012116627209576478, 4403.448917628951, 233.49959557792428, 0.03323577106650207, -0.03343076727038841] in 20 iterations
New 4-planet chi-square: 182.96826929173477
Maximum: -169.30266424366337 Param: [2.33577169087614e-6, 224.70076752402466, 3503.7655601501724, -0.003094022338804985, 0.0024349405212930842, 3.05726735176778e-6, 365.256461094188, 3624.4021505247006, 0.011628345407411277, 0.0048868756804073136, 1.7233445224657085e-7, 685.4032530632425, 356.0109651539853, 0.05209220527955751, -0.3205424959344402, 0.0012100055900596631, 4403.333173225632, 233.79786847524997, 0.03322815769282983, -0.03341896371135576]
FITS/fromEMB/p3_fit10s24yrs.jld2 loaded.
Previous model params: [2.4362517853902613e-6, 224.700779733269, 3503.765437111695, -0.00037801941715875464, -0.00504933268265159, 3.0341715358579142e-6, 365.2564650816024, 3624.4021632831727, 0.013558031941326957, -0.001879122973222385, 0.000935338527742556, 4211.429974625956, 603.8540536523928, 0.03431938043001238, -0.04679794018095477]
Finished 4-planet fit w/ fixed period: [2.512163759512317e-6, 224.70077992568147, 3503.7654391149445, 0.008563240123901037, -0.0020185770749769167, 3.0181554766591285e-6, 365.20861738330285, 3625.2882703163245, 0.01973999468015286, 0.0003079258499924594, 3.13521621536742e-6, 729.7281753551541, 176.80577228899915, 0.1011242416460192, -0.01071464074995824, 0.0008006866198642042, 4259.30075742137, 471.95487905208864, 0.02538794346810764, -0.05727259533364283] in 20 iterations
New 4-planet chi-square: 203.29854604520034
Maximum: -167.4122804184263 Param: [2.512163759512317e-6, 224.70077992568147, 3503.7654391149445, 0.008563240123901037, -0.0020185770749769167, 3.0181554766591285e-6, 365.20861738330285, 3625.2882703163245, 0.01973999468015286, 0.0003079258499924594, 3.13521621536742e-6, 729.7281753551541, 176.80577228899915, 0.1011242416460192, -0.01071464074995824, 0.0008006866198642042, 4259.30075742137, 471.95487905208864, 0.02538794346810764, -0.05727259533364283]
FITS/fromEMB/p3_fit10s23yrs.jld2 loaded.
Previous model params: [2.392461725914166e-6, 224.70078318747395, 3503.7653828277193, 0.007689264213274083, -0.0045709725754754125, 3.0942888368596617e-6, 365.2564645589401, 3624.402162380171, 0.01947928473109595, -0.0016189721094788479, 0.0008334806182862329, 4210.01062467489, 4795.993025538224, 0.03231103651031705, -0.05063992933665262]
Finished 4-planet fit w/ fixed period: [2.502471727651185e-6, 224.7007676495987, 3503.765568688225, 0.001007992078341437, 0.0014234143122680845, 3.061555256013211e-6, 365.2564578049441, 3624.402191227018, 0.014410821209224734, 0.0032805916751382277, 2.8002251906041756e-7, 683.6748817609835, 408.9427449901333, -0.041378987976988746, -0.21576365783709364, 0.0011721698428116842, 4372.472047293158, 4670.96370060315, 0.0322338302355316, -0.03072640953535449] in 2 iterations
New 4-planet chi-square: 207.0042134931571
Maximum: -159.98217444292843 Param: [2.5024718533628135e-6, 224.70076764959686, 3503.765568688243, 0.0010079910025344062, 0.0014234140510507843, 3.0615552466240783e-6, 365.2564578049477, 3624.4021912270487, 0.014410822053606661, 0.0032805917439247185, 2.800225189798275e-7, 683.6748593181568, 408.94276209550816, -0.04137891535237556, -0.21576372266714694, 0.0011721698566974357, 4372.4720199188005, 4670.963663702122, 0.03223382928152602, -0.030726405168131642]
FITS/fromEMB/p3_fit10s22yrs.jld2 loaded.
Previous model params: [2.448533382073964e-6, 224.70079123337547, 3503.76525449739, 0.01755687482302756, -0.0052242037415107054, 3.1683849333092076e-6, 365.25646388715995, 3624.402136191266, 0.025643080487482414, -0.0017413643142076554, 0.0006290046418344803, 4207.02467143375, 570.7095002718876, -0.006668883496090435, -0.06935513187830716]
Finished 4-planet fit w/ fixed period: [2.5674238388141135e-6, 224.70077022257078, 3503.7655093109743, 0.0029041728214115816, 0.003250605499798477, 3.071551902942101e-6, 365.25646057440264, 3624.402150541901, 0.01504846556913934, 0.005312458107476289, 3.115350554629399e-7, 682.2309437492042, 420.6658601518333, -0.024329006202212882, -0.1995710763063952, 0.0010887430788067407, 4374.486878594004, 268.420562858628, 0.01769892197260776, -0.036336332142990535] in 2 iterations
New 4-planet chi-square: 169.95549266503988
Maximum: -146.36279295521706 Param: [2.5674238388141135e-6, 224.70077022257078, 3503.7655093109743, 0.0029041728214115816, 0.003250605499798477, 3.071551902942101e-6, 365.25646057440264, 3624.402150541901, 0.01504846556913934, 0.005312458107476289, 3.115350554629399e-7, 682.2309437492042, 420.6658601518333, -0.024329006202212882, -0.1995710763063952, 0.0010887430788067407, 4374.486878594004, 268.420562858628, 0.01769892197260776, -0.036336332142990535]
FITS/fromEMB/p3_fit10s21yrs.jld2 loaded.
Previous model params: [2.3135753753815196e-6, 224.70078814763792, 3503.765318805301, 0.00853616606546738, 0.0028528987201410323, 3.2164886185399048e-6, 365.2564615697501, 3624.402204070677, 0.018662622681958216, 0.004666590557247117, 0.0007196655288707037, 4170.208782684531, 588.0538811252675, 0.020788408090789346, -0.06474360529964637]
