args = ["Hpppp", "grid", "fromEV", "100"]
FITS/p3_fit10s16yrs.jld2 loaded.
Previous model params: [3.480108962217504e-6, 224.70078867790494, 3503.768732411678, -0.10668573391727663, -0.026571579856287643, 2.500979119057135e-6, 365.25640917349824, 3624.4079094075155, -0.06951043095692847, -0.01890102440265288, 0.0008014727046504296, 4646.420055939355, 1105.0064078138387, 0.0068609314986814275, 0.09793695097926339]
Finished 4-planet fit w/ fixed period: [4.361705789080624e-6, 224.70077489199704, 3503.7689352195844, -0.03752524631313579, -0.022706336021762582, 2.6774845433439074e-6, 365.2563296412391, 3624.408686225767, -0.019164228568952876, -0.015365757825216743, 9.127256120831773e-9, 876.0556962402208, -19269.7159640632, 7.004435062460358, -70.79397172446677, 0.0017215182458420579, 5389.679845388772, 52.07270215271403, 0.05033950011647204, 0.05454808633185316] in 2 iterations
New 4-planet chi-square: 90.94724924816494
Maximum: -94.71587285677995 Param: [4.36330835207553e-6, 224.7007745538506, 3503.76893941284, -0.036924002089256086, -0.023457095970150874, 2.6801195296011736e-6, 365.25632566386713, 3624.4087168604906, -0.018690744186204308, -0.015953627093892947, 9.166945096903278e-9, 876.5927581283596, -19278.72712693729, 9.446851436885211, -70.76549822455185, 0.0017097742155782307, 5392.389666587814, 42.50090027924419, 0.04976349948293289, 0.05510940542755843]
FITS/p3_fit10s18yrs.jld2 loaded.
Previous model params: [3.649024310139974e-6, 224.70077748396545, 3503.768804916641, -0.09305299201292261, -0.028148035043759363, 2.532468703589619e-6, 365.2564168031781, 3624.4077855541527, -0.059307396536895776, -0.02054925428553204, 0.0007840610222511262, 4469.128705757167, 1245.7451302148324, 0.007983314839172483, 0.09364983603511712]
Finished 4-planet fit w/ fixed period: [2.6275953047239645e-6, 224.70086796741467, 3503.768281226359, -0.08092095782466226, 0.01575015211033581, 2.5628886551512666e-6, 365.256327344288, 3624.4087325768146, -0.052828847834058064, 0.01364735251000909, 5.690228504497386e-7, 668.1979949920594, 80.46218012575457, -0.45965508271950917, 0.05761570407058155, 0.0011898297343686645, 5633.377532927053, 295.8012835476831, 0.07241396934543626, 0.12186401144724911] in 2 iterations
New 4-planet chi-square: 191.14822088868036
Maximum: -123.44665508820655 Param: [2.590853610540356e-6, 224.70087538829245, 3503.7684949918867, -0.07502986378349635, 0.018967351414519745, 2.5947647829223745e-6, 365.2563281935404, 3624.4087092628447, -0.04797062450899286, 0.016316558845323015, 7.0397889255132e-7, 669.4377643695574, 77.23978333603097, -0.3888588226290317, 0.08845327130275103, 0.0012212959191399114, 5781.022548828259, 141.3754792299131, 0.07993745107842197, 0.11497930830823976]
FITS/p3_fit10s20yrs.jld2 loaded.
Previous model params: [3.709041838656494e-6, 224.70078087009136, 3503.7688142167885, -0.07058913926642128, -0.03075849397754374, 2.680862661791797e-6, 365.2564063257343, 3624.4079452383876, -0.04182494875902282, -0.023204656139611004, 0.001036484413239846, 4684.582554398238, 924.9965743597412, 0.035575865307889976, 0.06706784261451017]
Finished 4-planet fit w/ fixed period: [2.5519459010920674e-6, 224.70087590646418, 3503.7690301774865, -0.07081302750606162, 0.023488072468958236, 2.608594527634009e-6, 365.2563267015198, 3624.408731606732, -0.044466805673581224, 0.019774136192922526, 8.213543339264185e-7, 670.9123367450536, 737.0011044088201, -0.34268101795115535, 0.09856864921326748, 0.0013190525649579966, 6176.520853332912, -255.70477788735397, 0.08902519161193947, 0.10528874854992268] in 2 iterations
New 4-planet chi-square: 225.4172909415231
Maximum: -140.86678608379253 Param: [2.571867204735062e-6, 224.70087337742552, 3503.768772326422, -0.07240071603750328, 0.023798335988566996, 2.600367239103686e-6, 365.25632308199954, 3624.4087671797506, -0.045889687542145445, 0.019977379049488594, 7.688839183633052e-7, 670.3910625345495, 741.7873331232298, -0.3617040192329444, 0.09933171341938704, 0.0012711460248373164, 6074.583259894143, -132.32178748761405, 0.0886319103325358, 0.1128132162864597]
FITS/p3_fit10s22yrs.jld2 loaded.
Previous model params: [3.469349721387537e-6, 224.70078827857262, 3503.7686529662374, -0.09908800814713034, -0.0523078641255394, 2.594568849053222e-6, 365.2564726269341, 3624.407329910398, -0.06421289517782147, -0.03894653969414801, 0.0004499301583771047, 4218.982169859957, 1542.9220552616982, -0.06699419785907611, 0.12705944568722774]
Finished 4-planet fit w/ fixed period: [2.7245057599170277e-6, 224.70089400385265, 3503.7688094694677, -0.04481464258314812, 0.004745638908103311, 2.8385056635136017e-6, 365.2564661577631, 3624.4073693058335, -0.024210165721628582, 0.006464025505885196, 7.365934091270087e-7, 671.5937830193074, 689.466714105788, -0.3441279675584842, -0.04356951750052221, 0.0006522125717216399, 4147.571377446536, 1727.3445946295062, -0.009377110799337058, 0.11216056419273497] in 11 iterations
New 4-planet chi-square: 369.7528091294141
Maximum: -168.5157889197065 Param: [2.728536791728548e-6, 224.70089404272375, 3503.7687044538798, -0.04460879098972671, 0.004506632171152685, 2.839295162491986e-6, 365.2564660143958, 3624.407369899662, -0.02412097244537424, 0.0062612777510672925, 7.340403649622075e-7, 671.4889898371796, 689.3521710461414, -0.34433756481479216, -0.04785895460725604, 0.0006734332854585336, 4151.1081845013405, 1719.747141433765, -0.0059117919598962974, 0.10856098822082781]
FITS/p3_fit10s24yrs.jld2 loaded.
Previous model params: [3.829608388083214e-6, 224.7007794199831, 3503.7687468161907, -0.06711753092869739, -0.05579872204852998, 2.6786467021718514e-6, 365.25647942370716, 3624.4072679034457, -0.03815171651425746, -0.04226574845152871, 0.00043102917496760804, 4211.022540221467, 1318.3582902780438, -0.10962291468249616, 0.07563833838005081]
Finished 4-planet fit w/ fixed period: [2.79523424112259e-6, 224.70087035482118, 3503.7698009474507, -0.05562832756256543, -0.0017453987364423806, 2.7379160661542804e-6, 365.2564758877376, 3624.4073086912185, -0.03077695504622323, 0.0009752063884961454, 8.599601376498307e-7, 672.30890557941, 19.739955155885433, -0.27573907819059235, -0.013757807183721969, 0.0003290756831064789, 4162.443940915838, 1437.7075191907222, -0.15000538608961744, 0.08028923266300007] in 2 iterations
New 4-planet chi-square: 551.3540577924084
Maximum: -198.8398810413908 Param: [2.792489661795512e-6, 224.70087042815223, 3503.7697234493257, -0.05593094562972769, -0.0019194470954088034, 2.736504932178266e-6, 365.2564760269799, 3624.407307237649, -0.031011544628944863, 0.0008309435443876389, 8.59885126287256e-7, 672.2707168042995, 20.192462100777362, -0.27577866999774525, -0.014117461863209228, 0.00032733732361120687, 4163.253948210279, 1435.0695437636227, -0.1513398423167104, 0.0797781305736298]
FITS/p3_fit10s26yrs.jld2 loaded.
Previous model params: [3.7622677356579865e-6, 224.70077398356796, 3503.7688437322818, -0.07549339125296461, -0.05698797598501022, 2.6246056993109897e-6, 365.2564539156077, 3624.4075391317474, -0.044754342618322694, -0.04439583546425181, 0.0005168148567206611, 4276.591865691113, 1357.6798060190274, -0.033273811410180876, 0.09579982421132958]
Finished 4-planet fit w/ fixed period: [2.730119640106073e-6, 224.70087217015362, 3503.772613492595, -0.0461570584603382, 0.003432058580170193, 2.7788896113673886e-6, 365.2564607969055, 3624.4074388725535, -0.023481739382964408, 0.004931834923397157, 1.0004025507155335e-6, 673.047272945426, 695.6881376318785, -0.2583394408661201, 0.024460884476973265, 0.0002618397839776755, 4071.806189004784, 1959.9396174648978, -0.09475903803799852, 0.21143013335320396] in 2 iterations
New 4-planet chi-square: 671.1595064875382
Maximum: -221.3062319924904 Param: [2.697936581867414e-6, 224.70087436536204, 3503.771704741943, -0.04622560495640345, 0.004232112473061948, 2.7791513171309398e-6, 365.256460721844, 3624.407440946072, -0.023557119968708795, 0.005542448887001028, 1.0231743874124707e-6, 672.8769209074057, 697.3998382426316, -0.2567068176859732, 0.02304996464960225, 0.0002689000324657359, 4073.4368945115675, 1968.9677106820732, -0.08508545174499867, 0.20664222650986466]
FITS/p3_fit10s28yrs.jld2 loaded.
Previous model params: [3.626797866174856e-6, 224.70077536194873, 3503.768810288684, -0.08573815480846081, -0.0656441297653309, 2.5836464418894108e-6, 365.256455537258, 3624.407497623799, -0.05242436035277975, -0.05061685053065245, 0.0004072972022991139, 4227.747902034095, 1455.101031355185, -0.08419646624435251, 0.11994013846855785]
Finished 4-planet fit w/ fixed period: [2.573139438009614e-6, 224.70088426395293, 3503.7704152943793, -0.03984836806846082, 0.008280703266098715, 2.825534394726241e-6, 365.2564562381854, 3624.407490722533, -0.018189106071517757, 0.009188273964912662, 1.182571438838953e-6, 672.5033259384592, 697.6541885085526, -0.23979595757459926, 0.011759310971474287, 0.00040907470965063393, 4068.8824997746506, 2050.052431709559, 0.004251751590984694, 0.15899497266496687] in 2 iterations
New 4-planet chi-square: 739.0557872667943
Maximum: -241.09612940335623 Param: [2.5479645245679653e-6, 224.70088812599425, 3503.7696999247187, -0.0366520622224675, 0.009257888615246469, 2.8416170550778412e-6, 365.2564560050998, 3624.40749434479, -0.015749748429882856, 0.009891908956773526, 1.241942273593447e-6, 672.266537533494, 699.8634771255623, -0.2325764390383304, 0.008328894254693736, 0.00046272118267166775, 4068.2652892300707, 2064.040580667273, 0.023042628321960072, 0.14346292854463547]
FITS/p3_fit10s30yrs.jld2 loaded.
Previous model params: [3.642609709369257e-6, 224.70077446088771, 3503.7688228645598, -0.0820360075649705, -0.06537145633520125, 2.5888338864042884e-6, 365.2564586430494, 3624.407468796788, -0.04948273660986302, -0.05048163812821504, 0.00039807848095706785, 4225.768536755524, 1451.3693950286063, -0.08677054058436923, 0.12058570853238305]
Finished 4-planet fit w/ fixed period: [2.624353532136365e-6, 224.7008834101681, 3503.77041764753, -0.03755866386033017, 0.006718780097792242, 2.848496521268551e-6, 365.2564600757809, 3624.407450623356, -0.016646887734877318, 0.007951079130838803, 1.1480722950565816e-6, 672.5033259384592, 697.4807490725635, -0.24514301153026935, 0.010294644942693, 0.00042868736437210315, 4067.749698204433, 2019.8205475365626, 0.0049759109407736665, 0.15367141121767752] in 2 iterations
New 4-planet chi-square: 760.8075860731474
Maximum: -258.74083881206667 Param: [2.6243538283056544e-6, 224.70088341015688, 3503.770417647338, -0.03755866168286687, 0.006718778793159497, 2.8484965659036885e-6, 365.256460075782, 3624.4074506233655, -0.016646887891884777, 0.00795107938190585, 1.1480723647973773e-6, 672.5033160943698, 697.4807485051086, -0.2451430256434879, 0.01029464635581413, 0.0004286873643415172, 4067.749644218792, 2019.820579380581, 0.004975890655265134, 0.1536714234426133]
FITS/p3_fit30s16yrs.jld2 loaded.
Previous model params: [3.480110571096413e-6, 224.70078867797073, 3503.768732409903, -0.10668551395224332, -0.026571335480964766, 2.5009806520265307e-6, 365.2564091740669, 3624.407909400416, -0.06951027461517086, -0.018900823377125796, 0.0008014725512297218, 4646.411245722696, 1105.017647922047, 0.006861345286512771, 0.09793685536490142]
Finished 4-planet fit w/ fixed period: [4.362044901343231e-6, 224.70077487783206, 3503.768935420967, -0.037496369604195806, -0.02270800799933029, 2.6775570644860932e-6, 365.25632955913704, 3624.4086869763437, -0.0191431476398345, -0.015366152817631214, 1.162558102493359e-8, 876.0556962402208, -15030.135537943836, 5.628193312177546, -55.59022153428782, 0.001722812093515011, 5390.318731647643, 51.08542416703527, 0.050366970154298696, 0.054514214196988264] in 2 iterations
New 4-planet chi-square: 10.105874497864685
Maximum: -48.57545465253572 Param: [4.363550176172359e-6, 224.7007745461686, 3503.768939520169, -0.03690131352570833, -0.023464397741359194, 2.680189461918977e-6, 365.25632559819917, 3624.4087173740386, -0.018674007175824618, -0.015959471821330614, 1.1525566745686587e-8, 876.5976296887792, -15237.227280009023, 7.670815263097724, -56.280434922615605, 0.0017102819432743518, 5392.479109101426, 42.21302369229615, 0.04977466907039454, 0.055093768113012004]
FITS/p3_fit30s18yrs.jld2 loaded.
Previous model params: [3.6490275537693046e-6, 224.7007774841632, 3503.7688049139992, -0.09305272899579521, -0.028147822618626, 2.5324698349798976e-6, 365.2564168040963, 3624.4077855457986, -0.05930720274886373, -0.02054907494608164, 0.0007840635420893608, 4469.12092402048, 1245.7557773342048, 0.007984348945104977, 0.09364943275513717]
Finished 4-planet fit w/ fixed period: [2.627592223863135e-6, 224.70086796808116, 3503.76828120877, -0.08092048541916214, 0.01575029505458415, 2.562890604293843e-6, 365.2563273451303, 3624.408732569921, -0.0528284646755762, 0.013647409398373476, 5.690305666562188e-7, 668.1979949920594, 80.46087685553853, -0.45965079524995966, 0.05761067075150504, 0.0011898350838772068, 5633.376639820124, 295.80037490309434, 0.07241388558831943, 0.12186315229547558] in 2 iterations
New 4-planet chi-square: 21.23869113304398
Maximum: -71.81187743581802 Param: [2.5908781861587318e-6, 224.70087538903917, 3503.7684948924893, -0.07502636582257936, 0.018972157180880588, 2.594780911988938e-6, 365.25632819239405, 3624.408709267025, -0.04796790651503858, 0.016320230705945352, 7.039748011977668e-7, 669.4374207694254, 77.24860145718758, -0.38885927567067513, 0.08847310054740637, 0.0012213273078058625, 5780.9571522437045, 141.48031066868876, 0.07994391333749393, 0.11497959385585753]
FITS/p3_fit30s20yrs.jld2 loaded.
Previous model params: [3.7090472338230735e-6, 224.70078087007846, 3503.7688142172387, -0.07058864313471723, -0.03075839382847964, 2.6808649634589666e-6, 365.2564063257656, 3624.407945238204, -0.041824567159857724, -0.02320460479570331, 0.0010364904904121683, 4684.582554398238, 924.9913792253731, 0.03557602260204368, 0.06706696695362586]
Finished 4-planet fit w/ fixed period: [2.5519570736024652e-6, 224.70087590516778, 3503.769030204661, -0.07081343200033721, 0.02348837885840566, 2.608593270274816e-6, 365.2563267027874, 3624.4087315923557, -0.04446707915274135, 0.019774358268530228, 8.213476550082417e-7, 670.9123367450536, 66.08967111359692, -0.3426799700020401, 0.09857224200977349, 0.0013190273727547485, 6176.50094595946, -255.68902960289512, 0.08902480068962591, 0.10529000330985334] in 2 iterations
New 4-planet chi-square: 25.04636599809404
Maximum: -83.73894742384203 Param: [2.571879913828721e-6, 224.700873375204, 3503.7687721152433, -0.07240203844605578, 0.02380012252353872, 2.6003640807210807e-6, 365.25632307833285, 3624.4087672188903, -0.04589076989672326, 0.01997863182099954, 7.688391387022092e-7, 670.3906684041199, 71.39802544618126, -0.36172186688055097, 0.09932483169190287, 0.0012710736526330463, 6074.443815337663, -132.13081833512177, 0.08863199662127945, 0.11282399372923622]
FITS/p3_fit30s22yrs.jld2 loaded.
Previous model params: [3.4693079556336934e-6, 224.70078827877452, 3503.7686529624766, -0.09909263637760893, -0.05230825698533077, 2.594548108334094e-6, 365.25647262704945, 3624.4073299083807, -0.0642165234356612, -0.038946750063300825, 0.00044990996349560396, 4218.980481398216, 1542.9463764594402, -0.06700117410006366, 0.12706871349370083]
Finished 4-planet fit w/ fixed period: [2.7245040816808597e-6, 224.70089400412238, 3503.768809454929, -0.044814323802458735, 0.004745592685327029, 2.838507791292813e-6, 365.25646615781943, 3624.4073693051637, -0.02420993906174157, 0.006464006191858676, 7.365997052912781e-7, 671.5937830193074, 689.4665871156325, -0.3441253600898694, -0.043570147366629404, 0.0006522281453873403, 4147.570867107686, 1727.355668809085, -0.009371922174157221, 0.11215958093469545] in 20 iterations
New 4-planet chi-square: 41.083645457694445
Maximum: -105.89488846484082 Param: [2.7285327703787316e-6, 224.70089404268148, 3503.7687044505906, -0.0446087400741921, 0.004507284036156005, 2.8392957464885467e-6, 365.2564660144671, 3624.4073698983716, -0.024120942469753444, 0.0062617967747752275, 7.340482150061648e-7, 671.4889747757468, 689.3555995311148, -0.34433632119896257, -0.04784821057235827, 0.0006734246796054912, 4151.105670914306, 1719.7594985969624, -0.005909554769114256, 0.10856338946896021]
FITS/p3_fit30s24yrs.jld2 loaded.
Previous model params: [3.829568769096564e-6, 224.70077941980233, 3503.7687468192908, -0.06712133414410024, -0.05579867931653254, 2.678628637866706e-6, 365.2564794238312, 3624.4072679018445, -0.038154743499742454, -0.04226567153902736, 0.00043103231737546584, 4211.021349262363, 1318.3949146350042, -0.109617720304871, 0.07564544360206447]
Finished 4-planet fit w/ fixed period: [2.7952198678730272e-6, 224.70087035475245, 3503.769801020371, -0.05562856799044088, -0.0017440053637255966, 2.7379152113112015e-6, 365.25647588793646, 3624.4073086876474, -0.030777161346385775, 0.000976345032415982, 8.599778630825107e-7, 672.30890557941, 19.744078119951823, -0.2757368763179864, -0.013744488775944629, 0.00032905984184014445, 4162.43840083011, 1437.7832413016984, -0.15000329938903784, 0.08031106121249046] in 2 iterations
New 4-planet chi-square: 61.26156207584283
Maximum: -129.62730690615757 Param: [2.7925587828612846e-6, 224.70087042855778, 3503.769724019684, -0.05592401010848109, -0.0019188000471720885, 2.7365400631888627e-6, 365.256476024976, 3624.4073072596325, -0.031006043217907512, 0.0008314076820607492, 8.598757851843769e-7, 672.2710407223549, 20.179021286463467, -0.27577653573660965, -0.01414256783248283, 0.00032741149914362617, 4163.25002467794, 1434.9953684463903, -0.15130877307881255, 0.079744442398038]
FITS/p3_fit30s26yrs.jld2 loaded.
Previous model params: [3.7622928956744734e-6, 224.7007739835655, 3503.76884373216, -0.07549091921132128, -0.05698761662700462, 2.6246175837948656e-6, 365.256453915502, 3624.4075391325196, -0.04475238345251904, -0.04439559387969268, 0.000516819539914632, 4276.591865691113, 1357.670995640861, -0.03327283886242542, 0.09579795355567154]
Finished 4-planet fit w/ fixed period: [2.7301084206877433e-6, 224.70087216998022, 3503.7726133266488, -0.04615925085388565, 0.0034296057112545237, 2.7788776541322865e-6, 365.256460796614, 3624.4074388762174, -0.023483481254423753, 0.004929900518479623, 1.0003822446253449e-6, 673.047272945426, 695.685291507582, -0.2583440822602371, 0.02445058216967365, 0.00026184418610725586, 4071.8112366237588, 1959.908292172163, -0.09476641380210848, 0.21142001648896094] in 2 iterations
New 4-planet chi-square: 74.57327859307455
Maximum: -146.60059640612548 Param: [2.697942692046117e-6, 224.70087436538444, 3503.771705390326, -0.04622338241622606, 0.0042367360795506305, 2.7791637451105303e-6, 365.2564607228212, 3624.4074409338486, -0.0235553540054407, 0.005546127331737175, 1.0232023062198213e-6, 672.8769963278085, 697.4066527431287, -0.2567012981022018, 0.02307632154844983, 0.00026885928360487264, 4073.428782951314, 1969.033827064442, -0.08509523321129782, 0.20668217078791554]
FITS/p3_fit30s28yrs.jld2 loaded.
Previous model params: [3.626738620081672e-6, 224.70077536205915, 3503.768810285411, -0.08574421348272881, -0.06564481722292936, 2.583619663580722e-6, 365.2564555377695, 3624.407497614989, -0.05242917707643032, -0.05061728964649038, 0.0004072769742478891, 4227.740959378769, 1455.1505763979528, -0.08420225807793333, 0.1199530499904931]
Finished 4-planet fit w/ fixed period: [2.573142488526377e-6, 224.70088426273097, 3503.7704153733016, -0.039849408459480345, 0.008281510213193803, 2.8255298463466143e-6, 365.25645623830667, 3624.4074907195377, -0.0181898589787374, 0.009188912368775292, 1.1825665667080975e-6, 672.5033259384592, 25.153691535398774, -0.2397958532325216, 0.01176827820250916, 0.0004090373071272321, 4068.877306208088, 2050.075076978165, 0.004247051259154809, 0.1590078801911367] in 2 iterations
New 4-planet chi-square: 82.11730971906077
Maximum: -160.8974323406964 Param: [2.5479630647142595e-6, 224.70088812615052, 3503.7696999289105, -0.03665115872847943, 0.009259244948560803, 2.8416220148490028e-6, 365.2564560051529, 3624.407494343255, -0.01574903173903558, 0.009892986755812027, 1.2419622340147752e-6, 672.2665213232412, 27.600441912196022, -0.23257311867080105, 0.008338719308593923, 0.0004627198921643061, 4068.260825449822, 2064.0616483334875, 0.02305221060255714, 0.14346432642739032]
FITS/p3_fit30s30yrs.jld2 loaded.
Previous model params: [3.6426190299840244e-6, 224.70077446087956, 3503.7688228648035, -0.08203493192717563, -0.06537166007557474, 2.588838882880252e-6, 365.25645864300003, 3624.407468797455, -0.04948188740820125, -0.05048181152068693, 0.00039808171128325316, 4225.768420691771, 1451.3636520039113, -0.08676909500008201, 0.12058344107845084]
Finished 4-planet fit w/ fixed period: [2.6243504219808564e-6, 224.70088341009875, 3503.77041766774, -0.0375585668982743, 0.006718812142170769, 2.848498017788233e-6, 365.25646007582645, 3624.407450622695, -0.01664680028416822, 0.007951109731260796, 1.148085737997524e-6, 672.5033259384592, 697.4819103144425, -0.24514032861796797, 0.010297962938566801, 0.00042868221748846864, 4067.7443421892135, 2019.8434803297785, 0.0049809658414229074, 0.15367354037269892] in 2 iterations
New 4-planet chi-square: 84.53417624475084
Maximum: -173.04908030259813 Param: [2.624350779661682e-6, 224.70088341008756, 3503.7704176675416, -0.03755856397661915, 0.006718810910431501, 2.8484980574877525e-6, 365.2564600758275, 3624.4074506227034, -0.01664680026342038, 0.007951110134073253, 1.1480858053034715e-6, 672.5033161880697, 697.4819098021355, -0.24514034357833944, 0.010297964313735053, 0.0004286822116598062, 4067.74432765459, 2019.8434581458005, 0.004980939190716247, 0.15367354377571502]
FITS/p3_fit60s16yrs.jld2 loaded.
Previous model params: [3.480110571096413e-6, 224.70078867797073, 3503.768732409903, -0.10668551395224332, -0.026571335480964766, 2.5009806520265307e-6, 365.2564091740669, 3624.407909400416, -0.06951027461517086, -0.018900823377125796, 0.0008014725512297218, 4646.411245722696, 1105.017647922047, 0.006861345286512771, 0.09793685536490142]
Finished 4-planet fit w/ fixed period: [4.361777299990328e-6, 224.70077490439348, 3503.7689350465826, -0.03752408765971302, -0.022713551297318786, 2.6775223794614946e-6, 365.2563297013586, 3624.4086855655282, -0.019162870583660396, -0.01537201880607043, 1.0573702916626185e-8, 876.0556962402208, -16564.782080578436, 6.149004416884242, -61.09363177076888, 0.0017207612277045897, 5388.694035606726, 53.24401480835962, 0.0503300076909914, 0.054552189218535954] in 2 iterations
New 4-planet chi-square: 2.5264096352129397
Maximum: -19.462782744789223 Param: [4.3632189939442424e-6, 224.70077454431794, 3503.7689395436455, -0.03691983539821288, -0.023461042691935868, 2.6801104861872897e-6, 365.2563256059107, 3624.4087174543374, -0.018688098362130066, -0.015955581545182486, 1.0624642598429614e-8, 876.5955272330938, -16572.579255470126, 8.168869501271134, -61.06674165298975, 0.0017102647630211467, 5393.1552439190355, 41.48458099870191, 0.04976242201988114, 0.05510208714918049]
FITS/p3_fit60s18yrs.jld2 loaded.
Previous model params: [3.6490275537693046e-6, 224.7007774841632, 3503.7688049139992, -0.09305272899579521, -0.028147822618626, 2.5324698349798976e-6, 365.2564168040963, 3624.4077855457986, -0.05930720274886373, -0.02054907494608164, 0.0007840635420893608, 4469.12092402048, 1245.7557773342048, 0.007984348945104977, 0.09364943275513717]
Finished 4-planet fit w/ fixed period: [2.627592223863135e-6, 224.70086796808116, 3503.76828120877, -0.08092048541916214, 0.01575029505458415, 2.562890604293843e-6, 365.2563273451303, 3624.408732569921, -0.0528284646755762, 0.013647409398373476, 5.690305666562188e-7, 668.1979949920594, 80.46087685553853, -0.45965079524995966, 0.05761067075150504, 0.0011898350838772068, 5633.376639820124, 295.80037490309434, 0.07241388558831943, 0.12186315229547558] in 2 iterations
New 4-planet chi-square: 5.309672783260995
Maximum: -39.23395994950059 Param: [2.5908781861587318e-6, 224.70087538903917, 3503.7684948924893, -0.07502636582257936, 0.018972157180880588, 2.594780911988938e-6, 365.25632819239405, 3624.408709267025, -0.04796790651503858, 0.016320230705945352, 7.039748011977668e-7, 669.4374207694254, 77.24860145718758, -0.38885927567067513, 0.08847310054740637, 0.0012213273078058625, 5780.9571522437045, 141.48031066868876, 0.07994391333749393, 0.11497959385585753]
FITS/p3_fit60s20yrs.jld2 loaded.
Previous model params: [3.7090472338230735e-6, 224.70078087007846, 3503.7688142172387, -0.07058864313471723, -0.03075839382847964, 2.6808649634589666e-6, 365.2564063257656, 3624.407945238204, -0.041824567159857724, -0.02320460479570331, 0.0010364904904121683, 4684.582554398238, 924.9913792253731, 0.03557602260204368, 0.06706696695362586]
Finished 4-planet fit w/ fixed period: [2.5519570736024652e-6, 224.70087590516778, 3503.769030204661, -0.07081343200033721, 0.02348837885840566, 2.608593270274816e-6, 365.2563267027874, 3624.4087315923557, -0.04446707915274135, 0.019774358268530228, 8.213476550082417e-7, 670.9123367450536, 66.08967111359692, -0.3426799700020401, 0.09857224200977349, 0.0013190273727547485, 6176.50094595946, -255.68902960289512, 0.08902480068962591, 0.10529000330985334] in 2 iterations
New 4-planet chi-square: 6.26159149952351
Maximum: -47.69529403472487 Param: [2.571879913828721e-6, 224.700873375204, 3503.7687721152433, -0.07240203844605578, 0.02380012252353872, 2.6003640807210807e-6, 365.25632307833285, 3624.4087672188903, -0.04589076989672326, 0.01997863182099954, 7.688391387022092e-7, 670.3906684041199, 71.39802544618126, -0.36172186688055097, 0.09932483169190287, 0.0012710736526330463, 6074.443815337663, -132.13081833512177, 0.08863199662127945, 0.11282399372923622]
FITS/p3_fit60s22yrs.jld2 loaded.
Previous model params: [3.4693079556336934e-6, 224.70078827877452, 3503.7686529624766, -0.09909263637760893, -0.05230825698533077, 2.594548108334094e-6, 365.25647262704945, 3624.4073299083807, -0.0642165234356612, -0.038946750063300825, 0.00044990996349560396, 4218.980481398216, 1542.9463764594402, -0.06700117410006366, 0.12706871349370083]
Finished 4-planet fit w/ fixed period: [2.7245040816808597e-6, 224.70089400412238, 3503.768809454929, -0.044814323802458735, 0.004745592685327029, 2.838507791292813e-6, 365.25646615781943, 3624.4073693051637, -0.02420993906174157, 0.006464006191858676, 7.365997052912781e-7, 671.5937830193074, 689.4665871156325, -0.3441253600898694, -0.043570147366629404, 0.0006522281453873403, 4147.570867107686, 1727.355668809085, -0.009371922174157221, 0.11215958093469545] in 20 iterations
New 4-planet chi-square: 10.270911364423611
Maximum: -66.38549917292393 Param: [2.7285327703787316e-6, 224.70089404268148, 3503.7687044505906, -0.0446087400741921, 0.004507284036156005, 2.8392957464885467e-6, 365.2564660144671, 3624.4073698983716, -0.024120942469753444, 0.0062617967747752275, 7.340482150061648e-7, 671.4889747757468, 689.3555995311148, -0.34433632119896257, -0.04784821057235827, 0.0006734246796054912, 4151.105670914306, 1719.7594985969624, -0.005909554769114256, 0.10856338946896021]
FITS/p3_fit60s24yrs.jld2 loaded.
Previous model params: [3.829568769096564e-6, 224.70077941980233, 3503.7687468192908, -0.06712133414410024, -0.05579867931653254, 2.678628637866706e-6, 365.2564794238312, 3624.4072679018445, -0.038154743499742454, -0.04226567153902736, 0.00043103231737546584, 4211.021349262363, 1318.3949146350042, -0.109617720304871, 0.07564544360206447]
Finished 4-planet fit w/ fixed period: [2.7952198678730272e-6, 224.70087035475245, 3503.769801020371, -0.05562856799044088, -0.0017440053637255966, 2.7379152113112015e-6, 365.25647588793646, 3624.4073086876474, -0.030777161346385775, 0.000976345032415982, 8.599778630825107e-7, 672.30890557941, 19.744078119951823, -0.2757368763179864, -0.013744488775944629, 0.00032905984184014445, 4162.43840083011, 1437.7832413016984, -0.15000329938903784, 0.08031106121249046] in 2 iterations
New 4-planet chi-square: 15.315390518960708
Maximum: -85.95903453088101 Param: [2.7925587828612846e-6, 224.70087042855778, 3503.769724019684, -0.05592401010848109, -0.0019188000471720885, 2.7365400631888627e-6, 365.256476024976, 3624.4073072596325, -0.031006043217907512, 0.0008314076820607492, 8.598757851843769e-7, 672.2710407223549, 20.179021286463467, -0.27577653573660965, -0.01414256783248283, 0.00032741149914362617, 4163.25002467794, 1434.9953684463903, -0.15130877307881255, 0.079744442398038]
FITS/p3_fit60s26yrs.jld2 loaded.
Previous model params: [3.7622928956744734e-6, 224.7007739835655, 3503.76884373216, -0.07549091921132128, -0.05698761662700462, 2.6246175837948656e-6, 365.256453915502, 3624.4075391325196, -0.04475238345251904, -0.04439559387969268, 0.000516819539914632, 4276.591865691113, 1357.670995640861, -0.03327283886242542, 0.09579795355567154]
Finished 4-planet fit w/ fixed period: [2.7301084206877433e-6, 224.70087216998022, 3503.7726133266488, -0.04615925085388565, 0.0034296057112545237, 2.7788776541322865e-6, 365.256460796614, 3624.4074388762174, -0.023483481254423753, 0.004929900518479623, 1.0003822446253449e-6, 673.047272945426, 695.685291507582, -0.2583440822602371, 0.02445058216967365, 0.00026184418610725586, 4071.8112366237588, 1959.908292172163, -0.09476641380210848, 0.21142001648896094] in 2 iterations
New 4-planet chi-square: 18.643319648268637
Maximum: -99.4665881280492 Param: [2.697942692046117e-6, 224.70087436538444, 3503.771705390326, -0.04622338241622606, 0.0042367360795506305, 2.7791637451105303e-6, 365.2564607228212, 3624.4074409338486, -0.0235553540054407, 0.005546127331737175, 1.0232023062198213e-6, 672.8769963278085, 697.4066527431287, -0.2567012981022018, 0.02307632154844983, 0.00026885928360487264, 4073.428782951314, 1969.033827064442, -0.08509523321129782, 0.20668217078791554]
FITS/p3_fit60s28yrs.jld2 loaded.
Previous model params: [3.626738620081672e-6, 224.70077536205915, 3503.768810285411, -0.08574421348272881, -0.06564481722292936, 2.583619663580722e-6, 365.2564555377695, 3624.407497614989, -0.05242917707643032, -0.05061728964649038, 0.0004072769742478891, 4227.740959378769, 1455.1505763979528, -0.08420225807793333, 0.1199530499904931]
Finished 4-planet fit w/ fixed period: [2.573142488526377e-6, 224.70088426273097, 3503.7704153733016, -0.039849408459480345, 0.008281510213193803, 2.8255298463466143e-6, 365.25645623830667, 3624.4074907195377, -0.0181898589787374, 0.009188912368775292, 1.1825665667080975e-6, 672.5033259384592, 25.153691535398774, -0.2397958532325216, 0.01176827820250916, 0.0004090373071272321, 4068.877306208088, 2050.075076978165, 0.004247051259154809, 0.1590078801911367] in 2 iterations
New 4-planet chi-square: 20.529327429765193
Maximum: -110.29768815982041 Param: [2.5479630647142595e-6, 224.70088812615052, 3503.7696999289105, -0.03665115872847943, 0.009259244948560803, 2.8416220148490028e-6, 365.2564560051529, 3624.407494343255, -0.01574903173903558, 0.009892986755812027, 1.2419622340147752e-6, 672.2665213232412, 27.600441912196022, -0.23257311867080105, 0.008338719308593923, 0.0004627198921643061, 4068.260825449822, 2064.0616483334875, 0.02305221060255714, 0.14346432642739032]
FITS/p3_fit60s30yrs.jld2 loaded.
Previous model params: [3.6426190299840244e-6, 224.70077446087956, 3503.7688228648035, -0.08203493192717563, -0.06537166007557474, 2.588838882880252e-6, 365.25645864300003, 3624.407468797455, -0.04948188740820125, -0.05048181152068693, 0.00039808171128325316, 4225.768420691771, 1451.3636520039113, -0.08676909500008201, 0.12058344107845084]
Finished 4-planet fit w/ fixed period: [2.6243504219808564e-6, 224.70088341009875, 3503.77041766774, -0.0375585668982743, 0.006718812142170769, 2.848498017788233e-6, 365.25646007582645, 3624.407450622695, -0.01664680028416822, 0.007951109731260796, 1.148085737997524e-6, 672.5033259384592, 697.4819103144425, -0.24514032861796797, 0.010297962938566801, 0.00042868221748846864, 4067.7443421892135, 2019.8434803297785, 0.0049809658414229074, 0.15367354037269892] in 2 iterations
New 4-planet chi-square: 21.13354406118771
Maximum: -118.98360021892239 Param: [2.624350779661682e-6, 224.70088341008756, 3503.7704176675416, -0.03755856397661915, 0.006718810910431501, 2.8484980574877525e-6, 365.2564600758275, 3624.4074506227034, -0.01664680026342038, 0.007951110134073253, 1.1480858053034715e-6, 672.5033161880697, 697.4819098021355, -0.24514034357833944, 0.010297964313735053, 0.0004286822116598062, 4067.74432765459, 2019.8434581458005, 0.004980939190716247, 0.15367354377571502]
FITS/p3_fit80s16yrs.jld2 loaded.
Previous model params: [3.480108962217504e-6, 224.70078867790494, 3503.768732411678, -0.10668573391727663, -0.026571579856287643, 2.500979119057135e-6, 365.25640917349824, 3624.4079094075155, -0.06951043095692847, -0.01890102440265288, 0.0008014727046504296, 4646.420055939355, 1105.0064078138387, 0.0068609314986814275, 0.09793695097926339]
Finished 4-planet fit w/ fixed period: [4.361930406479143e-6, 224.70077488371507, 3503.7689353343744, -0.03750482265636021, -0.02271030556235783, 2.677547706879926e-6, 365.25632959248617, 3624.4086866646494, -0.01914906650575172, -0.015367751490136092, 1.080470652158459e-8, 876.0556962402208, -16207.107877243443, 5.995159492671823, -59.81108754738094, 0.0017222583907002423, 5390.058680971291, 51.44454968176703, 0.050353236256801805, 0.05452589591951715] in 2 iterations
New 4-planet chi-square: 1.4211137475066928
Maximum: -7.380258761773849 Param: [4.36333410268131e-6, 224.70077455931772, 3503.7689393342093, -0.036919500635149906, -0.023463449159530317, 2.680151804552385e-6, 365.25632568295043, 3624.408716606933, -0.018687316380354944, -0.0159589049605508, 1.0848879109821826e-8, 876.5955213500997, -16215.072137289393, 8.073139033575778, -59.785268397513235, 0.00170936456751314, 5391.889410124131, 43.04925094396975, 0.049755392780115405, 0.055110873243345855]
FITS/p3_fit80s18yrs.jld2 loaded.
Previous model params: [3.649024310139974e-6, 224.70077748396545, 3503.768804916641, -0.09305299201292261, -0.028148035043759363, 2.532468703589619e-6, 365.2564168031781, 3624.4077855541527, -0.059307396536895776, -0.02054925428553204, 0.0007840610222511262, 4469.128705757167, 1245.7451302148324, 0.007983314839172483, 0.09364983603511712]
Finished 4-planet fit w/ fixed period: [2.6275953047239645e-6, 224.70086796741467, 3503.768281226359, -0.08092095782466226, 0.01575015211033581, 2.5628886551512666e-6, 365.256327344288, 3624.4087325768146, -0.052828847834058064, 0.01364735251000909, 5.690228504497386e-7, 668.1979949920594, 80.46218012575457, -0.45965508271950917, 0.05761570407058155, 0.0011898297343686645, 5633.377532927053, 295.8012835476831, 0.07241396934543626, 0.12186401144724911] in 2 iterations
New 4-planet chi-square: 2.9866909513856306
Maximum: -25.712902629254263 Param: [2.590853610540356e-6, 224.70087538829245, 3503.7684949918867, -0.07502986378349635, 0.018967351414519745, 2.5947647829223745e-6, 365.2563281935404, 3624.4087092628447, -0.04797062450899286, 0.016316558845323015, 7.0397889255132e-7, 669.4377643695574, 77.23978333603097, -0.3888588226290317, 0.08845327130275103, 0.0012212959191399114, 5781.022548828259, 141.3754792299131, 0.07993745107842197, 0.11497930830823976]
FITS/p3_fit80s20yrs.jld2 loaded.
Previous model params: [3.709041838656494e-6, 224.70078087009136, 3503.7688142167885, -0.07058913926642128, -0.03075849397754374, 2.680862661791797e-6, 365.2564063257343, 3624.4079452383876, -0.04182494875902282, -0.023204656139611004, 0.001036484413239846, 4684.582554398238, 924.9965743597412, 0.035575865307889976, 0.06706784261451017]
Finished 4-planet fit w/ fixed period: [2.5519459010920674e-6, 224.70087590646418, 3503.7690301774865, -0.07081302750606162, 0.023488072468958236, 2.608594527634009e-6, 365.2563267015198, 3624.408731606732, -0.044466805673581224, 0.019774136192922526, 8.213543339264185e-7, 670.9123367450536, 737.0011044088201, -0.34268101795115535, 0.09856864921326748, 0.0013190525649579966, 6176.520853332912, -255.70477788735397, 0.08902519161193947, 0.10528874854992268] in 2 iterations
New 4-planet chi-square: 3.5221451709612985
Maximum: -32.73582591644105 Param: [2.571867204735062e-6, 224.70087337742552, 3503.768772326422, -0.07240071603750328, 0.023798335988566996, 2.600367239103686e-6, 365.25632308199954, 3624.4087671797506, -0.045889687542145445, 0.019977379049488594, 7.688839183633052e-7, 670.3910625345495, 741.7873331232298, -0.3617040192329444, 0.09933171341938704, 0.0012711460248373164, 6074.583259894143, -132.32178748761405, 0.0886319103325358, 0.1128132162864597]
FITS/p3_fit80s22yrs.jld2 loaded.
Previous model params: [3.469349721387537e-6, 224.70078827857262, 3503.7686529662374, -0.09908800814713034, -0.0523078641255394, 2.594568849053222e-6, 365.2564726269341, 3624.407329910398, -0.06421289517782147, -0.03894653969414801, 0.0004499301583771047, 4218.982169859957, 1542.9220552616982, -0.06699419785907611, 0.12705944568722774]
Finished 4-planet fit w/ fixed period: [2.7245057599170277e-6, 224.70089400385265, 3503.7688094694677, -0.04481464258314812, 0.004745638908103311, 2.8385056635136017e-6, 365.2564661577631, 3624.4073693058335, -0.024210165721628582, 0.006464025505885196, 7.365934091270087e-7, 671.5937830193074, 689.466714105788, -0.3441279675584842, -0.04356951750052221, 0.0006522125717216399, 4147.571377446536, 1727.3445946295062, -0.009377110799337058, 0.11216056419273497] in 6 iterations
New 4-planet chi-square: 5.777387642647096
Maximum: -49.98762104395586 Param: [2.728536791728548e-6, 224.70089404272375, 3503.7687044538798, -0.04460879098972671, 0.004506632171152685, 2.839295162491986e-6, 365.2564660143958, 3624.407369899662, -0.02412097244537424, 0.0062612777510672925, 7.340403649622075e-7, 671.4889898371796, 689.3521710461414, -0.34433756481479216, -0.04785895460725604, 0.0006734332854585336, 4151.1081845013405, 1719.747141433765, -0.0059117919598962974, 0.10856098822082781]
FITS/p3_fit80s24yrs.jld2 loaded.
Previous model params: [3.829608388083214e-6, 224.7007794199831, 3503.7687468161907, -0.06711753092869739, -0.05579872204852998, 2.6786467021718514e-6, 365.25647942370716, 3624.4072679034457, -0.03815171651425746, -0.04226574845152871, 0.00043102917496760804, 4211.022540221467, 1318.3582902780438, -0.10962291468249616, 0.07563833838005081]
Finished 4-planet fit w/ fixed period: [2.79523424112259e-6, 224.70087035482118, 3503.7698009474507, -0.05562832756256543, -0.0017453987364423806, 2.7379160661542804e-6, 365.2564758877376, 3624.4073086912185, -0.03077695504622323, 0.0009752063884961454, 8.599601376498307e-7, 672.30890557941, 19.739955155885433, -0.27573907819059235, -0.013757807183721969, 0.0003290756831064789, 4162.443940915838, 1437.7075191907222, -0.15000538608961744, 0.08028923266300007] in 2 iterations
New 4-planet chi-square: 8.614907153006381
Maximum: -67.83506391556112 Param: [2.792489661795512e-6, 224.70087042815223, 3503.7697234493257, -0.05593094562972769, -0.0019194470954088034, 2.736504932178266e-6, 365.2564760269799, 3624.407307237649, -0.031011544628944863, 0.0008309435443876389, 8.59885126287256e-7, 672.2707168042995, 20.192462100777362, -0.27577866999774525, -0.014117461863209228, 0.00032733732361120687, 4163.253948210279, 1435.0695437636227, -0.1513398423167104, 0.0797781305736298]
FITS/p3_fit80s26yrs.jld2 loaded.
Previous model params: [3.7622677356579865e-6, 224.70077398356796, 3503.7688437322818, -0.07549339125296461, -0.05698797598501022, 2.6246056993109897e-6, 365.2564539156077, 3624.4075391317474, -0.044754342618322694, -0.04439583546425181, 0.0005168148567206611, 4276.591865691113, 1357.6798060190274, -0.033273811410180876, 0.09579982421132958]
Finished 4-planet fit w/ fixed period: [2.730119640106073e-6, 224.70087217015362, 3503.772613492595, -0.0461570584603382, 0.003432058580170193, 2.7788896113673886e-6, 365.2564607969055, 3624.4074388725535, -0.023481739382964408, 0.004931834923397157, 1.0004025507155335e-6, 673.047272945426, 695.6881376318785, -0.2583394408661201, 0.024460884476973265, 0.0002618397839776755, 4071.806189004784, 1959.9396174648978, -0.09475903803799852, 0.21143013335320396] in 2 iterations
New 4-planet chi-square: 10.486867288867785
Maximum: -79.90420715826157 Param: [2.697936581867414e-6, 224.70087436536204, 3503.771704741943, -0.04622560495640345, 0.004232112473061948, 2.7791513171309398e-6, 365.256460721844, 3624.407440946072, -0.023557119968708795, 0.005542448887001028, 1.0231743874124707e-6, 672.8769209074057, 697.3998382426316, -0.2567068176859732, 0.02304996464960225, 0.0002689000324657359, 4073.4368945115675, 1968.9677106820732, -0.08508545174499867, 0.20664222650986466]
FITS/p3_fit80s28yrs.jld2 loaded.
Previous model params: [3.626797866174856e-6, 224.70077536194873, 3503.768810288684, -0.08573815480846081, -0.0656441297653309, 2.5836464418894108e-6, 365.256455537258, 3624.407497623799, -0.05242436035277975, -0.05061685053065245, 0.0004072972022991139, 4227.747902034095, 1455.101031355185, -0.08419646624435251, 0.11994013846855785]
Finished 4-planet fit w/ fixed period: [2.573139438009614e-6, 224.70088426395293, 3503.7704152943793, -0.03984836806846082, 0.008280703266098715, 2.825534394726241e-6, 365.2564562381854, 3624.407490722533, -0.018189106071517757, 0.009188273964912662, 1.182571438838953e-6, 672.5033259384592, 697.6541885085526, -0.23979595757459926, 0.011759310971474287, 0.00040907470965063393, 4068.8824997746506, 2050.052431709559, 0.004251751590984694, 0.15899497266496687] in 2 iterations
New 4-planet chi-square: 11.54774667604366
Maximum: -89.29689686072824 Param: [2.5479645245679653e-6, 224.70088812599425, 3503.7696999247187, -0.0366520622224675, 0.009257888615246469, 2.8416170550778412e-6, 365.2564560050998, 3624.40749434479, -0.015749748429882856, 0.009891908956773526, 1.241942273593447e-6, 672.266537533494, 699.8634771255623, -0.2325764390383304, 0.008328894254693736, 0.00046272118267166775, 4068.2652892300707, 2064.040580667273, 0.023042628321960072, 0.14346292854463547]
FITS/p3_fit80s30yrs.jld2 loaded.
Previous model params: [3.642609709369257e-6, 224.70077446088771, 3503.7688228645598, -0.0820360075649705, -0.06537145633520125, 2.5888338864042884e-6, 365.2564586430494, 3624.407468796788, -0.04948273660986302, -0.05048163812821504, 0.00039807848095706785, 4225.768536755524, 1451.3693950286063, -0.08677054058436923, 0.12058570853238305]
Finished 4-planet fit w/ fixed period: [2.624353532136365e-6, 224.7008834101681, 3503.77041764753, -0.03755866386033017, 0.006718780097792242, 2.848496521268551e-6, 365.2564600757809, 3624.407450623356, -0.016646887734877318, 0.007951079130838803, 1.1480722950565816e-6, 672.5033259384592, 697.4807490725635, -0.24514301153026935, 0.010294644942693, 0.00042868736437210315, 4067.749698204433, 2019.8205475365626, 0.0049759109407736665, 0.15367141121767752] in 2 iterations
New 4-planet chi-square: 11.887618532392928
Maximum: -96.54439856103949 Param: [2.6243538283056544e-6, 224.70088341015688, 3503.770417647338, -0.03755866168286687, 0.006718778793159497, 2.8484965659036885e-6, 365.256460075782, 3624.4074506233655, -0.016646887891884777, 0.00795107938190585, 1.1480723647973773e-6, 672.5033160943698, 697.4807485051086, -0.2451430256434879, 0.01029464635581413, 0.0004286873643415172, 4067.749644218792, 2019.820579380581, 0.004975890655265134, 0.1536714234426133]
FITS/p3_fit90s16yrs.jld2 loaded.
Previous model params: [3.4801093821068095e-6, 224.7007886779577, 3503.7687324102467, -0.1066856691018015, -0.026571260342287784, 2.500979846897561e-6, 365.2564091739194, 3624.4079094022327, -0.069510390385528, -0.018900765027269353, 0.0008014719792057057, 4646.412860642402, 1105.0166539641004, 0.006861336533229535, 0.09793716436028935]
Finished 4-planet fit w/ fixed period: [4.36198038679764e-6, 224.7007748835092, 3503.768935340003, -0.037503226119374344, -0.02271022748579307, 2.6775509362010787e-6, 365.2563295862377, 3624.408686708883, -0.019147826589972633, -0.015368150533104133, 1.0855842895973223e-8, 876.0556962402208, -16127.722378976574, 5.9968253326565275, -59.52631775636203, 0.0017223348816286885, 5390.024793909623, 51.47769215150596, 0.0503563329145912, 0.05452396902464341] in 2 iterations
New 4-planet chi-square: 1.1228571168048982
Maximum: -2.4334051178651968 Param: [4.36315940612315e-6, 224.7007745513311, 3503.768939452461, -0.03693008775299684, -0.023446907651055823, 2.6800638647864622e-6, 365.2563256811007, 3624.408716807963, -0.018696627137824485, -0.015945025598140355, 1.09037448002353e-8, 876.5895649337647, -16135.281153639116, 7.94523274023504, -59.500083525645735, 0.0017102297963593155, 5392.792109227822, 42.07759055233186, 0.04977306554248148, 0.05509956165575332]
FITS/p3_fit90s18yrs.jld2 loaded.
Previous model params: [3.6490227805238663e-6, 224.700777484202, 3503.7688049131507, -0.093053084593791, -0.02814804329114793, 2.5324687270111246e-6, 365.25641680424263, 3624.4077855442893, -0.05930748212656767, -0.020549238928718527, 0.0007840587166579921, 4469.119739082532, 1245.7587175257893, 0.007983745564196898, 0.09364997727391698]
Finished 4-planet fit w/ fixed period: [2.627591742876504e-6, 224.70086796760017, 3503.7682812161706, -0.0809211423676771, 0.015749826862321837, 2.562887674073167e-6, 365.25632734343674, 3624.4087325834344, -0.05282900439321468, 0.013647084057637754, 5.690179562128825e-7, 668.1979949920594, 80.46181990735937, -0.4596589900741642, 0.057613996322972955, 0.0011898250559351446, 5633.371817106324, 295.80211289463193, 0.07241328850826832, 0.12186481479112851] in 2 iterations
New 4-planet chi-square: 2.3598545033688643
Maximum: -20.17709920151988 Param: [2.5908123699541556e-6, 224.70087539675316, 3503.768494973385, -0.07502447212042015, 0.01897332649632396, 2.5947800792366152e-6, 365.256328197675, 3624.4087092560726, -0.04796670209249137, 0.016320736493610054, 7.040713691659852e-7, 669.4380720365962, 77.23490149390665, -0.3888316351960012, 0.0884475650989336, 0.0012215185037485947, 5781.35662378476, 141.02717761750918, 0.07994278675863223, 0.11495870265424035]
FITS/p3_fit90s20yrs.jld2 loaded.
Previous model params: [3.709038217323665e-6, 224.70078087013863, 3503.76881421597, -0.07058946543524802, -0.030758518241316982, 2.6808612174972726e-6, 365.2564063257948, 3624.407945238419, -0.04182519730656687, -0.02320467384488606, 0.0010364764358661463, 4684.582554398238, 924.9971923221326, 0.03557532060995761, 0.06706846066530349]
Finished 4-planet fit w/ fixed period: [2.5519467371120626e-6, 224.70087590409335, 3503.769030220413, -0.07081638827413338, 0.023486206490449673, 2.6085788717199124e-6, 365.2563267023111, 3624.4087315970505, -0.04446947847621821, 0.019772740354224945, 8.213222093960991e-7, 670.9123367450536, 66.08939641486984, -0.3426888593375456, 0.09857115460918016, 0.001318986633385594, 6176.497135434008, -255.70460393319107, 0.0890221184408984, 0.10529272223562337] in 2 iterations
New 4-planet chi-square: 2.7829296390689566
Maximum: -26.611109195317212 Param: [2.571826402088172e-6, 224.70087338705727, 3503.7687723317154, -0.07239298844069582, 0.023805917197562393, 2.6003984291816693e-6, 365.25632307685834, 3624.408767229638, -0.045883600728347865, 0.019983123273169524, 7.689694297137379e-7, 670.3913604463993, 71.39693548570571, -0.3616838739714893, 0.09934432239987648, 0.0012713322408431308, 6074.781117066606, -132.49684131303567, 0.08864132948999186, 0.11280091138206638]
FITS/p3_fit90s22yrs.jld2 loaded.
Previous model params: [3.469308605188947e-6, 224.700788278832, 3503.7686529611346, -0.09909241921949354, -0.05230865244040279, 2.594549605263746e-6, 365.25647262724493, 3624.407329905486, -0.06421634920078025, -0.038947061935096, 0.0004499061926451423, 4218.979302218648, 1542.9471861387547, -0.0670033475760429, 0.1270693464098128]
Finished 4-planet fit w/ fixed period: [2.724510737476708e-6, 224.70089400378833, 3503.768809464357, -0.04481439699606002, 0.004745285418528537, 2.8385064948856624e-6, 365.2564661578637, 3624.4073693055525, -0.024210006917257876, 0.006463736523934596, 7.365905972740986e-7, 671.5937830193074, 17.871677787313967, -0.34412809546943823, -0.04357374372590877, 0.0006522290094680042, 4147.57576170058, 1727.3322463014924, -0.009375301269523045, 0.11215747770128222] in 20 iterations
New 4-planet chi-square: 4.564849500333016
Maximum: -43.27398804218535 Param: [2.7285105000323353e-6, 224.70089404232849, 3503.7687045872913, -0.044610031575305444, 0.004508619962424524, 2.83929077035742e-6, 365.25646601465195, 3624.407369897035, -0.024121776663342195, 0.0062628830043149515, 7.34063955250082e-7, 671.4890897325402, 17.87246436061689, -0.3443343414079145, -0.04782411415425586, 0.0006733446243476835, 4151.095981626402, 1719.79096752013, -0.005918466506604211, 0.10857636953120216]
FITS/p3_fit90s24yrs.jld2 loaded.
Previous model params: [3.829582347835271e-6, 224.70077941983874, 3503.7687468185395, -0.06712009415280097, -0.05579820273462494, 2.6786343875815504e-6, 365.2564794237772, 3624.4072679019596, -0.03815375973628439, -0.04226531334960212, 0.0004310339268350537, 4211.020043269828, 1318.3882552402645, -0.1096174799002451, 0.07564352834914373]
Finished 4-planet fit w/ fixed period: [2.795240509889591e-6, 224.70087035502328, 3503.7698009726955, -0.05562650986042799, -0.001744386431193663, 2.7379250332860377e-6, 365.256475887814, 3624.407308689573, -0.030775560524166724, 0.0009759633973829172, 8.599701805117675e-7, 672.30890557941, 19.741754475147875, -0.2757370457090088, -0.013751929602826698, 0.0003290908070464544, 4162.440527542474, 1437.7264279201047, -0.14998889346982872, 0.08029220838123514] in 2 iterations
New 4-planet chi-square: 6.806840213772807
Maximum: -60.414732641967774 Param: [2.7925234849279297e-6, 224.70087042967668, 3503.7697235595815, -0.05592695874073908, -0.0019204583335315835, 2.7365257692569603e-6, 365.2564760255045, 3624.4073072549154, -0.031008348699547023, 0.0008300515368796273, 8.598704376099545e-7, 672.2708559880258, 20.18082237303013, -0.2757789110089756, -0.014147427159816164, 0.00032741401431920337, 4163.2561490585485, 1435.0096489845325, -0.15130340178124715, 0.07974762520163936]
FITS/p3_fit90s26yrs.jld2 loaded.
Previous model params: [3.7622875914127396e-6, 224.70077398356426, 3503.768843732475, -0.07549148777092607, -0.05698740592999522, 2.6246148049906924e-6, 365.2564539155174, 3624.407539132678, -0.044752834139450554, -0.04439542600660773, 0.0005168230143487695, 4276.591865691113, 1357.6725211503826, -0.033271625036553405, 0.09579749647250303]
Finished 4-planet fit w/ fixed period: [2.7301042624429367e-6, 224.7008721693483, 3503.7726134092622, -0.04615984239477671, 0.0034299536844309485, 2.778875607118836e-6, 365.2564607970757, 3624.4074388707622, -0.023483895827923634, 0.004930194979616467, 1.0003852553345543e-6, 673.047272945426, 22.640046350910843, -0.25834272157161087, 0.024457061565705724, 0.0002618040288035199, 4071.803744522605, 1959.9616684615555, -0.0947914819195722, 0.21145148426524002] in 2 iterations
New 4-planet chi-square: 8.285919904757762
Maximum: -71.89496102733796 Param: [2.6979616259646844e-6, 224.70087436055024, 3503.771706700852, -0.04622694131339602, 0.00423716395790961, 2.7791470680535645e-6, 365.2564607239859, 3624.407440918733, -0.02355798999999123, 0.005546558277801857, 1.0231652898100186e-6, 672.8772249395167, 24.532877792198537, -0.2567045249860058, 0.023097298889756205, 0.00026874663939035055, 4073.4159212935288, 1969.13974063327, -0.08516744532134134, 0.2067667223774517]
FITS/p3_fit90s28yrs.jld2 loaded.
Previous model params: [3.6267740866551956e-6, 224.70077536198932, 3503.768810287305, -0.08574057326841149, -0.0656449229956395, 2.5836356523613166e-6, 365.256455537453, 3624.4074976204756, -0.05242628631913586, -0.05061743162689677, 0.00040728412412536623, 4227.7461250707065, 1455.118231567449, -0.08420202757713484, 0.11994649832439647]
Finished 4-planet fit w/ fixed period: [2.573141043757063e-6, 224.70088426360536, 3503.7704153170953, -0.03984851239517341, 0.008280637990823169, 2.8255338966088384e-6, 365.2564562382438, 3624.4074907217578, -0.018189204438120405, 0.00918822327506553, 1.1825728623120888e-6, 672.5033259384592, 697.6545310277179, -0.23979536780632707, 0.011760452487318086, 0.000409065648588235, 4068.880236904819, 2050.0608933278054, 0.004250792364230647, 0.1589979456865261] in 2 iterations
New 4-planet chi-square: 9.12414552017996
Maximum: -80.69873525128237 Param: [2.547959255269722e-6, 224.70088812673967, 3503.769699871435, -0.03665141862677072, 0.009258593013010886, 2.841620823052618e-6, 365.2564560050515, 3624.4074943454993, -0.01574924444524529, 0.00989246537697298, 1.2419505024948722e-6, 672.2665158023708, 699.8642271025883, -0.23257590047306825, 0.008330420534605242, 0.0004627235459678351, 4068.2662664779523, 2064.043024409364, 0.023044147397510338, 0.1434635368181751]
FITS/p3_fit90s30yrs.jld2 loaded.
Previous model params: [3.6426120747899345e-6, 224.70077446079898, 3503.768822866925, -0.08203581801343524, -0.06537116376068644, 2.588833775840723e-6, 365.2564586427226, 3624.407468802014, -0.049482585662769106, -0.05048141351570051, 0.00039808657390304967, 4225.7716336362155, 1451.362492259091, -0.08676559941586837, 0.1205835243761421]
Finished 4-planet fit w/ fixed period: [2.6243510905403537e-6, 224.7008834109565, 3503.7704176602956, -0.03755752009898109, 0.0067191386028090175, 2.8485031352479113e-6, 365.25646007569617, 3624.4074506253523, -0.016645998711763296, 0.007951359601863479, 1.148092379392435e-6, 672.5033259384592, 24.977410449263303, -0.24514006865790897, 0.010294824313494957, 0.0004286891550994796, 4067.7479241312685, 2019.829288508984, 0.004978085654462049, 0.15367135362768872] in 2 iterations
New 4-planet chi-square: 9.392686242418412
Maximum: -87.35732175742727 Param: [2.624351450636807e-6, 224.70088341094737, 3503.7704176602347, -0.037557518491353074, 0.006719138322734069, 2.8485031762425945e-6, 365.2564600756975, 3624.40745062536, -0.016645999204310653, 0.007951359972594399, 1.1480924251368121e-6, 672.503314886481, 24.977410701773827, -0.24514007997649453, 0.010294823636252176, 0.0004286891754245702, 4067.747912928252, 2019.829338529181, 0.004978062449709013, 0.15367135373359636]
FITS/p3_fit100s16yrs.jld2 loaded.
Previous model params: [3.4801166013989863e-6, 224.7007886778993, 3503.7687324116996, -0.10668489310751562, -0.026571320948655847, 2.5009827490697005e-6, 365.2564091736884, 3624.4079094047283, -0.06950978589657267, -0.01890082601497365, 0.0008014799355711466, 4646.415954683732, 1105.0100823328569, 0.006862177494057209, 0.09793600792426196]
Finished 4-planet fit w/ fixed period: [4.361920298417382e-6, 224.7007748945526, 3503.7689351818867, -0.03751391756451088, -0.02271486891064339, 2.6775535191182776e-6, 365.25632963638856, 3624.40868618987, -0.019154743649510895, -0.015372483904654247, 8.87248112687427e-9, 876.0556962402208, -19834.5573578021, 7.257460662248691, -72.81943358820459, 0.00172138071925118, 5389.347298721372, 52.357665148277896, 0.050337246339551445, 0.05454337879654797] in 4 iterations
New 4-planet chi-square: 0.9094668472624243
Maximum: 1.992831399225365 Param: [4.36303214110024e-6, 224.70077456199104, 3503.7689392938964, -0.036942507104053196, -0.023461653916753502, 2.6800731940058165e-6, 365.2563257030685, 3624.40871649244, -0.018704395453770863, -0.015957658636668724, 8.91112948748352e-9, 876.5955437916041, -19844.02685043211, 9.665688078284253, -72.79126057085212, 0.0017087609312726115, 5392.003025384051, 43.09008227012157, 0.04973736340934149, 0.05513705789489319]
FITS/p3_fit100s18yrs.jld2 loaded.
Previous model params: [3.6490106089632675e-6, 224.70077748428696, 3503.768804911145, -0.09305429397492193, -0.02814818335932142, 2.532463725196671e-6, 365.25641680450576, 3624.40778554183, -0.05930841415395531, -0.020549326402137417, 0.0007840460212217953, 4469.117819622243, 1245.7645332369925, 0.007981996793513862, 0.09365159988096394]
Finished 4-planet fit w/ fixed period: [2.62759406117074e-6, 224.70086796745, 3503.768281217141, -0.08092088846623922, 0.0157493664522539, 2.562889048860233e-6, 365.2563273453642, 3624.4087325676214, -0.05282876801658711, 0.013646724144642042, 5.690266125757769e-7, 668.1979949920594, 80.46028738038537, -0.4596521047708116, 0.05760829457262378, 0.0011898289769676574, 5633.368128584541, 295.80835509886026, 0.07241330197727551, 0.1218633574426615] in 2 iterations
New 4-planet chi-square: 1.9114821348391327
Maximum: -15.225154807135116 Param: [2.590841316464172e-6, 224.7008753940459, 3503.7684949178365, -0.07502390611951058, 0.0189712301101771, 2.5947849635228615e-6, 365.2563281992466, 3624.408709232042, -0.04796611695926565, 0.01631912526756836, 7.040517265107828e-7, 669.4377981749709, 77.23502720304081, -0.3888353239584331, 0.0884380708770331, 0.0012214830927801546, 5781.197494803087, 141.19334978467643, 0.07994102754405227, 0.11496122838512023]
FITS/p3_fit100s20yrs.jld2 loaded.
Previous model params: [3.709045388195587e-6, 224.7007808701272, 3503.7688142162683, -0.07058877632467901, -0.03075875112307659, 2.680864418644388e-6, 365.25640632583924, 3624.4079452379688, -0.04182466244252596, -0.023204887275943158, 0.0010364831095257074, 4684.582554398238, 924.9897582828637, 0.03557532216527983, 0.06706728037171748]
Finished 4-planet fit w/ fixed period: [2.5519451131264456e-6, 224.7008759057189, 3503.7690301989437, -0.07081449687991362, 0.023487738611101847, 2.6085870652795216e-6, 365.25632670156347, 3624.408731604109, -0.044467982963648664, 0.019773899347437545, 8.213388910739643e-7, 670.9123367450536, 66.08998292185163, -0.3426848943136035, 0.09857312445204816, 0.0013190303808331852, 6176.533103186365, -255.73294052407064, 0.08902395856087669, 0.10529014980038459] in 2 iterations
New 4-planet chi-square: 2.2541732033023463
Maximum: -21.132364637844105 Param: [2.5718215688304624e-6, 224.7008733879194, 3503.7687726176046, -0.07239394364214796, 0.023795975464969307, 2.600383954037494e-6, 365.25632308096465, 3624.4087671757807, -0.0458844675262593, 0.019975617723404178, 7.689952391077672e-7, 670.391801614366, 71.39432791794907, -0.3616715837466328, 0.0993472044263346, 0.0012714788646060197, 6075.061764100989, -132.95143040147505, 0.08863279416343957, 0.1127802991327541]
FITS/p3_fit100s22yrs.jld2 loaded.
Previous model params: [3.4693375334704544e-6, 224.70078827873448, 3503.7686529626735, -0.0990893098281852, -0.05230821687111118, 2.594563266994276e-6, 365.2564726272446, 3624.407329905581, -0.06421389755012302, -0.03894678055466492, 0.0004499171931710711, 4218.979290300696, 1542.9338929546147, -0.06699976724049214, 0.12706433192895636]
Finished 4-planet fit w/ fixed period: [2.7245019688207862e-6, 224.70089400402657, 3503.7688094604164, -0.04481471131429393, 0.004745763135902946, 2.8385056348840342e-6, 365.2564661578377, 3624.4073693049813, -0.02421022631157185, 0.0064641327668601, 7.365939942179479e-7, 671.5937830193074, 17.873517346108112, -0.34412823208882243, -0.043567827253685125, 0.0006522122775801406, 4147.570664801367, 1727.3517442312925, -0.009375928107443894, 0.112161594193129] in 20 iterations
New 4-planet chi-square: 3.697528104105694
Maximum: -37.26843871779547 Param: [2.72852020933865e-6, 224.7008940429026, 3503.7687047304157, -0.04460943928919113, 0.004507998534932707, 2.839293219603044e-6, 365.2564660143915, 3624.407369900024, -0.024121232605245648, 0.00626238900463895, 7.340533178360695e-7, 671.4892693594962, 17.865118592140234, -0.3443364754325826, -0.04784088752783977, 0.000673350581097842, 4151.087802139934, 1719.7899040918649, -0.005923599418513288, 0.10857459207939137]
FITS/p3_fit100s24yrs.jld2 loaded.
Previous model params: [3.829634741772113e-6, 224.70077941995763, 3503.7687468169684, -0.06711475240872358, -0.055798034384857025, 2.678661154498377e-6, 365.25647942347064, 3624.407267906393, -0.03814951345154426, -0.04226526763604429, 0.000431040226618777, 4211.024164439501, 1318.3443765885372, -0.10961722806517833, 0.07563430708125231]
Finished 4-planet fit w/ fixed period: [2.7952469652822135e-6, 224.70087035529895, 3503.7698009665387, -0.055625818503865804, -0.0017445702925904922, 2.7379291452015085e-6, 365.2564758876001, 3624.407308692789, -0.030774987685083813, 0.0009758082244769327, 8.59970097941882e-7, 672.30890557941, 19.739511149714797, -0.2757365052593304, -0.0137583430826565, 0.0003291014307814386, 4162.4442148537255, 1437.709246393339, -0.14998581560221105, 0.08028648472916683] in 2 iterations
New 4-planet chi-square: 5.513540567833383
Maximum: -53.77702012511566 Param: [2.7925189659055032e-6, 224.70087042884646, 3503.7697234173747, -0.05592760549184488, -0.0019199132872885583, 2.7365221472484893e-6, 365.25647602639924, 3624.407307244264, -0.031008889276053175, 0.0008304751033429655, 8.598841512844251e-7, 672.2707395918684, 20.187282169839726, -0.2757756923228544, -0.014132301616712362, 0.0003273825418680664, 4163.254547126516, 1435.0172236752735, -0.15131712993405483, 0.07975524843570744]
FITS/p3_fit100s26yrs.jld2 loaded.
Previous model params: [3.762254836942112e-6, 224.70077398355193, 3503.7688437323054, -0.0754947034914197, -0.056987729785582385, 2.6246001009632575e-6, 365.2564539156058, 3624.4075391315882, -0.04475538419823045, -0.044395612008603154, 0.0005168100733440541, 4276.591865691113, 1357.692112644662, -0.03327371765631151, 0.09580300941226069]
Finished 4-planet fit w/ fixed period: [2.7301199425275178e-6, 224.7008721694327, 3503.772613478421, -0.04615799428819602, 0.00343080906930299, 2.7788842695555594e-6, 365.25646079694025, 3624.407438872313, -0.023482448028779964, 0.004930866577497364, 1.0003946301504574e-6, 673.047272945426, 695.6870706327898, -0.2583404638508841, 0.02445733630472875, 0.0002618127075721966, 4071.8061508296078, 1959.9430980925335, -0.09478833571521639, 0.21144462941658976] in 2 iterations
New 4-planet chi-square: 6.71159505821888
Maximum: -64.73044563517439 Param: [2.697924279530621e-6, 224.70087436527194, 3503.7717051259133, -0.046225417984329345, 0.004234342821436864, 2.779154538399877e-6, 365.2564607227369, 3624.4074409357763, -0.023556902831128282, 0.005544267424908076, 1.0231925609375265e-6, 672.8769580198381, 697.4047621052181, -0.2567037111755001, 0.023067732616945967, 0.0002688520739370223, 4073.4277259442483, 1969.0686360066668, -0.08509659442063607, 0.20668994316406522]
FITS/p3_fit100s28yrs.jld2 loaded.
Previous model params: [3.6267916150220744e-6, 224.70077536197863, 3503.768810287836, -0.08573866962058696, -0.06564448405302177, 2.5836447926171927e-6, 365.2564555374272, 3624.4074976209527, -0.052424772520583605, -0.05061712472029639, 0.00040729491393550507, 4227.745584959985, 1455.1092469007494, -0.08419701029753444, 0.11994129329032689]
Finished 4-planet fit w/ fixed period: [2.5731404586562735e-6, 224.7008842636823, 3503.7704153207956, -0.03984833838086342, 0.00828112793894122, 2.8255348871125392e-6, 365.2564562383081, 3624.407490720538, -0.01818906852100117, 0.009188614933626448, 1.1825727842376494e-6, 672.5033259384592, 25.15220483204014, -0.23979536634248905, 0.011763431731927794, 0.0004090643579381657, 4068.8791448803768, 2050.0666732573204, 0.004252755334805124, 0.15899943509082004] in 2 iterations
New 4-planet chi-square: 7.39055787026158
Maximum: -73.00741760290653 Param: [2.5479638133148052e-6, 224.70088812645307, 3503.769699901849, -0.03665154766087595, 0.009257567819132395, 2.8416195174278245e-6, 365.2564560050183, 3624.4074943461865, -0.015749366648990147, 0.00989165473531888, 1.2419491838260154e-6, 672.2665411658072, 27.596077948059033, -0.23257544526636775, 0.008326169183693501, 0.0004627398296261525, 4068.26780512656, 2064.032011133939, 0.02304561979873058, 0.14345745331394488]
FITS/p3_fit100s30yrs.jld2 loaded.
Previous model params: [3.642583051572719e-6, 224.70077446091975, 3503.768822863885, -0.08203874666332074, -0.06537201419568922, 2.5888212577375747e-6, 365.2564586432213, 3624.407468794233, -0.049484912897670305, -0.05048202865874134, 0.0003980737543607773, 4225.766403887608, 1451.3887504217562, -0.08677042667397677, 0.12058995668371769]
Finished 4-planet fit w/ fixed period: [2.624352152244378e-6, 224.70088341009807, 3503.770417647817, -0.03755875509555839, 0.0067188711024748346, 2.848496508889376e-6, 365.2564600758169, 3624.407450622623, -0.01664694877893786, 0.007951149383748992, 1.1480738339140857e-6, 672.5033259384592, 24.97812032110177, -0.24514252644375342, 0.010296588396423166, 0.0004286787171080688, 4067.747794750381, 2019.8276050075006, 0.004975290393630521, 0.153674237465259] in 2 iterations
New 4-planet chi-square: 7.608075854247679
Maximum: -79.13920152529434 Param: [2.6243525236524386e-6, 224.7008834100887, 3503.7704176477464, -0.03755875345782311, 0.006718871015375401, 2.848496555957008e-6, 365.25646007581815, 3624.407450622634, -0.01664694905959849, 0.007951149794168453, 1.1480738847769952e-6, 672.5033145204847, 24.978120267560097, -0.24514253635574562, 0.01029658826150932, 0.00042867871893229216, 4067.7477797875094, 2019.827652890913, 0.004975264225010479, 0.1536742476356425]
FITS/p3_fit110s16yrs.jld2 loaded.
Previous model params: [3.480095826902275e-6, 224.70078867801647, 3503.76873240904, -0.10668713076636083, -0.02657136933839808, 2.500973845764443e-6, 365.2564091739018, 3624.4079094031526, -0.06951151427005713, -0.01890083279175788, 0.000801459145581837, 4646.414667913968, 1105.018852868134, 0.00685956039966768, 0.09793908001024314]
Finished 4-planet fit w/ fixed period: [4.361992419729423e-6, 224.7007748878078, 3503.768935278668, -0.037505671937910955, -0.022710919244059623, 2.677554562895246e-6, 365.2563296067887, 3624.4086864833685, -0.01914941544410516, -0.015369147939275388, 1.0314471530890541e-8, 876.0556962402208, -16997.663733248188, 6.306718753627007, -62.64598687962921, 0.0017219923239404633, 5389.6722537851, 51.94133966988073, 0.05035277149011558, 0.05453110279179713] in 2 iterations
New 4-planet chi-square: 0.7516535768198356
Maximum: 5.995074336204973 Param: [4.363405445219216e-6, 224.70077455058035, 3503.768939456138, -0.036912471358865946, -0.023461951756446543, 2.6801596959756106e-6, 365.25632563180744, 3624.408717102436, -0.018682204854962317, -0.015957378959188286, 1.0359529713431592e-8, 876.5961268488101, -17005.565475789903, 8.439846365442062, -62.618271170603826, 0.001709937444760971, 5392.414233199413, 42.37417816871849, 0.04976564891122108, 0.05510325825834292]
FITS/p3_fit110s18yrs.jld2 loaded.
Previous model params: [3.6490164458257296e-6, 224.7007774841418, 3503.768804913804, -0.09305375502275506, -0.02814793594084234, 2.532465797932706e-6, 365.25641680389305, 3624.4077855477926, -0.059307990865095375, -0.020549149591466268, 0.0007840543887871141, 4469.122293457092, 1245.7580370626922, 0.007983164553691656, 0.09365089201353878]
Finished 4-planet fit w/ fixed period: [2.627586463033423e-6, 224.70086796828957, 3503.7682812067537, -0.08092088556740848, 0.01575032707151954, 2.562888470354269e-6, 365.25632734418406, 3624.4087325799733, -0.052828819891326775, 0.013647444607096316, 5.690266803870941e-7, 668.1979949920594, 80.46111478256718, -0.4596549874278722, 0.05761153017470629, 0.0011898340958840378, 5633.385913420303, 295.7926572226112, 0.072413864669005, 0.12186386961236868] in 2 iterations
New 4-planet chi-square: 1.5797373487559871
Maximum: -10.745577059010058 Param: [2.5908210293295617e-6, 224.70087539371647, 3503.768495049073, -0.07502823794995442, 0.018971243221251738, 2.5947630895570986e-6, 365.2563281929532, 3624.4087092907785, -0.04796969568723768, 0.016319307803721872, 7.040242685409159e-7, 669.4381033866493, 77.23938060533166, -0.3888476551698312, 0.08846475195225283, 0.0012214566076001443, 5781.367614659705, 140.98287416785774, 0.07993979412191825, 0.11496494499533418]
FITS/p3_fit110s20yrs.jld2 loaded.
Previous model params: [3.709035525831271e-6, 224.70078087019007, 3503.7688142147717, -0.07058967796904042, -0.030758919669085328, 2.6808602444526534e-6, 365.25640632585095, 3624.4079452381793, -0.041825352069623914, -0.023205001168293757, 0.0010364663615569402, 4684.582554398238, 924.9945298951902, 0.03557422967182335, 0.06706870352905259]
Finished 4-planet fit w/ fixed period: [2.551943758774411e-6, 224.70087590572635, 3503.7690301931098, -0.0708145788927229, 0.023487649670684917, 2.6085870087465378e-6, 365.2563267011379, 3624.4087316094206, -0.04446803915685496, 0.019773834722033982, 8.213397107957414e-7, 670.9123367450536, 66.08911263729289, -0.3426854772733153, 0.09857022035906865, 0.0013190278665288096, 6176.526990118647, -255.7206653905559, 0.08902388166073384, 0.10529069496881356] in 2 iterations
New 4-planet chi-square: 1.862952815862427
Maximum: -16.17623187265186 Param: [2.5718578304576473e-6, 224.70087337901174, 3503.7687722451815, -0.07240022380193858, 0.023798373440177746, 2.6003685261258116e-6, 365.2563230802748, 3624.4087671959214, -0.04588935305650491, 0.019977311687812308, 7.688887835726455e-7, 670.3909872652985, 71.39595106284554, -0.36170632898044763, 0.0993271200351611, 0.001271171234576353, 6074.608305706566, -132.35777755362403, 0.08863115009324811, 0.11281215223380059]
FITS/p3_fit110s22yrs.jld2 loaded.
Previous model params: [3.4693263914493434e-6, 224.7007882787507, 3503.768652962833, -0.09909056777597217, -0.05230860731881873, 2.594556996435183e-6, 365.25647262725766, 3624.407329906668, -0.06421489068263775, -0.03894706659997039, 0.00044991279314241395, 4218.9820779171305, 1542.932396168337, -0.06700203668882451, 0.12706582429130012]
Finished 4-planet fit w/ fixed period: [2.7245103653223068e-6, 224.70089400398984, 3503.7688094454224, -0.04481397317905301, 0.004745103939511419, 2.8385092148768292e-6, 365.25646615778777, 3624.40736930592, -0.02420967380863874, 0.006463599791851022, 7.366039820619456e-7, 671.5937830193074, 689.4648663018221, -0.3441218814441992, -0.043575834162571166, 0.0006522461506714514, 4147.572924238114, 1727.3464607889325, -0.00936970379848714, 0.1121553594027001] in 11 iterations
New 4-planet chi-square: 3.055808342166945
Maximum: -31.835758391225344 Param: [2.7285260425749194e-6, 224.70089404197762, 3503.768704552097, -0.044609958073942885, 0.00450777476630482, 2.839289859992636e-6, 365.2564660144363, 3624.4073698990746, -0.024121763568899054, 0.0062621719144040685, 7.34039921960487e-7, 671.4890364676355, 689.3578900172099, -0.34434152038037374, -0.04783785246404952, 0.0006733548279596807, 4151.101952990272, 1719.7549958343877, -0.005923961069003114, 0.10857200677198287]
FITS/p3_fit110s24yrs.jld2 loaded.
Previous model params: [3.8294602532449925e-6, 224.7007794191464, 3503.7687468332624, -0.06713258640566099, -0.0557984980601783, 2.6785709429959446e-6, 365.2564794231453, 3624.407267918202, -0.03816369326350997, -0.04226542525933341, 0.00043104153703275465, 4211.040614529675, 1318.4508814938827, -0.10960458309649962, 0.07566562893290328]
Finished 4-planet fit w/ fixed period: [2.7952317176807186e-6, 224.7008703541449, 3503.7698009317733, -0.05562944976048579, -0.0017459087440970034, 2.7379100963540753e-6, 365.25647588787956, 3624.407308689065, -0.030777855482202524, 0.0009748220565445081, 8.599517019390838e-7, 672.30890557941, 19.74171090102351, -0.27574063255191267, -0.013753416224960038, 0.0003290566932586884, 4162.442747591204, 1437.708432950999, -0.15001732768530956, 0.0802934883349135] in 2 iterations
New 4-planet chi-square: 4.556645096386761
Maximum: -47.77247879055648 Param: [2.7925296903077223e-6, 224.70087042733672, 3503.7697234443426, -0.05592899594587039, -0.0019212295844828196, 2.73651442886953e-6, 365.25647602666595, 3624.407307241779, -0.03100997123538794, 0.0008294676965473011, 8.598686145033762e-7, 672.2707539060352, 20.187132582099796, -0.275777053491421, -0.014132730385195575, 0.0003273587877583131, 4163.257575125098, 1434.9735472798309, -0.15133958011183013, 0.07974879774747383]
FITS/p3_fit110s26yrs.jld2 loaded.
Previous model params: [3.7622971911553078e-6, 224.70077398355662, 3503.7688437325173, -0.07549055453392305, -0.056987278655960746, 2.6246191825825454e-6, 365.2564539154239, 3624.4075391337065, -0.04475208835930789, -0.04439534304846844, 0.0005168234887992767, 4276.591865691113, 1357.668658625102, -0.03327164854739701, 0.09579709487653472]
Finished 4-planet fit w/ fixed period: [2.7300973961733603e-6, 224.70087217016663, 3503.772613438196, -0.04615942498475091, 0.0034305691296063097, 2.778878623946947e-6, 365.2564607968698, 3624.4074388740555, -0.023483561553591, 0.004930709354128546, 1.000388411240628e-6, 673.047272945426, 22.639294179546997, -0.258343884087661, 0.02445541923278993, 0.000261822867513456, 4071.807042363282, 1959.9712860194052, -0.09477200352751625, 0.21144564933727872] in 2 iterations
New 4-planet chi-square: 5.546772789390604
Maximum: -58.24935349431498 Param: [2.697953013259741e-6, 224.70087436388167, 3503.7717059026145, -0.046224782205317956, 0.004235935051819219, 2.7791561658978987e-6, 365.2564607228808, 3624.4074409324953, -0.023556439032893055, 0.005545537403559093, 1.0231756973029153e-6, 672.8771050872853, 24.528105326364695, -0.2567058160637397, 0.023076269414429276, 0.0002688476623387132, 4073.4283830527993, 1969.0348967088612, -0.08510834390225495, 0.20669135407308353]
FITS/p3_fit110s28yrs.jld2 loaded.
Previous model params: [3.6267324699299057e-6, 224.7007753620741, 3503.76881028475, -0.08574483201692848, -0.06564440443631617, 2.5836174483381655e-6, 365.256455537872, 3624.407497613148, -0.05242966894859043, -0.05061695245653193, 0.00040727409829881885, 4227.7395157072715, 1455.157038175547, -0.08420346780653853, 0.11995482266196952]
Finished 4-planet fit w/ fixed period: [2.573148635091397e-6, 224.70088426317602, 3503.770415340183, -0.039848444336241594, 0.008280887106972269, 2.8255341431789943e-6, 365.2564562383319, 3624.4074907197582, -0.018189156779113848, 0.009188410785082163, 1.1825670484542602e-6, 672.5033259384592, 697.6551615568918, -0.23979588216290781, 0.011762574861664571, 0.0004090593962242269, 4068.882316918783, 2050.0472242196465, 0.00424704570058581, 0.15899904326433445] in 2 iterations
New 4-planet chi-square: 6.107899065722941
Maximum: -66.04977447355184 Param: [2.5479525028296796e-6, 224.70088812748307, 3503.7696998238434, -0.03665075693714853, 0.00925832405809821, 2.8416238614584105e-6, 365.2564560049747, 3624.407494347257, -0.015748749749300066, 0.009892256480465036, 1.2419682985402617e-6, 672.2665143958716, 699.8639971756754, -0.23257320564321943, 0.00832901071272941, 0.0004627476257897951, 4068.2644341352593, 2064.0514423923714, 0.023052733747526095, 0.1434566932600403]
FITS/p3_fit110s30yrs.jld2 loaded.
Previous model params: [3.642633682039613e-6, 224.70077446076598, 3503.7688228676047, -0.08203335053652469, -0.06537129018495856, 2.58884666206347e-6, 365.2564586425316, 3624.4074688045334, -0.049480625281984124, -0.050481553324052256, 0.0003980896540931738, 4225.772566059713, 1451.3477319879958, -0.08676597771248735, 0.1205797771515972]
Finished 4-planet fit w/ fixed period: [2.624351491084052e-6, 224.7008834106302, 3503.770417639314, -0.03755807501639158, 0.006718805653594219, 2.8484997871490453e-6, 365.2564600757129, 3624.4074506243883, -0.016646433754946014, 0.007951093219842893, 1.1480817496828255e-6, 672.5033259384592, 24.977367964013244, -0.24514160954066525, 0.010294345486922658, 0.00042868729235534845, 4067.749813886573, 2019.8198236402607, 0.00497577810737436, 0.15367110309684082] in 2 iterations
New 4-planet chi-square: 6.287662377415548
Maximum: -71.70498506052458 Param: [2.624150616387294e-6, 224.70088345433996, 3503.770407988862, -0.03752773616330956, 0.006731042098491255, 2.8486669129137514e-6, 365.25646007690216, 3624.4074506240204, -0.01662449718880782, 0.00795969521719989, 1.1485979654423238e-6, 672.5004509937484, 25.00377290112872, -0.2450876736471846, 0.010243844347831163, 0.0004293175354124506, 4067.733118082859, 2019.8758102919887, 0.005177831334561518, 0.1534759690318751]
FITS/p3_fit120s16yrs.jld2 loaded.
Previous model params: [3.4801269341114463e-6, 224.70078867775877, 3503.768732415096, -0.10668382870273685, -0.026571412185902078, 2.5009865918201676e-6, 365.2564091729939, 3624.4079094128447, -0.0695089573335496, -0.018900924752000683, 0.0008014918488206799, 4646.426260847958, 1104.9932435815501, 0.006863228726217615, 0.0979344239246865]
Finished 4-planet fit w/ fixed period: [4.36196505650383e-6, 224.70077488689233, 3503.7689352958987, -0.03750724609383413, -0.02270797597490492, 2.677536418892895e-6, 365.2563296071862, 3624.4086864909486, -0.019151023145934712, -0.015367186939200816, 1.1000935201795092e-8, 876.0556962402208, -15907.150385008626, 5.948508942240976, -58.73522628709754, 0.0017221319659760754, 5389.713815898064, 51.91433366710231, 0.05035737097672395, 0.0545285750843406] in 2 iterations
New 4-planet chi-square: 0.6316092712343305
Maximum: 9.64917067260987 Param: [4.363493265338012e-6, 224.70077454251125, 3503.7689395640614, -0.03689849468274578, -0.023471729246842793, 2.6802088147098985e-6, 365.2563255608648, 3624.4087176990283, -0.01867148070634988, -0.01596456858444835, 1.1050153043661389e-8, 876.6022018844717, -15915.077650404532, 7.961404957418572, -58.7094622173938, 0.0017101695637403997, 5392.704679096344, 41.87480366725567, 0.049764368364283995, 0.05509956489447063]
FITS/p3_fit120s18yrs.jld2 loaded.
Previous model params: [3.6490275537693046e-6, 224.7007774841632, 3503.7688049139992, -0.09305272899579521, -0.028147822618626, 2.5324698349798976e-6, 365.2564168040963, 3624.4077855457986, -0.05930720274886373, -0.02054907494608164, 0.0007840635420893608, 4469.12092402048, 1245.7557773342048, 0.007984348945104977, 0.09364943275513717]
Finished 4-planet fit w/ fixed period: [2.627592223863135e-6, 224.70086796808116, 3503.76828120877, -0.08092048541916214, 0.01575029505458415, 2.562890604293843e-6, 365.2563273451303, 3624.408732569921, -0.0528284646755762, 0.013647409398373476, 5.690305666562188e-7, 668.1979949920594, 80.46087685553853, -0.45965079524995966, 0.05761067075150504, 0.0011898350838772068, 5633.376639820124, 295.80037490309434, 0.07241388558831943, 0.12186315229547558] in 2 iterations
New 4-planet chi-square: 1.3274181958152487
Maximum: -6.656042463183153 Param: [2.5908781861587318e-6, 224.70087538903917, 3503.7684948924893, -0.07502636582257936, 0.018972157180880588, 2.594780911988938e-6, 365.25632819239405, 3624.408709267025, -0.04796790651503858, 0.016320230705945352, 7.039748011977668e-7, 669.4374207694254, 77.24860145718758, -0.38885927567067513, 0.08847310054740637, 0.0012213273078058625, 5780.9571522437045, 141.48031066868876, 0.07994391333749393, 0.11497959385585753]
FITS/p3_fit120s20yrs.jld2 loaded.
Previous model params: [3.7090472338230735e-6, 224.70078087007846, 3503.7688142172387, -0.07058864313471723, -0.03075839382847964, 2.6808649634589666e-6, 365.2564063257656, 3624.407945238204, -0.041824567159857724, -0.02320460479570331, 0.0010364904904121683, 4684.582554398238, 924.9913792253731, 0.03557602260204368, 0.06706696695362586]
Finished 4-planet fit w/ fixed period: [2.5519570736024652e-6, 224.70087590516778, 3503.769030204661, -0.07081343200033721, 0.02348837885840566, 2.608593270274816e-6, 365.2563267027874, 3624.4087315923557, -0.04446707915274135, 0.019774358268530228, 8.213476550082417e-7, 670.9123367450536, 66.08967111359692, -0.3426799700020401, 0.09857224200977349, 0.0013190273727547485, 6176.50094595946, -255.68902960289512, 0.08902480068962591, 0.10529000330985334] in 2 iterations
New 4-planet chi-square: 1.5653978748808774
Maximum: -11.651640645607712 Param: [2.571879913828721e-6, 224.700873375204, 3503.7687721152433, -0.07240203844605578, 0.02380012252353872, 2.6003640807210807e-6, 365.25632307833285, 3624.4087672188903, -0.04589076989672326, 0.01997863182099954, 7.688391387022092e-7, 670.3906684041199, 71.39802544618126, -0.36172186688055097, 0.09932483169190287, 0.0012710736526330463, 6074.443815337663, -132.13081833512177, 0.08863199662127945, 0.11282399372923622]
FITS/p3_fit120s22yrs.jld2 loaded.
Previous model params: [3.4693079556336934e-6, 224.70078827877452, 3503.7686529624766, -0.09909263637760893, -0.05230825698533077, 2.594548108334094e-6, 365.25647262704945, 3624.4073299083807, -0.0642165234356612, -0.038946750063300825, 0.00044990996349560396, 4218.980481398216, 1542.9463764594402, -0.06700117410006366, 0.12706871349370083]
Finished 4-planet fit w/ fixed period: [2.7245040816808597e-6, 224.70089400412238, 3503.768809454929, -0.044814323802458735, 0.004745592685327029, 2.838507791292813e-6, 365.25646615781943, 3624.4073693051637, -0.02420993906174157, 0.006464006191858676, 7.365997052912781e-7, 671.5937830193074, 689.4665871156325, -0.3441253600898694, -0.043570147366629404, 0.0006522281453873403, 4147.570867107686, 1727.355668809085, -0.009371922174157221, 0.11215958093469545] in 20 iterations
New 4-planet chi-square: 2.567727841105903
Maximum: -26.87610988100705 Param: [2.7285327703787316e-6, 224.70089404268148, 3503.7687044505906, -0.0446087400741921, 0.004507284036156005, 2.8392957464885467e-6, 365.2564660144671, 3624.4073698983716, -0.024120942469753444, 0.0062617967747752275, 7.340482150061648e-7, 671.4889747757468, 689.3555995311148, -0.34433632119896257, -0.04784821057235827, 0.0006734246796054912, 4151.105670914306, 1719.7594985969624, -0.005909554769114256, 0.10856338946896021]
FITS/p3_fit120s24yrs.jld2 loaded.
Previous model params: [3.829568769096564e-6, 224.70077941980233, 3503.7687468192908, -0.06712133414410024, -0.05579867931653254, 2.678628637866706e-6, 365.2564794238312, 3624.4072679018445, -0.038154743499742454, -0.04226567153902736, 0.00043103231737546584, 4211.021349262363, 1318.3949146350042, -0.109617720304871, 0.07564544360206447]
Finished 4-planet fit w/ fixed period: [2.7952198678730272e-6, 224.70087035475245, 3503.769801020371, -0.05562856799044088, -0.0017440053637255966, 2.7379152113112015e-6, 365.25647588793646, 3624.4073086876474, -0.030777161346385775, 0.000976345032415982, 8.599778630825107e-7, 672.30890557941, 19.744078119951823, -0.2757368763179864, -0.013744488775944629, 0.00032905984184014445, 4162.43840083011, 1437.7832413016984, -0.15000329938903784, 0.08031106121249046] in 2 iterations
New 4-planet chi-square: 3.828847629740177
Maximum: -42.290762155604455 Param: [2.7925587828612846e-6, 224.70087042855778, 3503.769724019684, -0.05592401010848109, -0.0019188000471720885, 2.7365400631888627e-6, 365.256476024976, 3624.4073072596325, -0.031006043217907512, 0.0008314076820607492, 8.598757851843769e-7, 672.2710407223549, 20.179021286463467, -0.27577653573660965, -0.01414256783248283, 0.00032741149914362617, 4163.25002467794, 1434.9953684463903, -0.15130877307881255, 0.079744442398038]
FITS/p3_fit120s26yrs.jld2 loaded.
Previous model params: [3.7622928956744734e-6, 224.7007739835655, 3503.76884373216, -0.07549091921132128, -0.05698761662700462, 2.6246175837948656e-6, 365.256453915502, 3624.4075391325196, -0.04475238345251904, -0.04439559387969268, 0.000516819539914632, 4276.591865691113, 1357.670995640861, -0.03327283886242542, 0.09579795355567154]
Finished 4-planet fit w/ fixed period: [2.7301084206877433e-6, 224.70087216998022, 3503.7726133266488, -0.04615925085388565, 0.0034296057112545237, 2.7788776541322865e-6, 365.256460796614, 3624.4074388762174, -0.023483481254423753, 0.004929900518479623, 1.0003822446253449e-6, 673.047272945426, 695.685291507582, -0.2583440822602371, 0.02445058216967365, 0.00026184418610725586, 4071.8112366237588, 1959.908292172163, -0.09476641380210848, 0.21142001648896094] in 2 iterations
New 4-planet chi-square: 4.660829912067159
Maximum: -52.33257984997291 Param: [2.697942692046117e-6, 224.70087436538444, 3503.771705390326, -0.04622338241622606, 0.0042367360795506305, 2.7791637451105303e-6, 365.2564607228212, 3624.4074409338486, -0.0235553540054407, 0.005546127331737175, 1.0232023062198213e-6, 672.8769963278085, 697.4066527431287, -0.2567012981022018, 0.02307632154844983, 0.00026885928360487264, 4073.428782951314, 1969.033827064442, -0.08509523321129782, 0.20668217078791554]
FITS/p3_fit120s28yrs.jld2 loaded.
Previous model params: [3.626738620081672e-6, 224.70077536205915, 3503.768810285411, -0.08574421348272881, -0.06564481722292936, 2.583619663580722e-6, 365.2564555377695, 3624.407497614989, -0.05242917707643032, -0.05061728964649038, 0.0004072769742478891, 4227.740959378769, 1455.1505763979528, -0.08420225807793333, 0.1199530499904931]
Finished 4-planet fit w/ fixed period: [2.573142488526377e-6, 224.70088426273097, 3503.7704153733016, -0.039849408459480345, 0.008281510213193803, 2.8255298463466143e-6, 365.25645623830667, 3624.4074907195377, -0.0181898589787374, 0.009188912368775292, 1.1825665667080975e-6, 672.5033259384592, 25.153691535398774, -0.2397958532325216, 0.01176827820250916, 0.0004090373071272321, 4068.877306208088, 2050.075076978165, 0.004247051259154809, 0.1590078801911367] in 2 iterations
New 4-planet chi-square: 5.132331857441298
Maximum: -59.6979439789444 Param: [2.5479630647142595e-6, 224.70088812615052, 3503.7696999289105, -0.03665115872847943, 0.009259244948560803, 2.8416220148490028e-6, 365.2564560051529, 3624.407494343255, -0.01574903173903558, 0.009892986755812027, 1.2419622340147752e-6, 672.2665213232412, 27.600441912196022, -0.23257311867080105, 0.008338719308593923, 0.0004627198921643061, 4068.260825449822, 2064.0616483334875, 0.02305221060255714, 0.14346432642739032]
FITS/p3_fit120s30yrs.jld2 loaded.
Previous model params: [3.6426190299840244e-6, 224.70077446087956, 3503.7688228648035, -0.08203493192717563, -0.06537166007557474, 2.588838882880252e-6, 365.25645864300003, 3624.407468797455, -0.04948188740820125, -0.05048181152068693, 0.00039808171128325316, 4225.768420691771, 1451.3636520039113, -0.08676909500008201, 0.12058344107845084]
Finished 4-planet fit w/ fixed period: [2.6243504219808564e-6, 224.70088341009875, 3503.77041766774, -0.0375585668982743, 0.006718812142170769, 2.848498017788233e-6, 365.25646007582645, 3624.407450622695, -0.01664680028416822, 0.007951109731260796, 1.148085737997524e-6, 672.5033259384592, 697.4819103144425, -0.24514032861796797, 0.010297962938566801, 0.00042868221748846864, 4067.7443421892135, 2019.8434803297785, 0.0049809658414229074, 0.15367354037269892] in 2 iterations
New 4-planet chi-square: 5.283386015296927
Maximum: -64.91812013524667 Param: [2.624350779661682e-6, 224.70088341008756, 3503.7704176675416, -0.03755856397661915, 0.006718810910431501, 2.8484980574877525e-6, 365.2564600758275, 3624.4074506227034, -0.01664680026342038, 0.007951110134073253, 1.1480858053034715e-6, 672.5033161880697, 697.4819098021355, -0.24514034357833944, 0.010297964313735053, 0.0004286822116598062, 4067.74432765459, 2019.8434581458005, 0.004980939190716247, 0.15367354377571502]
