args = ["Hpp", "grid", "fromEV", "100"]
INPUTS/tt_30s21yrs.txt loaded.
Initial parameters: [3.0e-6, 224.70077693740484, 3503.769494662358, 0.01, 0.01, 3.0e-6, 365.25638932572787, 3624.409503266646, 0.01, 0.01]
Initial chi-square: 767.8575397074231
New initial 2-planet fit: [3.06084174385409e-6, 224.7007743032683, 3503.76955945368, -0.19281478361749319, -0.042598521541081534, 2.0833581259415117e-6, 365.2563676200101, 3624.409585580599, -0.1405120113190393, -0.03383608669681068] in 2 iterations.
New 2-planet chi-square: 465.38687178350943
Maximum: -168.92889865533084 Param: [3.06084174385409e-6, 224.7007743032683, 3503.76955945368, -0.19281478361749319, -0.042598521541081534, 2.0833581259415117e-6, 365.2563676200101, 3624.409585580599, -0.1405120113190393, -0.03383608669681068]
INPUTS/tt_30s20yrs.txt loaded.
Initial parameters: [3.0e-6, 224.7007894217311, 3503.769296006038, 0.01, 0.01, 3.0e-6, 365.25632959575097, 3624.409808214478, 0.01, 0.01]
Initial chi-square: 761.5696271155383
New initial 2-planet fit: [3.250554641623633e-6, 224.7007791955778, 3503.769441803826, -0.1278893499139963, -0.039834094866021914, 2.366262853260917e-6, 365.2563597572784, 3624.409547948851, -0.08823098277885207, -0.029923966670501224] in 2 iterations.
New 2-planet chi-square: 526.1804609481891
Maximum: -162.90675012427937 Param: [3.250554641623633e-6, 224.7007791955778, 3503.769441803826, -0.1278893499139963, -0.039834094866021914, 2.366262853260917e-6, 365.2563597572784, 3624.409547948851, -0.08823098277885207, -0.029923966670501224]
INPUTS/tt_30s19yrs.txt loaded.
Initial parameters: [3.0e-6, 224.7007787773485, 3503.7694627998644, 0.01, 0.01, 3.0e-6, 365.2563612693828, 3624.4095543647118, 0.01, 0.01]
Initial chi-square: 640.538709561007
New initial 2-planet fit: [3.058382159236631e-6, 224.70078376067073, 3503.7694592500316, -0.15134679914978935, -0.04797898516341853, 2.340052529632315e-6, 365.2563887229486, 3624.4093075911765, -0.10792249532483927, -0.03774683687478008] in 2 iterations.
New 2-planet chi-square: 417.5173216675232
Maximum: -147.84098779512968 Param: [3.0583826923654483e-6, 224.7007837606709, 3503.7694592500316, -0.15134680083771074, -0.04797898969289932, 2.3400520464610004e-6, 365.25638872294815, 3624.4093075911724, -0.10792249366526997, -0.03774683325944928]
INPUTS/tt_30s18yrs.txt loaded.
Initial parameters: [3.0e-6, 224.7007945738177, 3503.7693705711035, 0.01, 0.01, 3.0e-6, 365.256421874166, 3624.409165948553, 0.01, 0.01]
Initial chi-square: 692.633371008249
New initial 2-planet fit: [2.7272992022670233e-6, 224.70078581804665, 3503.769497526125, -0.20051819835521398, -0.023645835217906846, 2.1376044391161233e-6, 365.2564165495545, 3624.409141328547, -0.14714588112852692, -0.023273419905524367] in 2 iterations.
New 2-planet chi-square: 443.13169639993725
Maximum: -143.2058747099752 Param: [2.7272992022670233e-6, 224.70078581804665, 3503.769497526125, -0.20051819835521398, -0.023645835217906846, 2.1376044391161233e-6, 365.2564165495545, 3624.409141328547, -0.14714588112852692, -0.023273419905524367]
INPUTS/tt_30s17yrs.txt loaded.
Initial parameters: [3.0e-6, 224.70077793530535, 3503.7696311076174, 0.01, 0.01, 3.0e-6, 365.2564244956144, 3624.4090940033993, 0.01, 0.01]
Initial chi-square: 595.6942559693169
New initial 2-planet fit: [3.445727011492304e-6, 224.7007837286275, 3503.769620999159, -0.11159162224251025, -0.03550883226434662, 2.4547104569202363e-6, 365.2564447344086, 3624.4089123562576, -0.07538877040586547, -0.02892518486327682] in 2 iterations.
New 2-planet chi-square: 379.8003003684654
Maximum: -130.67220296322378 Param: [3.445727011492304e-6, 224.7007837286275, 3503.769620999159, -0.11159162224251025, -0.03550883226434662, 2.4547104569202363e-6, 365.2564447344086, 3624.4089123562576, -0.07538877040586547, -0.02892518486327682]
INPUTS/tt_30s16yrs.txt loaded.
Initial parameters: [3.0e-6, 224.7007963870525, 3503.7694495131777, 0.01, 0.01, 3.0e-6, 365.25648279485705, 3624.4089056916027, 0.01, 0.01]
Initial chi-square: 588.4269031966118
New initial 2-planet fit: [2.381345580018389e-6, 224.70079713503205, 3503.7694972510835, -0.291564263457102, -0.04501325549661465, 1.8842430245974753e-6, 365.25647284810356, 3624.408880967552, -0.21913809594001676, -0.0373075119698708] in 2 iterations.
New 2-planet chi-square: 368.14711175642947
Maximum: -124.07813498836974 Param: [2.381345580018389e-6, 224.70079713503205, 3503.7694972510835, -0.291564263457102, -0.04501325549661465, 1.8842430245974753e-6, 365.25647284810356, 3624.408880967552, -0.21913809594001676, -0.0373075119698708]
INPUTS/tt_30s15yrs.txt loaded.
Initial parameters: [3.0e-6, 224.70080955244526, 3503.769159663067, 0.01, 0.01, 3.0e-6, 365.2563530369905, 3624.4094312719762, 0.01, 0.01]
Initial chi-square: 496.2353522622354
New initial 2-planet fit: [2.629108687556709e-6, 224.7007863403634, 3503.7693966896104, -0.21099866152032162, -0.018170869114950326, 2.1884023502569e-6, 365.25638502551044, 3624.4092008786033, -0.15464713189015764, -0.012074552429399569] in 2 iterations.
New 2-planet chi-square: 319.27236580827935
Maximum: -112.43786872122732 Param: [2.629108687556709e-6, 224.7007863403634, 3503.7693966896104, -0.21099866152032162, -0.018170869114950326, 2.1884023502569e-6, 365.25638502551044, 3624.4092008786033, -0.15464713189015764, -0.012074552429399569]
INPUTS/tt_10s21yrs.txt loaded.
Initial parameters: [3.0e-6, 224.70077750697388, 3503.769552502501, 0.01, 0.01, 3.0e-6, 365.25639952684264, 3624.409339074922, 0.01, 0.01]
Initial chi-square: 5833.235742353194
New initial 2-planet fit: [3.057391120436556e-6, 224.7007741728564, 3503.769627371064, -0.1615954673813912, -0.047710677124496524, 2.3497736028393754e-6, 365.25638092739337, 3624.4093984115225, -0.11569253301200075, -0.03663291489690603] in 2 iterations.
New 2-planet chi-square: 3517.7426388715007
Maximum: -224.55330609522002 Param: [3.057391120436556e-6, 224.7007741728564, 3503.769627371064, -0.1615954673813912, -0.047710677124496524, 2.3497736028393754e-6, 365.25638092739337, 3624.4093984115225, -0.11569253301200075, -0.03663291489690603]
INPUTS/tt_10s20yrs.txt loaded.
Initial parameters: [3.0e-6, 224.7007919596959, 3503.7693714049747, 0.01, 0.01, 3.0e-6, 365.2563418416252, 3624.409668219042, 0.01, 0.01]
Initial chi-square: 5915.180893893608
New initial 2-planet fit: [2.941758824051709e-6, 224.70078187673872, 3503.76951773726, -0.1807272775562917, -0.04929085617193053, 2.149017993502644e-6, 365.25637167678644, 3624.4094101081528, -0.12982603023970868, -0.03744092974546079] in 2 iterations.
New 2-planet chi-square: 3492.7249314789988
Maximum: -212.11937482327798 Param: [2.941758824051709e-6, 224.70078187673872, 3503.76951773726, -0.1807272775562917, -0.04929085617193053, 2.149017993502644e-6, 365.25637167678644, 3624.4094101081528, -0.12982603023970868, -0.03744092974546079]
INPUTS/tt_10s19yrs.txt loaded.
Initial parameters: [3.0e-6, 224.70077232504877, 3503.7696156000798, 0.01, 0.01, 3.0e-6, 365.2563735992755, 3624.4094415215927, 0.01, 0.01]
Initial chi-square: 5196.382129851827
New initial 2-planet fit: [2.9335293215718475e-6, 224.70077741326884, 3503.7696110683687, -0.1690684900511169, -0.027672020738050522, 2.2551511227846616e-6, 365.25640159608486, 3624.409194410865, -0.12279400529986652, -0.021776601521021424] in 2 iterations.
New 2-planet chi-square: 3369.95932211543
Maximum: -199.00507084077427 Param: [2.9335293215718475e-6, 224.70077741326884, 3503.7696110683687, -0.1690684900511169, -0.027672020738050522, 2.2551511227846616e-6, 365.25640159608486, 3624.409194410865, -0.12279400529986652, -0.021776601521021424]
INPUTS/tt_10s18yrs.txt loaded.
Initial parameters: [3.0e-6, 224.70079109141193, 3503.7694458192086, 0.01, 0.01, 3.0e-6, 365.25643228406466, 3624.4090713142227, 0.01, 0.01]
Initial chi-square: 4699.88082298564
New initial 2-planet fit: [2.8507530412762946e-6, 224.70078303977147, 3503.7695679380035, -0.1785938465983615, -0.027789284860871784, 2.124898857575678e-6, 365.25642577448895, 3624.409035065831, -0.13087826720491458, -0.023740109253170053] in 2 iterations.
New 2-planet chi-square: 2919.321158434528
Maximum: -187.50900012379253 Param: [2.8507530412762946e-6, 224.70078303977147, 3503.7695679380035, -0.1785938465983615, -0.027789284860871784, 2.124898857575678e-6, 365.25642577448895, 3624.409035065831, -0.13087826720491458, -0.023740109253170053]
INPUTS/tt_10s17yrs.txt loaded.
Initial parameters: [3.0e-6, 224.70078692262442, 3503.769394703296, 0.01, 0.01, 3.0e-6, 365.25640592701075, 3624.409279997761, 0.01, 0.01]
Initial chi-square: 4899.252670915894
New initial 2-planet fit: [2.762212707613621e-6, 224.70078970609404, 3503.7694213390487, -0.21165400308700483, -0.04176326971151199, 2.02803299068504e-6, 365.2564328618318, 3624.409049450193, -0.1563929734810237, -0.03348589575233396] in 2 iterations.
New 2-planet chi-square: 2928.3762605334273
Maximum: -175.60847416432708 Param: [2.762212707613621e-6, 224.70078970609404, 3503.7694213390487, -0.21165400308700483, -0.04176326971151199, 2.02803299068504e-6, 365.2564328618318, 3624.409049450193, -0.1563929734810237, -0.03348589575233396]
INPUTS/tt_10s16yrs.txt loaded.
Initial parameters: [3.0e-6, 224.70079542712767, 3503.769386098464, 0.01, 0.01, 3.0e-6, 365.2564600507333, 3624.408955284288, 0.01, 0.01]
Initial chi-square: 4434.382161686091
New initial 2-planet fit: [2.5937031383278267e-6, 224.70079467695268, 3503.7694471017703, -0.2271726954489092, -0.031387335499073285, 2.0185332006862017e-6, 365.25645708826, 3624.4088822120675, -0.16987058064914337, -0.02473785158579977] in 2 iterations.
New 2-planet chi-square: 2999.70996468536
Maximum: -168.13168857530582 Param: [2.5937031383278267e-6, 224.70079467695268, 3503.7694471017703, -0.2271726954489092, -0.031387335499073285, 2.0185332006862017e-6, 365.25645708826, 3624.4088822120675, -0.16987058064914337, -0.02473785158579977]
INPUTS/tt_10s15yrs.txt loaded.
Initial parameters: [3.0e-6, 224.70082320538444, 3503.7691316792066, 0.01, 0.01, 3.0e-6, 365.2564061169949, 3624.4092410319067, 0.01, 0.01]
Initial chi-square: 4183.781234060305
New initial 2-planet fit: [2.4810602764648404e-6, 224.7008000408392, 3503.7693770659707, -0.24916289470087774, -0.02613783348679867, 1.9456915043205113e-6, 365.25644375775437, 3624.4089657809172, -0.18756930549816886, -0.020359246220087935] in 2 iterations.
New 2-planet chi-square: 2680.958367828171
Maximum: -153.9316273855848 Param: [2.4810602764648404e-6, 224.7008000408392, 3503.7693770659707, -0.24916289470087774, -0.02613783348679867, 1.9456915043205113e-6, 365.25644375775437, 3624.4089657809172, -0.18756930549816886, -0.020359246220087935]
