args = ["Hppp", "grid", "fromEMB", "100"]
FITS/fromEMB/p2_fit10s14yrs.jld2 loaded.
Previous model params: [2.03051484085586e-6, 224.70080440441154, 3503.7652917894025, -0.013200872566948801, -0.008181427489691246, 2.8850152267073605e-6, 365.2564017481038, 3624.4027892384383, -0.0027487780686500877, -0.005512772899777479]
Finished 3-planet fit w/ fixed period: [2.528780094047173e-6, 224.70081229225482, 3503.765109867244, 0.0201546217052217, -0.00010801445387356937, 3.1706864766762673e-6, 365.25641820237684, 3624.402469444198, 0.02830706759082129, 0.001900315722407788, 0.0006909708396771272, 4317.471698200134, 350.15258327909885, 0.003396772136185877, -0.07781626847361323] in 2 iterations
New 3-planet chi-square: 58.31747758281143
Maximum: -73.18623303794703 Param: [2.528523766810091e-6, 224.70081234433619, 3503.765109139704, 0.020039334887724587, -0.00011362241733340447, 3.1699630711829372e-6, 365.25641852808667, 3624.4024660955247, 0.028211720543750613, 0.001892413393884792, 0.000690775510382085, 4314.352223464766, 354.2074536304447, 0.0035695442023159314, -0.07793508267567711]
FITS/fromEMB/p2_fit10s13yrs.jld2 loaded.
Previous model params: [2.102366471397675e-6, 224.70080075956614, 3503.765323261956, -0.02222996542619298, -0.01071608151420092, 2.851602441910329e-6, 365.25638238500596, 3624.402862582469, -0.01088861506177813, -0.007837703801106731]
Finished 3-planet fit w/ fixed period: [2.531010366830468e-6, 224.7008120733601, 3503.7651126066335, 0.020260261272098172, 4.758292032646337e-6, 3.171889976569484e-6, 365.2564165172422, 3624.4024815440057, 0.02839083595935812, 0.001989348002421423, 0.0006954588347479529, 4324.085975621258, 342.826352699925, 0.003808779444528463, -0.07667440620191869] in 2 iterations
New 3-planet chi-square: 58.294552081345266
Maximum: -69.11364692591643 Param: [2.531235337306865e-6, 224.7008120404829, 3503.765113030622, 0.020300900032399864, 1.1915139815554547e-5, 3.1721983794962843e-6, 365.25641630253654, 3624.402483362416, 0.02842411335882807, 0.0019959648667272024, 0.0006958340094870725, 4325.426055700557, 341.1999819849607, 0.003788236517552185, -0.07655564880796809]
FITS/fromEMB/p2_fit10s12yrs.jld2 loaded.
Previous model params: [1.8324284363102646e-6, 224.70077326397688, 3503.7655021779346, -0.041290231899113794, 0.01895578216648675, 2.8316332539049687e-6, 365.2563470000782, 3624.403018436693, -0.027258436802339026, 0.01405472095416815]
Finished 3-planet fit w/ fixed period: [2.5220250457359122e-6, 224.70081025989833, 3503.7651262230074, 0.020700970280709233, 0.0007173173471059929, 3.177413782175041e-6, 365.25641293801056, 3624.402502106787, 0.028664330472693053, 0.002466429474136471, 0.0006967295510913698, 4324.085975621258, 4663.776157622298, 0.005180288791336007, -0.07558728222780359] in 2 iterations
New 3-planet chi-square: 57.82738766359199
Maximum: -62.89066872619533 Param: [2.5216241307315987e-6, 224.70081031908677, 3503.76512543518, 0.020620730468791197, 0.0006937348390298747, 3.176796488708636e-6, 365.25641337741837, 3624.4024984711195, 0.028597970985039422, 0.0024459573938337554, 0.0006960157616190338, 4321.532088261074, 4664.39417413351, 0.0052128642854232365, -0.07581104350042461]
FITS/fromEMB/p2_fit10s11yrs.jld2 loaded.
Previous model params: [1.4941480405961524e-6, 224.7007335807114, 3503.7657324929587, -0.10712244058163935, -0.04030763099758461, 2.321126953893018e-6, 365.25626287591314, 3624.4033221228315, -0.07849626479555899, -0.03132565239482086]
Finished 3-planet fit w/ fixed period: [2.3990376920905327e-6, 224.70079863907327, 3503.7651877833428, 0.013660134674412615, -0.0052423646085679315, 3.075303383011744e-6, 365.2564078081656, 3624.4024442321365, 0.023455977686624836, -0.0024160634646223965, 0.0007107816552342201, 4148.64978952457, 582.3581253889178, 0.02369580275043683, -0.07381577147421547] in 2 iterations
New 3-planet chi-square: 48.5213252019138
Maximum: -54.34804754667104 Param: [2.3990376920905327e-6, 224.70079863907327, 3503.7651877833428, 0.013660134674412615, -0.0052423646085679315, 3.075303383011744e-6, 365.2564078081656, 3624.4024442321365, 0.023455977686624836, -0.0024160634646223965, 0.0007107816552342201, 4148.64978952457, 582.3581253889178, 0.02369580275043683, -0.07381577147421547]
FITS/fromEMB/p2_fit30s14yrs.jld2 loaded.
Previous model params: [2.0305252790335635e-6, 224.70080440439213, 3503.765291789531, -0.013199163241749157, -0.008182447553985771, 2.8850237067069677e-6, 365.2564017481162, 3624.4027892379463, -0.0027474147144418326, -0.005513577284956414]
Finished 3-planet fit w/ fixed period: [2.528782464261954e-6, 224.70081229229442, 3503.7651098666897, 0.020154613385641174, -0.00010759758213212692, 3.1706866276942615e-6, 365.2564182023295, 3624.4024694449463, 0.02830705793174078, 0.0019006385887574235, 0.0006909700432703353, 4317.471698200134, 350.1484379824538, 0.0033969932293602197, -0.07781684730343116] in 2 iterations
New 3-planet chi-square: 6.479719731409701
Maximum: -33.63619064585677 Param: [2.528530635712881e-6, 224.70081234406663, 3503.7651091430744, 0.020040319658431165, -0.0001130711328704179, 3.169969396043322e-6, 365.2564185262502, 3624.4024661140206, 0.028212511137401378, 0.001892845731398115, 0.0006907701542993313, 4314.367605629436, 354.18389863541586, 0.0035677669635231397, -0.07793536728863099]
FITS/fromEMB/p2_fit30s13yrs.jld2 loaded.
Previous model params: [2.102366847681899e-6, 224.7008007595316, 3503.7653232623124, -0.022229728739175586, -0.010716543107323135, 2.851603898524394e-6, 365.2563823850451, 3624.4028625821143, -0.010888435319466908, -0.007838064584553007]
Finished 3-planet fit w/ fixed period: [2.531000976246893e-6, 224.70081207331634, 3503.7651126073015, 0.020259588926536135, 4.3704655371387564e-6, 3.171886135121632e-6, 365.25641651719576, 3624.4024815434927, 0.028390318793576712, 0.0019890667606059322, 0.000695468264010533, 4324.085975621258, 342.8313594018853, 0.003810113572521726, -0.07667284857560035] in 2 iterations
New 3-planet chi-square: 6.477172423283201
Maximum: -31.760829031938755 Param: [2.5312536947317807e-6, 224.7008120394312, 3503.765113044576, 0.020302392849349194, 1.4230014758046186e-5, 3.1722094634360534e-6, 365.25641629310866, 3624.402483442529, 0.02842534615064119, 0.0019978025301876463, 0.000695849751877407, 4325.482068081858, 341.1175521155652, 0.0037886764700594375, -0.07655226685642953]
FITS/fromEMB/p2_fit30s12yrs.jld2 loaded.
Previous model params: [1.8324560866857536e-6, 224.7007732641164, 3503.765502176318, -0.041285521049151896, 0.01895522258270535, 2.831656852618834e-6, 365.2563470004983, 3624.40301843479, -0.02725456866482949, 0.01405432104807476]
Finished 3-planet fit w/ fixed period: [2.522026489819642e-6, 224.7008102598832, 3503.7651262230956, 0.020701072072773514, 0.0007174224138380861, 3.1774144205942957e-6, 365.2564129378924, 3624.4025021076163, 0.028664408886943195, 0.00246650685436478, 0.0006967282389229719, 4324.085975621258, 4663.775293868592, 0.005180130026568867, -0.07558746499363538] in 2 iterations
New 3-planet chi-square: 6.425265292134365
Maximum: -28.833687768268014 Param: [2.5216260309622103e-6, 224.70081031920387, 3503.7651254336456, 0.020620789257520464, 0.0006937002810766617, 3.1767965063190816e-6, 365.2564133782863, 3624.4024984644248, 0.028598008670206822, 0.0024459205585596233, 0.0006960117592709129, 4321.527889110352, 4664.394469690221, 0.005212423162621254, -0.07581182588606873]
FITS/fromEMB/p2_fit30s11yrs.jld2 loaded.
Previous model params: [1.4942475513171942e-6, 224.70073358179033, 3503.7657324815204, -0.10710626267657548, -0.04030663544887639, 2.321179761508561e-6, 365.25626287715284, 3624.4033221184372, -0.07848265233495204, -0.03132484236169299]
Finished 3-planet fit w/ fixed period: [2.3990411053942716e-6, 224.700798639166, 3503.765187782636, 0.0136604242343844, -0.005242360637269192, 3.0753056081601668e-6, 365.25640780838387, 3624.402444231096, 0.02345618931119202, -0.002416069117405821, 0.0007107768053112439, 4148.64978952457, 582.3582916632282, 0.02369500260821945, -0.07381621557551019] in 2 iterations
New 3-planet chi-square: 5.391258356063929
Maximum: -23.58690346473192 Param: [2.3990411053942716e-6, 224.700798639166, 3503.765187782636, 0.0136604242343844, -0.005242360637269192, 3.0753056081601668e-6, 365.25640780838387, 3624.402444231096, 0.02345618931119202, -0.002416069117405821, 0.0007107768053112439, 4148.64978952457, 582.3582916632282, 0.02369500260821945, -0.07381621557551019]
FITS/fromEMB/p2_fit60s14yrs.jld2 loaded.
Previous model params: [2.0305252790335635e-6, 224.70080440439213, 3503.765291789531, -0.013199163241749157, -0.008182447553985771, 2.8850237067069677e-6, 365.2564017481162, 3624.4027892379463, -0.0027474147144418326, -0.005513577284956414]
Finished 3-planet fit w/ fixed period: [2.528782464261954e-6, 224.70081229229442, 3503.7651098666897, 0.020154613385641174, -0.00010759758213212692, 3.1706866276942615e-6, 365.2564182023295, 3624.4024694449463, 0.02830705793174078, 0.0019006385887574235, 0.0006909700432703353, 4317.471698200134, 350.1484379824538, 0.0033969932293602197, -0.07781684730343116] in 2 iterations
New 3-planet chi-square: 1.6199299328524253
Maximum: -8.682892145698744 Param: [2.528530635712881e-6, 224.70081234406663, 3503.7651091430744, 0.020040319658431165, -0.0001130711328704179, 3.169969396043322e-6, 365.2564185262502, 3624.4024661140206, 0.028212511137401378, 0.001892845731398115, 0.0006907701542993313, 4314.367605629436, 354.18389863541586, 0.0035677669635231397, -0.07793536728863099]
FITS/fromEMB/p2_fit60s13yrs.jld2 loaded.
Previous model params: [2.102366847681899e-6, 224.7008007595316, 3503.7653232623124, -0.022229728739175586, -0.010716543107323135, 2.851603898524394e-6, 365.2563823850451, 3624.4028625821143, -0.010888435319466908, -0.007838064584553007]
Finished 3-planet fit w/ fixed period: [2.531000976246893e-6, 224.70081207331634, 3503.7651126073015, 0.020259588926536135, 4.3704655371387564e-6, 3.171886135121632e-6, 365.25641651719576, 3624.4024815434927, 0.028390318793576712, 0.0019890667606059322, 0.000695468264010533, 4324.085975621258, 342.8313594018853, 0.003810113572521726, -0.07667284857560035] in 2 iterations
New 3-planet chi-square: 1.6192931058208002
Maximum: -8.193824892900615 Param: [2.5312536947317807e-6, 224.7008120394312, 3503.765113044576, 0.020302392849349194, 1.4230014758046186e-5, 3.1722094634360534e-6, 365.25641629310866, 3624.402483442529, 0.02842534615064119, 0.0019978025301876463, 0.000695849751877407, 4325.482068081858, 341.1175521155652, 0.0037886764700594375, -0.07655226685642953]
FITS/fromEMB/p2_fit60s12yrs.jld2 loaded.
Previous model params: [1.8324560866857536e-6, 224.7007732641164, 3503.765502176318, -0.041285521049151896, 0.01895522258270535, 2.831656852618834e-6, 365.2563470004983, 3624.40301843479, -0.02725456866482949, 0.01405432104807476]
Finished 3-planet fit w/ fixed period: [2.522026489819642e-6, 224.7008102598832, 3503.7651262230956, 0.020701072072773514, 0.0007174224138380861, 3.1774144205942957e-6, 365.2564129378924, 3624.4025021076163, 0.028664408886943195, 0.00246650685436478, 0.0006967282389229719, 4324.085975621258, 4663.775293868592, 0.005180130026568867, -0.07558746499363538] in 2 iterations
New 3-planet chi-square: 1.6063163230335913
Maximum: -7.346125170909712 Param: [2.5216260309622103e-6, 224.70081031920387, 3503.7651254336456, 0.020620789257520464, 0.0006937002810766617, 3.1767965063190816e-6, 365.2564133782863, 3624.4024984644248, 0.028598008670206822, 0.0024459205585596233, 0.0006960117592709129, 4321.527889110352, 4664.394469690221, 0.005212423162621254, -0.07581182588606873]
FITS/fromEMB/p2_fit60s11yrs.jld2 loaded.
Previous model params: [1.4942475513171942e-6, 224.70073358179033, 3503.7657324815204, -0.10710626267657548, -0.04030663544887639, 2.321179761508561e-6, 365.25626287715284, 3624.4033221184372, -0.07848265233495204, -0.03132484236169299]
Finished 3-planet fit w/ fixed period: [2.3990411053942716e-6, 224.700798639166, 3503.765187782636, 0.0136604242343844, -0.005242360637269192, 3.0753056081601668e-6, 365.25640780838387, 3624.402444231096, 0.02345618931119202, -0.002416069117405821, 0.0007107768053112439, 4148.64978952457, 582.3582916632282, 0.02369500260821945, -0.07381621557551019] in 2 iterations
New 3-planet chi-square: 1.3478145890159823
Maximum: -4.178782409053449 Param: [2.3990411053942716e-6, 224.700798639166, 3503.765187782636, 0.0136604242343844, -0.005242360637269192, 3.0753056081601668e-6, 365.25640780838387, 3624.402444231096, 0.02345618931119202, -0.002416069117405821, 0.0007107768053112439, 4148.64978952457, 582.3582916632282, 0.02369500260821945, -0.07381621557551019]
