INPUTS/EMBtt_10s15yrs.txt loaded.
Initial parameters: [3.0e-6, 224.70081993168927, 3503.765104651237, 0.01, 0.01, 3.0e-6, 365.2564037093811, 3624.402848893139, 0.01, 0.01]
Initial chi-square: 3349.3235588691246
New initial 2-planet fit: [2.0598660805641216e-6, 224.70079813238172, 3503.765323857243, -0.012522622610111465, 0.008525168035503157, 2.899826603858215e-6, 365.25642431899604, 3624.402699978418, -0.0001247630217945456, 0.007317287383816375] in 2 iterations.
New 2-planet chi-square: 2491.1831229534578
Maximum: -152.50000401463126 Param: [2.059861922391522e-6, 224.70079813238084, 3503.7653238572766, -0.012522574554381976, 0.008525199317637358, 2.899827843805264e-6, 365.2564243189991, 3624.4026999784046, -0.00012480085413035395, 0.007317263808938635]
INPUTS/tt_10s15yrs.txt loaded.
Initial parameters: [3.0e-6, 224.7008199355752, 3503.768426811863, 0.01, 0.01, 3.0e-6, 365.2563989314927, 3624.4081301530405, 0.01, 0.01]
Initial chi-square: 4262.752436960119
New initial 2-planet fit: [2.4266768349330085e-6, 224.7007971292737, 3503.7686669556056, -0.2569436215850344, -0.023431444517673997, 1.9114436466186053e-6, 365.2564344959897, 3624.4078706187297, -0.19321679837322375, -0.018041462203964867] in 2 iterations.
New 2-planet chi-square: 2739.299035999996
Maximum: -154.35141813732454 Param: [2.4266768349330085e-6, 224.7007971292737, 3503.7686669556056, -0.2569436215850344, -0.023431444517673997, 1.9114436466186053e-6, 365.2564344959897, 3624.4078706187297, -0.19321679837322375, -0.018041462203964867]
INPUTS/EMBtt_10s17yrs.txt loaded.
Initial parameters: [3.0e-6, 224.70078672477757, 3503.7653797771645, 0.01, 0.01, 3.0e-6, 365.25642974489654, 3624.4027226601415, 0.01, 0.01]
Initial chi-square: 3340.6054117294943
New initial 2-planet fit: [2.210419217363033e-6, 224.70079200488064, 3503.7653746491096, -0.0026203647076228093, -0.00028457852526555746, 2.9911048427212986e-6, 365.2564369544622, 3624.4026358630636, 0.007925591183802946, -0.00021284983423566612] in 2 iterations.
New 2-planet chi-square: 2544.3720995303897
Maximum: -172.5160619446644 Param: [2.210419217363033e-6, 224.70079200488064, 3503.7653746491096, -0.0026203647076228093, -0.00028457852526555746, 2.9911048427212986e-6, 365.2564369544622, 3624.4026358630636, 0.007925591183802946, -0.00021284983423566612]
INPUTS/tt_10s17yrs.txt loaded.
Initial parameters: [3.0e-6, 224.70078672575272, 3503.7687019627388, 0.01, 0.01, 3.0e-6, 365.25641222716234, 3624.408079604393, 0.01, 0.01]
Initial chi-square: 4854.226297710454
New initial 2-planet fit: [2.7197908278814285e-6, 224.70078964789647, 3503.7687271759087, -0.21698867303023814, -0.035353516359362264, 2.0497774123274105e-6, 365.25643852353784, 3624.4078572714284, -0.16050798666547803, -0.02869299166471076] in 2 iterations.
New 2-planet chi-square: 2895.2948314678965
Maximum: -175.35852898154778 Param: [2.7197908278814285e-6, 224.70078964789647, 3503.7687271759087, -0.21698867303023814, -0.035353516359362264, 2.0497774123274105e-6, 365.25643852353784, 3624.4078572714284, -0.16050798666547803, -0.02869299166471076]
INPUTS/EMBtt_10s19yrs.txt loaded.
Initial parameters: [3.0e-6, 224.7007738612071, 3503.765508044919, 0.01, 0.01, 3.0e-6, 365.2563665878627, 3624.40309785417, 0.01, 0.01]
Initial chi-square: 3724.53938700118
New initial 2-planet fit: [2.6252733350524208e-6, 224.70078236603874, 3503.76546036997, 0.032443424108053266, 0.01563585476555069, 3.2418876092180467e-6, 365.2563883173191, 3624.4029171451325, 0.03586322615570533, 0.012777938484141748] in 2 iterations.
New 2-planet chi-square: 2930.326366637549
Maximum: -195.58029255160164 Param: [2.625320474827175e-6, 224.70078236605738, 3503.7654603699407, 0.03244316077861212, 0.01563562975329581, 3.241868908973657e-6, 365.25638831730265, 3624.4029171451048, 0.035863436314997166, 0.012778113097604103]
INPUTS/tt_10s19yrs.txt loaded.
Initial parameters: [3.0e-6, 224.7007738651885, 3503.768830202616, 0.01, 0.01, 3.0e-6, 365.2563741476396, 3624.408311706295, 0.01, 0.01]
Initial chi-square: 5022.55666413093
New initial 2-planet fit: [3.0229076289381017e-6, 224.70077864790218, 3503.7688267128087, -0.15875734715679718, -0.02633593440558743, 2.2590750379698113e-6, 365.2564027479419, 3624.4080646187836, -0.11441232678769023, -0.02160806016005323] in 2 iterations.
New 2-planet chi-square: 3136.9702982660924
Maximum: -197.24981212874758 Param: [3.0229076289381017e-6, 224.70077864790218, 3503.7688267128087, -0.15875734715679718, -0.02633593440558743, 2.2590750379698113e-6, 365.2564027479419, 3624.4080646187836, -0.11441232678769023, -0.02160806016005323]
INPUTS/EMBtt_10s21yrs.txt loaded.
Initial parameters: [3.0e-6, 224.70077961937028, 3503.7654584212587, 0.01, 0.01, 3.0e-6, 365.2563846218629, 3624.4029715430447, 0.01, 0.01]
Initial chi-square: 4067.0299523245612
New initial 2-planet fit: [2.5898969073008334e-6, 224.70077618504493, 3503.765526591923, 0.016155786578881507, -0.005526961158240061, 3.114720011183866e-6, 365.2563763588916, 3624.4029834056305, 0.023229537724430482, -0.0031806769748307815] in 2 iterations.
New 2-planet chi-square: 3196.695120008007
Maximum: -221.92150145304547 Param: [2.5898969073008334e-6, 224.70077618504493, 3503.765526591923, 0.016155786578881507, -0.005526961158240061, 3.114720011183866e-6, 365.2563763588916, 3624.4029834056305, 0.023229537724430482, -0.0031806769748307815]
INPUTS/tt_10s21yrs.txt loaded.
Initial parameters: [3.0e-6, 224.7007796206167, 3503.768780606853, 0.01, 0.01, 3.0e-6, 365.25639797270424, 3624.408140753457, 0.01, 0.01]
Initial chi-square: 6140.230821517882
New initial 2-planet fit: [3.130913409357367e-6, 224.70077631585127, 3503.7688528131507, -0.15957348909283267, -0.050563713557622784, 2.264225449058535e-6, 365.2563794078705, 3624.408200150023, -0.1136812576822187, -0.03883395439111453] in 2 iterations.
New 2-planet chi-square: 3676.420096168421
Maximum: -225.76660583762387 Param: [3.130913409357367e-6, 224.70077631585127, 3503.7688528131507, -0.15957348909283267, -0.050563713557622784, 2.264225449058535e-6, 365.2563794078705, 3624.408200150023, -0.1136812576822187, -0.03883395439111453]
INPUTS/EMBtt_10s23yrs.txt loaded.
Initial parameters: [3.0e-6, 224.7007827006744, 3503.765416446629, 0.01, 0.01, 3.0e-6, 365.2564279960264, 3624.4026568013096, 0.01, 0.01]
Initial chi-square: 6138.1989407064375
New initial 2-planet fit: [2.6145798199907127e-6, 224.70077412571925, 3503.765534537644, 0.03630655869049633, 0.008760377391273751, 3.3103643008100767e-6, 365.25643444792837, 3624.402591526099, 0.04270405229070324, 0.007947274991057894] in 2 iterations.
New 2-planet chi-square: 4253.1310727231175
Maximum: -250.662321409949 Param: [2.6145798199907127e-6, 224.70077412571925, 3503.765534537644, 0.03630655869049633, 0.008760377391273751, 3.3103643008100767e-6, 365.25643444792837, 3624.402591526099, 0.04270405229070324, 0.007947274991057894]
INPUTS/tt_10s23yrs.txt loaded.
Initial parameters: [3.0e-6, 224.7007827018307, 3503.768738633038, 0.01, 0.01, 3.0e-6, 365.25642409715937, 3624.407948490613, 0.01, 0.01]
Initial chi-square: 7509.648409164549
New initial 2-planet fit: [3.4182432187807217e-6, 224.70077394744197, 3503.768866048025, -0.10324007842781935, -0.04022735261160615, 2.5364633865424705e-6, 365.2564352031665, 3624.4078340824526, -0.06541876113390332, -0.03084175423473635] in 2 iterations.
New 2-planet chi-square: 4632.884480906127
Maximum: -253.2280485340034 Param: [3.4182432187807217e-6, 224.70077394744197, 3503.768866048025, -0.10324007842781935, -0.04022735261160615, 2.5364633865424705e-6, 365.2564352031665, 3624.4078340824526, -0.06541876113390332, -0.03084175423473635]
INPUTS/EMBtt_10s25yrs.txt loaded.
Initial parameters: [3.0e-6, 224.70077228718978, 3503.7655478130478, 0.01, 0.01, 3.0e-6, 365.2564569586228, 3624.4024354181292, 0.01, 0.01]
Initial chi-square: 6280.55153070273
New initial 2-planet fit: [2.9298208140017396e-6, 224.70077702414528, 3503.765498746973, 0.05111166320967352, -0.0027379410623195066, 3.375791249172894e-6, 365.2564572124943, 3624.402410915515, 0.05409172299829378, -0.001250401524765812] in 2 iterations.
New 2-planet chi-square: 4539.40021913502
Maximum: -273.66788058952466 Param: [2.9298208140017396e-6, 224.70077702414528, 3503.765498746973, 0.05111166320967352, -0.0027379410623195066, 3.375791249172894e-6, 365.2564572124943, 3624.402410915515, 0.05409172299829378, -0.001250401524765812]
INPUTS/tt_10s25yrs.txt loaded.
Initial parameters: [3.0e-6, 224.70077228733618, 3503.7688700125263, 0.01, 0.01, 3.0e-6, 365.256450356174, 3624.4077534326457, 0.01, 0.01]
Initial chi-square: 8473.431432731035
New initial 2-planet fit: [3.848487712743756e-6, 224.70077645367692, 3503.7688340719324, -0.07356185676395496, -0.0517282543498915, 2.6465256761546373e-6, 365.2564571306954, 3624.4076615407325, -0.04216761448527351, -0.04039674487755324] in 2 iterations.
New 2-planet chi-square: 5021.706760765771
Maximum: -276.94956728029325 Param: [3.848487712743756e-6, 224.70077645367692, 3503.7688340719324, -0.07356185676395496, -0.0517282543498915, 2.6465256761546373e-6, 365.2564571306954, 3624.4076615407325, -0.04216761448527351, -0.04039674487755324]
INPUTS/EMBtt_10s27yrs.txt loaded.
Initial parameters: [3.0e-6, 224.7007708940753, 3503.7655708845828, 0.01, 0.01, 3.0e-6, 365.25644675016326, 3624.402525263305, 0.01, 0.01]
Initial chi-square: 6372.486955681669
New initial 2-planet fit: [2.933686314488499e-6, 224.7007760574508, 3503.765511881799, 0.05270698817905962, -0.00210142234525331, 3.377321630699089e-6, 365.2564556981687, 3624.4024231901144, 0.05525977395333778, -0.0007302698013144969] in 2 iterations.
New 2-planet chi-square: 4545.395226628805
Maximum: -294.76544864847835 Param: [2.933686314488499e-6, 224.7007760574508, 3503.765511881799, 0.05270698817905962, -0.00210142234525331, 3.377321630699089e-6, 365.2564556981687, 3624.4024231901144, 0.05525977395333778, -0.0007302698013144969]
INPUTS/tt_10s27yrs.txt loaded.
Initial parameters: [3.0e-6, 224.70077089588617, 3503.7688930614027, 0.01, 0.01, 3.0e-6, 365.25645197329106, 3624.4077428150285, 0.01, 0.01]
Initial chi-square: 8632.177873700772
New initial 2-planet fit: [3.6195950623678017e-6, 224.7007741908237, 3503.768866612104, -0.08525219641651775, -0.0598400343373345, 2.5626965499855196e-6, 365.25646318304945, 3624.407605495762, -0.05177318715580484, -0.04721202012528007] in 2 iterations.
New 2-planet chi-square: 5176.012938241656
Maximum: -299.31266175432654 Param: [3.619595830596257e-6, 224.70077419082367, 3503.7688666121035, -0.08525219475609566, -0.05984003635519076, 2.5626958822889358e-6, 365.2564631830495, 3624.407605495759, -0.0517731882497574, -0.04721201826660631]
INPUTS/EMBtt_10s29yrs.txt loaded.
Initial parameters: [3.0e-6, 224.70077670724592, 3503.7654905991544, 0.01, 0.01, 3.0e-6, 365.25644977131685, 3624.402496280743, 0.01, 0.01]
Initial chi-square: 6779.314468195541
New initial 2-planet fit: [2.7759545044892516e-6, 224.70077474617966, 3503.7655317090826, 0.04896124585316833, 0.0016481247035051213, 3.3779293625709763e-6, 365.2564465496838, 3624.4025095904763, 0.05244527140762654, 0.0023628485671492207] in 2 iterations.
New 2-planet chi-square: 4640.520137369577
Maximum: -320.81810602533267 Param: [2.7759545044892516e-6, 224.70077474617966, 3503.7655317090826, 0.04896124585316833, 0.0016481247035051213, 3.3779293625709763e-6, 365.2564465496838, 3624.4025095904763, 0.05244527140762654, 0.0023628485671492207]
INPUTS/tt_10s29yrs.txt loaded.
Initial parameters: [3.0e-6, 224.70077670846828, 3503.7688127841734, 0.01, 0.01, 3.0e-6, 365.25645522787136, 3624.407707779955, 0.01, 0.01]
Initial chi-square: 9203.583168101506
New initial 2-planet fit: [3.6310657088636966e-6, 224.70077446831317, 3503.7688627552134, -0.07786135574908427, -0.0595861909671627, 2.628272194068082e-6, 365.25644792446406, 3624.407748040745, -0.045249890615390184, -0.046523405988488815] in 2 iterations.
New 2-planet chi-square: 5405.544522313447
Maximum: -326.6168578289447 Param: [3.6310657088636966e-6, 224.70077446831317, 3503.7688627552134, -0.07786135574908427, -0.0595861909671627, 2.628272194068082e-6, 365.25644792446406, 3624.407748040745, -0.045249890615390184, -0.046523405988488815]
INPUTS/EMBtt_30s15yrs.txt loaded.
Initial parameters: [3.0e-6, 224.70081993168958, 3503.765104651233, 0.01, 0.01, 3.0e-6, 365.25640370938123, 3624.402848893138, 0.01, 0.01]
Initial chi-square: 372.1470621772641
New initial 2-planet fit: [2.0597058182475395e-6, 224.70079813167396, 3503.7653238686526, -0.01253618627711837, 0.008524335400536544, 2.899754712796535e-6, 365.2564243195275, 3624.402699973545, -0.00013632295252783298, 0.007316360590586576] in 2 iterations.
New 2-planet chi-square: 276.7981246002556
Maximum: -109.65412474443313 Param: [2.059709669100685e-6, 224.70079813167473, 3503.765323868638, -0.012536208623951477, 0.008524322457084108, 2.899753377374316e-6, 365.25642431952707, 3624.402699973551, -0.00013630562527736128, 0.007316371281050921]
INPUTS/tt_30s15yrs.txt loaded.
Initial parameters: [3.0e-6, 224.7008199355752, 3503.768426811863, 0.01, 0.01, 3.0e-6, 365.2563989314921, 3624.408130153046, 0.01, 0.01]
Initial chi-square: 473.63915986216017
New initial 2-planet fit: [2.4266925280829207e-6, 224.7007971291493, 3503.7686669569366, -0.25693737285594803, -0.023431580459064193, 1.911469686321258e-6, 365.2564344960414, 3624.4078706183077, -0.19321190543332079, -0.018041654848001083] in 2 iterations.
New 2-planet chi-square: 304.36655954540504
Maximum: -111.50553887861798 Param: [2.4266925280829207e-6, 224.7007971291493, 3503.7686669569366, -0.25693737285594803, -0.023431580459064193, 1.911469686321258e-6, 365.2564344960414, 3624.4078706183077, -0.19321190543332079, -0.018041654848001083]
INPUTS/EMBtt_30s17yrs.txt loaded.
Initial parameters: [3.0e-6, 224.70078672477786, 3503.7653797771604, 0.01, 0.01, 3.0e-6, 365.2564297448972, 3624.4027226601347, 0.01, 0.01]
Initial chi-square: 371.178378975905
New initial 2-planet fit: [2.210438838476584e-6, 224.70079200498498, 3503.765374647723, -0.0026178536501886055, -0.00028454183895730984, 2.9911196866898335e-6, 365.25643695432257, 3624.4026358638603, 0.007927624445389445, -0.00021282283602117074] in 2 iterations.
New 2-planet chi-square: 282.7080110167113
Maximum: -124.177121239982 Param: [2.210438838476584e-6, 224.70079200498498, 3503.765374647723, -0.0026178536501886055, -0.00028454183895730984, 2.9911196866898335e-6, 365.25643695432257, 3624.4026358638603, 0.007927624445389445, -0.00021282283602117074]
INPUTS/tt_30s17yrs.txt loaded.
Initial parameters: [3.0e-6, 224.7007867257529, 3503.7687019627365, 0.01, 0.01, 3.0e-6, 365.25641222716183, 3624.4080796043986, 0.01, 0.01]
Initial chi-square: 539.3584775940052
New initial 2-planet fit: [2.7197285144347764e-6, 224.7007896477648, 3503.7687271785176, -0.21699660713159563, -0.03535527727252368, 2.0497686390161907e-6, 365.25643852386816, 3624.4078572689514, -0.160514445953632, -0.02869447172937087] in 2 iterations.
New 2-planet chi-square: 321.6994257201561
Maximum: -127.0195882802536 Param: [2.7197285144347764e-6, 224.7007896477648, 3503.7687271785176, -0.21699660713159563, -0.03535527727252368, 2.0497686390161907e-6, 365.25643852386816, 3624.4078572689514, -0.160514445953632, -0.02869447172937087]
INPUTS/EMBtt_30s19yrs.txt loaded.
Initial parameters: [3.0e-6, 224.70077386120778, 3503.765508044907, 0.01, 0.01, 3.0e-6, 365.256366587863, 3624.4030978541687, 0.01, 0.01]
Initial chi-square: 413.8377094639369
New initial 2-planet fit: [2.6252566683054587e-6, 224.70078236599366, 3503.765460370616, 0.032441340183133216, 0.015635668399915852, 3.2418732568442824e-6, 365.25638831725024, 3624.402917145552, 0.03586155516934205, 0.01277779164945305] in 2 iterations.
New 2-planet chi-square: 325.59181904133726
Maximum: -141.74829044644858 Param: [2.6253037931856685e-6, 224.70078236601233, 3503.765460370588, 0.03244107774681079, 0.01563544263015527, 3.241854559709912e-6, 365.2563883172338, 3624.402917145523, 0.0358617651056037, 0.012777966777538128]
INPUTS/tt_30s19yrs.txt loaded.
Initial parameters: [3.0e-6, 224.70077386518872, 3503.7688302026127, 0.01, 0.01, 3.0e-6, 365.2563741476393, 3624.4083117062974, 0.01, 0.01]
Initial chi-square: 558.0618515995305
New initial 2-planet fit: [3.0230152007617505e-6, 224.7007786481853, 3503.7688267084527, -0.1587437202125621, -0.026334280766952784, 2.259110620126069e-6, 365.25640274823286, 3624.4080646174493, -0.11440129724916788, -0.02160660787307546] in 2 iterations.
New 2-planet chi-square: 348.55225558122845
Maximum: -143.4178099993567 Param: [3.0230152007617505e-6, 224.7007786481853, 3503.7688267084527, -0.1587437202125621, -0.026334280766952784, 2.259110620126069e-6, 365.25640274823286, 3624.4080646174493, -0.11440129724916788, -0.02160660787307546]
INPUTS/EMBtt_30s21yrs.txt loaded.
Initial parameters: [3.0e-6, 224.7007796193704, 3503.765458421258, 0.01, 0.01, 3.0e-6, 365.25638462186294, 3624.402971543044, 0.01, 0.01]
Initial chi-square: 451.8922169069758
New initial 2-planet fit: [2.5899104110353007e-6, 224.70077618501944, 3503.7655265920826, 0.0161574886355183, -0.005527284685100836, 3.1147310183458496e-6, 365.2563763589535, 3624.402983405151, 0.023230931094896778, -0.0031809114657913706] in 2 iterations.
New 2-planet chi-square: 355.18834667995156
Maximum: -161.4978255772591 Param: [2.5899104110353007e-6, 224.70077618501944, 3503.7655265920826, 0.0161574886355183, -0.005527284685100836, 3.1147310183458496e-6, 365.2563763589535, 3624.402983405151, 0.023230931094896778, -0.0031809114657913706]
INPUTS/tt_30s21yrs.txt loaded.
Initial parameters: [3.0e-6, 224.70077962061688, 3503.7687806068507, 0.01, 0.01, 3.0e-6, 365.2563979727041, 3624.408140753458, 0.01, 0.01]
Initial chi-square: 682.2478690025857
New initial 2-planet fit: [3.1309283167663935e-6, 224.7007763158493, 3503.7688528129756, -0.15957115384556633, -0.05056325628325366, 2.264235450267878e-6, 365.2563794079067, 3624.4082001500256, -0.11367938587399487, -0.03883361322129027] in 2 iterations.
New 2-planet chi-square: 408.4911217333935
Maximum: -165.34292995663006 Param: [3.1309283167663935e-6, 224.7007763158493, 3503.7688528129756, -0.15957115384556633, -0.05056325628325366, 2.264235450267878e-6, 365.2563794079067, 3624.4082001500256, -0.11367938587399487, -0.03883361322129027]
INPUTS/EMBtt_30s23yrs.txt loaded.
Initial parameters: [3.0e-6, 224.70078270067415, 3503.7654164466353, 0.01, 0.01, 3.0e-6, 365.25642799602645, 3624.4026568013105, 0.01, 0.01]
Initial chi-square: 682.0221042642277
New initial 2-planet fit: [2.6145491939506833e-6, 224.70077412569447, 3503.7655345382695, 0.03630324222782147, 0.008760401742348965, 3.310341727780486e-6, 365.25643444792007, 3624.4025915260972, 0.04270141745695761, 0.007947303807704384] in 2 iterations.
New 2-planet chi-square: 472.5701191051971
Maximum: -184.7455840843864 Param: [2.6145491939506833e-6, 224.70077412569447, 3503.7655345382695, 0.03630324222782147, 0.008760401742348965, 3.310341727780486e-6, 365.25643444792007, 3624.4025915260972, 0.04270141745695761, 0.007947303807704384]
INPUTS/tt_30s23yrs.txt loaded.
Initial parameters: [3.0e-6, 224.70078270183103, 3503.768738633032, 0.01, 0.01, 3.0e-6, 365.2564240971592, 3624.4079484906156, 0.01, 0.01]
Initial chi-square: 834.4053790662821
New initial 2-planet fit: [3.418236512206259e-6, 224.70077394744143, 3503.768866048107, -0.10324099994800659, -0.04022758114063125, 2.5364582893179927e-6, 365.2564352031899, 3624.407834082164, -0.0654194901005911, -0.030841929030933763] in 2 iterations.
New 2-planet chi-square: 514.7649422992318
Maximum: -187.3113112125373 Param: [3.418236512206259e-6, 224.70077394744143, 3503.768866048107, -0.10324099994800659, -0.04022758114063125, 2.5364582893179927e-6, 365.2564352031899, 3624.407834082164, -0.0654194901005911, -0.030841929030933763]
INPUTS/EMBtt_30s25yrs.txt loaded.
Initial parameters: [3.0e-6, 224.70077228718975, 3503.765547813049, 0.01, 0.01, 3.0e-6, 365.2564569586232, 3624.4024354181242, 0.01, 0.01]
Initial chi-square: 697.8390587864302
New initial 2-planet fit: [2.92985058041411e-6, 224.70077702419528, 3503.7654987460064, 0.05111432121400343, -0.002737416230829655, 3.3758096113458154e-6, 365.25645721236583, 3624.4024109167076, 0.05409384271594408, -0.0012500103583970776] in 2 iterations.
New 2-planet chi-square: 504.3778020576947
Maximum: -202.25808182168888 Param: [2.929851945754206e-6, 224.70077702419565, 3503.76549874601, 0.051114320859058954, -0.002737406856086097, 3.375809084815911e-6, 365.2564572123658, 3624.40241091671, 0.054093842947392355, -0.0012500182643861747]
INPUTS/tt_30s25yrs.txt loaded.
Initial parameters: [3.0e-6, 224.7007722873364, 3503.768870012522, 0.01, 0.01, 3.0e-6, 365.25645035617345, 3624.407753432654, 0.01, 0.01]
Initial chi-square: 941.4923817203819
New initial 2-planet fit: [3.848450609386287e-6, 224.70077645363438, 3503.7688340728523, -0.07356533808072072, -0.05172972386979975, 2.6465091698414075e-6, 365.25645713088045, 3624.4076615387203, -0.0421703704697835, -0.04039789108263621] in 2 iterations.
New 2-planet chi-square: 557.9674178364266
Maximum: -205.53976851532624 Param: [3.848450609386287e-6, 224.70077645363438, 3503.7688340728523, -0.07356533808072072, -0.05172972386979975, 2.6465091698414075e-6, 365.25645713088045, 3624.4076615387203, -0.0421703704697835, -0.04039789108263621]
INPUTS/EMBtt_30s27yrs.txt loaded.
Initial parameters: [3.0e-6, 224.7007708940754, 3503.765570884581, 0.01, 0.01, 3.0e-6, 365.2564467501634, 3624.402525263304, 0.01, 0.01]
Initial chi-square: 708.0541060279303
New initial 2-planet fit: [2.9337046331207748e-6, 224.70077605748034, 3503.765511881182, 0.05270874838078174, -0.002100728223971297, 3.3773342212724386e-6, 365.25645569819693, 3624.402423189999, 0.055261176895487256, -0.00072972454945724] in 2 iterations.
New 2-planet chi-square: 505.04391399739524
Maximum: -217.8625884366883 Param: [2.9337046331207748e-6, 224.70077605748034, 3503.765511881182, 0.05270874838078174, -0.002100728223971297, 3.3773342212724386e-6, 365.25645569819693, 3624.402423189999, 0.055261176895487256, -0.00072972454945724]
INPUTS/tt_30s27yrs.txt loaded.
Initial parameters: [3.0e-6, 224.7007708958866, 3503.7688930613917, 0.01, 0.01, 3.0e-6, 365.2564519732902, 3624.407742815042, 0.01, 0.01]
Initial chi-square: 959.1308753989895
New initial 2-planet fit: [3.6196177265622856e-6, 224.7007741908522, 3503.768866611496, -0.085249866541885, -0.05983916143345316, 2.562706471713822e-6, 365.25646318308566, 3624.4076054956863, -0.05177134153539826, -0.04721133831706227] in 2 iterations.
New 2-planet chi-square: 575.1125487023342
Maximum: -222.40980154809546 Param: [3.619618350156645e-6, 224.70077419085217, 3503.768866611496, -0.08524986532388888, -0.059839162918502616, 2.562705928957014e-6, 365.2564631830857, 3624.407605495684, -0.05177134225234375, -0.0472113368905418]
INPUTS/EMBtt_30s29yrs.txt loaded.
Initial parameters: [3.0e-6, 224.70077670724604, 3503.765490599152, 0.01, 0.01, 3.0e-6, 365.2564497713175, 3624.4024962807325, 0.01, 0.01]
Initial chi-square: 753.2571633281984
New initial 2-planet fit: [2.775969785220421e-6, 224.70077474617034, 3503.76553170911, 0.04896271939422329, 0.0016480027906353647, 3.3779395825606783e-6, 365.25644654971387, 3624.402509590203, 0.05244644681113818, 0.0023627468078793183] in 2 iterations.
New 2-planet chi-square: 515.6133485733932
Maximum: -237.32357208484459 Param: [2.775969785220421e-6, 224.70077474617034, 3503.76553170911, 0.04896271939422329, 0.0016480027906353647, 3.3779395825606783e-6, 365.25644654971387, 3624.402509590203, 0.05244644681113818, 0.0023627468078793183]
INPUTS/tt_30s29yrs.txt loaded.
Initial parameters: [3.0e-6, 224.7007767084683, 3503.768812784173, 0.01, 0.01, 3.0e-6, 365.25645522787084, 3624.4077077799625, 0.01, 0.01]
Initial chi-square: 1022.6203519315451
New initial 2-planet fit: [3.6310431946052464e-6, 224.70077446832147, 3503.768862755194, -0.07786361971861697, -0.059586131220612196, 2.62826267767987e-6, 365.2564479244231, 3624.407748041148, -0.045251671576828835, -0.046523357099116355] in 2 iterations.
New 2-planet chi-square: 600.6160580589558
Maximum: -243.12232389169495 Param: [3.6310431946052464e-6, 224.70077446832147, 3503.768862755194, -0.07786361971861697, -0.059586131220612196, 2.62826267767987e-6, 365.2564479244231, 3624.407748041148, -0.045251671576828835, -0.046523357099116355]
INPUTS/EMBtt_60s15yrs.txt loaded.
Initial parameters: [3.0e-6, 224.70081993168958, 3503.765104651233, 0.01, 0.01, 3.0e-6, 365.25640370938123, 3624.402848893138, 0.01, 0.01]
Initial chi-square: 93.03676554431603
New initial 2-planet fit: [2.0597058182475395e-6, 224.70079813167396, 3503.7653238686526, -0.01253618627711837, 0.008524335400536544, 2.899754712796535e-6, 365.2564243195275, 3624.402699973545, -0.00013632295252783298, 0.007316360590586576] in 2 iterations.
New 2-planet chi-square: 69.1995311500639
Maximum: -82.62138470259526 Param: [2.059709669100685e-6, 224.70079813167473, 3503.765323868638, -0.012536208623951477, 0.008524322457084108, 2.899753377374316e-6, 365.25642431952707, 3624.402699973551, -0.00013630562527736128, 0.007316371281050921]
INPUTS/tt_60s15yrs.txt loaded.
Initial parameters: [3.0e-6, 224.7008199355752, 3503.768426811863, 0.01, 0.01, 3.0e-6, 365.2563989314921, 3624.408130153046, 0.01, 0.01]
Initial chi-square: 118.40978996554004
New initial 2-planet fit: [2.4266925280829207e-6, 224.7007971291493, 3503.7686669569366, -0.25693737285594803, -0.023431580459064193, 1.911469686321258e-6, 365.2564344960414, 3624.4078706183077, -0.19321190543332079, -0.018041654848001083] in 2 iterations.
New 2-planet chi-square: 76.09163988635126
Maximum: -84.47279883678011 Param: [2.4266925280829207e-6, 224.7007971291493, 3503.7686669569366, -0.25693737285594803, -0.023431580459064193, 1.911469686321258e-6, 365.2564344960414, 3624.4078706183077, -0.19321190543332079, -0.018041654848001083]
INPUTS/EMBtt_60s17yrs.txt loaded.
Initial parameters: [3.0e-6, 224.70078672477786, 3503.7653797771604, 0.01, 0.01, 3.0e-6, 365.2564297448972, 3624.4027226601347, 0.01, 0.01]
Initial chi-square: 92.79459474397625
New initial 2-planet fit: [2.210438838476584e-6, 224.70079200498498, 3503.765374647723, -0.0026178536501886055, -0.00028454183895730984, 2.9911196866898335e-6, 365.25643695432257, 3624.4026358638603, 0.007927624445389445, -0.00021282283602117074] in 2 iterations.
New 2-planet chi-square: 70.67700275417782
Maximum: -93.6786452953444 Param: [2.210438838476584e-6, 224.70079200498498, 3503.765374647723, -0.0026178536501886055, -0.00028454183895730984, 2.9911196866898335e-6, 365.25643695432257, 3624.4026358638603, 0.007927624445389445, -0.00021282283602117074]
INPUTS/tt_60s17yrs.txt loaded.
Initial parameters: [3.0e-6, 224.7007867257529, 3503.7687019627365, 0.01, 0.01, 3.0e-6, 365.25641222716183, 3624.4080796043986, 0.01, 0.01]
Initial chi-square: 134.8396193985013
New initial 2-planet fit: [2.7197285144347764e-6, 224.7007896477648, 3503.7687271785176, -0.21699660713159563, -0.03535527727252368, 2.0497686390161907e-6, 365.25643852386816, 3624.4078572689514, -0.160514445953632, -0.02869447172937087] in 2 iterations.
New 2-planet chi-square: 80.42485643003903
Maximum: -96.52111233561601 Param: [2.7197285144347764e-6, 224.7007896477648, 3503.7687271785176, -0.21699660713159563, -0.03535527727252368, 2.0497686390161907e-6, 365.25643852386816, 3624.4078572689514, -0.160514445953632, -0.02869447172937087]
INPUTS/EMBtt_60s19yrs.txt loaded.
Initial parameters: [3.0e-6, 224.70077386120778, 3503.765508044907, 0.01, 0.01, 3.0e-6, 365.256366587863, 3624.4030978541687, 0.01, 0.01]
Initial chi-square: 103.45942736598423
New initial 2-planet fit: [2.6252566683054587e-6, 224.70078236599366, 3503.765460370616, 0.032441340183133216, 0.015635668399915852, 3.2418732568442824e-6, 365.25638831725024, 3624.402917145552, 0.03586155516934205, 0.01277779164945305] in 2 iterations.
New 2-planet chi-square: 81.39795476033431
Maximum: -107.78407859901124 Param: [2.6253037931856685e-6, 224.70078236601233, 3503.765460370588, 0.03244107774681079, 0.01563544263015527, 3.241854559709912e-6, 365.2563883172338, 3624.402917145523, 0.0358617651056037, 0.012777966777538128]
INPUTS/tt_60s19yrs.txt loaded.
Initial parameters: [3.0e-6, 224.70077386518872, 3503.7688302026127, 0.01, 0.01, 3.0e-6, 365.2563741476393, 3624.4083117062974, 0.01, 0.01]
Initial chi-square: 139.51546289988264
New initial 2-planet fit: [3.0230152007617505e-6, 224.7007786481853, 3503.7688267084527, -0.1587437202125621, -0.026334280766952784, 2.259110620126069e-6, 365.25640274823286, 3624.4080646174493, -0.11440129724916788, -0.02160660787307546] in 2 iterations.
New 2-planet chi-square: 87.13806389530711
Maximum: -109.45359815191941 Param: [3.0230152007617505e-6, 224.7007786481853, 3503.7688267084527, -0.1587437202125621, -0.026334280766952784, 2.259110620126069e-6, 365.25640274823286, 3624.4080646174493, -0.11440129724916788, -0.02160660787307546]
INPUTS/EMBtt_60s21yrs.txt loaded.
Initial parameters: [3.0e-6, 224.7007796193704, 3503.765458421258, 0.01, 0.01, 3.0e-6, 365.25638462186294, 3624.402971543044, 0.01, 0.01]
Initial chi-square: 112.97305422674395
New initial 2-planet fit: [2.5899104110353007e-6, 224.70077618501944, 3503.7655265920826, 0.0161574886355183, -0.005527284685100836, 3.1147310183458496e-6, 365.2563763589535, 3624.402983405151, 0.023230931094896778, -0.0031809114657913706] in 2 iterations.
New 2-planet chi-square: 88.79708666998789
Maximum: -123.3747306464621 Param: [2.5899104110353007e-6, 224.70077618501944, 3503.7655265920826, 0.0161574886355183, -0.005527284685100836, 3.1147310183458496e-6, 365.2563763589535, 3624.402983405151, 0.023230931094896778, -0.0031809114657913706]
INPUTS/tt_60s21yrs.txt loaded.
Initial parameters: [3.0e-6, 224.70077962061688, 3503.7687806068507, 0.01, 0.01, 3.0e-6, 365.2563979727041, 3624.408140753458, 0.01, 0.01]
Initial chi-square: 170.56196725064643
New initial 2-planet fit: [3.1309283167663935e-6, 224.7007763158493, 3503.7688528129756, -0.15957115384556633, -0.05056325628325366, 2.264235450267878e-6, 365.2563794079067, 3624.4082001500256, -0.11367938587399487, -0.03883361322129027] in 2 iterations.
New 2-planet chi-square: 102.12278043334838
Maximum: -127.21983502583305 Param: [3.1309283167663935e-6, 224.7007763158493, 3503.7688528129756, -0.15957115384556633, -0.05056325628325366, 2.264235450267878e-6, 365.2563794079067, 3624.4082001500256, -0.11367938587399487, -0.03883361322129027]
INPUTS/EMBtt_60s23yrs.txt loaded.
Initial parameters: [3.0e-6, 224.70078270067415, 3503.7654164466353, 0.01, 0.01, 3.0e-6, 365.25642799602645, 3624.4026568013105, 0.01, 0.01]
Initial chi-square: 170.50552606605692
New initial 2-planet fit: [2.6145491939506833e-6, 224.70077412569447, 3503.7655345382695, 0.03630324222782147, 0.008760401742348965, 3.310341727780486e-6, 365.25643444792007, 3624.4025915260972, 0.04270141745695761, 0.007947303807704384] in 2 iterations.
New 2-planet chi-square: 118.14252977629927
Maximum: -143.15675325078968 Param: [2.6145491939506833e-6, 224.70077412569447, 3503.7655345382695, 0.03630324222782147, 0.008760401742348965, 3.310341727780486e-6, 365.25643444792007, 3624.4025915260972, 0.04270141745695761, 0.007947303807704384]
INPUTS/tt_60s23yrs.txt loaded.
Initial parameters: [3.0e-6, 224.70078270183103, 3503.768738633032, 0.01, 0.01, 3.0e-6, 365.2564240971592, 3624.4079484906156, 0.01, 0.01]
Initial chi-square: 208.60134476657052
New initial 2-planet fit: [3.418236512206259e-6, 224.70077394744143, 3503.768866048107, -0.10324099994800659, -0.04022758114063125, 2.5364582893179927e-6, 365.2564352031899, 3624.407834082164, -0.0654194901005911, -0.030841929030933763] in 2 iterations.
New 2-planet chi-square: 128.69123557480796
Maximum: -145.7224803789406 Param: [3.418236512206259e-6, 224.70077394744143, 3503.768866048107, -0.10324099994800659, -0.04022758114063125, 2.5364582893179927e-6, 365.2564352031899, 3624.407834082164, -0.0654194901005911, -0.030841929030933763]
INPUTS/EMBtt_60s25yrs.txt loaded.
Initial parameters: [3.0e-6, 224.70077228718975, 3503.765547813049, 0.01, 0.01, 3.0e-6, 365.2564569586232, 3624.4024354181242, 0.01, 0.01]
Initial chi-square: 174.45976469660755
New initial 2-planet fit: [2.92985058041411e-6, 224.70077702419528, 3503.7654987460064, 0.05111432121400343, -0.002737416230829655, 3.3758096113458154e-6, 365.25645721236583, 3624.4024109167076, 0.05409384271594408, -0.0012500103583970776] in 2 iterations.
New 2-planet chi-square: 126.09445051442367
Maximum: -157.20351508529245 Param: [2.929851945754206e-6, 224.70077702419565, 3503.76549874601, 0.051114320859058954, -0.002737406856086097, 3.375809084815911e-6, 365.2564572123658, 3624.40241091671, 0.054093842947392355, -0.0012500182643861747]
INPUTS/tt_60s25yrs.txt loaded.
Initial parameters: [3.0e-6, 224.7007722873364, 3503.768870012522, 0.01, 0.01, 3.0e-6, 365.25645035617345, 3624.407753432654, 0.01, 0.01]
Initial chi-square: 235.37309543009547
New initial 2-planet fit: [3.848450609386287e-6, 224.70077645363438, 3503.7688340728523, -0.07356533808072072, -0.05172972386979975, 2.6465091698414075e-6, 365.25645713088045, 3624.4076615387203, -0.0421703704697835, -0.04039789108263621] in 2 iterations.
New 2-planet chi-square: 139.49185445910666
Maximum: -160.48520177892982 Param: [3.848450609386287e-6, 224.70077645363438, 3503.7688340728523, -0.07356533808072072, -0.05172972386979975, 2.6465091698414075e-6, 365.25645713088045, 3624.4076615387203, -0.0421703704697835, -0.04039789108263621]
INPUTS/EMBtt_60s27yrs.txt loaded.
Initial parameters: [3.0e-6, 224.7007708940754, 3503.765570884581, 0.01, 0.01, 3.0e-6, 365.2564467501634, 3624.402525263304, 0.01, 0.01]
Initial chi-square: 177.01352650698257
New initial 2-planet fit: [2.9337046331207748e-6, 224.70077605748034, 3503.765511881182, 0.05270874838078174, -0.002100728223971297, 3.3773342212724386e-6, 365.25645569819693, 3624.402423189999, 0.055261176895487256, -0.00072972454945724] in 2 iterations.
New 2-planet chi-square: 126.26097849934881
Maximum: -169.34228579749214 Param: [2.9337046331207748e-6, 224.70077605748034, 3503.765511881182, 0.05270874838078174, -0.002100728223971297, 3.3773342212724386e-6, 365.25645569819693, 3624.402423189999, 0.055261176895487256, -0.00072972454945724]
INPUTS/tt_60s27yrs.txt loaded.
Initial parameters: [3.0e-6, 224.7007708958866, 3503.7688930613917, 0.01, 0.01, 3.0e-6, 365.2564519732902, 3624.407742815042, 0.01, 0.01]
Initial chi-square: 239.78271884974737
New initial 2-planet fit: [3.6196177265622856e-6, 224.7007741908522, 3503.768866611496, -0.085249866541885, -0.05983916143345316, 2.562706471713822e-6, 365.25646318308566, 3624.4076054956863, -0.05177134153539826, -0.04721133831706227] in 2 iterations.
New 2-planet chi-square: 143.77813717558354
Maximum: -173.88949890889927 Param: [3.619618350156645e-6, 224.70077419085217, 3503.768866611496, -0.08524986532388888, -0.059839162918502616, 2.562705928957014e-6, 365.2564631830857, 3624.407605495684, -0.05177134225234375, -0.0472113368905418]
INPUTS/EMBtt_60s29yrs.txt loaded.
Initial parameters: [3.0e-6, 224.70077670724604, 3503.765490599152, 0.01, 0.01, 3.0e-6, 365.2564497713175, 3624.4024962807325, 0.01, 0.01]
Initial chi-square: 188.3142908320496
New initial 2-planet fit: [2.775969785220421e-6, 224.70077474617034, 3503.76553170911, 0.04896271939422329, 0.0016480027906353647, 3.3779395825606783e-6, 365.25644654971387, 3624.402509590203, 0.05244644681113818, 0.0023627468078793183] in 2 iterations.
New 2-planet chi-square: 128.9033371433483
Maximum: -184.64438636228874 Param: [2.775969785220421e-6, 224.70077474617034, 3503.76553170911, 0.04896271939422329, 0.0016480027906353647, 3.3779395825606783e-6, 365.25644654971387, 3624.402509590203, 0.05244644681113818, 0.0023627468078793183]
INPUTS/tt_60s29yrs.txt loaded.
Initial parameters: [3.0e-6, 224.7007767084683, 3503.768812784173, 0.01, 0.01, 3.0e-6, 365.25645522787084, 3624.4077077799625, 0.01, 0.01]
Initial chi-square: 255.65508798288627
New initial 2-planet fit: [3.6310431946052464e-6, 224.70077446832147, 3503.768862755194, -0.07786361971861697, -0.059586131220612196, 2.62826267767987e-6, 365.2564479244231, 3624.407748041148, -0.045251671576828835, -0.046523357099116355] in 2 iterations.
New 2-planet chi-square: 150.15401451473895
Maximum: -190.4431381691391 Param: [3.6310431946052464e-6, 224.70077446832147, 3503.768862755194, -0.07786361971861697, -0.059586131220612196, 2.62826267767987e-6, 365.2564479244231, 3624.407748041148, -0.045251671576828835, -0.046523357099116355]
INPUTS/EMBtt_80s15yrs.txt loaded.
Initial parameters: [3.0e-6, 224.70081993168927, 3503.765104651237, 0.01, 0.01, 3.0e-6, 365.2564037093811, 3624.402848893139, 0.01, 0.01]
Initial chi-square: 52.33318060733007
New initial 2-planet fit: [2.0598660805641216e-6, 224.70079813238172, 3503.765323857243, -0.012522622610111465, 0.008525168035503157, 2.899826603858215e-6, 365.25642431899604, 3624.402699978418, -0.0001247630217945456, 0.007317287383816375] in 2 iterations.
New 2-planet chi-square: 38.92473629614778
Maximum: -71.40178388911765 Param: [2.059861922391522e-6, 224.70079813238084, 3503.7653238572766, -0.012522574554381976, 0.008525199317637358, 2.899827843805264e-6, 365.2564243189991, 3624.4026999784046, -0.00012480085413035395, 0.007317263808938635]
INPUTS/tt_80s15yrs.txt loaded.
Initial parameters: [3.0e-6, 224.7008199355752, 3503.768426811863, 0.01, 0.01, 3.0e-6, 365.2563989314927, 3624.4081301530405, 0.01, 0.01]
Initial chi-square: 66.60550682750186
New initial 2-planet fit: [2.4266768349330085e-6, 224.7007971292737, 3503.7686669556056, -0.2569436215850344, -0.023431444517673997, 1.9114436466186053e-6, 365.2564344959897, 3624.4078706187297, -0.19321679837322375, -0.018041462203964867] in 2 iterations.
New 2-planet chi-square: 42.801547437499934
Maximum: -73.25319801181095 Param: [2.4266768349330085e-6, 224.7007971292737, 3503.7686669556056, -0.2569436215850344, -0.023431444517673997, 1.9114436466186053e-6, 365.2564344959897, 3624.4078706187297, -0.19321679837322375, -0.018041462203964867]
INPUTS/EMBtt_80s17yrs.txt loaded.
Initial parameters: [3.0e-6, 224.70078672477757, 3503.7653797771645, 0.01, 0.01, 3.0e-6, 365.25642974489654, 3624.4027226601415, 0.01, 0.01]
Initial chi-square: 52.19695955827335
New initial 2-planet fit: [2.210419217363033e-6, 224.70079200488064, 3503.7653746491096, -0.0026203647076228093, -0.00028457852526555746, 2.9911048427212986e-6, 365.2564369544622, 3624.4026358630636, 0.007925591183802946, -0.00021284983423566612] in 2 iterations.
New 2-planet chi-square: 39.75581405516234
Maximum: -81.02063411075162 Param: [2.210419217363033e-6, 224.70079200488064, 3503.7653746491096, -0.0026203647076228093, -0.00028457852526555746, 2.9911048427212986e-6, 365.2564369544622, 3624.4026358630636, 0.007925591183802946, -0.00021284983423566612]
INPUTS/tt_80s17yrs.txt loaded.
Initial parameters: [3.0e-6, 224.70078672575272, 3503.7687019627388, 0.01, 0.01, 3.0e-6, 365.25641222716234, 3624.408079604393, 0.01, 0.01]
Initial chi-square: 75.84728590172584
New initial 2-planet fit: [2.7197908278814285e-6, 224.70078964789647, 3503.7687271759087, -0.21698867303023814, -0.035353516359362264, 2.0497774123274105e-6, 365.25643852353784, 3624.4078572714284, -0.16050798666547803, -0.02869299166471076] in 2 iterations.
New 2-planet chi-square: 45.23898174168588
Maximum: -83.863101147635 Param: [2.7197908278814285e-6, 224.70078964789647, 3503.7687271759087, -0.21698867303023814, -0.035353516359362264, 2.0497774123274105e-6, 365.25643852353784, 3624.4078572714284, -0.16050798666547803, -0.02869299166471076]
INPUTS/EMBtt_80s19yrs.txt loaded.
Initial parameters: [3.0e-6, 224.7007738612071, 3503.765508044919, 0.01, 0.01, 3.0e-6, 365.2563665878627, 3624.40309785417, 0.01, 0.01]
Initial chi-square: 58.195927921893436
New initial 2-planet fit: [2.6252733350524208e-6, 224.70078236603874, 3503.76546036997, 0.032443424108053266, 0.01563585476555069, 3.2418876092180467e-6, 365.2563883173191, 3624.4029171451325, 0.03586322615570533, 0.012777938484141748] in 2 iterations.
New 2-planet chi-square: 45.786349478711706
Maximum: -93.68765700928968 Param: [2.625320474827175e-6, 224.70078236605738, 3503.7654603699407, 0.03244316077861212, 0.01563562975329581, 3.241868908973657e-6, 365.25638831730265, 3624.4029171451048, 0.035863436314997166, 0.012778113097604103]
INPUTS/tt_80s19yrs.txt loaded.
Initial parameters: [3.0e-6, 224.7007738651885, 3503.768830202616, 0.01, 0.01, 3.0e-6, 365.2563741476396, 3624.408311706295, 0.01, 0.01]
Initial chi-square: 78.47744787704578
New initial 2-planet fit: [3.0229076289381017e-6, 224.70077864790218, 3503.7688267128087, -0.15875734715679718, -0.02633593440558743, 2.2590750379698113e-6, 365.2564027479419, 3624.4080646187836, -0.11441232678769023, -0.02160806016005323] in 2 iterations.
New 2-planet chi-square: 49.015160910407694
Maximum: -95.35717658643561 Param: [3.0229076289381017e-6, 224.70077864790218, 3503.7688267128087, -0.15875734715679718, -0.02633593440558743, 2.2590750379698113e-6, 365.2564027479419, 3624.4080646187836, -0.11441232678769023, -0.02160806016005323]
INPUTS/EMBtt_80s21yrs.txt loaded.
Initial parameters: [3.0e-6, 224.70077961937028, 3503.7654584212587, 0.01, 0.01, 3.0e-6, 365.2563846218629, 3624.4029715430447, 0.01, 0.01]
Initial chi-square: 63.54734300507127
New initial 2-planet fit: [2.5898969073008334e-6, 224.70077618504493, 3503.765526591923, 0.016155786578881507, -0.005526961158240061, 3.114720011183866e-6, 365.2563763588916, 3624.4029834056305, 0.023229537724430482, -0.0031806769748307815] in 2 iterations.
New 2-planet chi-square: 49.94836125012511
Maximum: -107.55221666065448 Param: [2.5898969073008334e-6, 224.70077618504493, 3503.765526591923, 0.016155786578881507, -0.005526961158240061, 3.114720011183866e-6, 365.2563763588916, 3624.4029834056305, 0.023229537724430482, -0.0031806769748307815]
INPUTS/tt_80s21yrs.txt loaded.
Initial parameters: [3.0e-6, 224.7007796206167, 3503.768780606853, 0.01, 0.01, 3.0e-6, 365.25639797270424, 3624.408140753457, 0.01, 0.01]
Initial chi-square: 95.9411065862169
New initial 2-planet fit: [3.130913409357367e-6, 224.70077631585127, 3503.7688528131507, -0.15957348909283267, -0.050563713557622784, 2.264225449058535e-6, 365.2563794078705, 3624.408200150023, -0.1136812576822187, -0.03883395439111453] in 2 iterations.
New 2-planet chi-square: 57.44406400263158
Maximum: -111.3973210452329 Param: [3.130913409357367e-6, 224.70077631585127, 3503.7688528131507, -0.15957348909283267, -0.050563713557622784, 2.264225449058535e-6, 365.2563794078705, 3624.408200150023, -0.1136812576822187, -0.03883395439111453]
INPUTS/EMBtt_80s23yrs.txt loaded.
Initial parameters: [3.0e-6, 224.7007827006744, 3503.765416446629, 0.01, 0.01, 3.0e-6, 365.2564279960264, 3624.4026568013096, 0.01, 0.01]
Initial chi-square: 95.90935844853809
New initial 2-planet fit: [2.6145798199907127e-6, 224.70077412571925, 3503.765534537644, 0.03630655869049633, 0.008760377391273751, 3.3103643008100767e-6, 365.25643444792837, 3624.402591526099, 0.04270405229070324, 0.007947274991057894] in 2 iterations.
New 2-planet chi-square: 66.45517301129871
Maximum: -125.89582890915884 Param: [2.6145798199907127e-6, 224.70077412571925, 3503.765534537644, 0.03630655869049633, 0.008760377391273751, 3.3103643008100767e-6, 365.25643444792837, 3624.402591526099, 0.04270405229070324, 0.007947274991057894]
INPUTS/tt_80s23yrs.txt loaded.
Initial parameters: [3.0e-6, 224.7007827018307, 3503.768738633038, 0.01, 0.01, 3.0e-6, 365.25642409715937, 3624.407948490613, 0.01, 0.01]
Initial chi-square: 117.33825639319608
New initial 2-planet fit: [3.4182432187807217e-6, 224.70077394744197, 3503.768866048025, -0.10324007842781935, -0.04022735261160615, 2.5364633865424705e-6, 365.2564352031665, 3624.4078340824526, -0.06541876113390332, -0.03084175423473635] in 2 iterations.
New 2-planet chi-square: 72.38882001415823
Maximum: -128.46155603321324 Param: [3.4182432187807217e-6, 224.70077394744197, 3503.768866048025, -0.10324007842781935, -0.04022735261160615, 2.5364633865424705e-6, 365.2564352031665, 3624.4078340824526, -0.06541876113390332, -0.03084175423473635]
INPUTS/EMBtt_80s25yrs.txt loaded.
Initial parameters: [3.0e-6, 224.70077228718978, 3503.7655478130478, 0.01, 0.01, 3.0e-6, 365.2564569586228, 3624.4024354181292, 0.01, 0.01]
Initial chi-square: 98.13361766723015
New initial 2-planet fit: [2.9298208140017396e-6, 224.70077702414528, 3503.765498746973, 0.05111166320967352, -0.0027379410623195066, 3.375791249172894e-6, 365.2564572124943, 3624.402410915515, 0.05409172299829378, -0.001250401524765812] in 2 iterations.
New 2-planet chi-square: 70.92812842398469
Maximum: -138.5041803803353 Param: [2.9298208140017396e-6, 224.70077702414528, 3503.765498746973, 0.05111166320967352, -0.0027379410623195066, 3.375791249172894e-6, 365.2564572124943, 3624.402410915515, 0.05409172299829378, -0.001250401524765812]
INPUTS/tt_80s25yrs.txt loaded.
Initial parameters: [3.0e-6, 224.70077228733618, 3503.7688700125263, 0.01, 0.01, 3.0e-6, 365.256450356174, 3624.4077534326457, 0.01, 0.01]
Initial chi-square: 132.39736613642242
New initial 2-planet fit: [3.848487712743756e-6, 224.70077645367692, 3503.7688340719324, -0.07356185676395496, -0.0517282543498915, 2.6465256761546373e-6, 365.2564571306954, 3624.4076615407325, -0.04216761448527351, -0.04039674487755324] in 2 iterations.
New 2-planet chi-square: 78.46416813696517
Maximum: -141.7858670711039 Param: [3.848487712743756e-6, 224.70077645367692, 3503.7688340719324, -0.07356185676395496, -0.0517282543498915, 2.6465256761546373e-6, 365.2564571306954, 3624.4076615407325, -0.04216761448527351, -0.04039674487755324]
INPUTS/EMBtt_80s27yrs.txt loaded.
Initial parameters: [3.0e-6, 224.7007708940753, 3503.7655708845828, 0.01, 0.01, 3.0e-6, 365.25644675016326, 3624.402525263305, 0.01, 0.01]
Initial chi-square: 99.57010868252608
New initial 2-planet fit: [2.933686314488499e-6, 224.7007760574508, 3503.765511881799, 0.05270698817905962, -0.00210142234525331, 3.377321630699089e-6, 365.2564556981687, 3624.4024231901144, 0.05525977395333778, -0.0007302698013144969] in 2 iterations.
New 2-planet chi-square: 71.02180041607508
Maximum: -149.20454073088982 Param: [2.933686314488499e-6, 224.7007760574508, 3503.765511881799, 0.05270698817905962, -0.00210142234525331, 3.377321630699089e-6, 365.2564556981687, 3624.4024231901144, 0.05525977395333778, -0.0007302698013144969]
INPUTS/tt_80s27yrs.txt loaded.
Initial parameters: [3.0e-6, 224.70077089588617, 3503.7688930614027, 0.01, 0.01, 3.0e-6, 365.25645197329106, 3624.4077428150285, 0.01, 0.01]
Initial chi-square: 134.87777927657456
New initial 2-planet fit: [3.6195950623678017e-6, 224.7007741908237, 3503.768866612104, -0.08525219641651775, -0.0598400343373345, 2.5626965499855196e-6, 365.25646318304945, 3624.407605495762, -0.05177318715580484, -0.04721202012528007] in 2 iterations.
New 2-planet chi-square: 80.87520216002588
Maximum: -153.75175383673803 Param: [3.619595830596257e-6, 224.70077419082367, 3503.7688666121035, -0.08525219475609566, -0.05984003635519076, 2.5626958822889358e-6, 365.2564631830495, 3624.407605495759, -0.0517731882497574, -0.04721201826660631]
INPUTS/EMBtt_80s29yrs.txt loaded.
Initial parameters: [3.0e-6, 224.70077670724592, 3503.7654905991544, 0.01, 0.01, 3.0e-6, 365.25644977131685, 3624.402496280743, 0.01, 0.01]
Initial chi-square: 105.92678856555533
New initial 2-planet fit: [2.7759545044892516e-6, 224.70077474617966, 3503.7655317090826, 0.04896124585316833, 0.0016481247035051213, 3.3779293625709763e-6, 365.2564465496838, 3624.4025095904763, 0.05244527140762654, 0.0023628485671492207] in 2 iterations.
New 2-planet chi-square: 72.50812714639964
Maximum: -162.78054885766517 Param: [2.7759545044892516e-6, 224.70077474617966, 3503.7655317090826, 0.04896124585316833, 0.0016481247035051213, 3.3779293625709763e-6, 365.2564465496838, 3624.4025095904763, 0.05244527140762654, 0.0023628485671492207]
INPUTS/tt_80s29yrs.txt loaded.
Initial parameters: [3.0e-6, 224.70077670846828, 3503.7688127841734, 0.01, 0.01, 3.0e-6, 365.25645522787136, 3624.407707779955, 0.01, 0.01]
Initial chi-square: 143.80598700158603
New initial 2-planet fit: [3.6310657088636966e-6, 224.70077446831317, 3503.7688627552134, -0.07786135574908427, -0.0595861909671627, 2.628272194068082e-6, 365.25644792446406, 3624.407748040745, -0.045249890615390184, -0.046523405988488815] in 2 iterations.
New 2-planet chi-square: 84.4616331611476
Maximum: -168.57930066127716 Param: [3.6310657088636966e-6, 224.70077446831317, 3503.7688627552134, -0.07786135574908427, -0.0595861909671627, 2.628272194068082e-6, 365.25644792446406, 3624.407748040745, -0.045249890615390184, -0.046523405988488815]
INPUTS/EMBtt_90s15yrs.txt loaded.
Initial parameters: [3.0e-6, 224.70081993168958, 3503.765104651233, 0.01, 0.01, 3.0e-6, 365.2564037093809, 3624.402848893141, 0.01, 0.01]
Initial chi-square: 41.34967357975864
New initial 2-planet fit: [2.059871797134157e-6, 224.70079813238647, 3503.765323857156, -0.012521257309804336, 0.008525047839109335, 2.8998348334497836e-6, 365.25642431901804, 3624.4026999782614, -0.00012368161784370816, 0.00731718257304671] in 2 iterations.
New 2-planet chi-square: 30.755347199068396
Maximum: -66.80824549985786 Param: [2.059871797134157e-6, 224.70079813238647, 3503.765323857156, -0.012521257309804336, 0.008525047839109335, 2.8998348334497836e-6, 365.25642431901804, 3624.4026999782614, -0.00012368161784370816, 0.00731718257304671]
INPUTS/tt_90s15yrs.txt loaded.
Initial parameters: [3.0e-6, 224.7008199355752, 3503.768426811862, 0.01, 0.01, 3.0e-6, 365.2563989314919, 3624.4081301530473, 0.01, 0.01]
Initial chi-square: 52.62657332041337
New initial 2-planet fit: [2.4266813474739706e-6, 224.70079712928148, 3503.7686669556106, -0.2569427755895249, -0.023432019935200298, 1.9114448365911613e-6, 365.25643449613585, 3624.4078706176433, -0.19321613418382763, -0.018041912472431202] in 2 iterations.
New 2-planet chi-square: 33.818506619525934
Maximum: -68.65965962250476 Param: [2.4266813474739706e-6, 224.70079712928148, 3503.7686669556106, -0.2569427755895249, -0.023432019935200298, 1.9114448365911613e-6, 365.25643449613585, 3624.4078706176433, -0.19321613418382763, -0.018041912472431202]
INPUTS/EMBtt_90s17yrs.txt loaded.
Initial parameters: [3.0e-6, 224.70078672477803, 3503.7653797771577, 0.01, 0.01, 3.0e-6, 365.25642974489654, 3624.402722660142, 0.01, 0.01]
Initial chi-square: 41.24204211992903
New initial 2-planet fit: [2.210426296159511e-6, 224.7007920049139, 3503.765374648788, -0.0026199387510174115, -0.00028584854471643684, 2.991106230109925e-6, 365.2564369544929, 3624.402635862625, 0.00792595884605802, -0.00021383896412885715] in 2 iterations.
New 2-planet chi-square: 31.412001225244524
Maximum: -75.83818053940143 Param: [2.210426296159511e-6, 224.7007920049139, 3503.765374648788, -0.0026199387510174115, -0.00028584854471643684, 2.991106230109925e-6, 365.2564369544929, 3624.402635862625, 0.00792595884605802, -0.00021383896412885715]
INPUTS/tt_90s17yrs.txt loaded.
Initial parameters: [3.0e-6, 224.70078672575332, 3503.7687019627288, 0.01, 0.01, 3.0e-6, 365.25641222716143, 3624.4080796044022, 0.01, 0.01]
Initial chi-square: 59.928719751376846
New initial 2-planet fit: [2.7198402344089e-6, 224.70078964807126, 3503.7687271736877, -0.21697916339911533, -0.03535281009961642, 2.049808421254166e-6, 365.25643852311424, 3624.407857274144, -0.16050037531162234, -0.028692446236133966] in 2 iterations.
New 2-planet chi-square: 35.74438063986125
Maximum: -78.68064758149616 Param: [2.7198392601356035e-6, 224.7007896480718, 3503.768727173696, -0.2169791595285999, -0.03535280504862224, 2.049809363807964e-6, 365.25643852311384, 3624.407857274143, -0.1605003786784177, -0.02869245107173832]
INPUTS/EMBtt_90s19yrs.txt loaded.
Initial parameters: [3.0e-6, 224.70077386120775, 3503.765508044909, 0.01, 0.01, 3.0e-6, 365.25636658786266, 3624.4030978541728, 0.01, 0.01]
Initial chi-square: 45.98196772630447
New initial 2-planet fit: [2.6252649448794938e-6, 224.70078236600682, 3503.7654603704295, 0.03244237534728401, 0.015635389423896827, 3.24188032573435e-6, 365.2563883172839, 3624.402917145255, 0.03586238414260265, 0.012777572558085919] in 2 iterations.
New 2-planet chi-square: 36.17686876000127
Maximum: -87.9162882865619 Param: [2.625312086254435e-6, 224.7007823660255, 3503.765460370401, 0.03244211268068168, 0.015635163645585416, 3.2418616211930607e-6, 365.25638831726747, 3624.402917145226, 0.03586259402902316, 0.012777747251823207]
INPUTS/tt_90s19yrs.txt loaded.
Initial parameters: [3.0e-6, 224.7007738651888, 3503.7688302026104, 0.01, 0.01, 3.0e-6, 365.25637414763924, 3624.4083117062983, 0.01, 0.01]
Initial chi-square: 62.006872414026375
New initial 2-planet fit: [3.022951239383377e-6, 224.70077864805168, 3503.7688267104227, -0.1587531408100475, -0.026334781772804673, 2.2590777524881615e-6, 365.2564027480084, 3624.4080646186826, -0.11440885346283063, -0.021607024748289294] in 2 iterations.
New 2-planet chi-square: 38.728028382297374
Maximum: -89.58580784473983 Param: [3.022951239383377e-6, 224.70077864805168, 3503.7688267104227, -0.1587531408100475, -0.026334781772804673, 2.2590777524881615e-6, 365.2564027480084, 3624.4080646186826, -0.11440885346283063, -0.021607024748289294]
INPUTS/EMBtt_90s21yrs.txt loaded.
Initial parameters: [3.0e-6, 224.7007796193705, 3503.7654584212555, 0.01, 0.01, 3.0e-6, 365.25638462186254, 3624.40297154305, 0.01, 0.01]
Initial chi-square: 50.21024633386652
New initial 2-planet fit: [2.5898740387730828e-6, 224.70077618507307, 3503.765526591868, 0.016152905606735365, -0.0055269504306659474, 3.1147015808107543e-6, 365.2563763588057, 3624.4029834062417, 0.02322725360015215, -0.0031806369902942794] in 2 iterations.
New 2-planet chi-square: 39.465371843033104
Maximum: -101.07414969333948 Param: [2.5898740387730828e-6, 224.70077618507307, 3503.765526591868, 0.016152905606735365, -0.0055269504306659474, 3.1147015808107543e-6, 365.2563763588057, 3624.4029834062417, 0.02322725360015215, -0.0031806369902942794]
INPUTS/tt_90s21yrs.txt loaded.
Initial parameters: [3.0e-6, 224.700779620617, 3503.768780606847, 0.01, 0.01, 3.0e-6, 365.2563979727046, 3624.408140753451, 0.01, 0.01]
Initial chi-square: 75.80531877369737
New initial 2-planet fit: [3.1308878527411716e-6, 224.70077631583885, 3503.7688528136628, -0.15957651826715016, -0.05056468213167615, 2.2642186509325316e-6, 365.2563794078605, 3624.4082001497754, -0.1136836887394737, -0.03883472103552344] in 2 iterations.
New 2-planet chi-square: 45.387902407054206
Maximum: -104.91925407517789 Param: [3.1308874913722604e-6, 224.70077631583894, 3503.768852813664, -0.15957651855307617, -0.05056467908851292, 2.2642190229542953e-6, 365.25637940786055, 3624.4082001497777, -0.11368368952915703, -0.03883472371266261]
INPUTS/EMBtt_90s23yrs.txt loaded.
Initial parameters: [3.0e-6, 224.70078270067435, 3503.765416446632, 0.01, 0.01, 3.0e-6, 365.25642799602616, 3624.402656801315, 0.01, 0.01]
Initial chi-square: 75.78023384675336
New initial 2-planet fit: [2.61453574190191e-6, 224.70077412568614, 3503.7655345385856, 0.03630174251378891, 0.008759533670355625, 3.310331298703892e-6, 365.2564344479571, 3624.4025915256307, 0.04270022795482168, 0.007946621526907203] in 2 iterations.
New 2-planet chi-square: 52.50779101965981
Maximum: -118.82884676885413 Param: [2.61453574190191e-6, 224.70077412568614, 3503.7655345385856, 0.03630174251378891, 0.008759533670355625, 3.310331298703892e-6, 365.2564344479571, 3624.4025915256307, 0.04270022795482168, 0.007946621526907203]
INPUTS/tt_90s23yrs.txt loaded.
Initial parameters: [3.0e-6, 224.7007827018312, 3503.7687386330254, 0.01, 0.01, 3.0e-6, 365.2564240971592, 3624.4079484906156, 0.01, 0.01]
Initial chi-square: 92.71170879471835
New initial 2-planet fit: [3.418211963461209e-6, 224.70077394742395, 3503.768866048582, -0.1032438461236646, -0.040228275899230816, 2.5364457900126465e-6, 365.25643520322404, 3624.4078340816836, -0.06542174563801355, -0.030842468431384346] in 2 iterations.
New 2-planet chi-square: 57.196104706876746
Maximum: -121.39457389610241 Param: [3.418211963461209e-6, 224.70077394742395, 3503.768866048582, -0.1032438461236646, -0.040228275899230816, 2.5364457900126465e-6, 365.25643520322404, 3624.4078340816836, -0.06542174563801355, -0.030842468431384346]
INPUTS/EMBtt_90s25yrs.txt loaded.
Initial parameters: [3.0e-6, 224.70077228719012, 3503.7655478130396, 0.01, 0.01, 3.0e-6, 365.2564569586224, 3624.402435418137, 0.01, 0.01]
Initial chi-square: 77.53767324298099
New initial 2-planet fit: [2.92985094307104e-6, 224.70077702419636, 3503.7654987459805, 0.051114507312302035, -0.0027374800703218074, 3.3758114321372675e-6, 365.25645721236145, 3624.402410916714, 0.05409398868853606, -0.0012500391443491788] in 2 iterations.
New 2-planet chi-square: 56.041978012712576
Maximum: -130.84828306191648 Param: [2.92985094307104e-6, 224.70077702419636, 3503.7654987459805, 0.051114507312302035, -0.0027374800703218074, 3.3758114321372675e-6, 365.25645721236145, 3624.402410916714, 0.05409398868853606, -0.0012500391443491788]
INPUTS/tt_90s25yrs.txt loaded.
Initial parameters: [3.0e-6, 224.70077228733666, 3503.7688700125145, 0.01, 0.01, 3.0e-6, 365.25645035617373, 3624.40775343265, 0.01, 0.01]
Initial chi-square: 104.61026462704146
New initial 2-planet fit: [3.848468994221609e-6, 224.7007764536535, 3503.7688340724326, -0.07356361972780454, -0.05172905086935832, 2.646517138701704e-6, 365.2564571307946, 3624.407661539627, -0.042169011419149964, -0.04039736965418293] in 2 iterations.
New 2-planet chi-square: 61.99637975579539
Maximum: -134.12996974990307 Param: [3.848468994221609e-6, 224.7007764536535, 3503.7688340724326, -0.07356361972780454, -0.05172905086935832, 2.646517138701704e-6, 365.2564571307946, 3624.407661539627, -0.042169011419149964, -0.04039736965418293]
INPUTS/EMBtt_90s27yrs.txt loaded.
Initial parameters: [3.0e-6, 224.70077089407587, 3503.7655708845687, 0.01, 0.01, 3.0e-6, 365.25644675016315, 3624.402525263308, 0.01, 0.01]
Initial chi-square: 78.67267847104905
New initial 2-planet fit: [2.9337124034884294e-6, 224.70077605749384, 3503.765511880883, 0.05270932492179921, -0.0021001085825747153, 3.377337785516534e-6, 365.2564556982075, 3624.402423190042, 0.055261639505117664, -0.0007292551181512135] in 2 iterations.
New 2-planet chi-square: 56.11599044079862
Maximum: -140.95972822782718 Param: [2.9337124034884294e-6, 224.70077605749384, 3503.765511880883, 0.05270932492179921, -0.0021001085825747153, 3.377337785516534e-6, 365.2564556982075, 3624.402423190042, 0.055261639505117664, -0.0007292551181512135]
INPUTS/tt_90s27yrs.txt loaded.
Initial parameters: [3.0e-6, 224.7007708958867, 3503.7688930613876, 0.01, 0.01, 3.0e-6, 365.256451973291, 3624.407742815029, 0.01, 0.01]
Initial chi-square: 106.57009722194452
New initial 2-planet fit: [3.6197111310433356e-6, 224.70077419099897, 3503.7688666088966, -0.08524067284234049, -0.059835658081293326, 2.5627389264903508e-6, 365.2564631833085, 3624.407605493126, -0.05176415498849475, -0.047208376484332785] in 2 iterations.
New 2-planet chi-square: 63.90139431996705
Maximum: -145.50694135212206 Param: [3.619710416642498e-6, 224.70077419099826, 3503.7688666088825, -0.08524068575301527, -0.05983563618639398, 2.562739620041205e-6, 365.25646318330945, 3624.4076054931584, -0.051764145727422925, -0.04720839642730987]
INPUTS/EMBtt_90s29yrs.txt loaded.
Initial parameters: [3.0e-6, 224.70077670724635, 3503.7654905991435, 0.01, 0.01, 3.0e-6, 365.2564497713167, 3624.402496280747, 0.01, 0.01]
Initial chi-square: 83.69524037490886
New initial 2-planet fit: [2.7759564647925232e-6, 224.70077474618304, 3503.7655317089816, 0.04896140051601322, 0.0016484058757006465, 3.377930517840845e-6, 365.2564465496833, 3624.4025095905577, 0.05244539974534915, 0.0023630683008815027] in 2 iterations.
New 2-planet chi-square: 57.290372069956184
Maximum: -153.82903815021103 Param: [2.7759564647925232e-6, 224.70077474618304, 3503.7655317089816, 0.04896140051601322, 0.0016484058757006465, 3.377930517840845e-6, 365.2564465496833, 3624.4025095905577, 0.05244539974534915, 0.0023630683008815027]
INPUTS/tt_90s29yrs.txt loaded.
Initial parameters: [3.0e-6, 224.70077670846854, 3503.768812784165, 0.01, 0.01, 3.0e-6, 365.2564552278709, 3624.4077077799634, 0.01, 0.01]
Initial chi-square: 113.62448356576357
New initial 2-planet fit: [3.631079849431332e-6, 224.70077446831323, 3503.7688627551065, -0.0778599861573858, -0.05958588401350708, 2.628277852711965e-6, 365.25644792448026, 3624.4077480406827, -0.045248804615201144, -0.04652316490046451] in 2 iterations.
New 2-planet chi-square: 66.73511756228879
Maximum: -159.62778995302256 Param: [3.6310806175830896e-6, 224.70077446831328, 3503.7688627551074, -0.07785998397618739, -0.05958588515513656, 2.628277187210072e-6, 365.25644792447986, 3624.4077480406763, -0.04524880603060105, -0.04652316327056999]
INPUTS/EMBtt_100s15yrs.txt loaded.
Initial parameters: [3.0e-6, 224.70081993168952, 3503.7651046512333, 0.01, 0.01, 3.0e-6, 365.25640370938055, 3624.402848893145, 0.01, 0.01]
Initial chi-square: 33.49323560595118
New initial 2-planet fit: [2.05989593837352e-6, 224.70079813245985, 3503.7653238560774, -0.012518302682116556, 0.008524688904500812, 2.8998502677453505e-6, 365.25642431908113, 3624.402699977879, -0.00012128240645427546, 0.007316908915413275] in 2 iterations.
New 2-planet chi-square: 24.911831243640016
Maximum: -62.69918539890465 Param: [2.0598911942301787e-6, 224.70079813245886, 3503.765323856113, -0.012518252140840213, 0.008524720678514496, 2.899851713412556e-6, 365.25642431908426, 3624.402699977865, -0.00012132333644734133, 0.007316883676283982]
INPUTS/tt_100s15yrs.txt loaded.
Initial parameters: [3.0e-6, 224.70081993557542, 3503.76842681186, 0.01, 0.01, 3.0e-6, 365.2563989314924, 3624.4081301530414, 0.01, 0.01]
Initial chi-square: 42.62752438394541
New initial 2-planet fit: [2.4267513971630767e-6, 224.70079712948123, 3503.7686669525197, -0.2569286309073229, -0.02343042794603551, 1.9114778441657304e-6, 365.2564344958974, 3624.4078706196897, -0.19320475657466468, -0.018040668390149724] in 2 iterations.
New 2-planet chi-square: 27.392990368741472
Maximum: -64.55059951677951 Param: [2.4267499423894684e-6, 224.70079712948015, 3503.768666952521, -0.2569286219928715, -0.023430417247277315, 1.911479209039829e-6, 365.2564344958969, 3624.407870619687, -0.193204764758205, -0.018040676880254767]
INPUTS/EMBtt_100s17yrs.txt loaded.
Initial parameters: [3.0e-6, 224.70078672477817, 3503.765379777155, 0.01, 0.01, 3.0e-6, 365.2564297448966, 3624.402722660142, 0.01, 0.01]
Initial chi-square: 33.40605412388619
New initial 2-planet fit: [2.2104185847245555e-6, 224.70079200488544, 3503.7653746489873, -0.0026204472831189178, -0.0002844887263350624, 2.9911048608844243e-6, 365.256436954461, 3624.4026358630954, 0.007925519710233935, -0.00021278616079061654] in 2 iterations.
New 2-planet chi-square: 25.443720992097834
Maximum: -71.20231785015426 Param: [2.2104185847245555e-6, 224.70079200488544, 3503.7653746489873, -0.0026204472831189178, -0.0002844887263350624, 2.9911048608844243e-6, 365.256436954461, 3624.4026358630954, 0.007925519710233935, -0.00021278616079061654]
INPUTS/tt_100s17yrs.txt loaded.
Initial parameters: [3.0e-6, 224.70078672575343, 3503.768701962728, 0.01, 0.01, 3.0e-6, 365.25641222716206, 3624.4080796043945, 0.01, 0.01]
Initial chi-square: 48.542262986642356
New initial 2-planet fit: [2.7197924579934344e-6, 224.70078964792236, 3503.7687271757145, -0.21698751862443874, -0.03535336052616461, 2.04978517475536e-6, 365.25643852345326, 3624.407857272032, -0.1605070782612049, -0.02869288962231837] in 2 iterations.
New 2-planet chi-square: 28.952948316153805
Maximum: -74.04478489093043 Param: [2.7197919378167084e-6, 224.70078964792268, 3503.768727175719, -0.21698751602616312, -0.03535335796727935, 2.0497856754024386e-6, 365.2564385234531, 3624.4078572720314, -0.1605070802146156, -0.028692893413449133]
INPUTS/EMBtt_100s19yrs.txt loaded.
Initial parameters: [3.0e-6, 224.70077386120778, 3503.765508044906, 0.01, 0.01, 3.0e-6, 365.25636658786283, 3624.403097854171, 0.01, 0.01]
Initial chi-square: 37.24539387117956
New initial 2-planet fit: [2.6252315460156546e-6, 224.70078236593955, 3503.765460371432, 0.0324386301869929, 0.015636129343723052, 3.2418555284631647e-6, 365.2563883171604, 3624.4029171462403, 0.035859364828265815, 0.01277814720155461] in 2 iterations.
New 2-planet chi-square: 29.303263767111392
Maximum: -82.7536230791171 Param: [2.6252789364313015e-6, 224.7007823659583, 3503.765460371403, 0.03243836712327892, 0.01563590309438479, 3.241836725711769e-6, 365.2563883171439, 3624.4029171462116, 0.035859576376314574, 0.012778323209300273]
INPUTS/tt_100s19yrs.txt loaded.
Initial parameters: [3.0e-6, 224.70077386518923, 3503.7688302026027, 0.01, 0.01, 3.0e-6, 365.2563741476401, 3624.408311706287, 0.01, 0.01]
Initial chi-square: 50.2255666244394
New initial 2-planet fit: [3.0229552711238233e-6, 224.70077864805492, 3503.7688267103567, -0.15875273987992133, -0.026334988639999325, 2.259078018169994e-6, 365.25640274801844, 3624.4080646185157, -0.11440852655669187, -0.021607176620147772] in 2 iterations.
New 2-planet chi-square: 31.36970298688741
Maximum: -84.42314257534025 Param: [3.0229552711238233e-6, 224.70077864805492, 3503.7688267103567, -0.15875273987992133, -0.026334988639999325, 2.259078018169994e-6, 365.25640274801844, 3624.4080646185157, -0.11440852655669187, -0.021607176620147772]
INPUTS/EMBtt_100s21yrs.txt loaded.
Initial parameters: [3.0e-6, 224.7007796193705, 3503.7654584212537, 0.01, 0.01, 3.0e-6, 365.25638462186225, 3624.4029715430547, 0.01, 0.01]
Initial chi-square: 40.670299534457676
New initial 2-planet fit: [2.5899211577857624e-6, 224.7007761850461, 3503.765526591455, 0.016158329324892886, -0.005525896165639907, 3.114735653859504e-6, 365.25637635894856, 3624.4029834055755, 0.02323163699195532, -0.0031798146543207863] in 2 iterations.
New 2-planet chi-square: 31.966951206228394
Maximum: -95.2793213436621 Param: [2.5899211577857624e-6, 224.7007761850461, 3503.765526591455, 0.016158329324892886, -0.005525896165639907, 3.114735653859504e-6, 365.25637635894856, 3624.4029834055755, 0.02323163699195532, -0.0031798146543207863]
INPUTS/tt_100s21yrs.txt loaded.
Initial parameters: [3.0e-6, 224.70077962061697, 3503.7687806068475, 0.01, 0.01, 3.0e-6, 365.2563979727045, 3624.4081407534522, 0.01, 0.01]
Initial chi-square: 61.402308210659115
New initial 2-planet fit: [3.130917961728303e-6, 224.70077631584041, 3503.768852813266, -0.1595728730935141, -0.050564014720241655, 2.2642271271208264e-6, 365.2563794078982, 3624.408200149712, -0.11368076690018296, -0.038834189447066486] in 2 iterations.
New 2-planet chi-square: 36.76420095145492
Maximum: -99.12442571529975 Param: [3.130917961728303e-6, 224.70077631584041, 3503.768852813266, -0.1595728730935141, -0.050564014720241655, 2.2642271271208264e-6, 365.2563794078982, 3624.408200149712, -0.11368076690018296, -0.038834189447066486]
INPUTS/EMBtt_100s23yrs.txt loaded.
Initial parameters: [3.0e-6, 224.70078270067455, 3503.7654164466267, 0.01, 0.01, 3.0e-6, 365.25642799602656, 3624.4026568013096, 0.01, 0.01]
Initial chi-square: 61.381989418400856
New initial 2-planet fit: [2.614517354712605e-6, 224.70077412566647, 3503.7655345389558, 0.03629954141705594, 0.008760503799038425, 3.3103158536591006e-6, 365.25643444790126, 3624.4025915261936, 0.042698481576927245, 0.007947345211593619] in 2 iterations.
New 2-planet chi-square: 42.53131072527591
Maximum: -112.5072158289271 Param: [2.6145197699371815e-6, 224.7007741256664, 3503.7655345389526, 0.03629954042267316, 0.008760527126239967, 3.3103150420875887e-6, 365.2564344479, 3624.402591526194, 0.0426984828043116, 0.007947326479638946]
INPUTS/tt_100s23yrs.txt loaded.
Initial parameters: [3.0e-6, 224.70078270183132, 3503.7687386330244, 0.01, 0.01, 3.0e-6, 365.2564240971596, 3624.4079484906088, 0.01, 0.01]
Initial chi-square: 75.0964841289109
New initial 2-planet fit: [3.41824769678614e-6, 224.7007739474411, 3503.768866048123, -0.1032395598972985, -0.04022835183903654, 2.5364652552242258e-6, 365.2564352032426, 3624.4078340815904, -0.06541835990712586, -0.03084254023889433] in 2 iterations.
New 2-planet chi-square: 46.32884480642681
Maximum: -115.07294295265474 Param: [3.4182491448619917e-6, 224.70077394744143, 3503.768866048127, -0.10323955663281255, -0.04022835603406848, 2.536464043615707e-6, 365.25643520324365, 3624.40783408159, -0.06541836199395981, -0.03084253551895756]
INPUTS/EMBtt_100s25yrs.txt loaded.
Initial parameters: [3.0e-6, 224.70077228718998, 3503.7655478130423, 0.01, 0.01, 3.0e-6, 365.2564569586233, 3624.4024354181233, 0.01, 0.01]
Initial chi-square: 62.805515302030095
New initial 2-planet fit: [2.9298306628302066e-6, 224.7007770241624, 3503.7654987466835, 0.0511124171041192, -0.002738104697281988, 3.3757958037271736e-6, 365.25645721246485, 3624.4024109157467, 0.054092324719721, -0.001250555076141858] in 2 iterations.
New 2-planet chi-square: 45.39400218409635
Maximum: -123.99984953971826 Param: [2.9298306628302066e-6, 224.7007770241624, 3503.7654987466835, 0.0511124171041192, -0.002738104697281988, 3.3757958037271736e-6, 365.25645721246485, 3624.4024109157467, 0.054092324719721, -0.001250555076141858]
INPUTS/tt_100s25yrs.txt loaded.
Initial parameters: [3.0e-6, 224.70077228733697, 3503.7688700125073, 0.01, 0.01, 3.0e-6, 365.25645035617384, 3624.407753432647, 0.01, 0.01]
Initial chi-square: 84.73431435596632
New initial 2-planet fit: [3.848487013382216e-6, 224.70077645367942, 3503.768834071967, -0.07356175091778755, -0.05172901753410666, 2.6465269148112056e-6, 365.25645713071896, 3624.4076615402987, -0.04216753133132496, -0.04039734926263042] in 2 iterations.
New 2-planet chi-square: 50.21706760411492
Maximum: -127.28153623338741 Param: [3.848487013382216e-6, 224.70077645367942, 3503.768834071967, -0.07356175091778755, -0.05172901753410666, 2.6465269148112056e-6, 365.25645713071896, 3624.4076615402987, -0.04216753133132496, -0.04039734926263042]
INPUTS/EMBtt_100s27yrs.txt loaded.
Initial parameters: [3.0e-6, 224.70077089407553, 3503.765570884577, 0.01, 0.01, 3.0e-6, 365.25644675016343, 3624.4025252633032, 0.01, 0.01]
Initial chi-square: 63.724869553280165
New initial 2-planet fit: [2.9336868670104976e-6, 224.70077605745348, 3503.765511881724, 0.052706901328454826, -0.002100930526880431, 3.37732055855924e-6, 365.2564556981696, 3624.4024231902167, 0.05525970625994106, -0.000729902666013949] in 2 iterations.
New 2-planet chi-square: 45.45395226006993
Maximum: -133.58449213410714 Param: [2.9336881019008207e-6, 224.70077605745303, 3503.7655118817174, 0.05270690171840513, -0.002100923176032111, 3.377320081335679e-6, 365.2564556981703, 3624.402423190225, 0.05525970691124499, -0.0007299089889752949]
INPUTS/tt_100s27yrs.txt loaded.
Initial parameters: [3.0e-6, 224.70077089588705, 3503.768893061379, 0.01, 0.01, 3.0e-6, 365.25645197329123, 3624.407742815025, 0.01, 0.01]
Initial chi-square: 86.32177874646558
New initial 2-planet fit: [3.619569436135781e-6, 224.70077419079914, 3503.768866612621, -0.08525482236076398, -0.05984029820009201, 2.5626856896790254e-6, 365.2564631830151, 3624.407605495992, -0.05177526600068437, -0.04721223040845587] in 2 iterations.
New 2-planet chi-square: 51.76012939333919
Maximum: -138.1317052521292 Param: [3.619569436135781e-6, 224.70077419079914, 3503.768866612621, -0.08525482236076398, -0.05984029820009201, 2.5626856896790254e-6, 365.2564631830151, 3624.407605495992, -0.05177526600068437, -0.04721223040845587]
INPUTS/EMBtt_100s29yrs.txt loaded.
Initial parameters: [3.0e-6, 224.7007767072464, 3503.7654905991426, 0.01, 0.01, 3.0e-6, 365.25644977131697, 3624.402496280742, 0.01, 0.01]
Initial chi-square: 67.79314470894828
New initial 2-planet fit: [2.775958901317137e-6, 224.7007747461751, 3503.765531709107, 0.04896189540291569, 0.001648050844701753, 3.377934646176132e-6, 365.2564465496983, 3624.402509590339, 0.05244578308165909, 0.002362805457814203] in 2 iterations.
New 2-planet chi-square: 46.40520137227066
Maximum: -145.82163895661824 Param: [2.775958901317137e-6, 224.7007747461751, 3503.765531709107, 0.04896189540291569, 0.001648050844701753, 3.377934646176132e-6, 365.2564465496983, 3624.402509590339, 0.05244578308165909, 0.002362805457814203]
INPUTS/tt_100s29yrs.txt loaded.
Initial parameters: [3.0e-6, 224.70077670846908, 3503.7688127841498, 0.01, 0.01, 3.0e-6, 365.2564552278715, 3624.4077077799498, 0.01, 0.01]
Initial chi-square: 92.03583170741966
New initial 2-planet fit: [3.631074417846923e-6, 224.70077446831905, 3503.7688627550197, -0.07786054486467843, -0.05958558329502981, 2.628275641911043e-6, 365.25644792446303, 3624.407748040939, -0.04524924288682973, -0.04652292722989141] in 2 iterations.
New 2-planet chi-square: 54.05544521291037
Maximum: -151.6203907542099 Param: [3.631074417846923e-6, 224.70077446831905, 3503.7688627550197, -0.07786054486467843, -0.05958558329502981, 2.628275641911043e-6, 365.25644792446303, 3624.407748040939, -0.04524924288682973, -0.04652292722989141]
INPUTS/EMBtt_110s15yrs.txt loaded.
Initial parameters: [3.0e-6, 224.70081993168964, 3503.765104651231, 0.01, 0.01, 3.0e-6, 365.25640370938135, 3624.4028488931367, 0.01, 0.01]
Initial chi-square: 27.680359993987217
New initial 2-planet fit: [2.0599041509688494e-6, 224.7007981324695, 3503.765323855852, -0.012516238467803018, 0.00852478115791531, 2.899863181345744e-6, 365.25642431907386, 3624.402699977949, -0.00011963987360607077, 0.007316974066364564] in 2 iterations.
New 2-planet chi-square: 20.588290283292356
Maximum: -58.98208838586573 Param: [2.059899675656153e-6, 224.70079813246852, 3503.7653238558864, -0.012516189847418108, 0.008524812734106279, 2.899864534187375e-6, 365.2564243190769, 3624.4026999779353, -0.00011967989433855785, 0.007316949514194103]
INPUTS/tt_110s15yrs.txt loaded.
Initial parameters: [3.0e-6, 224.7008199355754, 3503.7684268118587, 0.01, 0.01, 3.0e-6, 365.2563989314926, 3624.40813015304, 0.01, 0.01]
Initial chi-square: 35.22935899263316
New initial 2-planet fit: [2.426713264679134e-6, 224.70079712918914, 3503.768666956157, -0.2569328356891407, -0.02343060120313636, 1.911481729094711e-6, 365.2564344958679, 3624.4078706196706, -0.19320826070757413, -0.018040897152243406] in 2 iterations.
New 2-planet chi-square: 22.638835011668295
Maximum: -60.83350250112002 Param: [2.426713264679134e-6, 224.70079712918914, 3503.768666956157, -0.2569328356891407, -0.02343060120313636, 1.911481729094711e-6, 365.2564344958679, 3624.4078706196706, -0.19320826070757413, -0.018040897152243406]
INPUTS/EMBtt_110s17yrs.txt loaded.
Initial parameters: [3.0e-6, 224.70078672477814, 3503.765379777156, 0.01, 0.01, 3.0e-6, 365.2564297448971, 3624.402722660137, 0.01, 0.01]
Initial chi-square: 27.608309188774797
New initial 2-planet fit: [2.210436941444556e-6, 224.70079200498992, 3503.7653746478213, -0.0026171823615428504, -0.00028485935149237713, 2.9911248700214217e-6, 365.2564369543126, 3624.4026358637902, 0.007928126641687546, -0.0002130879603108723] in 2 iterations.
New 2-planet chi-square: 21.0278685888959
Maximum: -67.00866993916706 Param: [2.210436941444556e-6, 224.70079200498992, 3503.7653746478213, -0.0026171823615428504, -0.00028485935149237713, 2.9911248700214217e-6, 365.2564369543126, 3624.4026358637902, 0.007928126641687546, -0.0002130879603108723]
INPUTS/tt_110s17yrs.txt loaded.
Initial parameters: [3.0e-6, 224.70078672575298, 3503.768701962734, 0.01, 0.01, 3.0e-6, 365.2564122271621, 3624.408079604395, 0.01, 0.01]
Initial chi-square: 40.11757271179345
New initial 2-planet fit: [2.7197199363365574e-6, 224.70078964775487, 3503.76872717872, -0.2169976877914493, -0.035355120880460514, 2.049768037996864e-6, 365.25643852386975, 3624.407857269104, -0.16051531399079227, -0.028694365823315644] in 2 iterations.
New 2-planet chi-square: 23.928056463718036
Maximum: -69.85113698329764 Param: [2.7197199363365574e-6, 224.70078964775487, 3503.76872717872, -0.2169976877914493, -0.035355120880460514, 2.049768037996864e-6, 365.25643852386975, 3624.407857269104, -0.16051531399079227, -0.028694365823315644]
INPUTS/EMBtt_110s19yrs.txt loaded.
Initial parameters: [3.0e-6, 224.7007738612079, 3503.7655080449044, 0.01, 0.01, 3.0e-6, 365.25636658786357, 3624.4030978541628, 0.01, 0.01]
Initial chi-square: 30.781317216703854
New initial 2-planet fit: [2.6252467173473757e-6, 224.70078236597826, 3503.7654603708706, 0.03244023280737985, 0.015636064639936154, 3.2418657810702666e-6, 365.2563883172188, 3624.4029171458105, 0.03586065779091649, 0.012778104816216829] in 2 iterations.
New 2-planet chi-square: 24.217573326328008
Maximum: -78.08342423337686 Param: [2.625293900356618e-6, 224.7007823659969, 3503.7654603708415, 0.032439970147941616, 0.015635839143560867, 3.241847066449808e-6, 365.2563883172024, 3624.402917145783, 0.03586086876913695, 0.01277827943314775]
INPUTS/tt_110s19yrs.txt loaded.
Initial parameters: [3.0e-6, 224.70077386518892, 3503.768830202608, 0.01, 0.01, 3.0e-6, 365.2563741476397, 3624.408311706292, 0.01, 0.01]
Initial chi-square: 41.508732759010066
New initial 2-planet fit: [3.022978851687493e-6, 224.70077864809028, 3503.7688267098342, -0.15874916272737108, -0.026335419873870707, 2.259091043453479e-6, 365.25640274810416, 3624.4080646177786, -0.1144056689494941, -0.02160752067482137] in 2 iterations.
New 2-planet chi-square: 25.925374376122736
Maximum: -79.75294377134908 Param: [3.022978851687493e-6, 224.70077864809028, 3503.7688267098342, -0.15874916272737108, -0.026335419873870707, 2.259091043453479e-6, 365.25640274810416, 3624.4080646177786, -0.1144056689494941, -0.02160752067482137]
INPUTS/EMBtt_110s21yrs.txt loaded.
Initial parameters: [3.0e-6, 224.70077961937073, 3503.7654584212496, 0.01, 0.01, 3.0e-6, 365.25638462186294, 3624.402971543045, 0.01, 0.01]
Initial chi-square: 33.611817800297565
New initial 2-planet fit: [2.5899087234448947e-6, 224.70077618503024, 3503.7655265919275, 0.016157141077276525, -0.005526965360626123, 3.1147285983877147e-6, 365.2563763589378, 3624.402983405354, 0.02323066165234615, -0.0031806557244732432] in 2 iterations.
New 2-planet chi-square: 26.418967930691778
Maximum: -90.03726144574303 Param: [2.5899087234448947e-6, 224.70077618503024, 3503.7655265919275, 0.016157141077276525, -0.005526965360626123, 3.1147285983877147e-6, 365.2563763589378, 3624.402983405354, 0.02323066165234615, -0.0031806557244732432]
INPUTS/tt_110s21yrs.txt loaded.
Initial parameters: [3.0e-6, 224.70077962061706, 3503.768780606845, 0.01, 0.01, 3.0e-6, 365.25639797270435, 3624.4081407534536, 0.01, 0.01]
Initial chi-square: 50.74570926506139
New initial 2-planet fit: [3.1309425100145412e-6, 224.70077631582527, 3503.7688528131985, -0.15956897233433687, -0.05056371300298804, 2.2642436035896524e-6, 365.2563794079783, 3624.408200149352, -0.11367765221249741, -0.038833976780518295] in 2 iterations.
New 2-planet chi-square: 30.383637158661504
Maximum: -93.88236583393505 Param: [3.1309417412403702e-6, 224.70077631582538, 3503.7688528132007, -0.15956897293894795, -0.050563709051070695, 2.2642443893360974e-6, 365.25637940797856, 3624.4082001493575, -0.1136776534300048, -0.03883398099872513]
INPUTS/EMBtt_110s23yrs.txt loaded.
Initial parameters: [3.0e-6, 224.7007827006744, 3503.7654164466308, 0.01, 0.01, 3.0e-6, 365.2564279960268, 3624.4026568013046, 0.01, 0.01]
Initial chi-square: 50.72891685177889
New initial 2-planet fit: [2.6145438790211828e-6, 224.70077412569162, 3503.765534538411, 0.03630267208307424, 0.008759803736158615, 3.3103377871045254e-6, 365.2564344479461, 3624.4025915257807, 0.04270096469042573, 0.007946830770988796] in 2 iterations.
New 2-planet chi-square: 35.149843570989084
Maximum: -106.78860503757873 Param: [2.6145438790211828e-6, 224.70077412569162, 3503.765534538411, 0.03630267208307424, 0.008759803736158615, 3.3103377871045254e-6, 365.2564344479461, 3624.4025915257807, 0.04270096469042573, 0.007946830770988796]
INPUTS/tt_110s23yrs.txt loaded.
Initial parameters: [3.0e-6, 224.70078270183137, 3503.768738633023, 0.01, 0.01, 3.0e-6, 365.2564240971595, 3624.407948490609, 0.01, 0.01]
Initial chi-square: 62.06321003125349
New initial 2-planet fit: [3.4182680243067195e-6, 224.7007739474571, 3503.7688660476483, -0.10323749929275416, -0.04022700070445348, 2.5364723831827013e-6, 365.25643520315606, 3624.4078340826554, -0.06541673235123371, -0.030841477163237423] in 2 iterations.
New 2-planet chi-square: 38.288301489802855
Maximum: -109.35433216195702 Param: [3.4182680243067195e-6, 224.7007739474571, 3503.7688660476483, -0.10323749929275416, -0.04022700070445348, 2.5364723831827013e-6, 365.25643520315606, 3624.4078340826554, -0.06541673235123371, -0.030841477163237423]
INPUTS/EMBtt_110s25yrs.txt loaded.
Initial parameters: [3.0e-6, 224.7007722871901, 3503.76554781304, 0.01, 0.01, 3.0e-6, 365.25645695862306, 3624.402435418125, 0.01, 0.01]
Initial chi-square: 51.90538455027596
New initial 2-planet fit: [2.9298524978731657e-6, 224.700777024201, 3503.7654987459678, 0.05111449081739481, -0.00273814844600934, 3.3758104565573178e-6, 365.25645721237726, 3624.402410916477, 0.05409397810909719, -0.00125059213144644] in 2 iterations.
New 2-planet chi-square: 37.51570428626325
Maximum: -117.80468785407106 Param: [2.9298538286151186e-6, 224.70077702420136, 3503.7654987459714, 0.0511144910033964, -0.0027381383184368526, 3.3758099415201603e-6, 365.25645721237726, 3624.4024109164793, 0.054093977732602216, -0.0012505999398047837]
INPUTS/tt_110s25yrs.txt loaded.
Initial parameters: [3.0e-6, 224.70077228733695, 3503.7688700125073, 0.01, 0.01, 3.0e-6, 365.25645035617345, 3624.4077534326516, 0.01, 0.01]
Initial chi-square: 70.02835897807599
New initial 2-planet fit: [3.848455120869041e-6, 224.70077645364074, 3503.7688340727186, -0.07356488005321903, -0.051729399507399326, 2.646511711588139e-6, 365.2564571308516, 3624.4076615390622, -0.04217001022143745, -0.04039764026077702] in 2 iterations.
New 2-planet chi-square: 41.50170875752703
Maximum: -121.0863745412477 Param: [3.848455692243488e-6, 224.70077645364054, 3503.768834072717, -0.07356487884266157, -0.05172940125487738, 2.64651120850096e-6, 365.25645713085163, 3624.4076615390595, -0.04217001136216678, -0.040397638752388325]
INPUTS/EMBtt_110s27yrs.txt loaded.
Initial parameters: [3.0e-6, 224.7007708940759, 3503.765570884568, 0.01, 0.01, 3.0e-6, 365.25644675016326, 3624.4025252633046, 0.01, 0.01]
Initial chi-square: 52.66518143871396
New initial 2-planet fit: [2.933719336800963e-6, 224.70077605749782, 3503.7655118807966, 0.05271000908357506, -0.0021005261633404984, 3.3773426617235714e-6, 365.2564556982159, 3624.402423189895, 0.05526218480844276, -0.0007295846580483614] in 2 iterations.
New 2-planet chi-square: 37.565249805062535
Maximum: -126.91277955092735 Param: [2.933720611111409e-6, 224.7007760574973, 3503.7655118807897, 0.052710008645320605, -0.0021005173462723486, 3.3773421680366802e-6, 365.2564556982167, 3624.402423189904, 0.055262184790080646, -0.0007295917271746317]
INPUTS/tt_110s27yrs.txt loaded.
Initial parameters: [3.0e-6, 224.70077089588668, 3503.768893061388, 0.01, 0.01, 3.0e-6, 365.2564519732908, 3624.4077428150313, 0.01, 0.01]
Initial chi-square: 71.34031302349202
New initial 2-planet fit: [3.6196103813666766e-6, 224.700774190844, 3503.7688666116687, -0.0852505177884988, -0.05983938950111212, 2.5627046160285135e-6, 365.2564631830749, 3624.407605495734, -0.051771854534873686, -0.047211523724138456] in 2 iterations.
New 2-planet chi-square: 42.7769664312431
Maximum: -131.4599926580265 Param: [3.6196103813666766e-6, 224.700774190844, 3503.7688666116687, -0.0852505177884988, -0.05983938950111212, 2.5627046160285135e-6, 365.2564631830749, 3624.407605495734, -0.051771854534873686, -0.047211523724138456]
INPUTS/EMBtt_110s29yrs.txt loaded.
Initial parameters: [3.0e-6, 224.70077670724643, 3503.7654905991417, 0.01, 0.01, 3.0e-6, 365.2564497713171, 3624.4024962807384, 0.01, 0.01]
Initial chi-square: 56.02739231589538
New initial 2-planet fit: [2.7759497841608047e-6, 224.70077474618543, 3503.7655317090075, 0.04896070180588691, 0.0016482998846416355, 3.377925477178339e-6, 365.25644654967016, 3624.4025095906527, 0.0524448431095437, 0.0023629854198823127] in 2 iterations.
New 2-planet chi-square: 38.351406095916545
Maximum: -138.57806529459174 Param: [2.7759497841608047e-6, 224.70077474618543, 3503.7655317090075, 0.04896070180588691, 0.0016482998846416355, 3.377925477178339e-6, 365.25644654967016, 3624.4025095906527, 0.0524448431095437, 0.0023629854198823127]
INPUTS/tt_110s29yrs.txt loaded.
Initial parameters: [3.0e-6, 224.7007767084687, 3503.7688127841593, 0.01, 0.01, 3.0e-6, 365.2564552278712, 3624.4077077799566, 0.01, 0.01]
Initial chi-square: 76.06267081405227
New initial 2-planet fit: [3.631021311860951e-6, 224.70077446832696, 3503.7688627552366, -0.07786590285066788, -0.05958626736290117, 2.6282522544350142e-6, 365.2564479243863, 3624.40774804149, -0.045253476757084354, -0.04652346010450302] in 2 iterations.
New 2-planet chi-square: 44.67392168113323
Maximum: -144.37681710402717 Param: [3.631021311860951e-6, 224.70077446832696, 3503.7688627552366, -0.07786590285066788, -0.05958626736290117, 2.6282522544350142e-6, 365.2564479243863, 3624.40774804149, -0.045253476757084354, -0.04652346010450302]
INPUTS/EMBtt_120s15yrs.txt loaded.
Initial parameters: [3.0e-6, 224.70081993168958, 3503.765104651233, 0.01, 0.01, 3.0e-6, 365.25640370938123, 3624.402848893138, 0.01, 0.01]
Initial chi-square: 23.259191386079006
New initial 2-planet fit: [2.0597058182475395e-6, 224.70079813167396, 3503.7653238686526, -0.01253618627711837, 0.008524335400536544, 2.899754712796535e-6, 365.2564243195275, 3624.402699973545, -0.00013632295252783298, 0.007316360590586576] in 2 iterations.
New 2-planet chi-square: 17.299882787515976
Maximum: -55.588644660757396 Param: [2.059709669100685e-6, 224.70079813167473, 3503.765323868638, -0.012536208623951477, 0.008524322457084108, 2.899753377374316e-6, 365.25642431952707, 3624.402699973551, -0.00013630562527736128, 0.007316371281050921]
INPUTS/tt_120s15yrs.txt loaded.
Initial parameters: [3.0e-6, 224.7008199355752, 3503.768426811863, 0.01, 0.01, 3.0e-6, 365.2563989314921, 3624.408130153046, 0.01, 0.01]
Initial chi-square: 29.60244749138501
New initial 2-planet fit: [2.4266925280829207e-6, 224.7007971291493, 3503.7686669569366, -0.25693737285594803, -0.023431580459064193, 1.911469686321258e-6, 365.2564344960414, 3624.4078706183077, -0.19321190543332079, -0.018041654848001083] in 2 iterations.
New 2-planet chi-square: 19.022909971587815
Maximum: -57.440058794942246 Param: [2.4266925280829207e-6, 224.7007971291493, 3503.7686669569366, -0.25693737285594803, -0.023431580459064193, 1.911469686321258e-6, 365.2564344960414, 3624.4078706183077, -0.19321190543332079, -0.018041654848001083]
INPUTS/EMBtt_120s17yrs.txt loaded.
Initial parameters: [3.0e-6, 224.70078672477786, 3503.7653797771604, 0.01, 0.01, 3.0e-6, 365.2564297448972, 3624.4027226601347, 0.01, 0.01]
Initial chi-square: 23.198648685994062
New initial 2-planet fit: [2.210438838476584e-6, 224.70079200498498, 3503.765374647723, -0.0026178536501886055, -0.00028454183895730984, 2.9911196866898335e-6, 365.25643695432257, 3624.4026358638603, 0.007927624445389445, -0.00021282283602117074] in 2 iterations.
New 2-planet chi-square: 17.669250688544455
Maximum: -63.1801693507068 Param: [2.210438838476584e-6, 224.70079200498498, 3503.765374647723, -0.0026178536501886055, -0.00028454183895730984, 2.9911196866898335e-6, 365.25643695432257, 3624.4026358638603, 0.007927624445389445, -0.00021282283602117074]
INPUTS/tt_120s17yrs.txt loaded.
Initial parameters: [3.0e-6, 224.7007867257529, 3503.7687019627365, 0.01, 0.01, 3.0e-6, 365.25641222716183, 3624.4080796043986, 0.01, 0.01]
Initial chi-square: 33.709904849625325
New initial 2-planet fit: [2.7197285144347764e-6, 224.7007896477648, 3503.7687271785176, -0.21699660713159563, -0.03535527727252368, 2.0497686390161907e-6, 365.25643852386816, 3624.4078572689514, -0.160514445953632, -0.02869447172937087] in 2 iterations.
New 2-planet chi-square: 20.106214107509757
Maximum: -66.02263639097842 Param: [2.7197285144347764e-6, 224.7007896477648, 3503.7687271785176, -0.21699660713159563, -0.03535527727252368, 2.0497686390161907e-6, 365.25643852386816, 3624.4078572689514, -0.160514445953632, -0.02869447172937087]
INPUTS/EMBtt_120s19yrs.txt loaded.
Initial parameters: [3.0e-6, 224.70077386120778, 3503.765508044907, 0.01, 0.01, 3.0e-6, 365.256366587863, 3624.4030978541687, 0.01, 0.01]
Initial chi-square: 25.864856841496056
New initial 2-planet fit: [2.6252566683054587e-6, 224.70078236599366, 3503.765460370616, 0.032441340183133216, 0.015635668399915852, 3.2418732568442824e-6, 365.25638831725024, 3624.402917145552, 0.03586155516934205, 0.01277779164945305] in 2 iterations.
New 2-planet chi-square: 20.34948869008358
Maximum: -73.81986675157391 Param: [2.6253037931856685e-6, 224.70078236601233, 3503.765460370588, 0.03244107774681079, 0.01563544263015527, 3.241854559709912e-6, 365.2563883172338, 3624.402917145523, 0.0358617651056037, 0.012777966777538128]
INPUTS/tt_120s19yrs.txt loaded.
Initial parameters: [3.0e-6, 224.70077386518872, 3503.7688302026127, 0.01, 0.01, 3.0e-6, 365.2563741476393, 3624.4083117062974, 0.01, 0.01]
Initial chi-square: 34.87886572497066
New initial 2-planet fit: [3.0230152007617505e-6, 224.7007786481853, 3503.7688267084527, -0.1587437202125621, -0.026334280766952784, 2.259110620126069e-6, 365.25640274823286, 3624.4080646174493, -0.11440129724916788, -0.02160660787307546] in 2 iterations.
New 2-planet chi-square: 21.784515973826778
Maximum: -75.48938630448208 Param: [3.0230152007617505e-6, 224.7007786481853, 3503.7688267084527, -0.1587437202125621, -0.026334280766952784, 2.259110620126069e-6, 365.25640274823286, 3624.4080646174493, -0.11440129724916788, -0.02160660787307546]
INPUTS/EMBtt_120s21yrs.txt loaded.
Initial parameters: [3.0e-6, 224.7007796193704, 3503.765458421258, 0.01, 0.01, 3.0e-6, 365.25638462186294, 3624.402971543044, 0.01, 0.01]
Initial chi-square: 28.24326355668599
New initial 2-planet fit: [2.5899104110353007e-6, 224.70077618501944, 3503.7655265920826, 0.0161574886355183, -0.005527284685100836, 3.1147310183458496e-6, 365.2563763589535, 3624.402983405151, 0.023230931094896778, -0.0031809114657913706] in 2 iterations.
New 2-planet chi-square: 22.199271667496973
Maximum: -85.25163571566512 Param: [2.5899104110353007e-6, 224.70077618501944, 3503.7655265920826, 0.0161574886355183, -0.005527284685100836, 3.1147310183458496e-6, 365.2563763589535, 3624.402983405151, 0.023230931094896778, -0.0031809114657913706]
INPUTS/tt_120s21yrs.txt loaded.
Initial parameters: [3.0e-6, 224.70077962061688, 3503.7687806068507, 0.01, 0.01, 3.0e-6, 365.2563979727041, 3624.408140753458, 0.01, 0.01]
Initial chi-square: 42.64049181266161
New initial 2-planet fit: [3.1309283167663935e-6, 224.7007763158493, 3503.7688528129756, -0.15957115384556633, -0.05056325628325366, 2.264235450267878e-6, 365.2563794079067, 3624.4082001500256, -0.11367938587399487, -0.03883361322129027] in 2 iterations.
New 2-planet chi-square: 25.530695108337095
Maximum: -89.09674009503605 Param: [3.1309283167663935e-6, 224.7007763158493, 3503.7688528129756, -0.15957115384556633, -0.05056325628325366, 2.264235450267878e-6, 365.2563794079067, 3624.4082001500256, -0.11367938587399487, -0.03883361322129027]
INPUTS/EMBtt_120s23yrs.txt loaded.
Initial parameters: [3.0e-6, 224.70078270067415, 3503.7654164466353, 0.01, 0.01, 3.0e-6, 365.25642799602645, 3624.4026568013105, 0.01, 0.01]
Initial chi-square: 42.62638151651423
New initial 2-planet fit: [2.6145491939506833e-6, 224.70077412569447, 3503.7655345382695, 0.03630324222782147, 0.008760401742348965, 3.310341727780486e-6, 365.25643444792007, 3624.4025915260972, 0.04270141745695761, 0.007947303807704384] in 2 iterations.
New 2-planet chi-square: 29.535632444074817
Maximum: -101.56792241719295 Param: [2.6145491939506833e-6, 224.70077412569447, 3503.7655345382695, 0.03630324222782147, 0.008760401742348965, 3.310341727780486e-6, 365.25643444792007, 3624.4025915260972, 0.04270141745695761, 0.007947303807704384]
INPUTS/tt_120s23yrs.txt loaded.
Initial parameters: [3.0e-6, 224.70078270183103, 3503.768738633032, 0.01, 0.01, 3.0e-6, 365.2564240971592, 3624.4079484906156, 0.01, 0.01]
Initial chi-square: 52.15033619164263
New initial 2-planet fit: [3.418236512206259e-6, 224.70077394744143, 3503.768866048107, -0.10324099994800659, -0.04022758114063125, 2.5364582893179927e-6, 365.2564352031899, 3624.407834082164, -0.0654194901005911, -0.030841929030933763] in 2 iterations.
New 2-planet chi-square: 32.17280889370199
Maximum: -104.13364954534386 Param: [3.418236512206259e-6, 224.70077394744143, 3503.768866048107, -0.10324099994800659, -0.04022758114063125, 2.5364582893179927e-6, 365.2564352031899, 3624.407834082164, -0.0654194901005911, -0.030841929030933763]
INPUTS/EMBtt_120s25yrs.txt loaded.
Initial parameters: [3.0e-6, 224.70077228718975, 3503.765547813049, 0.01, 0.01, 3.0e-6, 365.2564569586232, 3624.4024354181242, 0.01, 0.01]
Initial chi-square: 43.61494117415189
New initial 2-planet fit: [2.92985058041411e-6, 224.70077702419528, 3503.7654987460064, 0.05111432121400343, -0.002737416230829655, 3.3758096113458154e-6, 365.25645721236583, 3624.4024109167076, 0.05409384271594408, -0.0012500103583970776] in 2 iterations.
New 2-planet chi-square: 31.523612628605918
Maximum: -112.14894834889601 Param: [2.929851945754206e-6, 224.70077702419565, 3503.76549874601, 0.051114320859058954, -0.002737406856086097, 3.375809084815911e-6, 365.2564572123658, 3624.40241091671, 0.054093842947392355, -0.0012500182643861747]
INPUTS/tt_120s25yrs.txt loaded.
Initial parameters: [3.0e-6, 224.7007722873364, 3503.768870012522, 0.01, 0.01, 3.0e-6, 365.25645035617345, 3624.407753432654, 0.01, 0.01]
Initial chi-square: 58.84327385752387
New initial 2-planet fit: [3.848450609386287e-6, 224.70077645363438, 3503.7688340728523, -0.07356533808072072, -0.05172972386979975, 2.6465091698414075e-6, 365.25645713088045, 3624.4076615387203, -0.0421703704697835, -0.04039789108263621] in 2 iterations.
New 2-planet chi-square: 34.872963614776666
Maximum: -115.43063504253335 Param: [3.848450609386287e-6, 224.70077645363438, 3503.7688340728523, -0.07356533808072072, -0.05172972386979975, 2.6465091698414075e-6, 365.25645713088045, 3624.4076615387203, -0.0421703704697835, -0.04039789108263621]
INPUTS/EMBtt_120s27yrs.txt loaded.
Initial parameters: [3.0e-6, 224.7007708940754, 3503.765570884581, 0.01, 0.01, 3.0e-6, 365.2564467501634, 3624.402525263304, 0.01, 0.01]
Initial chi-square: 44.25338162674564
New initial 2-planet fit: [2.9337046331207748e-6, 224.70077605748034, 3503.765511881182, 0.05270874838078174, -0.002100728223971297, 3.3773342212724386e-6, 365.25645569819693, 3624.402423189999, 0.055261176895487256, -0.00072972454945724] in 2 iterations.
New 2-planet chi-square: 31.565244624837202
Maximum: -120.82198315829596 Param: [2.9337046331207748e-6, 224.70077605748034, 3503.765511881182, 0.05270874838078174, -0.002100728223971297, 3.3773342212724386e-6, 365.25645569819693, 3624.402423189999, 0.055261176895487256, -0.00072972454945724]
INPUTS/tt_120s27yrs.txt loaded.
Initial parameters: [3.0e-6, 224.7007708958866, 3503.7688930613917, 0.01, 0.01, 3.0e-6, 365.2564519732902, 3624.407742815042, 0.01, 0.01]
Initial chi-square: 59.94567971243684
New initial 2-planet fit: [3.6196177265622856e-6, 224.7007741908522, 3503.768866611496, -0.085249866541885, -0.05983916143345316, 2.562706471713822e-6, 365.25646318308566, 3624.4076054956863, -0.05177134153539826, -0.04721133831706227] in 2 iterations.
New 2-planet chi-square: 35.944534293895885
Maximum: -125.3691962697031 Param: [3.619618350156645e-6, 224.70077419085217, 3503.768866611496, -0.08524986532388888, -0.059839162918502616, 2.562705928957014e-6, 365.2564631830857, 3624.407605495684, -0.05177134225234375, -0.0472113368905418]
INPUTS/EMBtt_120s29yrs.txt loaded.
Initial parameters: [3.0e-6, 224.70077670724604, 3503.765490599152, 0.01, 0.01, 3.0e-6, 365.2564497713175, 3624.4024962807325, 0.01, 0.01]
Initial chi-square: 47.0785727080124
New initial 2-planet fit: [2.775969785220421e-6, 224.70077474617034, 3503.76553170911, 0.04896271939422329, 0.0016480027906353647, 3.3779395825606783e-6, 365.25644654971387, 3624.402509590203, 0.05244644681113818, 0.0023627468078793183] in 2 iterations.
New 2-planet chi-square: 32.225834285837074
Maximum: -131.9652006397329 Param: [2.775969785220421e-6, 224.70077474617034, 3503.76553170911, 0.04896271939422329, 0.0016480027906353647, 3.3779395825606783e-6, 365.25644654971387, 3624.402509590203, 0.05244644681113818, 0.0023627468078793183]
INPUTS/tt_120s29yrs.txt loaded.
Initial parameters: [3.0e-6, 224.7007767084683, 3503.768812784173, 0.01, 0.01, 3.0e-6, 365.25645522787084, 3624.4077077799625, 0.01, 0.01]
Initial chi-square: 63.91377199572157
New initial 2-planet fit: [3.6310431946052464e-6, 224.70077446832147, 3503.768862755194, -0.07786361971861697, -0.059586131220612196, 2.62826267767987e-6, 365.2564479244231, 3624.407748041148, -0.045251671576828835, -0.046523357099116355] in 2 iterations.
New 2-planet chi-square: 37.53850362868474
Maximum: -137.76395244658326 Param: [3.6310431946052464e-6, 224.70077446832147, 3503.768862755194, -0.07786361971861697, -0.059586131220612196, 2.62826267767987e-6, 365.2564479244231, 3624.407748041148, -0.045251671576828835, -0.046523357099116355]

