args = ["Hpp", "grid", "fromEV", "100"]
INPUTS/tt_30s30yrs.txt loaded.
Initial parameters: [3.0e-6, 224.7007740973407, 3503.769548035863, 0.01, 0.01, 3.0e-6, 365.2564293171474, 3624.4090520915543, 0.01, 0.01]
Initial chi-square: 1116.9802398623335
New initial 2-planet fit: [3.6921453242197503e-6, 224.70077793363524, 3503.769501768157, -0.09148948969257724, -0.051105458436726404, 2.572330614123054e-6, 365.256438869757, 3624.408931928089, -0.055443723582098044, -0.03929496185963876] in 2 iterations.
New 2-planet chi-square: 646.8504724546407
Maximum: -252.4124911915048 Param: [3.6921453242197503e-6, 224.70077793363524, 3503.769501768157, -0.09148948969257724, -0.051105458436726404, 2.572330614123054e-6, 365.256438869757, 3624.408931928089, -0.055443723582098044, -0.03929496185963876]
INPUTS/tt_30s29yrs.txt loaded.
Initial parameters: [3.0e-6, 224.70077612087795, 3503.7695137312867, 0.01, 0.01, 3.0e-6, 365.25645209378564, 3624.4089231437756, 0.01, 0.01]
Initial chi-square: 1131.0056544103954
New initial 2-planet fit: [3.652311175356439e-6, 224.70077363935766, 3503.7695707253006, -0.06770044613802985, -0.07577431129703015, 2.7699348702728357e-6, 365.2564448683494, 3624.4089562333656, -0.038236206803960796, -0.06032576145487865] in 2 iterations.
New 2-planet chi-square: 723.1071061014939
Maximum: -250.1751793914339 Param: [3.6523113522880804e-6, 224.7007736393573, 3503.769570725286, -0.06770046966819517, -0.07577429838479716, 2.7699348809758775e-6, 365.2564448683518, 3624.4089562334143, -0.03823618905116047, -0.06032577369273523]
INPUTS/tt_30s28yrs.txt loaded.
Initial parameters: [3.0e-6, 224.70078502025828, 3503.7694018685825, 0.01, 0.01, 3.0e-6, 365.25644664725667, 3624.4089835987243, 0.01, 0.01]
Initial chi-square: 1049.5044950714437
New initial 2-planet fit: [3.7095824372857603e-6, 224.70078038227354, 3503.769492996306, -0.07764516496986162, -0.06269455799709332, 2.7565884815722563e-6, 365.25646370468723, 3624.4087881615587, -0.04605311188045819, -0.04856560773286689] in 2 iterations.
New 2-planet chi-square: 645.8214617848344
Maximum: -236.17409280828448 Param: [3.7095824372857603e-6, 224.70078038227354, 3503.769492996306, -0.07764516496986162, -0.06269455799709332, 2.7565884815722563e-6, 365.25646370468723, 3624.4087881615587, -0.04605311188045819, -0.04856560773286689]
INPUTS/tt_30s27yrs.txt loaded.
Initial parameters: [3.0e-6, 224.7007805611742, 3503.7694442202733, 0.01, 0.01, 3.0e-6, 365.25645609054766, 3624.4089158510665, 0.01, 0.01]
Initial chi-square: 1079.4738598768704
New initial 2-planet fit: [3.3107746867744325e-6, 224.70078388128076, 3503.769418005534, -0.1360277773424746, -0.05121890786495998, 2.2524111586942886e-6, 365.2564666191781, 3624.4087827470676, -0.09177179034626297, -0.03877854446951758] in 2 iterations.
New 2-planet chi-square: 677.6675226675995
Maximum: -228.15298758415489 Param: [3.3107756470087697e-6, 224.70078388128067, 3503.7694180055328, -0.13602777602187935, -0.05121891032054403, 2.2524102142344916e-6, 365.2564666191782, 3624.408782747064, -0.0917717912585329, -0.03877854167493188]
INPUTS/tt_30s26yrs.txt loaded.
Initial parameters: [3.0e-6, 224.70077915191763, 3503.769384833733, 0.01, 0.01, 3.0e-6, 365.2564581055779, 3624.408781906538, 0.01, 0.01]
Initial chi-square: 1005.493643443958
New initial 2-planet fit: [4.136903422610058e-6, 224.70077637799858, 3503.769442323491, -0.0512295430442361, -0.05869249541343587, 2.74896711857539e-6, 365.2564513404165, 3624.4087968134027, -0.02517650504146899, -0.046455083168168966] in 2 iterations.
New 2-planet chi-square: 606.8840333597876
Maximum: -217.8834826152072 Param: [4.136903422610058e-6, 224.70077637799858, 3503.769442323491, -0.0512295430442361, -0.05869249541343587, 2.74896711857539e-6, 365.2564513404165, 3624.4087968134027, -0.02517650504146899, -0.046455083168168966]
INPUTS/tt_30s25yrs.txt loaded.
Initial parameters: [3.0e-6, 224.70076649310056, 3503.769783030129, 0.01, 0.01, 3.0e-6, 365.2564502703063, 3624.408909639225, 0.01, 0.01]
Initial chi-square: 1040.256083242877
New initial 2-planet fit: [3.761925232273343e-6, 224.70077053355587, 3503.7697497838226, -0.08983908024091497, -0.05619915506562628, 2.537013494539179e-6, 365.2564578278715, 3624.4088103742456, -0.05502259579778884, -0.04431096423696797] in 2 iterations.
New 2-planet chi-square: 641.9086912581708
Maximum: -210.094497213913 Param: [3.761925232273343e-6, 224.70077053355587, 3503.7697497838226, -0.08983908024091497, -0.05619915506562628, 2.537013494539179e-6, 365.2564578278715, 3624.4088103742456, -0.05502259579778884, -0.04431096423696797]
INPUTS/tt_30s24yrs.txt loaded.
Initial parameters: [3.0e-6, 224.70077686776938, 3503.7696052061215, 0.01, 0.01, 3.0e-6, 365.25647308097206, 3624.408582965734, 0.01, 0.01]
Initial chi-square: 986.7748023656951
New initial 2-planet fit: [3.621953182746144e-6, 224.70077815489591, 3503.769611176949, -0.0945096933837889, -0.06352548643905716, 2.44620885353716e-6, 365.25646324005885, 3624.40861414736, -0.05990199796365594, -0.05029060850683747] in 2 iterations.
New 2-planet chi-square: 654.6997154870413
Maximum: -204.25156544762493 Param: [3.621953182746144e-6, 224.70077815489591, 3503.769611176949, -0.0945096933837889, -0.06352548643905716, 2.44620885353716e-6, 365.25646324005885, 3624.40861414736, -0.05990199796365594, -0.05029060850683747]
INPUTS/tt_30s23yrs.txt loaded.
Initial parameters: [3.0e-6, 224.70077410514943, 3503.7697088000273, 0.01, 0.01, 3.0e-6, 365.2564260353259, 3624.4089863691615, 0.01, 0.01]
Initial chi-square: 801.1827808315454
New initial 2-planet fit: [3.4113231920313314e-6, 224.7007653167267, 3503.769838536309, -0.09468153487818749, -0.04468508960789478, 2.5573252790996407e-6, 365.25643868409566, 3624.408854010649, -0.05932781611091198, -0.03401058410161909] in 2 iterations.
New 2-planet chi-square: 505.65911905291523
Maximum: -186.775882935108 Param: [3.4113231920313314e-6, 224.7007653167267, 3503.769838536309, -0.09468153487818749, -0.04468508960789478, 2.5573252790996407e-6, 365.25643868409566, 3624.408854010649, -0.05932781611091198, -0.03401058410161909]
INPUTS/tt_30s22yrs.txt loaded.
Initial parameters: [3.0e-6, 224.70076997365004, 3503.7695670603975, 0.01, 0.01, 3.0e-6, 365.2564080866837, 3624.4092055706305, 0.01, 0.01]
Initial chi-square: 689.3001838546012
New initial 2-planet fit: [3.383670327507075e-6, 224.70077725520326, 3503.76951709265, -0.08413893554061996, -0.05595741109315423, 2.4972662913591924e-6, 365.2564264058196, 3624.409000920525, -0.05435125633991738, -0.04169518681358596] in 2 iterations.
New 2-planet chi-square: 484.08517882869654
Maximum: -176.1944350956128 Param: [3.383670327507075e-6, 224.70077725520326, 3503.76951709265, -0.08413893554061996, -0.05595741109315423, 2.4972662913591924e-6, 365.2564264058196, 3624.409000920525, -0.05435125633991738, -0.04169518681358596]
INPUTS/tt_10s30yrs.txt loaded.
Initial parameters: [3.0e-6, 224.70077047291025, 3503.769626926199, 0.01, 0.01, 3.0e-6, 365.25643209959964, 3624.4091186257524, 0.01, 0.01]
Initial chi-square: 9596.026593841469
New initial 2-planet fit: [3.551505360398983e-6, 224.70077442793368, 3503.7695821086427, -0.09233833054736085, -0.059035342740219196, 2.5730758493769897e-6, 365.25644146946763, 3624.4089941516277, -0.057371533841694584, -0.04641095773005531] in 2 iterations.
New 2-planet chi-square: 5838.642852966137
Maximum: -338.2178927643837 Param: [3.551505360398983e-6, 224.70077442793368, 3503.7695821086427, -0.09233833054736085, -0.059035342740219196, 2.5730758493769897e-6, 365.25644146946763, 3624.4089941516277, -0.057371533841694584, -0.04641095773005531]
INPUTS/tt_10s29yrs.txt loaded.
Initial parameters: [3.0e-6, 224.70077782437804, 3503.7695005134356, 0.01, 0.01, 3.0e-6, 365.2564553830702, 3624.408854592229, 0.01, 0.01]
Initial chi-square: 9496.935809961107
New initial 2-planet fit: [3.699199919987842e-6, 224.70077565443393, 3503.7695491151712, -0.07460958924034725, -0.05656590064262255, 2.604947557830192e-6, 365.256447917046, 3624.4088961998827, -0.0428243048501805, -0.04420681370875873] in 2 iterations.
New 2-planet chi-square: 5741.475424582842
Maximum: -328.9079169579747 Param: [3.699199919987842e-6, 224.70077565443393, 3503.7695491151712, -0.07460958924034725, -0.05656590064262255, 2.604947557830192e-6, 365.256447917046, 3624.4088961998827, -0.0428243048501805, -0.04420681370875873]
INPUTS/tt_10s28yrs.txt loaded.
Initial parameters: [3.0e-6, 224.70077939767486, 3503.7695175632152, 0.01, 0.01, 3.0e-6, 365.2564396072002, 3624.409001617535, 0.01, 0.01]
Initial chi-square: 9447.391603096863
New initial 2-planet fit: [3.7206513102369837e-6, 224.70077520557274, 3503.769598620277, -0.07714235281303036, -0.06446713454981824, 2.6459161050810524e-6, 365.2564565117861, 3624.4088138619836, -0.04457985497711872, -0.050097540266030305] in 2 iterations.
New 2-planet chi-square: 5487.444913380531
Maximum: -314.27295768507315 Param: [3.7206513102369837e-6, 224.70077520557274, 3503.769598620277, -0.07714235281303036, -0.06446713454981824, 2.6459161050810524e-6, 365.2564565117861, 3624.4088138619836, -0.04457985497711872, -0.050097540266030305]
INPUTS/tt_10s27yrs.txt loaded.
Initial parameters: [3.0e-6, 224.70077386889696, 3503.7695780753543, 0.01, 0.01, 3.0e-6, 365.2564543922862, 3624.4088480303717, 0.01, 0.01]
Initial chi-square: 8383.158327420164
New initial 2-planet fit: [3.6255845865407122e-6, 224.70077727051716, 3503.7695499720053, -0.07831003025604309, -0.05756526185467461, 2.583099616646283e-6, 365.25646562948083, 3624.408709820732, -0.04645260174107767, -0.045143598430469715] in 2 iterations.
New 2-planet chi-square: 5110.550510823556
Maximum: -298.8671843309066 Param: [3.6255845865407122e-6, 224.70077727051716, 3503.7695499720053, -0.07831003025604309, -0.05756526185467461, 2.583099616646283e-6, 365.25646562948083, 3624.408709820732, -0.04645260174107767, -0.045143598430469715]
INPUTS/tt_10s26yrs.txt loaded.
Initial parameters: [3.0e-6, 224.7007788301029, 3503.769492843956, 0.01, 0.01, 3.0e-6, 365.25645903288375, 3624.4088386785934, 0.01, 0.01]
Initial chi-square: 8823.638866784706
New initial 2-planet fit: [3.840698254766154e-6, 224.7007760812677, 3503.769549087188, -0.07070116025085378, -0.05263461320632727, 2.6549209496396304e-6, 365.2564512428622, 3624.4088682064016, -0.039971717662420525, -0.041282095566507276] in 2 iterations.
New 2-planet chi-square: 5336.728898402609
Maximum: -291.80051806617536 Param: [3.840698254766154e-6, 224.7007760812677, 3503.769549087188, -0.07070116025085378, -0.05263461320632727, 2.6549209496396304e-6, 365.2564512428622, 3624.4088682064016, -0.039971717662420525, -0.041282095566507276]
INPUTS/tt_10s25yrs.txt loaded.
Initial parameters: [3.0e-6, 224.70077064819165, 3503.769613833397, 0.01, 0.01, 3.0e-6, 365.25644992634557, 3624.4089154989488, 0.01, 0.01]
Initial chi-square: 8782.617782228213
New initial 2-planet fit: [3.7785178870301443e-6, 224.70077504653753, 3503.769573526735, -0.07788333372776668, -0.05558701964179363, 2.636612174312698e-6, 365.25645636530504, 3624.408830546911, -0.04486967387488391, -0.04352051659727231] in 2 iterations.
New 2-planet chi-square: 5095.970845272384
Maximum: -277.42667797439526 Param: [3.778518941982986e-6, 224.70077504653716, 3503.769573526731, -0.07788333102776496, -0.0555870229748707, 2.636611257531096e-6, 365.2564563653051, 3624.408830546906, -0.04486967489227553, -0.0435205126412788]
INPUTS/tt_10s24yrs.txt loaded.
Initial parameters: [3.0e-6, 224.70077313640493, 3503.7696249001183, 0.01, 0.01, 3.0e-6, 365.25646460936053, 3624.408828182931, 0.01, 0.01]
Initial chi-square: 8535.582593723673
New initial 2-planet fit: [3.988604397879613e-6, 224.700775257594, 3503.76961435452, -0.06772916831469111, -0.056077197380112645, 2.6526245275703424e-6, 365.25645162654956, 3624.4088959685864, -0.037235722343225336, -0.04430559512578075] in 2 iterations.
New 2-planet chi-square: 5172.826587690055
Maximum: -269.3619982261191 Param: [3.988604397879613e-6, 224.700775257594, 3503.76961435452, -0.06772916831469111, -0.056077197380112645, 2.6526245275703424e-6, 365.25645162654956, 3624.4088959685864, -0.037235722343225336, -0.04430559512578075]
INPUTS/tt_10s23yrs.txt loaded.
Initial parameters: [3.0e-6, 224.70078349635497, 3503.7694788250797, 0.01, 0.01, 3.0e-6, 365.25642633297645, 3624.4090966434374, 0.01, 0.01]
Initial chi-square: 7397.309209817646
New initial 2-planet fit: [3.59055037067806e-6, 224.7007747763487, 3503.7696046718024, -0.08352696798464107, -0.04184383385347086, 2.640197929210805e-6, 365.2564371182148, 3624.408986176223, -0.049845748085989794, -0.03270643427806382] in 2 iterations.
New 2-planet chi-square: 4512.143402231552
Maximum: -252.43582725246958 Param: [3.59055037067806e-6, 224.7007747763487, 3503.7696046718024, -0.08352696798464107, -0.04184383385347086, 2.640197929210805e-6, 365.2564371182148, 3624.408986176223, -0.049845748085989794, -0.03270643427806382]
INPUTS/tt_10s22yrs.txt loaded.
Initial parameters: [3.0e-6, 224.7007693504237, 3503.7696137184817, 0.01, 0.01, 3.0e-6, 365.25639931722765, 3624.4092799880978, 0.01, 0.01]
Initial chi-square: 6669.955760354077
New initial 2-planet fit: [3.362127359445951e-6, 224.7007766665027, 3503.769560358389, -0.09587161062862662, -0.0616267977251176, 2.538677300012913e-6, 365.2564168473561, 3624.409092474084, -0.06193403238053844, -0.04665684904201259] in 2 iterations.
New 2-planet chi-square: 4364.765857464357
Maximum: -238.8676150391002 Param: [3.362127359445951e-6, 224.7007766665027, 3503.769560358389, -0.09587161062862662, -0.0616267977251176, 2.538677300012913e-6, 365.2564168473561, 3624.409092474084, -0.06193403238053844, -0.04665684904201259]
