args = ["Hpppp", "grid", "fromEV", "100"]
FITS/p3_fit10s15yrs.jld2 loaded.
Previous model params: [3.4587526708316066e-6, 224.70079447661027, 3503.7686750391977, -0.10677418196132926, -0.02698524335792511, 2.4691247108055e-6, 365.25640750101087, 3624.407891069767, -0.0696964741426897, -0.01907885310369595, 0.00077399104716553, 4595.699620527225, 1157.8720611642339, 0.0031548074219682467, 0.09961814565034005]
Finished 4-planet fit w/ fixed period: [2.6655653179649126e-6, 224.70088525188666, 3503.7684644396077, -0.07014162937871958, 0.004223966261053208, 2.614905533127424e-6, 365.2564133510725, 3624.4080466177006, -0.04442641883623174, 0.006069329765490503, 5.539123277799518e-7, 671.4054323220365, 701.1933453777652, -0.4249981100755781, -0.024256433056855625, 0.0013285327739001207, 5207.482735127852, 550.3430025636937, 0.03621538738445056, 0.08158208643241702] in 2 iterations
New 4-planet chi-square: 74.00211241968982
Maximum: -83.9298259606708 Param: [2.7103849006890602e-6, 224.70087900444088, 3503.768163970821, -0.07502268997589782, 0.004620859886466521, 2.5990390709582463e-6, 365.2564028347693, 3624.4081082803264, -0.04817958985832034, 0.005916003231206559, 4.903647734821677e-7, 669.7732847503482, 717.642807163974, -0.46056302976051056, -0.01516938570982799, 0.0012346690310420017, 5151.9658450403695, 640.6111489163802, 0.03824493469859409, 0.09075266169909381]
FITS/p3_fit10s17yrs.jld2 loaded.
Previous model params: [3.672756819560434e-6, 224.70078203334208, 3503.76878113042, -0.09107021834745647, -0.028511035945832482, 2.5785836295048947e-6, 365.25640362970177, 3624.407904983891, -0.05734950863321319, -0.021307503710951442, 0.0008518071529268891, 4554.934911904406, 1137.269797227013, 0.014371592511015592, 0.08798341191302048]
Finished 4-planet fit w/ fixed period: [4.4242800320419685e-6, 224.70077244945801, 3503.7689653759844, -0.03387263709201743, -0.023435312735348414, 2.691283664942406e-6, 365.2563179859509, 3624.4087795379146, -0.01638847369420544, -0.015876571288353947, 1.4666877157672143e-7, 876.0556962402208, -753.6890868031177, 1.5543507636267258, -4.359588879496729, 0.0018332520526022958, 5421.037274452593, -7.651460517047679, 0.05340039120950042, 0.05238187764075601] in 2 iterations
New 4-planet chi-square: 92.07880051407942
Maximum: -99.49818423084729 Param: [4.384151052836997e-6, 224.70077207844398, 3503.768969567039, -0.03492292428581872, -0.023851356064939593, 2.6862030914385984e-6, 365.25631551897413, 3624.408805847426, -0.017259154737460026, -0.016197120162117502, 6.607898105948165e-8, 877.0249970655747, -2329.02257353226, 2.321627259505778, -9.991098100772367, 0.0017861447105479173, 5447.475362273234, -32.122118149914854, 0.05161628590891868, 0.05452882371575093]
FITS/p3_fit10s19yrs.jld2 loaded.
Previous model params: [3.1790046073766746e-6, 224.70078885615993, 3503.768637563253, -0.13131737822839282, -0.041149205960415026, 2.3516005391930973e-6, 365.2564698092727, 3624.4073751477313, -0.08991825898104822, -0.03078556805139653, 0.0003609571862469554, 4216.754825946354, 1665.6411309699556, -0.09358847007482964, 0.1742484081326732]
Finished 4-planet fit w/ fixed period: [4.251145039345443e-6, 224.700832813252, 3503.762937406835, -0.022943897851839826, 0.006175899546914275, 2.8700455407374155e-6, 365.2565137692894, 3624.406916772742, -0.0032048621535207137, 0.00536104967627313, 1.3601124404600608e-9, 675.0045373951643, 17511.490354892114, 19.19734627291272, 78.16752231440505, 0.00046674921063041185, 3698.2167391856415, 1391.3514382435362, -0.09100907861379641, -0.02259584062275245] in 2 iterations
New 4-planet chi-square: 243.84862753843967
Maximum: -134.66541751902463 Param: [4.251145181894408e-6, 224.70083281319907, 3503.7629374061826, -0.022943898032994577, 0.0061759030871818485, 2.870045683743267e-6, 365.2565137692928, 3624.4069167727644, -0.003204862909903056, 0.005361049583965316, 1.360112290899614e-9, 675.0045338156909, 17511.490361195247, 19.197332015260685, 78.167522285228, 0.0004667492130239699, 3698.216730262409, 1391.3514730455036, -0.09100907114193126, -0.022595828489577346]
FITS/p3_fit10s21yrs.jld2 loaded.
Previous model params: [3.475981934628013e-6, 224.70079147711058, 3503.7686226989827, -0.10513613571347022, -0.046544312581168465, 2.5194720932663907e-6, 365.2564633356363, 3624.407412297685, -0.06911047380192908, -0.034572520275647445, 0.000459301398087078, 4246.460376475229, 1533.963131629005, -0.05647504240763077, 0.12944997429480218]
Finished 4-planet fit w/ fixed period: [2.8470892423271758e-6, 224.7008944463498, 3503.7682553784452, -0.04393868409211453, 0.0052052684732450125, 2.781668242678313e-6, 365.2564607738487, 3624.407410124912, -0.02414731169867583, 0.00657399884010743, 6.568587140239633e-7, 670.9123367450536, 22.26436442716936, -0.3703313806580347, -0.05721816196265064, 0.0008614969712458572, 4197.159986126888, 1640.7562974476214, 0.022072372435363623, 0.08998514391412311] in 2 iterations
New 4-planet chi-square: 313.9080949943082
Maximum: -158.1002569290354 Param: [2.807348916383235e-6, 224.70089677706682, 3503.7685000570673, -0.043807637223328796, 0.006728804659319325, 2.784448992249201e-6, 365.25646136010573, 3624.407407135834, -0.02380899761257777, 0.007868369470290402, 6.869643987510231e-7, 671.3271946634114, 21.673910271494435, -0.36352988445690626, -0.042540385616878354, 0.000799223839933434, 4185.002674767357, 1674.6629686589351, 0.016777107549152973, 0.0986886288438748]
FITS/p3_fit10s23yrs.jld2 loaded.
Previous model params: [3.5723488140690293e-6, 224.70078107895068, 3503.768729789949, -0.08915251673844575, -0.056183849484151706, 2.554270988400766e-6, 365.2564733653186, 3624.4073160373896, -0.055812287197141826, -0.04203500726664103, 0.00040716256988033994, 4201.383437037072, 1476.3894005561895, -0.1027720179369743, 0.11246335186764685]
Finished 4-planet fit w/ fixed period: [2.7314959142703244e-6, 224.70087326367687, 3503.76992933767, -0.06198642416523801, -0.00026792073569089795, 2.6634839545183643e-6, 365.25646693150946, 3624.4073749726876, -0.03624014932943011, 0.0027096489364063564, 7.506998376809149e-7, 672.30890557941, 692.6808638156356, -0.3168025061236398, -0.008760859420572932, 0.00025092434203310114, 4132.447595016204, 1491.3306705938892, -0.2457337932806772, 0.11112495198868774] in 2 iterations
New 4-planet chi-square: 477.96603951181135
Maximum: -185.08619048763228 Param: [2.7119188898136773e-6, 224.70087431790358, 3503.7694757460013, -0.06353819854413395, -0.0010573847812882903, 2.6562762266953673e-6, 365.2564675371285, 3624.4073692366173, -0.03746131325419338, 0.0020397935004540448, 7.512125791389397e-7, 672.073518646934, 694.2898266296221, -0.3177980050561036, -0.013776101459181797, 0.0002521950187821608, 4137.146485608135, 1471.162282114513, -0.24616119672473147, 0.10350953136738424]
FITS/p3_fit10s25yrs.jld2 loaded.
Previous model params: [3.74491408633452e-6, 224.70077760883055, 3503.768779460677, -0.08364748713862276, -0.05794224453713038, 2.603269586133199e-6, 365.2564660337188, 3624.4074023871794, -0.05075553285658909, -0.044515792003578865, 0.00044067283695301565, 4227.069963138932, 1424.1322678755187, -0.07777680402248895, 0.1039864148098333]
Finished 4-planet fit w/ fixed period: [5.090220565935783e-6, 224.70073957558938, 3503.769323579219, -0.019098959004112705, -0.0014968712340126427, 2.953279497856581e-6, 365.2564592986784, 3624.4075003437647, 0.0018258501479268237, 0.002300227248208206, 5.509544817226737e-7, 682.4009461531797, 331.90793718065265, -0.209417003548197, 0.13952769214633032, 0.0016138763470433196, 4325.876024957243, 191.27049786974723, 0.05606615572455364, -0.04316437678646596] in 20 iterations
New 4-planet chi-square: 580.2791466285088
Maximum: -206.81405143910604 Param: [5.224601258862114e-6, 224.7007263526787, 3503.7693174205065, -0.01921608819754558, -4.631852589056154e-5, 2.9466850296294407e-6, 365.2564595079208, 3624.407506611396, 0.001080703556305319, 0.00334635667580263, 5.672317779297844e-7, 680.2145946117796, 384.07188764137203, -0.19063977420987427, 0.2143694321566334, 0.0019726458488471595, 4349.791757032887, 92.66658564151803, 0.06334221975057519, -0.03964321695148321]
FITS/p3_fit10s27yrs.jld2 loaded.
Previous model params: [3.576719695071381e-6, 224.70077393881286, 3503.7688440662905, -0.08937266204120492, -0.06141042063175096, 2.5598575046104662e-6, 365.25646034249024, 3624.407482570271, -0.055800898960795146, -0.04781365165915759, 0.00047648821239578955, 4281.262891269501, 1392.0308259057974, -0.04831133960691007, 0.10615037122778143]
Finished 4-planet fit w/ fixed period: [2.5676161398961744e-6, 224.70087913830733, 3503.7704614967106, -0.049361738862410576, 0.005295709834215169, 2.7738194035539674e-6, 365.2564632862925, 3624.407420450244, -0.02602350918478025, 0.0063432787851214366, 1.0700463782718542e-6, 672.5033259384592, 31.1325397805636, -0.2575504607539917, 0.027548174959497528, 0.000248576174775505, 4086.9760500843367, 2039.7507406744644, -0.07611688073135381, 0.22989785584609493] in 2 iterations
New 4-planet chi-square: 681.3697750746946
Maximum: -228.3436801501425 Param: [2.5729238039314584e-6, 224.7008776891435, 3503.771060758268, -0.05056449031716488, 0.004753745619465519, 2.766010535369609e-6, 365.2564637849342, 3624.4074154293053, -0.026962658503710622, 0.0059560185256442, 1.0510748162436477e-6, 672.6752089967617, 30.01760011308345, -0.26040500730833277, 0.03153991612108078, 0.00022626413201828603, 4085.5649301657418, 2060.207842559337, -0.09471419085752512, 0.25248460740773765]
FITS/p3_fit10s29yrs.jld2 loaded.
Previous model params: [3.6438668336707673e-6, 224.70077417374833, 3503.76882697546, -0.08444254387771521, -0.0648486229512119, 2.58393803458513e-6, 365.2564566755373, 3624.407483263598, -0.051554352615767254, -0.05009595332585264, 0.0004037170355304296, 4220.187072878101, 1462.2352132601923, -0.08647073553188647, 0.12030626823687425]
Finished 4-planet fit w/ fixed period: [2.6388358128427367e-6, 224.70088235340467, 3503.770468361666, -0.039300254042457634, 0.006506363725168381, 2.82502127095111e-6, 365.2564594440565, 3624.407455981846, -0.017940446576337053, 0.0077129764771683195, 1.1433159692470792e-6, 672.5033259384592, 698.6469781911592, -0.2443741489527972, 0.014160818806890156, 0.0003882926362934336, 4064.1695092422806, 2022.9817655994038, -0.007044456068451993, 0.16297375113976684] in 2 iterations
New 4-planet chi-square: 753.24322463908
Maximum: -251.72675095905493 Param: [2.636614819113213e-6, 224.70088290151196, 3503.7703685820534, -0.038798378149751, 0.006700643486560939, 2.827576867598272e-6, 365.2564594843456, 3624.4074557676145, -0.017565378352426587, 0.007856260747947371, 1.1505080445263255e-6, 672.4728972731433, 698.9550159830065, -0.24353386094073085, 0.013817386884478191, 0.0003962350342652584, 4064.030752170871, 2024.0208434478827, -0.003676206318744354, 0.16037637478464445]
FITS/p3_fit30s15yrs.jld2 loaded.
Previous model params: [3.458771645583418e-6, 224.7007944762627, 3503.76867504526, -0.10677224419401578, -0.026985078653648426, 2.4691325261708066e-6, 365.25640750007744, 3624.4078910803973, -0.0696949599138654, -0.019078763205867284, 0.0007740115068308371, 4595.71217404644, 1157.8514469739941, 0.0031572872417905103, 0.09961553550268464]
Finished 4-planet fit w/ fixed period: [2.665560384272302e-6, 224.70088525235406, 3503.768464444241, -0.07014122984291739, 0.004224157966803834, 2.6149078222619796e-6, 365.25641335155797, 3624.40804661813, -0.044426109773457734, 0.006069437445320206, 5.539244282998838e-7, 671.4054323220365, 701.1931941144892, -0.4249920598132287, -0.024256578132846568, 0.001328550782471685, 5207.505310861184, 550.3185041378374, 0.03621611510804293, 0.08158084167621457] in 2 iterations
New 4-planet chi-square: 8.222456934604343
Maximum: -41.0839467004404 Param: [2.710392431807524e-6, 224.70087900364973, 3503.7681639400157, -0.07502407052497834, 0.004620233818338236, 2.5990326343715413e-6, 365.25640283539076, 3624.4081082711036, -0.0481806223539114, 0.005915479172083599, 4.903506474333773e-7, 669.773149721085, 717.6417974153616, -0.46056886709534206, -0.0151777432750953, 0.0012346413743397665, 5151.944219587614, 640.6337298560966, 0.038242755955862275, 0.09075373816070889]
FITS/p3_fit30s17yrs.jld2 loaded.
Previous model params: [3.672761294969855e-6, 224.70078203331744, 3503.7687811312853, -0.0910698922534254, -0.028510799658982955, 2.5785845719294745e-6, 365.2564036296387, 3624.4079049848083, -0.057349252645342144, -0.02130731963628036, 0.0008518139774320656, 4554.934770237803, 1137.2701303857732, 0.014372688505878115, 0.08798281984827643]
Finished 4-planet fit w/ fixed period: [4.4243097781755915e-6, 224.70077248574523, 3503.7689648284004, -0.03388862687226789, -0.023425180577394154, 2.6913728425813557e-6, 365.2563182651376, 3624.408776694339, -0.016400025433007497, -0.01587350697856404, 1.4281701054924055e-7, 876.0556962402208, -785.7641412452199, 1.5933996656108063, -4.474586549185976, 0.0018305761395199004, 5417.659419297613, -3.1938364267046206, 0.05339392352046575, 0.05241309858385572] in 2 iterations
New 4-planet chi-square: 10.245584681685163
Maximum: -51.19063070037538 Param: [4.384339490824707e-6, 224.70077205634385, 3503.768969970882, -0.03469537985119, -0.02393215976005013, 2.6864077660970867e-6, 365.2563153686506, 3624.4088077273436, -0.017110593819994784, -0.01623653225880941, 1.4690658319169343e-7, 877.0412049277272, -790.6500586142811, 1.2440097559766161, -4.473580558639813, 0.0017963146838398652, 5452.639648623458, -41.894681429218295, 0.051678972502868153, 0.05404707705301814]
FITS/p3_fit30s19yrs.jld2 loaded.
Previous model params: [3.1790091643932356e-6, 224.70078885636332, 3503.768637560289, -0.13131697678786575, -0.04114895419359779, 2.351601735370164e-6, 365.25646980997436, 3624.4073751409715, -0.08991795148492926, -0.0307853720259896, 0.00036095648410139147, 4216.7492558908925, 1665.6471081483148, -0.09358898037029846, 0.1742483060314467]
Finished 4-planet fit w/ fixed period: [4.251092651758908e-6, 224.7008328210974, 3503.762937649818, -0.022944955511029833, 0.006168234837787504, 2.870024999077008e-6, 365.25651377872083, 3624.406916737984, -0.003206019658612476, 0.0053550018580382185, 1.3831018261610618e-9, 675.0045373951643, 17240.596087104783, 18.723103339509972, 76.90704329925482, 0.0004668422573631065, 3698.2865623242965, 1391.404472956252, -0.09101876467110911, -0.022564365329221816] in 2 iterations
New 4-planet chi-square: 27.094531120150194
Maximum: -80.8336316439834 Param: [4.251092850154894e-6, 224.70083282104963, 3503.7629376489976, -0.022944955403523454, 0.006168235272965127, 2.8700251069860402e-6, 365.25651377872657, 3624.4069167380007, -0.0032060188439848613, 0.005355002356552151, 1.3831016184999416e-9, 675.0045338997858, 17240.596097362402, 18.723089125489466, 76.90704325172234, 0.00046684218958339594, 3698.286570523443, 1391.4044242478928, -0.09101878017395915, -0.022564387458628408]
FITS/p3_fit30s21yrs.jld2 loaded.
Previous model params: [3.475944768292078e-6, 224.70079147732505, 3503.7686226943288, -0.10514018781393995, -0.046544916157979094, 2.5194540842500023e-6, 365.2564633358755, 3624.407412292584, -0.06911364956748306, -0.03457290547599335, 0.00045928067160159954, 4246.455173589244, 1533.9867697411669, -0.05648216626872761, 0.12945744802506443]
Finished 4-planet fit w/ fixed period: [2.847099959349421e-6, 224.7008944454575, 3503.768255398979, -0.04393871253932971, 0.0052049530977089555, 2.7816683369684635e-6, 365.2564607741135, 3624.407410121829, -0.024147322137867636, 0.006573746518356098, 6.568483130468551e-7, 670.9123367450536, 693.1766215256135, -0.37033448145201386, -0.05721825425110979, 0.0008614998623108905, 4197.153031289641, 1640.763948226787, 0.02207314293165279, 0.08998501958087447] in 2 iterations
New 4-planet chi-square: 34.87867718619847
Maximum: -97.67658102438517 Param: [2.807345354017392e-6, 224.70089677675344, 3503.768500078558, -0.043807709133876556, 0.0067293399690417635, 2.784448832705046e-6, 365.25646136032015, 3624.4074071337195, -0.023809037138166015, 0.007868795734587547, 6.869701620324319e-7, 671.3271835305866, 693.0053185470304, -0.36352928834055337, -0.042526447645677375, 0.0007992006437087017, 4185.000578959078, 1674.6699970920267, 0.016776946899711237, 0.09869172334592798]
FITS/p3_fit30s23yrs.jld2 loaded.
Previous model params: [3.5722933802019773e-6, 224.70078107905624, 3503.7687297875655, -0.08915846781280745, -0.05618452156409074, 2.554242922241767e-6, 365.2564733652261, 3624.4073160362104, -0.05581698917087797, -0.04203540223986769, 0.000407142613612724, 4201.379571415061, 1476.428269498052, -0.10277970337702784, 0.11247525321996792]
Finished 4-planet fit w/ fixed period: [2.7314838256056753e-6, 224.70087326440967, 3503.769929387756, -0.061986355473302814, -0.0002662169509986186, 2.663484764595811e-6, 365.2564669314629, 3624.407374973302, -0.03624009767042453, 0.0027110091983079754, 7.507126398698167e-7, 672.30890557941, 692.6824861415811, -0.3168012906050252, -0.008754459009065893, 0.00025092268018399734, 4132.446618344246, 1491.3559901773706, -0.24573061182071188, 0.11113366265746287] in 6 iterations
New 4-planet chi-square: 53.10733766040467
Maximum: -119.16945313188398 Param: [2.71194592843227e-6, 224.70087431787977, 3503.7694756933756, -0.06353495547752919, -0.0010571900592950595, 2.6562927930293e-6, 365.2564675375562, 3624.4073692342126, -0.037458768046828905, 0.0020398256752242458, 7.512120456693665e-7, 672.0734965299043, 694.2894938241581, -0.3177958875788429, -0.01377811240334397, 0.0002522331814247715, 4137.153809709652, 1471.1039178106741, -0.24611427248117915, 0.10348738964324862]
FITS/p3_fit30s25yrs.jld2 loaded.
Previous model params: [3.7448993867988372e-6, 224.70077760892474, 3503.768779458352, -0.0836487643828052, -0.0579434963306337, 2.6032644026402235e-6, 365.2564660340157, 3624.4074023825697, -0.05075653655506854, -0.04451674522868426, 0.0004406599806343088, 4227.067809789774, 1424.138708314632, -0.07778336817364398, 0.10398909588794829]
Finished 4-planet fit w/ fixed period: [5.090213069070927e-6, 224.70073957573598, 3503.7693235715474, -0.019098877708274255, -0.0014965673238860188, 2.9532799359962487e-6, 365.25645929876384, 3624.407500344483, 0.001825869239802161, 0.0023004809484033187, 5.509547065100246e-7, 682.4009461531797, 331.91110928618986, -0.20941205390371884, 0.13953484765138757, 0.0016138976210689356, 4325.884712184678, 191.25274218231058, 0.05606620917441668, -0.04316379598427221] in 20 iterations
New 4-planet chi-square: 64.47545985771994
Maximum: -135.40425223271376 Param: [5.224591964206817e-6, 224.70072635092225, 3503.7693172989743, -0.019215288570194205, -4.44566967229851e-5, 2.946686211905697e-6, 365.2564595088612, 3624.4075066083833, 0.0010808144959438399, 0.0033478213178544346, 5.672444645545258e-7, 680.2140540765081, 384.09355245251356, -0.19060961064984833, 0.21440329824550655, 0.001972826039857191, 4349.821634550404, 92.59027547133326, 0.06334482279245335, -0.0396414809714046]
FITS/p3_fit30s27yrs.jld2 loaded.
Previous model params: [3.576753379183541e-6, 224.70077393874288, 3503.768844068175, -0.0893689372290159, -0.06141097598216666, 2.5598747714086162e-6, 365.2564603422546, 3624.4074825750404, -0.05579793809866513, -0.047814169228538705, 0.00047649492943951797, 4281.269061549217, 1391.9990132118526, -0.04831196086487616, 0.10614536045479486]
Finished 4-planet fit w/ fixed period: [2.5676137539802132e-6, 224.70087913759644, 3503.770461526486, -0.04936314962974583, 0.005295592548879768, 2.773811246692317e-6, 365.25646328661816, 3624.407420445593, -0.026024596603775364, 0.006343186759659554, 1.0700348691260494e-6, 672.5033259384592, 31.134516084404872, -0.2575520972169456, 0.027553973567774358, 0.0002485486540228825, 4086.973138737341, 2039.788055880018, -0.07613053645340437, 0.22992380536054363] in 2 iterations
New 4-planet chi-square: 75.70775291396984
Maximum: -151.4408200025001 Param: [2.572940437532066e-6, 224.70087769133556, 3503.7710602604575, -0.05056078524317851, 0.004751920457687941, 2.7660308838278093e-6, 365.2564637835681, 3624.4074154472423, -0.026959903981264886, 0.005954540166481948, 1.0510827865261148e-6, 672.6751496457898, 30.00953578177256, -0.2604050783797784, 0.03151132379605809, 0.00022638289052987184, 4085.589588826536, 2059.953630294757, -0.0946543793095101, 0.2523418723142253]
FITS/p3_fit30s29yrs.jld2 loaded.
Previous model params: [3.6438882996665637e-6, 224.7007741735575, 3503.7688269804958, -0.08444030847364756, -0.06484807886540345, 2.5839483715276424e-6, 365.25645667462146, 3624.407483278102, -0.05155256865074883, -0.05009557244633238, 0.00040372892588510893, 4220.197468522934, 1462.2034407559333, -0.08646598102102344, 0.12030136597607446]
Finished 4-planet fit w/ fixed period: [2.638834187861375e-6, 224.70088235333267, 3503.770468361748, -0.039300703126557354, 0.006506388002964722, 2.8250190828769222e-6, 365.25645944411855, 3624.407455980864, -0.017940794957601525, 0.007713007373095169, 1.1433075571291165e-6, 672.5033259384592, 698.6471658275284, -0.24437584156120518, 0.014161388574137262, 0.00038829131577585926, 4064.1690626297363, 2022.9871507989453, -0.0070441315024717755, 0.16297567901704849] in 2 iterations
New 4-planet chi-square: 83.69369164347064
Maximum: -168.2322170279546 Param: [2.6366044200788154e-6, 224.70088290395933, 3503.770368435813, -0.038795196295788495, 0.006700569965872963, 2.827592665454285e-6, 365.25645948434357, 3624.407455769191, -0.01756295838983312, 0.007856204071836858, 1.1505584291561526e-6, 672.4728671051175, 698.9551843118147, -0.24352611713620326, 0.013815607752029384, 0.0003962897250588573, 4064.0279558830293, 2024.044483080301, -0.0036471790733108617, 0.16035993534354545]
FITS/p3_fit60s15yrs.jld2 loaded.
Previous model params: [3.458771645583418e-6, 224.7007944762627, 3503.76867504526, -0.10677224419401578, -0.026985078653648426, 2.4691325261708066e-6, 365.25640750007744, 3624.4078910803973, -0.0696949599138654, -0.019078763205867284, 0.0007740115068308371, 4595.71217404644, 1157.8514469739941, 0.0031572872417905103, 0.09961553550268464]
Finished 4-planet fit w/ fixed period: [2.665560384272302e-6, 224.70088525235406, 3503.768464444241, -0.07014122984291739, 0.004224157966803834, 2.6149078222619796e-6, 365.25641335155797, 3624.40804661813, -0.044426109773457734, 0.006069437445320206, 5.539244282998838e-7, 671.4054323220365, 701.1931941144892, -0.4249920598132287, -0.024256578132846568, 0.001328550782471685, 5207.505310861184, 550.3185041378374, 0.03621611510804293, 0.08158084167621457] in 2 iterations
New 4-planet chi-square: 2.055614233651086
Maximum: -14.051206658602533 Param: [2.710392431807524e-6, 224.70087900364973, 3503.7681639400157, -0.07502407052497834, 0.004620233818338236, 2.5990326343715413e-6, 365.25640283539076, 3624.4081082711036, -0.0481806223539114, 0.005915479172083599, 4.903506474333773e-7, 669.773149721085, 717.6417974153616, -0.46056886709534206, -0.0151777432750953, 0.0012346413743397665, 5151.944219587614, 640.6337298560966, 0.038242755955862275, 0.09075373816070889]
FITS/p3_fit60s17yrs.jld2 loaded.
Previous model params: [3.672761294969855e-6, 224.70078203331744, 3503.7687811312853, -0.0910698922534254, -0.028510799658982955, 2.5785845719294745e-6, 365.2564036296387, 3624.4079049848083, -0.057349252645342144, -0.02130731963628036, 0.0008518139774320656, 4554.934770237803, 1137.2701303857732, 0.014372688505878115, 0.08798281984827643]
Finished 4-planet fit w/ fixed period: [4.424467082089614e-6, 224.7007724753982, 3503.768964990366, -0.03388246647618619, -0.02341658353151043, 2.69131030027147e-6, 365.2563183339146, 3624.4087759748877, -0.016400184588200074, -0.015864685685503446, 1.4481682454934355e-7, 876.0556962402208, -768.7324072318492, 1.5772528463578845, -4.413316617469754, 0.0018303806924082852, 5416.312288268127, -1.0164105607002316, 0.053447493635212076, 0.05242780430966168] in 2 iterations
New 4-planet chi-square: 2.558285278153207
Maximum: -20.66541885858935 Param: [4.384175803276329e-6, 224.70077207092822, 3503.7689696921348, -0.0348877471883849, -0.023860635949182234, 2.6862240009132256e-6, 365.25631546769847, 3624.4088064116386, -0.017236264658483155, -0.016200899578421357, 7.82624928107753e-8, 877.0278455185438, -1893.7871647455408, 2.017988278566769, -8.43094342267685, 0.0017879892685974642, 5448.530677338744, -33.91878065936865, 0.05163177828523323, 0.05445460707365472]
FITS/p3_fit60s19yrs.jld2 loaded.
Previous model params: [3.1790091643932356e-6, 224.70078885636332, 3503.768637560289, -0.13131697678786575, -0.04114895419359779, 2.351601735370164e-6, 365.25646980997436, 3624.4073751409715, -0.08991795148492926, -0.0307853720259896, 0.00036095648410139147, 4216.7492558908925, 1665.6471081483148, -0.09358898037029846, 0.1742483060314467]
Finished 4-planet fit w/ fixed period: [4.251092651758908e-6, 224.7008328210974, 3503.762937649818, -0.022944955511029833, 0.006168234837787504, 2.870024999077008e-6, 365.25651377872083, 3624.406916737984, -0.003206019658612476, 0.0053550018580382185, 1.3831018261610618e-9, 675.0045373951643, 17240.596087104783, 18.723103339509972, 76.90704329925482, 0.0004668422573631065, 3698.2865623242965, 1391.404472956252, -0.09101876467110911, -0.022564365329221816] in 2 iterations
New 4-planet chi-square: 6.773632780037548
Maximum: -46.86941979654608 Param: [4.251092850154894e-6, 224.70083282104963, 3503.7629376489976, -0.022944955403523454, 0.006168235272965127, 2.8700251069860402e-6, 365.25651377872657, 3624.4069167380007, -0.0032060188439848613, 0.005355002356552151, 1.3831016184999416e-9, 675.0045338997858, 17240.596097362402, 18.723089125489466, 76.90704325172234, 0.00046684218958339594, 3698.286570523443, 1391.4044242478928, -0.09101878017395915, -0.022564387458628408]
FITS/p3_fit60s21yrs.jld2 loaded.
Previous model params: [3.475944768292078e-6, 224.70079147732505, 3503.7686226943288, -0.10514018781393995, -0.046544916157979094, 2.5194540842500023e-6, 365.2564633358755, 3624.407412292584, -0.06911364956748306, -0.03457290547599335, 0.00045928067160159954, 4246.455173589244, 1533.9867697411669, -0.05648216626872761, 0.12945744802506443]
Finished 4-planet fit w/ fixed period: [2.847099959349421e-6, 224.7008944454575, 3503.768255398979, -0.04393871253932971, 0.0052049530977089555, 2.7816683369684635e-6, 365.2564607741135, 3624.407410121829, -0.024147322137867636, 0.006573746518356098, 6.568483130468551e-7, 670.9123367450536, 693.1766215256135, -0.37033448145201386, -0.05721825425110979, 0.0008614998623108905, 4197.153031289641, 1640.763948226787, 0.02207314293165279, 0.08998501958087447] in 2 iterations
New 4-planet chi-square: 8.719669296549618
Maximum: -59.553486093588184 Param: [2.807345354017392e-6, 224.70089677675344, 3503.768500078558, -0.043807709133876556, 0.0067293399690417635, 2.784448832705046e-6, 365.25646136032015, 3624.4074071337195, -0.023809037138166015, 0.007868795734587547, 6.869701620324319e-7, 671.3271835305866, 693.0053185470304, -0.36352928834055337, -0.042526447645677375, 0.0007992006437087017, 4185.000578959078, 1674.6699970920267, 0.016776946899711237, 0.09869172334592798]
FITS/p3_fit60s23yrs.jld2 loaded.
Previous model params: [3.5722933802019773e-6, 224.70078107905624, 3503.7687297875655, -0.08915846781280745, -0.05618452156409074, 2.554242922241767e-6, 365.2564733652261, 3624.4073160362104, -0.05581698917087797, -0.04203540223986769, 0.000407142613612724, 4201.379571415061, 1476.428269498052, -0.10277970337702784, 0.11247525321996792]
Finished 4-planet fit w/ fixed period: [2.7314838256056753e-6, 224.70087326440967, 3503.769929387756, -0.061986355473302814, -0.0002662169509986186, 2.663484764595811e-6, 365.2564669314629, 3624.407374973302, -0.03624009767042453, 0.0027110091983079754, 7.507126398698167e-7, 672.30890557941, 692.6824861415811, -0.3168012906050252, -0.008754459009065893, 0.00025092268018399734, 4132.446618344246, 1491.3559901773706, -0.24573061182071188, 0.11113366265746287] in 6 iterations
New 4-planet chi-square: 13.276834415101167
Maximum: -77.58062229828727 Param: [2.71194592843227e-6, 224.70087431787977, 3503.7694756933756, -0.06353495547752919, -0.0010571900592950595, 2.6562927930293e-6, 365.2564675375562, 3624.4073692342126, -0.037458768046828905, 0.0020398256752242458, 7.512120456693665e-7, 672.0734965299043, 694.2894938241581, -0.3177958875788429, -0.01377811240334397, 0.0002522331814247715, 4137.153809709652, 1471.1039178106741, -0.24611427248117915, 0.10348738964324862]
FITS/p3_fit60s25yrs.jld2 loaded.
Previous model params: [3.7448993867988372e-6, 224.70077760892474, 3503.768779458352, -0.0836487643828052, -0.0579434963306337, 2.6032644026402235e-6, 365.2564660340157, 3624.4074023825697, -0.05075653655506854, -0.04451674522868426, 0.0004406599806343088, 4227.067809789774, 1424.138708314632, -0.07778336817364398, 0.10398909588794829]
Finished 4-planet fit w/ fixed period: [5.090213069070927e-6, 224.70073957573598, 3503.7693235715474, -0.019098877708274255, -0.0014965673238860188, 2.9532799359962487e-6, 365.25645929876384, 3624.407500344483, 0.001825869239802161, 0.0023004809484033187, 5.509547065100246e-7, 682.4009461531797, 331.91110928618986, -0.20941205390371884, 0.13953484765138757, 0.0016138976210689356, 4325.884712184678, 191.25274218231058, 0.05606620917441668, -0.04316379598427221] in 20 iterations
New 4-planet chi-square: 16.118864964429985
Maximum: -90.34968549631732 Param: [5.224591964206817e-6, 224.70072635092225, 3503.7693172989743, -0.019215288570194205, -4.44566967229851e-5, 2.946686211905697e-6, 365.2564595088612, 3624.4075066083833, 0.0010808144959438399, 0.0033478213178544346, 5.672444645545258e-7, 680.2140540765081, 384.09355245251356, -0.19060961064984833, 0.21440329824550655, 0.001972826039857191, 4349.821634550404, 92.59027547133326, 0.06334482279245335, -0.0396414809714046]
FITS/p3_fit60s27yrs.jld2 loaded.
Previous model params: [3.576753379183541e-6, 224.70077393874288, 3503.768844068175, -0.0893689372290159, -0.06141097598216666, 2.5598747714086162e-6, 365.2564603422546, 3624.4074825750404, -0.05579793809866513, -0.047814169228538705, 0.00047649492943951797, 4281.269061549217, 1391.9990132118526, -0.04831196086487616, 0.10614536045479486]
Finished 4-planet fit w/ fixed period: [2.5676137539802132e-6, 224.70087913759644, 3503.770461526486, -0.04936314962974583, 0.005295592548879768, 2.773811246692317e-6, 365.25646328661816, 3624.407420445593, -0.026024596603775364, 0.006343186759659554, 1.0700348691260494e-6, 672.5033259384592, 31.134516084404872, -0.2575520972169456, 0.027553973567774358, 0.0002485486540228825, 4086.973138737341, 2039.788055880018, -0.07613053645340437, 0.22992380536054363] in 2 iterations
New 4-planet chi-square: 18.92693822849246
Maximum: -102.92051736330392 Param: [2.572940437532066e-6, 224.70087769133556, 3503.7710602604575, -0.05056078524317851, 0.004751920457687941, 2.7660308838278093e-6, 365.2564637835681, 3624.4074154472423, -0.026959903981264886, 0.005954540166481948, 1.0510827865261148e-6, 672.6751496457898, 30.00953578177256, -0.2604050783797784, 0.03151132379605809, 0.00022638289052987184, 4085.589588826536, 2059.953630294757, -0.0946543793095101, 0.2523418723142253]
FITS/p3_fit60s29yrs.jld2 loaded.
Previous model params: [3.6438882996665637e-6, 224.7007741735575, 3503.7688269804958, -0.08444030847364756, -0.06484807886540345, 2.5839483715276424e-6, 365.25645667462146, 3624.407483278102, -0.05155256865074883, -0.05009557244633238, 0.00040372892588510893, 4220.197468522934, 1462.2034407559333, -0.08646598102102344, 0.12030136597607446]
Finished 4-planet fit w/ fixed period: [2.6388392454490943e-6, 224.70088235270845, 3503.7704683675775, -0.03930132062184454, 0.006506083711467432, 2.8250157896354162e-6, 365.25645944405716, 3624.407455981658, -0.017941266741176923, 0.007712754227225341, 1.1432967543378518e-6, 672.5033259384592, 698.646382055189, -0.24437736007685845, 0.014159277209068764, 0.0003882812736950622, 4064.1713713338504, 2022.9726329878804, -0.007052813958381422, 0.16297731036790003] in 2 iterations
New 4-planet chi-square: 20.923422912425938
Maximum: -115.55303130822881 Param: [2.6366071225975306e-6, 224.7008829024032, 3503.7703685193032, -0.03879769507017054, 0.00670004325763593, 2.827579876413782e-6, 365.25645948430287, 3624.40745576876, -0.017564884543448442, 0.007855787280199656, 1.1505250454854868e-6, 672.4728934562528, 698.9544006785175, -0.2435312589490419, 0.013814515164619286, 0.0003962626374136856, 4064.0286419875015, 2024.0300773197687, -0.0036632372092728076, 0.160366764600491]
FITS/p3_fit80s15yrs.jld2 loaded.
Previous model params: [3.4587526708316066e-6, 224.70079447661027, 3503.7686750391977, -0.10677418196132926, -0.02698524335792511, 2.4691247108055e-6, 365.25640750101087, 3624.407891069767, -0.0696964741426897, -0.01907885310369595, 0.00077399104716553, 4595.699620527225, 1157.8720611642339, 0.0031548074219682467, 0.09961814565034005]
Finished 4-planet fit w/ fixed period: [2.6655653179649126e-6, 224.70088525188666, 3503.7684644396077, -0.07014162937871958, 0.004223966261053208, 2.614905533127424e-6, 365.2564133510725, 3624.4080466177006, -0.04442641883623174, 0.006069329765490503, 5.539123277799518e-7, 671.4054323220365, 701.1933453777652, -0.4249981100755781, -0.024256433056855625, 0.0013285327739001207, 5207.482735127852, 550.3430025636937, 0.03621538738445056, 0.08158208643241702] in 2 iterations
New 4-planet chi-square: 1.1562830065576535
Maximum: -2.8316058351571995 Param: [2.7103849006890602e-6, 224.70087900444088, 3503.768163970821, -0.07502268997589782, 0.004620859886466521, 2.5990390709582463e-6, 365.2564028347693, 3624.4081082803264, -0.04817958985832034, 0.005916003231206559, 4.903647734821677e-7, 669.7732847503482, 717.642807163974, -0.46056302976051056, -0.01516938570982799, 0.0012346690310420017, 5151.9658450403695, 640.6111489163802, 0.03824493469859409, 0.09075266169909381]
FITS/p3_fit80s17yrs.jld2 loaded.
Previous model params: [3.672756819560434e-6, 224.70078203334208, 3503.76878113042, -0.09107021834745647, -0.028511035945832482, 2.5785836295048947e-6, 365.25640362970177, 3624.407904983891, -0.05734950863321319, -0.021307503710951442, 0.0008518071529268891, 4554.934911904406, 1137.269797227013, 0.014371592511015592, 0.08798341191302048]
Finished 4-planet fit w/ fixed period: [4.4243193797229615e-6, 224.7007725135442, 3503.768964420709, -0.033872619033343355, -0.02345561236876748, 2.691373733369633e-6, 365.2563185389519, 3624.408774043204, -0.016393561727920242, -0.015893726228736693, 1.6019428608944063e-7, 876.0556962402208, -648.2457839412733, 1.4579907753448254, -3.9800810838899485, 0.0018286634106424887, 5414.930307682372, -0.08735131378058236, 0.05337405215641824, 0.05238183886607364] in 2 iterations
New 4-planet chi-square: 1.4388067362515224
Maximum: -8.003910523011989 Param: [4.384119786347102e-6, 224.70077207738265, 3503.768969586513, -0.03491527469229441, -0.023856829882667692, 2.686208421741595e-6, 365.2563155060906, 3624.4088059994397, -0.01725411593698868, -0.016200500147236122, 6.910513896616925e-8, 877.0263669785072, -2206.4811790670688, 2.2364543539610064, -9.551842523113011, 0.001786529791825844, 5447.77901272061, -32.64361633519827, 0.05161521889225357, 0.05451043065969182]
FITS/p3_fit80s19yrs.jld2 loaded.
Previous model params: [3.1790046073766746e-6, 224.70078885615993, 3503.768637563253, -0.13131737822839282, -0.041149205960415026, 2.3516005391930973e-6, 365.2564698092727, 3624.4073751477313, -0.08991825898104822, -0.03078556805139653, 0.0003609571862469554, 4216.754825946354, 1665.6411309699556, -0.09358847007482964, 0.1742484081326732]
Finished 4-planet fit w/ fixed period: [4.251145039345443e-6, 224.700832813252, 3503.762937406835, -0.022943897851839826, 0.006175899546914275, 2.8700455407374155e-6, 365.2565137692894, 3624.406916772742, -0.0032048621535207137, 0.00536104967627313, 1.3601124404600608e-9, 675.0045373951643, 17511.490354892114, 19.19734627291272, 78.16752231440505, 0.00046674921063041185, 3698.2167391856415, 1391.3514382435362, -0.09100907861379641, -0.02259584062275245] in 2 iterations
New 4-planet chi-square: 3.81013480528812
Maximum: -32.77278197671268 Param: [4.251145181894408e-6, 224.70083281319907, 3503.7629374061826, -0.022943898032994577, 0.0061759030871818485, 2.870045683743267e-6, 365.2565137692928, 3624.4069167727644, -0.003204862909903056, 0.005361049583965316, 1.360112290899614e-9, 675.0045338156909, 17511.490361195247, 19.197332015260685, 78.167522285228, 0.0004667492130239699, 3698.216730262409, 1391.3514730455036, -0.09100907114193126, -0.022595828489577346]
FITS/p3_fit80s21yrs.jld2 loaded.
Previous model params: [3.475981934628013e-6, 224.70079147711058, 3503.7686226989827, -0.10513613571347022, -0.046544312581168465, 2.5194720932663907e-6, 365.2564633356363, 3624.407412297685, -0.06911047380192908, -0.034572520275647445, 0.000459301398087078, 4246.460376475229, 1533.963131629005, -0.05647504240763077, 0.12944997429480218]
Finished 4-planet fit w/ fixed period: [2.8470892423271758e-6, 224.7008944463498, 3503.7682553784452, -0.04393868409211453, 0.0052052684732450125, 2.781668242678313e-6, 365.2564607738487, 3624.407410124912, -0.02414731169867583, 0.00657399884010743, 6.568587140239633e-7, 670.9123367450536, 22.26436442716936, -0.3703313806580347, -0.05721816196265064, 0.0008614969712458572, 4197.159986126888, 1640.7562974476214, 0.022072372435363623, 0.08998514391412311] in 2 iterations
New 4-planet chi-square: 4.904813984286066
Maximum: -43.73097213664443 Param: [2.807348916383235e-6, 224.70089677706682, 3503.7685000570673, -0.043807637223328796, 0.006728804659319325, 2.784448992249201e-6, 365.25646136010573, 3624.407407135834, -0.02380899761257777, 0.007868369470290402, 6.869643987510231e-7, 671.3271946634114, 21.673910271494435, -0.36352988445690626, -0.042540385616878354, 0.000799223839933434, 4185.002674767357, 1674.6629686589351, 0.016777107549152973, 0.0986886288438748]
FITS/p3_fit80s23yrs.jld2 loaded.
Previous model params: [3.5723488140690293e-6, 224.70078107895068, 3503.768729789949, -0.08915251673844575, -0.056183849484151706, 2.554270988400766e-6, 365.2564733653186, 3624.4073160373896, -0.055812287197141826, -0.04203500726664103, 0.00040716256988033994, 4201.383437037072, 1476.3894005561895, -0.1027720179369743, 0.11246335186764685]
Finished 4-planet fit w/ fixed period: [2.7315035732153837e-6, 224.70087326407864, 3503.7699293569644, -0.0619842381375434, -0.0002669436476424206, 2.6634959611210495e-6, 365.25646693149326, 3624.407374973543, -0.03623840245747356, 0.0027103799728348163, 7.507154733960934e-7, 672.30890557941, 692.6809965303537, -0.3167972156680919, -0.008759646063029723, 0.0002509386671246034, 4132.448537736024, 1491.338438863754, -0.2457108766399655, 0.11112412492964424] in 2 iterations
New 4-planet chi-square: 7.46821935740778
Maximum: -60.31969794681541 Param: [2.7119279094847423e-6, 224.70087431815577, 3503.769475684433, -0.06353636892398903, -0.0010567100444092911, 2.6562860779020775e-6, 365.2564675376615, 3624.4073692329493, -0.03745988219334348, 0.002040246709363699, 7.512151104446584e-7, 672.0734779808054, 694.2914944843478, -0.3177971275568371, -0.013772320102881578, 0.00025221872116633115, 4137.154262372643, 1471.145374044392, -0.2461271330296554, 0.10350513841233422]
FITS/p3_fit80s25yrs.jld2 loaded.
Previous model params: [3.74491408633452e-6, 224.70077760883055, 3503.768779460677, -0.08364748713862276, -0.05794224453713038, 2.603269586133199e-6, 365.2564660337188, 3624.4074023871794, -0.05075553285658909, -0.044515792003578865, 0.00044067283695301565, 4227.069963138932, 1424.1322678755187, -0.07777680402248895, 0.1039864148098333]
Finished 4-planet fit w/ fixed period: [5.090220565935783e-6, 224.70073957558938, 3503.769323579219, -0.019098959004112705, -0.0014968712340126427, 2.953279497856581e-6, 365.2564592986784, 3624.4075003437647, 0.0018258501479268237, 0.002300227248208206, 5.509544817226737e-7, 682.4009461531797, 331.90793718065265, -0.209417003548197, 0.13952769214633032, 0.0016138763470433196, 4325.876024957243, 191.27049786974723, 0.05606615572455364, -0.04316437678646596] in 20 iterations
New 4-planet chi-square: 9.06686166607045
Maximum: -71.65035122991672 Param: [5.224601258862114e-6, 224.7007263526787, 3503.7693174205065, -0.01921608819754558, -4.631852589056154e-5, 2.9466850296294407e-6, 365.2564595079208, 3624.407506611396, 0.001080703556305319, 0.00334635667580263, 5.672317779297844e-7, 680.2145946117796, 384.07188764137203, -0.19063977420987427, 0.2143694321566334, 0.0019726458488471595, 4349.791757032887, 92.66658564151803, 0.06334221975057519, -0.03964321695148321]
FITS/p3_fit80s27yrs.jld2 loaded.
Previous model params: [3.576719695071381e-6, 224.70077393881286, 3503.7688440662905, -0.08937266204120492, -0.06141042063175096, 2.5598575046104662e-6, 365.25646034249024, 3624.407482570271, -0.055800898960795146, -0.04781365165915759, 0.00047648821239578955, 4281.262891269501, 1392.0308259057974, -0.04831133960691007, 0.10615037122778143]
Finished 4-planet fit w/ fixed period: [2.5676161398961744e-6, 224.70087913830733, 3503.7704614967106, -0.049361738862410576, 0.005295709834215169, 2.7738194035539674e-6, 365.2564632862925, 3624.407420450244, -0.02602350918478025, 0.0063432787851214366, 1.0700463782718542e-6, 672.5033259384592, 31.1325397805636, -0.2575504607539917, 0.027548174959497528, 0.000248576174775505, 4086.9760500843367, 2039.7507406744644, -0.07611688073135381, 0.22989785584609493] in 2 iterations
New 4-planet chi-square: 10.646402735542104
Maximum: -82.78277223255395 Param: [2.5729238039314584e-6, 224.7008776891435, 3503.771060758268, -0.05056449031716488, 0.004753745619465519, 2.766010535369609e-6, 365.2564637849342, 3624.4074154293053, -0.026962658503710622, 0.0059560185256442, 1.0510748162436477e-6, 672.6752089967617, 30.01760011308345, -0.26040500730833277, 0.03153991612108078, 0.00022626413201828603, 4085.5649301657418, 2060.207842559337, -0.09471419085752512, 0.25248460740773765]
FITS/p3_fit80s29yrs.jld2 loaded.
Previous model params: [3.6438668336707673e-6, 224.70077417374833, 3503.76882697546, -0.08444254387771521, -0.0648486229512119, 2.58393803458513e-6, 365.2564566755373, 3624.407483263598, -0.051554352615767254, -0.05009595332585264, 0.0004037170355304296, 4220.187072878101, 1462.2352132601923, -0.08647073553188647, 0.12030626823687425]
Finished 4-planet fit w/ fixed period: [2.6388358128427367e-6, 224.70088235340467, 3503.770468361666, -0.039300254042457634, 0.006506363725168381, 2.82502127095111e-6, 365.2564594440565, 3624.407455981846, -0.017940446576337053, 0.0077129764771683195, 1.1433159692470792e-6, 672.5033259384592, 698.6469781911592, -0.2443741489527972, 0.014160818806890156, 0.0003882926362934336, 4064.1695092422806, 2022.9817655994038, -0.007044456068451993, 0.16297375113976684] in 2 iterations
New 4-planet chi-square: 11.769425384985626
Maximum: -93.68919379138737 Param: [2.636614819113213e-6, 224.70088290151196, 3503.7703685820534, -0.038798378149751, 0.006700643486560939, 2.827576867598272e-6, 365.2564594843456, 3624.4074557676145, -0.017565378352426587, 0.007856260747947371, 1.1505080445263255e-6, 672.4728972731433, 698.9550159830065, -0.24353386094073085, 0.013817386884478191, 0.0003962350342652584, 4064.030752170871, 2024.0208434478827, -0.003676206318744354, 0.16037637478464445]
FITS/p3_fit90s15yrs.jld2 loaded.
Previous model params: [3.458763518937382e-6, 224.70079447643624, 3503.768675042243, -0.10677305000878, -0.02698508099392424, 2.4691293567255807e-6, 365.25640750055305, 3624.407891074893, -0.06969559112445663, -0.01907874950178528, 0.0007740028317997576, 4595.705829136964, 1157.861686170513, 0.003156368148650431, 0.09961671710584992]
Finished 4-planet fit w/ fixed period: [2.6655561779012135e-6, 224.7008852521836, 3503.7684644558703, -0.07014166910320184, 0.0042242886596772534, 2.6149063352707388e-6, 365.2564133504416, 3624.40804662917, -0.044426448086447023, 0.006069538941265115, 5.539228391887073e-7, 671.4054323220365, 701.1942994063023, -0.42499430114477726, -0.024252677942946024, 0.0013285439313500628, 5207.5184248370515, 550.3047505955046, 0.036215976183512216, 0.08158173987484277] in 2 iterations
New 4-planet chi-square: 0.9136063266850544
Maximum: 1.76193254442731 Param: [2.710394448735733e-6, 224.7008790035984, 3503.768163935954, -0.07502408457197117, 0.004620122105337505, 2.599032975168315e-6, 365.25640283585926, 3624.408108264773, -0.04818061679863375, 0.005915388412956467, 4.903532024663184e-7, 669.773127787729, 717.6420222664838, -0.4605657111623506, -0.015177666814812054, 0.0012346366388308956, 5151.937574583717, 640.6412018292634, 0.038242707743560825, 0.09075354644586914]
FITS/p3_fit90s17yrs.jld2 loaded.
Previous model params: [3.6727751898316296e-6, 224.70078203317155, 3503.768781134709, -0.09106851449616506, -0.028511325391955278, 2.5785903457230974e-6, 365.25640362857547, 3624.407904994987, -0.057348169865534426, -0.02130778864499478, 0.0008518269566722536, 4554.945513899259, 1137.2472031010773, 0.014373013079360264, 0.08798070477336013]
Finished 4-planet fit w/ fixed period: [4.42419085906503e-6, 224.70077248364444, 3503.7689648461014, -0.03388451297788199, -0.023443007938319927, 2.6913455937971856e-6, 365.25631823965875, 3624.4087770136166, -0.016398056818055517, -0.015884466414151435, 1.5072682110800746e-7, 876.0556962402208, -719.9032508694747, 1.5228308049554293, -4.23801689982331, 0.0018304143261893833, 5418.16954550742, -4.07787828292346, 0.05336551522400153, 0.05240545470969746] in 2 iterations
New 4-planet chi-square: 1.1381022443317073
Maximum: -2.84596790065392 Param: [4.384326857878537e-6, 224.70077206106063, 3503.7689698881536, -0.034736369560019256, -0.023916712855066937, 2.6863797164515595e-6, 365.2563154035382, 3624.4088073042435, -0.01713721877582425, -0.016229004916542823, 1.3244073479709078e-7, 877.0378166394089, -927.8849122585764, 1.3415399192652286, -4.966363709939752, 0.001794411908712203, 5451.562972506699, -39.940433857460164, 0.051668769019755985, 0.054134828371173525]
FITS/p3_fit90s19yrs.jld2 loaded.
Previous model params: [3.179006931604468e-6, 224.70078885565852, 3503.768637570605, -0.1313168786885542, -0.04114896054737765, 2.3516023917230747e-6, 365.25646980761593, 3624.4073751636643, -0.08991785484801458, -0.030785393814966755, 0.00036096318285669025, 4216.7699919521, 1665.6178386406418, -0.09358614124438741, 0.1742457184597555]
Finished 4-planet fit w/ fixed period: [4.251121116332766e-6, 224.70083281435848, 3503.7629373565214, -0.02294493501460271, 0.00617679273997178, 2.870038682358814e-6, 365.2565137699914, 3624.4069167708103, -0.003205702872555356, 0.005361718832872507, 1.4064862089412134e-9, 675.0045373951643, 16959.578086459278, 18.53320911958899, 75.59889066035899, 0.00046676187477717767, 3698.226907219068, 1391.3492149621738, -0.09100912024055624, -0.022590750801145146] in 2 iterations
New 4-planet chi-square: 3.0105308127369432
Maximum: -27.00185211750746 Param: [4.251121387993696e-6, 224.7008328143126, 3503.762937356048, -0.02294493430016663, 0.006176793810971455, 2.8700388483681234e-6, 365.25651376999707, 3624.406916770831, -0.0032057028604037282, 0.005361718702687492, 1.4064861065930356e-9, 675.004533892561, 16959.578092867818, 18.533199363229933, 75.59889063072177, 0.00046676183274377373, 3698.226899236147, 1391.3492226555918, -0.09100911188541758, -0.022590753128708785]
FITS/p3_fit90s21yrs.jld2 loaded.
Previous model params: [3.4759435927343494e-6, 224.70079147735422, 3503.7686226947276, -0.10514018242661657, -0.04654375389299935, 2.5194567775139355e-6, 365.2564633358336, 3624.4074122946145, -0.069113640832774, -0.034572001601911255, 0.0004592889473442207, 4246.458390337435, 1533.990688220311, -0.05647689714739235, 0.1294574988166449]
Finished 4-planet fit w/ fixed period: [2.8470836722409066e-6, 224.7008944456687, 3503.768255402453, -0.04393926594980182, 0.005205809263441203, 2.7816662970292036e-6, 365.2564607740751, 3624.407410123231, -0.02414770746431976, 0.006574459528184403, 6.568635676628403e-7, 670.9123367450536, 693.181115204384, -0.37033048196524093, -0.057203082205227025, 0.0008614680149897145, 4197.158341319043, 1640.768504050283, 0.02207248850889553, 0.08998890127053477] in 2 iterations
New 4-planet chi-square: 3.875408578342686
Maximum: -37.25290516252953 Param: [2.8073449202023055e-6, 224.70089677643915, 3503.7685000771608, -0.04380850076070544, 0.006729128709126781, 2.784445156676676e-6, 365.256461360433, 3624.407407132299, -0.023809619125669132, 0.007868616374364385, 6.869480218548302e-7, 671.3271743773066, 693.0039461667707, -0.36353859406711364, -0.042531368724452186, 0.0007991817611873966, 4184.994450200302, 1674.6705733891504, 0.01677194656600091, 0.0986936602846279]
FITS/p3_fit90s23yrs.jld2 loaded.
Previous model params: [3.5723143811898765e-6, 224.70078107904064, 3503.7687297885295, -0.08915625894204432, -0.05618481567705579, 2.5542526245287073e-6, 365.25647336533314, 3624.407316037209, -0.055815250453863256, -0.04203568575466081, 0.0004071489668397334, 4201.384568082053, 1476.4058351727435, -0.10277792845146544, 0.11247052055174624]
Finished 4-planet fit w/ fixed period: [2.7314735960670875e-6, 224.7008732641468, 3503.7699293765572, -0.061987780666090814, -0.0002667115611070262, 2.6634782319562688e-6, 365.2564669313675, 3624.4073749737604, -0.03624120735857196, 0.002710646342519111, 7.507012859042519e-7, 672.30890557941, 20.373544001643406, -0.31680567246528935, -0.008755091053893799, 0.0002509238914636354, 4132.444335910178, 1491.3917668440051, -0.24572571453271752, 0.11114417909533965] in 20 iterations
New 4-planet chi-square: 5.900815318372077
Maximum: -53.252715927568985 Param: [2.7119144958601806e-6, 224.70087431806786, 3503.7694757532663, -0.06353779833023368, -0.0010539318073190178, 2.6562780486237977e-6, 365.2564675381552, 3624.4073692277298, -0.03746105903517027, 0.0020424592775740214, 7.512245146295308e-7, 672.0734629649558, 22.223742331062795, -0.31779788150168153, -0.013752830829083611, 0.000252198906399273, 4137.153796440264, 1471.152904299747, -0.24614538749935477, 0.10351530768656031]
FITS/p3_fit90s25yrs.jld2 loaded.
Previous model params: [3.744906165625904e-6, 224.70077760900855, 3503.768779456523, -0.08364822595604705, -0.057943228170810816, 2.6032664487588708e-6, 365.25646603419983, 3624.4074023791663, -0.05075610186308289, -0.04451653767652228, 0.00044066053629505605, 4227.06470306928, 1424.1380444351223, -0.07778382679521338, 0.10398765286485018]
Finished 4-planet fit w/ fixed period: [5.0902048057321706e-6, 224.70073957607588, 3503.769323562756, -0.019098762816789187, -0.0014964043803410425, 2.953280730907029e-6, 365.2564592987214, 3624.407500344791, 0.0018259103211445058, 0.002300625200101198, 5.509474585330429e-7, 682.4009461531797, 331.91279335779967, -0.2094115220858539, 0.1395390618108383, 0.0016139092379825173, 4325.887628811574, 191.24705003763535, 0.05606647041057776, -0.04316355620816402] in 20 iterations
New 4-planet chi-square: 7.16394005284688
Maximum: -63.99445378075109 Param: [5.224587128030932e-6, 224.7007263537411, 3503.769317419959, -0.01921611395387167, -4.615410917009191e-5, 2.9466858057887958e-6, 365.2564595071688, 3624.407506623552, 0.0010807147044119305, 0.0033464590158595337, 5.672398161558814e-7, 680.2148057414437, 384.0656726246216, -0.19064533077107962, 0.21435727520964099, 0.001972598295308117, 4349.795255563336, 92.6583853139111, 0.06334133284245749, -0.039644456815947825]
FITS/p3_fit90s27yrs.jld2 loaded.
Previous model params: [3.5767348828355325e-6, 224.7007739387752, 3503.7688440673282, -0.08937101321067015, -0.06141035044892258, 2.5598652967154787e-6, 365.25646034235024, 3624.407482573047, -0.05579958957780837, -0.047813636603027246, 0.00047649212371656777, 4281.266252358105, 1392.015871798202, -0.04831129534352882, 0.10614816418311246]
Finished 4-planet fit w/ fixed period: [2.567621996201729e-6, 224.70087913826177, 3503.7704614505733, -0.04936148814265132, 0.005294672167493882, 2.773819998404906e-6, 365.25646328626556, 3624.407420450691, -0.026023335774940714, 0.006342447633423925, 1.070042948234154e-6, 672.5033259384592, 703.6348497235076, -0.25755065865773835, 0.02754429290660859, 0.00024858809581622746, 4086.9809086909477, 2039.718955414497, -0.07611248697656091, 0.22988460607203545] in 2 iterations
New 4-planet chi-square: 8.411972533529628
Maximum: -74.5379597438604 Param: [2.572936798331339e-6, 224.70087769133406, 3503.7710604501126, -0.05055995524861076, 0.0047518083823505025, 2.7660335096699588e-6, 365.25646378405105, 3624.407415441343, -0.026959176822263085, 0.0059544733801764945, 1.0511052540346174e-6, 672.6751750180476, 702.6867958236277, -0.26039992721751787, 0.0315186661762355, 0.00022636233732709779, 4085.5748964899813, 2060.0672593325303, -0.09464014903985364, 0.2523775477485108]
FITS/p3_fit90s29yrs.jld2 loaded.
Previous model params: [3.643907737360264e-6, 224.70077417353446, 3503.768826981091, -0.08443838977565878, -0.06484723681862149, 2.583956169564646e-6, 365.256456674538, 3624.407483278953, -0.051551044773284344, -0.050094943041714295, 0.0004037394220168651, 4220.196864699903, 1462.1909080849582, -0.08646201363780158, 0.1202955460139873]
Finished 4-planet fit w/ fixed period: [2.638839846601052e-6, 224.7008823533213, 3503.770468390375, -0.03930016629364414, 0.006506809197381008, 2.8250217675436227e-6, 365.25645944411497, 3624.4074559812884, -0.01794037780074474, 0.0077133371899834515, 1.1433087476871428e-6, 672.5033259384592, 26.1435611284115, -0.24437573811033111, 0.014161194098231914, 0.00038829555782775863, 4064.1704182375843, 2022.978892515448, -0.007044900806893189, 0.16297410088758968] in 2 iterations
New 4-planet chi-square: 9.299299074600858
Maximum: -84.73768310186273 Param: [2.6366167250230955e-6, 224.70088290138807, 3503.770368563672, -0.03879743636870964, 0.006701465864666312, 2.8275829311877566e-6, 365.25645948466575, 3624.407455762892, -0.017564612882887864, 0.007856914971819255, 1.1505264975903582e-6, 672.4728682200245, 26.485669744961424, -0.24352975663463516, 0.013826931316660239, 0.0003962158968353769, 4064.020978122174, 2024.0612635575635, -0.003670460096429294, 0.16038566802822748]
FITS/p3_fit100s15yrs.jld2 loaded.
Previous model params: [3.458770397699832e-6, 224.70079447627447, 3503.76867504501, -0.10677237327364285, -0.026985048736221092, 2.4691320541435694e-6, 365.2564075000899, 3624.4078910801422, -0.06969505852480426, -0.019078737184698904, 0.0007740104145508964, 4595.711455252907, 1157.8528764695357, 0.0031572091757844922, 0.09961574477916357]
Finished 4-planet fit w/ fixed period: [2.665553404221741e-6, 224.700885252029, 3503.768464453426, -0.07014251808862022, 0.004224412429853417, 2.6149031869766197e-6, 365.2564133496929, 3624.4080466317027, -0.04442706805451377, 0.006069656989896451, 5.539200718261524e-7, 671.4054323220365, 29.78991287322427, -0.4249957509844512, -0.024249226916997924, 0.0013285150801574865, 5207.5100305727565, 550.3165319765245, 0.03621507850021178, 0.08158346748791111] in 2 iterations
New 4-planet chi-square: 0.7400211257915156
Maximum: 5.870992624077864 Param: [2.7103916692949645e-6, 224.7008790031688, 3503.7681639576613, -0.07502413836096343, 0.004620859294258258, 2.5990335246256847e-6, 365.256402832259, 3624.40810829369, -0.04818068882448229, 0.005915969332237049, 4.903504929447459e-7, 669.7730779824815, 47.8740465941641, -0.4605719472194377, -0.015160544860208498, 0.001234631658298966, 5151.950761096564, 640.6303570024658, 0.03824436691577161, 0.09075574859873294]
FITS/p3_fit100s17yrs.jld2 loaded.
Previous model params: [3.6727583608678204e-6, 224.70078203335993, 3503.768781130155, -0.09107010240570079, -0.028510866952548942, 2.578584067251898e-6, 365.25640362994415, 3624.407904981474, -0.05734942382812228, -0.02130736485468724, 0.0008518098031030843, 4554.932277452646, 1137.2735343115132, 0.014372140184879112, 0.08798310195110932]
Finished 4-planet fit w/ fixed period: [4.424381491380778e-6, 224.70077245357498, 3503.768965319914, -0.03386819305359669, -0.023422848471639966, 2.691288721444894e-6, 365.2563180748772, 3624.4087786115283, -0.016387084051108163, -0.0158676550355378, 1.4850027910788687e-7, 876.0556962402208, -738.4496631106401, 1.54093786521, -4.3047110334179415, 0.0018330023175048796, 5419.840246745663, -6.066506302946922, 0.0534235751653572, 0.05237766377924628] in 2 iterations
New 4-planet chi-square: 0.9221976860188945
Maximum: 1.7819047050041839 Param: [4.384421662386744e-6, 224.7007720558217, 3503.7689699864986, -0.034675984440615086, -0.023936824923844524, 2.6864306913517536e-6, 365.2563153664626, 3624.408807774173, -0.01709774149591749, -0.016238614451762667, 1.525863565769961e-7, 877.0415101307769, -743.7819808967281, 1.2121568416032562, -4.305199644482413, 0.0017971251995537178, 5452.899407441851, -42.48008197203025, 0.05168766051786172, 0.054007607153433106]
FITS/p3_fit100s19yrs.jld2 loaded.
Previous model params: [3.178998933500707e-6, 224.70078885591937, 3503.7686375663357, -0.13131804269929753, -0.041149397660161624, 2.351597859785325e-6, 365.25646980836507, 3624.4073751556693, -0.08991877162724958, -0.030785713399304148, 0.0003609534259756287, 4216.76489472998, 1665.62973500765, -0.09359223660958763, 0.17425070094837322]
Finished 4-planet fit w/ fixed period: [4.251084707785585e-6, 224.70083281703825, 3503.7629376572722, -0.02294437969369214, 0.006173944755931317, 2.870041044151427e-6, 365.2565137707017, 3624.4069167702505, -0.0032053582376462587, 0.0053594803877473835, 1.4481253770288563e-9, 675.0045373951643, 16493.832551635158, 17.972945412864327, 73.43127219861346, 0.0004667784982052488, 3698.2404548633226, 1391.3526484677768, -0.09100805833882711, -0.02258650982543735] in 2 iterations
New 4-planet chi-square: 2.4385692062058566
Maximum: -21.839581172081434 Param: [4.251084574862562e-6, 224.7008328169972, 3503.762937656377, -0.02294437887204609, 0.006173946150170087, 2.8700411353273277e-6, 365.2565137707018, 3624.406916770259, -0.0032053585056733675, 0.005359480746025591, 1.448125132633407e-9, 675.0045341204573, 16493.832559913415, 17.9729281862531, 73.43127216027975, 0.000466778503072486, 3698.2404626674083, 1391.3526394861744, -0.09100807631333602, -0.02258651602272063]
FITS/p3_fit100s21yrs.jld2 loaded.
Previous model params: [3.4759800810061074e-6, 224.7007914771059, 3503.768622699608, -0.10513656061126277, -0.04654406692221396, 2.5194706739700124e-6, 365.25646333547866, 3624.4074123007576, -0.06911081206424616, -0.03457233003144949, 0.0004593003869491001, 4246.465792423348, 1533.9570636876856, -0.0564753173769524, 0.12945098001571315]
Finished 4-planet fit w/ fixed period: [2.8470712288160714e-6, 224.70089444679334, 3503.768255400596, -0.04393924031614489, 0.005206340816710817, 2.781665980365973e-6, 365.25646077419543, 3624.40741012144, -0.02414767891749242, 0.0065748875915296705, 6.56856674429525e-7, 670.9123367450536, 693.18130710783, -0.3703375979511696, -0.05720234066175068, 0.000861443587398287, 4197.1512580378385, 1640.7770389683312, 0.02206866051280111, 0.0899920715496921] in 2 iterations
New 4-planet chi-square: 3.1390809480597923
Maximum: -31.45807679786428 Param: [2.807356137745939e-6, 224.70089677588052, 3503.7685000535994, -0.04380796395256278, 0.006728975630000028, 2.784447226486799e-6, 365.2564613602438, 3624.407407134293, -0.023809279178471334, 0.007868496000901793, 6.86957923623266e-7, 671.3271404411386, 693.0052448481262, -0.36353272791294944, -0.04252840950984968, 0.0007992134811133527, 4185.003445138033, 1674.6620139446527, 0.016778323569306093, 0.09869011590623776]
FITS/p3_fit100s23yrs.jld2 loaded.
Previous model params: [3.5723265719973313e-6, 224.70078107893391, 3503.7687297906905, -0.08915492342623917, -0.05618416276684925, 2.5542593457574364e-6, 365.25647336519603, 3624.407316039885, -0.05581418991623187, -0.04203520932813967, 0.00040715854787954807, 4201.386410943476, 1476.3955453846934, -0.10277322908941874, 0.11246675370129977]
Finished 4-planet fit w/ fixed period: [2.7315009982344397e-6, 224.7008732627326, 3503.769929344216, -0.061986454799004956, -0.0002680715480539129, 2.6634844755738814e-6, 365.25646693192795, 3624.407374968394, -0.036240170563310296, 0.002709499518812402, 7.507023064742847e-7, 672.30890557941, 20.374553144477186, -0.3167998478918571, -0.008753091279300892, 0.0002509206725847348, 4132.448341520675, 1491.3360576356365, -0.2457311148274734, 0.11112948087867199] in 3 iterations
New 4-planet chi-square: 4.7796603927415235
Maximum: -46.93108489307262 Param: [2.711921982315444e-6, 224.700874317956, 3503.769475788564, -0.06353837713173693, -0.0010589912752725814, 2.6562760995097276e-6, 365.2564675369215, 3624.4073692418733, -0.03746145749126195, 0.0020384899605623164, 7.511879941365974e-7, 672.0736012769961, 22.21141587397495, -0.31780524370756386, -0.013789945379645624, 0.00025223739151181417, 4137.154461553663, 1471.1136068160185, -0.2461148912878243, 0.10348840788054425]
FITS/p3_fit100s25yrs.jld2 loaded.
Previous model params: [3.744848465834247e-6, 224.70077760895018, 3503.7687794557073, -0.08365406020090302, -0.057943846088483124, 2.6032400232577296e-6, 365.256466034726, 3624.407402370862, -0.050760721299106235, -0.04451688461420172, 0.00044063958481975214, 4227.056668145716, 1424.1873867260267, -0.07778956374386527, 0.1039992635381249]
Finished 4-planet fit w/ fixed period: [5.090208378813393e-6, 224.7007395758745, 3503.769323565624, -0.019098812464617247, -0.001496416213692249, 2.9532805509829213e-6, 365.2564592984151, 3624.4075003499265, 0.0018258670750179906, 0.0023005816162784405, 5.509472578893647e-7, 682.4009461531797, 331.9132334880313, -0.20941236062312474, 0.1395404431185429, 0.0016139098166795677, 4325.89311370104, 191.23388505652102, 0.05606606162766132, -0.04316392811204692] in 9 iterations
New 4-planet chi-square: 5.802791361941446
Maximum: -57.14601981009015 Param: [5.224591760838904e-6, 224.70072635241095, 3503.769317306289, -0.019214828966002188, -4.344678371877906e-5, 2.946690883423262e-6, 365.25645950756103, 3624.4075066427345, 0.0010812378261933746, 0.0033484759298980688, 5.673224611299988e-7, 680.2144411923144, 384.07460980591276, -0.19060877358725076, 0.21435331574984265, 0.0019727668073244342, 4349.836014686523, 92.55280528120056, 0.06334509888287693, -0.03964205330514526]
FITS/p3_fit100s27yrs.jld2 loaded.
Previous model params: [3.5767315280704918e-6, 224.7007739387329, 3503.768844068634, -0.08937137044755132, -0.06141055790741597, 2.5598639928107025e-6, 365.25646034215026, 3624.4074825770663, -0.05579986835754235, -0.047813805900740865, 0.00047649108397165743, 4281.270272875268, 1392.010399494011, -0.04831164672997249, 0.10614885955632739]
Finished 4-planet fit w/ fixed period: [2.567621512512937e-6, 224.7008791379987, 3503.7704615223574, -0.04936148609182824, 0.005295972227371652, 2.773819644526322e-6, 365.2564632864918, 3624.407420447501, -0.0260233018868354, 0.006343479132120913, 1.0700458628554421e-6, 672.5033259384592, 31.134004753073977, -0.2575497044294511, 0.027552630500022574, 0.00024857322217732844, 4086.9758418977735, 2039.767096123146, -0.07611010844417801, 0.22990462692529062] in 2 iterations
New 4-planet chi-square: 6.813697751727207
Maximum: -67.16272364559458 Param: [2.5729444499416132e-6, 224.70087769048354, 3503.7710605560533, -0.050560790418447896, 0.004751679069858675, 2.7660283578882006e-6, 365.2564637842105, 3624.407415439445, -0.02695987604682079, 0.005954370204957727, 1.0510870736130915e-6, 672.6752033558564, 30.010535655243842, -0.26040324764610356, 0.0315170426466998, 0.00022633624368913506, 4085.5748744098846, 2060.035094018721, -0.09469074426222804, 0.25239157378612115]
FITS/p3_fit100s29yrs.jld2 loaded.
Previous model params: [3.6438813139430427e-6, 224.70077417362828, 3503.7688269786167, -0.08444106969716374, -0.06484824296918022, 2.583944705529329e-6, 365.2564566749674, 3624.4074832725328, -0.0515531747908624, -0.0500956868394831, 0.00040372561132834164, 4220.193796304303, 1462.2126777935823, -0.0864673791493182, 0.12030231063181157]
Finished 4-planet fit w/ fixed period: [2.638842368039087e-6, 224.7008823526406, 3503.7704683434977, -0.03930134852058231, 0.006505557779853936, 2.8250151447543497e-6, 365.25645944402976, 3624.4074559817905, -0.017941305832810554, 0.007712335107230502, 1.14328959088863e-6, 672.5033259384592, 26.142056794012248, -0.24437850741906136, 0.014156060809594452, 0.00038829412052678383, 4064.1741841300104, 2022.961190775886, -0.007051033570383672, 0.16297241744202537] in 2 iterations
New 4-planet chi-square: 7.532432245184491
Maximum: -76.73028388542177 Param: [2.6366075045598075e-6, 224.70088290308476, 3503.7703684898333, -0.03879638291883641, 0.006700903021630185, 2.8275870688853344e-6, 365.2564594843954, 3624.4074557683, -0.017563853811540752, 0.007856467484342208, 1.1505401227002569e-6, 672.472875924229, 26.48253297137021, -0.24352901754161269, 0.013817204920337141, 0.00039626414861027715, 4064.027431543186, 2024.040913564326, -0.003659299349180033, 0.16036826135540325]
FITS/p3_fit110s15yrs.jld2 loaded.
Previous model params: [3.4587624453217593e-6, 224.7007944761533, 3503.7686750468533, -0.10677317433497749, -0.026985544443584766, 2.4691292653690954e-6, 365.25640749954505, 3624.4078910871035, -0.06969566430752319, -0.01907913631725618, 0.0007740043372155413, 4595.720880564802, 1157.8414625075743, 0.0031555867886353, 0.09961655003244592]
Finished 4-planet fit w/ fixed period: [2.6655560520899237e-6, 224.70088525238532, 3503.7684644726387, -0.07014134768053025, 0.0042253289941390345, 2.614909383575865e-6, 365.25641335006594, 3624.4080466226546, -0.0444261606316972, 0.006070397653747009, 5.539322853411075e-7, 671.4054323220365, 29.79174178683301, -0.42498957825930805, -0.024242020216812547, 0.0013285236786632856, 5207.491653974137, 550.3448515343593, 0.036217470250020506, 0.08158342952532306] in 2 iterations
New 4-planet chi-square: 0.6115877059640108
Maximum: 9.588089677950371 Param: [2.7103906996959284e-6, 224.7008790040642, 3503.7681639602224, -0.07502333738521985, 0.0046205793932309475, 2.599036601225181e-6, 365.2564028356097, 3624.4081082682387, -0.04818003568027702, 0.0059157657316424184, 4.903643113469414e-7, 669.7732338849246, 47.86943102199383, -0.460559705835221, -0.015171595291474738, 0.0012346484380144761, 5151.949857815062, 640.6283108756796, 0.038243907138045215, 0.09075300795523847]
FITS/p3_fit110s17yrs.jld2 loaded.
Previous model params: [3.672758654596656e-6, 224.70078203330755, 3503.7687811312903, -0.09107010066402228, -0.02851098522257868, 2.5785839815969155e-6, 365.2564036295023, 3624.4079049860957, -0.05734941300721567, -0.021307466917591146, 0.0008518103669167767, 4554.936191250962, 1137.2678630816806, 0.01437203679160093, 0.08798313106705744]
Finished 4-planet fit w/ fixed period: [4.424448835455144e-6, 224.700772457674, 3503.76896526984, -0.03384399517793127, -0.023433664939542364, 2.6913189436254917e-6, 365.25631809824864, 3624.4087784402445, -0.01637118714175981, -0.01587384089209589, 1.5805946542204758e-7, 876.0556962402208, -664.7836831857476, 1.4691562875988755, -4.039785901704308, 0.001833948585828856, 5420.191353744155, -7.014576098036736, 0.05342091171194814, 0.05231660804901363] in 2 iterations
New 4-planet chi-square: 0.7610132195608934
Maximum: 6.008300099323208 Param: [4.3840906850892824e-6, 224.70077207124817, 3503.768969676088, -0.034915278246468694, -0.02385468789044457, 2.686191833062349e-6, 365.25631546339275, 3624.4088064228445, -0.01725414518935932, -0.01619840197190715, 6.846807289579596e-8, 877.0270855959149, -2231.8746336843365, 2.2499780240660994, -9.642907116541412, 0.0017868757355998417, 5448.26766858172, -33.230302030810506, 0.05161868983353687, 0.05451131916772909]
FITS/p3_fit110s19yrs.jld2 loaded.
Previous model params: [3.1790009107496243e-6, 224.70078885655514, 3503.768637557387, -0.13131808261477323, -0.04114933746088051, 2.351597506406406e-6, 365.25646981064517, 3624.407375134302, -0.08991883502415245, -0.030785653882268886, 0.0003609526902562812, 4216.741889832009, 1665.659295737736, -0.09359060062323757, 0.17424966662824273]
Finished 4-planet fit w/ fixed period: [4.251130347051035e-6, 224.70083281334988, 3503.762937672851, -0.022943053802195995, 0.006173366706975929, 2.8700520511824184e-6, 365.2565137688243, 3624.406916776675, -0.003204235209199913, 0.005359041887761895, 1.3988617961306195e-9, 675.0045373951643, 17046.25144473988, 18.65875802136676, 76.00222100194188, 0.00046674350237087915, 3698.2211646034193, 1391.3667704204156, -0.09101116091660309, -0.022590802879080094] in 2 iterations
New 4-planet chi-square: 2.0153082194511436
Maximum: -17.16891758209222 Param: [4.2511302819213845e-6, 224.7008328133057, 3503.7629376718264, -0.022943054131726672, 0.006173370411652681, 2.8700521030574867e-6, 365.2565137688238, 3624.406916776688, -0.0032042361161313975, 0.005359043179588551, 1.398861533693113e-9, 675.004534035478, 17046.251453105804, 18.65874384632326, 76.00222096315507, 0.0004667435185417584, 3698.221154692234, 1391.366803259133, -0.09101115332670677, -0.022590793967366442]
FITS/p3_fit110s21yrs.jld2 loaded.
Previous model params: [3.4759704119970804e-6, 224.70079147715677, 3503.7686226984133, -0.10513754306277667, -0.04654459010969455, 2.5194663438753054e-6, 365.2564633356007, 3624.4074122988345, -0.06911158118046935, -0.034572719354857166, 0.0004592938056152762, 4246.46451337883, 1533.9623562934296, -0.056478051569217855, 0.12945299372349445]
Finished 4-planet fit w/ fixed period: [2.8470823711364955e-6, 224.70089444611602, 3503.768255380764, -0.04393886016026134, 0.005205668279895226, 2.7816680740883155e-6, 365.2564607741097, 3624.4074101222427, -0.024147413229716197, 0.006574349613577527, 6.568698660259975e-7, 670.9123367450536, 22.26786360972391, -0.37032718645921026, -0.05720653759394747, 0.0008614824093460569, 4197.156695179426, 1640.7733899123255, 0.022074188650040554, 0.089987405522241] in 2 iterations
New 4-planet chi-square: 2.5942817809015986
Maximum: -26.21601696847081 Param: [2.8073631134187006e-6, 224.7008967770084, 3503.768500038812, -0.043806703664696654, 0.006728020732794467, 2.784453172735217e-6, 365.25646135994884, 3624.407407136902, -0.02380832488349922, 0.007867747985169277, 6.869702199097997e-7, 671.3271859827644, 21.67044887595038, -0.3635244047210362, -0.04255223395675167, 0.0007992658923085938, 4185.006855578743, 1674.6548321617672, 0.016781237115404468, 0.0986831073075708]
FITS/p3_fit110s23yrs.jld2 loaded.
Previous model params: [3.572343495528112e-6, 224.700781079072, 3503.7687297881007, -0.08915317435749978, -0.056184643001547914, 2.5542671702676607e-6, 365.2564733654744, 3624.4073160364765, -0.0558128021935836, -0.04203561154835812, 0.0004071537989380844, 4201.385465193988, 1476.3828073970897, -0.10277849117133143, 0.11246466294409495]
Finished 4-planet fit w/ fixed period: [2.731491212793955e-6, 224.7008732641948, 3503.7699293673345, -0.06198532294017629, -0.0002667694816965538, 2.6634908932457415e-6, 365.2564669314208, 3624.4073749742415, -0.03623926144653948, 0.00271053179342635, 7.507194538257236e-7, 672.30890557941, 692.6819295257773, -0.31679728878855157, -0.00875672172736093, 0.0002509322385063434, 4132.446983537667, 1491.3464179931002, -0.24571611608054328, 0.11112723703355291] in 20 iterations
New 4-planet chi-square: 3.9501325534725638
Maximum: -41.212474085734016 Param: [2.7119078610540838e-6, 224.7008743184406, 3503.769475660794, -0.06353840791732962, -0.001056819025953671, 2.656276112316071e-6, 365.2564675375396, 3624.407369233738, -0.037461494343152546, 0.002040191659408463, 7.51212687998711e-7, 672.073470862535, 694.2920386125274, -0.3177998386928573, -0.013771361773691248, 0.00025221075560060243, 4137.151722041494, 1471.1655396176361, -0.2461352443069394, 0.1035115380999461]
FITS/p3_fit110s25yrs.jld2 loaded.
Previous model params: [3.7448678073847886e-6, 224.70077760895518, 3503.7687794566023, -0.08365189234812566, -0.05794388890284347, 2.6032510123400734e-6, 365.25646603443374, 3624.4074023759204, -0.050758998006162785, -0.04451698257610593, 0.00044064716044484373, 4227.062253727468, 1424.1651438783201, -0.07778775143840973, 0.1039949810610376]
Finished 4-planet fit w/ fixed period: [5.090229957568492e-6, 224.700739575343, 3503.7693235848315, -0.019098917271827505, -0.0014968812002395138, 2.953279633192989e-6, 365.256459298641, 3624.4075003477537, 0.0018258812532977787, 0.002300179664293164, 5.509665057064847e-7, 682.4009461531797, 331.9064984496758, -0.20941495511231345, 0.13952315942018984, 0.0016138708140694099, 4325.87830648195, 191.26100961108548, 0.056066236656176605, -0.043164804664129405] in 20 iterations
New 4-planet chi-square: 4.795695340639789
Maximum: -50.95085812411232 Param: [5.224582899998145e-6, 224.70072635344943, 3503.7693173250823, -0.019215009954864967, -4.398127863987327e-5, 2.9466903912345837e-6, 365.2564595076492, 3624.407506636461, 0.0010812305901175864, 0.0033481098837723866, 5.673102279031488e-7, 680.21458327403, 384.0700866569101, -0.19061651437182867, 0.2143476599615697, 0.001972715566923446, 4349.824681067203, 92.58374111302766, 0.06334428713664066, -0.03964238754810715]
FITS/p3_fit110s27yrs.jld2 loaded.
Previous model params: [3.5767603536010383e-6, 224.7007739387091, 3503.7688440693114, -0.08936837964500312, -0.06141025160809437, 2.559876025579225e-6, 365.256460342123, 3624.4074825779026, -0.05579750533838593, -0.04781360655549817, 0.0004765000160585701, 4281.27184256051, 1391.9928568605067, -0.048310125967647895, 0.10614463006933739]
Finished 4-planet fit w/ fixed period: [2.567620545800374e-6, 224.7008791377371, 3503.7704615027687, -0.0493623052524996, 0.005295887680639905, 2.773815767290802e-6, 365.2564632863565, 3624.4074204488993, -0.02602395558089212, 0.006343407206747702, 1.070038095644194e-6, 672.5033259384592, 703.6369684597995, -0.25755122875757985, 0.027551454157507448, 0.0002485767094382352, 4086.9784093749095, 2039.7460042861017, -0.07611312190381647, 0.22989823255801914] in 2 iterations
New 4-planet chi-square: 5.63115516582151
Maximum: -60.49101105372787 Param: [2.572928464073664e-6, 224.70087769038102, 3503.7710604063136, -0.05056331494297041, 0.004749592892767615, 2.76601667944669e-6, 365.2564637839665, 3624.407415442102, -0.02696184345670625, 0.005952734654407107, 1.0510703760181346e-6, 672.6751877574266, 702.6846559262976, -0.2604073234164582, 0.03151150676772614, 0.00022635250769891175, 4085.579394435666, 2060.0373240078793, -0.09466665898363769, 0.2523786379810195]
FITS/p3_fit110s29yrs.jld2 loaded.
Previous model params: [3.643901759268349e-6, 224.7007741734688, 3503.7688269824953, -0.08443908263059623, -0.06484806047285349, 2.5839528158056607e-6, 365.25645667422435, 3624.407483283864, -0.05155158854097896, -0.050095582455778886, 0.00040373135172556225, 4220.202033572561, 1462.181344707248, -0.08646769027617389, 0.12029780039331023]
Finished 4-planet fit w/ fixed period: [2.6388335202175694e-6, 224.70088235348263, 3503.7704683363936, -0.03930069641145938, 0.006506242299471724, 2.8250186160645132e-6, 365.2564594440602, 3624.4074559816127, -0.01794080434486156, 0.007712884842176487, 1.1433070067663953e-6, 672.5033259384592, 26.143473624359768, -0.24437597399608008, 0.014160029909112191, 0.00038830005030670623, 4064.1705895662726, 2022.9789774155026, -0.007042206619750759, 0.16297176616915943] in 2 iterations
New 4-planet chi-square: 6.22515061715573
Maximum: -69.48671022823339 Param: [2.6366189357228262e-6, 224.70088290081256, 3503.7703686053937, -0.03879886000121264, 0.006700737104230462, 2.827574806412965e-6, 365.2564594843502, 3624.407455766719, -0.01756572897590204, 0.007856328117451628, 1.1505023255645933e-6, 672.4728967408388, 26.482995751742305, -0.24353411340487383, 0.01382013867190149, 0.00039621740528890506, 4064.0302308814807, 2024.0209571046582, -0.003681810516275133, 0.16038178701183517]
FITS/p3_fit120s15yrs.jld2 loaded.
Previous model params: [3.458771645583418e-6, 224.7007944762627, 3503.76867504526, -0.10677224419401578, -0.026985078653648426, 2.4691325261708066e-6, 365.25640750007744, 3624.4078910803973, -0.0696949599138654, -0.019078763205867284, 0.0007740115068308371, 4595.71217404644, 1157.8514469739941, 0.0031572872417905103, 0.09961553550268464]
Finished 4-planet fit w/ fixed period: [2.665560384272302e-6, 224.70088525235406, 3503.768464444241, -0.07014122984291739, 0.004224157966803834, 2.6149078222619796e-6, 365.25641335155797, 3624.40804661813, -0.044426109773457734, 0.006069437445320206, 5.539244282998838e-7, 671.4054323220365, 701.1931941144892, -0.4249920598132287, -0.024256578132846568, 0.001328550782471685, 5207.505310861184, 550.3185041378374, 0.03621611510804293, 0.08158084167621457] in 2 iterations
New 4-planet chi-square: 0.5139035584127715
Maximum: 12.981533383235332 Param: [2.710392431807524e-6, 224.70087900364973, 3503.7681639400157, -0.07502407052497834, 0.004620233818338236, 2.5990326343715413e-6, 365.25640283539076, 3624.4081082711036, -0.0481806223539114, 0.005915479172083599, 4.903506474333773e-7, 669.773149721085, 717.6417974153616, -0.46056886709534206, -0.0151777432750953, 0.0012346413743397665, 5151.944219587614, 640.6337298560966, 0.038242755955862275, 0.09075373816070889]
FITS/p3_fit120s17yrs.jld2 loaded.
Previous model params: [3.672761294969855e-6, 224.70078203331744, 3503.7687811312853, -0.0910698922534254, -0.028510799658982955, 2.5785845719294745e-6, 365.2564036296387, 3624.4079049848083, -0.057349252645342144, -0.02130731963628036, 0.0008518139774320656, 4554.934770237803, 1137.2701303857732, 0.014372688505878115, 0.08798281984827643]
Finished 4-planet fit w/ fixed period: [4.424345153932653e-6, 224.7007724649292, 3503.768965149635, -0.03386108258654512, -0.02343960429209174, 2.691307664740112e-6, 365.25631814387214, 3624.408777981915, -0.016382934346014663, -0.01587930099786935, 1.5509878493241862e-7, 876.0556962402208, -686.5317458059736, 1.4899622104863923, -4.118026099922076, 0.0018325670143798927, 5419.44610769583, -5.828538560480791, 0.05340302748591116, 0.05235669926469366] in 2 iterations
New 4-planet chi-square: 0.6390632858822177
Maximum: 9.85053939252518 Param: [4.38398737134538e-6, 224.70077208359615, 3503.768969456759, -0.035017880599645904, -0.023821630004178976, 2.6860733892948767e-6, 365.25631555608174, 3624.4088053466385, -0.017322026068597743, -0.016182634149912414, 3.228661714606484e-8, 877.0203309850637, -5257.558449760469, 4.350502889770401, -20.484518932588532, 0.0017821134058976216, 5445.791174783549, -28.66102809175728, 0.05158691524915243, 0.05472725087732708]
FITS/p3_fit120s19yrs.jld2 loaded.
Previous model params: [3.1790091643932356e-6, 224.70078885636332, 3503.768637560289, -0.13131697678786575, -0.04114895419359779, 2.351601735370164e-6, 365.25646980997436, 3624.4073751409715, -0.08991795148492926, -0.0307853720259896, 0.00036095648410139147, 4216.7492558908925, 1665.6471081483148, -0.09358898037029846, 0.1742483060314467]
Finished 4-planet fit w/ fixed period: [4.251092651758908e-6, 224.7008328210974, 3503.762937649818, -0.022944955511029833, 0.006168234837787504, 2.870024999077008e-6, 365.25651377872083, 3624.406916737984, -0.003206019658612476, 0.0053550018580382185, 1.3831018261610618e-9, 675.0045373951643, 17240.596087104783, 18.723103339509972, 76.90704329925482, 0.0004668422573631065, 3698.2865623242965, 1391.404472956252, -0.09101876467110911, -0.022564365329221816] in 2 iterations
New 4-planet chi-square: 1.693408195009387
Maximum: -12.905207949108759 Param: [4.251092850154894e-6, 224.70083282104963, 3503.7629376489976, -0.022944955403523454, 0.006168235272965127, 2.8700251069860402e-6, 365.25651377872657, 3624.4069167380007, -0.0032060188439848613, 0.005355002356552151, 1.3831016184999416e-9, 675.0045338997858, 17240.596097362402, 18.723089125489466, 76.90704325172234, 0.00046684218958339594, 3698.286570523443, 1391.4044242478928, -0.09101878017395915, -0.022564387458628408]
FITS/p3_fit120s21yrs.jld2 loaded.
Previous model params: [3.475944768292078e-6, 224.70079147732505, 3503.7686226943288, -0.10514018781393995, -0.046544916157979094, 2.5194540842500023e-6, 365.2564633358755, 3624.407412292584, -0.06911364956748306, -0.03457290547599335, 0.00045928067160159954, 4246.455173589244, 1533.9867697411669, -0.05648216626872761, 0.12945744802506443]
Finished 4-planet fit w/ fixed period: [2.847099959349421e-6, 224.7008944454575, 3503.768255398979, -0.04393871253932971, 0.0052049530977089555, 2.7816683369684635e-6, 365.2564607741135, 3624.407410121829, -0.024147322137867636, 0.006573746518356098, 6.568483130468551e-7, 670.9123367450536, 693.1766215256135, -0.37033448145201386, -0.05721825425110979, 0.0008614998623108905, 4197.153031289641, 1640.763948226787, 0.02207314293165279, 0.08998501958087447] in 2 iterations
New 4-planet chi-square: 2.1799173241374046
Maximum: -21.43039116279119 Param: [2.807345354017392e-6, 224.70089677675344, 3503.768500078558, -0.043807709133876556, 0.0067293399690417635, 2.784448832705046e-6, 365.25646136032015, 3624.4074071337195, -0.023809037138166015, 0.007868795734587547, 6.869701620324319e-7, 671.3271835305866, 693.0053185470304, -0.36352928834055337, -0.042526447645677375, 0.0007992006437087017, 4185.000578959078, 1674.6699970920267, 0.016776946899711237, 0.09869172334592798]
FITS/p3_fit120s23yrs.jld2 loaded.
Previous model params: [3.5722933802019773e-6, 224.70078107905624, 3503.7687297875655, -0.08915846781280745, -0.05618452156409074, 2.554242922241767e-6, 365.2564733652261, 3624.4073160362104, -0.05581698917087797, -0.04203540223986769, 0.000407142613612724, 4201.379571415061, 1476.428269498052, -0.10277970337702784, 0.11247525321996792]
Finished 4-planet fit w/ fixed period: [2.731484384253878e-6, 224.70087326337364, 3503.769929345596, -0.0619885696466349, -0.0002678563564688228, 2.6634732664896844e-6, 365.25646693155, 3624.40737497295, -0.036241837804939815, 0.002709739626423085, 7.506881813350717e-7, 672.30890557941, 20.372503516024956, -0.31680745809010413, -0.008759081569659412, 0.0002509154527558573, 4132.4501498934615, 1491.3445888051174, -0.24574513079116334, 0.11113392524331454] in 6 iterations
New 4-planet chi-square: 3.3192086068095485
Maximum: -35.99179149211507 Param: [2.7119101841534124e-6, 224.70087431750258, 3503.769475561816, -0.06353991303410612, -0.0010588265638130073, 2.6562686103830966e-6, 365.2564675377135, 3624.4073692310667, -0.037462696928829954, 0.002038600822112981, 7.511978932363676e-7, 672.0734296485645, 22.218469081621326, -0.3178022400240387, -0.013774990489772493, 0.000252199254124476, 4137.151322698691, 1471.1476429995973, -0.24615340387697243, 0.10350774809761752]
FITS/p3_fit120s25yrs.jld2 loaded.
Previous model params: [3.7448993867988372e-6, 224.70077760892474, 3503.768779458352, -0.0836487643828052, -0.0579434963306337, 2.6032644026402235e-6, 365.2564660340157, 3624.4074023825697, -0.05075653655506854, -0.04451674522868426, 0.0004406599806343088, 4227.067809789774, 1424.138708314632, -0.07778336817364398, 0.10398909588794829]
Finished 4-planet fit w/ fixed period: [5.090213069070927e-6, 224.70073957573598, 3503.7693235715474, -0.019098877708274255, -0.0014965673238860188, 2.9532799359962487e-6, 365.25645929876384, 3624.407500344483, 0.001825869239802161, 0.0023004809484033187, 5.509547065100246e-7, 682.4009461531797, 331.91110928618986, -0.20941205390371884, 0.13953484765138757, 0.0016138976210689356, 4325.884712184678, 191.25274218231058, 0.05606620917441668, -0.04316379598427221] in 20 iterations
New 4-planet chi-square: 4.029716241107496
Maximum: -45.29511875992087 Param: [5.224591964206817e-6, 224.70072635092225, 3503.7693172989743, -0.019215288570194205, -4.44566967229851e-5, 2.946686211905697e-6, 365.2564595088612, 3624.4075066083833, 0.0010808144959438399, 0.0033478213178544346, 5.672444645545258e-7, 680.2140540765081, 384.09355245251356, -0.19060961064984833, 0.21440329824550655, 0.001972826039857191, 4349.821634550404, 92.59027547133326, 0.06334482279245335, -0.0396414809714046]
FITS/p3_fit120s27yrs.jld2 loaded.
Previous model params: [3.576753379183541e-6, 224.70077393874288, 3503.768844068175, -0.0893689372290159, -0.06141097598216666, 2.5598747714086162e-6, 365.2564603422546, 3624.4074825750404, -0.05579793809866513, -0.047814169228538705, 0.00047649492943951797, 4281.269061549217, 1391.9990132118526, -0.04831196086487616, 0.10614536045479486]
Finished 4-planet fit w/ fixed period: [2.5676137539802132e-6, 224.70087913759644, 3503.770461526486, -0.04936314962974583, 0.005295592548879768, 2.773811246692317e-6, 365.25646328661816, 3624.407420445593, -0.026024596603775364, 0.006343186759659554, 1.0700348691260494e-6, 672.5033259384592, 31.134516084404872, -0.2575520972169456, 0.027553973567774358, 0.0002485486540228825, 4086.973138737341, 2039.788055880018, -0.07613053645340437, 0.22992380536054363] in 2 iterations
New 4-planet chi-square: 4.731734557123115
Maximum: -54.40021472410775 Param: [2.572940437532066e-6, 224.70087769133556, 3503.7710602604575, -0.05056078524317851, 0.004751920457687941, 2.7660308838278093e-6, 365.2564637835681, 3624.4074154472423, -0.026959903981264886, 0.005954540166481948, 1.0510827865261148e-6, 672.6751496457898, 30.00953578177256, -0.2604050783797784, 0.03151132379605809, 0.00022638289052987184, 4085.589588826536, 2059.953630294757, -0.0946543793095101, 0.2523418723142253]
FITS/p3_fit120s29yrs.jld2 loaded.
Previous model params: [3.6438882996665637e-6, 224.7007741735575, 3503.7688269804958, -0.08444030847364756, -0.06484807886540345, 2.5839483715276424e-6, 365.25645667462146, 3624.407483278102, -0.05155256865074883, -0.05009557244633238, 0.00040372892588510893, 4220.197468522934, 1462.2034407559333, -0.08646598102102344, 0.12030136597607446]
Finished 4-planet fit w/ fixed period: [2.638834187861375e-6, 224.70088235333267, 3503.770468361748, -0.039300703126557354, 0.006506388002964722, 2.8250190828769222e-6, 365.25645944411855, 3624.407455980864, -0.017940794957601525, 0.007713007373095169, 1.1433075571291165e-6, 672.5033259384592, 698.6471658275284, -0.24437584156120518, 0.014161388574137262, 0.00038829131577585926, 4064.1690626297363, 2022.9871507989453, -0.0070441315024717755, 0.16297567901704849] in 2 iterations
New 4-planet chi-square: 5.230855727716915
Maximum: -62.873845582842904 Param: [2.6366044200788154e-6, 224.70088290395933, 3503.770368435813, -0.038795196295788495, 0.006700569965872963, 2.827592665454285e-6, 365.25645948434357, 3624.407455769191, -0.01756295838983312, 0.007856204071836858, 1.1505584291561526e-6, 672.4728671051175, 698.9551843118147, -0.24352611713620326, 0.013815607752029384, 0.0003962897250588573, 4064.0279558830293, 2024.044483080301, -0.0036471790733108617, 0.16035993534354545]
