args = ["Hpppp", "grid", "fromEMB", "100"]
FITS/fromEMB/p3_fit10s15yrs.jld2 loaded.
Previous model params: [2.5877014330752434e-6, 224.70080485648322, 3503.765161018123, 0.022747092883622783, 0.0019606914008352245, 3.138742157665945e-6, 365.2564205503796, 3624.4024772128646, 0.03112988827870778, 0.0036469892582188753, 0.0006921668751408663, 4334.145562313688, 316.6978093936337, 0.004770327397959425, -0.07797482233618493]
Finished 4-planet fit w/ fixed period: [2.5432841681411123e-6, 224.70079612443251, 3503.7653114835975, 0.015724320748621377, 0.011522706347830402, 3.0553913308260504e-6, 365.2562900423831, 3624.4036484296907, 0.02485825908526151, 0.011910290286228357, 8.892559226737572e-6, 1252.0099380731099, 690.5579854813136, 0.22089814046516612, 0.11570224913925518, 0.0015445013893639805, 4814.935068559427, -549.4835795736443, 0.03931985804801684, -0.04619815470639572] in 2 iterations
New 4-planet chi-square: 33.764189238608814
Maximum: -68.62831464158917 Param: [2.5441478489805057e-6, 224.70079621512585, 3503.765310348177, 0.015803050427857637, 0.011636126009689465, 3.0558687136144883e-6, 365.2562905584326, 3624.403641941797, 0.024931502915187358, 0.01199327763995173, 8.904235182211465e-6, 1252.4470859199082, 688.8764881894432, 0.2207732865864029, 0.11565555148722412, 0.0015375286975372025, 4811.538943339232, -546.7500540022328, 0.03949989593924247, -0.046421893868506016]
FITS/fromEMB/p3_fit10s17yrs.jld2 loaded.
Previous model params: [2.6900134404557055e-6, 224.7007933643782, 3503.765263191568, 0.03218210353555137, 0.0040616188213947035, 3.2679918604566333e-6, 365.2564208662365, 3624.4025170524947, 0.03863094481553172, 0.004717508368123183, 0.0006058670304486375, 4395.750225399504, 4620.42146310834, -0.01825203811168282, -0.08423868145841543]
Finished 4-planet fit w/ fixed period: [2.296117086182242e-6, 224.7007957632988, 3503.765251689227, -0.002050215100980332, -0.0013753062140582013, 3.0004930771998884e-6, 365.2637347658177, 3624.347245639553, 0.011252364522034874, 0.00034264297080964035, 3.584193678848417e-6, 735.383772418259, 110.02874362825804, 0.08553094132394652, 0.003862243196710247, 0.0009187234196992675, 4213.875894253061, 4796.044928907377, 0.02251216244152741, -0.03963799286376531] in 2 iterations
New 4-planet chi-square: 73.8814414363349
Maximum: -94.6541566442728 Param: [2.296117093134156e-6, 224.7007957632988, 3503.765251689227, -0.002050215099102194, -0.0013753062298293166, 3.0004930823333956e-6, 365.2637347658079, 3624.347245639394, 0.011252364562173859, 0.00034264295519469167, 3.5841936746154677e-6, 735.3837723215344, 110.02874368191979, 0.08553094121578118, 0.0038622432470766647, 0.0009187233991254114, 4213.875897201238, 4796.044964313791, 0.022512163409223088, -0.03963799180112679]
FITS/fromEMB/p3_fit10s19yrs.jld2 loaded.
Previous model params: [2.3838656639942725e-6, 224.70078827683113, 3503.765308581263, 0.016689100158121268, -0.002037988870476268, 3.127718415716975e-6, 365.2564422258603, 3624.4023400995425, 0.025712667677778103, 0.0005662914104788656, 0.0006960032466906091, 4307.7961565307705, 4719.0920226013795, 0.004670043579250888, -0.06688824415922692]
Finished 4-planet fit w/ fixed period: [2.595521204281676e-6, 224.70076373181735, 3503.7655831057805, -0.004851161106296718, 0.00025984628592282187, 2.9909057396302406e-6, 365.2564577227879, 3624.4021661460824, 0.008995041139524894, 0.002882528101547688, 4.0365403837434206e-7, 676.3741434905032, 457.5241841370424, 0.09245484776094173, -0.12726782560136357, 0.001172546504294672, 4254.447078456774, 4693.121553529519, 0.025449742444752777, -0.034251576038814506] in 2 iterations
New 4-planet chi-square: 91.46564591684441
Maximum: -110.6411044593421 Param: [2.606183306049573e-6, 224.70076388812348, 3503.7656066609325, -0.003900122015151128, 0.0006808414061380548, 2.997386538491793e-6, 365.2564567269431, 3624.4021767505287, 0.009824049435335297, 0.0031932741032294834, 3.860288610336528e-7, 676.9802264690258, 451.6958283557372, 0.08815519589811195, -0.13729369717840628, 0.0011604998059336095, 4268.971438159128, 4682.998641171744, 0.025044698257232934, -0.03506447173080238]
FITS/fromEMB/p3_fit10s21yrs.jld2 loaded.
Previous model params: [2.461840219385155e-6, 224.70079086036264, 3503.7652773108343, 0.016111597260098726, -0.00015020361223579885, 3.1470666965405385e-6, 365.2564603870428, 3624.4021841045837, 0.02485092541894711, 0.002146977408431212, 0.0006523788137094613, 4193.485249210859, 556.534338590872, 0.00492950225513687, -0.07198225519210376]
Finished 4-planet fit w/ fixed period: [2.6337176366543964e-6, 224.70076833215842, 3503.765546552536, 0.0005861835164012228, 0.004253684324071463, 3.053086039154477e-6, 365.2564561431831, 3624.4021920217547, 0.01345834216928414, 0.006140668401528376, 3.1905269534753764e-7, 680.4996581935683, 428.3987524867332, 0.027940050043613142, -0.18081770050057372, 0.0011183565195431633, 4329.05417438692, 307.94888593404596, 0.024740978416324343, -0.04016368715582871] in 2 iterations
New 4-planet chi-square: 105.59988470955679
Maximum: -128.1405751864151 Param: [2.6181116438415225e-6, 224.70076923966735, 3503.765543110301, 0.000995976057986169, 0.004219825317973168, 3.0562332322163004e-6, 365.2564561877781, 3624.402193320753, 0.013789527590385067, 0.006101641510840823, 3.103678944515282e-7, 680.9196514734458, 425.1506909547728, 0.023073493182636576, -0.18162876096783798, 0.0011062246065358294, 4332.685925304846, 305.9598336577946, 0.02430685615921656, -0.04012781542616537]
FITS/fromEMB/p3_fit10s23yrs.jld2 loaded.
Previous model params: [2.381991772929163e-6, 224.70078337440853, 3503.765365228624, 0.0038667859522055863, -0.0012067035663468303, 3.041040428809552e-6, 365.2564659231833, 3624.402145345291, 0.016107543389545304, 0.0019105842299969413, 0.0008790289070502548, 4216.290006733462, 545.0970169985465, 0.03545653318658078, -0.05403485248624832]
Finished 4-planet fit w/ fixed period: [2.4987696084050113e-6, 224.700768900737, 3503.7655572883705, -0.002398175219158168, 0.0032894731510575656, 3.013545374712638e-6, 365.2564588770166, 3624.402181187257, 0.01147651814947966, 0.005645387304829577, 2.886472434811534e-7, 683.8549802398319, 404.85415674314083, -0.015721239869859512, -0.19155625256449316, 0.0012342495133359037, 4380.562447016768, 256.0520632134687, 0.033755003262563456, -0.034353546811037645] in 2 iterations
New 4-planet chi-square: 129.9496524967034
Maximum: -146.01441260859394 Param: [2.490070451236327e-6, 224.70076920304436, 3503.7655587527947, -0.0021619989451025206, 0.0032232716784274438, 3.0152268356774993e-6, 365.2564585768759, 3624.4021850288896, 0.011644473960237375, 0.005578431746770716, 2.8382675341397427e-7, 684.1159564357547, 402.7595235169392, -0.0208270561638399, -0.19203575280856117, 0.001222991541593493, 4380.994140525808, 257.03817157041885, 0.03359076485524995, -0.0342163676781396]
FITS/fromEMB/p3_fit10s25yrs.jld2 loaded.
Previous model params: [2.3823012667220013e-6, 224.70077966526722, 3503.7654153444573, 0.002588825328540157, -0.004840366130605016, 3.0739129346767565e-6, 365.2564684401105, 3624.4021331943295, 0.015476980655884333, -0.0012721701048612232, 0.0009311483053644368, 4233.111351968413, 562.870260030266, 0.03709535346903034, -0.04688682977321349]
Finished 4-planet fit w/ fixed period: [2.3577173260597064e-6, 224.7007705613106, 3503.7655652500766, -0.000659015515694841, -0.001224826201606933, 3.047488556817196e-6, 365.2564589236093, 3624.4021926450528, 0.012626383397534696, 0.0019286509169384382, 2.3523806780547599e-7, 686.7723496169231, 384.1683088511545, -0.06083939228558413, -0.18833621933192526, 0.0011265629198277142, 4373.601559005809, 319.3339731881142, 0.03209789305577355, -0.03178584690094736] in 2 iterations
New 4-planet chi-square: 151.88212242479628
Maximum: -163.25090306262965 Param: [2.3629764686739225e-6, 224.70077033093634, 3503.7655659193397, -0.0008395609739788949, -0.0011836898582931504, 3.0466216693527303e-6, 365.2564593014514, 3624.4021880290443, 0.012496992672772515, 0.0019725833489028844, 2.3635784543076366e-7, 686.5110407983843, 385.41679404342256, -0.0548294464666409, -0.19094549812007636, 0.0011353066445899448, 4375.15769002267, 316.269483601122, 0.032110371498717774, -0.031843609826896706]
FITS/fromEMB/p3_fit10s27yrs.jld2 loaded.
Previous model params: [2.434001979408027e-6, 224.70077711845025, 3503.765455958371, 0.006414394685602471, -0.0022483397686484134, 3.089811219068011e-6, 365.2564538369021, 3624.4022871298775, 0.018469833330715456, 0.0006605349830485991, 0.0009017634877113489, 4270.757998895991, 4797.199961068213, 0.032155274382736444, -0.03670740048740904]
Finished 4-planet fit w/ fixed period: [2.3518949123358833e-6, 224.700771322123, 3503.765550582809, -0.0003784408517547463, -0.001849677091602342, 3.0288392129364996e-6, 365.2564612567452, 3624.402167676692, 0.012660019786697459, 0.0014840936095940481, 2.310450769224955e-7, 686.7898665060217, 388.71817491537183, -0.06471147039892344, -0.17566397125817418, 0.0011052920593354026, 4355.187149742539, 4700.215268555598, 0.03289885331966291, -0.03496679316360779] in 2 iterations
New 4-planet chi-square: 157.39221840242507
Maximum: -177.0559313741058 Param: [2.3579291517909817e-6, 224.70077105179175, 3503.765552001743, -0.0005509253159528883, -0.0017883024939756168, 3.027791163658637e-6, 365.2564615749104, 3624.4021638029403, 0.01253566760919902, 0.0015471355613711354, 2.3295042380739366e-7, 686.5112053948961, 390.1795683493458, -0.059394939492883825, -0.17815990885974992, 0.0011137257288349153, 4357.29460067696, 4698.32468475059, 0.03285098592644749, -0.03497482819635933]
FITS/fromEMB/p3_fit10s29yrs.jld2 loaded.
Previous model params: [2.4217388970944395e-6, 224.70077517021707, 3503.765481748726, 0.004110696633135443, -0.0017449566352199094, 3.0710271385159632e-6, 365.25645149008903, 3624.402294377059, 0.016596625856921253, 0.0010206788239606503, 0.0008644587119480137, 4243.5762383381325, 570.2687470272249, 0.026396701893213033, -0.037419214993609604]
Finished 4-planet fit w/ fixed period: [2.3231251659224116e-6, 224.7007724724736, 3503.765538976059, -0.0004950049329266025, -0.001784813628019789, 3.032922427702625e-6, 365.25645843693263, 3624.4021904520264, 0.012500690870748066, 0.0015503673763647005, 2.2415145798901298e-7, 687.9013208582992, 382.45350400037785, -0.08212790779410604, -0.16891507378466636, 0.0010685139144350046, 4340.434988491815, 366.82470708329976, 0.031901130782138715, -0.035370196001858374] in 2 iterations
New 4-planet chi-square: 164.19590291311488
Maximum: -193.84028930616034 Param: [2.3222266627397295e-6, 224.70077251024125, 3503.7655397460144, -0.0003541997852995658, -0.0018070883376057388, 3.033891921774332e-6, 365.25645834547566, 3624.4021926908877, 0.012606336983665312, 0.0015200827955265035, 2.2508977096598348e-7, 688.0390893650608, 382.04154108584476, -0.08513749284207303, -0.1662658817502212, 0.0010648760696502781, 4340.273639974775, 367.5419340047285, 0.03189500533900806, -0.035265951154698584]
FITS/fromEMB/p3_fit30s15yrs.jld2 loaded.
Previous model params: [2.5877122358714917e-6, 224.70080485651658, 3503.7651610167927, 0.022748094162806123, 0.0019606578975840177, 3.1387471139966366e-6, 365.2564205511527, 3624.402477203401, 0.03113063190398157, 0.003646920310625977, 0.0006921500486157939, 4334.134413775882, 316.71288246264857, 0.004767939831880913, -0.07797649817619198]
Finished 4-planet fit w/ fixed period: [2.5432835311508442e-6, 224.70079612421358, 3503.7653114874174, 0.01572411988149669, 0.011523022571511745, 3.055388701887168e-6, 365.25629003869415, 3624.4036484615185, 0.024858070220622707, 0.01191054333052852, 8.892714122392843e-6, 1252.0099380731099, 690.5588882657653, 0.22090051933990493, 0.11570388027355712, 0.0015445311284350382, 4814.945562464485, -549.50507871906, 0.03932064507799746, -0.04619765574645641] in 2 iterations
New 4-planet chi-square: 3.7515765792028155
Maximum: -25.78243536864203 Param: [2.544146273405e-6, 224.70079621498667, 3503.765310350478, 0.015802597786568617, 0.011636619002952965, 3.055865537305034e-6, 365.25629055550775, 3624.403641965747, 0.024931137270867633, 0.01199366145170677, 8.904412394271113e-6, 1252.4472615529232, 688.8763399124778, 0.22077319761731448, 0.11565698463380245, 0.0015375538962890374, 4811.545191940425, -546.766292089176, 0.039500856630252545, -0.04642146389894723]
FITS/fromEMB/p3_fit30s17yrs.jld2 loaded.
Previous model params: [2.689991123034167e-6, 224.70079336438215, 3503.7652631913566, 0.032180440876693014, 0.0040609857941669, 3.267981536842605e-6, 365.2564208670764, 3624.40251704407, 0.0386296351071991, 0.004717058103114993, 0.0006058825118744326, 4395.743852019025, 4620.43098954077, -0.01824799497343866, -0.0842359999848776]
Finished 4-planet fit w/ fixed period: [2.296113949276874e-6, 224.70079576331327, 3503.765251689141, -0.0020503325502573724, -0.0013755670162663403, 3.000492509555643e-6, 365.26373479951565, 3624.3472450069617, 0.011252277955519524, 0.0003424388501413439, 3.584197942615171e-6, 735.383772418259, 110.02937389940203, 0.08553090838979606, 0.0038608858960299643, 0.0009187250949776236, 4213.874501253472, 4796.049021681851, 0.022512184140066182, -0.03963754984834053] in 2 iterations
New 4-planet chi-square: 8.209049044864352
Maximum: -46.315215933181726 Param: [2.2961139407405987e-6, 224.70079576331327, 3503.7652516891417, -0.002050332689469249, -0.0013755668722359345, 3.000492509735448e-6, 365.26373479950587, 3624.347245006804, 0.01125227799509855, 0.0003424388346117969, 3.584197938552065e-6, 735.383772321452, 110.02937395288959, 0.08553090828450446, 0.0038608859460663256, 0.0009187250780665666, 4213.874514928783, 4796.0490137664765, 0.02251218623121623, -0.03963755001596311]
FITS/fromEMB/p3_fit30s19yrs.jld2 loaded.
Previous model params: [2.3838727089725563e-6, 224.70078827686106, 3503.7653085806746, 0.016689760353424593, -0.0020378069968785754, 3.12772185040869e-6, 365.25644222611373, 3624.4023400975975, 0.02571316473192092, 0.0005664166888166609, 0.0006959939948722165, 4307.793536677283, 4719.0902562203255, 0.004668827475990866, -0.06688935406925203]
Finished 4-planet fit w/ fixed period: [2.5955158047412243e-6, 224.7007637322336, 3503.7655831086668, -0.004851140439659279, 0.0002597204246404816, 2.9909058970842177e-6, 365.2564577230517, 3624.4021661436777, 0.008995055568737097, 0.002882428388639438, 4.0365459558597134e-7, 676.3741434905032, 457.52441948913923, 0.09245322678984029, -0.12726624856814325, 0.0011725422293389993, 4254.444790167249, 4693.124660662457, 0.0254496221707826, -0.034251560978620976] in 2 iterations
New 4-planet chi-square: 10.16284954399205
Maximum: -56.809102309002164 Param: [2.6061807990629943e-6, 224.7007638883829, 3503.7656066369564, -0.0038998598224831895, 0.0006810567745869456, 2.997387871295755e-6, 365.25645672669935, 3624.402176753111, 0.009824234492294855, 0.0031934199031561617, 3.8602682592139545e-7, 676.9802401943989, 451.6961333724446, 0.08815804740200424, -0.1372909981810634, 0.0011604959961062451, 4268.973526123092, 4682.997264596392, 0.02504426240475172, -0.03506479928195356]
FITS/fromEMB/p3_fit30s21yrs.jld2 loaded.
Previous model params: [2.461833348810441e-6, 224.70079086033834, 3503.765277311023, 0.0161107060122686, -0.00015018876627648982, 3.147060629150068e-6, 365.25646038718327, 3624.4021841029003, 0.02485023354829995, 0.002147014204156313, 0.0006523864091209591, 4193.484874376836, 556.5341421479652, 0.004930790332299779, -0.07198175133206415]
Finished 4-planet fit w/ fixed period: [2.633708215496938e-6, 224.7007683328231, 3503.765546539083, 0.0005863608574941993, 0.0042534159876684765, 3.053087279059537e-6, 365.25645614342966, 3624.402192018919, 0.01345847778470709, 0.0061404450765992, 3.190515945134358e-7, 680.4996581935683, 428.3984715224782, 0.027948835610512496, -0.18081305615720406, 0.0011183517735013793, 4329.052625226181, 307.9554758444086, 0.02474023111077324, -0.040163674915267435] in 3 iterations
New 4-planet chi-square: 11.73332053257663
Maximum: -67.71689933144852 Param: [2.618114496226117e-6, 224.70076923958334, 3503.7655431062703, 0.000995741992882299, 0.004219655738643923, 3.056231382058213e-6, 365.25645618794505, 3624.402193317365, 0.01378933576605656, 0.006101516658743544, 3.103694853053216e-7, 680.9193953828571, 425.15214332165294, 0.023081465564884465, -0.18162639112252474, 0.0011062273616312904, 4332.681362092626, 305.96661945918424, 0.02430687401284488, -0.04012799301239419]
FITS/fromEMB/p3_fit30s23yrs.jld2 loaded.
Previous model params: [2.381973952505548e-6, 224.70078337433168, 3503.7653652299286, 0.003865312914767652, -0.001207524419535883, 3.041032555619965e-6, 365.25646592355395, 3624.4021453382006, 0.01610641878241865, 0.001909996125175626, 0.0008790551275205842, 4216.285048329175, 4761.3980601143585, 0.035458971329231204, -0.05403287618845327]
Finished 4-planet fit w/ fixed period: [2.4987744880491647e-6, 224.70076890046383, 3503.7655572930216, -0.00239831295545516, 0.0032897805783038327, 3.013544384978005e-6, 365.2564588767553, 3624.4021811910507, 0.011476406490224791, 0.0056456369546669235, 2.8865264936223783e-7, 683.8549802398319, 404.8543026301795, -0.01572221506220159, -0.19155557731298728, 0.001234258981961507, 4380.56692774778, 4636.607680170023, 0.033755215091811994, -0.03435345254758162] in 2 iterations
New 4-planet chi-square: 14.438850264158956
Maximum: -80.09767526097217 Param: [2.490080876366076e-6, 224.70076920277657, 3503.765558750174, -0.0021622395529564647, 0.003223827713175885, 3.0152248230734004e-6, 365.2564585767981, 3624.4021850297613, 0.011644284000186068, 0.005578875820743383, 2.838269000327656e-7, 684.1157381961187, 402.75935170857736, -0.02081747113160999, -0.19204081777983026, 0.0012230055470463092, 4380.998839412849, 4638.021872849654, 0.03359076487695348, -0.03421659825901688]
FITS/fromEMB/p3_fit30s25yrs.jld2 loaded.
Previous model params: [2.3822922535850806e-6, 224.70077966525778, 3503.765415344612, 0.0025883774975070913, -0.0048408901436530795, 3.0739104803845824e-6, 365.25646844040017, 3624.402133188653, 0.015476650006772098, -0.0012725817085913898, 0.0009311523864765719, 4233.106208175113, 562.8858616541281, 0.03709548067189033, -0.04688609381190924]
Finished 4-planet fit w/ fixed period: [2.357721034786661e-6, 224.7007705612833, 3503.7655652509566, -0.0006589258661602424, -0.0012246872484001146, 3.0474892025842237e-6, 365.2564589233983, 3624.4021926472947, 0.012626455798278561, 0.0019287624177753717, 2.3524333951656844e-7, 686.7723496169231, 384.16851162920784, -0.06083594887863513, -0.188332348508859, 0.001126562105599201, 4373.603429417374, 319.32904243553, 0.03209764781114241, -0.03178606563916738] in 3 iterations
New 4-planet chi-square: 16.875791359214908
Maximum: -91.84110425814751 Param: [2.3629750691816447e-6, 224.7007703314235, 3503.7655659092375, -0.0008395681329855122, -0.0011842840620603012, 3.0466226252613905e-6, 365.2564593018861, 3624.4021880209166, 0.012497030384903091, 0.0019720970179802656, 2.363413612142179e-7, 686.510985814672, 385.4114600400362, -0.05481008155272312, -0.1909581932673855, 0.0011353034652885961, 4375.154443571854, 316.2800708568771, 0.03210982944582487, -0.03184362834984697]
FITS/fromEMB/p3_fit30s27yrs.jld2 loaded.
Previous model params: [2.4340009137566674e-6, 224.7007771184576, 3503.765455958148, 0.006414293502795285, -0.002248439693370577, 3.0898105958321964e-6, 365.25645383702204, 3624.402287127289, 0.01846975043977968, 0.000660465998462777, 0.0009017643791670699, 4270.756043876189, 526.445603908952, 0.03215545285275933, -0.03670743445981718]
Finished 4-planet fit w/ fixed period: [2.351894770754491e-6, 224.70077132197642, 3503.76555058573, -0.00037841851730948246, -0.0018495691089345633, 3.028838944330298e-6, 365.25646125664673, 3624.402167679043, 0.012660020482075476, 0.0014841762044805822, 2.3105391609822087e-7, 686.7898665060217, 388.72152745899535, -0.06471968677658169, -0.17565638776941575, 0.001105290811551768, 4355.18696242251, 345.0278337615977, 0.032898928509681485, -0.03496683546975953] in 2 iterations
New 4-planet chi-square: 17.488024592875554
Maximum: -100.15307181966342 Param: [2.357884064850108e-6, 224.70077105371575, 3503.7655519880213, -0.0005495829711880463, -0.001789838581037351, 3.0278002401056895e-6, 365.2564615731789, 3624.4021638192726, 0.012536672931945965, 0.0015458014194563955, 2.3293762976839692e-7, 686.5128978189296, 390.17320807099037, -0.05943066236019274, -0.1781416140666228, 0.0011136567598942766, 4357.269265117813, 341.09176670808364, 0.032850446387139395, -0.03497423603690018]
FITS/fromEMB/p3_fit30s29yrs.jld2 loaded.
Previous model params: [2.4217348004309306e-6, 224.7007751702394, 3503.7654817483217, 0.004110468319478154, -0.0017454914555547398, 3.0710259993334403e-6, 365.2564514905112, 3624.4022943704977, 0.01659645413425523, 0.0010202426137845384, 0.0008644580308998575, 4243.5720708333865, 570.2833205085097, 0.026396378534357726, -0.03741850612952027]
Finished 4-planet fit w/ fixed period: [2.3231230477537468e-6, 224.70077247245635, 3503.7655389764714, -0.0004950051092333042, -0.001785194186803453, 3.032922652778828e-6, 365.25645843705, 3624.402190449738, 0.012500702020173766, 0.0015500645022289193, 2.2415532398371007e-7, 687.9013208582992, 382.4549242286454, -0.08212938498726212, -0.168910987052851, 0.0010685118738318097, 4340.431445760457, 366.83594291519927, 0.031901054463790275, -0.03536986548702645] in 2 iterations
New 4-planet chi-square: 18.243989237674366
Maximum: -110.34575541967682 Param: [2.322228524426296e-6, 224.7007725101286, 3503.76553974659, -0.0003542457538006433, -0.0018068574612804332, 3.033890944465831e-6, 365.2564583453053, 3624.402192692624, 0.012606275145043493, 0.001520282316347796, 2.2510360743641634e-7, 688.0389222089173, 382.04751113745766, -0.08514225951786404, -0.1662552744320108, 0.001064877252862466, 4340.273604565469, 367.5383596492357, 0.03189505838196355, -0.0352665471160038]
FITS/fromEMB/p3_fit60s15yrs.jld2 loaded.
Previous model params: [2.5877122358714917e-6, 224.70080485651658, 3503.7651610167927, 0.022748094162806123, 0.0019606578975840177, 3.1387471139966366e-6, 365.2564205511527, 3624.402477203401, 0.03113063190398157, 0.003646920310625977, 0.0006921500486157939, 4334.134413775882, 316.71288246264857, 0.004767939831880913, -0.07797649817619198]
Finished 4-planet fit w/ fixed period: [2.5432771432722004e-6, 224.70079612426073, 3503.7653114861873, 0.015723645283741882, 0.011522848390037794, 3.055385868615066e-6, 365.25629003821007, 3624.4036484628477, 0.024857685568750613, 0.011910429784804975, 8.892722109250862e-6, 1252.0099380731099, 690.5591442821033, 0.22090112214963872, 0.1157015123055436, 0.0015445352069549275, 4814.937835207047, -549.4936595470515, 0.039320912496156366, -0.046197376100827206] in 2 iterations
New 4-planet chi-square: 0.9378941454003491
Maximum: 1.250304660728454 Param: [2.5441462001082764e-6, 224.70079621497817, 3503.765310350678, 0.015802714231350892, 0.011636627138546782, 3.0558663476612615e-6, 365.25629055566594, 3624.4036419647873, 0.02493123026977707, 0.01199366364171013, 8.904418438863694e-6, 1252.447255677875, 688.8761303255304, 0.2207735006826842, 0.11565584190160641, 0.0015375514406886087, 4811.546513488482, -546.7680260759618, 0.039500711838167515, -0.04642155379355415]
FITS/fromEMB/p3_fit60s17yrs.jld2 loaded.
Previous model params: [2.689991123034167e-6, 224.70079336438215, 3503.7652631913566, 0.032180440876693014, 0.0040609857941669, 3.267981536842605e-6, 365.2564208670764, 3624.40251704407, 0.0386296351071991, 0.004717058103114993, 0.0006058825118744326, 4395.743852019025, 4620.43098954077, -0.01824799497343866, -0.0842359999848776]
Finished 4-planet fit w/ fixed period: [2.296113949276874e-6, 224.70079576331327, 3503.765251689141, -0.0020503325502573724, -0.0013755670162663403, 3.000492509555643e-6, 365.26373479951565, 3624.3472450069617, 0.011252277955519524, 0.0003424388501413439, 3.584197942615171e-6, 735.383772418259, 110.02937389940203, 0.08553090838979606, 0.0038608858960299643, 0.0009187250949776236, 4213.874501253472, 4796.049021681851, 0.022512184140066182, -0.03963754984834053] in 3 iterations
New 4-planet chi-square: 2.052262261216088
Maximum: -15.816739988544132 Param: [2.2961139407405987e-6, 224.70079576331327, 3503.7652516891417, -0.002050332689469249, -0.0013755668722359345, 3.000492509735448e-6, 365.26373479950587, 3624.347245006804, 0.01125227799509855, 0.0003424388346117969, 3.584197938552065e-6, 735.383772321452, 110.02937395288959, 0.08553090828450446, 0.0038608859460663256, 0.0009187250780665666, 4213.874514928783, 4796.0490137664765, 0.02251218623121623, -0.03963755001596311]
FITS/fromEMB/p3_fit60s19yrs.jld2 loaded.
Previous model params: [2.3838727089725563e-6, 224.70078827686106, 3503.7653085806746, 0.016689760353424593, -0.0020378069968785754, 3.12772185040869e-6, 365.25644222611373, 3624.4023400975975, 0.02571316473192092, 0.0005664166888166609, 0.0006959939948722165, 4307.793536677283, 4719.0902562203255, 0.004668827475990866, -0.06688935406925203]
Finished 4-planet fit w/ fixed period: [2.5955158047412243e-6, 224.7007637322336, 3503.7655831086668, -0.004851140439659279, 0.0002597204246404816, 2.9909058970842177e-6, 365.2564577230517, 3624.4021661436777, 0.008995055568737097, 0.002882428388639438, 4.0365459558597134e-7, 676.3741434905032, 457.52441948913923, 0.09245322678984029, -0.12726624856814325, 0.0011725422293389993, 4254.444790167249, 4693.124660662457, 0.0254496221707826, -0.034251560978620976] in 2 iterations
New 4-planet chi-square: 2.5407123859980123
Maximum: -22.844890461564837 Param: [2.6061807990629943e-6, 224.7007638883829, 3503.7656066369564, -0.0038998598224831895, 0.0006810567745869456, 2.997387871295755e-6, 365.25645672669935, 3624.402176753111, 0.009824234492294855, 0.0031934199031561617, 3.8602682592139545e-7, 676.9802401943989, 451.6961333724446, 0.08815804740200424, -0.1372909981810634, 0.0011604959961062451, 4268.973526123092, 4682.997264596392, 0.02504426240475172, -0.03506479928195356]
FITS/fromEMB/p3_fit60s21yrs.jld2 loaded.
Previous model params: [2.461833348810441e-6, 224.70079086033834, 3503.765277311023, 0.0161107060122686, -0.00015018876627648982, 3.147060629150068e-6, 365.25646038718327, 3624.4021841029003, 0.02485023354829995, 0.002147014204156313, 0.0006523864091209591, 4193.484874376836, 556.5341421479652, 0.004930790332299779, -0.07198175133206415]
Finished 4-planet fit w/ fixed period: [2.633708215496938e-6, 224.7007683328231, 3503.765546539083, 0.0005863608574941993, 0.0042534159876684765, 3.053087279059537e-6, 365.25645614342966, 3624.402192018919, 0.01345847778470709, 0.0061404450765992, 3.190515945134358e-7, 680.4996581935683, 428.3984715224782, 0.027948835610512496, -0.18081305615720406, 0.0011183517735013793, 4329.052625226181, 307.9554758444086, 0.02474023111077324, -0.040163674915267435] in 3 iterations
New 4-planet chi-square: 2.9333301331441577
Maximum: -29.59380440065152 Param: [2.618114496226117e-6, 224.70076923958334, 3503.7655431062703, 0.000995741992882299, 0.004219655738643923, 3.056231382058213e-6, 365.25645618794505, 3624.402193317365, 0.01378933576605656, 0.006101516658743544, 3.103694853053216e-7, 680.9193953828571, 425.15214332165294, 0.023081465564884465, -0.18162639112252474, 0.0011062273616312904, 4332.681362092626, 305.96661945918424, 0.02430687401284488, -0.04012799301239419]
FITS/fromEMB/p3_fit60s23yrs.jld2 loaded.
Previous model params: [2.381973952505548e-6, 224.70078337433168, 3503.7653652299286, 0.003865312914767652, -0.001207524419535883, 3.041032555619965e-6, 365.25646592355395, 3624.4021453382006, 0.01610641878241865, 0.001909996125175626, 0.0008790551275205842, 4216.285048329175, 4761.3980601143585, 0.035458971329231204, -0.05403287618845327]
Finished 4-planet fit w/ fixed period: [2.4987744880491647e-6, 224.70076890046383, 3503.7655572930216, -0.00239831295545516, 0.0032897805783038327, 3.013544384978005e-6, 365.2564588767553, 3624.4021811910507, 0.011476406490224791, 0.0056456369546669235, 2.8865264936223783e-7, 683.8549802398319, 404.8543026301795, -0.01572221506220159, -0.19155557731298728, 0.001234258981961507, 4380.56692774778, 4636.607680170023, 0.033755215091811994, -0.03435345254758162] in 2 iterations
New 4-planet chi-square: 3.609712566039739
Maximum: -38.50884442737546 Param: [2.490080876366076e-6, 224.70076920277657, 3503.765558750174, -0.0021622395529564647, 0.003223827713175885, 3.0152248230734004e-6, 365.2564585767981, 3624.4021850297613, 0.011644284000186068, 0.005578875820743383, 2.838269000327656e-7, 684.1157381961187, 402.75935170857736, -0.02081747113160999, -0.19204081777983026, 0.0012230055470463092, 4380.998839412849, 4638.021872849654, 0.03359076487695348, -0.03421659825901688]
FITS/fromEMB/p3_fit60s25yrs.jld2 loaded.
Previous model params: [2.3822922535850806e-6, 224.70077966525778, 3503.765415344612, 0.0025883774975070913, -0.0048408901436530795, 3.0739104803845824e-6, 365.25646844040017, 3624.402133188653, 0.015476650006772098, -0.0012725817085913898, 0.0009311523864765719, 4233.106208175113, 562.8858616541281, 0.03709548067189033, -0.04688609381190924]
Finished 4-planet fit w/ fixed period: [2.357721034786661e-6, 224.7007705612833, 3503.7655652509566, -0.0006589258661602424, -0.0012246872484001146, 3.0474892025842237e-6, 365.2564589233983, 3624.4021926472947, 0.012626455798278561, 0.0019287624177753717, 2.3524333951656844e-7, 686.7723496169231, 384.16851162920784, -0.06083594887863513, -0.188332348508859, 0.001126562105599201, 4373.603429417374, 319.32904243553, 0.03209764781114241, -0.03178606563916738] in 3 iterations
New 4-planet chi-square: 4.218947839803727
Maximum: -46.78653752175108 Param: [2.3629750691816447e-6, 224.7007703314235, 3503.7655659092375, -0.0008395681329855122, -0.0011842840620603012, 3.0466226252613905e-6, 365.2564593018861, 3624.4021880209166, 0.012497030384903091, 0.0019720970179802656, 2.363413612142179e-7, 686.510985814672, 385.4114600400362, -0.05481008155272312, -0.1909581932673855, 0.0011353034652885961, 4375.154443571854, 316.2800708568771, 0.03210982944582487, -0.03184362834984697]
FITS/fromEMB/p3_fit60s27yrs.jld2 loaded.
Previous model params: [2.4340009137566674e-6, 224.7007771184576, 3503.765455958148, 0.006414293502795285, -0.002248439693370577, 3.0898105958321964e-6, 365.25645383702204, 3624.402287127289, 0.01846975043977968, 0.000660465998462777, 0.0009017643791670699, 4270.756043876189, 526.445603908952, 0.03215545285275933, -0.03670743445981718]
Finished 4-planet fit w/ fixed period: [2.351894770754491e-6, 224.70077132197642, 3503.76555058573, -0.00037841851730948246, -0.0018495691089345633, 3.028838944330298e-6, 365.25646125664673, 3624.402167679043, 0.012660020482075476, 0.0014841762044805822, 2.3105391609822087e-7, 686.7898665060217, 388.72152745899535, -0.06471968677658169, -0.17565638776941575, 0.001105290811551768, 4355.18696242251, 345.0278337615977, 0.032898928509681485, -0.03496683546975953] in 2 iterations
New 4-planet chi-square: 4.3720061482188886
Maximum: -51.63276918046724 Param: [2.357884064850108e-6, 224.70077105371575, 3503.7655519880213, -0.0005495829711880463, -0.001789838581037351, 3.0278002401056895e-6, 365.2564615731789, 3624.4021638192726, 0.012536672931945965, 0.0015458014194563955, 2.3293762976839692e-7, 686.5128978189296, 390.17320807099037, -0.05943066236019274, -0.1781416140666228, 0.0011136567598942766, 4357.269265117813, 341.09176670808364, 0.032850446387139395, -0.03497423603690018]
FITS/fromEMB/p3_fit60s29yrs.jld2 loaded.
Previous model params: [2.4217348004309306e-6, 224.7007751702394, 3503.7654817483217, 0.004110468319478154, -0.0017454914555547398, 3.0710259993334403e-6, 365.2564514905112, 3624.4022943704977, 0.01659645413425523, 0.0010202426137845384, 0.0008644580308998575, 4243.5720708333865, 570.2833205085097, 0.026396378534357726, -0.03741850612952027]
Finished 4-planet fit w/ fixed period: [2.3231230477537468e-6, 224.70077247245635, 3503.7655389764714, -0.0004950051092333042, -0.001785194186803453, 3.032922652778828e-6, 365.25645843705, 3624.402190449738, 0.012500702020173766, 0.0015500645022289193, 2.2415532398371007e-7, 687.9013208582992, 382.4549242286454, -0.08212938498726212, -0.168910987052851, 0.0010685118738318097, 4340.431445760457, 366.83594291519927, 0.031901054463790275, -0.03536986548702645] in 2 iterations
New 4-planet chi-square: 4.560997309418592
Maximum: -57.66656969712099 Param: [2.322228524426296e-6, 224.7007725101286, 3503.76553974659, -0.0003542457538006433, -0.0018068574612804332, 3.033890944465831e-6, 365.2564583453053, 3624.402192692624, 0.012606275145043493, 0.001520282316347796, 2.2510360743641634e-7, 688.0389222089173, 382.04751113745766, -0.08514225951786404, -0.1662552744320108, 0.001064877252862466, 4340.273604565469, 367.5383596492357, 0.03189505838196355, -0.0352665471160038]
FITS/fromEMB/p3_fit80s15yrs.jld2 loaded.
Previous model params: [2.5877014330752434e-6, 224.70080485648322, 3503.765161018123, 0.022747092883622783, 0.0019606914008352245, 3.138742157665945e-6, 365.2564205503796, 3624.4024772128646, 0.03112988827870778, 0.0036469892582188753, 0.0006921668751408663, 4334.145562313688, 316.6978093936337, 0.004770327397959425, -0.07797482233618493]
Finished 4-planet fit w/ fixed period: [2.543278995805544e-6, 224.70079612425013, 3503.765311486346, 0.01572401570030952, 0.01152297025359882, 3.0553887739421753e-6, 365.2562900393617, 3624.4036484542876, 0.02485798808040882, 0.011910499349073792, 8.892628505416635e-6, 1252.0099380731099, 690.5589564153921, 0.22090181989126148, 0.11570203191602499, 0.0015445218345359617, 4814.939496228504, -549.4952489586166, 0.03932040227007858, -0.04619775241161591] in 2 iterations
New 4-planet chi-square: 0.5275654565246776
Maximum: 12.469905496069671 Param: [2.544151918686535e-6, 224.7007962152957, 3503.7653103453913, 0.015803114709952916, 0.011636246909258073, 3.055869735696014e-6, 365.2562905607334, 3624.4036419204053, 0.02493157689091714, 0.011993354867718376, 8.904133947248487e-6, 1252.4474280462757, 688.8752571130543, 0.22077059416256786, 0.11565883906418524, 0.0015375085669983432, 4811.531619617379, -546.7398882487807, 0.0394997484958467, -0.046422408107202696]
FITS/fromEMB/p3_fit80s17yrs.jld2 loaded.
Previous model params: [2.6900134404557055e-6, 224.7007933643782, 3503.765263191568, 0.03218210353555137, 0.0040616188213947035, 3.2679918604566333e-6, 365.2564208662365, 3624.4025170524947, 0.03863094481553172, 0.004717508368123183, 0.0006058670304486375, 4395.750225399504, 4620.42146310834, -0.01825203811168282, -0.08423868145841543]
Finished 4-planet fit w/ fixed period: [2.296117086182242e-6, 224.7007957632988, 3503.765251689227, -0.002050215100980332, -0.0013753062140582013, 3.0004930771998884e-6, 365.2637347658177, 3624.347245639553, 0.011252364522034874, 0.00034264297080964035, 3.584193678848417e-6, 735.383772418259, 110.02874362825804, 0.08553094132394652, 0.003862243196710247, 0.0009187234196992675, 4213.875894253061, 4796.044928907377, 0.02251216244152741, -0.03963799286376531] in 2 iterations
New 4-planet chi-square: 1.1543975224427327
Maximum: -3.1587288103600213 Param: [2.296117093134156e-6, 224.7007957632988, 3503.765251689227, -0.002050215099102194, -0.0013753062298293166, 3.0004930823333956e-6, 365.2637347658079, 3624.347245639394, 0.011252364562173859, 0.00034264295519469167, 3.5841936746154677e-6, 735.3837723215344, 110.02874368191979, 0.08553094121578118, 0.0038622432470766647, 0.0009187233991254114, 4213.875897201238, 4796.044964313791, 0.022512163409223088, -0.03963799180112679]
FITS/fromEMB/p3_fit80s19yrs.jld2 loaded.
Previous model params: [2.3838656639942725e-6, 224.70078827683113, 3503.765308581263, 0.016689100158121268, -0.002037988870476268, 3.127718415716975e-6, 365.2564422258603, 3624.4023400995425, 0.025712667677778103, 0.0005662914104788656, 0.0006960032466906091, 4307.7961565307705, 4719.0920226013795, 0.004670043579250888, -0.06688824415922692]
Finished 4-planet fit w/ fixed period: [2.595521204281676e-6, 224.70076373181735, 3503.7655831057805, -0.004851161106296718, 0.00025984628592282187, 2.9909057396302406e-6, 365.2564577227879, 3624.4021661460824, 0.008995041139524894, 0.002882528101547688, 4.0365403837434206e-7, 676.3741434905032, 457.5241841370424, 0.09245484776094173, -0.12726782560136357, 0.001172546504294672, 4254.447078456774, 4693.121553529519, 0.025449742444752777, -0.034251576038814506] in 2 iterations
New 4-planet chi-square: 1.4291507174506939
Maximum: -8.748468917030154 Param: [2.606183306049573e-6, 224.70076388812348, 3503.7656066609325, -0.003900122015151128, 0.0006808414061380548, 2.997386538491793e-6, 365.2564567269431, 3624.4021767505287, 0.009824049435335297, 0.0031932741032294834, 3.860288610336528e-7, 676.9802264690258, 451.6958283557372, 0.08815519589811195, -0.13729369717840628, 0.0011604998059336095, 4268.971438159128, 4682.998641171744, 0.025044698257232934, -0.03506447173080238]
FITS/fromEMB/p3_fit80s21yrs.jld2 loaded.
Previous model params: [2.461840219385155e-6, 224.70079086036264, 3503.7652773108343, 0.016111597260098726, -0.00015020361223579885, 3.1470666965405385e-6, 365.2564603870428, 3624.4021841045837, 0.02485092541894711, 0.002146977408431212, 0.0006523788137094613, 4193.485249210859, 556.534338590872, 0.00492950225513687, -0.07198225519210376]
Finished 4-planet fit w/ fixed period: [2.6337176366543964e-6, 224.70076833215842, 3503.765546552536, 0.0005861835164012228, 0.004253684324071463, 3.053086039154477e-6, 365.2564561431831, 3624.4021920217547, 0.01345834216928414, 0.006140668401528376, 3.1905269534753764e-7, 680.4996581935683, 428.3987524867332, 0.027940050043613142, -0.18081770050057372, 0.0011183565195431633, 4329.05417438692, 307.94888593404596, 0.024740978416324343, -0.04016368715582871] in 2 iterations
New 4-planet chi-square: 1.6499981985868248
Maximum: -13.771290394024152 Param: [2.6181116438415225e-6, 224.70076923966735, 3503.765543110301, 0.000995976057986169, 0.004219825317973168, 3.0562332322163004e-6, 365.2564561877781, 3624.402193320753, 0.013789527590385067, 0.006101641510840823, 3.103678944515282e-7, 680.9196514734458, 425.1506909547728, 0.023073493182636576, -0.18162876096783798, 0.0011062246065358294, 4332.685925304846, 305.9598336577946, 0.02430685615921656, -0.04012781542616537]
FITS/fromEMB/p3_fit80s23yrs.jld2 loaded.
Previous model params: [2.381991772929163e-6, 224.70078337440853, 3503.765365228624, 0.0038667859522055863, -0.0012067035663468303, 3.041040428809552e-6, 365.2564659231833, 3624.402145345291, 0.016107543389545304, 0.0019105842299969413, 0.0008790289070502548, 4216.290006733462, 545.0970169985465, 0.03545653318658078, -0.05403485248624832]
Finished 4-planet fit w/ fixed period: [2.4987696084050113e-6, 224.700768900737, 3503.7655572883705, -0.002398175219158168, 0.0032894731510575656, 3.013545374712638e-6, 365.2564588770166, 3624.402181187257, 0.01147651814947966, 0.005645387304829577, 2.886472434811534e-7, 683.8549802398319, 404.85415674314083, -0.015721239869859512, -0.19155625256449316, 0.0012342495133359037, 4380.562447016768, 256.0520632134687, 0.033755003262563456, -0.034353546811037645] in 2 iterations
New 4-planet chi-square: 2.0304633202609907
Maximum: -21.24792010780376 Param: [2.490070451236327e-6, 224.70076920304436, 3503.7655587527947, -0.0021619989451025206, 0.0032232716784274438, 3.0152268356774993e-6, 365.2564585768759, 3624.4021850288896, 0.011644473960237375, 0.005578431746770716, 2.8382675341397427e-7, 684.1159564357547, 402.7595235169392, -0.0208270561638399, -0.19203575280856117, 0.001222991541593493, 4380.994140525808, 257.03817157041885, 0.03359076485524995, -0.0342163676781396]
FITS/fromEMB/p3_fit80s25yrs.jld2 loaded.
Previous model params: [2.3823012667220013e-6, 224.70077966526722, 3503.7654153444573, 0.002588825328540157, -0.004840366130605016, 3.0739129346767565e-6, 365.2564684401105, 3624.4021331943295, 0.015476980655884333, -0.0012721701048612232, 0.0009311483053644368, 4233.111351968413, 562.870260030266, 0.03709535346903034, -0.04688682977321349]
Finished 4-planet fit w/ fixed period: [2.3577173260597064e-6, 224.7007705613106, 3503.7655652500766, -0.000659015515694841, -0.001224826201606933, 3.047488556817196e-6, 365.2564589236093, 3624.4021926450528, 0.012626383397534696, 0.0019286509169384382, 2.3523806780547599e-7, 686.7723496169231, 384.1683088511545, -0.06083939228558413, -0.18833621933192526, 0.0011265629198277142, 4373.601559005809, 319.3339731881142, 0.03209789305577355, -0.03178584690094736] in 3 iterations
New 4-planet chi-square: 2.373158162887442
Maximum: -28.087202853440306 Param: [2.3629764686739225e-6, 224.70077033093634, 3503.7655659193397, -0.0008395609739788949, -0.0011836898582931504, 3.0466216693527303e-6, 365.2564593014514, 3624.4021880290443, 0.012496992672772515, 0.0019725833489028844, 2.3635784543076366e-7, 686.5110407983843, 385.41679404342256, -0.0548294464666409, -0.19094549812007636, 0.0011353066445899448, 4375.15769002267, 316.269483601122, 0.032110371498717774, -0.031843609826896706]
FITS/fromEMB/p3_fit80s27yrs.jld2 loaded.
Previous model params: [2.434001979408027e-6, 224.70077711845025, 3503.765455958371, 0.006414394685602471, -0.0022483397686484134, 3.089811219068011e-6, 365.2564538369021, 3624.4022871298775, 0.018469833330715456, 0.0006605349830485991, 0.0009017634877113489, 4270.757998895991, 4797.199961068213, 0.032155274382736444, -0.03670740048740904]
Finished 4-planet fit w/ fixed period: [2.3518949123358833e-6, 224.700771322123, 3503.765550582809, -0.0003784408517547463, -0.001849677091602342, 3.0288392129364996e-6, 365.2564612567452, 3624.402167676692, 0.012660019786697459, 0.0014840936095940481, 2.310450769224955e-7, 686.7898665060217, 388.71817491537183, -0.06471147039892344, -0.17566397125817418, 0.0011052920593354026, 4355.187149742539, 4700.215268555598, 0.03289885331966291, -0.03496679316360779] in 2 iterations
New 4-planet chi-square: 2.4592534125378918
Maximum: -31.495023456517302 Param: [2.3579291517909817e-6, 224.70077105179175, 3503.765552001743, -0.0005509253159528883, -0.0017883024939756168, 3.027791163658637e-6, 365.2564615749104, 3624.4021638029403, 0.01253566760919902, 0.0015471355613711354, 2.3295042380739366e-7, 686.5112053948961, 390.1795683493458, -0.059394939492883825, -0.17815990885974992, 0.0011137257288349153, 4357.29460067696, 4698.32468475059, 0.03285098592644749, -0.03497482819635933]
FITS/fromEMB/p3_fit80s29yrs.jld2 loaded.
Previous model params: [2.4217388970944395e-6, 224.70077517021707, 3503.765481748726, 0.004110696633135443, -0.0017449566352199094, 3.0710271385159632e-6, 365.25645149008903, 3624.402294377059, 0.016596625856921253, 0.0010206788239606503, 0.0008644587119480137, 4243.5762383381325, 570.2687470272249, 0.026396701893213033, -0.037419214993609604]
Finished 4-planet fit w/ fixed period: [2.3231251659224116e-6, 224.7007724724736, 3503.765538976059, -0.0004950049329266025, -0.001784813628019789, 3.032922427702625e-6, 365.25645843693263, 3624.4021904520264, 0.012500690870748066, 0.0015503673763647005, 2.2415145798901298e-7, 687.9013208582992, 382.45350400037785, -0.08212790779410604, -0.16891507378466636, 0.0010685139144350046, 4340.434988491815, 366.82470708329976, 0.031901130782138715, -0.035370196001858374] in 2 iterations
New 4-planet chi-square: 2.56556098301742
Maximum: -35.80273213849281 Param: [2.3222266627397295e-6, 224.70077251024125, 3503.7655397460144, -0.0003541997852995658, -0.0018070883376057388, 3.033891921774332e-6, 365.25645834547566, 3624.4021926908877, 0.012606336983665312, 0.0015200827955265035, 2.2508977096598348e-7, 688.0390893650608, 382.04154108584476, -0.08513749284207303, -0.1662658817502212, 0.0010648760696502781, 4340.273639974775, 367.5419340047285, 0.03189500533900806, -0.035265951154698584]
FITS/fromEMB/p3_fit90s15yrs.jld2 loaded.
Previous model params: [2.5877197606259577e-6, 224.70080485643126, 3503.7651610185408, 0.022748812484616826, 0.001960670676031842, 3.1387521098189417e-6, 365.2564205501712, 3624.402477215093, 0.03113121470022665, 0.0036469251769689266, 0.000692146601914805, 4334.146531349934, 4650.840402382299, 0.004766605627486089, -0.0779771319471607]
Finished 4-planet fit w/ fixed period: [2.5432776351181413e-6, 224.70079612410643, 3503.7653114889404, 0.015723688017067056, 0.011523150680704208, 3.0553855418310032e-6, 365.25629003622754, 3624.4036484810213, 0.0248577065743688, 0.011910656972527007, 8.892808761244403e-6, 1252.0099380731099, 690.5593972839042, 0.2209026386314819, 0.11570242751270053, 0.0015445508372143547, 4814.946532094789, 4265.436617972274, 0.039321260475536, -0.04619717638024128] in 2 iterations
New 4-planet chi-square: 0.41684184204103447
Maximum: 17.06344389374665 Param: [2.5441479264938053e-6, 224.700796215153, 3503.7653103480347, 0.01580302097731605, 0.011636391495147393, 3.0558687874780783e-6, 365.25629055823373, 3624.4036419423073, 0.024931493216223472, 0.01199347488506496, 8.904308546750161e-6, 1252.4474479255064, 688.874885772839, 0.22077274776394312, 0.11565522312115153, 0.0015375301538340836, 4811.539396659913, 4264.785466956445, 0.039500259303963454, -0.04642195716602017]
FITS/fromEMB/p3_fit90s17yrs.jld2 loaded.
Previous model params: [2.690014589935426e-6, 224.70079336439943, 3503.765263191146, 0.03218226775746596, 0.004061621770716282, 3.2679927712163204e-6, 365.2564208664951, 3624.4025170497657, 0.03863106727922538, 0.004717512444434503, 0.0006058660803504148, 4395.747161228018, 4620.422691886467, -0.018251895078811396, -0.08423881316359055]
Finished 4-planet fit w/ fixed period: [2.2961127828960697e-6, 224.70079576329948, 3503.765251689594, -0.0020503253582326146, -0.0013756354646862574, 3.000492187619819e-6, 365.26373484196995, 3624.3472453687773, 0.011252277306624607, 0.0003423661687475631, 3.584220507373147e-6, 735.383772418259, 110.02826389590767, 0.08553081058690395, 0.0038619076453030197, 0.0009187228959728268, 4213.871563724588, 4796.0512322562045, 0.022511954776244264, -0.03963747305292005] in 2 iterations
New 4-planet chi-square: 0.9121165604671233
Maximum: 2.023724769984537 Param: [2.296112774707072e-6, 224.7007957632995, 3503.7652516895946, -0.0020503253842580247, -0.0013756352927505363, 3.000492187857889e-6, 365.2637348419603, 3624.34724536862, 0.011252277346092122, 0.0003423661533187473, 3.5842205032072294e-6, 735.3837723214609, 110.02826394961356, 0.08553081048066585, 0.0038619076950123636, 0.000918722878692481, 4213.871581497223, 4796.051210407807, 0.022511955840464948, -0.039637472053848974]
FITS/fromEMB/p3_fit90s19yrs.jld2 loaded.
Previous model params: [2.3838664467929154e-6, 224.70078827674544, 3503.7653085826037, 0.016689420968320382, -0.002038359887827193, 3.127720477462685e-6, 365.25644222521754, 3624.4023401056347, 0.025712936357967245, 0.0005659986446028281, 0.0006960021261832663, 4307.80060963197, 411.2911773604929, 0.0046693566809542664, -0.06688812250333441]
Finished 4-planet fit w/ fixed period: [2.5955153125821713e-6, 224.70076373241474, 3503.7655831036786, -0.004850998351995488, 0.0002596669107182236, 2.990906392591605e-6, 365.25645772307894, 3624.4021661438146, 0.00899516044295736, 0.002882372932242593, 4.036565087429253e-7, 676.3741434905032, 457.52493361830756, 0.09245105770629346, -0.1272658074139258, 0.0011725370472710473, 4254.444792093954, 438.6803599460429, 0.025449158564895005, -0.03425185421640806] in 3 iterations
New 4-planet chi-square: 1.1292055064132687
Maximum: -2.977100197357939 Param: [2.6061761706861063e-6, 224.70076388866258, 3503.765606647327, -0.003900134575760531, 0.0006806734540667174, 2.997386148999724e-6, 365.2564567271159, 3624.4021767491868, 0.009824029579852204, 0.003193140308317909, 3.860352004145492e-7, 676.9802047796054, 451.6973187289629, 0.08815146375498942, -0.13728957119974844, 0.0011605001246921482, 4268.970333353655, 414.0318356844429, 0.025044521706517633, -0.035064556049829984]
FITS/fromEMB/p3_fit90s21yrs.jld2 loaded.
Previous model params: [2.4618424380088077e-6, 224.7007908603765, 3503.765277310705, 0.016111817554411073, -0.00015044787879549948, 3.1470680355338168e-6, 365.25646038704986, 3624.4021841044428, 0.024851093153236893, 0.002146776362759537, 0.0006523748167961978, 4193.485563058709, 556.5336563355601, 0.00492858883661783, -0.07198276269186613]
Finished 4-planet fit w/ fixed period: [2.6337028237038827e-6, 224.70076833303392, 3503.7655465359835, 0.0005862741544001924, 0.004253346476513659, 3.0530868369729212e-6, 365.25645614355676, 3624.4021920166397, 0.013458417731263597, 0.006140394847657118, 3.190475817385323e-7, 680.4996581935683, 428.3974950879551, 0.02795406585344208, -0.180813095894904, 0.0011183503153970593, 4329.05069035981, 307.9596516465452, 0.024740113428266514, -0.04016359017978972] in 2 iterations
New 4-planet chi-square: 1.303702280043326
Maximum: -7.2932234261398845 Param: [2.6181151490234503e-6, 224.7007692393656, 3503.765543120447, 0.0009962241783110686, 0.004220526499810934, 3.0562352046925463e-6, 365.2564561869417, 3624.4021933316335, 0.013789717717309889, 0.0061021669761641695, 3.10353820153659e-7, 680.9199820139834, 425.1451513583557, 0.023072721666060187, -0.1816412257260794, 0.0011062244985838932, 4332.697034102959, 305.9355942559711, 0.02430707832328555, -0.040127464068163185]
FITS/fromEMB/p3_fit90s23yrs.jld2 loaded.
Previous model params: [2.3819776811935488e-6, 224.70078337434543, 3503.7653652297236, 0.003865605782447058, -0.0012074134178430309, 3.0410340554771758e-6, 365.25646592349955, 3624.4021453394494, 0.016106640389456365, 0.0019100752220456742, 0.0008790500609250617, 4216.286138692461, 545.1092900132392, 0.03545852159624203, -0.05403335210690878]
Finished 4-planet fit w/ fixed period: [2.4987770978455154e-6, 224.7007689002904, 3503.7655572965546, -0.002398520955678657, 0.0032899905831862805, 3.013542940274937e-6, 365.2564588766352, 3624.402181192786, 0.01147624197949807, 0.005645818572270323, 2.8865466705590446e-7, 683.8549802398319, 404.85432445000595, -0.015724244783057884, -0.1915557243597547, 0.0012342657074271629, 4380.568487364297, 256.03438666947994, 0.03375561692646331, -0.0343534869535981] in 2 iterations
New 4-planet chi-square: 1.6043166968581466
Maximum: -14.180937956602286 Param: [2.490083399059779e-6, 224.7007692025308, 3503.7655587528425, -0.002162628793458359, 0.0032239744159287933, 3.015222813692981e-6, 365.2564585768033, 3624.402185029071, 0.011644003846936566, 0.005579010766915451, 2.83825775288007e-7, 684.1156606030878, 402.75827404711777, -0.02081229681153462, -0.19204403197792286, 0.0012230205811995163, 4381.000368393771, 257.01919520324367, 0.03359133091013771, -0.03421609318714228]
FITS/fromEMB/p3_fit90s25yrs.jld2 loaded.
Previous model params: [2.3822940849859732e-6, 224.70077966525042, 3503.765415344893, 0.0025886694035666866, -0.004841142427673754, 3.0739124204560443e-6, 365.25646844029467, 3624.4021331904255, 0.015476882858141177, -0.0012728000377719181, 0.0009311466548148024, 4233.107678047919, 562.8853894250412, 0.03709470485560955, -0.046886167026945494]
Finished 4-planet fit w/ fixed period: [2.3577159995082486e-6, 224.70077056139516, 3503.765565248401, -0.0006590449618928395, -0.0012250309385682158, 3.047488244895759e-6, 365.2564589238099, 3624.4021926420564, 0.0126263595366332, 0.0019284962475279274, 2.3523820569021447e-7, 686.7723496169231, 384.16867012013097, -0.06083926721255867, -0.18833519924296743, 0.0011265622400081809, 4373.5990707370875, 319.33923216529695, 0.03209802453436398, -0.031786006121429004] in 20 iterations
New 4-planet chi-square: 1.875087929187156
Maximum: -20.431305501402086 Param: [2.3629836930252692e-6, 224.70077033073773, 3503.765565917395, -0.0008399363962929712, -0.0011838327110252165, 3.0466206611428784e-6, 365.25645930199516, 3624.4021880209098, 0.012496754012808184, 0.001972481520529017, 2.363497795882265e-7, 686.5106382448502, 385.41411472074714, -0.054807090753357796, -0.19095913983232302, 0.0011353250053953916, 4375.162125680467, 316.2635593501734, 0.03211025003638482, -0.031843285335017645]
FITS/fromEMB/p3_fit90s27yrs.jld2 loaded.
Previous model params: [2.434000572879056e-6, 224.70077711845065, 3503.7654559583884, 0.006414287211177962, -0.0022484916551753454, 3.089810595135571e-6, 365.2564538369246, 3624.402287129188, 0.018469750373176278, 0.0006604219866256705, 0.000901765240782541, 4270.7574055631785, 4797.201262938889, 0.03215544897505691, -0.03670733506987471]
Finished 4-planet fit w/ fixed period: [2.351894721220557e-6, 224.70077132208627, 3503.76555058338, -0.00037841010402613545, -0.0018496313596371105, 3.0288392163023955e-6, 365.25646125674047, 3624.4021676774278, 0.012660036170975292, 0.001484123035375613, 2.3104629145387537e-7, 686.7898665060217, 388.7191125892844, -0.06471515086068448, -0.17566299318537834, 0.0011052905413997446, 4355.187229035033, 4700.214900318031, 0.032898784784299515, -0.03496680226998921] in 2 iterations
New 4-planet chi-square: 1.9431138061089994
Maximum: -23.250210936643857 Param: [2.357924622503609e-6, 224.70077105202105, 3503.7655520003855, -0.0005508225160056146, -0.0017884903917699067, 3.0277923096625e-6, 365.25646157477183, 3624.4021638039358, 0.012535764533667537, 0.0015469745839781057, 2.3294261569760456e-7, 686.5113926479517, 390.17553745125923, -0.05938998081931152, -0.17816406734402093, 0.0011137207524207695, 4357.29369237178, 4698.327515493374, 0.03285079758785692, -0.03497457717874008]
FITS/fromEMB/p3_fit90s29yrs.jld2 loaded.
Previous model params: [2.4217366710621385e-6, 224.70077517022574, 3503.765481748536, 0.0041108336518587375, -0.0017458186556784919, 3.0710284727645127e-6, 365.2564514904994, 3624.402294370559, 0.016596746113854567, 0.0010199605260725018, 0.0008644495774953395, 4243.571836330767, 570.2869363599029, 0.026395179729518523, -0.0374185675315961]
Finished 4-planet fit w/ fixed period: [2.3231258253317843e-6, 224.7007724724719, 3503.765538976013, -0.0004949980523256514, -0.0017848282642319198, 3.0329224118015764e-6, 365.2564584369267, 3624.402190452182, 0.012500695538196773, 0.001550357836508599, 2.2415048564144838e-7, 687.9013208582992, 382.45267651692865, -0.08212647546520739, -0.1689168724950227, 0.0010685145365018028, 4340.436442032592, 366.8210287324975, 0.03190105829452775, -0.03537028442467236] in 2 iterations
New 4-planet chi-square: 2.027109913604463
Maximum: -26.851221449169504 Param: [2.3222261038896877e-6, 224.70077251019507, 3503.7655397468257, -0.00035421399680121793, -0.0018070441560768227, 3.0338915438562057e-6, 365.256458345398, 3624.4021926928594, 0.012606311911065565, 0.0015201195503160914, 2.2509421516155603e-7, 688.0390665014061, 382.0440488969111, -0.08514384820615047, -0.16626218233545126, 0.0010648756928055346, 4340.273999861538, 367.5395925710176, 0.03189502094065371, -0.03526610257951682]
FITS/fromEMB/p3_fit100s15yrs.jld2 loaded.
Previous model params: [2.5877107067555368e-6, 224.70080485647873, 3503.765161017918, 0.022748000305194156, 0.001960579155905342, 3.138747053569245e-6, 365.25642055060655, 3624.4024772102625, 0.03113057560964812, 0.0036468758994818444, 0.0006921552320392783, 4334.1424157177535, 316.70153496713573, 0.004768419765846676, -0.07797607128166412]
Finished 4-planet fit w/ fixed period: [2.5432771809260743e-6, 224.7007961241438, 3503.7653114882887, 0.015723747806543557, 0.011522990208247678, 3.055386160505822e-6, 365.25629003673305, 3624.403648476401, 0.024857762293931905, 0.011910536631563473, 8.892817417150068e-6, 1252.0099380731099, 690.5590588549868, 0.22090213670103243, 0.1157006998482036, 0.0015445457875376363, 4814.943945550151, -549.5043125239266, 0.039321075601485816, -0.04619720380975272] in 2 iterations
New 4-planet chi-square: 0.33764189284581014
Maximum: 21.172503958628063 Param: [2.544144747591163e-6, 224.70079621478564, 3503.7653103534085, 0.015802394306070063, 0.011636719229305145, 3.0558644604926963e-6, 365.2562905533299, 3624.4036419865024, 0.024930974291300062, 0.011993742624453475, 8.904541572195868e-6, 1252.4468842715935, 688.8776490797305, 0.2207728681370383, 0.11565596937484171, 0.0015375733959675727, 4811.554038508276, -546.7798063971198, 0.03950099065204833, -0.046420995898716066]
FITS/fromEMB/p3_fit100s17yrs.jld2 loaded.
Previous model params: [2.6900193393010156e-6, 224.7007933643918, 3503.7652631913747, 0.03218251711599209, 0.00406190989591566, 3.2679944442207055e-6, 365.2564208661616, 3624.40251705316, 0.03863126727774849, 0.004717730712681934, 0.0006058648654994157, 4395.750132655953, 224.66846527000843, -0.01825213579431736, -0.08423932182348629]
Finished 4-planet fit w/ fixed period: [2.29611633777987e-6, 224.70079576319708, 3503.7652516906214, -0.0020500265042656947, -0.0013755805220527573, 3.0004953097356893e-6, 365.26373466356574, 3624.347246642733, 0.011252536891046085, 0.0003424305049541122, 3.5841654200165953e-6, 735.383772418259, 110.02835371364822, 0.08553111936213809, 0.0038619754825453684, 0.0009187237353599922, 4213.880605869535, 582.165146558016, 0.02251191341748297, -0.03963784365263333] in 2 iterations
New 4-planet chi-square: 0.7388144148398567
Maximum: 6.659587433276026 Param: [2.29611633777987e-6, 224.70079576319708, 3503.7652516906214, -0.0020500265042656947, -0.0013755805220527573, 3.0004953097356893e-6, 365.26373466356574, 3624.347246642733, 0.011252536891046085, 0.0003424305049541122, 3.5841654200165953e-6, 735.383772418259, 110.02835371364822, 0.08553111936213809, 0.0038619754825453684, 0.0009187237353599922, 4213.880605869535, 582.165146558016, 0.02251191341748297, -0.03963784365263333]
FITS/fromEMB/p3_fit100s19yrs.jld2 loaded.
Previous model params: [2.3838673400111155e-6, 224.70078827684893, 3503.7653085811585, 0.016689390255247998, -0.0020382341302986836, 3.127719974549826e-6, 365.25644222609554, 3624.4023400975884, 0.025712892863408117, 0.0005660922202935156, 0.0006960000246124775, 4307.794029237175, 4719.09487052581, 0.00466951602383022, -0.06688821080694665]
Finished 4-planet fit w/ fixed period: [2.595503172641233e-6, 224.70076373292116, 3503.7655830877634, -0.004851154317144026, 0.00025966060007240116, 2.9909057194171486e-6, 365.2564577231616, 3624.402166142335, 0.008995029940400951, 0.0028823769995024763, 4.0365622258071976e-7, 676.3741434905032, 457.5248140747438, 0.09245608743535773, -0.12725908618103776, 0.0011725391512309167, 4254.443925719544, 4693.127750678608, 0.025449136264678, -0.03425142429535811] in 2 iterations
New 4-planet chi-square: 0.9146564587224247
Maximum: 2.185565109313205 Param: [2.606200583315668e-6, 224.70076388750007, 3503.7656066684103, -0.0038996434054985865, 0.0006811898994333589, 2.997389276586935e-6, 365.2564567260216, 3624.4021767606278, 0.00982444607604813, 0.003193536028394319, 3.8602677182408466e-7, 676.9803945437152, 451.6949890832141, 0.08814693845407542, -0.13730337482156033, 0.0011605012319811274, 4268.980339103864, 4682.989618576861, 0.0250449285820994, -0.03506526857891801]
FITS/fromEMB/p3_fit100s21yrs.jld2 loaded.
Previous model params: [2.4618378198564388e-6, 224.70079086033726, 3503.7652773112354, 0.016111194922518234, -0.0001502403853488051, 3.1470639820947575e-6, 365.2564603870661, 3624.402184104668, 0.02485061045368745, 0.0021469558978694622, 0.000652382875941953, 4193.4863242843, 4750.018844725272, 0.004930099530808265, -0.07198189579785666]
Finished 4-planet fit w/ fixed period: [2.6337153337104755e-6, 224.70076833233196, 3503.765546547014, 0.0005860723263864506, 0.00425358337538774, 3.0530851661304425e-6, 365.2564561432696, 3624.402192021206, 0.013458255918162385, 0.006140593702498433, 3.190593302794174e-7, 680.4996581935683, 428.3994698673111, 0.027942584000413107, -0.1808128711475981, 0.0011183641032173014, 4329.055677518622, 4637.003422889359, 0.024740993704619692, -0.04016351706447553] in 2 iterations
New 4-planet chi-square: 1.0559988456776666
Maximum: -1.4983950348180544 Param: [2.618096907414854e-6, 224.70076924063343, 3503.765543098326, 0.0009962435932918464, 0.00421970801503555, 3.0562354457519855e-6, 365.2564561878835, 3624.4021933203226, 0.01378973889853942, 0.006101525792381492, 3.1035714061191347e-7, 680.9198795836378, 425.1471998207582, 0.023082374677293176, -0.18162868106032062, 0.001106213966645282, 4332.688001960232, 4638.64790480566, 0.024305906674039226, -0.040127786526831334]
FITS/fromEMB/p3_fit100s23yrs.jld2 loaded.
Previous model params: [2.381976317660104e-6, 224.70078337435626, 3503.765365229466, 0.003865459411002878, -0.0012074591986294114, 3.041033113071637e-6, 365.25646592358964, 3624.4021453379287, 0.016106526367737906, 0.0019100422543074955, 0.0008790504872912398, 4216.285134292023, 4761.396717749994, 0.0354585074160255, -0.05403334199466386]
Finished 4-planet fit w/ fixed period: [2.4987760507629106e-6, 224.70076890057413, 3503.7655572924514, -0.002398266233347159, 0.0032896615700687935, 3.0135443735080702e-6, 365.2564588768408, 3624.402181190557, 0.011476437196618386, 0.005645542247044682, 2.8866178639069994e-7, 683.8549802398319, 404.8562479689324, -0.01572440086543344, -0.19154800007487105, 0.0012342560917850682, 4380.566973620294, 4636.608448032171, 0.03375487815952322, -0.03435377208447535] in 2 iterations
New 4-planet chi-square: 1.2994965221466719
Maximum: -7.85930696384068 Param: [2.4900683211965128e-6, 224.70076920313204, 3503.7655587556787, -0.0021618254640989954, 0.0032235929477270574, 3.0152282696440067e-6, 365.256458576243, 3624.402185037048, 0.01164460558106632, 0.0055786591643129805, 2.838187565510236e-7, 684.1161632662934, 402.7549292866423, -0.020822761414513235, -0.19204234609271068, 0.0012229880645432325, 4381.000596160269, 4638.024833436796, 0.03359028761661846, -0.03421608115478452]
FITS/fromEMB/p3_fit100s25yrs.jld2 loaded.
Previous model params: [2.3822905458982653e-6, 224.70077966524508, 3503.7654153449334, 0.002588699537585861, -0.004841580770665966, 3.0739129977851944e-6, 365.2564684405314, 3624.402133186017, 0.015476917161851855, -0.0012731627164489436, 0.0009311427344384582, 4233.103649427564, 562.8979576548501, 0.03709417827203754, -0.04688590766777502]
Finished 4-planet fit w/ fixed period: [2.3577190850086893e-6, 224.70077056131743, 3503.765565250041, -0.0006589864704073495, -0.0012247104910572946, 3.047488992400391e-6, 365.2564589233776, 3624.402192647287, 0.012626413683786456, 0.0019287395539744844, 2.3523708287060252e-7, 686.7723496169231, 384.16674219477284, -0.06083393897842726, -0.1883387112296477, 0.0011265658256067504, 4373.604425366214, 319.32815988949324, 0.03209781692183273, -0.03178576951509334] in 2 iterations
New 4-planet chi-square: 1.5188212219473889
Maximum: -13.582871968788599 Param: [2.362977572748706e-6, 224.70077033100833, 3503.765565915525, -0.0008396495484050991, -0.0011838326520618875, 3.0466219262230304e-6, 365.2564593017175, 3624.4021880246987, 0.012496954090277278, 0.0019724603608320544, 2.3634561915642654e-7, 686.5108973623151, 385.4133044211118, -0.054816810350298104, -0.19095854174665403, 0.0011353121093147923, 4375.1588933792655, 316.2696199366109, 0.03211017182649455, -0.03184328318223364]
FITS/fromEMB/p3_fit100s27yrs.jld2 loaded.
Previous model params: [2.4340000706798472e-6, 224.7007771184852, 3503.7654559575312, 0.006414083245377737, -0.0022478207244922953, 3.089809227865008e-6, 365.25645383696514, 3624.4022871284496, 0.018469580168218286, 0.000660966203765185, 0.00090176940761754, 4270.756379455465, 526.441490641266, 0.032156224554763906, -0.036707473400679126]
Finished 4-planet fit w/ fixed period: [2.351893319940914e-6, 224.70077132212668, 3503.7655505827247, -0.00037852736808639955, -0.001849592556430499, 3.0288386847387998e-6, 365.2564612568465, 3624.402167675607, 0.012659952416437567, 0.0014841604174464353, 2.3104207480590427e-7, 686.7898665060217, 388.7179787597176, -0.06471326400806787, -0.1756657611854411, 0.0011052933957972925, 4355.185836193066, 345.03106208844014, 0.03289910062213221, -0.03496657406617354] in 2 iterations
New 4-planet chi-square: 1.5739221823556677
Maximum: -15.874974827417589 Param: [2.3579236403226705e-6, 224.70077105200596, 3503.765551999473, -0.0005509466314114676, -0.0017886984537413314, 3.027791632351124e-6, 365.2564615749605, 3624.4021638014706, 0.01253567466353591, 0.001546816314784365, 2.329398535080351e-7, 686.5113330889931, 390.17558102582655, -0.05939073424830894, -0.1781674291372321, 0.0011137244227649194, 4357.293494872842, 341.0357768692355, 0.03285094622856624, -0.03497436118114602]
FITS/fromEMB/p3_fit100s29yrs.jld2 loaded.
Previous model params: [2.4217386473780826e-6, 224.70077517023955, 3503.765481748149, 0.004110566815960821, -0.0017449933198682422, 3.0710262574667005e-6, 365.2564514902646, 3624.4022943743603, 0.016596520003357925, 0.0010206388891289997, 0.0008644556036803481, 4243.574625246104, 4813.8468870949, 0.026396196813693863, -0.03741931144915138]
Finished 4-planet fit w/ fixed period: [2.3231233600794698e-6, 224.70077247253317, 3503.7655389747306, -0.0004950427785442046, -0.0017850764177537366, 3.0329225013821326e-6, 365.25645843711504, 3624.4021904491765, 0.012500674297843312, 0.00155015197233865, 2.2414559485589591e-7, 687.9013208582992, 382.45212577773265, -0.08212651878534033, -0.1689199959055049, 0.0010685141439197206, 4340.433544607865, 4707.264278035306, 0.031901088075063144, -0.03536984481383859] in 2 iterations
New 4-planet chi-square: 1.641959030027486
Maximum: -18.843822259356877 Param: [2.3222282053805657e-6, 224.70077251014214, 3503.765539747012, -0.0003541824786520023, -0.0018068905356666142, 3.0338915105942764e-6, 365.2564583452824, 3624.4021926931555, 0.01260633059982013, 0.0015202524115353068, 2.2510227319264643e-7, 688.0389835911917, 382.0462394431664, -0.08514092520234574, -0.16625590465149762, 0.0010648761573124725, 4340.2739188078385, 4707.812492785647, 0.03189501100945818, -0.035266416724102724]
FITS/fromEMB/p3_fit110s15yrs.jld2 loaded.
Previous model params: [2.587721222467949e-6, 224.70080485643348, 3503.765161018689, 0.022748929150314432, 0.0019607405321681697, 3.138753029967163e-6, 365.2564205501146, 3624.4024772162647, 0.031131310399735358, 0.003646979579598809, 0.000692147067530674, 4334.1475402771075, 4650.839925248717, 0.004766742923471214, -0.07797702334827941]
Finished 4-planet fit w/ fixed period: [2.5432813829656352e-6, 224.7007961241776, 3503.7653114877417, 0.01572387467846256, 0.01152304454411102, 3.0553870655165783e-6, 365.2562900377, 3624.4036484688622, 0.02485787102405054, 0.011910570026849017, 8.892751839049272e-6, 1252.0099380731099, 690.5591711871627, 0.2209007453688651, 0.11570366465815893, 0.0015445379611480614, 4814.944161833253, 4265.439978258196, 0.039320869917562506, -0.04619744660617447] in 2 iterations
New 4-planet chi-square: 0.2790428857323285
Maximum: 24.889601035085363 Param: [2.5441500633202707e-6, 224.70079621514031, 3503.7653103483312, 0.01580319632886157, 0.011636360996448606, 3.055869990550757e-6, 365.25629055856444, 3624.403641940762, 0.02493163979548279, 0.011993447998115473, 8.904303541797847e-6, 1252.447382911763, 688.8748916036238, 0.22077219437910453, 0.11565557698778257, 0.0015375277218913144, 4811.541778176412, 4264.7856784057285, 0.03950005258130899, -0.04642202873277425]
FITS/fromEMB/p3_fit110s17yrs.jld2 loaded.
Previous model params: [2.690004546332358e-6, 224.7007933643815, 3503.76526319141, 0.032181502495942836, 0.004061248049396681, 3.2679881311831447e-6, 365.2564208666534, 3624.4025170480522, 0.03863047024905367, 0.00471723834585087, 0.0006058734076124327, 4395.746449548561, 4620.426277869432, -0.018250205386530615, -0.08423760969932717]
Finished 4-planet fit w/ fixed period: [2.2961109360126833e-6, 224.70079576328604, 3503.765251689746, -0.00205037003161102, -0.0013758153577051375, 3.0004924322998285e-6, 365.26373481857473, 3624.3472451746334, 0.01125225326139409, 0.000342235506540017, 3.584204161423059e-6, 735.383772418259, 110.02888638337448, 0.08553085313929137, 0.0038607895291700037, 0.0009187260683714056, 4213.872137384495, 4796.052785974488, 0.0225122770444387, -0.03963722950490753] in 2 iterations
New 4-planet chi-square: 0.6105904254189031
Maximum: 10.85323534713737 Param: [2.2961109360126833e-6, 224.70079576328604, 3503.765251689746, -0.00205037003161102, -0.0013758153577051375, 3.0004924322998285e-6, 365.26373481857473, 3624.3472451746334, 0.01125225326139409, 0.000342235506540017, 3.584204161423059e-6, 735.383772418259, 110.02888638337448, 0.08553085313929137, 0.0038607895291700037, 0.0009187260683714056, 4213.872137384495, 4796.052785974488, 0.0225122770444387, -0.03963722950490753]
FITS/fromEMB/p3_fit110s19yrs.jld2 loaded.
Previous model params: [2.383861311707672e-6, 224.7007882768015, 3503.765308581774, 0.01668872829414565, -0.0020380986479231174, 3.1277161908330626e-6, 365.2564422256124, 3624.4023401019163, 0.02571239122198243, 0.0005662356225809088, 0.0006960097591014382, 4307.797908663084, 411.2921045243547, 0.004671240368267405, -0.06688802122469811]
Finished 4-planet fit w/ fixed period: [2.5955106676705738e-6, 224.70076373233115, 3503.7655830967205, -0.0048512108798615255, 0.00025994673764839603, 2.990905623394023e-6, 365.2564577224907, 3624.4021661487923, 0.008994989237960101, 0.0028826074365145868, 4.0365247809346853e-7, 676.3741434905032, 457.5241208897325, 0.09245788242065923, -0.12726271608494333, 0.0011725445840818113, 4254.448294807507, 438.6728234291997, 0.025449585788810337, -0.034251512133690674] in 2 iterations
New 4-planet chi-square: 0.7559144287035859
Maximum: 6.855763919486353 Param: [2.6061998949403726e-6, 224.7007638875401, 3503.7656066697755, -0.003899294019254255, 0.0006815182053856707, 2.9973919704175624e-6, 365.2564567255482, 3624.402176765004, 0.009824731289517302, 0.0031937815646258245, 3.860129515527357e-7, 676.9805614348631, 451.6919848155384, 0.08815490702694992, -0.13730447253668926, 0.0011604946029611894, 4268.984637989313, 414.00064648345233, 0.025044819192209248, -0.03506525117445822]
FITS/fromEMB/p3_fit110s21yrs.jld2 loaded.
Previous model params: [2.461837742588866e-6, 224.70079086032962, 3503.7652773113514, 0.016111315174502826, -0.00015049228694737212, 3.147064806788952e-6, 365.256460387091, 3624.4021841040776, 0.024850706729918747, 0.002146756710373161, 0.0006523815134074757, 4193.485586471797, 556.5350943307784, 0.0049297799970539945, -0.07198193980912579]
Finished 4-planet fit w/ fixed period: [2.6337121860977936e-6, 224.70076833254268, 3503.7655465441158, 0.0005860658666820696, 0.004253444076733066, 3.0530850918832566e-6, 365.25645614345297, 3624.402192019091, 0.013458254600157883, 0.0061404875067432385, 3.1906140477812106e-7, 680.4996581935683, 428.40009894226074, 0.027941698810246204, -0.18081050171950488, 0.001118362517916957, 4329.054074789348, 307.9521412084951, 0.024740831778542333, -0.040163576935994816] in 2 iterations
New 4-planet chi-square: 0.8727263221802745
Maximum: 3.743664746074245 Param: [2.6181335857633013e-6, 224.7007692382328, 3503.7655431115254, 0.0009950921443742182, 0.004219832585159775, 3.0562267558209395e-6, 365.25645618773507, 3624.402193316482, 0.013788825168291056, 0.006101672844564285, 3.103732505344427e-7, 680.9188583735448, 425.1540253390189, 0.023095625455714648, -0.18163044010744486, 0.0011062486971006125, 4332.678359276482, 305.96595981011444, 0.024307679134733997, -0.040127536734226206]
FITS/fromEMB/p3_fit110s23yrs.jld2 loaded.
Previous model params: [2.381975829250439e-6, 224.70078337433227, 3503.7653652299014, 0.0038655779468991782, -0.0012076359540005043, 3.0410342725264327e-6, 365.2564659235733, 3624.402145338255, 0.016106629994053673, 0.0019098894732842988, 0.0008790482497883337, 4216.2854137930535, 4761.399170521281, 0.035458011170286505, -0.05403311515907512]
Finished 4-planet fit w/ fixed period: [2.4987753767650327e-6, 224.70076890050342, 3503.765557292562, -0.0023983003208853187, 0.0032897812496911105, 3.0135444272780084e-6, 365.2564588767287, 3624.4021811915422, 0.011476415931405998, 0.005645634301977325, 2.8865579012507767e-7, 683.8549802398319, 404.85460847250664, -0.015721321504894487, -0.1915533786829857, 0.0012342591573548725, 4380.567920915547, 4636.60713844047, 0.03375501201396014, -0.03435348986350686] in 2 iterations
New 4-planet chi-square: 1.0739640683750016
Maximum: -2.1406961891344323 Param: [2.490069358094713e-6, 224.7007692031125, 3503.7655587543813, -0.0021619002779682483, 0.00322370567441683, 3.0152277821270547e-6, 365.256458576243, 3624.4021850367294, 0.011644549963982958, 0.0055787508118124345, 2.8381593943198193e-7, 684.1161165607426, 402.75438086600656, -0.020819845884022695, -0.19204502025139913, 0.001222991444328535, 4381.00071597532, 4638.023630787735, 0.03359043647549447, -0.03421602664319308]
FITS/fromEMB/p3_fit110s25yrs.jld2 loaded.
Previous model params: [2.382292433816409e-6, 224.70077966524914, 3503.765415344842, 0.0025886631397847833, -0.004841314788896272, 3.0739126851443057e-6, 365.256468440435, 3624.4021331878353, 0.015476882190444012, -0.0012729443579764493, 0.0009311446270638608, 4233.105221803303, 562.8920421828224, 0.03709447828745892, -0.04688606232997048]
Finished 4-planet fit w/ fixed period: [2.3577198817974285e-6, 224.70077056130708, 3503.7655652505796, -0.0006589845777683278, -0.001224915638529789, 3.047488481632088e-6, 365.2564589235467, 3624.402192645013, 0.012626401307256833, 0.0019285938017856762, 2.3524695717571743e-7, 686.7723496169231, 384.16977231622315, -0.060836918925238036, -0.1883285798357177, 0.001126562372427225, 4373.6017964728035, 319.33222196339807, 0.03209779372213379, -0.031786322853276816] in 3 iterations
New 4-planet chi-square: 1.2552241512549616
Maximum: -7.387710304427357 Param: [2.3629829187186077e-6, 224.70077033086568, 3503.7655659132624, -0.0008399473013528349, -0.0011838841099465075, 3.046621140347074e-6, 365.2564593022483, 3624.4021880169134, 0.012496762844814104, 0.001972424958575038, 2.3633925318128607e-7, 686.5105587697645, 385.41183471975285, -0.054800229556017196, -0.19096865789089967, 0.0011353253399666043, 4375.1609525425265, 316.26787643091336, 0.03211006871417529, -0.03184304896545142]
FITS/fromEMB/p3_fit110s27yrs.jld2 loaded.
Previous model params: [2.4339995648631884e-6, 224.70077711846102, 3503.765455958228, 0.006414095019339701, -0.002248218718246604, 3.089809328700541e-6, 365.25645383687765, 3624.4022871301117, 0.01846959803550968, 0.0006606492905053562, 0.0009017698085652719, 4270.758324938647, 4797.198245959588, 0.032155999793852884, -0.03670732591361668]
Finished 4-planet fit w/ fixed period: [2.3518939860234474e-6, 224.7007713220654, 3503.765550583999, -0.00037844031928669443, -0.0018497633715388296, 3.028839111262704e-6, 365.256461256697, 3624.4021676774673, 0.01266001596758253, 0.0014840251895713728, 2.3104921875600239e-7, 686.7898665060217, 388.7197360363228, -0.06471491304723045, -0.17566033089247765, 0.0011052917192698839, 4355.186531808855, 4700.216737005746, 0.03289889282720013, -0.03496673366359329] in 2 iterations
New 4-planet chi-square: 1.300762135201638
Maximum: -9.203262268651816 Param: [2.357928802069319e-6, 224.70077105166874, 3503.7655520058593, -0.0005508871084996582, -0.0017883759711311616, 3.0277914787524666e-6, 365.2564615747355, 3624.4021638056606, 0.012535703873888231, 0.0015470828088302432, 2.3295740244069958e-7, 686.5112643093707, 390.180372981145, -0.059396432333687285, -0.17815372524368464, 0.001113725475684902, 4357.295628616383, 4698.324700544005, 0.03285095809451844, -0.03497470660232681]
FITS/fromEMB/p3_fit110s29yrs.jld2 loaded.
Previous model params: [2.42173620343051e-6, 224.70077517024123, 3503.765481748236, 0.004110658804920113, -0.0017453852609248671, 3.0710272506647983e-6, 365.2564514904623, 3624.402294371332, 0.016596601599634407, 0.0010203183585447914, 0.0008644546480529545, 4243.572340953258, 570.2823383053922, 0.02639597807007535, -0.037418633484074953]
Finished 4-planet fit w/ fixed period: [2.3231222922965397e-6, 224.7007724725501, 3503.7655389743413, -0.0004950054899653883, -0.001785486890068519, 3.0329233132658895e-6, 365.256458437296, 3624.4021904458314, 0.012500731991435029, 0.0015498171617654927, 2.2414122407177446e-7, 687.9013208582992, 382.45011523788463, -0.08212175275966176, -0.1689240491595742, 0.0010685112980842243, 4340.431691104955, 366.83954311436503, 0.03190065150510594, -0.03536944890277075] in 2 iterations
New 4-planet chi-square: 1.3569909340810529
Maximum: -11.600248599101855 Param: [2.322224889196983e-6, 224.70077251014428, 3503.7655397480025, -0.00035408762085001127, -0.0018072848643588214, 3.0338924746994886e-6, 365.2564583453141, 3624.402192692973, 0.012606416927780686, 0.0015199285478303501, 2.2510453792736668e-7, 688.0390676945566, 382.046696570164, -0.08514369037320417, -0.1662523233302864, 0.0010648716815103252, 4340.271381910543, 367.54867318628015, 0.03189478055438182, -0.03526592595336112]
FITS/fromEMB/p3_fit120s15yrs.jld2 loaded.
Previous model params: [2.5877122358714917e-6, 224.70080485651658, 3503.7651610167927, 0.022748094162806123, 0.0019606578975840177, 3.1387471139966366e-6, 365.2564205511527, 3624.402477203401, 0.03113063190398157, 0.003646920310625977, 0.0006921500486157939, 4334.134413775882, 316.71288246264857, 0.004767939831880913, -0.07797649817619198]
Finished 4-planet fit w/ fixed period: [2.5432812551068152e-6, 224.70079612428987, 3503.7653114858563, 0.01572400793155185, 0.011522809289106265, 3.0553884629370093e-6, 365.25629003948575, 3624.4036484534254, 0.024857990022322224, 0.011910386702689018, 8.892683358961567e-6, 1252.0099380731099, 690.5586663963066, 0.22089988728808216, 0.11570227247894327, 0.0015445239235726156, 4814.938614161243, -549.4924177842931, 0.039320476462747576, -0.046197645445078504] in 2 iterations
New 4-planet chi-square: 0.23447353608129998
Maximum: 28.283044724920032 Param: [2.5441481955632404e-6, 224.70079621501034, 3503.765310349949, 0.015802649417232795, 0.011636549753477126, 3.055866316004996e-6, 365.25629055616696, 3624.4036419606027, 0.02493119357985764, 0.011993606730453151, 8.90444791443173e-6, 1252.4471799646026, 688.8761008478618, 0.2207707625459899, 0.11565593684990481, 0.0015375480252066951, 4811.544318108356, -546.7633985075028, 0.039500603844021105, -0.04642157077640081]
FITS/fromEMB/p3_fit120s17yrs.jld2 loaded.
Previous model params: [2.689991123034167e-6, 224.70079336438215, 3503.7652631913566, 0.032180440876693014, 0.0040609857941669, 3.267981536842605e-6, 365.2564208670764, 3624.40251704407, 0.0386296351071991, 0.004717058103114993, 0.0006058825118744326, 4395.743852019025, 4620.43098954077, -0.01824799497343866, -0.0842359999848776]
Finished 4-planet fit w/ fixed period: [2.296113949276874e-6, 224.70079576331327, 3503.765251689141, -0.0020503325502573724, -0.0013755670162663403, 3.000492509555643e-6, 365.26373479951565, 3624.3472450069617, 0.011252277955519524, 0.0003424388501413439, 3.584197942615171e-6, 735.383772418259, 110.02937389940203, 0.08553090838979606, 0.0038608858960299643, 0.0009187250949776236, 4213.874501253472, 4796.049021681851, 0.022512184140066182, -0.03963754984834053] in 3 iterations
New 4-planet chi-square: 0.513065565304022
Maximum: 14.681735956093464 Param: [2.2961139407405987e-6, 224.70079576331327, 3503.7652516891417, -0.002050332689469249, -0.0013755668722359345, 3.000492509735448e-6, 365.26373479950587, 3624.347245006804, 0.01125227799509855, 0.0003424388346117969, 3.584197938552065e-6, 735.383772321452, 110.02937395288959, 0.08553090828450446, 0.0038608859460663256, 0.0009187250780665666, 4213.874514928783, 4796.0490137664765, 0.02251218623121623, -0.03963755001596311]
FITS/fromEMB/p3_fit120s19yrs.jld2 loaded.
Previous model params: [2.3838727089725563e-6, 224.70078827686106, 3503.7653085806746, 0.016689760353424593, -0.0020378069968785754, 3.12772185040869e-6, 365.25644222611373, 3624.4023400975975, 0.02571316473192092, 0.0005664166888166609, 0.0006959939948722165, 4307.793536677283, 4719.0902562203255, 0.004668827475990866, -0.06688935406925203]
Finished 4-planet fit w/ fixed period: [2.5955158047412243e-6, 224.7007637322336, 3503.7655831086668, -0.004851140439659279, 0.0002597204246404816, 2.9909058970842177e-6, 365.2564577230517, 3624.4021661436777, 0.008995055568737097, 0.002882428388639438, 4.0365459558597134e-7, 676.3741434905032, 457.52441948913923, 0.09245322678984029, -0.12726624856814325, 0.0011725422293389993, 4254.444790167249, 4693.124660662457, 0.0254496221707826, -0.034251560978620976] in 2 iterations
New 4-planet chi-square: 0.6351780964995031
Maximum: 11.119321385872484 Param: [2.6061807990629943e-6, 224.7007638883829, 3503.7656066369564, -0.0038998598224831895, 0.0006810567745869456, 2.997387871295755e-6, 365.25645672669935, 3624.402176753111, 0.009824234492294855, 0.0031934199031561617, 3.8602682592139545e-7, 676.9802401943989, 451.6961333724446, 0.08815804740200424, -0.1372909981810634, 0.0011604959961062451, 4268.973526123092, 4682.997264596392, 0.02504426240475172, -0.03506479928195356]
FITS/fromEMB/p3_fit120s21yrs.jld2 loaded.
Previous model params: [2.461833348810441e-6, 224.70079086033834, 3503.765277311023, 0.0161107060122686, -0.00015018876627648982, 3.147060629150068e-6, 365.25646038718327, 3624.4021841029003, 0.02485023354829995, 0.002147014204156313, 0.0006523864091209591, 4193.484874376836, 556.5341421479652, 0.004930790332299779, -0.07198175133206415]
Finished 4-planet fit w/ fixed period: [2.633708215496938e-6, 224.7007683328231, 3503.765546539083, 0.0005863608574941993, 0.0042534159876684765, 3.053087279059537e-6, 365.25645614342966, 3624.402192018919, 0.01345847778470709, 0.0061404450765992, 3.190515945134358e-7, 680.4996581935683, 428.3984715224782, 0.027948835610512496, -0.18081305615720406, 0.0011183517735013793, 4329.052625226181, 307.9554758444086, 0.02474023111077324, -0.040163674915267435] in 3 iterations
New 4-planet chi-square: 0.7333325332860394
Maximum: 8.52929053014547 Param: [2.618114496226117e-6, 224.70076923958334, 3503.7655431062703, 0.000995741992882299, 0.004219655738643923, 3.056231382058213e-6, 365.25645618794505, 3624.402193317365, 0.01378933576605656, 0.006101516658743544, 3.103694853053216e-7, 680.9193953828571, 425.15214332165294, 0.023081465564884465, -0.18162639112252474, 0.0011062273616312904, 4332.681362092626, 305.96661945918424, 0.02430687401284488, -0.04012799301239419]
FITS/fromEMB/p3_fit120s23yrs.jld2 loaded.
Previous model params: [2.381973952505548e-6, 224.70078337433168, 3503.7653652299286, 0.003865312914767652, -0.001207524419535883, 3.041032555619965e-6, 365.25646592355395, 3624.4021453382006, 0.01610641878241865, 0.001909996125175626, 0.0008790551275205842, 4216.285048329175, 4761.3980601143585, 0.035458971329231204, -0.05403287618845327]
Finished 4-planet fit w/ fixed period: [2.4987744880491647e-6, 224.70076890046383, 3503.7655572930216, -0.00239831295545516, 0.0032897805783038327, 3.013544384978005e-6, 365.2564588767553, 3624.4021811910507, 0.011476406490224791, 0.0056456369546669235, 2.8865264936223783e-7, 683.8549802398319, 404.8543026301795, -0.01572221506220159, -0.19155557731298728, 0.001234258981961507, 4380.56692774778, 4636.607680170023, 0.033755215091811994, -0.03435345254758162] in 2 iterations
New 4-planet chi-square: 0.9024281415099348
Maximum: 3.0799864062212614 Param: [2.490080876366076e-6, 224.70076920277657, 3503.765558750174, -0.0021622395529564647, 0.003223827713175885, 3.0152248230734004e-6, 365.2564585767981, 3624.4021850297613, 0.011644284000186068, 0.005578875820743383, 2.838269000327656e-7, 684.1157381961187, 402.75935170857736, -0.02081747113160999, -0.19204081777983026, 0.0012230055470463092, 4380.998839412849, 4638.021872849654, 0.03359076487695348, -0.03421659825901688]
FITS/fromEMB/p3_fit120s25yrs.jld2 loaded.
Previous model params: [2.3822922535850806e-6, 224.70077966525778, 3503.765415344612, 0.0025883774975070913, -0.0048408901436530795, 3.0739104803845824e-6, 365.25646844040017, 3624.402133188653, 0.015476650006772098, -0.0012725817085913898, 0.0009311523864765719, 4233.106208175113, 562.8858616541281, 0.03709548067189033, -0.04688609381190924]
Finished 4-planet fit w/ fixed period: [2.357721034786661e-6, 224.7007705612833, 3503.7655652509566, -0.0006589258661602424, -0.0012246872484001146, 3.0474892025842237e-6, 365.2564589233983, 3624.4021926472947, 0.012626455798278561, 0.0019287624177753717, 2.3524333951656844e-7, 686.7723496169231, 384.16851162920784, -0.06083594887863513, -0.188332348508859, 0.001126562105599201, 4373.603429417374, 319.32904243553, 0.03209764781114241, -0.03178606563916738] in 3 iterations
New 4-planet chi-square: 1.0547369599509318
Maximum: -1.7319707853546296 Param: [2.3629750691816447e-6, 224.7007703314235, 3503.7655659092375, -0.0008395681329855122, -0.0011842840620603012, 3.0466226252613905e-6, 365.2564593018861, 3624.4021880209166, 0.012497030384903091, 0.0019720970179802656, 2.363413612142179e-7, 686.510985814672, 385.4114600400362, -0.05481008155272312, -0.1909581932673855, 0.0011353034652885961, 4375.154443571854, 316.2800708568771, 0.03210982944582487, -0.03184362834984697]
FITS/fromEMB/p3_fit120s27yrs.jld2 loaded.
Previous model params: [2.4340009137566674e-6, 224.7007771184576, 3503.765455958148, 0.006414293502795285, -0.002248439693370577, 3.0898105958321964e-6, 365.25645383702204, 3624.402287127289, 0.01846975043977968, 0.000660465998462777, 0.0009017643791670699, 4270.756043876189, 526.445603908952, 0.03215545285275933, -0.03670743445981718]
Finished 4-planet fit w/ fixed period: [2.351894770754491e-6, 224.70077132197642, 3503.76555058573, -0.00037841851730948246, -0.0018495691089345633, 3.028838944330298e-6, 365.25646125664673, 3624.402167679043, 0.012660020482075476, 0.0014841762044805822, 2.3105391609822087e-7, 686.7898665060217, 388.72152745899535, -0.06471968677658169, -0.17565638776941575, 0.001105290811551768, 4355.18696242251, 345.0278337615977, 0.032898928509681485, -0.03496683546975953] in 2 iterations
New 4-planet chi-square: 1.0930015370547221
Maximum: -3.1124665412710684 Param: [2.357884064850108e-6, 224.70077105371575, 3503.7655519880213, -0.0005495829711880463, -0.001789838581037351, 3.0278002401056895e-6, 365.2564615731789, 3624.4021638192726, 0.012536672931945965, 0.0015458014194563955, 2.3293762976839692e-7, 686.5128978189296, 390.17320807099037, -0.05943066236019274, -0.1781416140666228, 0.0011136567598942766, 4357.269265117813, 341.09176670808364, 0.032850446387139395, -0.03497423603690018]
FITS/fromEMB/p3_fit120s29yrs.jld2 loaded.
Previous model params: [2.4217348004309306e-6, 224.7007751702394, 3503.7654817483217, 0.004110468319478154, -0.0017454914555547398, 3.0710259993334403e-6, 365.2564514905112, 3624.4022943704977, 0.01659645413425523, 0.0010202426137845384, 0.0008644580308998575, 4243.5720708333865, 570.2833205085097, 0.026396378534357726, -0.03741850612952027]
Finished 4-planet fit w/ fixed period: [2.3231230477537468e-6, 224.70077247245635, 3503.7655389764714, -0.0004950051092333042, -0.001785194186803453, 3.032922652778828e-6, 365.25645843705, 3624.402190449738, 0.012500702020173766, 0.0015500645022289193, 2.2415532398371007e-7, 687.9013208582992, 382.4549242286454, -0.08212938498726212, -0.168910987052851, 0.0010685118738318097, 4340.431445760457, 366.83594291519927, 0.031901054463790275, -0.03536986548702645] in 2 iterations
New 4-planet chi-square: 1.140249327354648
Maximum: -4.9873839745651445 Param: [2.322228524426296e-6, 224.7007725101286, 3503.76553974659, -0.0003542457538006433, -0.0018068574612804332, 3.033890944465831e-6, 365.2564583453053, 3624.402192692624, 0.012606275145043493, 0.001520282316347796, 2.2510360743641634e-7, 688.0389222089173, 382.04751113745766, -0.08514225951786404, -0.1662552744320108, 0.001064877252862466, 4340.273604565469, 367.5383596492357, 0.03189505838196355, -0.0352665471160038]
