args = ["Hppp", "grid", "fromEMB", "200"]
FITS/fromEMB/p2_fit30s21yrs.jld2 loaded.
Previous model params: [2.65783797794001e-6, 224.70077431169864, 3503.765492833154, -0.0015790838524589166, 0.004472741978175512, 2.924484421145158e-6, 365.2563652248188, 3624.4031910925214, 0.008725993716828136, 0.0034210788793497117]
Finished 3-planet fit w/ fixed period: [2.4842786381117943e-6, 224.7007864359604, 3503.7652720660526, 0.0006180498444871213, 0.007484354218120251, 2.9881238046708808e-6, 365.25645328887464, 3624.40234480556, 0.013399998070830641, 0.007786372179570434, 0.0010279316108754092, 4151.929657539745, 634.4968142888491, 0.05692727322244057, -0.042034837189628776] in 2 iterations
New 3-planet chi-square: 72.67877983803132
Maximum: -117.86636001931141 Param: [2.484726968099237e-6, 224.70078643105836, 3503.7652721611535, 0.0006269464831732932, 0.007475631441229793, 2.988173777954146e-6, 365.2564532653536, 3624.4023453398936, 0.013406421494609211, 0.007778255246995111, 0.001028289159787262, 4152.679977955214, 633.2985075510817, 0.05691195836625234, -0.04200907021877032]
FITS/fromEMB/p2_fit30s20yrs.jld2 loaded.
Previous model params: [2.685334186566778e-6, 224.70077850025868, 3503.765382124044, 0.03924204611689867, 0.006904234153789058, 3.2316033699497246e-6, 365.25635750245823, 3624.403151632619, 0.04195077179813308, 0.007243295237571707]
Finished 3-planet fit w/ fixed period: [2.3645887493217424e-6, 224.700792727443, 3503.765138131962, 0.013324313961055415, -0.009042743661257083, 3.083427399288403e-6, 365.2564637822586, 3624.402138841376, 0.022855719262580898, -0.0034999888348863084, 0.0008397228875327122, 4145.5637700670295, 694.9398449189216, 0.02492861236961158, -0.06090860889543928] in 2 iterations
New 3-planet chi-square: 58.27156288418504
Maximum: -105.69296925761626 Param: [2.3648196978881416e-6, 224.70079273190282, 3503.765138063317, 0.013337465527787123, -0.009037557687617118, 3.083488992407546e-6, 365.25646379918106, 3624.402138653378, 0.02286576055055706, -0.003495868159104126, 0.0008394439483091365, 4145.354350753345, 695.1921565466282, 0.024909487882685547, -0.060934319301024775]
FITS/fromEMB/p2_fit30s19yrs.jld2 loaded.
Previous model params: [2.5738451998794497e-6, 224.7007878996882, 3503.7653484894013, 0.03424878520287327, -0.008941514288601094, 3.3323604417914274e-6, 365.2563736998937, 3624.4029949031274, 0.038026102801322535, -0.00560241385153107]
Finished 3-planet fit w/ fixed period: [2.2913221001322753e-6, 224.70079332668251, 3503.7652164087376, 0.01798921165425443, -0.013643801076742165, 3.2126522482380766e-6, 365.25642576714534, 3624.4024701969256, 0.02802614776067426, -0.0076556372450173535, 0.0008037389221003564, 4329.767353555762, 4796.221293078109, 0.013965790984712559, -0.04251335749978797] in 2 iterations
New 3-planet chi-square: 58.20079978990719
Maximum: -99.5655278700711 Param: [2.291254689174496e-6, 224.70079333651202, 3503.765216276092, 0.01798028440249694, -0.013645877633953508, 3.2125836275342427e-6, 365.2564258404634, 3624.4024695220714, 0.028018334474141326, -0.007656761977193086, 0.0008036037636498125, 4329.266805311853, 4796.463314485246, 0.01397791355450022, -0.04251834003268952]
FITS/fromEMB/p2_fit30s18yrs.jld2 loaded.
Previous model params: [2.1973452667452338e-6, 224.70078963204472, 3503.765390229177, 0.006281780084111094, 0.01122156547772054, 3.104027089939881e-6, 365.2564139642745, 3624.402749878693, 0.015858852298317124, 0.00577052589069711]
Finished 3-planet fit w/ fixed period: [2.7216761833157754e-6, 224.70079029843976, 3503.765287807836, 0.03452279498590369, 0.01723882428600691, 3.3670113257470327e-6, 365.256399931834, 3624.4026718221357, 0.041850709959215054, 0.012841564047052856, 0.000682875628713622, 4512.913475946428, 4512.949274350973, -0.015707718136223507, -0.08749775209628763] in 2 iterations
New 3-planet chi-square: 70.6578690240772
Maximum: -100.05946285781931 Param: [2.721150170443136e-6, 224.7007903106671, 3503.7652876003, 0.03448655111888847, 0.017230484507267444, 3.3668038943580155e-6, 365.25640003224566, 3624.4026708562997, 0.04182074960843073, 0.012836658938388657, 0.000682927286408134, 4512.21642015559, 4513.317580230607, -0.015640232037260733, -0.0874908304413462]
FITS/fromEMB/p2_fit30s17yrs.jld2 loaded.
Previous model params: [2.7617128931176646e-6, 224.7007863118677, 3503.7655270132987, 0.05635171700412937, 0.0002417909967756841, 3.4411322385950066e-6, 365.2564447918112, 3624.4025055571287, 0.0559788092258183, 3.069216699598404e-5]
Finished 3-planet fit w/ fixed period: [3.6628308305864087e-6, 224.7007900056207, 3503.7653565810842, 0.0906125068475131, 0.010925484451727885, 3.722160190977711e-6, 365.2564474642408, 3624.4021570344316, 0.08523485170595221, 0.009819934732668584, 0.0003071049298506275, 4224.8545100725505, 399.43412720672006, -0.1441980462890789, -0.18184239024796636] in 2 iterations
New 3-planet chi-square: 29.53892884606666
Maximum: -74.48559833683318 Param: [3.6625800699763295e-6, 224.70079001430082, 3503.7653563702133, 0.09059382034030446, 0.010917402365611782, 3.721859573982226e-6, 365.25644760400155, 3624.402155616472, 0.08521684094870918, 0.009813784821343244, 0.000306911122382825, 4223.624797521171, 401.1620445799927, -0.14423698291345716, -0.18195598015843387]
FITS/fromEMB/p2_fit30s16yrs.jld2 loaded.
Previous model params: [1.942251019419795e-6, 224.7007985624177, 3503.765409317209, -0.05683861433378056, -0.01497390950765546, 2.756705387196122e-6, 365.2564563373254, 3624.402573918384, -0.033536778476794975, -0.014244714354593782]
Finished 3-planet fit w/ fixed period: [2.2039672998944317e-6, 224.70080086298157, 3503.7652934243124, -0.008920822759912838, -0.022459542006117023, 3.1047765378107874e-6, 365.25644739524796, 3624.4022781777417, 0.009617181851466396, -0.018635421405104123, 0.0010688642509228794, 4170.510085622207, 831.1955653058932, 0.037648403029614017, -0.03098101614249922] in 2 iterations
New 3-planet chi-square: 47.76743331820914
Maximum: -81.19322601526153 Param: [2.2041516716226566e-6, 224.7008008636636, 3503.765293386005, -0.008920387575107542, -0.022456704743316326, 3.1047413582396963e-6, 365.25644742652077, 3624.4022777943687, 0.00961608107527096, -0.018634649203458573, 0.001068502416984937, 4170.021212273743, 831.8232339144756, 0.03763610343530626, -0.030992956658556458]
FITS/fromEMB/p2_fit30s15yrs.jld2 loaded.
Previous model params: [2.084806323584836e-6, 224.70078798121355, 3503.76530161073, -0.00047758915444662487, 0.014062460598221879, 3.2177648827324178e-6, 365.25637257726373, 3624.4028741127586, 0.012421873719102297, 0.013277240239921806]
Finished 3-planet fit w/ fixed period: [3.1200304733195085e-6, 224.700789892396, 3503.7652256716965, 0.06363002162718023, 0.014587611652794841, 3.672006263071088e-6, 365.2563412467965, 3624.40299790529, 0.0658545865055482, 0.014335455378981265, 0.0005175947201169432, 4675.200000000002, -232.4330777373674, -0.049260243443525746, -0.0981596011608516] in 2 iterations
New 3-planet chi-square: 37.177898980779815
Maximum: -70.50643219042591 Param: [3.12303442950651e-6, 224.700789816103, 3503.7652268288125, 0.0638083523847511, 0.014669323210006267, 3.67373933910073e-6, 365.2563408494756, 3624.403002052959, 0.06600527152380564, 0.014395297312452253, 0.0005176799681626907, 4679.58009527325, -238.94135537308514, -0.04956824235416991, -0.09810652444207943]
FITS/fromEMB/p2_fit10s21yrs.jld2 loaded.
Previous model params: [2.4729755423344445e-6, 224.70077406713384, 3503.7655618055305, 0.010997542354355553, -0.00269631707848531, 3.1996613594362103e-6, 365.25637788653376, 3624.403010138905, 0.018874178699397712, -0.000899955402192146]
Finished 3-planet fit w/ fixed period: [2.313955561388917e-6, 224.70078814010986, 3503.7653189602865, 0.00853658362021631, 0.0028356317701561154, 3.216505765333335e-6, 365.25646154862534, 3624.4022046080163, 0.01866281092475421, 0.004651540064246957, 0.0007201885669059929, 4171.086032394902, 586.7408658121158, 0.0208034723010994, -0.06467213390907464] in 2 iterations
New 3-planet chi-square: 244.74073817780356
Maximum: -151.25548456492197 Param: [2.313575165946192e-6, 224.70078814758006, 3503.7653188062905, 0.008535890942953001, 0.0028527504436874113, 3.216486609667431e-6, 365.2564615697364, 3624.40220407176, 0.018662405710729094, 0.004666486588801719, 0.0007196716734149617, 4170.211989167516, 588.0472081991803, 0.020789255619485424, -0.06474331875126785]
FITS/fromEMB/p2_fit10s20yrs.jld2 loaded.
Previous model params: [2.39183659733189e-6, 224.70078103232186, 3503.765460396046, 0.00465543470443876, -0.002787128158977983, 2.984278561250147e-6, 365.2563692786024, 3624.4030151187576, 0.014472139271862992, -0.00046978794843889897]
Finished 3-planet fit w/ fixed period: [2.3224626083207283e-6, 224.70079192127002, 3503.7652584018056, 0.007210738915132717, -0.00020759253234845234, 3.0282284146621926e-6, 365.256452330208, 3624.402235694801, 0.018120975307979393, 0.0027301939160264263, 0.0008075162818928182, 4272.570215374959, 462.64050978830466, 0.028737052910229145, -0.05897561102609241] in 2 iterations
New 3-planet chi-square: 179.89662938873255
Maximum: -135.00194252360166 Param: [2.3224271050570218e-6, 224.70079191746734, 3503.7652584553807, 0.007210051235346087, -0.00020558475993649248, 3.0282394040240408e-6, 365.2564523065609, 3624.4022359469573, 0.018120416354259216, 0.002731251866062148, 0.0008076303673394652, 4272.816519058954, 462.2651513450233, 0.028739191664459606, -0.05896685980888226]
FITS/fromEMB/p2_fit10s19yrs.jld2 loaded.
Previous model params: [2.514734795297062e-6, 224.70078134676257, 3503.7655031053064, 0.024542876014242692, 0.017355610857828798, 3.2352891721960948e-6, 365.25638688795885, 3624.4028789922004, 0.029490698129325737, 0.01490986478046876]
Finished 3-planet fit w/ fixed period: [2.335823793383149e-6, 224.70078701536647, 3503.7653533917883, 0.014572404285280777, -0.0003425447802787064, 3.1550156035092394e-6, 365.2564381763756, 3624.4023294080553, 0.024186328265133956, 0.002694237540993919, 0.0007658203410330336, 4345.296985087197, 4691.856016705737, 0.00990367829735263, -0.062445453254584185] in 2 iterations
New 3-planet chi-square: 221.97673742600344
Maximum: -132.36302845530503 Param: [2.3358237935298004e-6, 224.70078701536647, 3503.7653533917883, 0.014572404286376659, -0.0003425447797122474, 3.1550156035102563e-6, 365.2564381763756, 3624.4023294080553, 0.02418632826502777, 0.002694237541631691, 0.0007658203411679585, 4345.296969789255, 4691.856016651135, 0.009903678291207457, -0.062445453221899816]
FITS/fromEMB/p2_fit10s18yrs.jld2 loaded.
Previous model params: [2.296339432527535e-6, 224.70078658971784, 3503.765467318725, 0.019866908300026846, 0.008969356823396762, 3.052172460844321e-6, 365.2564243857765, 3624.402637866053, 0.024790843118104904, 0.00638256315248436]
Finished 3-planet fit w/ fixed period: [2.7336786562667907e-6, 224.7007902686453, 3503.765327954512, 0.034707401523720496, 0.010119321240928209, 3.2041135307414013e-6, 365.25644194646736, 3624.4022918176815, 0.03945695366054612, 0.009356353860048823, 0.0005120821682662869, 4298.874395915713, 314.479335893196, -0.028324705795644927, -0.10001487448054026] in 2 iterations
New 3-planet chi-square: 192.10978583149497
Maximum: -123.56457473071046 Param: [2.7334066634744343e-6, 224.70079028538956, 3503.7653277041345, 0.034677029055225274, 0.010115219485403318, 3.203879590865807e-6, 365.25644208586465, 3624.402290530429, 0.039430673133073454, 0.009354316277677775, 0.0005119428078382459, 4297.873447832831, 315.9970677374882, -0.028278038586639007, -0.100033130772126]
FITS/fromEMB/p2_fit10s17yrs.jld2 loaded.
Previous model params: [2.268378219933006e-6, 224.70079198599515, 3503.765331084513, 0.0031829717137152156, -0.008199635846463289, 2.9726857999516714e-6, 365.2564310636865, 3624.4026572844236, 0.012359206449195914, -0.006191577865039106]
Finished 3-planet fit w/ fixed period: [2.7685575713498475e-6, 224.70079294444065, 3503.7652255300654, 0.037159923154257195, 0.0001509806621010703, 3.2437205507458017e-6, 365.2564130897481, 3624.402561117477, 0.04239395045883348, 0.0016970392405291593, 0.000540244848248413, 4432.496339716326, 4626.334204499834, -0.0457634809944395, -0.08890679379570363] in 2 iterations
New 3-planet chi-square: 169.01931039660693
Maximum: -112.86028536414291 Param: [2.7688618622885987e-6, 224.70079294231263, 3503.765225581371, 0.03718291439847119, 0.00015484865064693473, 3.2438860020844105e-6, 365.25641305396704, 3624.40256148189, 0.04241285005141672, 0.0016994617058222964, 0.0005401651562644445, 4432.814114277898, 4626.151460471016, -0.045813931946497355, -0.08892137408026254]
FITS/fromEMB/p2_fit10s16yrs.jld2 loaded.
Previous model params: [2.1419164936614355e-6, 224.70079466179578, 3503.7653745130206, -0.007415127877656568, 0.002582303037353774, 2.9656459554049148e-6, 365.25644065469965, 3624.402573423626, 0.0036270208838072703, 0.0020523526395340875]
Finished 3-planet fit w/ fixed period: [2.7043739775777652e-6, 224.70079759957534, 3503.765240448544, 0.03116313015024223, 0.0038908973553376616, 3.262330326357868e-6, 365.25641584615056, 3624.4024801746205, 0.037720526768662256, 0.004266080822164751, 0.0006319346105700195, 4348.9046172199005, 243.18814638272121, -0.009322224254640176, -0.09240711969789848] in 2 iterations
New 3-planet chi-square: 118.27688329943555
Maximum: -100.233595233373 Param: [2.7043739775777652e-6, 224.70079759957534, 3503.765240448544, 0.03116313015024223, 0.0038908973553376616, 3.262330326357868e-6, 365.25641584615056, 3624.4024801746205, 0.037720526768662256, 0.004266080822164751, 0.0006319346105700195, 4348.9046172199005, 243.18814638272121, -0.009322224254640176, -0.09240711969789848]
FITS/fromEMB/p2_fit10s15yrs.jld2 loaded.
Previous model params: [2.1188232368236434e-6, 224.70080097969262, 3503.765296912164, -0.010640985458165806, 0.005105362337349861, 2.919521554364637e-6, 365.25643356761043, 3624.402622786183, 0.0007262241425919297, 0.004370090019624967]
Finished 3-planet fit w/ fixed period: [2.6579745353977708e-6, 224.70080737602098, 3503.765137108132, 0.026345714902175018, 0.002990788029337626, 3.1814710944725283e-6, 365.256427506969, 3624.402425972931, 0.03341791307483251, 0.004121670928402018, 0.000630666607075235, 4365.495884966472, 4634.497256904679, -0.008566930899586173, -0.0848888907015876] in 2 iterations
New 3-planet chi-square: 93.00403345470956
Maximum: -88.38653582252387 Param: [2.6579745353977708e-6, 224.70080737602098, 3503.765137108132, 0.026345714902175018, 0.002990788029337626, 3.1814710944725283e-6, 365.256427506969, 3624.402425972931, 0.03341791307483251, 0.004121670928402018, 0.000630666607075235, 4365.495884966472, 4634.497256904679, -0.008566930899586173, -0.0848888907015876]
