args = ["Hppmp", "grid", "fromEV", "100"]
FITS/p3_fit10s15yrs.jld2 loaded.
Previous model params: [3.4587526708316066e-6, 224.70079447661027, 3503.7686750391977, -0.10677418196132926, -0.02698524335792511, 2.4691247108055e-6, 365.25640750101087, 3624.407891069767, -0.0696964741426897, -0.01907885310369595, 0.00077399104716553, 4595.699620527225, 1157.8720611642339, 0.0031548074219682467, 0.09961814565034005]
Finished lunar search: [2.2879300464829986e-6, 224.70079648443019, 3503.7686357639395, -0.08753167564683068, -0.038780653618194494, 2.516938481227777e-6, 365.2564109561789, 3624.4078290951843, -0.057548808011078145, -0.02837453350517515, 0.0007101255278007864, 4462.217403748983, 1251.7422568599143, -0.006866350526073698, 0.09154728236083534, -0.000110705673022095, -0.0012256874081476327, 2.312121212121212] in 2 iterations
Lunar chi-square: 188.92235416533265
Maximum: -102.20605406945855 Param: [2.2879067101404806e-6, 224.7007964847861, 3503.7686357572916, -0.08753371368981731, -0.03878105180104105, 2.516929683885174e-6, 365.25641095738104, 3624.4078290821153, -0.057550439644714395, -0.028374800635080005, 0.0007101020219531512, 4462.202985175762, 1251.767973224738, -0.00686961990071433, 0.09155058004665063, -0.00011070568945953432, -0.0012256960858658993, 2.3141661056755214]
FITS/p3_fit10s17yrs.jld2 loaded.
Previous model params: [3.672756819560434e-6, 224.70078203334208, 3503.76878113042, -0.09107021834745647, -0.028511035945832482, 2.5785836295048947e-6, 365.25640362970177, 3624.407904983891, -0.05734950863321319, -0.021307503710951442, 0.0008518071529268891, 4554.934911904406, 1137.269797227013, 0.014371592511015592, 0.08798341191302048]
Finished lunar search: [2.453951701441634e-6, 224.70078260897586, 3503.7687691201004, -0.08175679003025438, -0.036337338451365796, 2.600584192000446e-6, 365.2564121811773, 3624.4078688627355, -0.05266406862959157, -0.027158723509154558, 0.000794484917673728, 4535.622108473198, 1154.3672586518644, 0.006724785744349781, 0.08492715500154749, -0.0001857612788840023, -0.0011394436116889583, 2.3036363636363637] in 2 iterations
Lunar chi-square: 253.94005064595012
Maximum: -121.81616079780933 Param: [2.453921588365655e-6, 224.70078260908832, 3503.7687691164047, -0.08175925165275974, -0.0363392303840458, 2.600573591418611e-6, 365.2564121813546, 3624.407868861323, -0.05266596817540207, -0.027160153882389623, 0.0007944480680559898, 4535.617815399019, 1154.3768665295634, 0.006719293707921412, 0.08493078488298363, -0.0001857692952270174, -0.0011394522661738057, 2.3021125539483784]
FITS/p3_fit10s19yrs.jld2 loaded.
Previous model params: [3.1790046073766746e-6, 224.70078885615993, 3503.768637563253, -0.13131737822839282, -0.041149205960415026, 2.3516005391930973e-6, 365.2564698092727, 3624.4073751477313, -0.08991825898104822, -0.03078556805139653, 0.0003609571862469554, 4216.754825946354, 1665.6411309699556, -0.09358847007482964, 0.1742484081326732]
Finished lunar search: [2.2149312173430295e-6, 224.70077951316537, 3503.7687855934932, -0.08427158062140244, -0.02820754107289291, 2.542559639570151e-6, 365.25642282316335, 3624.4077782030986, -0.0559217955717767, -0.020370782572075634, 0.0007568768439183248, 4470.3663598294015, 1293.7127996409217, 0.011713975682377118, 0.09587942227161951, -0.00013244306141792448, -0.0013038472891425475, 2.3] in 2 iterations
Lunar chi-square: 286.0775200934189
Maximum: -138.5784391725729 Param: [2.2149369345862816e-6, 224.70077951307644, 3503.7687855947643, -0.08427128746446463, -0.028208361358736268, 2.5425609217011595e-6, 365.2564228227627, 3624.4077782069717, -0.055921527621252534, -0.020371434482632657, 0.0007568761948628884, 4470.367274455724, 1293.7078984386262, 0.011713447280178943, 0.09587895480593721, -0.0001324514221369909, -0.0013038434284884189, 2.3001937701302007]
FITS/p3_fit10s21yrs.jld2 loaded.
Previous model params: [3.475981934628013e-6, 224.70079147711058, 3503.7686226989827, -0.10513613571347022, -0.046544312581168465, 2.5194720932663907e-6, 365.2564633356363, 3624.407412297685, -0.06911047380192908, -0.034572520275647445, 0.000459301398087078, 4246.460376475229, 1533.963131629005, -0.05647504240763077, 0.12944997429480218]
Finished lunar search: [2.308879848522581e-6, 224.70079117146778, 3503.7686380362943, -0.0749263649321351, -0.03697731358682155, 2.6342211266977564e-6, 365.2564590076185, 3624.4074604163247, -0.04930750322714239, -0.02727365485123929, 0.000648478525101989, 4213.998606845801, 1520.976725684464, -0.0013989308165341988, 0.0866871335485223, -0.0001044319357020536, -0.0013536371780612842, 2.3036363636363637] in 2 iterations
Lunar chi-square: 416.05326287297675
Maximum: -165.8473654149877 Param: [2.3088744090524414e-6, 224.70079117142282, 3503.768638037142, -0.07492624000120784, -0.03697800135951168, 2.634222106791281e-6, 365.256459007393, 3624.4074604193543, -0.049307421005195834, -0.027274207833322198, 0.0006484728885515178, 4214.000799126453, 1520.9707735594848, -0.001400520241821014, 0.08668727907211271, -0.0001044326262606076, -0.0013536416913264271, 2.3037117086977856]
FITS/p3_fit10s23yrs.jld2 loaded.
Previous model params: [3.5723488140690293e-6, 224.70078107895068, 3503.768729789949, -0.08915251673844575, -0.056183849484151706, 2.554270988400766e-6, 365.2564733653186, 3624.4073160373896, -0.055812287197141826, -0.04203500726664103, 0.00040716256988033994, 4201.383437037072, 1476.3894005561895, -0.1027720179369743, 0.11246335186764685]
Finished lunar search: [2.2897663096432675e-6, 224.70078310519946, 3503.768693118234, 0.0024545162921139787, -0.0032890844190891838, 3.0253887314003626e-6, 365.25646484131283, 3624.4074385338563, 0.01459483105688528, 0.00026678808074276025, 0.0008917715479359429, 4210.475645446256, 567.9165736893555, 0.03287027525206959, -0.05119085611090415, 0.00013788355303506213, -0.0017741201621233535, 2.3145454545454545] in 2 iterations
Lunar chi-square: 277.84683090579847
Maximum: -168.81209981661777 Param: [2.2897709764565777e-6, 224.70078310519742, 3503.768693118338, 0.002454485628793885, -0.003289224746124577, 3.025388800767294e-6, 365.25646484129555, 3624.4074385345975, 0.014594825948305712, 0.00026667741433121907, 0.0008917708389949386, 4210.476591267083, 567.9141705426397, 0.03287009746264795, -0.05119102914854939, 0.00013788177691050936, -0.0017741175502091627, 2.3153111713006354]
FITS/p3_fit10s25yrs.jld2 loaded.
Previous model params: [3.74491408633452e-6, 224.70077760883055, 3503.768779460677, -0.08364748713862276, -0.05794224453713038, 2.603269586133199e-6, 365.2564660337188, 3624.4074023871794, -0.05075553285658909, -0.044515792003578865, 0.00044067283695301565, 4227.069963138932, 1424.1322678755187, -0.07777680402248895, 0.1039864148098333]
Finished lunar search: [2.1861588868560675e-6, 224.7007792367882, 3503.7687463412167, 0.001477858401533385, -0.006835396238921774, 3.061285006156424e-6, 365.25646519871117, 3624.4074476096243, 0.014203281137318849, -0.0028767113908954077, 0.0009544136796979501, 4224.311971281556, 596.4983889129128, 0.036380989286115294, -0.04245968404574142, 0.00010390112866120157, -0.001854892908416941, 2.3145454545454545] in 2 iterations
Lunar chi-square: 308.6718322004029
Maximum: -186.29905712692778 Param: [2.186167136842513e-6, 224.7007792367979, 3503.7687463408374, 0.001477888825641757, -0.006835069838479267, 3.06128538297129e-6, 365.25646519860743, 3624.4074476107844, 0.014203319848401126, -0.002876459324901069, 0.0009544136159496981, 4224.311567134591, 596.4975794816598, 0.03638114687925676, -0.042459691769948515, 0.00010389927563242357, -0.0018548890953282622, 2.314383751933343]
FITS/p3_fit10s27yrs.jld2 loaded.
Previous model params: [3.576719695071381e-6, 224.70077393881286, 3503.7688440662905, -0.08937266204120492, -0.06141042063175096, 2.5598575046104662e-6, 365.25646034249024, 3624.407482570271, -0.055800898960795146, -0.04781365165915759, 0.00047648821239578955, 4281.262891269501, 1392.0308259057974, -0.04831133960691007, 0.10615037122778143]
Finished lunar search: [2.436396955166293e-6, 224.70077685792083, 3503.768782394373, 0.004648451097542603, -0.003789624342110579, 3.0772261844308912e-6, 365.25645110708086, 3624.40759313181, 0.01692139606191942, -0.0006667415003148654, 0.0009140317596938309, 4258.6896850218045, 550.087943578649, 0.031201489073531496, -0.03508288964386727, 8.28811228692188e-5, -0.0017062865859667322, 2.313030303030303] in 3 iterations
Lunar chi-square: 391.88974331055863
Maximum: -208.98431866068964 Param: [2.4363680130745766e-6, 224.70077685788584, 3503.7687823952906, 0.004648255328994273, -0.0037904431443209724, 3.077225477486761e-6, 365.25645110722473, 3624.407593128992, 0.016921238290299727, -0.000667393335004486, 0.0009140355433544023, 4258.686992619263, 550.1040803385816, 0.03120147530352973, -0.0350815308155822, 8.288364778611293e-5, -0.0017062982322355558, 2.3128072702779847]
FITS/p3_fit10s29yrs.jld2 loaded.
Previous model params: [3.6438668336707673e-6, 224.70077417374833, 3503.76882697546, -0.08444254387771521, -0.0648486229512119, 2.58393803458513e-6, 365.2564566755373, 3624.407483263598, -0.051554352615767254, -0.05009595332585264, 0.0004037170355304296, 4220.187072878101, 1462.2352132601923, -0.08647073553188647, 0.12030626823687425]
Finished lunar search: [2.3835797677202485e-6, 224.70077506548307, 3503.768808153961, 0.004645969696664247, -0.003443553493208415, 3.0719536333734698e-6, 365.25645028212784, 3624.407596290153, 0.01670854904055308, -0.00047660624557294953, 0.0008679329112472193, 4248.973676875123, 572.0546793309425, 0.02476126704834272, -0.03489014293758959, 8.899104705727656e-5, -0.001768713997518899, 2.313030303030303] in 2 iterations
Lunar chi-square: 413.1102344995295
Maximum: -228.9011498207688 Param: [2.3835700761254323e-6, 224.70077506548458, 3503.7688081540505, 0.004645976829440131, -0.003443849414611885, 3.071953698329549e-6, 365.25645028226336, 3624.4075962879606, 0.016708546247154735, -0.00047684202601992726, 0.000867932991003043, 4248.972115765585, 572.0609536383685, 0.024761210437001472, -0.03488972424307204, 8.899334568935395e-5, -0.0017687181965530688, 2.3131232339011194]
FITS/p3_fit30s15yrs.jld2 loaded.
Previous model params: [3.458771645583418e-6, 224.7007944762627, 3503.76867504526, -0.10677224419401578, -0.026985078653648426, 2.4691325261708066e-6, 365.25640750007744, 3624.4078910803973, -0.0696949599138654, -0.019078763205867284, 0.0007740115068308371, 4595.71217404644, 1157.8514469739941, 0.0031572872417905103, 0.09961553550268464]
Finished lunar search: [2.2879306407927148e-6, 224.7007964842726, 3503.768635766381, -0.0875317855532857, -0.038780863313678186, 2.5169388132329007e-6, 365.2564109555793, 3624.40782910191, -0.05754887376615923, -0.028374700818464344, 0.0007101249693600701, 4462.223731206765, 1251.735130555259, -0.006866682540460746, 0.09154760810915968, -0.00011070712649298705, -0.0012256856419274951, 2.312121212121212] in 2 iterations
Lunar chi-square: 20.99137268088475
Maximum: -59.36017480754506 Param: [2.2879229427399863e-6, 224.70079648445648, 3503.76863576326, -0.08753209819966835, -0.038781673461431056, 2.5169364032976914e-6, 365.2564109560268, 3624.407829096602, -0.05754912835697505, -0.02837532495528153, 0.0007101153940502963, 4462.218280917908, 1251.7391227540768, -0.006868738132985076, 0.09154805788867737, -0.00011071044546159245, -0.0012256906632410476, 2.3141662487526364]
FITS/p3_fit30s17yrs.jld2 loaded.
Previous model params: [3.672761294969855e-6, 224.70078203331744, 3503.7687811312853, -0.0910698922534254, -0.028510799658982955, 2.5785845719294745e-6, 365.2564036296387, 3624.4079049848083, -0.057349252645342144, -0.02130731963628036, 0.0008518139774320656, 4554.934770237803, 1137.2701303857732, 0.014372688505878115, 0.08798281984827643]
Finished lunar search: [2.4539087531617577e-6, 224.70078260911458, 3503.7687691157407, -0.08176026861568773, -0.036340265329509, 2.6005701036195777e-6, 365.25641218103203, 3624.407868865027, -0.052666745126353096, -0.02716095735182812, 0.0007944326982956593, 4535.620639503411, 1154.374799265167, 0.00671686069086508, 0.08493218061089629, -0.0001857729177397872, -0.0011394564839083134, 2.3036363636363637] in 2 iterations
Lunar chi-square: 28.215561215601376
Maximum: -73.47722012192312 Param: [2.453937773360071e-6, 224.7007826088502, 3503.7687691223173, -0.08175772994279619, -0.03633956913272798, 2.6005801130978335e-6, 365.25641217947015, 3624.407868880499, -0.05266473211311989, -0.02716047746651209, 0.0007944662092006019, 4535.636683576752, 1154.3439167495196, 0.006720500764418687, 0.08492831384875148, -0.0001857720505177829, -0.0011394488436838805, 2.3021126162955827]
FITS/p3_fit30s19yrs.jld2 loaded.
Previous model params: [3.1790091643932356e-6, 224.70078885636332, 3503.768637560289, -0.13131697678786575, -0.04114895419359779, 2.351601735370164e-6, 365.25646980997436, 3624.4073751409715, -0.08991795148492926, -0.0307853720259896, 0.00036095648410139147, 4216.7492558908925, 1665.6471081483148, -0.09358898037029846, 0.1742483060314467]
Finished lunar search: [2.2149326542880363e-6, 224.70077951287303, 3503.768785597313, -0.08427156640034364, -0.02820921091592193, 2.542559676543108e-6, 365.2564228218418, 3624.4077782154054, -0.055921708809548075, -0.020372102337234008, 0.0007568711349066087, 4470.374675222507, 1293.6956694942023, 0.011711704692042413, 0.0958792872114746, -0.00013245650178369127, -0.001303844442906321, 2.3] in 2 iterations
Lunar chi-square: 31.786391105515847
Maximum: -84.74643701552236 Param: [2.214937564320629e-6, 224.70077951328258, 3503.768785591742, -0.08427121854025989, -0.028208080555457912, 2.542560691171253e-6, 365.2564228236647, 3624.407778198362, -0.055921485062946655, -0.02037120518349498, 0.0007568768327873156, 4470.360817580137, 1293.715884070199, 0.011713780415724743, 0.09587865559499104, -0.00013244797319634244, -0.0013038438551467983, 2.30019389755825]
FITS/p3_fit30s21yrs.jld2 loaded.
Previous model params: [3.475944768292078e-6, 224.70079147732505, 3503.7686226943288, -0.10514018781393995, -0.046544916157979094, 2.5194540842500023e-6, 365.2564633358755, 3624.407412292584, -0.06911364956748306, -0.03457290547599335, 0.00045928067160159954, 4246.455173589244, 1533.9867697411669, -0.05648216626872761, 0.12945744802506443]
Finished lunar search: [2.30887317816461e-6, 224.70079117146318, 3503.7686380364166, -0.07492634631129197, -0.03697739148482239, 2.6342217912116444e-6, 365.2564590075563, 3624.407460416584, -0.049307529353100114, -0.027273721731507182, 0.000648477080697572, 4213.998652601134, 1520.9769898875052, -0.0013991776369541025, 0.0866871941236621, -0.00010442751498234341, -0.0013536424568312106, 2.3036363636363637] in 2 iterations
Lunar chi-square: 46.22814032056162
Maximum: -105.42368953903997 Param: [2.308871185605393e-6, 224.7007911714764, 3503.7686380360874, -0.07492647680905516, -0.03697758181577297, 2.6342209410668137e-6, 365.25645900755416, 3624.4074604165316, -0.04930762480385992, -0.02727386410421195, 0.0006484758456729715, 4213.997567300772, 1520.9790004280578, -0.0013992024928847937, 0.08668739959890615, -0.00010442902643696266, -0.0013536426385421406, 2.303711725636505]
FITS/p3_fit30s23yrs.jld2 loaded.
Previous model params: [3.5722933802019773e-6, 224.70078107905624, 3503.7687297875655, -0.08915846781280745, -0.05618452156409074, 2.554242922241767e-6, 365.2564733652261, 3624.4073160362104, -0.05581698917087797, -0.04203540223986769, 0.000407142613612724, 4201.379571415061, 1476.428269498052, -0.10277970337702784, 0.11247525321996792]
Finished lunar search: [2.289743464829394e-6, 224.7007831051201, 3503.7686931194276, 0.0024544894557030667, -0.003289457775492338, 3.0253888848079663e-6, 365.2564648413419, 3624.4074385310205, 0.014594792983903652, 0.000266500242926441, 0.0008917734296882281, 4210.470888398356, 567.9313540911637, 0.03287049066801349, -0.05119002587038804, 0.0001378888771505247, -0.0017741308112125254, 2.3145454545454545] in 2 iterations
Lunar chi-square: 30.87187009489861
Maximum: -102.8953624909478 Param: [2.289760592978402e-6, 224.7007831051365, 3503.7686931195094, 0.0024547767398207924, -0.0032895341331550874, 3.025390679013936e-6, 365.2564648412164, 3624.4074385354606, 0.01459504268034834, 0.00026642951719758743, 0.0008917689664364504, 4210.476672284941, 567.9166926887493, 0.0328698214937404, -0.05119081896434396, 0.0001378826267889124, -0.0017741238972136966, 2.3153113662894427]
FITS/p3_fit30s25yrs.jld2 loaded.
Previous model params: [3.7448993867988372e-6, 224.70077760892474, 3503.768779458352, -0.0836487643828052, -0.0579434963306337, 2.6032644026402235e-6, 365.2564660340157, 3624.4074023825697, -0.05075653655506854, -0.04451674522868426, 0.0004406599806343088, 4227.067809789774, 1424.138708314632, -0.07778336817364398, 0.10398909588794829]
Finished lunar search: [2.1861542274122226e-6, 224.70077923678016, 3503.7687463410816, 0.0014779435229804018, -0.0068353811366986105, 3.061285538256997e-6, 365.2564651989216, 3624.4074476057476, 0.014203342613737641, -0.0028767082511881106, 0.0009544100592327957, 4224.30774812102, 596.507929193295, 0.03638078023364404, -0.04245955657344878, 0.00010390347926328868, -0.001854895593288493, 2.3145454545454545] in 2 iterations
Lunar chi-square: 34.29687027697463
Maximum: -114.88925839428413 Param: [2.1861260984604413e-6, 224.7007792367329, 3503.7687463423936, 0.0014776549881522789, -0.006836310629868746, 3.061284008149263e-6, 365.2564651991397, 3624.407447602253, 0.014203106349139237, -0.0028774433748575564, 0.000954413378039145, 4224.305810398207, 596.5213263812898, 0.036380530220328944, -0.04245856606640991, 0.00010390834879800526, -0.00185490676607928, 2.3143844989795346]
FITS/p3_fit30s27yrs.jld2 loaded.
Previous model params: [3.576753379183541e-6, 224.70077393874288, 3503.768844068175, -0.0893689372290159, -0.06141097598216666, 2.5598747714086162e-6, 365.2564603422546, 3624.4074825750404, -0.05579793809866513, -0.047814169228538705, 0.00047649492943951797, 4281.269061549217, 1391.9990132118526, -0.04831196086487616, 0.10614536045479486]
Finished lunar search: [2.4363796084171182e-6, 224.70077685787948, 3503.768782395418, 0.004648511692483197, -0.0037903158131573056, 3.0772269009355666e-6, 365.25645110710815, 3624.407593131401, 0.016921442740433997, -0.000667305406937975, 0.000914030597834778, 4258.688956075887, 550.0976935631719, 0.03120101248007301, -0.03508206569735008, 8.288082952988439e-5, -0.0017062942464863835, 2.313030303030303] in 2 iterations
Lunar chi-square: 43.543304838497306
Maximum: -132.08145847499193 Param: [2.4363618324545667e-6, 224.7007768578406, 3503.768782396363, 0.004648351464489666, -0.003791230322098234, 3.077226049586491e-6, 365.2564511072758, 3624.4075931279735, 0.016921314487608023, -0.0006680269842956713, 0.0009140315119609486, 4258.687377856229, 550.1085645349674, 0.031200709981631547, -0.0350813865208046, 8.288204941815972e-5, -0.0017063004946596336, 2.3128074055272374]
FITS/p3_fit30s29yrs.jld2 loaded.
Previous model params: [3.6438882996665637e-6, 224.7007741735575, 3503.7688269804958, -0.08444030847364756, -0.06484807886540345, 2.5839483715276424e-6, 365.25645667462146, 3624.407483278102, -0.05155256865074883, -0.05009557244633238, 0.00040372892588510893, 4220.197468522934, 1462.2034407559333, -0.08646598102102344, 0.12030136597607446]
Finished lunar search: [2.383579123566105e-6, 224.7007750654794, 3503.768808154042, 0.004646049207052136, -0.0034429405409888373, 3.0719538849764087e-6, 365.2564502818908, 3624.4075962938064, 0.01670859332132198, -0.0004761069962178848, 0.0008679378747026673, 4248.976111557932, 572.0432202853558, 0.024762214127271105, -0.034890673156116075, 8.899511965144648e-5, -0.0017687157663190533, 2.313030303030303] in 2 iterations
Lunar chi-square: 45.90113719299215
Maximum: -145.4066159038297 Param: [2.383583608778575e-6, 224.70077506549973, 3503.7688081535184, 0.004646069821629745, -0.0034429644467206364, 3.071954156689513e-6, 365.2564502820756, 3624.4075962911115, 0.016708619806825944, -0.0004761314214860874, 0.0008679340187372109, 4248.974064189199, 572.048697026624, 0.024761735270279164, -0.03489059585331068, 8.899390145803568e-5, -0.0017687136892629788, 2.313123027314637]
FITS/p3_fit60s15yrs.jld2 loaded.
Previous model params: [3.458771645583418e-6, 224.7007944762627, 3503.76867504526, -0.10677224419401578, -0.026985078653648426, 2.4691325261708066e-6, 365.25640750007744, 3624.4078910803973, -0.0696949599138654, -0.019078763205867284, 0.0007740115068308371, 4595.71217404644, 1157.8514469739941, 0.0031572872417905103, 0.09961553550268464]
Finished lunar search: [2.2879306407927148e-6, 224.7007964842726, 3503.768635766381, -0.0875317855532857, -0.038780863313678186, 2.5169388132329007e-6, 365.2564109555793, 3624.40782910191, -0.05754887376615923, -0.028374700818464344, 0.0007101249693600701, 4462.223731206765, 1251.735130555259, -0.006866682540460746, 0.09154760810915968, -0.00011070712649298705, -0.0012256856419274951, 2.312121212121212] in 2 iterations
Lunar chi-square: 5.247843170221188
Maximum: -32.32743476570719 Param: [2.2879229427399863e-6, 224.70079648445648, 3503.76863576326, -0.08753209819966835, -0.038781673461431056, 2.5169364032976914e-6, 365.2564109560268, 3624.407829096602, -0.05754912835697505, -0.02837532495528153, 0.0007101153940502963, 4462.218280917908, 1251.7391227540768, -0.006868738132985076, 0.09154805788867737, -0.00011071044546159245, -0.0012256906632410476, 2.3141662487526364]
FITS/p3_fit60s17yrs.jld2 loaded.
Previous model params: [3.672761294969855e-6, 224.70078203331744, 3503.7687811312853, -0.0910698922534254, -0.028510799658982955, 2.5785845719294745e-6, 365.2564036296387, 3624.4079049848083, -0.057349252645342144, -0.02130731963628036, 0.0008518139774320656, 4554.934770237803, 1137.2701303857732, 0.014372688505878115, 0.08798281984827643]
Finished lunar search: [2.4539087531617577e-6, 224.70078260911458, 3503.7687691157407, -0.08176026861568773, -0.036340265329509, 2.6005701036195777e-6, 365.25641218103203, 3624.407868865027, -0.052666745126353096, -0.02716095735182812, 0.0007944326982956593, 4535.620639503411, 1154.374799265167, 0.00671686069086508, 0.08493218061089629, -0.0001857729177397872, -0.0011394564839083134, 2.3036363636363637] in 2 iterations
Lunar chi-square: 7.053890303900344
Maximum: -42.978744177285535 Param: [2.453937773360071e-6, 224.7007826088502, 3503.7687691223173, -0.08175772994279619, -0.03633956913272798, 2.6005801130978335e-6, 365.25641217947015, 3624.407868880499, -0.05266473211311989, -0.02716047746651209, 0.0007944662092006019, 4535.636683576752, 1154.3439167495196, 0.006720500764418687, 0.08492831384875148, -0.0001857720505177829, -0.0011394488436838805, 2.3021126162955827]
FITS/p3_fit60s19yrs.jld2 loaded.
Previous model params: [3.1790091643932356e-6, 224.70078885636332, 3503.768637560289, -0.13131697678786575, -0.04114895419359779, 2.351601735370164e-6, 365.25646980997436, 3624.4073751409715, -0.08991795148492926, -0.0307853720259896, 0.00036095648410139147, 4216.7492558908925, 1665.6471081483148, -0.09358898037029846, 0.1742483060314467]
Finished lunar search: [2.2149326542880363e-6, 224.70077951287303, 3503.768785597313, -0.08427156640034364, -0.02820921091592193, 2.542559676543108e-6, 365.2564228218418, 3624.4077782154054, -0.055921708809548075, -0.020372102337234008, 0.0007568711349066087, 4470.374675222507, 1293.6956694942023, 0.011711704692042413, 0.0958792872114746, -0.00013245650178369127, -0.001303844442906321, 2.3] in 2 iterations
Lunar chi-square: 7.946597776378962
Maximum: -50.78222516808505 Param: [2.214937564320629e-6, 224.70077951328258, 3503.768785591742, -0.08427121854025989, -0.028208080555457912, 2.542560691171253e-6, 365.2564228236647, 3624.407778198362, -0.055921485062946655, -0.02037120518349498, 0.0007568768327873156, 4470.360817580137, 1293.715884070199, 0.011713780415724743, 0.09587865559499104, -0.00013244797319634244, -0.0013038438551467983, 2.30019389755825]
FITS/p3_fit60s21yrs.jld2 loaded.
Previous model params: [3.475944768292078e-6, 224.70079147732505, 3503.7686226943288, -0.10514018781393995, -0.046544916157979094, 2.5194540842500023e-6, 365.2564633358755, 3624.407412292584, -0.06911364956748306, -0.03457290547599335, 0.00045928067160159954, 4246.455173589244, 1533.9867697411669, -0.05648216626872761, 0.12945744802506443]
Finished lunar search: [2.30887317816461e-6, 224.70079117146318, 3503.7686380364166, -0.07492634631129197, -0.03697739148482239, 2.6342217912116444e-6, 365.2564590075563, 3624.407460416584, -0.049307529353100114, -0.027273721731507182, 0.000648477080697572, 4213.998652601134, 1520.9769898875052, -0.0013991776369541025, 0.0866871941236621, -0.00010442751498234341, -0.0013536424568312106, 2.3036363636363637] in 2 iterations
Lunar chi-square: 11.557035080140405
Maximum: -67.30059460824297 Param: [2.308871185605393e-6, 224.7007911714764, 3503.7686380360874, -0.07492647680905516, -0.03697758181577297, 2.6342209410668137e-6, 365.25645900755416, 3624.4074604165316, -0.04930762480385992, -0.02727386410421195, 0.0006484758456729715, 4213.997567300772, 1520.9790004280578, -0.0013992024928847937, 0.08668739959890615, -0.00010442902643696266, -0.0013536426385421406, 2.303711725636505]
FITS/p3_fit60s23yrs.jld2 loaded.
Previous model params: [3.5722933802019773e-6, 224.70078107905624, 3503.7687297875655, -0.08915846781280745, -0.05618452156409074, 2.554242922241767e-6, 365.2564733652261, 3624.4073160362104, -0.05581698917087797, -0.04203540223986769, 0.000407142613612724, 4201.379571415061, 1476.428269498052, -0.10277970337702784, 0.11247525321996792]
Finished lunar search: [2.289743464829394e-6, 224.7007831051201, 3503.7686931194276, 0.0024544894557030667, -0.003289457775492338, 3.0253888848079663e-6, 365.2564648413419, 3624.4074385310205, 0.014594792983903652, 0.000266500242926441, 0.0008917734296882281, 4210.470888398356, 567.9313540911637, 0.03287049066801349, -0.05119002587038804, 0.0001378888771505247, -0.0017741308112125254, 2.3145454545454545] in 2 iterations
Lunar chi-square: 7.717967523724653
Maximum: -61.306531657351094 Param: [2.289760592978402e-6, 224.7007831051365, 3503.7686931195094, 0.0024547767398207924, -0.0032895341331550874, 3.025390679013936e-6, 365.2564648412164, 3624.4074385354606, 0.01459504268034834, 0.00026642951719758743, 0.0008917689664364504, 4210.476672284941, 567.9166926887493, 0.0328698214937404, -0.05119081896434396, 0.0001378826267889124, -0.0017741238972136966, 2.3153113662894427]
FITS/p3_fit60s25yrs.jld2 loaded.
Previous model params: [3.7448993867988372e-6, 224.70077760892474, 3503.768779458352, -0.0836487643828052, -0.0579434963306337, 2.6032644026402235e-6, 365.2564660340157, 3624.4074023825697, -0.05075653655506854, -0.04451674522868426, 0.0004406599806343088, 4227.067809789774, 1424.138708314632, -0.07778336817364398, 0.10398909588794829]
Finished lunar search: [2.1861542274122226e-6, 224.70077923678016, 3503.7687463410816, 0.0014779435229804018, -0.0068353811366986105, 3.061285538256997e-6, 365.2564651989216, 3624.4074476057476, 0.014203342613737641, -0.0028767082511881106, 0.0009544100592327957, 4224.30774812102, 596.507929193295, 0.03638078023364404, -0.04245955657344878, 0.00010390347926328868, -0.001854895593288493, 2.3145454545454545] in 2 iterations
Lunar chi-square: 8.574217569243658
Maximum: -69.83469165788767 Param: [2.1861260984604413e-6, 224.7007792367329, 3503.7687463423936, 0.0014776549881522789, -0.006836310629868746, 3.061284008149263e-6, 365.2564651991397, 3624.407447602253, 0.014203106349139237, -0.0028774433748575564, 0.000954413378039145, 4224.305810398207, 596.5213263812898, 0.036380530220328944, -0.04245856606640991, 0.00010390834879800526, -0.00185490676607928, 2.3143844989795346]
FITS/p3_fit60s27yrs.jld2 loaded.
Previous model params: [3.576753379183541e-6, 224.70077393874288, 3503.768844068175, -0.0893689372290159, -0.06141097598216666, 2.5598747714086162e-6, 365.2564603422546, 3624.4074825750404, -0.05579793809866513, -0.047814169228538705, 0.00047649492943951797, 4281.269061549217, 1391.9990132118526, -0.04831196086487616, 0.10614536045479486]
Finished lunar search: [2.4363796084171182e-6, 224.70077685787948, 3503.768782395418, 0.004648511692483197, -0.0037903158131573056, 3.0772269009355666e-6, 365.25645110710815, 3624.407593131401, 0.016921442740433997, -0.000667305406937975, 0.000914030597834778, 4258.688956075887, 550.0976935631719, 0.03120101248007301, -0.03508206569735008, 8.288082952988439e-5, -0.0017062942464863835, 2.313030303030303] in 2 iterations
Lunar chi-square: 10.885826209624327
Maximum: -83.56115583579576 Param: [2.4363618324545667e-6, 224.7007768578406, 3503.768782396363, 0.004648351464489666, -0.003791230322098234, 3.077226049586491e-6, 365.2564511072758, 3624.4075931279735, 0.016921314487608023, -0.0006680269842956713, 0.0009140315119609486, 4258.687377856229, 550.1085645349674, 0.031200709981631547, -0.0350813865208046, 8.288204941815972e-5, -0.0017063004946596336, 2.3128074055272374]
FITS/p3_fit60s29yrs.jld2 loaded.
Previous model params: [3.6438882996665637e-6, 224.7007741735575, 3503.7688269804958, -0.08444030847364756, -0.06484807886540345, 2.5839483715276424e-6, 365.25645667462146, 3624.407483278102, -0.05155256865074883, -0.05009557244633238, 0.00040372892588510893, 4220.197468522934, 1462.2034407559333, -0.08646598102102344, 0.12030136597607446]
Finished lunar search: [2.383579123566105e-6, 224.7007750654794, 3503.768808154042, 0.004646049207052136, -0.0034429405409888373, 3.0719538849764087e-6, 365.2564502818908, 3624.4075962938064, 0.01670859332132198, -0.0004761069962178848, 0.0008679378747026673, 4248.976111557932, 572.0432202853558, 0.024762214127271105, -0.034890673156116075, 8.899511965144648e-5, -0.0017687157663190533, 2.313030303030303] in 2 iterations
Lunar chi-square: 11.475284298248038
Maximum: -92.72743018127387 Param: [2.383583608778575e-6, 224.70077506549973, 3503.7688081535184, 0.004646069821629745, -0.0034429644467206364, 3.071954156689513e-6, 365.2564502820756, 3624.4075962911115, 0.016708619806825944, -0.0004761314214860874, 0.0008679340187372109, 4248.974064189199, 572.048697026624, 0.024761735270279164, -0.03489059585331068, 8.899390145803568e-5, -0.0017687136892629788, 2.313123027314637]
FITS/p3_fit80s15yrs.jld2 loaded.
Previous model params: [3.4587526708316066e-6, 224.70079447661027, 3503.7686750391977, -0.10677418196132926, -0.02698524335792511, 2.4691247108055e-6, 365.25640750101087, 3624.407891069767, -0.0696964741426897, -0.01907885310369595, 0.00077399104716553, 4595.699620527225, 1157.8720611642339, 0.0031548074219682467, 0.09961814565034005]
Finished lunar search: [2.2879300464829986e-6, 224.70079648443019, 3503.7686357639395, -0.08753167564683068, -0.038780653618194494, 2.516938481227777e-6, 365.2564109561789, 3624.4078290951843, -0.057548808011078145, -0.02837453350517515, 0.0007101255278007864, 4462.217403748983, 1251.7422568599143, -0.006866350526073698, 0.09154728236083534, -0.000110705673022095, -0.0012256874081476327, 2.312121212121212] in 2 iterations
Lunar chi-square: 2.9519117838333226
Maximum: -21.107833943944943 Param: [2.2879067101404806e-6, 224.7007964847861, 3503.7686357572916, -0.08753371368981731, -0.03878105180104105, 2.516929683885174e-6, 365.25641095738104, 3624.4078290821153, -0.057550439644714395, -0.028374800635080005, 0.0007101020219531512, 4462.202985175762, 1251.767973224738, -0.00686961990071433, 0.09155058004665063, -0.00011070568945953432, -0.0012256960858658993, 2.3141661056755214]
FITS/p3_fit80s17yrs.jld2 loaded.
Previous model params: [3.672756819560434e-6, 224.70078203334208, 3503.76878113042, -0.09107021834745647, -0.028511035945832482, 2.5785836295048947e-6, 365.25640362970177, 3624.407904983891, -0.05734950863321319, -0.021307503710951442, 0.0008518071529268891, 4554.934911904406, 1137.269797227013, 0.014371592511015592, 0.08798341191302048]
Finished lunar search: [2.453951701441634e-6, 224.70078260897586, 3503.7687691201004, -0.08175679003025438, -0.036337338451365796, 2.600584192000446e-6, 365.2564121811773, 3624.4078688627355, -0.05266406862959157, -0.027158723509154558, 0.000794484917673728, 4535.622108473198, 1154.3672586518644, 0.006724785744349781, 0.08492715500154749, -0.0001857612788840023, -0.0011394436116889583, 2.3036363636363637] in 2 iterations
Lunar chi-square: 3.9678132913429707
Maximum: -30.320732963896543 Param: [2.453921588365655e-6, 224.70078260908832, 3503.7687691164047, -0.08175925165275974, -0.0363392303840458, 2.600573591418611e-6, 365.2564121813546, 3624.407868861323, -0.05266596817540207, -0.027160153882389623, 0.0007944480680559898, 4535.617815399019, 1154.3768665295634, 0.006719293707921412, 0.08493078488298363, -0.0001857692952270174, -0.0011394522661738057, 2.3021125539483784]
FITS/p3_fit80s19yrs.jld2 loaded.
Previous model params: [3.1790046073766746e-6, 224.70078885615993, 3503.768637563253, -0.13131737822839282, -0.041149205960415026, 2.3516005391930973e-6, 365.2564698092727, 3624.4073751477313, -0.08991825898104822, -0.03078556805139653, 0.0003609571862469554, 4216.754825946354, 1665.6411309699556, -0.09358847007482964, 0.1742484081326732]
Finished lunar search: [2.2149312173430295e-6, 224.70077951316537, 3503.7687855934932, -0.08427158062140244, -0.02820754107289291, 2.542559639570151e-6, 365.25642282316335, 3624.4077782030986, -0.0559217955717767, -0.020370782572075634, 0.0007568768439183248, 4470.3663598294015, 1293.7127996409217, 0.011713975682377118, 0.09587942227161951, -0.00013244306141792448, -0.0013038472891425475, 2.3] in 2 iterations
Lunar chi-square: 4.4699612514596705
Maximum: -36.68580363026093 Param: [2.2149369345862816e-6, 224.70077951307644, 3503.7687855947643, -0.08427128746446463, -0.028208361358736268, 2.5425609217011595e-6, 365.2564228227627, 3624.4077782069717, -0.055921527621252534, -0.020371434482632657, 0.0007568761948628884, 4470.367274455724, 1293.7078984386262, 0.011713447280178943, 0.09587895480593721, -0.0001324514221369909, -0.0013038434284884189, 2.3001937701302007]
FITS/p3_fit80s21yrs.jld2 loaded.
Previous model params: [3.475981934628013e-6, 224.70079147711058, 3503.7686226989827, -0.10513613571347022, -0.046544312581168465, 2.5194720932663907e-6, 365.2564633356363, 3624.407412297685, -0.06911047380192908, -0.034572520275647445, 0.000459301398087078, 4246.460376475229, 1533.963131629005, -0.05647504240763077, 0.12944997429480218]
Finished lunar search: [2.308879848522581e-6, 224.70079117146778, 3503.7686380362943, -0.0749263649321351, -0.03697731358682155, 2.6342211266977564e-6, 365.2564590076185, 3624.4074604163247, -0.04930750322714239, -0.02727365485123929, 0.000648478525101989, 4213.998606845801, 1520.976725684464, -0.0013989308165341988, 0.0866871335485223, -0.0001044319357020536, -0.0013536371780612842, 2.3036363636363637] in 2 iterations
Lunar chi-square: 6.500832232390262
Maximum: -51.4780806225967 Param: [2.3088744090524414e-6, 224.70079117142282, 3503.768638037142, -0.07492624000120784, -0.03697800135951168, 2.634222106791281e-6, 365.256459007393, 3624.4074604193543, -0.049307421005195834, -0.027274207833322198, 0.0006484728885515178, 4214.000799126453, 1520.9707735594848, -0.001400520241821014, 0.08668727907211271, -0.0001044326262606076, -0.0013536416913264271, 2.3037117086977856]
FITS/p3_fit80s23yrs.jld2 loaded.
Previous model params: [3.5723488140690293e-6, 224.70078107895068, 3503.768729789949, -0.08915251673844575, -0.056183849484151706, 2.554270988400766e-6, 365.2564733653186, 3624.4073160373896, -0.055812287197141826, -0.04203500726664103, 0.00040716256988033994, 4201.383437037072, 1476.3894005561895, -0.1027720179369743, 0.11246335186764685]
Finished lunar search: [2.2897663096432675e-6, 224.70078310519946, 3503.768693118234, 0.0024545162921139787, -0.0032890844190891838, 3.0253887314003626e-6, 365.25646484131283, 3624.4074385338563, 0.01459483105688528, 0.00026678808074276025, 0.0008917715479359429, 4210.475645446256, 567.9165736893555, 0.03287027525206959, -0.05119085611090415, 0.00013788355303506213, -0.0017741201621233535, 2.3145454545454545] in 2 iterations
Lunar chi-square: 4.341356732903101
Maximum: -44.04560731582763 Param: [2.2897709764565777e-6, 224.70078310519742, 3503.768693118338, 0.002454485628793885, -0.003289224746124577, 3.025388800767294e-6, 365.25646484129555, 3624.4074385345975, 0.014594825948305712, 0.00026667741433121907, 0.0008917708389949386, 4210.476591267083, 567.9141705426397, 0.03287009746264795, -0.05119102914854939, 0.00013788177691050936, -0.0017741175502091627, 2.3153111713006354]
FITS/p3_fit80s25yrs.jld2 loaded.
Previous model params: [3.74491408633452e-6, 224.70077760883055, 3503.768779460677, -0.08364748713862276, -0.05794224453713038, 2.603269586133199e-6, 365.2564660337188, 3624.4074023871794, -0.05075553285658909, -0.044515792003578865, 0.00044067283695301565, 4227.069963138932, 1424.1322678755187, -0.07777680402248895, 0.1039864148098333]
Finished lunar search: [2.1861588868560675e-6, 224.7007792367882, 3503.7687463412167, 0.001477858401533385, -0.006835396238921774, 3.061285006156424e-6, 365.25646519871117, 3624.4074476096243, 0.014203281137318849, -0.0028767113908954077, 0.0009544136796979501, 4224.311971281556, 596.4983889129128, 0.036380989286115294, -0.04245968404574142, 0.00010390112866120157, -0.001854892908416941, 2.3145454545454545] in 2 iterations
Lunar chi-square: 4.822997378131295
Maximum: -51.135356917738456 Param: [2.186167136842513e-6, 224.7007792367979, 3503.7687463408374, 0.001477888825641757, -0.006835069838479267, 3.06128538297129e-6, 365.25646519860743, 3624.4074476107844, 0.014203319848401126, -0.002876459324901069, 0.0009544136159496981, 4224.311567134591, 596.4975794816598, 0.03638114687925676, -0.042459691769948515, 0.00010389927563242357, -0.0018548890953282622, 2.314383751933343]
FITS/p3_fit80s27yrs.jld2 loaded.
Previous model params: [3.576719695071381e-6, 224.70077393881286, 3503.7688440662905, -0.08937266204120492, -0.06141042063175096, 2.5598575046104662e-6, 365.25646034249024, 3624.407482570271, -0.055800898960795146, -0.04781365165915759, 0.00047648821239578955, 4281.262891269501, 1392.0308259057974, -0.04831133960691007, 0.10615037122778143]
Finished lunar search: [2.436396955166293e-6, 224.70077685792083, 3503.768782394373, 0.004648451097542603, -0.003789624342110579, 3.0772261844308912e-6, 365.25645110708086, 3624.40759313181, 0.01692139606191942, -0.0006667415003148654, 0.0009140317596938309, 4258.6896850218045, 550.087943578649, 0.031201489073531496, -0.03508288964386727, 8.28811228692188e-5, -0.0017062865859667322, 2.313030303030303] in 3 iterations
Lunar chi-square: 6.123277239227479
Maximum: -63.42341074310113 Param: [2.4363680130745766e-6, 224.70077685788584, 3503.7687823952906, 0.004648255328994273, -0.0037904431443209724, 3.077225477486761e-6, 365.25645110722473, 3624.407593128992, 0.016921238290299727, -0.000667393335004486, 0.0009140355433544023, 4258.686992619263, 550.1040803385816, 0.03120147530352973, -0.0350815308155822, 8.288364778611293e-5, -0.0017062982322355558, 2.3128072702779847]
FITS/p3_fit80s29yrs.jld2 loaded.
Previous model params: [3.6438668336707673e-6, 224.70077417374833, 3503.76882697546, -0.08444254387771521, -0.0648486229512119, 2.58393803458513e-6, 365.2564566755373, 3624.407483263598, -0.051554352615767254, -0.05009595332585264, 0.0004037170355304296, 4220.187072878101, 1462.2352132601923, -0.08647073553188647, 0.12030626823687425]
Finished lunar search: [2.3835797677202485e-6, 224.70077506548307, 3503.768808153961, 0.004645969696664247, -0.003443553493208415, 3.0719536333734698e-6, 365.25645028212784, 3624.407596290153, 0.01670854904055308, -0.00047660624557294953, 0.0008679329112472193, 4248.973676875123, 572.0546793309425, 0.02476126704834272, -0.03489014293758959, 8.899104705727656e-5, -0.001768713997518899, 2.313030303030303] in 2 iterations
Lunar chi-square: 6.454847414055148
Maximum: -70.86359265310126 Param: [2.3835700761254323e-6, 224.70077506548458, 3503.7688081540505, 0.004645976829440131, -0.003443849414611885, 3.071953698329549e-6, 365.25645028226336, 3624.4075962879606, 0.016708546247154735, -0.00047684202601992726, 0.000867932991003043, 4248.972115765585, 572.0609536383685, 0.024761210437001472, -0.03488972424307204, 8.899334568935395e-5, -0.0017687181965530688, 2.3131232339011194]
FITS/p3_fit90s15yrs.jld2 loaded.
Previous model params: [3.458763518937382e-6, 224.70079447643624, 3503.768675042243, -0.10677305000878, -0.02698508099392424, 2.4691293567255807e-6, 365.25640750055305, 3624.407891074893, -0.06969559112445663, -0.01907874950178528, 0.0007740028317997576, 4595.705829136964, 1157.861686170513, 0.003156368148650431, 0.09961671710584992]
Finished lunar search: [2.2879278771706894e-6, 224.7007964842895, 3503.768635766422, -0.08753146928156738, -0.038782443398258856, 2.51693950272822e-6, 365.25641095529613, 3624.40782910513, -0.057548611815105205, -0.028375947012147393, 0.0007101188714596828, 4462.22754443227, 1251.7221915228874, -0.0068689451646093865, 0.09154692812792994, -0.00011071355683245106, -0.0012256893906667065, 2.312121212121212] in 2 iterations
Lunar chi-square: 2.332374742901503
Maximum: -16.514295554346067 Param: [2.2879060169129647e-6, 224.7007964845494, 3503.768635761224, -0.08753369224606215, -0.038782244712366715, 2.5169300416038125e-6, 365.25641095626514, 3624.4078290947373, -0.05755039004504044, -0.028375739775069325, 0.0007100983385735228, 4462.216220904417, 1251.747426516078, -0.006871446414420226, 0.09155062357732789, -0.00011071163368609903, -0.0012256954680627313, 2.314166352348309]
FITS/p3_fit90s17yrs.jld2 loaded.
Previous model params: [3.6727751898316296e-6, 224.70078203317155, 3503.768781134709, -0.09106851449616506, -0.028511325391955278, 2.5785903457230974e-6, 365.25640362857547, 3624.407904994987, -0.057348169865534426, -0.02130778864499478, 0.0008518269566722536, 4554.945513899259, 1137.2472031010773, 0.014373013079360264, 0.08798070477336013]
Finished lunar search: [2.4539331408407177e-6, 224.70078260875246, 3503.768769124542, -0.08175782883013807, -0.03634039977827338, 2.6005802783943548e-6, 365.25641217841854, 3624.4078688917884, -0.05266479157400229, -0.027161143998590244, 0.0007944619162887153, 4535.646491826613, 1154.3295409207624, 0.006719275975556322, 0.08492857605422639, -0.00018577532994433905, -0.0011394520288930388, 2.3036363636363637] in 2 iterations
Lunar chi-square: 3.1350623595325957
Maximum: -25.13827943627022 Param: [2.453928504379088e-6, 224.70078260870477, 3503.7687691252113, -0.0817578947088689, -0.036338586530380114, 2.6005793255669196e-6, 365.2564121787689, 3624.4078688873906, -0.05266490233758218, -0.027159697129818194, 0.0007944733551655788, 4535.6446667206565, 1154.3395842534471, 0.006721812674309957, 0.08492866322145756, -0.00018576336792280835, -0.0011394563630372735, 2.3021129955151944]
FITS/p3_fit90s19yrs.jld2 loaded.
Previous model params: [3.179006931604468e-6, 224.70078885565852, 3503.768637570605, -0.1313168786885542, -0.04114896054737765, 2.3516023917230747e-6, 365.25646980761593, 3624.4073751636643, -0.08991785484801458, -0.030785393814966755, 0.00036096318285669025, 4216.7699919521, 1665.6178386406418, -0.09358614124438741, 0.1742457184597555]
Finished lunar search: [2.214919016774492e-6, 224.70077951367043, 3503.7687855855415, -0.08427244201482842, -0.02820751979077523, 2.542555339105476e-6, 365.2564228250491, 3624.4077781850747, -0.05592248682394177, -0.020370717167286695, 0.0007568652381894401, 4470.349377103517, 1293.7400206866057, 0.011713501360386016, 0.09588068251536228, -0.00013243975301046983, -0.001303852894225053, 2.3] in 2 iterations
Lunar chi-square: 3.531821235162607
Maximum: -30.914434879223077 Param: [2.2149030121616767e-6, 224.7007795136045, 3503.7687855860704, -0.08427377896430885, -0.028207493377685192, 2.542549945503226e-6, 365.2564228245848, 3624.407778190127, -0.05592354515934544, -0.02037068175375956, 0.0007568522674218403, 4470.353742757053, 1293.7400943667878, 0.011711776377339132, 0.09588308656485449, -0.00013243837749397745, -0.0013038584496264639, 2.300194652993337]
FITS/p3_fit90s21yrs.jld2 loaded.
Previous model params: [3.4759435927343494e-6, 224.70079147735422, 3503.7686226947276, -0.10514018242661657, -0.04654375389299935, 2.5194567775139355e-6, 365.2564633358336, 3624.4074122946145, -0.069113640832774, -0.034572001601911255, 0.0004592889473442207, 4246.458390337435, 1533.990688220311, -0.05647689714739235, 0.1294574988166449]
Finished lunar search: [2.3088505289938442e-6, 224.70079117151747, 3503.768638034906, -0.07492718115828254, -0.036978886968138745, 2.6342185040785868e-6, 365.2564590074385, 3624.407460417068, -0.04930822127134434, -0.02727488198031103, 0.0006484587734722838, 4213.997204107585, 1520.978650668361, -0.001403041238807637, 0.08668888072855079, -0.00010442742942329524, -0.0013536530182943751, 2.3036363636363637] in 2 iterations
Lunar chi-square: 5.136460036689724
Maximum: -45.00001366803203 Param: [2.3088656177234836e-6, 224.70079117144763, 3503.7686380364726, -0.07492676481904087, -0.03697901040688938, 2.6342196871217212e-6, 365.2564590072834, 3624.4074604208986, -0.04930782109590053, -0.027275006655053412, 0.0006484609090647445, 4214.002368344491, 1520.9655258762482, -0.0014035924827698572, 0.08668827866023578, -0.00010443927567415318, -0.0013536437852968636, 2.303712144643602]
FITS/p3_fit90s23yrs.jld2 loaded.
Previous model params: [3.5723143811898765e-6, 224.70078107904064, 3503.7687297885295, -0.08915625894204432, -0.05618481567705579, 2.5542526245287073e-6, 365.25647336533314, 3624.407316037209, -0.055815250453863256, -0.04203568575466081, 0.0004071489668397334, 4201.384568082053, 1476.4058351727435, -0.10277792845146544, 0.11247052055174624]
Finished lunar search: [2.2897734501270737e-6, 224.70078310521393, 3503.768693118051, 0.0024544987453736875, -0.0032890027144105477, 3.0253885626834053e-6, 365.2564648412731, 3624.4074385349677, 0.014594826143057994, 0.00026685918104963274, 0.000891773024110335, 4210.476869025, 567.9117034800028, 0.03287057938274173, -0.05119112086992508, 0.00013788208055948316, -0.0017741166431994356, 2.3145454545454545] in 2 iterations
Lunar chi-square: 3.4302077896139926
Maximum: -36.97862518216018 Param: [2.2897766854737414e-6, 224.70078310524605, 3503.768693117276, 0.002454436662151531, -0.0032887059518783126, 3.0253883496597737e-6, 365.2564648412675, 3624.4074385345866, 0.014594782378640276, 0.00026708216812141135, 0.0008917725493417281, 4210.475937574615, 567.913859617838, 0.03287053530782829, -0.051190899920370334, 0.0001378815045834211, -0.0017741148799270009, 2.315311028401711]
FITS/p3_fit90s25yrs.jld2 loaded.
Previous model params: [3.744906165625904e-6, 224.70077760900855, 3503.768779456523, -0.08364822595604705, -0.057943228170810816, 2.6032664487588708e-6, 365.25646603419983, 3624.4074023791663, -0.05075610186308289, -0.04451653767652228, 0.00044066053629505605, 4227.06470306928, 1424.1380444351223, -0.07778382679521338, 0.10398765286485018]
Finished lunar search: [2.186166677226249e-6, 224.70077923680617, 3503.768746340698, 0.0014778662641176789, -0.006835211106538093, 3.0612849809438344e-6, 365.25646519874795, 3624.407447608861, 0.01420329672998575, -0.002876567063165155, 0.0009544122869011634, 4224.3109499797265, 596.4983977658469, 0.036381011486737065, -0.04245993105436282, 0.00010390038632924316, -0.0018548893899854317, 2.3145454545454545] in 2 iterations
Lunar chi-square: 3.8107633625706896
Maximum: -43.47945961774359 Param: [2.186150776391652e-6, 224.70077923677565, 3503.768746341385, 0.001477777828292287, -0.006835744590221401, 3.061284720335398e-6, 365.2564651988953, 3624.407447606154, 0.014203226768607736, -0.00287699707972104, 0.0009544112031199676, 4224.30844613166, 596.5093071065479, 0.03638058583093805, -0.042459332367111, 0.00010390202425452875, -0.0018548961045431818, 2.314384037864587]
FITS/p3_fit90s27yrs.jld2 loaded.
Previous model params: [3.5767348828355325e-6, 224.7007739387752, 3503.7688440673282, -0.08937101321067015, -0.06141035044892258, 2.5598652967154787e-6, 365.25646034235024, 3624.407482573047, -0.05579958957780837, -0.047813636603027246, 0.00047649212371656777, 4281.266252358105, 1392.015871798202, -0.04831129534352882, 0.10614816418311246]
Finished lunar search: [2.436391473397373e-6, 224.700776857904, 3503.768782394782, 0.0046485479363488, -0.003789823854054194, 3.077226959563291e-6, 365.256451107063, 3624.4075931324123, 0.01692146893828792, -0.0006669116617621273, 0.0009140296597374898, 4258.690641059499, 550.0887452559836, 0.031201072099880326, -0.035082686148078565, 8.288135645792044e-5, -0.0017062895121453465, 2.313030303030303] in 2 iterations
Lunar chi-square: 4.83814497657271
Maximum: -55.17859822856253 Param: [2.4363849435013175e-6, 224.70077685789897, 3503.768782394995, 0.004648449814816312, -0.0037900725214380137, 3.0772264582570567e-6, 365.25645110710644, 3624.4075931314756, 0.016921393426953375, -0.0006671025313260012, 0.0009140324917815206, 4258.689791163368, 550.0930206948185, 0.031201318335043995, -0.035082364718614596, 8.288127710415533e-5, -0.001706291679406328, 2.3128070084187655]
FITS/p3_fit90s29yrs.jld2 loaded.
Previous model params: [3.643907737360264e-6, 224.70077417353446, 3503.768826981091, -0.08443838977565878, -0.06484723681862149, 2.583956169564646e-6, 365.256456674538, 3624.407483278953, -0.051551044773284344, -0.050094943041714295, 0.0004037394220168651, 4220.196864699903, 1462.1909080849582, -0.08646201363780158, 0.1202955460139873]
Finished lunar search: [2.3835571152781363e-6, 224.70077506546187, 3503.768808154745, 0.004645971878842169, -0.003444378696252833, 3.071953717900873e-6, 365.2564502822851, 3624.4075962873885, 0.016708536020676533, -0.00047725581595618304, 0.0008679355625098329, 4248.97164360063, 572.0663777156722, 0.024761348979907245, -0.0348891319382021, 8.89939290059303e-5, -0.0017687236301872353, 2.313030303030303] in 2 iterations
Lunar chi-square: 5.100126351962796
Maximum: -61.912081944086026 Param: [2.3835811823946298e-6, 224.70077506548884, 3503.7688081537895, 0.004646058255573985, -0.0034432197413661043, 3.0719539469812144e-6, 365.25645028209516, 3624.4075962906436, 0.01670860767017524, -0.0004763321907690813, 0.000867934612597004, 4248.973909601329, 572.050356937655, 0.024761749061275887, -0.03489050439408934, 8.899341949044589e-5, -0.001768714392154116, 2.313123072342675]
FITS/p3_fit100s15yrs.jld2 loaded.
Previous model params: [3.458770397699832e-6, 224.70079447627447, 3503.76867504501, -0.10677237327364285, -0.026985048736221092, 2.4691320541435694e-6, 365.2564075000899, 3624.4078910801422, -0.06969505852480426, -0.019078737184698904, 0.0007740104145508964, 4595.711455252907, 1157.8528764695357, 0.0031572091757844922, 0.09961574477916357]
Finished lunar search: [2.2879353773333088e-6, 224.70079648451298, 3503.768635762637, -0.08753033010339879, -0.03878154802341697, 2.5169430828350493e-6, 365.25641095628225, 3624.407829092424, -0.05754773430805241, -0.028375251874644805, 0.0007101280824193145, 4462.212553399409, 1251.7392430941834, -0.006866509078313851, 0.09154555363933851, -0.00011071039813463475, -0.001225691149512286, 2.312121212121212] in 2 iterations
Lunar chi-square: 1.8892235426714272
Maximum: -12.405235453199298 Param: [2.28792372207672e-6, 224.70079648448814, 3503.7686357628286, -0.0875318060816787, -0.03878186920495546, 2.5169374830087097e-6, 365.25641095612025, 3624.407829095339, -0.05754890023885256, -0.028375479747891473, 0.0007101160473939316, 4462.216939989648, 1251.7388446781313, -0.006868749316206198, 0.09154759526470119, -0.00011071027139981491, -0.0012256917759458593, 2.3141663943523985]
FITS/p3_fit100s17yrs.jld2 loaded.
Previous model params: [3.6727583608678204e-6, 224.70078203335993, 3503.768781130155, -0.09107010240570079, -0.028510866952548942, 2.578584067251898e-6, 365.25640362994415, 3624.407904981474, -0.05734942382812228, -0.02130736485468724, 0.0008518098031030843, 4554.932277452646, 1137.2735343115132, 0.014372140184879112, 0.08798310195110932]
Finished lunar search: [2.4539421581524487e-6, 224.70078260895144, 3503.768769120249, -0.08175749776693332, -0.036338918509865085, 2.600580634580301e-6, 365.2564121804326, 3624.4078688705513, -0.05266456772462959, -0.027159957556598436, 0.0007944703662790368, 4535.62672386923, 1154.3583916950988, 0.006721806181473938, 0.08492802518519396, -0.0001857694885661401, -0.0011394466513482172, 2.3036363636363637] in 2 iterations
Lunar chi-square: 2.5394005085887437
Maximum: -20.502416724517918 Param: [2.453918448626235e-6, 224.70078260928582, 3503.768769112349, -0.08175967750526875, -0.03633879632101432, 2.6005721930992e-6, 365.25641218279264, 3624.4078688466375, -0.05266632254824693, -0.027159782888446463, 0.0007944439758547368, 4535.603893308421, 1154.399394756463, 0.006719765383279649, 0.0849313141830113, -0.00018576832428940842, -0.0011394520739962397, 2.30211229896139]
FITS/p3_fit100s19yrs.jld2 loaded.
Previous model params: [3.178998933500707e-6, 224.70078885591937, 3503.7686375663357, -0.13131804269929753, -0.041149397660161624, 2.351597859785325e-6, 365.25646980836507, 3624.4073751556693, -0.08991877162724958, -0.030785713399304148, 0.0003609534259756287, 4216.76489472998, 1665.62973500765, -0.09359223660958763, 0.17425070094837322]
Finished lunar search: [2.214944825620945e-6, 224.7007795130473, 3503.768785595821, -0.08427041798955398, -0.028207415920350264, 2.542564921880615e-6, 365.2564228227562, 3624.407778206694, -0.05592086717148074, -0.020370699425236647, 0.0007568895284151344, 4470.368506401814, 1293.707081506714, 0.0117157223612388, 0.09587773233257244, -0.00013244554817425032, -0.001303842651985374, 2.3] in 2 iterations
Lunar chi-square: 2.8607752005773883
Maximum: -25.751769612808975 Param: [2.214937023193868e-6, 224.70077951318154, 3503.7687855929016, -0.08427164408250992, -0.028208406360024522, 2.542559650128583e-6, 365.25642282313316, 3624.4077782035297, -0.05592178829730457, -0.02037147369680354, 0.0007568710036131768, 4470.365040241084, 1293.7118892009785, 0.011712808717168057, 0.09587957553905466, -0.00013245169580183887, -0.001303841657481465, 2.300193712359364]
FITS/p3_fit100s21yrs.jld2 loaded.
Previous model params: [3.4759800810061074e-6, 224.7007914771059, 3503.768622699608, -0.10513656061126277, -0.04654406692221396, 2.5194706739700124e-6, 365.25646333547866, 3624.4074123007576, -0.06911081206424616, -0.03457233003144949, 0.0004593003869491001, 4246.465792423348, 1533.9570636876856, -0.0564753173769524, 0.12945098001571315]
Finished lunar search: [2.308860009792091e-6, 224.70079117161248, 3503.76863803389, -0.07492841933463056, -0.03697674624576873, 2.634211448481548e-6, 365.2564590076035, 3624.407460415001, -0.049309188592960365, -0.02727312737889514, 0.0006484702640117876, 4213.996277027304, 1520.9938471550315, -0.0013991841298232124, 0.08668998168279747, -0.00010442042923398944, -0.0013536420046381028, 2.3036363636363637] in 2 iterations
Lunar chi-square: 4.16053263086237
Maximum: -39.205185314411096 Param: [2.308865809089598e-6, 224.70079117149726, 3503.7686380359733, -0.07492730431394552, -0.0369776622300436, 2.634216880347873e-6, 365.2564590074313, 3624.407460418442, -0.049308283511076786, -0.027273901378165245, 0.0006484692954127908, 4214.00050126178, 1520.9773851615148, -0.001400669829561594, 0.08668865315278663, -0.00010442722412584587, -0.0013536431007810834, 2.3037119211894885]
FITS/p3_fit100s23yrs.jld2 loaded.
Previous model params: [3.5723265719973313e-6, 224.70078107893391, 3503.7687297906905, -0.08915492342623917, -0.05618416276684925, 2.5542593457574364e-6, 365.25647336519603, 3624.407316039885, -0.05581418991623187, -0.04203520932813967, 0.00040715854787954807, 4201.386410943476, 1476.3955453846934, -0.10277322908941874, 0.11246675370129977]
Finished lunar search: [2.289782946246823e-6, 224.70078310525523, 3503.7686931173703, 0.0024542930525954312, -0.0032886981405533676, 3.0253872722754812e-6, 365.25646484124485, 3624.407438536106, 0.014594674602639747, 0.0002671037256335679, 0.0008917759575721077, 4210.478596919356, 567.9054115372177, 0.032870909927091074, -0.05119123084559248, 0.0001378804558840411, -0.0017741113981928072, 2.3145454545454545] in 2 iterations
Lunar chi-square: 2.7784683084757873
Maximum: -30.656994230688866 Param: [2.2897798480336592e-6, 224.70078310523033, 3503.7686931177755, 0.0024545168006050947, -0.003288904965525897, 3.0253888439936753e-6, 365.2564648412299, 3624.40743853611, 0.014594854300468226, 0.00026692828247629126, 0.0008917717877594759, 4210.478059573551, 567.9086924541817, 0.03287035604033391, -0.05119121054545722, 0.00013787965965769046, -0.001774113750112845, 2.3153109738722613]
FITS/p3_fit100s25yrs.jld2 loaded.
Previous model params: [3.744848465834247e-6, 224.70077760895018, 3503.7687794557073, -0.08365406020090302, -0.057943846088483124, 2.6032400232577296e-6, 365.256466034726, 3624.407402370862, -0.050760721299106235, -0.04451688461420172, 0.00044063958481975214, 4227.056668145716, 1424.1873867260267, -0.07778956374386527, 0.1039992635381249]
Finished lunar search: [2.186169533834697e-6, 224.70077923680887, 3503.7687463406396, 0.0014778329453232451, -0.006835199952542672, 3.061284896127389e-6, 365.2564651987144, 3624.4074476092437, 0.014203283133559307, -0.0028765601598446365, 0.0009544124136229082, 4224.311007109593, 596.4978721345105, 0.03638100497854146, -0.042459933643796376, 0.00010389886172058284, -0.001854887916868065, 2.3145454545454545] in 2 iterations
Lunar chi-square: 3.086718323455558
Maximum: -36.63102609759796 Param: [2.186177788477278e-6, 224.7007792368177, 3503.768746340469, 0.0014776690683418836, -0.006834900103662671, 3.0612839664980514e-6, 365.2564651985454, 3624.4074476117594, 0.014203170227812568, -0.0028763143775939813, 0.0009544168997459961, 4224.312832131798, 596.4914627225398, 0.03638148815031846, -0.04245994376434424, 0.00010389658793756293, -0.0018548834572256676, 2.3143835165160693]
FITS/p3_fit100s27yrs.jld2 loaded.
Previous model params: [3.5767315280704918e-6, 224.7007739387329, 3503.768844068634, -0.08937137044755132, -0.06141055790741597, 2.5598639928107025e-6, 365.25646034215026, 3624.4074825770663, -0.05579986835754235, -0.047813805900740865, 0.00047649108397165743, 4281.270272875268, 1392.010399494011, -0.04831164672997249, 0.10614885955632739]
Finished lunar search: [2.4363650076227834e-6, 224.70077685782854, 3503.768782396467, 0.00464829194270253, -0.003791172350478133, 3.077225595276084e-6, 365.2564511072062, 3624.407593128908, 0.016921268978131888, -0.0006679858777182461, 0.0009140292172814131, 4258.687643957754, 550.1065445661284, 0.031200381553676996, -0.03508160548590319, 8.288093126238132e-5, -0.0017062990763008178, 2.313030303030303] in 2 iterations
Lunar chi-square: 3.918897431502659
Maximum: -47.803362136790575 Param: [2.4363759237055036e-6, 224.70077685790818, 3503.7687823949896, 0.0046482342903810215, -0.003790215747797388, 3.077225300052994e-6, 365.25645110715004, 3624.4075931304415, 0.016921222796566278, -0.000667192186916996, 0.0009140386490504067, 4258.689170862724, 550.0957409917226, 0.03120196495546932, -0.035082018272642804, 8.288372061990587e-5, -0.0017062945949061772, 2.3128071699618737]
FITS/p3_fit100s29yrs.jld2 loaded.
Previous model params: [3.6438813139430427e-6, 224.70077417362828, 3503.7688269786167, -0.08444106969716374, -0.06484824296918022, 2.583944705529329e-6, 365.2564566749674, 3624.4074832725328, -0.0515531747908624, -0.0500956868394831, 0.00040372561132834164, 4220.193796304303, 1462.2126777935823, -0.0864673791493182, 0.12030231063181157]
Finished lunar search: [2.383557920343608e-6, 224.70077506548557, 3503.768808154194, 0.004645796957665643, -0.003444193223723505, 3.071952717711348e-6, 365.25645028241894, 3624.407596285286, 0.016708398985673386, -0.0004771127099814262, 0.000867936726825993, 4248.970277479102, 572.069163377696, 0.024761551324175332, -0.03488908360231765, 8.899507583596064e-5, -0.001768722567559489, 2.313030303030303] in 2 iterations
Lunar chi-square: 4.131102352894701
Maximum: -53.90468282588413 Param: [2.3836053560451162e-6, 224.70077506544865, 3503.768808154426, 0.004646238629572334, -0.0034432451520677726, 3.0719551946528785e-6, 365.2564502815022, 3624.407596300622, 0.016708788950281907, -0.0004763841083083873, 0.000867929670895308, 4248.979829308046, 572.0345330261744, 0.024760809792708324, -0.03489131095548928, 8.896407655850662e-5, -0.0017687046897003765, 2.313122039767164]
FITS/p3_fit110s15yrs.jld2 loaded.
Previous model params: [3.4587624453217593e-6, 224.7007944761533, 3503.7686750468533, -0.10677317433497749, -0.026985544443584766, 2.4691292653690954e-6, 365.25640749954505, 3624.4078910871035, -0.06969566430752319, -0.01907913631725618, 0.0007740043372155413, 4595.720880564802, 1157.8414625075743, 0.0031555867886353, 0.09961655003244592]
Finished lunar search: [2.2878975404886395e-6, 224.7007964844765, 3503.76863576228, -0.08753493136737367, -0.03878236288289312, 2.5169261481959293e-6, 365.2564109560032, 3624.4078290990255, -0.05755136845927315, -0.028375818602418865, 0.0007100898994865914, 4462.2218511383135, 1251.7457571307134, -0.006872834435928171, 0.09155237903165647, -0.00011071142964613612, -0.0012256947666197603, 2.312121212121212] in 2 iterations
Lunar chi-square: 1.5613417702974588
Maximum: -8.688138434518883 Param: [2.287921799157916e-6, 224.70079648438053, 3503.768635764659, -0.08753267646638285, -0.03878158456075533, 2.5169346441069107e-6, 365.2564109557987, 3624.407829100372, -0.05754957042472455, -0.02837524495368905, 0.0007101146374877134, 4462.222871601513, 1251.737035591645, -0.0068686721278381066, 0.09154868651144028, -0.00011071050031660703, -0.0012256878919106385, 2.3141661913629594]
FITS/p3_fit110s17yrs.jld2 loaded.
Previous model params: [3.672758654596656e-6, 224.70078203330755, 3503.7687811312903, -0.09107010066402228, -0.02851098522257868, 2.5785839815969155e-6, 365.2564036295023, 3624.4079049860957, -0.05734941300721567, -0.021307466917591146, 0.0008518103669167767, 4554.936191250962, 1137.2678630816806, 0.01437203679160093, 0.08798313106705744]
Finished lunar search: [2.4539342737771367e-6, 224.70078260894707, 3503.7687691203287, -0.08175801666977008, -0.03633975186097162, 2.6005791012830395e-6, 365.25641218007024, 3624.407868874771, -0.05266496068493397, -0.02716060396151921, 0.0007944607808449638, 4535.63015329993, 1154.3538849330305, 0.006720175257668429, 0.08492881068849602, -0.00018577351464232504, -0.0011394497264567978, 2.3036363636363637] in 2 iterations
Lunar chi-square: 2.0986781068110663
Maximum: -16.30876881878181 Param: [2.453931378467702e-6, 224.70078260895272, 3503.7687691200817, -0.08175818120237995, -0.03633992629831878, 2.600578323714231e-6, 365.2564121799525, 3624.407868875981, -0.052665082720754576, -0.027160734663332905, 0.0007944570717527959, 4535.629973138991, 1154.355390907747, 0.006719660898012845, 0.08492932314142494, -0.00018577499318063985, -0.0011394508240675971, 2.302112547348789]
FITS/p3_fit110s19yrs.jld2 loaded.
Previous model params: [3.1790009107496243e-6, 224.70078885655514, 3503.768637557387, -0.13131808261477323, -0.04114933746088051, 2.351597506406406e-6, 365.25646981064517, 3624.407375134302, -0.08991883502415245, -0.030785653882268886, 0.0003609526902562812, 4216.741889832009, 1665.659295737736, -0.09359060062323757, 0.17424966662824273]
Finished lunar search: [2.214947851908443e-6, 224.70077951329995, 3503.768785592189, -0.08427013892500636, -0.028207104772029725, 2.5425649844074907e-6, 365.25642282385803, 3624.4077781959413, -0.05592065332140235, -0.020370432255030876, 0.0007568929271684301, 4470.359744350802, 1293.7178463210944, 0.011716579265841135, 0.09587703010004649, -0.00013244216009358016, -0.001303842309955711, 2.3] in 2 iterations
Lunar chi-square: 2.3642770242272726
Maximum: -21.08157079158581 Param: [2.2149335471835935e-6, 224.7007795130212, 3503.7687855951713, -0.08427179836948814, -0.028208654345380592, 2.5425588679190214e-6, 365.2564228224815, 3624.4077782097397, -0.05592190951096254, -0.0203716678526738, 0.0007568690768737953, 4470.370436226585, 1293.7045245557892, 0.011712074007857187, 0.09587990373946721, -0.0001324524571930938, -0.0013038430520899559, 2.300193791037877]
FITS/p3_fit110s21yrs.jld2 loaded.
Previous model params: [3.4759704119970804e-6, 224.70079147715677, 3503.7686226984133, -0.10513754306277667, -0.04654459010969455, 2.5194663438753054e-6, 365.2564633356007, 3624.4074122988345, -0.06911158118046935, -0.034572719354857166, 0.0004592938056152762, 4246.46451337883, 1533.9623562934296, -0.056478051569217855, 0.12945299372349445]
Finished lunar search: [2.3088752014258024e-6, 224.70079117151138, 3503.7686380356895, -0.07492687605777525, -0.0369769751468046, 2.634218821684151e-6, 365.2564590076133, 3624.4074604160523, -0.0493079327051589, -0.02727336787607074, 0.0006484775373767071, 4213.998180183167, 1520.9824036941025, -0.0013985021315929256, 0.08668806200364139, -0.00010442786532227291, -0.0013536384791967794, 2.3036363636363637] in 2 iterations
Lunar chi-square: 3.4384567214386417
Maximum: -33.9631254389108 Param: [2.308865003466979e-6, 224.70079117150698, 3503.768638035578, -0.07492729934896923, -0.036978132394111005, 2.634217068802168e-6, 365.25645900745826, 3624.40746041815, -0.049308273037541095, -0.027274271448432353, 0.0006484646507245676, 4214.000187584314, 1520.9762400174625, -0.0014018239255503312, 0.08668897069265556, -0.00010443139684977155, -0.0013536428602152501, 2.303711788425772]
FITS/p3_fit110s23yrs.jld2 loaded.
Previous model params: [3.572343495528112e-6, 224.700781079072, 3503.7687297881007, -0.08915317435749978, -0.056184643001547914, 2.5542671702676607e-6, 365.2564733654744, 3624.4073160364765, -0.0558128021935836, -0.04203561154835812, 0.0004071537989380844, 4201.385465193988, 1476.3828073970897, -0.10277849117133143, 0.11246466294409495]
Finished lunar search: [2.289770196206732e-6, 224.70078310519403, 3503.7686931184385, 0.002454476873881606, -0.0032893186962093444, 3.025388912180834e-6, 365.2564648413073, 3624.407438534772, 0.014594820004544732, 0.00026659847288853735, 0.0008917714383204005, 4210.477171528992, 567.9146151913703, 0.032870024429394705, -0.05119085685050492, 0.0001378809519415188, -0.0017741176957227725, 2.3145454545454545] in 2 iterations
Lunar chi-square: 2.2962547995571887
Maximum: -24.938383431506946 Param: [2.289738853436239e-6, 224.70078310506304, 3503.7686931206736, 0.002454541619145922, -0.0032901171132357783, 3.0253898795771315e-6, 365.25646484133347, 3624.4074385321255, 0.014594854953803334, 0.00026597220615049317, 0.0008917723950623559, 4210.472696373444, 567.9322613420079, 0.032869863308762876, -0.05118976569681999, 0.00013788622972413152, -0.00177413267655187, 2.315311711010412]
FITS/p3_fit110s25yrs.jld2 loaded.
Previous model params: [3.7448678073847886e-6, 224.70077760895518, 3503.7687794566023, -0.08365189234812566, -0.05794388890284347, 2.6032510123400734e-6, 365.25646603443374, 3624.4074023759204, -0.050758998006162785, -0.04451698257610593, 0.00044064716044484373, 4227.062253727468, 1424.1651438783201, -0.07778775143840973, 0.1039949810610376]
Finished lunar search: [2.1861434488612247e-6, 224.7007792367613, 3503.7687463416655, 0.0014776650784214908, -0.006835672862695295, 3.0612841147322223e-6, 365.2564651989279, 3624.4074476054743, 0.01420312982051386, -0.002876933002270705, 0.0009544158103937011, 4224.307801225419, 596.5117242184996, 0.03638108204387032, -0.042458949439591755, 0.00010390378551097549, -0.0018548990867629706, 2.3145454545454545] in 2 iterations
Lunar chi-square: 2.551006875434403
Maximum: -30.43586436630644 Param: [2.186165735316612e-6, 224.70077923680137, 3503.7687463408456, 0.0014778430865414072, -0.006835192507904775, 3.061284884808272e-6, 365.2564651986841, 3624.407447609918, 0.014203277340581747, -0.002876551331130565, 0.0009544131182921667, 4224.312017989364, 596.496158539754, 0.036381023193679224, -0.04245989199548621, 0.00010390047096628753, -0.0018548897967192524, 2.3143838365640907]
FITS/p3_fit110s27yrs.jld2 loaded.
Previous model params: [3.5767603536010383e-6, 224.7007739387091, 3503.7688440693114, -0.08936837964500312, -0.06141025160809437, 2.559876025579225e-6, 365.256460342123, 3624.4074825779026, -0.05579750533838593, -0.04781360655549817, 0.0004765000160585701, 4281.27184256051, 1391.9928568605067, -0.048310125967647895, 0.10614463006933739]
Finished lunar search: [2.4363612145125763e-6, 224.70077685783426, 3503.7687823965143, 0.004648448716647351, -0.0037911837439375613, 3.0772267325223554e-6, 365.25645110720245, 3624.4075931294665, 0.016921393004841842, -0.0006680016998656748, 0.0009140301674719572, 4258.687411649709, 550.1096248028199, 0.031200588891990292, -0.035081256158654095, 8.288091944173143e-5, -0.001706301423780041, 2.313030303030303] in 2 iterations
Lunar chi-square: 3.2387582087293625
Maximum: -41.131649559953615 Param: [2.4363716488206404e-6, 224.70077685786896, 3503.768782395469, 0.004648315378819922, -0.0037906375251768585, 3.077225738292449e-6, 365.25645110728453, 3624.4075931276184, 0.016921287740359912, -0.0006675559223130156, 0.000914030360149842, 4258.686075801348, 550.1064979143184, 0.03120083404320828, -0.035081730239269505, 8.288193006371758e-5, -0.0017062965251851605, 2.3128071949954876]
FITS/p3_fit110s29yrs.jld2 loaded.
Previous model params: [3.643901759268349e-6, 224.7007741734688, 3503.7688269824953, -0.08443908263059623, -0.06484806047285349, 2.5839528158056607e-6, 365.25645667422435, 3624.407483283864, -0.05155158854097896, -0.050095582455778886, 0.00040373135172556225, 4220.202033572561, 1462.181344707248, -0.08646769027617389, 0.12029780039331023]
Finished lunar search: [2.383621842032636e-6, 224.7007750655477, 3503.7688081520996, 0.004645342060400418, -0.0034425234460396066, 3.0719497123408788e-6, 365.2564502822484, 3624.407596289557, 0.016708110119620794, -0.0004757725860953846, 0.000867930518244939, 4248.975173092494, 572.0408809870247, 0.024760820243764275, -0.034891228224237986, 8.898360234702603e-5, -0.0017686931180848193, 2.313030303030303] in 2 iterations
Lunar chi-square: 3.414134171577327
Maximum: -46.66110911213083 Param: [2.383571441556105e-6, 224.70077506549327, 3503.7688081538868, 0.004645938987468081, -0.003443428343172675, 3.071953404294656e-6, 365.25645028220487, 3624.4075962889483, 0.016708511688748845, -0.0004764973250358065, 0.00086793760967194, 4248.972479433676, 572.0572499557514, 0.0247620409339059, -0.034889821982997796, 8.899461593439036e-5, -0.001768718074468802, 2.3131232165915923]
FITS/p3_fit120s15yrs.jld2 loaded.
Previous model params: [3.458771645583418e-6, 224.7007944762627, 3503.76867504526, -0.10677224419401578, -0.026985078653648426, 2.4691325261708066e-6, 365.25640750007744, 3624.4078910803973, -0.0696949599138654, -0.019078763205867284, 0.0007740115068308371, 4595.71217404644, 1157.8514469739941, 0.0031572872417905103, 0.09961553550268464]
Finished lunar search: [2.2879306407927148e-6, 224.7007964842726, 3503.768635766381, -0.0875317855532857, -0.038780863313678186, 2.5169388132329007e-6, 365.2564109555793, 3624.40782910191, -0.05754887376615923, -0.028374700818464344, 0.0007101249693600701, 4462.223731206765, 1251.735130555259, -0.006866682540460746, 0.09154760810915968, -0.00011070712649298705, -0.0012256856419274951, 2.312121212121212] in 2 iterations
Lunar chi-square: 1.311960792555297
Maximum: -5.294694723869319 Param: [2.2879229427399863e-6, 224.70079648445648, 3503.76863576326, -0.08753209819966835, -0.038781673461431056, 2.5169364032976914e-6, 365.2564109560268, 3624.407829096602, -0.05754912835697505, -0.02837532495528153, 0.0007101153940502963, 4462.218280917908, 1251.7391227540768, -0.006868738132985076, 0.09154805788867737, -0.00011071044546159245, -0.0012256906632410476, 2.3141662487526364]
FITS/p3_fit120s17yrs.jld2 loaded.
Previous model params: [3.672761294969855e-6, 224.70078203331744, 3503.7687811312853, -0.0910698922534254, -0.028510799658982955, 2.5785845719294745e-6, 365.2564036296387, 3624.4079049848083, -0.057349252645342144, -0.02130731963628036, 0.0008518139774320656, 4554.934770237803, 1137.2701303857732, 0.014372688505878115, 0.08798281984827643]
Finished lunar search: [2.4539087531617577e-6, 224.70078260911458, 3503.7687691157407, -0.08176026861568773, -0.036340265329509, 2.6005701036195777e-6, 365.25641218103203, 3624.407868865027, -0.052666745126353096, -0.02716095735182812, 0.0007944326982956593, 4535.620639503411, 1154.374799265167, 0.00671686069086508, 0.08493218061089629, -0.0001857729177397872, -0.0011394564839083134, 2.3036363636363637] in 2 iterations
Lunar chi-square: 1.763472575975086
Maximum: -12.480268232647939 Param: [2.453937773360071e-6, 224.7007826088502, 3503.7687691223173, -0.08175772994279619, -0.03633956913272798, 2.6005801130978335e-6, 365.25641217947015, 3624.407868880499, -0.05266473211311989, -0.02716047746651209, 0.0007944662092006019, 4535.636683576752, 1154.3439167495196, 0.006720500764418687, 0.08492831384875148, -0.0001857720505177829, -0.0011394488436838805, 2.3021126162955827]
FITS/p3_fit120s19yrs.jld2 loaded.
Previous model params: [3.1790091643932356e-6, 224.70078885636332, 3503.768637560289, -0.13131697678786575, -0.04114895419359779, 2.351601735370164e-6, 365.25646980997436, 3624.4073751409715, -0.08991795148492926, -0.0307853720259896, 0.00036095648410139147, 4216.7492558908925, 1665.6471081483148, -0.09358898037029846, 0.1742483060314467]
Finished lunar search: [2.2149326542880363e-6, 224.70077951287303, 3503.768785597313, -0.08427156640034364, -0.02820921091592193, 2.542559676543108e-6, 365.2564228218418, 3624.4077782154054, -0.055921708809548075, -0.020372102337234008, 0.0007568711349066087, 4470.374675222507, 1293.6956694942023, 0.011711704692042413, 0.0958792872114746, -0.00013245650178369127, -0.001303844442906321, 2.3] in 2 iterations
Lunar chi-square: 1.9866494440947404
Maximum: -16.818013320647722 Param: [2.214937564320629e-6, 224.70077951328258, 3503.768785591742, -0.08427121854025989, -0.028208080555457912, 2.542560691171253e-6, 365.2564228236647, 3624.407778198362, -0.055921485062946655, -0.02037120518349498, 0.0007568768327873156, 4470.360817580137, 1293.715884070199, 0.011713780415724743, 0.09587865559499104, -0.00013244797319634244, -0.0013038438551467983, 2.30019389755825]
FITS/p3_fit120s21yrs.jld2 loaded.
Previous model params: [3.475944768292078e-6, 224.70079147732505, 3503.7686226943288, -0.10514018781393995, -0.046544916157979094, 2.5194540842500023e-6, 365.2564633358755, 3624.407412292584, -0.06911364956748306, -0.03457290547599335, 0.00045928067160159954, 4246.455173589244, 1533.9867697411669, -0.05648216626872761, 0.12945744802506443]
Finished lunar search: [2.30887317816461e-6, 224.70079117146318, 3503.7686380364166, -0.07492634631129197, -0.03697739148482239, 2.6342217912116444e-6, 365.2564590075563, 3624.407460416584, -0.049307529353100114, -0.027273721731507182, 0.000648477080697572, 4213.998652601134, 1520.9769898875052, -0.0013991776369541025, 0.0866871941236621, -0.00010442751498234341, -0.0013536424568312106, 2.3036363636363637] in 2 iterations
Lunar chi-square: 2.8892587700351013
Maximum: -29.177499677445983 Param: [2.308871185605393e-6, 224.7007911714764, 3503.7686380360874, -0.07492647680905516, -0.03697758181577297, 2.6342209410668137e-6, 365.25645900755416, 3624.4074604165316, -0.04930762480385992, -0.02727386410421195, 0.0006484758456729715, 4213.997567300772, 1520.9790004280578, -0.0013992024928847937, 0.08668739959890615, -0.00010442902643696266, -0.0013536426385421406, 2.303711725636505]
FITS/p3_fit120s23yrs.jld2 loaded.
Previous model params: [3.5722933802019773e-6, 224.70078107905624, 3503.7687297875655, -0.08915846781280745, -0.05618452156409074, 2.554242922241767e-6, 365.2564733652261, 3624.4073160362104, -0.05581698917087797, -0.04203540223986769, 0.000407142613612724, 4201.379571415061, 1476.428269498052, -0.10277970337702784, 0.11247525321996792]
Finished lunar search: [2.289743464829394e-6, 224.7007831051201, 3503.7686931194276, 0.0024544894557030667, -0.003289457775492338, 3.0253888848079663e-6, 365.2564648413419, 3624.4074385310205, 0.014594792983903652, 0.000266500242926441, 0.0008917734296882281, 4210.470888398356, 567.9313540911637, 0.03287049066801349, -0.05119002587038804, 0.0001378888771505247, -0.0017741308112125254, 2.3145454545454545] in 2 iterations
Lunar chi-square: 1.9294918809311632
Maximum: -19.717700823754374 Param: [2.289760592978402e-6, 224.7007831051365, 3503.7686931195094, 0.0024547767398207924, -0.0032895341331550874, 3.025390679013936e-6, 365.2564648412164, 3624.4074385354606, 0.01459504268034834, 0.00026642951719758743, 0.0008917689664364504, 4210.476672284941, 567.9166926887493, 0.0328698214937404, -0.05119081896434396, 0.0001378826267889124, -0.0017741238972136966, 2.3153113662894427]
FITS/p3_fit120s25yrs.jld2 loaded.
Previous model params: [3.7448993867988372e-6, 224.70077760892474, 3503.768779458352, -0.0836487643828052, -0.0579434963306337, 2.6032644026402235e-6, 365.2564660340157, 3624.4074023825697, -0.05075653655506854, -0.04451674522868426, 0.0004406599806343088, 4227.067809789774, 1424.138708314632, -0.07778336817364398, 0.10398909588794829]
Finished lunar search: [2.1861542274122226e-6, 224.70077923678016, 3503.7687463410816, 0.0014779435229804018, -0.0068353811366986105, 3.061285538256997e-6, 365.2564651989216, 3624.4074476057476, 0.014203342613737641, -0.0028767082511881106, 0.0009544100592327957, 4224.30774812102, 596.507929193295, 0.03638078023364404, -0.04245955657344878, 0.00010390347926328868, -0.001854895593288493, 2.3145454545454545] in 2 iterations
Lunar chi-square: 2.1435543923109144
Maximum: -24.780124921491225 Param: [2.1861260984604413e-6, 224.7007792367329, 3503.7687463423936, 0.0014776549881522789, -0.006836310629868746, 3.061284008149263e-6, 365.2564651991397, 3624.407447602253, 0.014203106349139237, -0.0028774433748575564, 0.000954413378039145, 4224.305810398207, 596.5213263812898, 0.036380530220328944, -0.04245856606640991, 0.00010390834879800526, -0.00185490676607928, 2.3143844989795346]
FITS/p3_fit120s27yrs.jld2 loaded.
Previous model params: [3.576753379183541e-6, 224.70077393874288, 3503.768844068175, -0.0893689372290159, -0.06141097598216666, 2.5598747714086162e-6, 365.2564603422546, 3624.4074825750404, -0.05579793809866513, -0.047814169228538705, 0.00047649492943951797, 4281.269061549217, 1391.9990132118526, -0.04831196086487616, 0.10614536045479486]
Finished lunar search: [2.4363796084171182e-6, 224.70077685787948, 3503.768782395418, 0.004648511692483197, -0.0037903158131573056, 3.0772269009355666e-6, 365.25645110710815, 3624.407593131401, 0.016921442740433997, -0.000667305406937975, 0.000914030597834778, 4258.688956075887, 550.0976935631719, 0.03120101248007301, -0.03508206569735008, 8.288082952988439e-5, -0.0017062942464863835, 2.313030303030303] in 2 iterations
Lunar chi-square: 2.7214565524060816
Maximum: -35.040853196599585 Param: [2.4363618324545667e-6, 224.7007768578406, 3503.768782396363, 0.004648351464489666, -0.003791230322098234, 3.077226049586491e-6, 365.2564511072758, 3624.4075931279735, 0.016921314487608023, -0.0006680269842956713, 0.0009140315119609486, 4258.687377856229, 550.1085645349674, 0.031200709981631547, -0.0350813865208046, 8.288204941815972e-5, -0.0017063004946596336, 2.3128074055272374]
FITS/p3_fit120s29yrs.jld2 loaded.
Previous model params: [3.6438882996665637e-6, 224.7007741735575, 3503.7688269804958, -0.08444030847364756, -0.06484807886540345, 2.5839483715276424e-6, 365.25645667462146, 3624.407483278102, -0.05155256865074883, -0.05009557244633238, 0.00040372892588510893, 4220.197468522934, 1462.2034407559333, -0.08646598102102344, 0.12030136597607446]
Finished lunar search: [2.383579123566105e-6, 224.7007750654794, 3503.768808154042, 0.004646049207052136, -0.0034429405409888373, 3.0719538849764087e-6, 365.2564502818908, 3624.4075962938064, 0.01670859332132198, -0.0004761069962178848, 0.0008679378747026673, 4248.976111557932, 572.0432202853558, 0.024762214127271105, -0.034890673156116075, 8.899511965144648e-5, -0.0017687157663190533, 2.313030303030303] in 2 iterations
Lunar chi-square: 2.8688210745620095
Maximum: -40.04824445871804 Param: [2.383583608778575e-6, 224.70077506549973, 3503.7688081535184, 0.004646069821629745, -0.0034429644467206364, 3.071954156689513e-6, 365.2564502820756, 3624.4075962911115, 0.016708619806825944, -0.0004761314214860874, 0.0008679340187372109, 4248.974064189199, 572.048697026624, 0.024761735270279164, -0.03489059585331068, 8.899390145803568e-5, -0.0017687136892629788, 2.313123027314637]
