args = ["Hpp", "grid", "fromEMB", "100"]
INPUTS/EMBtt_10s14yrs.txt loaded.
Initial parameters: [3.0e-6, 224.70078350717512, 3503.7653768601735, 0.01, 0.01, 3.0e-6, 365.25637722323864, 3624.4029752074266, 0.01, 0.01]
Initial chi-square: 3072.33396688405
New initial 2-planet fit: [2.0305085765689445e-6, 224.70080440442362, 3503.7652917895275, -0.013200818510044756, -0.008181403858498783, 2.885017750012638e-6, 365.2564017480966, 3624.402789238383, -0.002748821757675328, -0.0055127912275530246] in 2 iterations.
New 2-planet chi-square: 2391.2303693552717
Maximum: -140.03213960439874 Param: [2.03051484085586e-6, 224.70080440441154, 3503.7652917894025, -0.013200872566948801, -0.008181427489691246, 2.8850152267073605e-6, 365.2564017481038, 3624.4027892384383, -0.0027487780686500877, -0.005512772899777479]
INPUTS/EMBtt_10s13yrs.txt loaded.
Initial parameters: [3.0e-6, 224.70080773878914, 3503.7652072388755, 0.01, 0.01, 3.0e-6, 365.25640632614653, 3624.402849094826, 0.01, 0.01]
Initial chi-square: 2823.6853680177114
New initial 2-planet fit: [2.1023733705432727e-6, 224.70080075955713, 3503.7653232618486, -0.022230025143992273, -0.010716106544244904, 2.8515993885517114e-6, 365.25638238501637, 3624.4028625825335, -0.01088856681550641, -0.007837684014045197] in 2 iterations.
New 2-planet chi-square: 2350.263015415114
Maximum: -131.958802879588 Param: [2.102366471397675e-6, 224.70080075956614, 3503.765323261956, -0.02222996542619298, -0.01071608151420092, 2.851602441910329e-6, 365.25638238500596, 3624.402862582469, -0.01088861506177813, -0.007837703801106731]
INPUTS/EMBtt_10s12yrs.txt loaded.
Initial parameters: [3.0e-6, 224.70081337092375, 3503.7651646919985, 0.01, 0.01, 3.0e-6, 365.25631516978115, 3624.4032137202885, 0.01, 0.01]
Initial chi-square: 2697.002110428421
New initial 2-planet fit: [1.8324342401222522e-6, 224.70077326398294, 3503.765502177921, -0.04129028177252236, 0.0189557637398997, 2.831631155537349e-6, 365.2563470000928, 3624.403018436759, -0.027258395732026593, 0.01405473553138064] in 2 iterations.
New 2-planet chi-square: 2141.9017861992643
Maximum: -118.87646567688788 Param: [1.8324284363102646e-6, 224.70077326397688, 3503.7655021779346, -0.041290231899113794, 0.01895578216648675, 2.8316332539049687e-6, 365.2563470000782, 3624.403018436693, -0.027258436802339026, 0.01405472095416815]
INPUTS/EMBtt_10s11yrs.txt loaded.
Initial parameters: [3.0e-6, 224.70072192927353, 3503.7656971683355, 0.01, 0.01, 3.0e-6, 365.25621551458374, 3624.4035791226775, 0.01, 0.01]
Initial chi-square: 2397.997183097325
New initial 2-planet fit: [1.4941480405961524e-6, 224.7007335807114, 3503.7657324929587, -0.10712244058163935, -0.04030763099758461, 2.321126953893018e-6, 365.25626287591314, 3624.4033221228315, -0.07849626479555899, -0.03132565239482086] in 2 iterations.
New 2-planet chi-square: 1607.5383457623986
Maximum: -103.35443034156529 Param: [1.4941480405961524e-6, 224.7007335807114, 3503.7657324929587, -0.10712244058163935, -0.04030763099758461, 2.321126953893018e-6, 365.25626287591314, 3624.4033221228315, -0.07849626479555899, -0.03132565239482086]
INPUTS/EMBtt_10s10yrs.txt loaded.
Initial parameters: [3.0e-6, 224.70074552426712, 3503.76557132837, 0.01, 0.01, 3.0e-6, 365.25614429314265, 3624.403816527482, 0.01, 0.01]
Initial chi-square: 1205.6331049525077
New initial 2-planet fit: [2.4652801344201974e-6, 224.70073225020604, 3503.7657142443045, -0.030245508295215745, 0.011731316039017309, 2.828671314866215e-6, 365.25611683483606, 3624.4037912799645, -0.014697512530208883, 0.012257598805313921] in 2 iterations.
New 2-planet chi-square: 886.9941158364534
Maximum: -88.24189853058843 Param: [2.4652782734720805e-6, 224.70073225020732, 3503.7657142443286, -0.03024549253616685, 0.011731313334089572, 2.8286721864906775e-6, 365.2561168348383, 3624.403791279951, -0.0146975251640013, 0.012257602159045991]
INPUTS/EMBtt_30s14yrs.txt loaded.
Initial parameters: [3.0e-6, 224.70078350717415, 3503.765376860187, 0.01, 0.01, 3.0e-6, 365.2563772232382, 3624.4029752074293, 0.01, 0.01]
Initial chi-square: 341.370441019708
New initial 2-planet fit: [2.030519134428732e-6, 224.7008044044041, 3503.7652917896553, -0.013199107873248572, -0.0081824252633855, 2.8850261769271093e-6, 365.2564017481091, 3624.4027892378913, -0.0027474580366921696, -0.0055135957130118774] in 2 iterations.
New 2-planet chi-square: 265.69226314055544
Maximum: -100.48209720413973 Param: [2.0305252790335635e-6, 224.70080440439213, 3503.765291789531, -0.013199163241749157, -0.008182447553985771, 2.8850237067069677e-6, 365.2564017481162, 3624.4027892379463, -0.0027474147144418326, -0.005513577284956414]
INPUTS/EMBtt_30s13yrs.txt loaded.
Initial parameters: [3.0e-6, 224.7008077387886, 3503.765207238883, 0.01, 0.01, 3.0e-6, 365.25640632614676, 3624.4028490948226, 0.01, 0.01]
Initial chi-square: 313.74281844505146
New initial 2-planet fit: [2.10237368405152e-6, 224.70080075952268, 3503.765323262206, -0.022229787531291824, -0.010716567649662343, 2.8516008736174506e-6, 365.25638238505536, 3624.4028625821784, -0.010888387382656054, -0.007838045263414802] in 2 iterations.
New 2-planet chi-square: 261.1403350155027
Maximum: -94.60598506287886 Param: [2.102366847681899e-6, 224.7008007595316, 3503.7653232623124, -0.022229728739175586, -0.010716543107323135, 2.851603898524394e-6, 365.2563823850451, 3624.4028625821143, -0.010888435319466908, -0.007838064584553007]
INPUTS/EMBtt_30s12yrs.txt loaded.
Initial parameters: [3.0e-6, 224.7008133709233, 3503.765164692003, 0.01, 0.01, 3.0e-6, 365.2563151697818, 3624.4032137202826, 0.01, 0.01]
Initial chi-square: 299.66690078244676
New initial 2-planet fit: [1.8324628164275344e-6, 224.70077326412334, 3503.7655021763026, -0.0412855779318073, 0.018955201415909836, 2.8316544130662613e-6, 365.256347000515, 3624.4030184348644, -0.027254521539052386, 0.014054338034329029] in 2 iterations.
New 2-planet chi-square: 237.98908745218185
Maximum: -84.81948473447498 Param: [1.8324560866857536e-6, 224.7007732641164, 3503.765502176318, -0.041285521049151896, 0.01895522258270535, 2.831656852618834e-6, 365.2563470004983, 3624.40301843479, -0.02725456866482949, 0.01405432104807476]
INPUTS/EMBtt_30s11yrs.txt loaded.
Initial parameters: [3.0e-6, 224.70072192927282, 3503.7656971683423, 0.01, 0.01, 3.0e-6, 365.2562155145845, 3624.403579122672, 0.01, 0.01]
Initial chi-square: 266.4441313321298
New initial 2-planet fit: [1.4942475513171942e-6, 224.70073358179033, 3503.7657324815204, -0.10710626267657548, -0.04030663544887639, 2.321179761508561e-6, 365.25626287715284, 3624.4033221184372, -0.07848265233495204, -0.03132484236169299] in 2 iterations.
New 2-planet chi-square: 178.61537181188316
Maximum: -72.59328626360067 Param: [1.4942475513171942e-6, 224.70073358179033, 3503.7657324815204, -0.10710626267657548, -0.04030663544887639, 2.321179761508561e-6, 365.25626287715284, 3624.4033221184372, -0.07848265233495204, -0.03132484236169299]
INPUTS/EMBtt_30s10yrs.txt loaded.
Initial parameters: [3.0e-6, 224.7007455242664, 3503.7655713283766, 0.01, 0.01, 3.0e-6, 365.25614429314396, 3624.4038165274737, 0.01, 0.01]
Initial chi-square: 133.95923378868397
New initial 2-planet fit: [2.465330867870781e-6, 224.7007322505793, 3503.7657142413427, -0.03023881295760364, 0.011731109326765663, 2.8287073868735777e-6, 365.25611683467537, 3624.40379127989, -0.01469209105249541, 0.01225742913512875] in 2 iterations.
New 2-planet chi-square: 98.55490181278992
Maximum: -59.67797903223287 Param: [2.4653285661796565e-6, 224.70073225058076, 3503.7657142413705, -0.03023879620182759, 0.011731105839748198, 2.828708477205736e-6, 365.25611683467827, 3624.4037912798767, -0.014692105822917054, 0.012257432888575441]
INPUTS/EMBtt_60s14yrs.txt loaded.
Initial parameters: [3.0e-6, 224.70078350717415, 3503.765376860187, 0.01, 0.01, 3.0e-6, 365.2563772232382, 3624.4029752074293, 0.01, 0.01]
Initial chi-square: 85.342610254927
New initial 2-planet fit: [2.030519134428732e-6, 224.7008044044041, 3503.7652917896553, -0.013199107873248572, -0.0081824252633855, 2.8850261769271093e-6, 365.2564017481091, 3624.4027892378913, -0.0027474580366921696, -0.0055135957130118774] in 2 iterations.
New 2-planet chi-square: 66.42306578513886
Maximum: -75.52879870398169 Param: [2.0305252790335635e-6, 224.70080440439213, 3503.765291789531, -0.013199163241749157, -0.008182447553985771, 2.8850237067069677e-6, 365.2564017481162, 3624.4027892379463, -0.0027474147144418326, -0.005513577284956414]
INPUTS/EMBtt_60s13yrs.txt loaded.
Initial parameters: [3.0e-6, 224.7008077387886, 3503.765207238883, 0.01, 0.01, 3.0e-6, 365.25640632614676, 3624.4028490948226, 0.01, 0.01]
Initial chi-square: 78.43570461126286
New initial 2-planet fit: [2.10237368405152e-6, 224.70080075952268, 3503.765323262206, -0.022229787531291824, -0.010716567649662343, 2.8516008736174506e-6, 365.25638238505536, 3624.4028625821784, -0.010888387382656054, -0.007838045263414802] in 2 iterations.
New 2-planet chi-square: 65.28508375387568
Maximum: -71.03898092384074 Param: [2.102366847681899e-6, 224.7008007595316, 3503.7653232623124, -0.022229728739175586, -0.010716543107323135, 2.851603898524394e-6, 365.2563823850451, 3624.4028625821143, -0.010888435319466908, -0.007838064584553007]
INPUTS/EMBtt_60s12yrs.txt loaded.
Initial parameters: [3.0e-6, 224.7008133709233, 3503.765164692003, 0.01, 0.01, 3.0e-6, 365.2563151697818, 3624.4032137202826, 0.01, 0.01]
Initial chi-square: 74.91672519561169
New initial 2-planet fit: [1.8324628164275344e-6, 224.70077326412334, 3503.7655021763026, -0.0412855779318073, 0.018955201415909836, 2.8316544130662613e-6, 365.256347000515, 3624.4030184348644, -0.027254521539052386, 0.014054338034329029] in 2 iterations.
New 2-planet chi-square: 59.49727186304546
Maximum: -63.33192213711668 Param: [1.8324560866857536e-6, 224.7007732641164, 3503.765502176318, -0.041285521049151896, 0.01895522258270535, 2.831656852618834e-6, 365.2563470004983, 3624.40301843479, -0.02725456866482949, 0.01405432104807476]
INPUTS/EMBtt_60s11yrs.txt loaded.
Initial parameters: [3.0e-6, 224.70072192927282, 3503.7656971683423, 0.01, 0.01, 3.0e-6, 365.2562155145845, 3624.403579122672, 0.01, 0.01]
Initial chi-square: 66.61103283303245
New initial 2-planet fit: [1.4942475513171942e-6, 224.70073358179033, 3503.7657324815204, -0.10710626267657548, -0.04030663544887639, 2.321179761508561e-6, 365.25626287715284, 3624.4033221184372, -0.07848265233495204, -0.03132484236169299] in 2 iterations.
New 2-planet chi-square: 44.65384295297079
Maximum: -53.18516520792221 Param: [1.4942475513171942e-6, 224.70073358179033, 3503.7657324815204, -0.10710626267657548, -0.04030663544887639, 2.321179761508561e-6, 365.25626287715284, 3624.4033221184372, -0.07848265233495204, -0.03132484236169299]
INPUTS/EMBtt_60s10yrs.txt loaded.
Initial parameters: [3.0e-6, 224.7007455242664, 3503.7655713283766, 0.01, 0.01, 3.0e-6, 365.25614429314396, 3624.4038165274737, 0.01, 0.01]
Initial chi-square: 33.489808447170994
New initial 2-planet fit: [2.465330867870781e-6, 224.7007322505793, 3503.7657142413427, -0.03023881295760364, 0.011731109326765663, 2.8287073868735777e-6, 365.25611683467537, 3624.40379127989, -0.01469209105249541, 0.01225742913512875] in 2 iterations.
New 2-planet chi-square: 24.63872545319748
Maximum: -41.65615233767429 Param: [2.4653285661796565e-6, 224.70073225058076, 3503.7657142413705, -0.03023879620182759, 0.011731105839748198, 2.828708477205736e-6, 365.25611683467827, 3624.4037912798767, -0.014692105822917054, 0.012257432888575441]
