args = ["Hppp", "grid", "fromEV", "200"]
FITS/p2_fit30s21yrs.jld2 loaded.
Previous model params: [3.06084174385409e-6, 224.7007743032683, 3503.76955945368, -0.19281478361749319, -0.042598521541081534, 2.0833581259415117e-6, 365.2563676200101, 3624.409585580599, -0.1405120113190393, -0.03383608669681068]
Finished 3-planet fit w/ fixed period: [3.4536789951987264e-6, 224.70078904952746, 3503.769335289191, -0.12433064999734345, -0.04102610230307921, 2.379970665180065e-6, 365.256447345394, 3624.408840875991, -0.08454888916949384, -0.03113625293482671, 0.0004170014205827443, 4233.415420467922, 1673.2980947696774, -0.03768174799803495, 0.15658988549539327] in 2 iterations
New 3-planet chi-square: 173.49382819066122
Maximum: -141.79390572506725 Param: [3.4530135874824726e-6, 224.70078905602074, 3503.7693351156304, -0.12439273025309379, -0.04103563193245377, 2.379717013380555e-6, 365.25644736399266, 3624.4088405327425, -0.0845968748464975, -0.031142473767463954, 0.00041665222226534057, 4232.97903422652, 1674.1383152282465, -0.03780850645364721, 0.15671407894955094]
FITS/p2_fit30s20yrs.jld2 loaded.
Previous model params: [3.250554641623633e-6, 224.7007791955778, 3503.769441803826, -0.1278893499139963, -0.039834094866021914, 2.366262853260917e-6, 365.2563597572784, 3624.409547948851, -0.08823098277885207, -0.029923966670501224]
Finished 3-planet fit w/ fixed period: [3.434016859197544e-6, 224.70079472998708, 3503.7692098301377, -0.0987091041537097, -0.034415728159502244, 2.5158314772748917e-6, 365.2564522803339, 3624.4086733432464, -0.06402117019365601, -0.024572866843745773, 0.0006403835154776482, 4285.702124929766, 1495.111139014265, -0.022459605708052693, 0.10717086775218984] in 2 iterations
New 3-planet chi-square: 111.31382523441422
Maximum: -122.52119012925905 Param: [3.4335682829059305e-6, 224.70079474627596, 3503.769209551482, -0.0987643809729452, -0.034443583531485446, 2.5155403910234043e-6, 365.2564523282371, 3624.4086728338048, -0.0640636493853837, -0.0245925866297082, 0.0006397605127408694, 4285.24297224944, 1495.8043257142585, -0.022596450087553364, 0.10725619651402074]
FITS/p2_fit30s19yrs.jld2 loaded.
Previous model params: [3.0583826923654483e-6, 224.7007837606709, 3503.7694592500316, -0.15134680083771074, -0.04797898969289932, 2.3400520464610004e-6, 365.25638872294815, 3624.4093075911724, -0.10792249366526997, -0.03774683325944928]
Finished 3-planet fit w/ fixed period: [3.321067271441653e-6, 224.70078261930448, 3503.769448724353, -0.111763571989447, -0.05257216212330893, 2.4847744894123657e-6, 365.2564139406874, 3624.409044201168, -0.07330245444894928, -0.03960633929060268, 0.0005839380641166337, 4529.0999999999985, 1217.319761183148, -0.01334563882443337, 0.1279566095573305] in 2 iterations
New 3-planet chi-square: 99.84840949597438
Maximum: -112.78950170463187 Param: [3.393342079493356e-6, 224.7007805284273, 3503.7694825077206, -0.10380797617617847, -0.05039491929289509, 2.5188646765927603e-6, 365.2564052566413, 3624.409125622488, -0.06695553631046992, -0.03804048478405253, 0.0006603267280795294, 4590.56092724732, 1120.4751380880996, -0.00046074238100698636, 0.11517554501357802]
FITS/p2_fit30s18yrs.jld2 loaded.
Previous model params: [2.7272992022670233e-6, 224.70078581804665, 3503.769497526125, -0.20051819835521398, -0.023645835217906846, 2.1376044391161233e-6, 365.2564165495545, 3624.409141328547, -0.14714588112852692, -0.023273419905524367]
Finished 3-planet fit w/ fixed period: [3.0527198972913726e-6, 224.70078049759474, 3503.769499926054, -0.16260164877907413, -0.028001010278726614, 2.3468016428660416e-6, 365.25640755969647, 3624.4090261203487, -0.11220781822300437, -0.02250839939058931, 0.0004605182575431513, 4529.0999999999985, 1410.7135525804251, -0.06231643447996672, 0.19693529730286782] in 2 iterations
New 3-planet chi-square: 117.33589648480337
Maximum: -111.97845719570967 Param: [3.1333550055783203e-6, 224.7007773601934, 3503.7695532646144, -0.15273287213518857, -0.027080889380894323, 2.375113126950195e-6, 365.25639045699205, 3624.4091877536735, -0.10429769128680026, -0.022043033036386415, 0.000526502071584527, 4644.968585683255, 1254.0271227125236, -0.04222235500709673, 0.18265402274017162]
FITS/p2_fit30s17yrs.jld2 loaded.
Previous model params: [3.445727011492304e-6, 224.7007837286275, 3503.769620999159, -0.11159162224251025, -0.03550883226434662, 2.4547104569202363e-6, 365.2564447344086, 3624.4089123562576, -0.07538877040586547, -0.02892518486327682]
Finished 3-planet fit w/ fixed period: [5.6021286669763195e-6, 224.70078606714657, 3503.769484862412, 0.031953015758126486, -0.008432641926826473, 3.3126096081643333e-6, 365.2563907151478, 3624.4090715992565, 0.042599467756365986, -0.0056232499998680316, 0.0007126063257772146, 4524.581015758515, 4590.653229424202, -0.03354864367425677, -0.0854757457866031] in 2 iterations
New 3-planet chi-square: 63.85945781317835
Maximum: -91.44706333420025 Param: [5.602128668126583e-6, 224.70078606714657, 3503.769484862412, 0.03195301575968463, -0.008432641926779673, 3.3126096077028905e-6, 365.2563907151478, 3624.4090715992565, 0.04259946775581282, -0.0056232500006749096, 0.0007126063252949193, 4524.5810350977945, 4590.653229048553, -0.03354864350345828, -0.08547574583389327]
FITS/p2_fit30s16yrs.jld2 loaded.
Previous model params: [2.381345580018389e-6, 224.70079713503205, 3503.7694972510835, -0.291564263457102, -0.04501325549661465, 1.8842430245974753e-6, 365.25647284810356, 3624.408880967552, -0.21913809594001676, -0.0373075119698708]
Finished 3-planet fit w/ fixed period: [3.856132173211782e-6, 224.7007906439819, 3503.7695644219584, -0.07696727657284981, -0.037144712037218565, 2.68778365993179e-6, 365.2564157969772, 3624.409103331689, -0.04498605234522848, -0.029745660934900813, 0.0011635843705225105, 4675.200000000002, 823.5906631317766, 0.025244274765018317, 0.045479632926313664] in 2 iterations
New 3-planet chi-square: 73.11831546060827
Maximum: -90.13365666625197 Param: [3.908212080587636e-6, 224.7007918252204, 3503.7695674560327, -0.07194923707605569, -0.03724188473457655, 2.6990290104034514e-6, 365.25640940886524, 3624.4091997457795, -0.04083189453242028, -0.029898447329008763, 0.0013363753433088346, 4866.646535431413, 556.7449053181888, 0.031147165467334974, 0.037441260921097765]
FITS/p2_fit30s15yrs.jld2 loaded.
Previous model params: [2.629108687556709e-6, 224.7007863403634, 3503.7693966896104, -0.21099866152032162, -0.018170869114950326, 2.1884023502569e-6, 365.25638502551044, 3624.4092008786033, -0.15464713189015764, -0.012074552429399569]
Finished 3-planet fit w/ fixed period: [3.422546999072965e-6, 224.70078178194942, 3503.769447252661, -0.11126407835101819, -0.025566165383380676, 2.603280456493348e-6, 365.25636041823896, 3624.4092519650717, -0.07205947057343216, -0.016310012220624576, 0.0008462389747068281, 4675.200000000002, 1104.062651487788, 0.01769518384680536, 0.09131389464589293] in 2 iterations
New 3-planet chi-square: 45.97578149038661
Maximum: -74.64823798585716 Param: [3.4564904808716363e-6, 224.70077804355557, 3503.769501678012, -0.10809477619390312, -0.025552801117958806, 2.6243655269552333e-6, 365.2563513576336, 3624.409362151537, -0.06937531297406054, -0.016507130051135275, 0.0009272627829251268, 4818.567187840061, 930.2054562009424, 0.023975143264406383, 0.0863222951551704]
FITS/p2_fit10s21yrs.jld2 loaded.
Previous model params: [3.057391120436556e-6, 224.7007741728564, 3503.769627371064, -0.1615954673813912, -0.047710677124496524, 2.3497736028393754e-6, 365.25638092739337, 3624.4093984115225, -0.11569253301200075, -0.03663291489690603]
Finished 3-planet fit w/ fixed period: [3.2962093168692597e-6, 224.7007897017773, 3503.7693822593924, -0.11715391416017816, -0.0480317086856262, 2.563470791680039e-6, 365.2564643569488, 3624.4085960755806, -0.07897268046936695, -0.03554585682530422, 0.000361407158699682, 4205.360304508974, 1644.0337220709525, -0.09855619971010253, 0.16431299117288226] in 3 iterations
New 3-planet chi-square: 801.8526917316916
Maximum: -183.89043515840146 Param: [3.295897644197948e-6, 224.70078970984855, 3503.769382009308, -0.11716058852536491, -0.04804796371300656, 2.5634216070143577e-6, 365.25646439310674, 3624.408595431196, -0.07897646257817656, -0.035557127382466636, 0.00036107669132624294, 4204.464730295954, 1645.3478306057473, -0.0987707899357636, 0.1643965421898047]
FITS/p2_fit10s20yrs.jld2 loaded.
Previous model params: [2.941758824051709e-6, 224.70078187673872, 3503.76951773726, -0.1807272775562917, -0.04929085617193053, 2.149017993502644e-6, 365.25637167678644, 3624.4094101081528, -0.12982603023970868, -0.03744092974546079]
Finished 3-planet fit w/ fixed period: [3.6642093851828508e-6, 224.70078731587532, 3503.769447746707, -0.0773773504036894, -0.03162891555027408, 2.602621589460912e-6, 365.25642718853163, 3624.408909824246, -0.04716769586385535, -0.02351109155821654, 0.000859945349817556, 4529.0999999999985, 1152.6957651175805, 0.0272497156486004, 0.0761425679242633] in 2 iterations
New 3-planet chi-square: 690.762527168106
Maximum: -169.9826985803066 Param: [3.7422663943055633e-6, 224.70078203475157, 3503.769528950693, -0.07091609780040661, -0.0319393623466972, 2.62772337588264e-6, 365.25640753534253, 3624.409093903581, -0.041989652279027206, -0.02402750698234958, 0.001034740443526178, 4701.671376159433, 907.6430151568753, 0.03611357131079583, 0.06510035915899375]
FITS/p2_fit10s19yrs.jld2 loaded.
Previous model params: [2.9335293215718475e-6, 224.70077741326884, 3503.7696110683687, -0.1690684900511169, -0.027672020738050522, 2.2551511227846616e-6, 365.25640159608486, 3624.409194410865, -0.12279400529986652, -0.021776601521021424]
Finished 3-planet fit w/ fixed period: [3.493014478332897e-6, 224.70077662088582, 3503.769594306024, -0.08887390653712306, -0.033910105694658285, 2.5632946337565143e-6, 365.2564314090483, 3624.4088582263116, -0.05636356736240801, -0.025090718128927558, 0.0007517639803499904, 4529.0999999999985, 1168.2889104428305, 0.007802169975485199, 0.09543730017059579] in 3 iterations
New 3-planet chi-square: 626.170438426594
Maximum: -157.77075369754155 Param: [3.569044905473871e-6, 224.70077414324234, 3503.7696350280376, -0.08129361178444848, -0.03197585873843653, 2.5972630973768483e-6, 365.2564221099013, 3624.408942283203, -0.05041214037170291, -0.02374817761769625, 0.0008798073921499579, 4599.340546952724, 1058.8065766515883, 0.021108321535797763, 0.08271098272073943]
FITS/p2_fit10s18yrs.jld2 loaded.
Previous model params: [2.8507530412762946e-6, 224.70078303977147, 3503.7695679380035, -0.1785938465983615, -0.027789284860871784, 2.124898857575678e-6, 365.25642577448895, 3624.409035065831, -0.13087826720491458, -0.023740109253170053]
Finished 3-planet fit w/ fixed period: [3.7337148745567305e-6, 224.70077916940113, 3503.769579977902, -0.08583344322468503, -0.022425558536800585, 2.5421723012164044e-6, 365.25642653294864, 3624.40884732526, -0.05405165592587465, -0.0164712429080261, 0.0008582963471325169, 4466.984319054516, 1250.1621345563995, 0.025702937181117783, 0.08563474578728517] in 2 iterations
New 3-planet chi-square: 465.41003157654285
Maximum: -144.35859192636104 Param: [3.7339433312492565e-6, 224.70077915240276, 3503.7695802609555, -0.0858128240314994, -0.022419391552725976, 2.5422278618111994e-6, 365.2564264584451, 3624.408848032522, -0.05403499753677483, -0.0164672184061655, 0.0008588222448545176, 4467.565851405854, 1249.4298576014169, 0.025750634021843192, 0.085610522557094]
FITS/p2_fit10s17yrs.jld2 loaded.
Previous model params: [2.762212707613621e-6, 224.70078970609404, 3503.7694213390487, -0.21165400308700483, -0.04176326971151199, 2.02803299068504e-6, 365.2564328618318, 3624.409049450193, -0.1563929734810237, -0.03348589575233396]
Finished 3-planet fit w/ fixed period: [3.783734603001471e-6, 224.7007817954746, 3503.7694852565387, -0.08253080372886075, -0.02685955378238597, 2.5717958563010125e-6, 365.25639595729746, 3624.4091177518785, -0.05075207098101937, -0.019805817924404105, 0.000952765258520264, 4587.0311689253895, 1094.3440671869746, 0.025066459712826648, 0.08134483902503753] in 2 iterations
New 3-planet chi-square: 382.1294765209754
Maximum: -130.80670888890657 Param: [3.78332979772821e-6, 224.7007818103736, 3503.7694848797564, -0.08255932678093433, -0.026856879416729228, 2.571706505503188e-6, 365.2563960948005, 3624.4091163474877, -0.05077672366634671, -0.019801833544161197, 0.0009518594423852817, 4585.7520021822065, 1095.9625240583505, 0.025007977324181103, 0.08138606973370285]
FITS/p2_fit10s16yrs.jld2 loaded.
Previous model params: [2.5937031383278267e-6, 224.70079467695268, 3503.7694471017703, -0.2271726954489092, -0.031387335499073285, 2.0185332006862017e-6, 365.25645708826, 3624.4088822120675, -0.16987058064914337, -0.02473785158579977]
Finished 3-planet fit w/ fixed period: [3.366336237149875e-6, 224.70078981433522, 3503.7694701164714, -0.11604460534769544, -0.027472804085904138, 2.476490319356083e-6, 365.2564119881151, 3624.40899176961, -0.07721977898990444, -0.019607925211439836, 0.0007363127888128591, 4587.0311689253895, 1171.0439646669925, -0.008701536884003817, 0.10410349265859717] in 2 iterations
New 3-planet chi-square: 348.7557143982892
Maximum: -122.94180608582828 Param: [3.3665140926410055e-6, 224.70078980645636, 3503.769470392857, -0.11602328951508288, -0.02747201422820139, 2.4765420138327056e-6, 365.2564119214385, 3624.408992674604, -0.07720211948149576, -0.019607806930081736, 0.0007368778165198574, 4588.254321151442, 1169.5643917533232, -0.008648470465067427, 0.1040523786575204]
FITS/p2_fit10s15yrs.jld2 loaded.
Previous model params: [2.4810602764648404e-6, 224.7008000408392, 3503.7693770659707, -0.24916289470087774, -0.02613783348679867, 1.9456915043205113e-6, 365.25644375775437, 3624.4089657809172, -0.18756930549816886, -0.020359246220087935]
Finished 3-planet fit w/ fixed period: [3.456571272752697e-6, 224.70079843742033, 3503.76936567025, -0.10823376703350018, -0.029461390451318858, 2.4802967956908038e-6, 365.25642018328097, 3624.408951896254, -0.07135699710965607, -0.021147758987234092, 0.0007047324987767364, 4576.563270435237, 1185.9209675534196, -0.0071672137442430756, 0.10494957796743928] in 2 iterations
New 3-planet chi-square: 352.7502945887291
Maximum: -114.38232830413344 Param: [3.456580519729821e-6, 224.7007984638612, 3503.7693652268276, -0.10823150334215463, -0.029466546580443682, 2.4802426032607795e-6, 365.25642026408764, 3624.4089508370316, -0.07135694383093001, -0.0211514251880916, 0.0007042709795981105, 4575.240911448261, 1187.3902103026076, -0.007220540601331301, 0.10496513550113673]
