args = ["Hpp", "grid", "fromEMB", "100"]
INPUTS/EMBtt_30s21yrs.txt loaded.
Initial parameters: [3.0e-6, 224.70077693588408, 3503.765433587858, 0.01, 0.01, 3.0e-6, 365.2563759704719, 3624.4031616569177, 0.01, 0.01]
Initial chi-square: 491.26790066770633
New initial 2-planet fit: [2.657840549110379e-6, 224.70077431169307, 3503.7654928330594, -0.0015791673516729662, 0.004472674698469314, 2.9244837432747336e-6, 365.2563652248344, 3624.403191092657, 0.008726061346039067, 0.0034211346118411053] in 2 iterations.
New 2-planet chi-square: 405.46557736493065
Maximum: -165.1384894663123 Param: [2.65783797794001e-6, 224.70077431169864, 3503.765492833154, -0.0015790838524589166, 0.004472741978175512, 2.924484421145158e-6, 365.2563652248188, 3624.4031910925214, 0.008725993716828136, 0.0034210788793497117]
INPUTS/EMBtt_30s20yrs.txt loaded.
Initial parameters: [3.0e-6, 224.70078941996013, 3503.765234934244, 0.01, 0.01, 3.0e-6, 365.2563401346381, 3624.4033073104642, 0.01, 0.01]
Initial chi-square: 568.3276547788089
New initial 2-planet fit: [2.685334186566778e-6, 224.70077850025868, 3503.765382124044, 0.03924204611689867, 0.006904234153789058, 3.2316033699497246e-6, 365.25635750245823, 3624.403151632619, 0.04195077179813308, 0.007243295237571707] in 2 iterations.
New 2-planet chi-square: 472.23336295226056
Maximum: -160.09430518739194 Param: [2.685334186566778e-6, 224.70077850025868, 3503.765382124044, 0.03924204611689867, 0.006904234153789058, 3.2316033699497246e-6, 365.25635750245823, 3624.403151632619, 0.04195077179813308, 0.007243295237571707]
INPUTS/EMBtt_30s19yrs.txt loaded.
Initial parameters: [3.0e-6, 224.70077877248664, 3503.7654017594414, 0.01, 0.01, 3.0e-6, 365.2563537079594, 3624.4031680959974, 0.01, 0.01]
Initial chi-square: 489.45228669308926
New initial 2-planet fit: [2.5738451998794497e-6, 224.7007878996882, 3503.7653484894013, 0.03424878520287327, -0.008941514288601094, 3.3323604417914274e-6, 365.2563736998937, 3624.4029949031274, 0.038026102801322535, -0.00560241385153107] in 2 iterations.
New 2-planet chi-square: 389.9354495808173
Maximum: -146.16653968247067 Param: [2.5738451998794497e-6, 224.7007878996882, 3503.7653484894013, 0.03424878520287327, -0.008941514288601094, 3.3323604417914274e-6, 365.2563736998937, 3624.4029949031274, 0.038026102801322535, -0.00560241385153107]
INPUTS/EMBtt_30s18yrs.txt loaded.
Initial parameters: [3.0e-6, 224.70079456964294, 3503.7653095240357, 0.01, 0.01, 3.0e-6, 365.25641726376693, 3624.4027619736917, 0.01, 0.01]
Initial chi-square: 541.7703098100285
New initial 2-planet fit: [2.1973386899790042e-6, 224.70078963204358, 3503.765390229195, 0.006281820850070611, 0.011221600398678162, 3.1040290971213377e-6, 365.2564139642848, 3624.4027498787354, 0.01585881996773532, 0.0057704974955233605] in 2 iterations.
New 2-planet chi-square: 404.8181817890636
Maximum: -141.08079376260795 Param: [2.1973452667452338e-6, 224.70078963204472, 3503.765390229177, 0.006281780084111094, 0.01122156547772054, 3.104027089939881e-6, 365.2564139642745, 3624.402749878693, 0.015858852298317124, 0.00577052589069711]
INPUTS/EMBtt_30s17yrs.txt loaded.
Initial parameters: [3.0e-6, 224.70077793411673, 3503.765570033137, 0.01, 0.01, 3.0e-6, 365.2564420086101, 3624.402564662638, 0.01, 0.01]
Initial chi-square: 425.8995988372325
New initial 2-planet fit: [2.761706083563328e-6, 224.70078631186914, 3503.765527013331, 0.0563517415167036, 0.00024181481735466819, 3.441134476306885e-6, 365.25644479181256, 3624.4025055571287, 0.055978788719689455, 3.067284026745569e-5] in 2 iterations.
New 2-planet chi-square: 327.2856607275517
Maximum: -127.39833413460387 Param: [2.7617128931176646e-6, 224.7007863118677, 3503.7655270132987, 0.05635171700412937, 0.0002417909967756841, 3.4411322385950066e-6, 365.2564447918112, 3624.4025055571287, 0.0559788092258183, 3.069216699598404e-5]
INPUTS/EMBtt_30s16yrs.txt loaded.
Initial parameters: [3.0e-6, 224.7007963839495, 3503.765388455289, 0.01, 0.01, 3.0e-6, 365.2564643525936, 3624.402568112221, 0.01, 0.01]
Initial chi-square: 452.96348031935685
New initial 2-planet fit: [1.942253540668436e-6, 224.70079856241964, 3503.765409317202, -0.05683864442403402, -0.014973915407614991, 2.756704508866236e-6, 365.2564563373208, 3624.402573918382, -0.03353675378193487, -0.014244707727818958] in 2 iterations.
New 2-planet chi-square: 336.26131321700296
Maximum: -122.17566008770683 Param: [1.942251019419795e-6, 224.7007985624177, 3503.765409317209, -0.05683861433378056, -0.01497390950765546, 2.756705387196122e-6, 365.2564563373254, 3624.402573918384, -0.033536778476794975, -0.014244714354593782]
INPUTS/EMBtt_30s15yrs.txt loaded.
Initial parameters: [3.0e-6, 224.7008095476986, 3503.765098619078, 0.01, 0.01, 3.0e-6, 365.25635780299024, 3624.4029776512766, 0.01, 0.01]
Initial chi-square: 403.5838954291896
New initial 2-planet fit: [2.0848386579644943e-6, 224.7007879812197, 3503.7653016110803, -0.00047723144400621536, 0.014062591210688613, 3.2177517040835637e-6, 365.25637257732865, 3624.4028741126635, 0.012421593973580128, 0.013277136657728193] in 2 iterations.
New 2-planet chi-square: 290.00128317184266
Maximum: -110.56276428017384 Param: [2.084806323584836e-6, 224.70078798121355, 3503.76530161073, -0.00047758915444662487, 0.014062460598221879, 3.2177648827324178e-6, 365.25637257726373, 3624.4028741127586, 0.012421873719102297, 0.013277240239921806]
INPUTS/EMBtt_10s21yrs.txt loaded.
Initial parameters: [3.0e-6, 224.7007775054529, 3503.765491428007, 0.01, 0.01, 3.0e-6, 365.25638617158717, 3624.402997465189, 0.01, 0.01]
Initial chi-square: 3960.225135744901
New initial 2-planet fit: [2.4729755423344445e-6, 224.70077406713384, 3503.7655618055305, 0.010997542354355553, -0.00269631707848531, 3.1996613594362103e-6, 365.25637788653376, 3624.403010138905, 0.018874178699397712, -0.000899955402192146] in 2 iterations.
New 2-planet chi-square: 3093.7906632899094
Maximum: -221.021690172808 Param: [2.4729755423344445e-6, 224.70077406713384, 3503.7655618055305, 0.010997542354355553, -0.00269631707848531, 3.1996613594362103e-6, 365.25637788653376, 3624.403010138905, 0.018874178699397712, -0.000899955402192146]
INPUTS/EMBtt_10s20yrs.txt loaded.
Initial parameters: [3.0e-6, 224.70079195792417, 3503.765310333195, 0.01, 0.01, 3.0e-6, 365.2563523805125, 3624.4031673150257, 0.01, 0.01]
Initial chi-square: 3967.3974513970848
New initial 2-planet fit: [2.3918359839552997e-6, 224.700781032322, 3503.7654603960455, 0.004655430556908565, -0.0027871314191909333, 2.984278831846815e-6, 365.2563692786026, 3624.4030151187617, 0.014472142524263888, -0.0004697845525085862] in 2 iterations.
New 2-planet chi-square: 3032.7182736589207
Maximum: -208.44758002513143 Param: [2.39183659733189e-6, 224.70078103232186, 3503.765460396046, 0.00465543470443876, -0.002787128158977983, 2.984278561250147e-6, 365.2563692786024, 3624.4030151187576, 0.014472139271862992, -0.00046978794843889897]
INPUTS/EMBtt_10s19yrs.txt loaded.
Initial parameters: [3.0e-6, 224.70077232018704, 3503.7655545596526, 0.01, 0.01, 3.0e-6, 365.25636603785256, 3624.403055252874, 0.01, 0.01]
Initial chi-square: 3933.157094813812
New initial 2-planet fit: [2.514734795297062e-6, 224.70078134676257, 3503.7655031053064, 0.024542876014242692, 0.017355610857828798, 3.2352891721960948e-6, 365.25638688795885, 3624.4028789922004, 0.029490698129325737, 0.01490986478046876] in 2 iterations.
New 2-planet chi-square: 3169.3561694455443
Maximum: -197.50145175549443 Param: [2.514734795297062e-6, 224.70078134676257, 3503.7655031053064, 0.024542876014242692, 0.017355610857828798, 3.2352891721960948e-6, 365.25638688795885, 3624.4028789922004, 0.029490698129325737, 0.01490986478046876]
INPUTS/EMBtt_10s18yrs.txt loaded.
Initial parameters: [3.0e-6, 224.70079108723735, 3503.7653847721376, 0.01, 0.01, 3.0e-6, 365.25642767366594, 3624.4026673393582, 0.01, 0.01]
Initial chi-square: 3360.508698704511
New initial 2-planet fit: [2.296344120102297e-6, 224.70078658971843, 3503.765467318715, 0.019866887484912853, 0.008969337901506117, 3.052170832093076e-6, 365.25642438576995, 3624.4026378660196, 0.024790859854129942, 0.006382578700704204] in 2 iterations.
New 2-planet chi-square: 2540.6609939094424
Maximum: -184.24421965953587 Param: [2.296339432527535e-6, 224.70078658971784, 3503.765467318725, 0.019866908300026846, 0.008969356823396762, 3.052172460844321e-6, 365.2564243857765, 3624.402637866053, 0.024790843118104904, 0.00638256315248436]
INPUTS/EMBtt_10s17yrs.txt loaded.
Initial parameters: [3.0e-6, 224.70078692143622, 3503.765333628811, 0.01, 0.01, 3.0e-6, 365.25642344000744, 3624.4027506569887, 0.01, 0.01]
Initial chi-square: 3343.9972624739744
New initial 2-planet fit: [2.26838321213118e-6, 224.70079198599453, 3503.7653310844903, 0.003182948398982697, -0.008199652381424151, 2.9726839255246716e-6, 365.2564310636862, 3624.4026572844264, 0.012359224671668376, -0.006191565284282677] in 2 iterations.
New 2-planet chi-square: 2572.6985194311624
Maximum: -172.75963396070873 Param: [2.268378219933006e-6, 224.70079198599515, 3503.765331084513, 0.0031829717137152156, -0.008199635846463289, 2.9726857999516714e-6, 365.2564310636865, 3624.4026572844236, 0.012359206449195914, -0.006191577865039106]
INPUTS/EMBtt_10s16yrs.txt loaded.
Initial parameters: [3.0e-6, 224.700795424025, 3503.7653250405724, 0.01, 0.01, 3.0e-6, 365.25644160846963, 3624.4026177049086, 0.01, 0.01]
Initial chi-square: 3433.311780428655
New initial 2-planet fit: [2.1419089726379587e-6, 224.70079466179533, 3503.765374513031, -0.007415115102883675, 0.002582309691682006, 2.9656488909374915e-6, 365.2564406547033, 3624.4025734236498, 0.0036270101037415795, 0.002052347815102936] in 2 iterations.
New 2-planet chi-square: 2699.153194088098
Maximum: -165.91456079058952 Param: [2.1419164936614355e-6, 224.70079466179578, 3503.7653745130206, -0.007415127877656568, 0.002582303037353774, 2.9656459554049148e-6, 365.25644065469965, 3624.402573423626, 0.0036270208838072703, 0.0020523526395340875]
INPUTS/EMBtt_10s15yrs.txt loaded.
Initial parameters: [3.0e-6, 224.70082320063776, 3503.7650706352188, 0.01, 0.01, 3.0e-6, 365.2564108829933, 3624.402787411218, 0.01, 0.01]
Initial chi-square: 3215.3516692508647
New initial 2-planet fit: [2.1188271927277338e-6, 224.70080097969347, 3503.7652969121314, -0.010641032012598582, 0.005105332725581559, 2.9195203688917338e-6, 365.2564335676075, 3624.4026227861964, 0.0007262610749093233, 0.0043701132719266055] in 2 iterations.
New 2-planet chi-square: 2429.362266533371
Maximum: -152.00998917263087 Param: [2.1188232368236434e-6, 224.70080097969262, 3503.765296912164, -0.010640985458165806, 0.005105362337349861, 2.919521554364637e-6, 365.25643356761043, 3624.402622786183, 0.0007262241425919297, 0.004370090019624967]
