           Fitted params from FITS/p2_fit30s30yrs.jld2
 lprob: -252.4124911915048
 chi: 646.8504724546407
           Derived Parameters
M_p[M⊕]=[1.2291824308270807, 0.8563757164208805] +/- [0.08625003002575135, 0.044978774094238116]
Per [d]=[224.70077793363524, 365.256438869757] +/- [224.70077793363524, 365.256438869757]
eccen. =[0.10479548943650278, 0.06795660756834879] +/- [0.012774895160926919, 0.011937943861387523]
           Fitted params from FITS/p2_fit30s29yrs.jld2
 lprob: -250.1751793914339
 chi: 723.1071061014939
           Derived Parameters
M_p[M⊕]=[1.2159209759955825, 0.922161776216153] +/- [0.08436333826952598, 0.04759994528935231]
Per [d]=[224.7007736393573, 365.2564448683518] +/- [224.7007736393573, 365.2564448683518]
eccen. =[0.10161248884365782, 0.07142272134820396] +/- [0.01854651019063404, 0.016635519550962943]
           Fitted params from FITS/p2_fit30s28yrs.jld2
 lprob: -236.17409280828448
 chi: 645.8214617848344
           Derived Parameters
M_p[M⊕]=[1.2349875633836152, 0.9177185167501408] +/- [0.08563910317868717, 0.04742585613923448]
Per [d]=[224.70078038227354, 365.25646370468723] +/- [224.70078038227354, 365.25646370468723]
eccen. =[0.09979668955254942, 0.06692912197494227] +/- [0.01587416805446631, 0.014520928560474308]
           Fitted params from FITS/p2_fit30s27yrs.jld2
 lprob: -228.15298758415489
 chi: 677.6675226675995
           Derived Parameters
M_p[M⊕]=[1.1022175186382581, 0.7498683879507322] +/- [0.08785157058483382, 0.04680231677145838]
Per [d]=[224.70078388128067, 365.2564666191782] +/- [224.70078388128067, 365.2564666191782]
eccen. =[0.14535106681370627, 0.09962849474539984] +/- [0.011721431661385597, 0.010236369372469687]
           Fitted params from FITS/p2_fit30s26yrs.jld2
 lprob: -217.8834826152072
 chi: 606.8840333597876
           Derived Parameters
M_p[M⊕]=[1.3772505030460305, 0.9151812261854249] +/- [0.09618775312918951, 0.047837735069242084]
Per [d]=[224.70077637799858, 365.2564513404165] +/- [224.70077637799858, 365.2564513404165]
eccen. =[0.07790555242328644, 0.05283872782594798] +/- [0.01783952261135317, 0.01650131738823299]
           Fitted params from FITS/p2_fit30s25yrs.jld2
 lprob: -210.094497213913
 chi: 641.9086912581708
           Derived Parameters
M_p[M⊕]=[1.252413433258528, 0.8446180040103886] +/- [0.09511194221483123, 0.049145287042160125]
Per [d]=[224.70077053355587, 365.2564578278715] +/- [224.70077053355587, 365.2564578278715]
eccen. =[0.10596888868259338, 0.07064663898542312] +/- [0.015119558354203566, 0.014137908237459711]
           Fitted params from FITS/p2_fit30s24yrs.jld2
 lprob: -204.25156544762493
 chi: 654.6997154870413
           Derived Parameters
M_p[M⊕]=[1.205814188381283, 0.8143874850150863] +/- [0.09519570414326319, 0.04980445058063026]
Per [d]=[224.70077815489591, 365.25646324005885] +/- [224.70077815489591, 365.25646324005885]
eccen. =[0.11387523686393203, 0.07821377541089443] +/- [0.01687761460677599, 0.015414445913034576]
           Fitted params from FITS/p2_fit30s23yrs.jld2
 lprob: -186.775882935108
 chi: 505.65911905291523
           Derived Parameters
M_p[M⊕]=[1.1356916278489095, 0.8513801670695419] +/- [0.09616138717307535, 0.05304042072473853]
Per [d]=[224.7007653167267, 365.25643868409566] +/- [224.7007653167267, 365.25643868409566]
eccen. =[0.10469646737189857, 0.0683850100199122] +/- [0.013521830915624455, 0.012462083426659847]
           Fitted params from FITS/p2_fit30s22yrs.jld2
 lprob: -176.1944350956128
 chi: 484.08517882869654
           Derived Parameters
M_p[M⊕]=[1.1264854855521025, 0.8313854360768177] +/- [0.09760458347155089, 0.05344050415717213]
Per [d]=[224.70077725520326, 365.2564264058196] +/- [224.70077725520326, 365.2564264058196]
eccen. =[0.10104747562486091, 0.06850217273303995] +/- [0.01773116152145694, 0.015541403588583462]
           Fitted params from FITS/p2_fit30s21yrs.jld2
 lprob: -168.92889865533084
 chi: 465.38687178350943
           Derived Parameters
M_p[M⊕]=[1.0190099697342365, 0.6935878684757107] +/- [0.0970901243168271, 0.05344121148492338]
Per [d]=[224.7007743032683, 365.2563676200101] +/- [224.7007743032683, 365.2563676200101]
eccen. =[0.19746436341514056, 0.14452856495473798] +/- [0.009696165923544907, 0.008400300023142538]
           Fitted params from FITS/p2_fit30s20yrs.jld2
 lprob: -162.90675012427937
 chi: 526.1804609481891
           Derived Parameters
M_p[M⊕]=[1.0821688490204673, 0.7877720053074391] +/- [0.09864513788888359, 0.05525474622991023]
Per [d]=[224.7007791955778, 365.2563597572784] +/- [224.7007791955778, 365.2563597572784]
eccen. =[0.13394939691995564, 0.0931673231525912] +/- [0.011070152920228527, 0.00953133343376892]
           Fitted params from FITS/p2_fit30s19yrs.jld2
 lprob: -147.84098779512968
 chi: 417.5173216675232
           Derived Parameters
M_p[M⊕]=[1.0181913067020667, 0.7790459502941336] +/- [0.09841578909915163, 0.058532188342725666]
Per [d]=[224.7007837606709, 365.25638872294815] +/- [224.7007837606709, 365.25638872294815]
eccen. =[0.15876976278801017, 0.11433323252688565] +/- [0.012615763747208412, 0.011002433051083943]
           Fitted params from FITS/p2_fit30s18yrs.jld2
 lprob: -143.2058747099752
 chi: 443.13169639993725
           Derived Parameters
M_p[M⊕]=[0.907967582165466, 0.7116474542276522] +/- [0.10224139444806217, 0.06161977523007351]
Per [d]=[224.70078581804665, 365.2564165495545] +/- [224.70078581804665, 365.2564165495545]
eccen. =[0.20190758627345665, 0.14897503954417812] +/- [0.00612886768200583, 0.006539618207582536]
           Fitted params from FITS/p2_fit30s17yrs.jld2
 lprob: -130.67220296322378
 chi: 379.8003003684654
           Derived Parameters
M_p[M⊕]=[1.1471452860127336, 0.8172178236379425] +/- [0.11193489094015609, 0.06128211424217841]
Per [d]=[224.7007837286275, 365.2564447344086] +/- [224.7007837286275, 365.2564447344086]
eccen. =[0.11710494149903586, 0.08074734065393756] +/- [0.011642685141464472, 0.010970794110097088]
           Fitted params from FITS/p2_fit30s16yrs.jld2
 lprob: -124.07813498836974
 chi: 368.14711175642947
           Derived Parameters
M_p[M⊕]=[0.7927933197767355, 0.6272988243584765] +/- [0.10196888314789226, 0.06539793232700156]
Per [d]=[224.70079713503205, 365.25647284810356] +/- [224.70079713503205, 365.25647284810356]
eccen. =[0.2950184958535412, 0.2222911503897491] +/- [0.011014340663541467, 0.009661706546192623]
           Fitted params from FITS/p2_fit30s15yrs.jld2
 lprob: -112.43786872122732
 chi: 319.27236580827935
           Derived Parameters
M_p[M⊕]=[0.8752781712790482, 0.7285590041299175] +/- [0.10750950106130697, 0.0686242268286091]
Per [d]=[224.7007863403634, 365.25638502551044] +/- [224.7007863403634, 365.25638502551044]
eccen. =[0.21177963936072777, 0.1551177946536829] +/- [0.005036820818808009, 0.0036414567078817913]

           Fitted params from FITS/p3_fit30s30yrs.jld2
 lprob: -209.80840517763545
 chi: 216.95776361180233
           Derived Parameters
M_p[M⊕]=[1.300169439269099, 0.8807735413875032, 116.45556775598982] +/- [0.07122466140485667, 0.03940696204737178, 24.779856013221615]
Per [d]=[224.70078008597034, 365.2564616496205, 4187.179273549441] +/- [224.70078008597034, 365.2564616496205, 4187.179273549441]
eccen. =[0.08835876453721986, 0.057119999968466215, 0.17015712745772316] +/- [0.012561842305071473, 0.011625437389220271, 0.05221562846229171]
           Fitted params from FITS/p3_fit30s29yrs.jld2
 lprob: -196.38531652834754
 chi: 175.56944198705656
           Derived Parameters
M_p[M⊕]=[1.2510451929634359, 0.9248772141058406, 99.36117863532043] +/- [0.07638362598112546, 0.043367190597754755, 18.966074851905113]
Per [d]=[224.7007747816087, 365.2564595090465, 4186.461911935858] +/- [224.7007747816087, 365.2564595090465, 4186.461911935858]
eccen. =[0.10190684997170384, 0.07230350036164017, 0.25843622337524386] +/- [0.016637881519392186, 0.01459808304663017, 0.050622563875379514]
           Fitted params from FITS/p3_fit30s28yrs.jld2
 lprob: -194.56900781669464
 chi: 206.57380306977254
           Derived Parameters
M_p[M⊕]=[1.1428116367145635, 0.8702889496646814, 135.30265380947074] +/- [0.0765822617150661, 0.043643299157494306, 26.55388405926317]
Per [d]=[224.7007790856656, 365.2564615425171, 4275.577627103401] +/- [224.7007790856656, 365.2564615425171, 4275.577627103401]
eccen. =[0.12790951969735456, 0.0878338712791381, 0.14759876674630462] +/- [0.013753208946392481, 0.011971558204105556, 0.04527666215889167]
           Fitted params from FITS/p3_fit30s27yrs.jld2
 lprob: -185.1405563956001
 chi: 198.28991614728486
           Derived Parameters
M_p[M⊕]=[1.068968788444667, 0.7434108724597615, 107.56370926664601] +/- [0.0874270828570757, 0.04579324622766349, 26.02090879913443]
Per [d]=[224.7007846153558, 365.2564662841544, 4228.41991345568] +/- [224.7007846153558, 365.2564662841544, 4228.41991345568]
eccen. =[0.1563668302657846, 0.10814046447052322, 0.2470418660391689] +/- [0.012192731924780216, 0.010044388429965212, 0.07786034798908285]
           Fitted params from FITS/p3_fit30s26yrs.jld2
 lprob: -176.6252748434354
 chi: 180.34307784128353
           Derived Parameters
M_p[M⊕]=[1.538071731923225, 0.9887144210398281, 139.852262028988] +/- [0.10429146741550703, 0.04616741515363498, 35.51809993108917]
Per [d]=[224.7007785866134, 365.25645501180554, 4234.992090859503] +/- [224.7007785866134, 365.25645501180554, 4234.992090859503]
eccen. =[0.05331277847845786, 0.04192238105708929, 0.12185168519186354] +/- [0.018994197596999704, 0.014928448278239734, 0.02713967693247936]
           Fitted params from FITS/p3_fit30s25yrs.jld2
 lprob: -170.773522806851
 chi: 191.43913640048135
           Derived Parameters
M_p[M⊕]=[1.227177035158869, 0.8352269182750603, 141.52029402271558] +/- [0.0805167428655727, 0.04297041017285989, 30.087376744169074]
Per [d]=[224.70077027867208, 365.25646208744325, 4255.690198645652] +/- [224.70077027867208, 365.25646208744325, 4255.690198645652]
eccen. =[0.11492148741949933, 0.0777531545566677, 0.15044225681499357] +/- [0.012927631040938376, 0.011628561196995327, 0.05141243460508784]
           Fitted params from FITS/p3_fit30s24yrs.jld2
 lprob: -163.38364116098145
 chi: 178.89199772509596
           Derived Parameters
M_p[M⊕]=[1.2510467465058737, 0.8419717992675526, 75.72228225832622] +/- [0.08588010220659056, 0.044529402644961386, 22.234416652598995]
Per [d]=[224.70078375939326, 365.2564927393881, 4079.598662398108] +/- [224.70078375939326, 365.2564927393881, 4079.598662398108]
eccen. =[0.09874910493215941, 0.06685171442139505, 0.37438732660539714] +/- [0.01567639648389199, 0.013879493581311055, 0.019194080821881454]
           Fitted params from FITS/p3_fit30s23yrs.jld2
 lprob: -151.70564461102566
 chi: 157.09564447952266
           Derived Parameters
M_p[M⊕]=[1.0783758308883098, 0.8039053984963481, 97.3942407476413] +/- [0.08759211875658353, 0.04880817683642447, 24.494237913094725]
Per [d]=[224.7007717842774, 365.256470873601, 4082.346443998147] +/- [224.7007717842774, 365.256470873601, 4082.346443998147]
eccen. =[0.1323102834993463, 0.09038722895189995, 0.21665874821845055] +/- [0.013768564978342585, 0.011676471241373804, 0.06556770984971115]
           Fitted params from FITS/p3_fit30s22yrs.jld2
 lprob: -135.91405152703575
 chi: 117.79126161978286
           Derived Parameters
M_p[M⊕]=[1.1687871309116402, 0.8509839529320615, 183.94652725001058] +/- [0.07931422268549417, 0.04428670325531979, 45.52117699831048]
Per [d]=[224.70079046175647, 365.25648484088714, 4278.006132052687] +/- [224.70079046175647, 365.25648484088714, 4278.006132052687]
eccen. =[0.09638844773955195, 0.06448134525953624, 0.11230192469286121] +/- [0.011520822248062492, 0.009935616146220858, 0.05074453029804395]
           Fitted params from FITS/p3_fit30s21yrs.jld2
 lprob: -141.79390572473596
 chi: 173.49382818857129
           Derived Parameters
M_p[M⊕]=[1.149577116236113, 0.792253857117776, 138.71451464842116] +/- [0.10032184935010667, 0.05136791636236217, 39.810259132368365]
Per [d]=[224.7007890559764, 365.2564473639481, 4232.982162711595] +/- [224.7007890559764, 365.2564473639481, 4232.982162711595]
eccen. =[0.13098439182108773, 0.09014533698714026, 0.16120609708679998] +/- [0.010571587342185287, 0.009140412899967648, 0.06909498037711097]
           Fitted params from FITS/p3_fit30s20yrs.jld2
 lprob: -122.52119012858239
 chi: 111.31382523151721
           Derived Parameters
M_p[M⊕]=[1.1430949560141035, 0.8374686356723527, 212.98794361994658] +/- [0.08208003066616405, 0.04447858836227403, 55.74882724799018]
Per [d]=[224.70079474641423, 365.25645232861206, 4285.237528139713] +/- [224.70079474641423, 365.25645232861206, 4285.237528139713]
eccen. =[0.10459857446740667, 0.06862210598502935, 0.10961086757432033] +/- [0.00800642294703412, 0.006773116956800789, 0.05153641393403428]
           Fitted params from FITS/p3_fit30s19yrs.jld2
 lprob: -112.78950168600339
 chi: 99.84840942005505
           Derived Parameters
M_p[M⊕]=[1.129720105798665, 0.8385823613798026, 219.85183051153646] +/- [0.0858099675846923, 0.04801463684855403, 58.21346103797461]
Per [d]=[224.7007805270415, 365.2564052509753, 4590.60087462925] +/- [224.7007805270415, 365.2564052509753, 4590.60087462925]
eccen. =[0.1153891450272034, 0.07700363102867304, 0.11516803254073506] +/- [0.011900152535184774, 0.010496865634013053, 0.047856309033013064]
           Fitted params from FITS/p3_fit30s18yrs.jld2
 lprob: -111.97845719629557
 chi: 117.3358964877288
           Derived Parameters
M_p[M⊕]=[1.0431480107249789, 0.7907170818761246, 175.28019721773228] +/- [0.10041408904774632, 0.0548774139327018, 53.81164956523728]
Per [d]=[224.70077736015187, 365.256390456533, 4644.972837992349] +/- [224.70077736015187, 365.256390456533, 4644.972837992349]
eccen. =[0.15511624631682036, 0.10660246645664362, 0.1874738038936224] +/- [0.0067755548892683435, 0.006256702075736713, 0.07419871671079215]
           Fitted params from FITS/p3_fit30s17yrs.jld2
 lprob: -91.44706132112312
 chi: 63.859451969814316
           Derived Parameters
M_p[M⊕]=[1.8653170726744541, 1.1028860526816198, 237.2894090803709] +/- [0.14020430672004064, 0.056501277024320784, 53.757169129827524]
Per [d]=[224.7007860625997, 365.2563906323962, 4525.1731844853375] +/- [224.7007860625997, 365.2563906323962, 4525.1731844853375]
eccen. =[0.03307189728912743, 0.04299141970208883, 0.09180071587324445] +/- [0.004631398181568595, 0.0018642178301960938, 0.04247992093192582]
           Fitted params from FITS/p3_fit30s16yrs.jld2
 lprob: -90.13365667031246
 chi: 73.11831547474624
           Derived Parameters
M_p[M⊕]=[1.3011154804473888, 0.8985566718571057, 444.90251812791865] +/- [0.06360574341434923, 0.04101682786904009, 82.3437072374027]
Per [d]=[224.70079182533317, 365.2564094089071, 4866.651683374119] +/- [224.70079182533317, 365.2564094089071, 4866.651683374119]
eccen. =[0.08101642844792163, 0.050608040155702805, 0.04870238601252774] +/- [0.006448821395367307, 0.006502893469824116, 0.015539760431471424]
           Fitted params from FITS/p3_fit30s15yrs.jld2
 lprob: -74.64823799355479
 chi: 45.97578150853552
           Derived Parameters
M_p[M⊕]=[1.1507263864602988, 0.873698011716005, 308.70069390340336] +/- [0.08017147836279434, 0.04715799678349114, 77.98962717496916]
Per [d]=[224.70077804360818, 365.2563513578005, 4818.567088681181] +/- [224.70077804360818, 365.2563513578005, 4818.567088681181]
eccen. =[0.11107464741408898, 0.071312645487147, 0.0895905752464013] +/- [0.005509886152599314, 0.004269711010527646, 0.03424593253657161]

           Fitted params from FITS/p3moon_fit30s30yrs.jld2
 lprob: -182.70444834258157
 chi: 108.28097235177941
           Derived Parameters
M_p[M⊕]=[0.7938686309442061, 1.0094759289326871, 261.9581289547124] +/- [0.11104671701400932, 0.03478246568359089, 48.539894542195036]
Per [d]=[224.70077994581385, 365.2564518589997, 4227.198085424614] +/- [224.70077994581385, 365.2564518589997, 4227.198085424614]
eccen. =[0.00231013283199441, 0.013895122426987823, 0.03716038095128656] +/- [0.011028406762558153, 0.0028608595833482325, 0.02493228752026065]
           Fitted params from FITS/p3moon_fit30s29yrs.jld2
 lprob: -170.456767613733
 chi: 88.7394378282854
           Derived Parameters
M_p[M⊕]=[0.8556665485820042, 1.0404755832252182, 285.096345554411] +/- [0.09996352903409889, 0.035095657034058376, 48.91367537476125]
Per [d]=[224.70077591572738, 365.2564552781322, 4197.939242037749] +/- [224.70077591572738, 365.2564552781322, 4197.939242037749]
eccen. =[0.005837533265844263, 0.012014693125077339, 0.04580807837491584] +/- [0.010889383320002487, 0.003861000510904583, 0.02486664798584339]
           Fitted params from FITS/p3moon_fit30s28yrs.jld2
 lprob: -159.2948085120301
 chi: 78.58975355932864
           Derived Parameters
M_p[M⊕]=[0.826139965928174, 1.046471162922117, 473.385401258052] +/- [0.1303265944970866, 0.034070629082415045, 52.654593038753625]
Per [d]=[224.70078066008512, 365.2564544433869, 4309.046890239037] +/- [224.70078066008512, 365.2564544433869, 4309.046890239037]
eccen. =[0.003931238414873533, 0.0107691988818219, 0.07964017313005567] +/- [0.0003952353375261539, 0.0023345440618933555, 0.0039394986958149894]
           Fitted params from FITS/p3moon_fit30s27yrs.jld2
 lprob: -160.18268949127716
 chi: 97.18809953266229
           Derived Parameters
M_p[M⊕]=[0.764519037311319, 0.9584451703041358, 322.0622020684] +/- [0.10644369998006688, 0.036815505528073125, 50.49273694710826]
Per [d]=[224.7007873196245, 365.25645976410493, 4192.075341064203] +/- [224.7007873196245, 365.25645976410493, 4192.075341064203]
eccen. =[0.013018329828816795, 0.016667220623526408, 0.053986797310608584] +/- [0.010060546271533943, 0.0071001099798734734, 0.014299347367515355]
           Fitted params from FITS/p3moon_fit30s26yrs.jld2
 lprob: -158.96787203795282
 chi: 107.288948512343
           Derived Parameters
M_p[M⊕]=[1.0440175244353713, 1.0209531600105881, 235.71499169475024] +/- [0.11027542191924557, 0.03962992466156614, 53.32908602108926]
Per [d]=[224.70078019924887, 365.25645929374855, 4214.367963437369] +/- [224.70078019924887, 365.25645929374855, 4214.367963437369]
eccen. =[0.00578508273905026, 0.017645098945199438, 0.0819222391735401] +/- [0.0024526388271990194, 0.0009224444428412547, 0.03600867807333188]
           Fitted params from FITS/p3moon_fit30s25yrs.jld2
 lprob: -145.4180892994662
 chi: 87.7421805361191
           Derived Parameters
M_p[M⊕]=[0.7016545211880804, 1.0215853039746818, 284.83085558104733] +/- [0.11438160940241279, 0.039861989923883685, 52.698876847526925]
Per [d]=[224.70077279151556, 365.25646328317407, 4236.570993319048] +/- [224.70077279151556, 365.25646328317407, 4236.570993319048]
eccen. =[0.009411257630659494, 0.01896744353948765, 0.060554082355400905] +/- [0.007528719441210606, 0.003452963013333021, 0.022513067354976695]
           Fitted params from FITS/p3moon_fit30s24yrs.jld2
 lprob: -139.5655681785497
 chi: 83.98623850067256
           Derived Parameters
M_p[M⊕]=[0.6395042321401321, 0.9621114903656739, 362.5950973017004] +/- [0.1338790550573033, 0.035749098856221136, 53.024919751069795]
Per [d]=[224.70078289844966, 365.2564773934618, 4180.579383096196] +/- [224.70078289844966, 365.2564773934618, 4180.579383096196]
eccen. =[0.008763469621722706, 0.007399637426691386, 0.06456744923677574] +/- [0.005885331636439941, 0.002129415928980448, 0.012509215173065323]
           Fitted params from FITS/p3moon_fit30s23yrs.jld2
 lprob: -134.63105077299608
 chi: 88.91685258444875
           Derived Parameters
M_p[M⊕]=[0.6479734982893811, 1.0009904758640389, 321.4274022548957] +/- [0.12577004889834456, 0.03733428458462581, 50.09937458377822]
Per [d]=[224.70077123938952, 365.2564616627316, 4132.330813421493] +/- [224.70077123938952, 365.2564616627316, 4132.330813421493]
eccen. =[0.013081060196296623, 0.013408506118199014, 0.06144861535325375] +/- [0.009740110760234897, 0.0035638089393508314, 0.010010937239466179]
           Fitted params from FITS/p3moon_fit30s22yrs.jld2
 lprob: -116.02608333359267
 chi: 58.62086218937128
           Derived Parameters
M_p[M⊕]=[0.7661093538861774, 0.9921117216730666, 316.1196107197544] +/- [0.1412994361146204, 0.040826572518875795, 65.96297629500091]
Per [d]=[224.70078943242845, 365.2564769959169, 4256.920647688997] +/- [224.70078943242845, 365.2564769959169, 4256.920647688997]
eccen. =[0.009010251775116386, 0.015575139584825015, 0.049730356540548346] +/- [0.009458598445100792, 0.0012555222182111829, 0.018741204491879944]
           Fitted params from FITS/p3moon_fit30s21yrs.jld2
 lprob: -131.33788345792357
 chi: 118.6197542697912
           Derived Parameters
M_p[M⊕]=[0.6432953072118938, 0.8164784674719422, 200.82412714129475] +/- [0.13209921372816244, 0.047189891149251775, 65.2669675399266]
Per [d]=[224.70079068176395, 365.25644382092133, 4186.454918101605] +/- [224.70079068176395, 365.25644382092133, 4186.454918101605]
eccen. =[0.1001327586323707, 0.07096884420614037, 0.12707800579112938] +/- [0.0038543941497908925, 0.0028818566834791317, 0.05347503972813183]
           Fitted params from FITS/p3moon_fit30s20yrs.jld2
 lprob: -111.69577868074788
 chi: 73.40495849166062
           Derived Parameters
M_p[M⊕]=[0.8543677047296596, 0.8494139171662679, 245.2952631056362] +/- [0.1244278330132612, 0.04216221166065546, 69.84401677329954]
Per [d]=[224.70079390191236, 365.2564481372055, 4266.556693997071] +/- [224.70079390191236, 365.2564481372055, 4266.556693997071]
eccen. =[0.09306593930055737, 0.06209727162992464, 0.09599924606252826] +/- [0.007583473381411734, 0.0062607694470382105, 0.04870318272637629]
           Fitted params from FITS/p3moon_fit30s19yrs.jld2
 lprob: -101.00288790438414
 chi: 61.717458777311144
           Derived Parameters
M_p[M⊕]=[0.8602980179224752, 0.8552552586513731, 284.17333679513615] +/- [0.12061447669038602, 0.04365173336438473, 79.3739475018763]
Per [d]=[224.70078198509432, 365.2563957731273, 4547.995519734066] +/- [224.70078198509432, 365.2563957731273, 4547.995519734066]
eccen. =[0.09739077698724226, 0.0635249434569064, 0.10534865318898973] +/- [0.0067592344717184024, 0.005526404630422937, 0.03855514490572356]
           Fitted params from FITS/p3moon_fit30s18yrs.jld2
 lprob: -106.72615599587323
 chi: 93.83505932932246
           Derived Parameters
M_p[M⊕]=[0.5296591520647251, 0.8060163031820194, 176.73250253091595] +/- [0.14341256897648888, 0.05860840317802774, 59.68357305631247]
Per [d]=[224.70077959111384, 365.2564006446272, 4584.969665526963] +/- [224.70077959111384, 365.2564006446272, 4584.969665526963]
eccen. =[0.1423580815921666, 0.10051076454032874, 0.18503254210283152] +/- [0.006590513703039306, 0.006119641876780671, 0.0824732315495094]
           Fitted params from FITS/p3moon_fit30s17yrs.jld2
 lprob: -73.65617669998211
 chi: 28.44601361623109
           Derived Parameters
M_p[M⊕]=[1.2404015279379015, 1.1986278583354442, 117.963126453275] +/- [0.15895828990195487, 0.07559613836379858, 29.611821015976084]
Per [d]=[224.7007894499797, 365.2564353567294, 4258.034995091387] +/- [224.7007894499797, 365.2564353567294, 4258.034995091387]
eccen. =[0.0762895290423114, 0.07409980222617821, 0.20567991745764172] +/- [0.006756628926551572, 0.004624671688387607, 0.06863530835245886]
           Fitted params from FITS/p3moon_fit30s16yrs.jld2
 lprob: -78.93652500123144
 chi: 42.90044260080286
           Derived Parameters
M_p[M⊕]=[0.6879487687171432, 1.0350428874856106, 358.30673665532987] +/- [0.17899421750286773, 0.045122809793610066, 75.9639702508927]
Per [d]=[224.70080097469966, 365.25642933270666, 4222.6542665749785] +/- [224.70080097469966, 365.25642933270666, 4222.6542665749785]
eccen. =[0.02479902114412313, 0.022627186552329995, 0.04295226698582151] +/- [0.011888252339617487, 0.008663908319962976, 0.01704313243345802]
           Fitted params from FITS/p3moon_fit30s15yrs.jld2
 lprob: -71.05895249693378
 chi: 38.2463773505063
           Derived Parameters
M_p[M⊕]=[1.066787752707652, 0.900004269107367, 319.68343092166526] +/- [0.13643356893319128, 0.046506927575913216, 80.59521802798604]
Per [d]=[224.7007802878826, 365.25634515513394, 4741.609414664088] +/- [224.7007802878826, 365.25634515513394, 4741.609414664088]
eccen. =[0.0979763258417107, 0.06195225416677465, 0.07066092376276284] +/- [0.010854954625606612, 0.009526397453276991, 0.03266984829726267]

           Fitted params from FITS/p4_fit30s30yrs.jld2
 lprob: -188.3608606656472
 chi: 125.18162191731511
           Derived Parameters
M_p[M⊕]=[0.9258988247008012, 0.9682936484359539, 0.5083413095146198, 151.27201287159528] +/- [0.06678797846711275, 0.03531869773737849, 0.06737571958122637, 53.841168498128845]
Per [d]=[224.7008868436812, 365.2564582941875, 672.1114998987364, 3933.4007602474203] +/- [224.7008868436812, 365.2564582941875, 672.1114998987364, 3933.4007602474203]
eccen. =[0.026797492672336116, 0.006998883930822808, 0.17599688684089446, 0.15345629480607123] +/- [0.0035848211031813395, 0.004516522976073093, 5.693996600535072e-5, 0.0424609922535166]
           Fitted params from FITS/p4_fit30s29yrs.jld2
 lprob: -178.68947422823268
 chi: 110.20635742683409
           Derived Parameters
M_p[M⊕]=[0.8868783974988764, 0.9552386236316747, 0.3387283304584438, 0.581785373405485] +/- [0.085408254951918, 0.05301274237398796, 0.07183633115216971, 38.026033188044494]
Per [d]=[224.70086741515163, 365.25646012985806, 672.3618661199954, 4072.381827192527] +/- [224.70086741515163, 365.25646012985806, 672.3618661199954, 4072.381827192527]
eccen. =[0.06239511684146667, 0.03984280304216361, 0.24401572291982085, 46.85313223531926] +/- [0.018387585632288345, 0.017274393930036727, 0.017104697393610653, 1632.2099599849823]
           Fitted params from FITS/p4_fit30s28yrs.jld2
 lprob: -175.03141260773242
 chi: 120.95047536819112
           Derived Parameters
M_p[M⊕]=[0.7980629929766886, 0.9357494427012172, 0.37518192443701676, 66.46104265198029] +/- [0.09512972620256563, 0.049934926624948237, 0.06289549219834262, 38.15587978992463]
Per [d]=[224.70089103190762, 365.25646074157146, 672.3441659832134, 4189.06809801931] +/- [224.70089103190762, 365.25646074157146, 672.3441659832134, 4189.06809801931]
eccen. =[0.07442284364773483, 0.04561584165194713, 0.25858036414356905, 0.3688046772543777] +/- [0.013208131850727228, 0.011493089749978888, 0.03511688875259306, 0.1068307793057203]
           Fitted params from FITS/p4_fit30s27yrs.jld2
 lprob: -166.88963176307868
 chi: 117.71602935553786
           Derived Parameters
M_p[M⊕]=[0.8031702596808921, 0.8032312352234139, 0.25738043474938427, 0.1192329587624084] +/- [0.08215868481058276, 0.053971572813231866, 0.054103215683649564, 22.709478010509834]
Per [d]=[224.70088693937635, 365.2564732636544, 673.1218973297582, 4016.1877251337805] +/- [224.70088693937635, 365.2564732636544, 673.1218973297582, 4016.1877251337805]
eccen. =[0.10155488255419758, 0.06842171822809127, 0.3807360942385098, 226.44027827797242] +/- [0.004144235305609963, 0.005987969569407103, 0.019631068758256497, 32783.781880358685]
           Fitted params from FITS/p4_fit30s26yrs.jld2
 lprob: -158.4586822820385
 chi: 105.694142903255
           Derived Parameters
M_p[M⊕]=[1.6872867294532983, 1.0212694441001906, 0.25994238264635755, 204.19504422233197] +/- [0.10331549505136182, 0.044938265193900824, 0.05644392972296799, 54.99176113528354]
Per [d]=[224.70075528800663, 365.2564519934226, 686.741108298721, 4506.19764859375] +/- [224.70075528800663, 365.2564519934226, 686.741108298721, 4506.19764859375]
eccen. =[0.04003454830971394, 0.035364118112637656, 0.1490092921190174, 0.0948626561313498] +/- [0.016602732907186845, 0.011175236203461914, 0.042988821958552574, 0.015696837959439325]
           Fitted params from FITS/p4_fit30s25yrs.jld2
 lprob: -155.72836664947906
 chi: 120.49907189118466
           Derived Parameters
M_p[M⊕]=[0.9506799637030778, 0.9318759921945703, 0.31433198853984373, 147.27597744150805] +/- [0.08414262431542416, 0.038396224291482255, 0.06661521598412466, 82.13813022529146]
Per [d]=[224.70087428581556, 365.2564604180699, 673.3938036363, 4116.321598228432] +/- [224.70087428581556, 365.2564604180699, 673.3938036363, 4116.321598228432]
eccen. =[0.042610804349905135, 0.022080163956132992, 0.2928715185501418, 0.13988760425781294] +/- [0.0034409756885899327, 0.005082829537139125, 0.0031929212680408396, 0.10699530812354384]
           Fitted params from FITS/p4_fit30s24yrs.jld2
 lprob: -146.66105553419973
 chi: 105.20454732531584
           Derived Parameters
M_p[M⊕]=[1.858786092736707, 1.037691076709476, 0.3904611731272559, 158.96323769419686] +/- [0.1469285500084374, 0.04967459365220357, 0.07665544093409919, 37.16542402544568]
Per [d]=[224.70079241051045, 365.2564928437367, 656.6494811071951, 4332.4153151691235] +/- [224.70079241051045, 365.2564928437367, 656.6494811071951, 4332.4153151691235]
eccen. =[0.04595584813732906, 0.04657488839212352, 0.08810917355829685, 0.12264197856039152] +/- [0.015662523906721966, 0.009220412605748598, 0.019438694227632336, 0.0508528810675327]
           Fitted params from FITS/p4_fit30s23yrs.jld2
 lprob: -140.60042015395078
 chi: 108.49245938378007
           Derived Parameters
M_p[M⊕]=[0.926548924379976, 0.8753313251649437, 0.1555222668103608, 71.46108056227955] +/- [0.08812677833032954, 0.05572147942790151, 0.058723732594502684, 64.91396820532867]
Per [d]=[224.70084962101006, 365.25645814681224, 673.1837193497843, 4025.481905175866] +/- [224.70084962101006, 365.25645814681224, 673.1837193497843, 4025.481905175866]
eccen. =[0.06653509407034658, 0.04055078875575657, 0.4693228327824522, 0.38835962371649985] +/- [0.0029812473968278716, 0.005507180239645282, 0.014374642023381652, 0.36148912360663465]
           Fitted params from FITS/p4_fit30s22yrs.jld2
 lprob: -117.8486407887473
 chi: 62.49209243359081
           Derived Parameters
M_p[M⊕]=[0.9419264754245303, 0.891957923963977, 0.17092668740367034, 49.61691352945657] +/- [0.10476073994384899, 0.06010178656177371, 0.0756565067902471, 81.79548072906665]
Per [d]=[224.70087573590507, 365.2564847635367, 672.5894148074219, 4122.800306663189] +/- [224.70087573590507, 365.2564847635367, 672.5894148074219, 4122.800306663189]
eccen. =[0.05225280114920782, 0.03313873174797787, 0.44336394120534445, 0.6302559157582056] +/- [0.007507520124040769, 0.010568547244811188, 0.10363899348974201, 1.0192704301270914]
           Fitted params from FITS/p4_fit30s21yrs.jld2
 lprob: -97.67658102438517
 chi: 34.87867718619847
           Derived Parameters
M_p[M⊕]=[0.9346164041231078, 0.9269937351182953, 0.2287048800960035, 266.06845172326183] +/- [0.08559328656154391, 0.03741660468013922, 0.0778227896655245, 95.08231256837688]
Per [d]=[224.70089677675344, 365.25646136032015, 671.3271835305866, 4185.000578959078] +/- [224.70089677675344, 365.25646136032015, 671.3271835305866, 4185.000578959078]
eccen. =[0.044321545505287545, 0.02507564945837359, 0.36600825432051354, 0.10010755318288883] +/- [0.002065274639299771, 0.003302378717427847, 0.015530415167570632, 0.052444378751102604]
           Fitted params from FITS/p4_fit30s20yrs.jld2
 lprob: -83.73894742384203
 chi: 25.04636599809404
           Derived Parameters
M_p[M⊕]=[0.8562256700833951, 0.865708568080709, 0.25596055367205617, 423.1635715568475] +/- [0.06887761911222463, 0.04694522347216928, 0.07374791155134466, 131.2485745871986]
Per [d]=[224.700873375204, 365.25632307833285, 670.3906684041199, 6074.443815337663] +/- [224.700873375204, 365.25632307833285, 670.3906684041199, 6074.443815337663]
eccen. =[0.07621352244372119, 0.05005105884147764, 0.3751108251839393, 0.143474333544677] +/- [0.007565501246420202, 0.007640876342360373, 0.0284643169748294, 0.03466349641597737]
           Fitted params from FITS/p4_fit30s19yrs.jld2
 lprob: -80.8336316439834
 chi: 27.094531120150194
           Derived Parameters
M_p[M⊕]=[1.4152662434351164, 0.955483635597515, 0.00046045972198234135, 155.42026843865418] +/- [0.12328590361903018, 0.043073995134305196, 0.09804893210977764, 50.0026489677799]
Per [d]=[224.70083282104963, 365.25651377872657, 675.0045338997858, 3698.286570523443] +/- [224.70083282104963, 365.25651377872657, 675.0045338997858, 3698.286570523443]
eccen. =[0.02375958974503414, 0.0062413625969547, 79.15331558515608, 0.09377403652258234] +/- [0.004181764496766991, 0.011015560003399927, 16372.139031665076, 0.01986212406881747]
           Fitted params from FITS/p4_fit30s18yrs.jld2
 lprob: -71.81187743581802
 chi: 21.23869113304398
           Derived Parameters
M_p[M⊕]=[0.8625505409954177, 0.8638498295124096, 0.23436603421349506, 406.6021072346483] +/- [0.06957041136121, 0.047719459300666234, 0.07333598863651947, 127.70776360824807]
Per [d]=[224.70087538903917, 365.25632819239405, 669.4374207694254, 5780.9571522437045] +/- [224.70087538903917, 365.25632819239405, 669.4374207694254, 5780.9571522437045]
eccen. =[0.07738797268723056, 0.050668234484050875, 0.39879697315249724, 0.14004048087239163] +/- [0.005899499166316876, 0.006113546496274783, 0.028252939937445265, 0.03825101071091963]
           Fitted params from FITS/p4_fit30s17yrs.jld2
 lprob: -51.19063070037538
 chi: 10.245584681685163
           Derived Parameters
M_p[M⊕]=[1.4596264772004748, 0.894354078227347, 0.048907877446624295, 598.0258781063212] +/- [0.07265508247166934, 0.04118785085981032, 0.7940715844502184, 176.25802244369055]
Per [d]=[224.70077205634385, 365.2563153686506, 877.0412049277272, 5452.639648623458] +/- [224.70077205634385, 365.2563153686506, 877.0412049277272, 5452.639648623458]
eccen. =[0.04214875625447237, 0.023588077510984278, 4.643326747882933, 0.074778357409929] +/- [0.006795431989855147, 0.0058084348178086605, 72.01428403494138, 0.01767721472571512]
           Fitted params from FITS/p4_fit30s16yrs.jld2
 lprob: -48.57545465253572
 chi: 10.105874497864685
           Derived Parameters
M_p[M⊕]=[1.452705335675526, 0.8922838915000989, 0.0038370711077350887, 569.3840116864557] +/- [0.08146581027201012, 0.042822088894591916, 0.8393143287742296, 177.8445825674907]
Per [d]=[224.7007745461686, 365.25632559819917, 876.5976296887792, 5392.479109101426] +/- [224.7007745461686, 365.25632559819917, 876.5976296887792, 5392.479109101426]
eccen. =[0.04372967986719462, 0.02456467554881593, 56.80078134919751, 0.07424850817328] +/- [0.008391019254757172, 0.007605209776095312, 12301.844833673338, 0.01897758142941274]
           Fitted params from FITS/p4_fit30s15yrs.jld2
 lprob: -41.0839467004404
 chi: 8.222456934604343
           Derived Parameters
M_p[M⊕]=[0.9023390103228249, 0.8652653053386639, 0.16324666226326415, 411.0346024993887] +/- [0.08315804857007239, 0.05053388894336198, 0.07942623223151819, 172.34022921950503]
Per [d]=[224.70087900364973, 365.25640283539076, 669.773149721085, 5151.944219587614] +/- [224.70087900364973, 365.25640283539076, 669.773149721085, 5151.944219587614]
eccen. =[0.07516620064013506, 0.04854240686498334, 0.46081888549452005, 0.0984822287178867] +/- [0.0016495583112883635, 0.002493086315028565, 0.006810007794551238, 0.04721687210993793]

           Fitted params from FITS/p3moonp4_fit30s30yrs.jld2
 lprob: -169.39604685790695
 chi: 76.97559172152378
           Derived Parameters
M_p[M⊕]=[0.7873901821113211, 0.9896527263994863, 0.11922235510367818, 352.4702883727989] +/- [0.12342157276353415, 0.03394882157845081, 0.04060851541331503, 61.903181286083864]
Per [d]=[224.70077426594327, 365.25645456946813, 686.3529258462389, 4368.81726111189] +/- [224.70077426594327, 365.25645456946813, 686.3529258462389, 4368.81726111189]
eccen. =[0.0070132724701440765, 0.010458065316588543, 0.14620676257543733, 0.04739423035148004] +/- [0.004340185300139825, 0.00425470635943252, 0.05755032134949693, 0.01761365308703058]
           Fitted params from FITS/p3moonp4_fit30s29yrs.jld2
 lprob: -151.8811205792219
 chi: 54.427611758919056
           Derived Parameters
M_p[M⊕]=[0.7469052289711139, 1.0301589784259686, 0.10298359562969508, 390.876835454389] +/- [0.12113318562287702, 0.03381277368893011, 0.039370832895427435, 60.16834643677759]
Per [d]=[224.70077141366005, 365.25645779534887, 688.3221507764976, 4337.130284781737] +/- [224.70077141366005, 365.25645779534887, 688.3221507764976, 4337.130284781737]
eccen. =[0.004682196511576931, 0.008002911318119709, 0.1691290785907488, 0.044066874096614396] +/- [0.003317804503084949, 0.002575407218012462, 0.06369506510820917, 0.014086119504427988]
           Fitted params from FITS/p3moonp4_fit30s28yrs.jld2
 lprob: -146.11377054537462
 chi: 54.76859803999363
           Derived Parameters
M_p[M⊕]=[0.8584775266406898, 1.0625366181969735, 0.27540297131301905, 404.31337620726475] +/- [0.1295150828026975, 0.03539110721820927, 0.0951348183546462, 53.25052950936685]
Per [d]=[224.7007821419986, 365.25644378483366, 700.326207570226, 4337.051305691537] +/- [224.7007821419986, 365.25644378483366, 700.326207570226, 4337.051305691537]
eccen. =[0.0036839316034699126, 0.016296772631468653, 0.05143164535128069, 0.08720969000895894] +/- [0.0024109192676380646, 0.0014012630107657594, 0.003510759700563102, 0.006347638179549845]
           Fitted params from FITS/p3moonp4_fit30s27yrs.jld2
 lprob: -144.61569227410808
 chi: 62.29473564341498
           Derived Parameters
M_p[M⊕]=[0.8720505721282896, 0.9363342776961386, 0.15404724388935495, 515.9807273670903] +/- [0.13027309581129176, 0.03446659121935221, 0.05521111591424092, 96.6636892712564]
Per [d]=[224.700769189169, 365.2564697696345, 682.4875292937729, 4345.928174306726] +/- [224.700769189169, 365.2564697696345, 682.4875292937729, 4345.928174306726]
eccen. =[0.013850606012558367, 0.011566268962364923, 0.13213734700687396, 0.05810293596775272] +/- [0.0035847936215296404, 0.005175326560657798, 0.08589442489109278, 0.009217789601982381]

           Fitted params from FITS/p3moonp4_fit30s26yrs.jld2
 lprob: -142.11281081381279
 chi: 65.3520332842962
           Derived Parameters
M_p[M⊕]=[1.2462474230809584, 0.9971414927062526, 0.22464669182425964, 390.223703362431] +/- [0.12464529926680275, 0.036237691519510215, 0.056101336121953185, 91.02408366004673]
Per [d]=[224.70075658482827, 365.2564646105183, 682.6299303434988, 4375.934414997799] +/- [224.70075658482827, 365.2564646105183, 682.6299303434988, 4375.934414997799]
eccen. =[0.008139557000734777, 0.008316386873128523, 0.11092495665126292, 0.0627461997730284] +/- [0.0017708650062600712, 0.0028608274620951037, 0.045066411989848947, 0.024484131654974303]

           Fitted params from FITS/p3moonp4_fit30s25yrs.jld2
 lprob: -135.6209431835513
 chi: 64.90678073272503
           Derived Parameters
M_p[M⊕]=[0.7246893004797894, 1.019702194640974, 0.09372024608682568, 238.5165159521136] +/- [0.1168258216936326, 0.04528387967115869, 0.04801699844487592, 55.366718864000816]
Per [d]=[224.70076333958775, 365.25646588199953, 662.3677928309295, 4152.226076924201] +/- [224.70076333958775, 365.25646588199953, 662.3677928309295, 4152.226076924201]
eccen. =[0.01636571106692794, 0.023815309413386533, 0.2637985799654907, 0.07055725662433592] +/- [0.013494622241596081, 0.007509323707308026, 0.06201537381081077, 0.03699023426925808]
           Fitted params from FITS/p3moonp4_fit30s24yrs.jld2
 lprob: -124.22460048533719
 chi: 51.606008558764344
           Derived Parameters
M_p[M⊕]=[0.8142438204242821, 0.9622729639520711, 0.05267883380497932, 481.4264624955495] +/- [0.17066309951976713, 0.03593289384851239, 0.0846222299457018, 83.47234580704196]
Per [d]=[224.7007703634787, 365.2564618819995, 686.4845821217874, 4375.839430253016] +/- [224.7007703634787, 365.2564618819995, 686.4845821217874, 4375.839430253016]
eccen. =[0.009851561947592702, 0.007708757777922386, 0.3782446825032437, 0.054986105086825755] +/- [0.0022211856590218914, 0.004050708029714394, 0.731732409172957, 0.008447537334460754]

           Fitted params from FITS/p3moonp4_fit30s23yrs.jld2
 lprob: -118.62148740602231
 chi: 52.14610969013193
           Derived Parameters
M_p[M⊕]=[0.6420983589765128, 0.9834480973677002, 0.2199787266349637, 557.9444544027432] +/- [0.16061510629211992, 0.03638644764606767, 0.08380653919536155, 91.93352792051671]
Per [d]=[224.70076558156677, 365.2564588927882, 680.4229488180182, 4319.438626200942] +/- [224.70076558156677, 365.2564588927882, 680.4229488180182, 4319.438626200942]
eccen. =[0.012396371128295246, 0.004391389432524312, 0.10272560700481145, 0.045292577976578305] +/- [0.0032892736874708876, 0.00028371845871804523, 0.0748095350566831, 0.0039925039628838374]

           Fitted params from FITS/p3moonp4_fit30s22yrs.jld2
 lprob: -68.85960689377926
 chi: 11.202383382563
           Derived Parameters
M_p[M⊕]=[0.7881260262305534, 1.0190766953088928, 0.10091421970231676, 389.6902920497425] +/- [0.15004979986785463, 0.04201099102224303, 0.06676810197286925, 94.02393837464626]
Per [d]=[224.70077137546826, 365.25645896776433, 683.3852970781072, 4364.011710791461] +/- [224.70077137546826, 365.25645896776433, 683.3852970781072, 4364.011710791461]
eccen. =[0.0015405904893256136, 0.012940920617587727, 0.18199855609552779, 0.041571426308426106] +/- [0.011875031644777895, 0.0029690548675728556, 0.1966511406265561, 0.01868517041350493]

           Fitted params from FITS/p3moonp4_fit30s21yrs.jld2
 lprob: -65.24481060471342
 chi: 10.724582833820605
           Derived Parameters
M_p[M⊕]=[0.8464384163176244, 1.0246349238655832, 0.8025645701702885, 288.38201383868164] +/- [0.15091328234712503, 0.04565367727038307, 0.4444454357285289, 73.9936726010185]
Per [d]=[224.70078771700557, 365.26358088870455, 733.4984309932809, 4346.477680017232] +/- [224.70078771700557, 365.26358088870455, 733.4984309932809, 4346.477680017232]
eccen. =[0.008784240651399764, 0.01909801379300401, 0.0974501717885454, 0.05342959079304303] +/- [0.008252225445059647, 0.0010650768512501, 0.002954692631240686, 0.03391457025542279]
           Fitted params from FITS/p3moonp4_fit30s20yrs.jld2
 lprob: -51.16680132770745
 chi: 7.156019547163406
           Derived Parameters
M_p[M⊕]=[0.5973696458557567, 0.9782481492514755, 0.401026863123743, 2671.5044247691435] +/- [0.11130779176647766, 0.03997044079445032, 0.3283520989423647, 578.375333840475]
Per [d]=[224.70077874871535, 365.25618550612563, 800.3343739556303, 7110.241158570822] +/- [224.70077874871535, 365.25618550612563, 800.3343739556303, 7110.241158570822]
eccen. =[0.01365532536407596, 0.010200985127252057, 0.4882076132230601, 0.05946782700886497] +/- [0.00448880303294826, 0.002552922736684786, 0.010597906151114014, 0.00032288626456013236]
           Fitted params from FITS/p3moonp4_fit30s19yrs.jld2
 lprob: -50.815329487013365
 chi: 7.957342450448017
           Derived Parameters
M_p[M⊕]=[0.9123967069352884, 1.0021443658378555, 0.9889979972558579, 313.13747407487506] +/- [0.1938994759921584, 0.044179629077401396, 0.4851813150763961, 82.77212168987346]
Per [d]=[224.70079010857967, 365.26289102046815, 734.9867230955631, 4272.651182571586] +/- [224.70079010857967, 365.26289102046815, 734.9867230955631, 4272.651182571586]
eccen. =[0.008152885105001959, 0.014337909031415578, 0.09029865656955148, 0.047701175029226627] +/- [0.015563642310025178, 0.003890839384003479, 0.0029036670549544568, 0.033175750360624236]
           Fitted params from FITS/p3moonp4_fit30s18yrs.jld2
 lprob: -46.93840940989702
 chi: 7.369715653375478
           Derived Parameters
M_p[M⊕]=[0.6711119721272941, 0.9820592702945505, 0.1855027578822306, 2255.704745025012] +/- [0.15299458894684895, 0.04322551586072399, 0.13335667106828536, 652.716354908977]
Per [d]=[224.70085572842106, 365.25621758215635, 672.2736211622317, 7184.7301149693085] +/- [224.70085572842106, 365.25621758215635, 672.2736211622317, 7184.7301149693085]
eccen. =[0.016032433852464754, 0.011204532746821273, 0.32131403681256304, 0.057916496133333835] +/- [0.00651562604305766, 0.004848092380153368, 0.2263783109828492, 0.0006599747473513223]
           Fitted params from FITS/p3moonp4_fit30s17yrs.jld2
 lprob: -36.71034601241813
 chi: 5.305012304471611
           Derived Parameters
M_p[M⊕]=[0.586322179148087, 0.9549182864418106, 0.10261302478385831, 1669.0117113548204] +/- [0.18518805990495338, 0.051949516255762454, 0.14097526354159678, 779.1972605418989]
Per [d]=[224.7008542795552, 365.2563267573541, 671.4054473316705, 6865.016409116365] +/- [224.7008542795552, 365.2563267573541, 671.4054473316705, 6865.016409116365]
eccen. =[0.026022710650496002, 0.014350625433113034, 0.4962187024137214, 0.05709825319802687] +/- [0.014086923610503881, 0.013860831765039279, 0.7909744916389709, 0.0001531863587633889]
           Fitted params from FITS/p3moonp4_fit30s16yrs.jld2
 lprob: -23.68790298789057
 chi: 3.089457102148042
           Derived Parameters
M_p[M⊕]=[0.4828545475162167, 0.8945319489164082, 1.380407679501214, 520.81621671935] +/- [0.21615598329203628, 0.04916850163198386, 1.0445033782921325, 233.2422995173317]
Per [d]=[224.70077957291483, 365.2564003334331, 932.9199010738065, 5390.699301630971] +/- [224.70077957291483, 365.2564003334331, 932.9199010738065, 5390.699301630971]
eccen. =[0.057671944292661724, 0.03629376219573592, 0.18418171753876525, 0.09794896949356416] +/- [0.007506316491636457, 0.008979055027677629, 0.18583459075586314, 0.03030057541540573]
           Fitted params from FITS/p3moonp4_fit30s15yrs.jld2
 lprob: -11.182481429431158
 chi: 1.7743968921601236
           Derived Parameters
M_p[M⊕]=[0.6257873577930783, 0.9889758519079938, 0.21039733186830947, 2432.8450638802756] +/- [0.19402996641638054, 0.054421420132940386, 0.17981613331015048, 2245.9484164784667]
Per [d]=[224.70080764683138, 365.2560992061606, 672.0264467857559, 7519.311778176297] +/- [224.70080764683138, 365.2560992061606, 672.0264467857559, 7519.311778176297]
eccen. =[0.01653813027661885, 0.013035731299427079, 0.26263703863040794, 0.06426107311637201] +/- [0.015028901501390165, 0.009114652848432015, 0.3243183346323973, 0.00910887130656159]

