           Fitted params from FITS/fromEMB/p2_fit30s30yrs.jld2
 lprob: -248.35243408387666
 chi: 582.8973683898212
           Derived Parameters
M_p[M⊕]=[0.978116634356383, 1.085167213238445] +/- [0.08010331702237387, 0.05255518839652642]
Per [d]=[224.70077831625917, 365.25643295059416] +/- [224.70077831625917, 365.25643295059416]
eccen. =[0.03287037952023596, 0.039823953909064576] +/- [0.007464120792132276, 0.004444752161469411]
           Fitted params from FITS/fromEMB/p2_fit30s29yrs.jld2
 lprob: -246.49017049518721
 chi: 656.277313810238
           Derived Parameters
M_p[M⊕]=[0.879341012476619, 1.154009920583632] +/- [0.07642131902518513, 0.056092017225191894]
Per [d]=[224.70077390846896, 365.2564432145361] +/- [224.70077390846896, 365.2564432145361]
eccen. =[0.05406411491805525, 0.054034673343387504] +/- [0.009133633056309362, 0.0057701212389942615]
           Fitted params from FITS/fromEMB/p2_fit30s28yrs.jld2
 lprob: -232.06081461567746
 chi: 576.9932323534443
           Derived Parameters
M_p[M⊕]=[0.939443465880768, 1.152639027526892] +/- [0.07925301473420461, 0.055520256881525155]
Per [d]=[224.70078004574353, 365.25646239025156] +/- [224.70078004574353, 365.25646239025156]
eccen. =[0.04211718814525476, 0.0459201981204875] +/- [0.0029193346686773557, 0.0009806640414332481]
           Fitted params from FITS/fromEMB/p2_fit30s27yrs.jld2
 lprob: -225.1155537245735
 chi: 621.3365996799535
           Derived Parameters
M_p[M⊕]=[0.8949821633405921, 0.9962958182603164] +/- [0.0803730063331536, 0.0558845519836618]
Per [d]=[224.70078583306793, 365.2564593019894] +/- [224.70078583306793, 365.2564593019894]
eccen. =[0.017801802572156068, 0.02686208354328654] +/- [0.01643017068766121, 0.008989166060602174]
           Fitted params from FITS/fromEMB/p2_fit30s26yrs.jld2
 lprob: -216.18625063922056
 chi: 577.3329499803124
           Derived Parameters
M_p[M⊕]=[1.0550387165068198, 1.1307869383969607] +/- [0.0906795761066634, 0.05617296949017186]
Per [d]=[224.70077790895056, 365.2564542002093] +/- [224.70077790895056, 365.2564542002093]
eccen. =[0.059425263589542546, 0.05998426954504879] +/- [0.004387376726497479, 0.0027297719931681503]
           Fitted params from FITS/fromEMB/p2_fit30s25yrs.jld2
 lprob: -206.47390124996653
 chi: 574.2375238734365
           Derived Parameters
M_p[M⊕]=[0.9427789630164937, 1.09078701632308] +/- [0.08689825082000631, 0.058463678018689284]
Per [d]=[224.70077099446164, 365.2564577515385] +/- [224.70077099446164, 365.2564577515385]
eccen. =[0.0396205921952527, 0.04453636323336249] +/- [0.0020336209297209373, 0.0009287685698093042]
           Fitted params from FITS/fromEMB/p2_fit30s24yrs.jld2
 lprob: -200.19263519708537
 chi: 575.5474945944912
           Derived Parameters
M_p[M⊕]=[0.9527784810648637, 1.0801066947941842] +/- [0.08870208364810642, 0.05946085090087914]
Per [d]=[224.70077786908573, 365.2564583365444] +/- [224.70077786908573, 365.2564583365444]
eccen. =[0.05253479507148361, 0.053583287754514014] +/- [0.008370380544050706, 0.005120806798284765]
           Fitted params from FITS/fromEMB/p2_fit30s23yrs.jld2
 lprob: -183.60127367924122
 chi: 454.88400663344476
           Derived Parameters
M_p[M⊕]=[0.8572780031915962, 1.1147663881513585] +/- [0.08806357946291415, 0.06261852297815114]
Per [d]=[224.70076556293336, 365.2564373151612] +/- [224.70076556293336, 365.2564373151612]
eccen. =[0.04489284032846163, 0.04921274381721437] +/- [0.0033532166161571383, 0.0026527889996226833]
           Fitted params from FITS/fromEMB/p2_fit30s22yrs.jld2
 lprob: -172.51072428580665
 chi: 425.39062722731836
           Derived Parameters
M_p[M⊕]=[0.9073796941451628, 1.1116249468464334] +/- [0.09090976147922003, 0.06264667986917227]
Per [d]=[224.70077781944897, 365.25641770088544] +/- [224.70077781944897, 365.25641770088544]
eccen. =[0.0691768775004179, 0.06429377500903692] +/- [0.0033246476660067255, 0.0015776471474583562]           
Fitted params from FITS/fromEMB/p2_fit30s21yrs.jld2
 lprob: -165.1384894663123
 chi: 405.46557736493065
           Derived Parameters
M_p[M⊕]=[0.8848426753514185, 0.9736141332570096] +/- [0.088024013804061, 0.06316897352942848]
Per [d]=[224.70077431169864, 365.2563652248188] +/- [224.70077431169864, 365.2563652248188]
eccen. =[0.004743303344340301, 0.009372659550248094] +/- [0.027936282464229793, 0.008672520505587589]
           Fitted params from FITS/fromEMB/p2_fit30s20yrs.jld2
 lprob: -160.09430518739194
 chi: 472.23336295226056
           Derived Parameters
M_p[M⊕]=[0.8939966640464657, 1.0758596254829778] +/- [0.09194511882700127, 0.06504010924539191]
Per [d]=[224.70077850025868, 365.25635750245823] +/- [224.70077850025868, 365.25635750245823]
eccen. =[0.03984478174982452, 0.042571499625426244] +/- [0.004638593058626724, 0.0036473709130209466]
           Fitted params from FITS/fromEMB/p2_fit30s19yrs.jld2
 lprob: -146.16653968247067
 chi: 389.9354495808173
           Derived Parameters
M_p[M⊕]=[0.8568799496073507, 1.1094034899882503] +/- [0.0910574331011983, 0.06969630597544962]
Per [d]=[224.7007878996882, 365.2563736998937] +/- [224.7007878996882, 365.2563736998937]
eccen. =[0.03539675077808426, 0.03843659109781429] +/- [0.007101036905404109, 0.0032735863309264054]
           Fitted params from FITS/fromEMB/p2_fit30s18yrs.jld2
 lprob: -141.08079376260795
 chi: 404.8181817890636
           Derived Parameters
M_p[M⊕]=[0.7315362639240283, 1.0333871580668923] +/- [0.09067345999466411, 0.07259890727422884]
Per [d]=[224.70078963204472, 365.2564139642745] +/- [224.70078963204472, 365.2564139642745]
eccen. =[0.012860182455778153, 0.016876082640086946] +/- [0.02893663016520935, 0.009067753531782916]
           Fitted params from FITS/fromEMB/p2_fit30s17yrs.jld2
 lprob: -127.39833413460387
 chi: 327.2856607275517
           Derived Parameters
M_p[M⊕]=[0.9194245266947182, 1.1456156024214756] +/- [0.10352912672754988, 0.07256226146327374]
Per [d]=[224.7007863118677, 365.2564447918112] +/- [224.7007863118677, 365.2564447918112]
eccen. =[0.05635223573381632, 0.05597881763979724] +/- [0.00011669808286526905, 1.1931430369875367e-5]
           Fitted params from FITS/fromEMB/p2_fit30s16yrs.jld2
 lprob: -122.17566008770683
 chi: 336.26131321700296
           Derived Parameters
M_p[M⊕]=[0.6466107424499378, 0.9177574367617606] +/- [0.0863088569893781, 0.07741281391223191]
Per [d]=[224.7007985624177, 365.2564563373254] +/- [224.7007985624177, 365.2564563373254]
eccen. =[0.05877793842359308, 0.0364366216552192] +/- [0.011119572550637802, 0.013608533761306689]
           Fitted params from FITS/fromEMB/p2_fit30s15yrs.jld2
 lprob: -110.56276428017384
 chi: 290.00128317184266
           Derived Parameters
M_p[M⊕]=[0.6940699998500807, 1.0712525410204143] +/- [0.09413357494565364, 0.0805874015190388]
Per [d]=[224.70078798121355, 365.25637257726373] +/- [224.70078798121355, 365.25637257726373]
eccen. =[0.014070568200218066, 0.018182080603768185] +/- [0.036427325417557735, 0.02117588637205033]

           Fitted params from FITS/fromEMB/p3_fit30s30yrs.jld2
 lprob: -183.1848750767695
 chi: 109.6230956328761
           Derived Parameters
M_p[M⊕]=[0.8463500891498111, 1.007279230780651, 256.75913198507567] +/- [0.04856837678924615, 0.03486794774327215, 47.47083179235713]
Per [d]=[224.70078014619864, 365.2564540136157, 4210.1287973187655] +/- [224.70078014619864, 365.2564540136157, 4210.1287973187655]
eccen. =[0.007544717135033583, 0.014637898418044368, 0.04546248790522307] +/- [0.009984300538466273, 0.0047980755939056275, 0.024378592598278404]
           Fitted params from FITS/fromEMB/p3_fit30s29yrs.jld2
 lprob: -173.6373443528054
 chi: 96.48656720987215
           Derived Parameters
M_p[M⊕]=[0.7618570402705932, 1.0497936173334248, 275.7007966742873] +/- [0.051584649408083466, 0.035145545015195526, 48.67371690203271]
Per [d]=[224.7007753917308, 365.2564531090465, 4206.574327074337] +/- [224.7007753917308, 365.2564531090465, 4206.574327074337]
eccen. =[0.004078961238194657, 0.013985432042120431, 0.034372717847302336] +/- [0.007817607433082527, 0.000968398918147402, 0.02600805258663411]
           Fitted params from FITS/fromEMB/p3_fit30s28yrs.jld2
 lprob: -159.79210303757063
 chi: 79.66782768792208
           Derived Parameters
M_p[M⊕]=[0.7857652633533424, 1.049233185898998, 467.125707665563] +/- [0.04988560251913449, 0.034040300208243224, 52.023682025069554]
Per [d]=[224.70078073802088, 365.25645673816297, 4314.29745949133] +/- [224.70078073802088, 365.25645673816297, 4314.29745949133]
eccen. =[0.003107038910329248, 0.011388226131425153, 0.07888424976056892] +/- [0.0013233426608399222, 0.001799739350419155, 0.0036737103954829846]
           Fitted params from FITS/fromEMB/p3_fit30s27yrs.jld2
 lprob: -159.70034822193196
 chi: 95.85791969988428
           Derived Parameters
M_p[M⊕]=[0.8489546377102442, 0.9578747055943808, 320.22916992197224] +/- [0.04785042367533092, 0.03642976988911027, 49.12693081081166]
Per [d]=[224.70078770900645, 365.2564607108069, 4206.381586677336] +/- [224.70078770900645, 365.2564607108069, 4206.381586677336]
eccen. =[0.01738822114383151, 0.01918586697657778, 0.06024207444485709] +/- [0.008881280411433753, 0.00678129497519186, 0.013444979716649683]
           Fitted params from FITS/fromEMB/p3_fit30s26yrs.jld2
 lprob: -161.50258494560939
 chi: 115.59307248150677
           Derived Parameters
M_p[M⊕]=[0.8269361170435412, 1.0246176164624183, 255.89562188604793] +/- [0.06284965746888273, 0.03838599969517598, 52.75952452573652]
Per [d]=[224.70077984685997, 365.2564630748785, 4227.4261551079235] +/- [224.70077984685997, 365.2564630748785, 4227.4261551079235]
eccen. =[0.013255104344621545, 0.020153361593790074, 0.06084994994442462] +/- [0.010660217923416097, 0.004013289763432821, 0.028729125006774506]
           Fitted params from FITS/fromEMB/p3_fit30s25yrs.jld2
 lprob: -146.03022065610043
 chi: 89.41044936702859
           Derived Parameters
M_p[M⊕]=[0.8411011213720223, 1.0251246402305132, 288.86411534596255] +/- [0.05573844359664889, 0.03953184309229893, 52.22142739614557]
Per [d]=[224.70077350178306, 365.2564641988771, 4252.929707074888] +/- [224.70077350178306, 365.2564641988771, 4252.929707074888]
eccen. =[0.009078483855669983, 0.01935820776380572, 0.06491003431838674] +/- [0.0075435762402052626, 0.0031101057286143886, 0.020383663329054964]
           Fitted params from FITS/fromEMB/p3_fit30s24yrs.jld2
 lprob: -138.3596037377598
 chi: 80.83163188376803
           Derived Parameters
M_p[M⊕]=[0.7527186587101418, 0.9658341577911326, 344.4873801878505] +/- [0.05477362781639732, 0.035990418869890094, 51.70395367833279]
Per [d]=[224.7007836171732, 365.2564818358326, 4190.1483531652175] +/- [224.7007836171732, 365.2564818358326, 4190.1483531652175]
eccen. =[0.00824598737051668, 0.008280294679328108, 0.06739544641082947] +/- [0.005984188042915821, 0.0017816956294976326, 0.014060255122028742]
           Fitted params from FITS/fromEMB/p3_fit30s23yrs.jld2
 lprob: -134.4200653194243
 chi: 88.2937076457608
           Derived Parameters
M_p[M⊕]=[0.7197893602081861, 1.0066565767486184, 314.1785080027135] +/- [0.0562393257796981, 0.03764652017266802, 48.74984372822558]
Per [d]=[224.70077168969934, 365.25646319288074, 4140.889836774131] +/- [224.70077168969934, 365.25646319288074, 4140.889836774131]
eccen. =[0.011340985536378592, 0.014311297582616475, 0.06487272196430817] +/- [0.009491118596850392, 0.002615672526051485, 0.010282790272187418]
           Fitted params from FITS/fromEMB/p3_fit30s22yrs.jld2
 lprob: -116.67676823258472
 chi: 59.974633172768804
           Derived Parameters
M_p[M⊕]=[0.7570248273612343, 0.994942283693183, 313.95453732423243] +/- [0.06005208833878985, 0.04128335123457521, 62.7982463221808]
Per [d]=[224.70078933809137, 365.2564756714114, 4259.4242635374385] +/- [224.70078933809137, 365.2564756714114, 4259.4242635374385]
eccen. =[0.008891308838557767, 0.01686173451254084, 0.05398984226973164] +/- [0.005723931915450658, 5.19831597462289e-6, 0.016419514623030002]
           Fitted params from FITS/fromEMB/p3_fit30s21yrs.jld2
 lprob: -117.86636000996371
 chi: 72.67877981332657
           Derived Parameters
M_p[M⊕]=[0.8272104221711575, 0.9948168072316499, 342.3390312472722] +/- [0.056287943185096244, 0.041257438080824924, 56.598093703421696]
Per [d]=[224.70078643101817, 365.25645326535766, 4152.680161993613] +/- [224.70078643101817, 365.25645326535766, 4152.680161993613]
eccen. =[0.007502014984387463, 0.015499340778205412, 0.07073746333872766] +/- [0.00954943723366315, 0.0037812680690338086, 0.010124544379854751]
           Fitted params from FITS/fromEMB/p3_fit30s20yrs.jld2
 lprob: -105.69296925370973
 chi: 58.271562875429716
           Derived Parameters
M_p[M⊕]=[0.7872918675346233, 1.0265494949280807, 279.4677341952537] +/- [0.06871138806247146, 0.04466765642125912, 59.31553443244465]
Per [d]=[224.7007927318741, 365.2564637992195, 4145.353023191814] +/- [224.7007927318741, 365.2564637992195, 4145.353023191814]
eccen. =[0.016110544530307278, 0.02313129163341069, 0.06582958325823166] +/- [0.008126795970794382, 0.001713358776816009, 0.027077352204041272]
           Fitted params from FITS/fromEMB/p3_fit30s19yrs.jld2
 lprob: -99.56552909617336
 chi: 58.200802702565746
           Derived Parameters
M_p[M⊕]=[0.762803862746042, 1.069532692836575, 267.5529892856194] +/- [0.07516133688019157, 0.04890826940284393, 66.19525091505417]
Per [d]=[224.7007933334065, 365.25642581750026, 4329.424725242311] +/- [224.7007933334065, 365.25642581750026, 4329.424725242311]
eccen. =[0.022573353944005295, 0.029047286859997447, 0.04475415208393623] +/- [0.010983524285635742, 0.003735499356405525, 0.03141269580027057]
           Fitted params from FITS/fromEMB/p3_fit30s18yrs.jld2
 lprob: -100.05946286130404
 chi: 70.6578690345548
           Derived Parameters
M_p[M⊕]=[0.9059080477357486, 1.1208639760623862, 227.36863365393694] +/- [0.0934092416459244, 0.05787589379422398, 56.176400606797394]
Per [d]=[224.70079031070927, 365.25640003255785, 4512.216052269751] +/- [224.70079031070927, 365.25640003255785, 4512.216052269751]
eccen. =[0.03854835700235157, 0.04374401160952465, 0.08887335043590155] +/- [0.009771082551858221, 0.005039523853126406, 0.045351182262569525]
           Fitted params from FITS/fromEMB/p3_fit30s17yrs.jld2
 lprob: -74.48559835812883
 chi: 29.538928874659874
           Derived Parameters
M_p[M⊕]=[1.2193368400923759, 1.2390730230075186, 102.17601769450211] +/- [0.12986942161701992, 0.06934239004733703, 20.564615949170406]
Per [d]=[224.70079001436415, 365.2564476051764, 4223.614884466764] +/- [224.70079001436415, 365.2564476051764, 4223.614884466764]
eccen. =[0.09124874117380191, 0.08577962415301382, 0.23219033458222257] +/- [0.0026274725556248674, 0.0019945459852657773, 0.06241806933816745]
           Fitted params from FITS/fromEMB/p3_fit30s16yrs.jld2
 lprob: -81.19322600134001
 chi: 47.76743328654274
           Derived Parameters
M_p[M⊕]=[0.7338022844566685, 1.0336258078286178, 355.7253616741181] +/- [0.07010260317016948, 0.044542141518871765, 68.85449792739017]
Per [d]=[224.70080086367946, 365.2564474256449, 4170.0337861569105] +/- [224.70080086367946, 365.2564474256449, 4170.0337861569105]
eccen. =[0.02416337309334506, 0.02096951236127721, 0.048754978379076254] +/- [0.010043523717050955, 0.007565638681115132, 0.012998415877482777]
           Fitted params from FITS/fromEMB/p3_fit30s15yrs.jld2
 lprob: -70.50643217846975
 chi: 37.177898957984716
           Derived Parameters
M_p[M⊕]=[1.0397171038701705, 1.2230556534451036, 172.34309463944118] +/- [0.1199941113784477, 0.07132423608965034, 36.541958771084346]
Per [d]=[224.70078981623914, 365.25634085020215, 4679.57110773483] +/- [224.70078981623914, 365.25634085020215, 4679.57110773483]
eccen. =[0.06547343560779695, 0.0675572085689531, 0.10991976648941738] +/- [0.005440997030355332, 0.004086691454364618, 0.04569253134505125]

           Fitted params from FITS/fromEMB/p4_fit30s30yrs.jld2
 lprob: -169.6047033181992
 chi: 77.38852754064551
           Derived Parameters
M_p[M⊕]=[0.8255517012925128, 0.9914805608919118, 0.1327859862263049, 333.29223804162166] +/- [0.047383917138369806, 0.034264112665407576, 0.038778100468629804, 58.845284036404195]
Per [d]=[224.70077540770214, 365.2564548149327, 687.2013753157837, 4355.604509557177] +/- [224.70077540770214, 365.2564548149327, 687.2013753157837, 4355.604509557177]
eccen. =[0.00837018163829422, 0.01203042565252018, 0.12929876317198982, 0.052618917389275446] +/- [0.00633016977006167, 0.004811347257580909, 0.03553041911482749, 0.018510704439623927]
           Fitted params from FITS/fromEMB/p4_fit30s29yrs.jld2
 lprob: -155.025888810845
 chi: 59.12351042971492
           Derived Parameters
M_p[M⊕]=[0.7057227806788521, 1.0349565013440403, 0.11387044191979752, 379.89682607423316] +/- [0.0503708741003871, 0.0337362302992838, 0.03877381194697529, 57.10896270870819]
Per [d]=[224.70077200543395, 365.25645633306766, 689.1035688930298, 4335.011028600953] +/- [224.70077200543395, 365.25645633306766, 689.1035688930298, 4335.011028600953]
eccen. =[0.003488567873720301, 0.008699673363575132, 0.1610440046155985, 0.03948575340752157] +/- [0.004404752445542214, 3.1396895973202297e-5, 0.045867578343878466, 0.01311010650633594]
           Fitted params from FITS/fromEMB/p4_fit30s28yrs.jld2
 lprob: -148.2998171206967
 chi: 58.14900036785162
           Derived Parameters
M_p[M⊕]=[0.7909301389245468, 1.0550566400073234, 0.29508761389376853, 443.1579556527769] +/- [0.052071220162252324, 0.034881996476461105, 0.09609691857510873, 57.63594167808162]
Per [d]=[224.7007812262124, 365.2564009090373, 705.9158799534823, 4334.929350014503] +/- [224.7007812262124, 365.2564009090373, 705.9158799534823, 4334.929350014503]
eccen. =[0.0038278102403336975, 0.013606356045876065, 0.03350668747718834, 0.08439195912524831] +/- [0.007003453311966266, 0.0005641357955344817, 0.0094380419680189, 0.005523114727046054]
           Fitted params from FITS/fromEMB/p4_fit30s27yrs.jld2
 lprob: -146.29574945827184
 chi: 65.35791540211446
           Derived Parameters
M_p[M⊕]=[0.8757239514223552, 0.9396758764601066, 0.1155446539448144, 460.26564835118035] +/- [0.05551264785679672, 0.034673753797128844, 0.04851841418441962, 78.18539118254576]
Per [d]=[224.70077766128372, 365.25647022525084, 683.0672878889154, 4320.413204384401] +/- [224.70077766128372, 365.25647022525084, 683.0672878889154, 4320.413204384401]
eccen. =[0.015198361184878027, 0.013634852425216646, 0.11832276962501163, 0.059349420816169035] +/- [0.0045391365262708264, 0.0053647254797463805, 0.11605878766739965, 0.010045779679227106]
           Fitted params from FITS/fromEMB/p4_fit30s26yrs.jld2
 lprob: -148.4413933301013
 chi: 78.72205308328196
           Derived Parameters
M_p[M⊕]=[0.8963647093203548, 0.9999945147909928, 0.21280946356850974, 430.5791896862888] +/- [0.06587574407219342, 0.0353814856901403, 0.05503510944019797, 80.08460944428268]
Per [d]=[224.70075583689078, 365.2564671663638, 681.4974837611708, 4377.288554164059] +/- [224.70075583689078, 365.2564671663638, 681.4974837611708, 4377.288554164059]
eccen. =[0.009981179178919804, 0.009100152116740994, 0.12321219556040186, 0.04359835998774813] +/- [0.006146409728806023, 0.0027706482209879923, 0.05168565555307306, 0.01748290525199815]
           Fitted params from FITS/fromEMB/p4_fit30s25yrs.jld2
 lprob: -138.5113891499288
 chi: 70.94386261615365
           Derived Parameters
M_p[M⊕]=[0.8335687966998058, 1.008489197821719, 0.10015707081086958, 363.37974142840403] +/- [0.060199097530099964, 0.0379351933782175, 0.04623384355723483, 69.23953754679957]
Per [d]=[224.70076264528885, 365.2564589078216, 685.0369958650517, 4362.240755392721] +/- [224.70076264528885, 365.2564589078216, 685.0369958650517, 4362.240755392721]
eccen. =[0.008488297826524048, 0.015560084322959562, 0.1646323934259016, 0.053394399985710835] +/- [0.0098520463395737, 0.004528845964893799, 0.09753018675501884, 0.017285738550463964]
           Fitted params from FITS/fromEMB/p4_fit30s24yrs.jld2
 lprob: -123.98625887657712
 chi: 51.21701035516893
           Derived Parameters
M_p[M⊕]=[0.7955398190093186, 0.9661189676370786, 0.03339376987276264, 471.18078994726983] +/- [0.06081055706544688, 0.03593262734698962, 0.06603441607360562, 78.35008222631747]
Per [d]=[224.7007700949366, 365.2564650182971, 686.2459286879151, 4386.051000858052] +/- [224.7007700949366, 365.2564650182971, 686.2459286879151, 4386.051000858052]
eccen. =[0.007883350980036721, 0.008114843517548358, 0.6075485458254724, 0.053584631479448364] +/- [0.0011676532904976607, 0.002930450545490774, 0.5672390530330861, 0.008282577520981075]
           Fitted params from FITS/fromEMB/p4_fit30s23yrs.jld2
 lprob: -120.21282651390297
 chi: 54.986858324652694
           Derived Parameters
M_p[M⊕]=[0.7770499119062935, 0.992775090016832, 0.11852198815381114, 504.74521620258486] +/- [0.06546001741409448, 0.03686148819145123, 0.0655988975829538, 86.41542226914086]
Per [d]=[224.7007539985769, 365.2564557261454, 682.5265317612373, 4365.090949007149] +/- [224.7007539985769, 365.2564557261454, 682.5265317612373, 4365.090949007149]
eccen. =[0.008630721430378609, 0.00757502466526628, 0.2111131199854156, 0.0477427707199131] +/- [0.0035730256063704834, 0.0009048957310145068, 0.15036785418250695, 0.005639481247735263]
           Fitted params from FITS/fromEMB/p4_fit30s22yrs.jld2
 lprob: -103.53170286838522
 chi: 37.8144509077728
           Derived Parameters
M_p[M⊕]=[0.9355540626870015, 0.9562210520750224, 0.1277388042464973, 474.9458560630188] +/- [0.09889159105058244, 0.03864921537402028, 0.06622728195784605, 93.9725810045695]
Per [d]=[224.70072969958952, 365.25647734544367, 674.7294252073034, 4238.834250265967] +/- [224.70072969958952, 365.25647734544367, 674.7294252073034, 4238.834250265967]
eccen. =[0.01187009473865303, 0.004437815123685529, 0.32076136280486406, 0.043247530548120056] +/- [0.00020515309963961746, 0.005419291791888516, 0.2298531239234668, 0.0062898389852852656]
           Fitted params from FITS/fromEMB/p4_fit30s21yrs.jld2
 lprob: -67.71689933144852
 chi: 11.73332053257663
           Derived Parameters
M_p[M⊕]=[0.8716180047259966, 1.01747509631469, 0.10332765503556295, 368.2832386086348] +/- [0.09688044387503289, 0.043916127301369526, 0.06831792870565793, 99.60531394217641]
Per [d]=[224.70076923958334, 365.25645618794505, 680.9193953828571, 4332.681362092626] +/- [224.70076923958334, 365.25645618794505, 680.9193953828571, 4332.681362092626]
eccen. =[0.00433555033058778, 0.01507893518806854, 0.1830871377372405, 0.04691566846458729] +/- [0.012340572227674634, 0.004046714159387094, 0.19308399598789627, 0.02113526354319908]
           Fitted params from FITS/fromEMB/p4_fit30s20yrs.jld2
 lprob: -61.439496990430534
 chi: 10.623383653992889
           Derived Parameters
M_p[M⊕]=[0.8738877020427371, 1.0032968614574564, 0.12039740582018449, 399.0170221999806] +/- [0.10939680360496476, 0.04288403898696279, 0.06662960643613397, 101.3637622344419]
Per [d]=[224.7007626482272, 365.2564490247952, 677.0070669124499, 4305.216439689074] +/- [224.7007626482272, 365.2564490247952, 677.0070669124499, 4305.216439689074]
eccen. =[0.0041826693993365985, 0.010737897508782845, 0.18386148400279173, 0.04465076142988012] +/- [0.0036844325908632377, 0.003339436331279892, 0.19396128866328793, 0.017765189943763162]
           Fitted params from FITS/fromEMB/p4_fit30s19yrs.jld2
 lprob: -56.809102309002164
 chi: 10.16284954399205
           Derived Parameters
M_p[M⊕]=[0.8676450595682049, 0.9978850197478412, 0.12851536182444206, 386.35025552804274] +/- [0.10930765743771438, 0.043376057491803524, 0.0659957237401862, 101.80144908344421]
Per [d]=[224.7007638883829, 365.25645672669935, 676.9802401943989, 4268.973526123092] +/- [224.7007638883829, 365.25645672669935, 676.9802401943989, 4268.973526123092]
eccen. =[0.003958881782174025, 0.010330223329505991, 0.1631583877809743, 0.043090082711474936] +/- [0.0021081910902521674, 0.0030050321914208387, 0.1671133258345336, 0.020598035803401474]
           Fitted params from FITS/fromEMB/p4_fit30s18yrs.jld2
 lprob: -52.710047054179505
 chi: 9.421372001589235
           Derived Parameters
M_p[M⊕]=[0.7699839682348446, 1.0272819440640528, 0.11530161002046997, 306.4507340844032] +/- [0.09867207543108941, 0.049655418835901605, 0.0748400238680556, 101.04166781266386]
Per [d]=[224.70079881758446, 365.2564002757405, 665.2203976271616, 4349.435868437252] +/- [224.70079881758446, 365.2564002757405, 665.2203976271616, 4349.435868437252]
eccen. =[0.013449415500821281, 0.02200977052288683, 0.18085767597333022, 0.05248672475282594] +/- [0.009990857414284984, 0.0016506125790572207, 0.03383897202349378, 0.04268476219675153]
           Fitted params from FITS/fromEMB/p4_fit30s17yrs.jld2
 lprob: -46.315215933181726
 chi: 8.209049044864352
           Derived Parameters
M_p[M⊕]=[0.7644181545676059, 0.9989186104353766, 1.193244779877636, 305.8603130575065] +/- [0.0739457239816962, 0.0476416403935948, 0.5181835295630862, 79.07155825152039]
Per [d]=[224.70079576331327, 365.26373479950587, 735.383772321452, 4213.874514928783] +/- [224.70079576331327, 365.26373479950587, 735.383772321452, 4213.874514928783]
eccen. =[0.0024690176908031976, 0.011257487483201096, 0.08561800460335926, 0.04558436025850247] +/- [0.008036984395464297, 0.0003450032758454063, 0.0015357656260623128, 0.02668033869207436]
           Fitted params from FITS/fromEMB/p4_fit30s16yrs.jld2
 lprob: -37.76994813331126
 chi: 6.04099636073659
           Derived Parameters
M_p[M⊕]=[0.8462614545600239, 1.0315536716536813, 3.0419242899193955, 551.6917711110883] +/- [0.08231368175053487, 0.056501641236701566, 1.5985679954176681, 272.5722246223902]
Per [d]=[224.70078762140935, 365.2562710744195, 1246.536734323746, 4904.915811470663] +/- [224.70078762140935, 365.2562710744195, 1246.536734323746, 4904.915811470663]
eccen. =[0.019904906627484644, 0.027498378256644612, 0.2536752842888561, 0.05476681905429072] +/- [0.01147015431025551, 0.0064557258178535425, 0.05058726853616811, 0.02402641476908171]
           Fitted params from FITS/fromEMB/p4_fit30s15yrs.jld2
 lprob: -25.78243536864203
 chi: 3.7515765792028155
           Derived Parameters
M_p[M⊕]=[0.8469926360183241, 1.0173532999324977, 2.9644410798456193, 511.87969860520104] +/- [0.08393565785693348, 0.060069320122287696, 1.7144470873739301, 259.2585034904831]
Per [d]=[224.70079621498667, 365.25629055550775, 1252.4472615529232, 4811.545191940425] +/- [224.70079621498667, 365.25629055550775, 1252.4472615529232, 4811.545191940425]
eccen. =[0.01962480569646358, 0.027666035506320782, 0.249233510749974, 0.060953014568969656] +/- [0.01144741957672777, 0.006744237131725353, 0.05184386747307571, 0.025397654055339593]


