args = ["Hppmp", "mcmc", "fromEV", "100"]
18 parameters from fit: [2.37326121014674e-6, 224.70077474142468, 3503.7688135647227, 0.004671525056223272, -0.004207029464518088, 3.0787751070351884e-6, 365.25645031610276, 3624.407594918014, 0.01669510161401905, -0.0010731761936035628, 0.0008668803344416969, 4247.488833753184, 580.6244843107013, 0.024237059809420595, -0.03441354350050771, 8.92542420859943e-5, -0.0017726274619817642, 2.3133615659608147]
Maximum log Prob from fit: -149.34305571057365
No Walkers: 75 No. steps: 10000
Number of steps: 1000 Acceptance Rate: 0.29296
Number of steps: 2000 Acceptance Rate: 0.5693466666666667
Number of steps: 3000 Acceptance Rate: 0.84768
Number of steps: 4000 Acceptance Rate: 1.1318266666666668
Number of steps: 5000 Acceptance Rate: 1.4174133333333334
Number of steps: 6000 Acceptance Rate: 1.7029066666666666
Number of steps: 7000 Acceptance Rate: 1.9847866666666667
Number of steps: 8000 Acceptance Rate: 2.2711466666666666
Number of steps: 9000 Acceptance Rate: 2.5580266666666667
Number of steps: 10000 Acceptance Rate: 2.8428933333333335
Burn-in Number (ends): 3056
Independent Sample Size: 1909.171572693501
Mean posteriors after burn-in: [2.385874890811204e-6, 224.70077478861828, 3503.7688119994577, 0.0030688621067335524, -0.003264188142451163, 3.0650768045928454e-6, 365.25645093669254, 3624.407586934203, 0.015415533113806005, -0.0004643602019502554, 0.0008475980269730766, 4243.545973314607, 585.3677862055765, 0.018906428302093985, -0.035009247911142446, 9.798793047784238e-5, -0.0017539806988152323, 2.3130498555446435]
MCMC chi-square: 46.543067836496334 for total timing uncertainty of: [30.499953058894643] secs.
229.662862 seconds (57.64 M allocations: 74.071 GiB, 1.57% gc time)
18 parameters from fit: [2.383583608778575e-6, 224.70077506549973, 3503.7688081535184, 0.004646069821629745, -0.0034429644467206364, 3.071954156689513e-6, 365.2564502820756, 3624.4075962911115, 0.016708619806825944, -0.0004761314214860874, 0.0008679340187372109, 4248.974064189199, 572.048697026624, 0.024761735270279164, -0.03489059585331068, 8.899390145803568e-5, -0.0017687136892629788, 2.313123027314637]
Maximum log Prob from fit: -145.4066159038297
No Walkers: 75 No. steps: 10000
Number of steps: 1000 Acceptance Rate: 0.29550666666666664
Number of steps: 2000 Acceptance Rate: 0.5758933333333334
Number of steps: 3000 Acceptance Rate: 0.8585866666666667
Number of steps: 4000 Acceptance Rate: 1.1451866666666666
Number of steps: 5000 Acceptance Rate: 1.4281333333333333
Number of steps: 6000 Acceptance Rate: 1.7164133333333333
Number of steps: 7000 Acceptance Rate: 2.0002933333333335
Number of steps: 8000 Acceptance Rate: 2.2814
Number of steps: 9000 Acceptance Rate: 2.565933333333333
Number of steps: 10000 Acceptance Rate: 2.8504666666666667
Burn-in Number (ends): 3219
Independent Sample Size: 1978.989178074293
Mean posteriors after burn-in: [2.3879546384559577e-6, 224.70077522562545, 3503.7688041320316, 0.003006681611608776, -0.003123723819988764, 3.060241425857044e-6, 365.2564514283181, 3624.407582975876, 0.015404683834354728, -0.0003059692415573584, 0.000851392410966145, 4244.865190315846, 586.075918889795, 0.019234534216665565, -0.03426892596643451, 0.00010712090861163834, -0.0017507604761945609, 2.3131737752287997]
MCMC chi-square: 46.45377139691251 for total timing uncertainty of: [30.581196804201877] secs.
228.362919 seconds (27.54 M allocations: 74.618 GiB, 1.36% gc time)
18 parameters from fit: [2.408654076162038e-6, 224.7007763564841, 3503.7687876292657, 0.0034925165728049382, -0.003320751720040699, 3.063260909459101e-6, 365.2564490103399, 3624.4076063568878, 0.016089177018880206, -0.0002217856542879289, 0.0008926260027567022, 4244.282891023882, 572.58981090202, 0.028130338556127125, -0.0352185390616808, 7.261479933687804e-5, -0.001736874517207313, 2.3119376544767074]
Maximum log Prob from fit: -138.6132009531302
No Walkers: 75 No. steps: 10000
Number of steps: 1000 Acceptance Rate: 0.2962
Number of steps: 2000 Acceptance Rate: 0.5808533333333333
Number of steps: 3000 Acceptance Rate: 0.85488
Number of steps: 4000 Acceptance Rate: 1.13536
Number of steps: 5000 Acceptance Rate: 1.4190933333333333
Number of steps: 6000 Acceptance Rate: 1.7032666666666667
Number of steps: 7000 Acceptance Rate: 1.9814666666666667
Number of steps: 8000 Acceptance Rate: 2.2637466666666666
Number of steps: 9000 Acceptance Rate: 2.551893333333333
Number of steps: 10000 Acceptance Rate: 2.8364933333333333
Burn-in Number (ends): 6098
Independent Sample Size: 2019.384175360427
Mean posteriors after burn-in: [2.4248968376100417e-6, 224.70077622313354, 3503.7687903007536, 0.0026596108679848096, -0.0034135294388337577, 3.0543506250876157e-6, 365.256449507071, 3624.407605222999, 0.015367307843558442, -0.0005355000960587657, 0.0008613151297788706, 4241.156112414473, 585.8106372051063, 0.020745559285339374, -0.035402646847467266, 6.61218740124725e-5, -0.0017176582037529556, 2.3110855455566344]
MCMC chi-square: 45.14294588706881 for total timing uncertainty of: [30.584457893794987] secs.
208.738660 seconds (27.36 M allocations: 72.162 GiB, 1.42% gc time)
18 parameters from fit: [2.4363618324545667e-6, 224.7007768578406, 3503.768782396363, 0.004648351464489666, -0.003791230322098234, 3.077226049586491e-6, 365.2564511072758, 3624.4075931279735, 0.016921314487608023, -0.0006680269842956713, 0.0009140315119609486, 4258.687377856229, 550.1085645349674, 0.031200709981631547, -0.0350813865208046, 8.288204941815972e-5, -0.0017063004946596336, 2.3128074055272374]
Maximum log Prob from fit: -132.08145847499193
No Walkers: 75 No. steps: 10000
Number of steps: 1000 Acceptance Rate: 0.2919333333333333
Number of steps: 2000 Acceptance Rate: 0.5672666666666667
Number of steps: 3000 Acceptance Rate: 0.84548
Number of steps: 4000 Acceptance Rate: 1.1307866666666666
Number of steps: 5000 Acceptance Rate: 1.41392
Number of steps: 6000 Acceptance Rate: 1.6925066666666666
Number of steps: 7000 Acceptance Rate: 1.9739066666666667
Number of steps: 8000 Acceptance Rate: 2.2521466666666665
Number of steps: 9000 Acceptance Rate: 2.5346266666666666
Number of steps: 10000 Acceptance Rate: 2.81736
Burn-in Number (ends): 3076
Independent Sample Size: 2036.0017543984704
Mean posteriors after burn-in: [2.457948563327928e-6, 224.70077674570575, 3503.76878329998, 0.0031897881501274077, -0.0027911577359913476, 3.061761797615855e-6, 365.25645108735245, 3624.4075930321824, 0.015743751692149012, -7.060053789128167e-5, 0.000881009904864879, 4251.634530596296, 560.3157728670079, 0.02360307863030577, -0.0364456967563973, 8.833862202566464e-5, -0.0016874198505370968, 2.311863853032803]
MCMC chi-square: 44.28321528389052 for total timing uncertainty of: [30.644977840639246] secs.
187.234794 seconds (27.39 M allocations: 72.936 GiB, 1.32% gc time)
18 parameters from fit: [2.150696482325267e-6, 224.70077713848514, 3503.7687790289465, 0.00266436186123359, -0.005513543245985264, 3.0602295649110564e-6, 365.2564583619467, 3624.4075226731384, 0.015058368610753924, -0.0018692290258842008, 0.0010010046745241683, 4243.503363907928, 577.9212285866306, 0.04088571919311495, -0.03562395121793705, 2.8672192255321983e-5, -0.0018642651157466756, 2.309915014501784]
Maximum log Prob from fit: -123.8166702376358
No Walkers: 75 No. steps: 10000
Number of steps: 1000 Acceptance Rate: 0.2932133333333333
Number of steps: 2000 Acceptance Rate: 0.57356
Number of steps: 3000 Acceptance Rate: 0.8500933333333334
Number of steps: 4000 Acceptance Rate: 1.1378
Number of steps: 5000 Acceptance Rate: 1.4237066666666667
Number of steps: 6000 Acceptance Rate: 1.70964
Number of steps: 7000 Acceptance Rate: 1.9919333333333333
Number of steps: 8000 Acceptance Rate: 2.26996
Number of steps: 9000 Acceptance Rate: 2.5450933333333334
Number of steps: 10000 Acceptance Rate: 2.8217066666666666
Burn-in Number (ends): 3398
Independent Sample Size: 2016.1291476905435
Mean posteriors after burn-in: [2.228827084832364e-6, 224.70077699239238, 3503.7687796145747, 0.0021904927737425185, -0.003334770299379353, 3.0487482275375176e-6, 365.256457690959, 3624.4075288313707, 0.014708625025497172, -0.00037848707577686416, 0.000946461986496467, 4241.242681614016, 568.1091190617562, 0.03259241832892021, -0.03812717661748803, 3.5689795414597174e-5, -0.0018249490950323114, 2.3091444265529995]
MCMC chi-square: 38.96028443682312 for total timing uncertainty of: [30.601900082539952] secs.
170.569019 seconds (27.41 M allocations: 73.237 GiB, 1.35% gc time)
18 parameters from fit: [2.1861260984604413e-6, 224.7007792367329, 3503.7687463423936, 0.0014776549881522789, -0.006836310629868746, 3.061284008149263e-6, 365.2564651991397, 3624.407447602253, 0.014203106349139237, -0.0028774433748575564, 0.000954413378039145, 4224.305810398207, 596.5213263812898, 0.036380530220328944, -0.04245856606640991, 0.00010390834879800526, -0.00185490676607928, 2.3143844989795346]
Maximum log Prob from fit: -114.88925839428413
No Walkers: 75 No. steps: 10000
Number of steps: 1000 Acceptance Rate: 0.2921066666666667
Number of steps: 2000 Acceptance Rate: 0.5735866666666667
Number of steps: 3000 Acceptance Rate: 0.8505866666666667
Number of steps: 4000 Acceptance Rate: 1.12968
Number of steps: 5000 Acceptance Rate: 1.4134
Number of steps: 6000 Acceptance Rate: 1.6966666666666668
Number of steps: 7000 Acceptance Rate: 1.98276
Number of steps: 8000 Acceptance Rate: 2.267306666666667
Number of steps: 9000 Acceptance Rate: 2.5489333333333333
Number of steps: 10000 Acceptance Rate: 2.8341333333333334
Burn-in Number (ends): 3602
Independent Sample Size: 2001.3466203639873
Mean posteriors after burn-in: [2.2550248035684043e-6, 224.7007793642141, 3503.7687409992564, 0.0013636569395000884, -0.0043466101497081164, 3.058359185961688e-6, 365.2564642515823, 3624.407456562647, 0.014137411700274825, -0.0011424812934574318, 0.0009056186883137883, 4225.575734863852, 577.2525168326092, 0.02878272036867983, -0.04527422583134199, 0.00010255434293186945, -0.0018231977507058256, 2.3134136393976874]
MCMC chi-square: 34.919664990120836 for total timing uncertainty of: [30.605270501726654] secs.
174.727718 seconds (27.62 M allocations: 75.634 GiB, 1.51% gc time)
18 parameters from fit: [2.2836921100392894e-6, 224.7007803646937, 3503.7687293400263, 0.0005614485541712387, -0.0056884299163156215, 3.050275802293788e-6, 365.25646731717234, 3624.4074281090684, 0.013533615529159654, -0.0018842753948661599, 0.0009439911509753769, 4227.4721874104725, 575.3175368424253, 0.03486947358270742, -0.04515886394197482, 9.553733390049044e-5, -0.001786301357890692, 2.3130809522351607]
Maximum log Prob from fit: -110.62803752974585
No Walkers: 75 No. steps: 10000
Number of steps: 1000 Acceptance Rate: 0.2949466666666667
Number of steps: 2000 Acceptance Rate: 0.5737866666666667
Number of steps: 3000 Acceptance Rate: 0.85528
Number of steps: 4000 Acceptance Rate: 1.1347866666666666
Number of steps: 5000 Acceptance Rate: 1.4175866666666668
Number of steps: 6000 Acceptance Rate: 1.7007466666666666
Number of steps: 7000 Acceptance Rate: 1.98012
Number of steps: 8000 Acceptance Rate: 2.26304
Number of steps: 9000 Acceptance Rate: 2.54824
Number of steps: 10000 Acceptance Rate: 2.83192
Burn-in Number (ends): 3134
Independent Sample Size: 1963.3508226860422
Mean posteriors after burn-in: [2.3705747316304633e-6, 224.70078078835348, 3503.7687182110226, 0.0003849555976843534, -0.0035337909638303864, 3.0444048018865068e-6, 365.2564675986474, 3624.407427434808, 0.013340191753125405, -0.0004109322606024131, 0.0008786499658935094, 4228.734132223735, 558.1689660906126, 0.024420065904669032, -0.0495647652712149, 9.819688976770021e-5, -0.0017306882176900064, 2.3118462718615573]
MCMC chi-square: 34.288202750759055 for total timing uncertainty of: [30.57918632718177] secs.
172.976193 seconds (27.43 M allocations: 73.127 GiB, 1.24% gc time)
18 parameters from fit: [2.289760592978402e-6, 224.7007831051365, 3503.7686931195094, 0.0024547767398207924, -0.0032895341331550874, 3.025390679013936e-6, 365.2564648412164, 3624.4074385354606, 0.01459504268034834, 0.00026642951719758743, 0.0008917689664364504, 4210.476672284941, 567.9166926887493, 0.0328698214937404, -0.05119081896434396, 0.0001378826267889124, -0.0017741238972136966, 2.3153113662894427]
Maximum log Prob from fit: -102.8953624909478
No Walkers: 75 No. steps: 10000
Number of steps: 1000 Acceptance Rate: 0.29056
Number of steps: 2000 Acceptance Rate: 0.5683066666666666
Number of steps: 3000 Acceptance Rate: 0.84704
Number of steps: 4000 Acceptance Rate: 1.137
Number of steps: 5000 Acceptance Rate: 1.4229866666666666
Number of steps: 6000 Acceptance Rate: 1.7019466666666667
Number of steps: 7000 Acceptance Rate: 1.98704
Number of steps: 8000 Acceptance Rate: 2.2685333333333335
Number of steps: 9000 Acceptance Rate: 2.55244
Number of steps: 10000 Acceptance Rate: 2.8328266666666666
Burn-in Number (ends): 3013
Independent Sample Size: 2001.688812751845
Mean posteriors after burn-in: [2.3401922792710485e-6, 224.7007832487148, 3503.7686920244337, 0.001763587186186394, -0.0025209607487916633, 3.0165608569456224e-6, 365.25646515542473, 3624.4074391000518, 0.013993518998484096, 0.0006510250956216708, 0.000850249903040502, 4211.126644274286, 566.5380502345273, 0.024088848503751727, -0.05312428937589837, 0.00014236266221831015, -0.0017319312896533854, 2.31446847199693]
MCMC chi-square: 31.399330243774916 for total timing uncertainty of: [30.608257949276645] secs.
172.021269 seconds (27.43 M allocations: 73.454 GiB, 1.39% gc time)
18 parameters from fit: [2.3608745116142265e-6, 224.70078893601584, 3503.7686251276086, 0.012392632206347747, -0.002758785002185374, 3.146682803000325e-6, 365.2564593140904, 3624.407481404576, 0.02141748686490106, 9.901237413367343e-5, 0.0006954970251140113, 4198.931223649528, 567.2468101246392, 0.006969863296563977, -0.06507671924458061, 9.564905919564663e-5, -0.0017943843624291678, 2.3120627602682235]
Maximum log Prob from fit: -90.75339337435462
No Walkers: 75 No. steps: 10000
Number of steps: 1000 Acceptance Rate: 0.28905333333333333
Number of steps: 2000 Acceptance Rate: 0.56052
Number of steps: 3000 Acceptance Rate: 0.82984
Number of steps: 4000 Acceptance Rate: 1.09788
Number of steps: 5000 Acceptance Rate: 1.3704933333333333
Number of steps: 6000 Acceptance Rate: 1.6451866666666666
Number of steps: 7000 Acceptance Rate: 1.92284
Number of steps: 8000 Acceptance Rate: 2.1969333333333334
Number of steps: 9000 Acceptance Rate: 2.4674933333333335
Number of steps: 10000 Acceptance Rate: 2.7404533333333334
Burn-in Number (ends): 3414
Independent Sample Size: 1647.479033236582
Mean posteriors after burn-in: [2.3841650357190474e-6, 224.7007886708942, 3503.7686277053776, 0.006729788284959426, -0.003251854286871374, 3.102264647276062e-6, 365.25645999011476, 3624.4074751918197, 0.017091355840152443, -0.00021632228187145957, 0.0007305615983394853, 4197.110568635968, 576.4387468641903, 0.004918998092800995, -0.0634606179108695, 0.00010922851987757701, -0.00174580233187969, 2.311700199381121]
MCMC chi-square: 25.259551242104216 for total timing uncertainty of: [30.530689422191134] secs.
171.191367 seconds (27.68 M allocations: 77.959 GiB, 1.31% gc time)
18 parameters from fit: [2.308871185605393e-6, 224.7007911714764, 3503.7686380360874, -0.07492647680905516, -0.03697758181577297, 2.6342209410668137e-6, 365.25645900755416, 3624.4074604165316, -0.04930762480385992, -0.02727386410421195, 0.0006484758456729715, 4213.997567300772, 1520.9790004280578, -0.0013992024928847937, 0.08668739959890615, -0.00010442902643696266, -0.0013536426385421406, 2.303711725636505]
Maximum log Prob from fit: -105.42368953903997
No Walkers: 75 No. steps: 10000
Number of steps: 1000 Acceptance Rate: 0.2978133333333333
Number of steps: 2000 Acceptance Rate: 0.5468666666666666
Number of steps: 3000 Acceptance Rate: 0.7871066666666666
Number of steps: 4000 Acceptance Rate: 1.03508
Number of steps: 5000 Acceptance Rate: 1.2892533333333334
Number of steps: 6000 Acceptance Rate: 1.5479066666666668
Number of steps: 7000 Acceptance Rate: 1.8059466666666666
Number of steps: 8000 Acceptance Rate: 2.0605866666666666
Number of steps: 9000 Acceptance Rate: 2.314226666666667
Number of steps: 10000 Acceptance Rate: 2.5715333333333334
Burn-in Number (ends): 10000
Independent Sample Size: 275.1406682640779
Mean posteriors after burn-in: [2.439537265598083e-6, 224.70079144265128, 3503.768592790504, 0.002752819089384831, -0.002269420661549726, 3.046458865727124e-6, 365.25646309110016, 3624.407443708321, 0.014242728610963174, 0.0004097337820078439, 0.0007174538718380218, 4181.409877273577, 632.3965764067458, 0.005334964025035389, -0.05789654132246599, 0.0001107198410022214, -0.0016760783021148799, 2.309805132006448]
MCMC chi-square: 25.456866990269415 for total timing uncertainty of: [30.470170239204638] secs.
186.914463 seconds (33.87 M allocations: 170.474 GiB, 1.83% gc time)
18 parameters from fit: [2.373286796903698e-6, 224.70077474140612, 3503.7688135646267, 0.004671468993293162, -0.004206128078569115, 3.0787751196592497e-6, 365.25645031568644, 3624.4075949241774, 0.01669506738203858, -0.0010724600096894607, 0.000866879645493756, 4247.492812771257, 580.606137376935, 0.024237114374101643, -0.03441482958792018, 8.925268809232293e-5, -0.0017726163591253368, 2.3133612169849997]
Maximum log Prob from fit: -235.03481425057012
No Walkers: 75 No. steps: 10000
Number of steps: 1000 Acceptance Rate: 0.30021333333333333
Number of steps: 2000 Acceptance Rate: 0.5872533333333333
Number of steps: 3000 Acceptance Rate: 0.8920666666666667
Number of steps: 4000 Acceptance Rate: 1.1870266666666667
Number of steps: 5000 Acceptance Rate: 1.48456
Number of steps: 6000 Acceptance Rate: 1.78
Number of steps: 7000 Acceptance Rate: 2.0772
Number of steps: 8000 Acceptance Rate: 2.3719866666666665
Number of steps: 9000 Acceptance Rate: 2.66492
Number of steps: 10000 Acceptance Rate: 2.95772
Burn-in Number (ends): 2764
Independent Sample Size: 2102.40919177682
Mean posteriors after burn-in: [2.3753412514709886e-6, 224.7007748194602, 3503.7688139642196, 0.002845876881581789, -0.0032910807551286333, 3.063405055775116e-6, 365.25645092917466, 3624.4075854518824, 0.015185862766651232, -0.00042701361210465013, 0.0008614798425965158, 4245.255478550222, 584.4189438375128, 0.020974120474851723, -0.034075566012132824, 0.00011045703500697296, -0.0017588542628883814, 2.3136458424981963]
MCMC chi-square: 417.94502700885823 for total timing uncertainty of: [26.082457257796403] secs.
188.428168 seconds (28.68 M allocations: 65.879 GiB, 1.41% gc time)
18 parameters from fit: [2.3835700761254323e-6, 224.70077506548458, 3503.7688081540505, 0.004645976829440131, -0.003443849414611885, 3.071953698329549e-6, 365.25645028226336, 3624.4075962879606, 0.016708546247154735, -0.00047684202601992726, 0.000867932991003043, 4248.972115765585, 572.0609536383685, 0.024761210437001472, -0.03488972424307204, 8.899334568935395e-5, -0.0017687181965530688, 2.3131232339011194]
Maximum log Prob from fit: -228.9011498207688
No Walkers: 75 No. steps: 10000
Number of steps: 1000 Acceptance Rate: 0.298
Number of steps: 2000 Acceptance Rate: 0.5936666666666667
Number of steps: 3000 Acceptance Rate: 0.89628
Number of steps: 4000 Acceptance Rate: 1.1917333333333333
Number of steps: 5000 Acceptance Rate: 1.48824
Number of steps: 6000 Acceptance Rate: 1.7803466666666667
Number of steps: 7000 Acceptance Rate: 2.0758533333333333
Number of steps: 8000 Acceptance Rate: 2.3714666666666666
Number of steps: 9000 Acceptance Rate: 2.66716
Number of steps: 10000 Acceptance Rate: 2.9599466666666667
Burn-in Number (ends): 2783
Independent Sample Size: 2348.6311232222474
Mean posteriors after burn-in: [2.3917210617306938e-6, 224.70077532639897, 3503.768801690052, 0.002976234127004153, -0.002673038603133771, 3.0585771929586178e-6, 365.25645121143197, 3624.407583726895, 0.015338043746421748, 4.030294675382933e-5, 0.0008577202994839181, 4245.955515320528, 576.7132704038871, 0.02097932906746831, -0.03506081902147936, 9.347035355409634e-5, -0.001754213124048659, 2.3127563730118723]
MCMC chi-square: 416.519509739746 for total timing uncertainty of: [26.634882840244142] secs.
187.095601 seconds (28.65 M allocations: 64.470 GiB, 1.33% gc time)
18 parameters from fit: [2.4086534853747783e-6, 224.70077635647456, 3503.768787629458, 0.003492482458888804, -0.0033210545641909625, 3.063260800147352e-6, 365.2564490103786, 3624.4076063559382, 0.016089154899449672, -0.00022202138418158792, 0.0008926260738027582, 4244.282003940386, 572.5931965261794, 0.028130311979704885, -0.03521850123222621, 7.261388339594546e-5, -0.0017368737947276744, 2.3119376565935315]
Maximum log Prob from fit: -218.81189801417918
No Walkers: 75 No. steps: 10000
Number of steps: 1000 Acceptance Rate: 0.29802666666666666
Number of steps: 2000 Acceptance Rate: 0.5836
Number of steps: 3000 Acceptance Rate: 0.89132
Number of steps: 4000 Acceptance Rate: 1.1834533333333332
Number of steps: 5000 Acceptance Rate: 1.47812
Number of steps: 6000 Acceptance Rate: 1.77276
Number of steps: 7000 Acceptance Rate: 2.0691866666666665
Number of steps: 8000 Acceptance Rate: 2.36548
Number of steps: 9000 Acceptance Rate: 2.65592
Number of steps: 10000 Acceptance Rate: 2.94836
Burn-in Number (ends): 2781
Independent Sample Size: 2010.774473067518
Mean posteriors after burn-in: [2.4269355676303818e-6, 224.70077630564575, 3503.7687890979437, 0.00236268670179556, -0.0026749263184761784, 3.05582941133604e-6, 365.2564496619584, 3624.4075937378, 0.01517823740789351, 0.00015368313539377255, 0.000876934831677497, 4240.439159308887, 580.2241972856599, 0.02380707761089585, -0.03541814794806677, 6.837414168382936e-5, -0.0017175201798704384, 2.311082806605072]
MCMC chi-square: 404.26288235101356 for total timing uncertainty of: [26.874897135322055] secs.
193.966642 seconds (28.66 M allocations: 65.016 GiB, 2.11% gc time)
18 parameters from fit: [2.4363680130745766e-6, 224.70077685788584, 3503.7687823952906, 0.004648255328994273, -0.0037904431443209724, 3.077225477486761e-6, 365.25645110722473, 3624.407593128992, 0.016921238290299727, -0.000667393335004486, 0.0009140355433544023, 4258.686992619263, 550.1040803385816, 0.03120147530352973, -0.0350815308155822, 8.288364778611293e-5, -0.0017062982322355558, 2.3128072702779847]
Maximum log Prob from fit: -208.98431866068964
No Walkers: 75 No. steps: 10000
Number of steps: 1000 Acceptance Rate: 0.30290666666666666
Number of steps: 2000 Acceptance Rate: 0.59328
Number of steps: 3000 Acceptance Rate: 0.8983733333333334
Number of steps: 4000 Acceptance Rate: 1.19312
Number of steps: 5000 Acceptance Rate: 1.4880933333333333
Number of steps: 6000 Acceptance Rate: 1.78316
Number of steps: 7000 Acceptance Rate: 2.077653333333333
Number of steps: 8000 Acceptance Rate: 2.369666666666667
Number of steps: 9000 Acceptance Rate: 2.6623466666666666
Number of steps: 10000 Acceptance Rate: 2.9574666666666665
Burn-in Number (ends): 2936
Independent Sample Size: 2199.762490268867
Mean posteriors after burn-in: [2.460051075060647e-6, 224.70077688884527, 3503.7687802498926, 0.0031366038388446855, -0.002662926009892655, 3.067113736273351e-6, 365.25645092443693, 3624.4075962322536, 0.01575379891042688, 8.972920288709401e-5, 0.0008933726379183919, 4252.047490697155, 555.598334937006, 0.026797687726878905, -0.03578870253877865, 9.161773829964329e-5, -0.001682206345284398, 2.3121693209601393]
MCMC chi-square: 395.23620687694984 for total timing uncertainty of: [27.44634742256684] secs.
191.007156 seconds (28.84 M allocations: 67.492 GiB, 1.32% gc time)
18 parameters from fit: [2.150695138181183e-6, 224.7007771384792, 3503.768779029339, 0.002664234475648889, -0.005513471904247688, 3.0602289604515282e-6, 365.25645836174596, 3624.407522676905, 0.015058267504201146, -0.00186916383116152, 0.0010010106691284203, 4243.506561340643, 577.9145435598887, 0.040886189352430574, -0.035623818809350366, 2.8672259799710458e-5, -0.0018642652905535519, 2.3099150525057195]
Maximum log Prob from fit: -198.5223058557878
No Walkers: 75 No. steps: 10000
Number of steps: 1000 Acceptance Rate: 0.30128
Number of steps: 2000 Acceptance Rate: 0.5907733333333334
Number of steps: 3000 Acceptance Rate: 0.8969866666666667
Number of steps: 4000 Acceptance Rate: 1.1941866666666667
Number of steps: 5000 Acceptance Rate: 1.4903866666666667
Number of steps: 6000 Acceptance Rate: 1.7890933333333334
Number of steps: 7000 Acceptance Rate: 2.0833066666666666
Number of steps: 8000 Acceptance Rate: 2.3794
Number of steps: 9000 Acceptance Rate: 2.6758933333333332
Number of steps: 10000 Acceptance Rate: 2.9721866666666665
Burn-in Number (ends): 3323
Independent Sample Size: 2313.034932267573
Mean posteriors after burn-in: [2.2189749336303245e-6, 224.7007771304623, 3503.7687762014884, 0.0022274434526443503, -0.003332167631436777, 3.052694451087555e-6, 365.25645785841493, 3624.407527715864, 0.014760347849539219, -0.0003007613622066591, 0.0009642830044449258, 4243.141110041016, 563.1892177465877, 0.03578318658040337, -0.03775593671081795, 3.5480205437040466e-5, -0.001828614698456279, 2.3092515281638564]
MCMC chi-square: 347.0662589974426 for total timing uncertainty of: [26.150794132022554] secs.
188.684054 seconds (28.69 M allocations: 65.998 GiB, 1.22% gc time)
18 parameters from fit: [2.186167136842513e-6, 224.7007792367979, 3503.7687463408374, 0.001477888825641757, -0.006835069838479267, 3.06128538297129e-6, 365.25646519860743, 3624.4074476107844, 0.014203319848401126, -0.002876459324901069, 0.0009544136159496981, 4224.311567134591, 596.4975794816598, 0.03638114687925676, -0.042459691769948515, 0.00010389927563242357, -0.0018548890953282622, 2.314383751933343]
Maximum log Prob from fit: -186.29905712692778
No Walkers: 75 No. steps: 10000
Number of steps: 1000 Acceptance Rate: 0.3032
Number of steps: 2000 Acceptance Rate: 0.5948533333333333
Number of steps: 3000 Acceptance Rate: 0.8919866666666667
Number of steps: 4000 Acceptance Rate: 1.18084
Number of steps: 5000 Acceptance Rate: 1.47692
Number of steps: 6000 Acceptance Rate: 1.7698133333333332
Number of steps: 7000 Acceptance Rate: 2.0673866666666667
Number of steps: 8000 Acceptance Rate: 2.36872
Number of steps: 9000 Acceptance Rate: 2.6645066666666666
Number of steps: 10000 Acceptance Rate: 2.957586666666667
Burn-in Number (ends): 3491
Independent Sample Size: 2109.5826845830734
Mean posteriors after burn-in: [2.24881882806036e-6, 224.70077927663843, 3503.7687453483904, 0.001210513897332392, -0.0043994563294282715, 3.0562346133643937e-6, 365.2564650081211, 3624.4074492760565, 0.013977005362807857, -0.0011191049468195838, 0.0009162810734721842, 4222.991568605548, 581.9227491248718, 0.03163211896399526, -0.044743262039308715, 0.00011521528481186046, -0.001817049719281146, 2.3140695343643514]
MCMC chi-square: 311.8416396568919 for total timing uncertainty of: [25.551306574728507] secs.
205.481595 seconds (28.60 M allocations: 64.247 GiB, 1.28% gc time)
18 parameters from fit: [2.2836386456161613e-6, 224.7007803645534, 3503.768729342615, 0.0005614509097817198, -0.0056898179951468475, 3.0502763938766406e-6, 365.25646731756586, 3624.4074281008166, 0.013533589062661389, -0.0018853886588205617, 0.000943988589926585, 4227.463808521509, 575.3502585040422, 0.03486866728643858, -0.0451573189372412, 9.554674622565021e-5, -0.0017863274436035925, 2.313081899277195]
Maximum log Prob from fit: -179.84061172337405
No Walkers: 75 No. steps: 10000
Number of steps: 1000 Acceptance Rate: 0.2992533333333333
Number of steps: 2000 Acceptance Rate: 0.5887466666666666
Number of steps: 3000 Acceptance Rate: 0.8958
Number of steps: 4000 Acceptance Rate: 1.1948133333333333
Number of steps: 5000 Acceptance Rate: 1.4882266666666666
Number of steps: 6000 Acceptance Rate: 1.7857733333333334
Number of steps: 7000 Acceptance Rate: 2.0838266666666665
Number of steps: 8000 Acceptance Rate: 2.3808
Number of steps: 9000 Acceptance Rate: 2.6730533333333333
Number of steps: 10000 Acceptance Rate: 2.967573333333333
Burn-in Number (ends): 3749
Independent Sample Size: 2228.505935908646
Mean posteriors after burn-in: [2.3686851549824392e-6, 224.7007803344599, 3503.76872981098, 0.00045236937095477904, -0.003609556528314447, 3.049521125215245e-6, 365.25646725612387, 3624.407430676648, 0.013405117839298764, -0.00041857803860543093, 0.0008996074929685454, 4228.568381167148, 557.9522217254391, 0.0285635539349729, -0.048305915536141754, 9.950133643230489e-5, -0.001729397086584795, 2.31188716531181]
MCMC chi-square: 305.0787421558699 for total timing uncertainty of: [25.808565063992308] secs.
206.969478 seconds (28.64 M allocations: 65.531 GiB, 1.35% gc time)
18 parameters from fit: [2.2897709764565777e-6, 224.70078310519742, 3503.768693118338, 0.002454485628793885, -0.003289224746124577, 3.025388800767294e-6, 365.25646484129555, 3624.4074385345975, 0.014594825948305712, 0.00026667741433121907, 0.0008917708389949386, 4210.476591267083, 567.9141705426397, 0.03287009746264795, -0.05119102914854939, 0.00013788177691050936, -0.0017741175502091627, 2.3153111713006354]
Maximum log Prob from fit: -168.81209981661777
No Walkers: 75 No. steps: 10000
Number of steps: 1000 Acceptance Rate: 0.29633333333333334
Number of steps: 2000 Acceptance Rate: 0.58176
Number of steps: 3000 Acceptance Rate: 0.8856
Number of steps: 4000 Acceptance Rate: 1.17916
Number of steps: 5000 Acceptance Rate: 1.4741466666666667
Number of steps: 6000 Acceptance Rate: 1.7700933333333333
Number of steps: 7000 Acceptance Rate: 2.0702
Number of steps: 8000 Acceptance Rate: 2.36708
Number of steps: 9000 Acceptance Rate: 2.662586666666667
Number of steps: 10000 Acceptance Rate: 2.9593066666666665
Burn-in Number (ends): 2886
Independent Sample Size: 2375.067891823333
Mean posteriors after burn-in: [2.3276681726636752e-6, 224.70078327450977, 3503.7686893402997, 0.0014465067611202978, -0.0024959737823685504, 3.0161229454683892e-6, 365.2564650625343, 3624.4074379420076, 0.013820690924835555, 0.0007908994392124882, 0.0008650444796127045, 4210.369470082099, 563.9348498620589, 0.02742605404494697, -0.05283187146520468, 0.0001454841364430599, -0.0017366432186195256, 2.3148918349514465]
MCMC chi-square: 280.33809007098336 for total timing uncertainty of: [25.558730833993263] secs.
202.461190 seconds (28.64 M allocations: 63.912 GiB, 1.13% gc time)
18 parameters from fit: [2.3609169951884645e-6, 224.70078893616625, 3503.7686251249925, 0.012392365635507087, -0.0027565759949162915, 3.146680526909864e-6, 365.25645931377943, 3624.407481410897, 0.021417291594484016, 0.00010075918624967594, 0.0006954993456568166, 4198.93747697188, 567.2128717284982, 0.006971786263096696, -0.065079544130884, 9.564682246575532e-5, -0.001794365039796268, 2.3120619147383294]
Maximum log Prob from fit: -153.37429382216786
No Walkers: 75 No. steps: 10000
Number of steps: 1000 Acceptance Rate: 0.29862666666666665
Number of steps: 2000 Acceptance Rate: 0.5884533333333334
Number of steps: 3000 Acceptance Rate: 0.884
Number of steps: 4000 Acceptance Rate: 1.1713733333333334
Number of steps: 5000 Acceptance Rate: 1.45956
Number of steps: 6000 Acceptance Rate: 1.7420666666666667
Number of steps: 7000 Acceptance Rate: 2.0290266666666668
Number of steps: 8000 Acceptance Rate: 2.3163466666666666
Number of steps: 9000 Acceptance Rate: 2.6060266666666667
Number of steps: 10000 Acceptance Rate: 2.893413333333333
Burn-in Number (ends): 2865
Independent Sample Size: 1719.7739008317842
Mean posteriors after burn-in: [2.383303886530934e-6, 224.70078881957798, 3503.7686276808804, 0.007905100897897728, -0.0025145798735094556, 3.114808892477901e-6, 365.256460013541, 3624.4074743030437, 0.01797334385905299, 0.0003263313835463804, 0.0007254207419110177, 4197.54229909606, 567.6226188342696, 0.007067091062145754, -0.06386193122666518, 0.00010453961982538845, -0.0017550351080622582, 2.3116429229953126]
MCMC chi-square: 222.06881008453573 for total timing uncertainty of: [23.719786723163057] secs.
206.419785 seconds (29.16 M allocations: 71.962 GiB, 1.25% gc time)
18 parameters from fit: [2.3088744090524414e-6, 224.70079117142282, 3503.768638037142, -0.07492624000120784, -0.03697800135951168, 2.634222106791281e-6, 365.256459007393, 3624.4074604193543, -0.049307421005195834, -0.027274207833322198, 0.0006484728885515178, 4214.000799126453, 1520.9707735594848, -0.001400520241821014, 0.08668727907211271, -0.0001044326262606076, -0.0013536416913264271, 2.3037117086977856]
Maximum log Prob from fit: -165.8473654149877
No Walkers: 75 No. steps: 10000
Number of steps: 1000 Acceptance Rate: 0.30093333333333333
Number of steps: 2000 Acceptance Rate: 0.5238533333333333
Number of steps: 3000 Acceptance Rate: 0.74388
Number of steps: 4000 Acceptance Rate: 1.02484
Number of steps: 5000 Acceptance Rate: 1.3049733333333333
Number of steps: 6000 Acceptance Rate: 1.5878266666666667
Number of steps: 7000 Acceptance Rate: 1.8663466666666666
Number of steps: 8000 Acceptance Rate: 2.1464533333333335
Number of steps: 9000 Acceptance Rate: 2.422093333333333
Number of steps: 10000 Acceptance Rate: 2.697093333333333
Burn-in Number (ends): 10000
Independent Sample Size: 259.05282653759286
Mean posteriors after burn-in: [2.3945758041738885e-6, 224.70079118856026, 3503.7685976285325, 0.007915904155977017, -0.0036378503526391633, 3.085644024284014e-6, 365.25646174331104, 3624.407444804694, 0.01821437588837032, -0.0006225049754348578, 0.0007006323353422466, 4182.24820378003, 609.5686565840606, -0.0007250743554325261, -0.0635112575003536, 7.164375194286548e-5, -0.0017248063745801175, 2.3095633408031038]
MCMC chi-square: 214.08501767277164 for total timing uncertainty of: [23.384885836130657] secs.
232.067375 seconds (36.21 M allocations: 179.711 GiB, 1.66% gc time)
18 parameters from fit: [2.37326121014674e-6, 224.70077474142468, 3503.7688135647227, 0.004671525056223272, -0.004207029464518088, 3.0787751070351884e-6, 365.25645031610276, 3624.407594918014, 0.01669510161401905, -0.0010731761936035628, 0.0008668803344416969, 4247.488833753184, 580.6244843107013, 0.024237059809420595, -0.03441354350050771, 8.92542420859943e-5, -0.0017726274619817642, 2.3133615659608147]
Maximum log Prob from fit: -95.27757562689791
No Walkers: 75 No. steps: 10000
Number of steps: 1000 Acceptance Rate: 0.28669333333333336
Number of steps: 2000 Acceptance Rate: 0.5537066666666667
Number of steps: 3000 Acceptance Rate: 0.82004
Number of steps: 4000 Acceptance Rate: 1.0866266666666666
Number of steps: 5000 Acceptance Rate: 1.3504666666666667
Number of steps: 6000 Acceptance Rate: 1.61684
Number of steps: 7000 Acceptance Rate: 1.8825066666666668
Number of steps: 8000 Acceptance Rate: 2.144546666666667
Number of steps: 9000 Acceptance Rate: 2.4111333333333334
Number of steps: 10000 Acceptance Rate: 2.6744933333333334
Burn-in Number (ends): 3153
Independent Sample Size: 1629.945914002589
Mean posteriors after burn-in: [2.3733567728089947e-6, 224.70077494490508, 3503.768812242515, 0.0016042093779443552, -0.005121876499079013, 3.0487493110403073e-6, 365.2564522022536, 3624.407570564233, 0.01404452496996153, -0.002298872819597278, 0.000763160008862952, 4232.905697546196, 642.6667214304624, -0.0014360377298826533, -0.03249627853677454, 0.00011959643591197863, -0.0017208194333887413, 2.313699950022835]
MCMC chi-square: 12.741339514752498 for total timing uncertainty of: [60.36596703901392] secs.
203.093382 seconds (27.87 M allocations: 84.411 GiB, 3.29% gc time)
18 parameters from fit: [2.383583608778575e-6, 224.70077506549973, 3503.7688081535184, 0.004646069821629745, -0.0034429644467206364, 3.071954156689513e-6, 365.2564502820756, 3624.4075962911115, 0.016708619806825944, -0.0004761314214860874, 0.0008679340187372109, 4248.974064189199, 572.048697026624, 0.024761735270279164, -0.03489059585331068, 8.899390145803568e-5, -0.0017687136892629788, 2.313123027314637]
Maximum log Prob from fit: -92.72743018127387
No Walkers: 75 No. steps: 10000
Number of steps: 1000 Acceptance Rate: 0.29024
Number of steps: 2000 Acceptance Rate: 0.55644
Number of steps: 3000 Acceptance Rate: 0.82376
Number of steps: 4000 Acceptance Rate: 1.08292
Number of steps: 5000 Acceptance Rate: 1.3505066666666667
Number of steps: 6000 Acceptance Rate: 1.6125066666666668
Number of steps: 7000 Acceptance Rate: 1.8829466666666668
Number of steps: 8000 Acceptance Rate: 2.1482266666666665
Number of steps: 9000 Acceptance Rate: 2.418546666666667
Number of steps: 10000 Acceptance Rate: 2.6891066666666665
Burn-in Number (ends): 3208
Independent Sample Size: 1590.2260570042029
Mean posteriors after burn-in: [2.3871990470930227e-6, 224.70077519603973, 3503.768805212792, 0.0012558611234684517, -0.005221015991852799, 3.0390101358989316e-6, 365.2564518289454, 3624.4075774961784, 0.013853537975358788, -0.002354256118089666, 0.0007668287292095224, 4235.413806442192, 643.7719230541413, 0.0007872768403496844, -0.03092397124463783, 0.00010810781917607119, -0.0017227815027559797, 2.312306787781809]
MCMC chi-square: 12.622068502373054 for total timing uncertainty of: [60.379562676340626] secs.
194.035106 seconds (27.68 M allocations: 80.394 GiB, 1.38% gc time)
18 parameters from fit: [2.408654076162038e-6, 224.7007763564841, 3503.7687876292657, 0.0034925165728049382, -0.003320751720040699, 3.063260909459101e-6, 365.2564490103399, 3624.4076063568878, 0.016089177018880206, -0.0002217856542879289, 0.0008926260027567022, 4244.282891023882, 572.58981090202, 0.028130338556127125, -0.0352185390616808, 7.261479933687804e-5, -0.001736874517207313, 2.3119376544767074]
Maximum log Prob from fit: -88.0134567722542
No Walkers: 75 No. steps: 10000
Number of steps: 1000 Acceptance Rate: 0.28352
Number of steps: 2000 Acceptance Rate: 0.5483333333333333
Number of steps: 3000 Acceptance Rate: 0.81332
Number of steps: 4000 Acceptance Rate: 1.0816266666666667
Number of steps: 5000 Acceptance Rate: 1.3440933333333334
Number of steps: 6000 Acceptance Rate: 1.61004
Number of steps: 7000 Acceptance Rate: 1.8720666666666668
Number of steps: 8000 Acceptance Rate: 2.139666666666667
Number of steps: 9000 Acceptance Rate: 2.414293333333333
Number of steps: 10000 Acceptance Rate: 2.681173333333333
Burn-in Number (ends): 3440
Independent Sample Size: 1739.3448179863908
Mean posteriors after burn-in: [2.4015757336267154e-6, 224.7007765804482, 3503.7687806908516, 0.0004563854441439809, -0.004607928487334055, 3.028211705180199e-6, 365.25645106555265, 3624.4075897587686, 0.013436509072592655, -0.001857277011964525, 0.0007948686448459262, 4236.958348366972, 628.6047102852051, 0.0038241673742695033, -0.0322099405482001, 8.586809157667507e-5, -0.0016795807346336998, 2.311222688329979]
MCMC chi-square: 12.412334342146526 for total timing uncertainty of: [60.43112208010836] secs.
197.929428 seconds (27.46 M allocations: 77.887 GiB, 1.42% gc time)
18 parameters from fit: [2.4363618324545667e-6, 224.7007768578406, 3503.768782396363, 0.004648351464489666, -0.003791230322098234, 3.077226049586491e-6, 365.2564511072758, 3624.4075931279735, 0.016921314487608023, -0.0006680269842956713, 0.0009140315119609486, 4258.687377856229, 550.1085645349674, 0.031200709981631547, -0.0350813865208046, 8.288204941815972e-5, -0.0017063004946596336, 2.3128074055272374]
Maximum log Prob from fit: -83.56115583579576
No Walkers: 75 No. steps: 10000
Number of steps: 1000 Acceptance Rate: 0.28676
Number of steps: 2000 Acceptance Rate: 0.54808
Number of steps: 3000 Acceptance Rate: 0.8103066666666666
Number of steps: 4000 Acceptance Rate: 1.06996
Number of steps: 5000 Acceptance Rate: 1.3357733333333333
Number of steps: 6000 Acceptance Rate: 1.5985866666666666
Number of steps: 7000 Acceptance Rate: 1.8589066666666667
Number of steps: 8000 Acceptance Rate: 2.11828
Number of steps: 9000 Acceptance Rate: 2.3790133333333334
Number of steps: 10000 Acceptance Rate: 2.6399333333333335
Burn-in Number (ends): 3849
Independent Sample Size: 1447.0629750840174
Mean posteriors after burn-in: [2.4230231604250454e-6, 224.7007756949731, 3503.7688008179384, 0.0015904881080768603, -0.005104946738353687, 3.0376504762554678e-6, 365.2564524372027, 3624.4075691584358, 0.014189217147333974, -0.0023379164892736466, 0.0007733384089361399, 4236.653139620731, 632.791382518249, -0.0007121897608423751, -0.0328790533107916, 0.0001041378921529871, -0.001664741714944271, 2.312009171996347]
MCMC chi-square: 12.510791578985502 for total timing uncertainty of: [60.468879160361006] secs.
193.026037 seconds (27.91 M allocations: 84.974 GiB, 1.46% gc time)
18 parameters from fit: [2.150696482325267e-6, 224.70077713848514, 3503.7687790289465, 0.00266436186123359, -0.005513543245985264, 3.0602295649110564e-6, 365.2564583619467, 3624.4075226731384, 0.015058368610753924, -0.0018692290258842008, 0.0010010046745241683, 4243.503363907928, 577.9212285866306, 0.04088571919311495, -0.03562395121793705, 2.8672192255321983e-5, -0.0018642651157466756, 2.309915014501784]
Maximum log Prob from fit: -76.68266195955951
No Walkers: 75 No. steps: 10000
Number of steps: 1000 Acceptance Rate: 0.2875333333333333
Number of steps: 2000 Acceptance Rate: 0.5574666666666667
Number of steps: 3000 Acceptance Rate: 0.8275466666666667
Number of steps: 4000 Acceptance Rate: 1.0965866666666666
Number of steps: 5000 Acceptance Rate: 1.36092
Number of steps: 6000 Acceptance Rate: 1.6150133333333334
Number of steps: 7000 Acceptance Rate: 1.8730133333333334
Number of steps: 8000 Acceptance Rate: 2.14096
Number of steps: 9000 Acceptance Rate: 2.4050666666666665
Number of steps: 10000 Acceptance Rate: 2.673426666666667
Burn-in Number (ends): 3229
Independent Sample Size: 1530.9898984122528
Mean posteriors after burn-in: [2.2900282232827575e-6, 224.70077642171813, 3503.768783930025, 0.0009220502303289265, -0.005119440410347301, 3.029279570896546e-6, 365.2564572284149, 3624.4075338657913, 0.013685449795947257, -0.002294786976666093, 0.0008148459548612268, 4231.980955534738, 629.5489504635882, 0.006763095002392276, -0.034946673925200226, 5.8859867609764096e-5, -0.0017438003777030683, 2.309822288779026]
MCMC chi-square: 11.430518497881698 for total timing uncertainty of: [60.419280864917674] secs.
195.005277 seconds (27.68 M allocations: 82.141 GiB, 1.44% gc time)
18 parameters from fit: [2.1861260984604413e-6, 224.7007792367329, 3503.7687463423936, 0.0014776549881522789, -0.006836310629868746, 3.061284008149263e-6, 365.2564651991397, 3624.407447602253, 0.014203106349139237, -0.0028774433748575564, 0.000954413378039145, 4224.305810398207, 596.5213263812898, 0.036380530220328944, -0.04245856606640991, 0.00010390834879800526, -0.00185490676607928, 2.3143844989795346]
Maximum log Prob from fit: -69.83469165788767
No Walkers: 75 No. steps: 10000
Number of steps: 1000 Acceptance Rate: 0.29218666666666665
Number of steps: 2000 Acceptance Rate: 0.5595066666666667
Number of steps: 3000 Acceptance Rate: 0.8193333333333334
Number of steps: 4000 Acceptance Rate: 1.0797733333333333
Number of steps: 5000 Acceptance Rate: 1.3396666666666666
Number of steps: 6000 Acceptance Rate: 1.6050133333333334
Number of steps: 7000 Acceptance Rate: 1.8713066666666667
Number of steps: 8000 Acceptance Rate: 2.135213333333333
Number of steps: 9000 Acceptance Rate: 2.40224
Number of steps: 10000 Acceptance Rate: 2.664093333333333
Burn-in Number (ends): 3458
Independent Sample Size: 1542.142697288045
Mean posteriors after burn-in: [2.2944348876972267e-6, 224.7007787460369, 3503.7687495291807, -0.00011206001839698288, -0.005411790678318221, 3.0404992712828734e-6, 365.25646301118104, 3624.4074772162594, 0.012856123719083477, -0.0025811294080331022, 0.0008046280463659393, 4223.8853436906475, 609.2323284055933, 0.00665177936834894, -0.04519751684817321, 0.00012102254939619668, -0.0017627563046755037, 2.3135895449254864]
MCMC chi-square: 9.944318069255695 for total timing uncertainty of: [60.49634769177807] secs.
199.468286 seconds (27.65 M allocations: 82.338 GiB, 5.24% gc time)
18 parameters from fit: [2.2836921100392894e-6, 224.7007803646937, 3503.7687293400263, 0.0005614485541712387, -0.0056884299163156215, 3.050275802293788e-6, 365.25646731717234, 3624.4074281090684, 0.013533615529159654, -0.0018842753948661599, 0.0009439911509753769, 4227.4721874104725, 575.3175368424253, 0.03486947358270742, -0.04515886394197482, 9.553733390049044e-5, -0.001786301357890692, 2.3130809522351607]
Maximum log Prob from fit: -66.9597651544693
No Walkers: 75 No. steps: 10000
Number of steps: 1000 Acceptance Rate: 0.28992
Number of steps: 2000 Acceptance Rate: 0.5514266666666666
Number of steps: 3000 Acceptance Rate: 0.8123866666666667
Number of steps: 4000 Acceptance Rate: 1.07268
Number of steps: 5000 Acceptance Rate: 1.3368266666666666
Number of steps: 6000 Acceptance Rate: 1.6040666666666668
Number of steps: 7000 Acceptance Rate: 1.8625333333333334
Number of steps: 8000 Acceptance Rate: 2.1260133333333333
Number of steps: 9000 Acceptance Rate: 2.3879333333333332
Number of steps: 10000 Acceptance Rate: 2.64936
Burn-in Number (ends): 3762
Independent Sample Size: 1435.894629242516
Mean posteriors after burn-in: [2.4885243117187936e-6, 224.70078106275582, 3503.7687151500218, -0.001695544966832098, -0.005682975490321249, 3.019694538325652e-6, 365.25646794607457, 3624.4074258338496, 0.011681291523349914, -0.002485073153357466, 0.0007795022804975453, 4230.77835745918, 592.5774972673563, 0.0018474280352219579, -0.04909147958296834, 0.00011330525406306095, -0.001602839527134342, 2.3102957342076036]
MCMC chi-square: 9.717077957009723 for total timing uncertainty of: [60.52652136375912] secs.
195.201942 seconds (27.96 M allocations: 86.585 GiB, 1.18% gc time)
18 parameters from fit: [2.289760592978402e-6, 224.7007831051365, 3503.7686931195094, 0.0024547767398207924, -0.0032895341331550874, 3.025390679013936e-6, 365.2564648412164, 3624.4074385354606, 0.01459504268034834, 0.00026642951719758743, 0.0008917689664364504, 4210.476672284941, 567.9166926887493, 0.0328698214937404, -0.05119081896434396, 0.0001378826267889124, -0.0017741238972136966, 2.3153113662894427]
Maximum log Prob from fit: -61.306531657351094
No Walkers: 75 No. steps: 10000
Number of steps: 1000 Acceptance Rate: 0.28396
Number of steps: 2000 Acceptance Rate: 0.5469466666666667
Number of steps: 3000 Acceptance Rate: 0.80196
Number of steps: 4000 Acceptance Rate: 1.0655333333333334
Number of steps: 5000 Acceptance Rate: 1.3262533333333333
Number of steps: 6000 Acceptance Rate: 1.5844266666666666
Number of steps: 7000 Acceptance Rate: 1.8350666666666666
Number of steps: 8000 Acceptance Rate: 2.08576
Number of steps: 9000 Acceptance Rate: 2.34428
Number of steps: 10000 Acceptance Rate: 2.6055733333333335
Burn-in Number (ends): 3432
Independent Sample Size: 1469.5546576963197
Mean posteriors after burn-in: [2.4033503039437052e-6, 224.700782852923, 3503.7686966165297, -0.00031301074248146435, -0.0044661281535304026, 2.99897400019397e-6, 365.2564652608421, 3624.407438957708, 0.012347363143607508, -0.0012574798882210765, 0.0007606982297881615, 4218.000424828539, 588.6315226249031, -0.0009657250931994346, -0.05489649982953548, 0.0001503490055919607, -0.0016244395199291942, 2.3135318893490773]
MCMC chi-square: 9.133227288171938 for total timing uncertainty of: [60.544282496613945] secs.
189.920452 seconds (27.75 M allocations: 85.046 GiB, 1.27% gc time)
18 parameters from fit: [2.3608745116142265e-6, 224.70078893601584, 3503.7686251276086, 0.012392632206347747, -0.002758785002185374, 3.146682803000325e-6, 365.2564593140904, 3624.407481404576, 0.02141748686490106, 9.901237413367343e-5, 0.0006954970251140113, 4198.931223649528, 567.2468101246392, 0.006969863296563977, -0.06507671924458061, 9.564905919564663e-5, -0.0017943843624291678, 2.3120627602682235]
Maximum log Prob from fit: -51.244004082437726
No Walkers: 75 No. steps: 10000
Number of steps: 1000 Acceptance Rate: 0.2840533333333333
Number of steps: 2000 Acceptance Rate: 0.5456533333333333
Number of steps: 3000 Acceptance Rate: 0.79756
Number of steps: 4000 Acceptance Rate: 1.0507733333333333
Number of steps: 5000 Acceptance Rate: 1.3103466666666668
Number of steps: 6000 Acceptance Rate: 1.5704266666666666
Number of steps: 7000 Acceptance Rate: 1.83144
Number of steps: 8000 Acceptance Rate: 2.09156
Number of steps: 9000 Acceptance Rate: 2.353746666666667
Number of steps: 10000 Acceptance Rate: 2.610133333333333
Burn-in Number (ends): 3847
Independent Sample Size: 1426.651966924412
Mean posteriors after burn-in: [2.393679714829252e-6, 224.70078814496645, 3503.7686308404695, 0.0012631188557018238, -0.005117174925330841, 3.0580966587300284e-6, 365.256459393368, 3624.40747546032, 0.012602448362356865, -0.0020743505435699533, 0.0006717591019963038, 4196.668635323424, 623.2135960855587, -0.016212294229703182, -0.05943839248279597, 0.00011523073807366537, -0.00167466851820704, 2.3103788223259665]
MCMC chi-square: 7.487614305427602 for total timing uncertainty of: [60.541623953546974] secs.
190.646352 seconds (27.73 M allocations: 84.345 GiB, 1.45% gc time)
18 parameters from fit: [2.308871185605393e-6, 224.7007911714764, 3503.7686380360874, -0.07492647680905516, -0.03697758181577297, 2.6342209410668137e-6, 365.25645900755416, 3624.4074604165316, -0.04930762480385992, -0.02727386410421195, 0.0006484758456729715, 4213.997567300772, 1520.9790004280578, -0.0013992024928847937, 0.08668739959890615, -0.00010442902643696266, -0.0013536426385421406, 2.303711725636505]
Maximum log Prob from fit: -67.30059460824297
No Walkers: 75 No. steps: 10000
Number of steps: 1000 Acceptance Rate: 0.29213333333333336
Number of steps: 2000 Acceptance Rate: 0.5325733333333333
Number of steps: 3000 Acceptance Rate: 0.7758533333333333
Number of steps: 4000 Acceptance Rate: 1.0162933333333333
Number of steps: 5000 Acceptance Rate: 1.2605733333333333
Number of steps: 6000 Acceptance Rate: 1.5074933333333334
Number of steps: 7000 Acceptance Rate: 1.7610266666666667
Number of steps: 8000 Acceptance Rate: 2.01428
Number of steps: 9000 Acceptance Rate: 2.2692533333333333
Number of steps: 10000 Acceptance Rate: 2.5211866666666665
Burn-in Number (ends): 10000
Independent Sample Size: 382.59012486477116
Mean posteriors after burn-in: [2.476367498081862e-6, 224.70079201809384, 3503.7685709262832, -0.0017406179945894658, -0.008574067544916226, 3.034055362997593e-6, 365.25645596273813, 3624.4075361016003, 0.010471176908318171, -0.004979310119392272, 0.000667371763749169, 4217.743621158948, 601.7962706689225, -0.021094391848481296, -0.06001254344862297, 7.97498293401729e-5, -0.0016248802202974172, 2.3085146388273716]
MCMC chi-square: 7.825479738961901 for total timing uncertainty of: [60.568461959731216] secs.
205.566898 seconds (31.58 M allocations: 144.273 GiB, 1.57% gc time)
