args = ["Hpp", "mcmc", "fromEMB", "100"]
10 parameters from fit: [2.8287332932255823e-6, 224.70077380797366, 3503.7655490307034, 0.03632245784346566, 0.004638479578779039, 3.311545740343965e-6, 365.25643316891694, 3624.402635713497, 0.0417441246377351, 0.00442654033774728]
Maximum log Prob from fit: -246.21952938144304
No Walkers: 75 No. steps: 50000
Number of steps: 1000 Acceptance Rate: 0.368
Number of steps: 2000 Acceptance Rate: 0.7588533333333334
Number of steps: 3000 Acceptance Rate: 1.1422933333333334
Number of steps: 4000 Acceptance Rate: 1.5229466666666667
Number of steps: 5000 Acceptance Rate: 1.9075733333333333
Number of steps: 6000 Acceptance Rate: 2.294826666666667
Number of steps: 7000 Acceptance Rate: 2.682506666666667
Number of steps: 8000 Acceptance Rate: 3.0664533333333335
Number of steps: 9000 Acceptance Rate: 3.4522
Number of steps: 10000 Acceptance Rate: 3.83904
Number of steps: 11000 Acceptance Rate: 4.22188
Number of steps: 12000 Acceptance Rate: 4.60616
Number of steps: 13000 Acceptance Rate: 4.98904
Number of steps: 14000 Acceptance Rate: 5.37564
Number of steps: 15000 Acceptance Rate: 5.757866666666667
Number of steps: 16000 Acceptance Rate: 6.14232
Number of steps: 17000 Acceptance Rate: 6.529146666666667
Number of steps: 18000 Acceptance Rate: 6.91348
Number of steps: 19000 Acceptance Rate: 7.296053333333333
Number of steps: 20000 Acceptance Rate: 7.687226666666667
Number of steps: 21000 Acceptance Rate: 8.073613333333334
Number of steps: 22000 Acceptance Rate: 8.457093333333333
Number of steps: 23000 Acceptance Rate: 8.8422
Number of steps: 24000 Acceptance Rate: 9.231213333333333
Number of steps: 25000 Acceptance Rate: 9.613986666666667
Number of steps: 26000 Acceptance Rate: 10.001306666666666
Number of steps: 27000 Acceptance Rate: 10.387986666666666
Number of steps: 28000 Acceptance Rate: 10.770106666666667
Number of steps: 29000 Acceptance Rate: 11.1588
Number of steps: 30000 Acceptance Rate: 11.547413333333333
Number of steps: 31000 Acceptance Rate: 11.934653333333333
Number of steps: 32000 Acceptance Rate: 12.31372
Number of steps: 33000 Acceptance Rate: 12.699306666666667
Number of steps: 34000 Acceptance Rate: 13.08472
Number of steps: 35000 Acceptance Rate: 13.468346666666667
Number of steps: 36000 Acceptance Rate: 13.85148
Number of steps: 37000 Acceptance Rate: 14.233093333333333
Number of steps: 38000 Acceptance Rate: 14.615
Number of steps: 39000 Acceptance Rate: 15.000373333333334
Number of steps: 40000 Acceptance Rate: 15.383386666666667
Number of steps: 41000 Acceptance Rate: 15.76408
Number of steps: 42000 Acceptance Rate: 16.14944
Number of steps: 43000 Acceptance Rate: 16.537266666666667
Number of steps: 44000 Acceptance Rate: 16.926866666666665
Number of steps: 45000 Acceptance Rate: 17.31156
Number of steps: 46000 Acceptance Rate: 17.692266666666665
Number of steps: 47000 Acceptance Rate: 18.0784
Number of steps: 48000 Acceptance Rate: 18.46436
Number of steps: 49000 Acceptance Rate: 18.84788
Number of steps: 50000 Acceptance Rate: 19.232186666666667
Burn-in Number (ends): 1638
Independent Sample Size: 21424.07406563137
Mean posteriors after burn-in: [2.412984189938763e-6, 224.70077384609016, 3503.765551557702, -0.003114133234460736, 0.0006330366852311075, 3.031593554566952e-6, 365.25643291426735, 3624.4026362747422, 0.009866757950267644, 0.0014732701957017285]
MCMC chi-square: 556.0956537065556 for total timing uncertainty of: [84.94130931582693] secs.
949.765888 seconds (112.50 M allocations: 160.060 GiB, 1.12% gc time)
10 parameters from fit: [2.775969785220421e-6, 224.70077474617034, 3503.76553170911, 0.04896271939422329, 0.0016480027906353647, 3.3779395825606783e-6, 365.25644654971387, 3624.402509590203, 0.05244644681113818, 0.0023627468078793183]
Maximum log Prob from fit: -237.32357208484459
No Walkers: 75 No. steps: 50000
Number of steps: 1000 Acceptance Rate: 0.3668266666666667
Number of steps: 2000 Acceptance Rate: 0.7533866666666666
Number of steps: 3000 Acceptance Rate: 1.1360266666666667
Number of steps: 4000 Acceptance Rate: 1.5149733333333333
Number of steps: 5000 Acceptance Rate: 1.9014133333333334
Number of steps: 6000 Acceptance Rate: 2.2852533333333334
Number of steps: 7000 Acceptance Rate: 2.670106666666667
Number of steps: 8000 Acceptance Rate: 3.0567866666666665
Number of steps: 9000 Acceptance Rate: 3.4408666666666665
Number of steps: 10000 Acceptance Rate: 3.8318933333333334
Number of steps: 11000 Acceptance Rate: 4.220373333333334
Number of steps: 12000 Acceptance Rate: 4.606546666666667
Number of steps: 13000 Acceptance Rate: 4.98892
Number of steps: 14000 Acceptance Rate: 5.375546666666667
Number of steps: 15000 Acceptance Rate: 5.758813333333333
Number of steps: 16000 Acceptance Rate: 6.14924
Number of steps: 17000 Acceptance Rate: 6.533706666666666
Number of steps: 18000 Acceptance Rate: 6.917613333333334
Number of steps: 19000 Acceptance Rate: 7.300213333333334
Number of steps: 20000 Acceptance Rate: 7.683853333333333
Number of steps: 21000 Acceptance Rate: 8.072693333333333
Number of steps: 22000 Acceptance Rate: 8.455266666666667
Number of steps: 23000 Acceptance Rate: 8.83432
Number of steps: 24000 Acceptance Rate: 9.215746666666666
Number of steps: 25000 Acceptance Rate: 9.602253333333334
Number of steps: 26000 Acceptance Rate: 9.9864
Number of steps: 27000 Acceptance Rate: 10.368946666666666
Number of steps: 28000 Acceptance Rate: 10.748893333333333
Number of steps: 29000 Acceptance Rate: 11.13616
Number of steps: 30000 Acceptance Rate: 11.521
Number of steps: 31000 Acceptance Rate: 11.905466666666667
Number of steps: 32000 Acceptance Rate: 12.29472
Number of steps: 33000 Acceptance Rate: 12.678666666666667
Number of steps: 34000 Acceptance Rate: 13.061986666666666
Number of steps: 35000 Acceptance Rate: 13.44768
Number of steps: 36000 Acceptance Rate: 13.8346
Number of steps: 37000 Acceptance Rate: 14.21844
Number of steps: 38000 Acceptance Rate: 14.60444
Number of steps: 39000 Acceptance Rate: 14.989053333333333
Number of steps: 40000 Acceptance Rate: 15.37164
Number of steps: 41000 Acceptance Rate: 15.757733333333332
Number of steps: 42000 Acceptance Rate: 16.1442
Number of steps: 43000 Acceptance Rate: 16.52852
Number of steps: 44000 Acceptance Rate: 16.911066666666667
Number of steps: 45000 Acceptance Rate: 17.297053333333334
Number of steps: 46000 Acceptance Rate: 17.682786666666665
Number of steps: 47000 Acceptance Rate: 18.0696
Number of steps: 48000 Acceptance Rate: 18.45090666666667
Number of steps: 49000 Acceptance Rate: 18.8326
Number of steps: 50000 Acceptance Rate: 19.219893333333335
Burn-in Number (ends): 1614
Independent Sample Size: 19788.72639500548
Mean posteriors after burn-in: [2.275307667278112e-6, 224.70077509170866, 3503.7655294028673, -0.0007878659853934385, -0.00010072845820122162, 3.0268193749251422e-6, 365.2564459977787, 3624.40251256551, 0.01241906687712244, 0.0012215821483918515]
MCMC chi-square: 521.7434241769336 for total timing uncertainty of: [83.50528965058032] secs.
896.741673 seconds (82.25 M allocations: 158.748 GiB, 1.14% gc time)
10 parameters from fit: [2.9156432053383558e-6, 224.7007765705557, 3503.765504174021, 0.05076375691487256, -0.0041795641683001865, 3.3739279269647378e-6, 365.25645337223045, 3624.402444116452, 0.053883350433800825, -0.00218123538229452]
Maximum log Prob from fit: -227.28457518594257
No Walkers: 75 No. steps: 50000
Number of steps: 1000 Acceptance Rate: 0.3685866666666667
Number of steps: 2000 Acceptance Rate: 0.7503733333333333
Number of steps: 3000 Acceptance Rate: 1.13344
Number of steps: 4000 Acceptance Rate: 1.5184533333333334
Number of steps: 5000 Acceptance Rate: 1.90096
Number of steps: 6000 Acceptance Rate: 2.2851066666666666
Number of steps: 7000 Acceptance Rate: 2.6675066666666667
Number of steps: 8000 Acceptance Rate: 3.0546
Number of steps: 9000 Acceptance Rate: 3.43844
Number of steps: 10000 Acceptance Rate: 3.824813333333333
Number of steps: 11000 Acceptance Rate: 4.20772
Number of steps: 12000 Acceptance Rate: 4.589466666666667
Number of steps: 13000 Acceptance Rate: 4.97412
Number of steps: 14000 Acceptance Rate: 5.35588
Number of steps: 15000 Acceptance Rate: 5.743506666666667
Number of steps: 16000 Acceptance Rate: 6.132133333333333
Number of steps: 17000 Acceptance Rate: 6.51776
Number of steps: 18000 Acceptance Rate: 6.90176
Number of steps: 19000 Acceptance Rate: 7.28264
Number of steps: 20000 Acceptance Rate: 7.665666666666667
Number of steps: 21000 Acceptance Rate: 8.051133333333333
Number of steps: 22000 Acceptance Rate: 8.433533333333333
Number of steps: 23000 Acceptance Rate: 8.81732
Number of steps: 24000 Acceptance Rate: 9.20504
Number of steps: 25000 Acceptance Rate: 9.58632
Number of steps: 26000 Acceptance Rate: 9.974506666666667
Number of steps: 27000 Acceptance Rate: 10.359573333333334
Number of steps: 28000 Acceptance Rate: 10.7424
Number of steps: 29000 Acceptance Rate: 11.12008
Number of steps: 30000 Acceptance Rate: 11.500106666666667
Number of steps: 31000 Acceptance Rate: 11.883493333333334
Number of steps: 32000 Acceptance Rate: 12.266293333333333
Number of steps: 33000 Acceptance Rate: 12.653506666666667
Number of steps: 34000 Acceptance Rate: 13.037746666666667
Number of steps: 35000 Acceptance Rate: 13.424933333333334
Number of steps: 36000 Acceptance Rate: 13.806426666666667
Number of steps: 37000 Acceptance Rate: 14.18684
Number of steps: 38000 Acceptance Rate: 14.568386666666667
Number of steps: 39000 Acceptance Rate: 14.947866666666666
Number of steps: 40000 Acceptance Rate: 15.333746666666666
Number of steps: 41000 Acceptance Rate: 15.717986666666667
Number of steps: 42000 Acceptance Rate: 16.104333333333333
Number of steps: 43000 Acceptance Rate: 16.486533333333334
Number of steps: 44000 Acceptance Rate: 16.869466666666668
Number of steps: 45000 Acceptance Rate: 17.25432
Number of steps: 46000 Acceptance Rate: 17.64024
Number of steps: 47000 Acceptance Rate: 18.024173333333334
Number of steps: 48000 Acceptance Rate: 18.410533333333333
Number of steps: 49000 Acceptance Rate: 18.79632
Number of steps: 50000 Acceptance Rate: 19.17866666666667
Burn-in Number (ends): 1526
Independent Sample Size: 17578.113061388056
Mean posteriors after burn-in: [2.3655152188055165e-6, 224.7007763233274, 3503.765510549085, -0.000761868754770394, -0.0016236282406244978, 3.0171808161129243e-6, 365.2564524205156, 3624.402452238335, 0.012408206651768717, 0.00011214749930765262]
MCMC chi-square: 513.0047292916266 for total timing uncertainty of: [84.79810612544786] secs.
953.049804 seconds (82.36 M allocations: 168.098 GiB, 0.98% gc time)
10 parameters from fit: [2.9337046331207748e-6, 224.70077605748034, 3503.765511881182, 0.05270874838078174, -0.002100728223971297, 3.3773342212724386e-6, 365.25645569819693, 3624.402423189999, 0.055261176895487256, -0.00072972454945724]
Maximum log Prob from fit: -217.8625884366883
No Walkers: 75 No. steps: 50000
Number of steps: 1000 Acceptance Rate: 0.36765333333333333
Number of steps: 2000 Acceptance Rate: 0.7598266666666667
Number of steps: 3000 Acceptance Rate: 1.1413066666666667
Number of steps: 4000 Acceptance Rate: 1.52592
Number of steps: 5000 Acceptance Rate: 1.9118666666666666
Number of steps: 6000 Acceptance Rate: 2.2945066666666665
Number of steps: 7000 Acceptance Rate: 2.67784
Number of steps: 8000 Acceptance Rate: 3.06364
Number of steps: 9000 Acceptance Rate: 3.4435333333333333
Number of steps: 10000 Acceptance Rate: 3.8249466666666665
Number of steps: 11000 Acceptance Rate: 4.20404
Number of steps: 12000 Acceptance Rate: 4.583333333333333
Number of steps: 13000 Acceptance Rate: 4.9652
Number of steps: 14000 Acceptance Rate: 5.349706666666667
Number of steps: 15000 Acceptance Rate: 5.729666666666667
Number of steps: 16000 Acceptance Rate: 6.11348
Number of steps: 17000 Acceptance Rate: 6.496653333333334
Number of steps: 18000 Acceptance Rate: 6.87972
Number of steps: 19000 Acceptance Rate: 7.2661066666666665
Number of steps: 20000 Acceptance Rate: 7.647546666666667
Number of steps: 21000 Acceptance Rate: 8.034746666666667
Number of steps: 22000 Acceptance Rate: 8.420973333333333
Number of steps: 23000 Acceptance Rate: 8.804666666666666
Number of steps: 24000 Acceptance Rate: 9.190106666666667
Number of steps: 25000 Acceptance Rate: 9.573933333333333
Number of steps: 26000 Acceptance Rate: 9.958506666666667
Number of steps: 27000 Acceptance Rate: 10.341613333333333
Number of steps: 28000 Acceptance Rate: 10.727293333333334
Number of steps: 29000 Acceptance Rate: 11.112546666666667
Number of steps: 30000 Acceptance Rate: 11.497026666666667
Number of steps: 31000 Acceptance Rate: 11.88044
Number of steps: 32000 Acceptance Rate: 12.263466666666666
Number of steps: 33000 Acceptance Rate: 12.64576
Number of steps: 34000 Acceptance Rate: 13.026386666666667
Number of steps: 35000 Acceptance Rate: 13.4102
Number of steps: 36000 Acceptance Rate: 13.791453333333333
Number of steps: 37000 Acceptance Rate: 14.1724
Number of steps: 38000 Acceptance Rate: 14.555213333333333
Number of steps: 39000 Acceptance Rate: 14.941813333333334
Number of steps: 40000 Acceptance Rate: 15.325533333333333
Number of steps: 41000 Acceptance Rate: 15.707413333333333
Number of steps: 42000 Acceptance Rate: 16.09288
Number of steps: 43000 Acceptance Rate: 16.474613333333334
Number of steps: 44000 Acceptance Rate: 16.853733333333334
Number of steps: 45000 Acceptance Rate: 17.235786666666666
Number of steps: 46000 Acceptance Rate: 17.618333333333332
Number of steps: 47000 Acceptance Rate: 17.99676
Number of steps: 48000 Acceptance Rate: 18.379693333333332
Number of steps: 49000 Acceptance Rate: 18.765346666666666
Number of steps: 50000 Acceptance Rate: 19.15624
Burn-in Number (ends): 1868
Independent Sample Size: 17022.798906881064
Mean posteriors after burn-in: [2.371198065898904e-6, 224.70077534653547, 3503.765526461284, -0.00048479576301615725, -0.0012274693416173008, 3.0025790701130073e-6, 365.2564547863906, 3624.4024317229723, 0.01250401128903273, 0.0001828356371789899]
MCMC chi-square: 511.8929457379504 for total timing uncertainty of: [86.76257538453493] secs.
914.529786 seconds (82.43 M allocations: 173.563 GiB, 1.07% gc time)
10 parameters from fit: [2.9314708091206002e-6, 224.70077596678289, 3503.7655131580905, 0.05257102106097611, -0.002141148310169792, 3.378294020823311e-6, 365.2564557277285, 3624.4024229359766, 0.055156452616049546, -0.0007512392100652247]
Maximum log Prob from fit: -211.63745171677968
No Walkers: 75 No. steps: 50000
Number of steps: 1000 Acceptance Rate: 0.36806666666666665
Number of steps: 2000 Acceptance Rate: 0.7535333333333334
Number of steps: 3000 Acceptance Rate: 1.1359333333333332
Number of steps: 4000 Acceptance Rate: 1.52448
Number of steps: 5000 Acceptance Rate: 1.9147866666666666
Number of steps: 6000 Acceptance Rate: 2.3005333333333335
Number of steps: 7000 Acceptance Rate: 2.6833066666666667
Number of steps: 8000 Acceptance Rate: 3.0624533333333335
Number of steps: 9000 Acceptance Rate: 3.451426666666667
Number of steps: 10000 Acceptance Rate: 3.83444
Number of steps: 11000 Acceptance Rate: 4.2206133333333336
Number of steps: 12000 Acceptance Rate: 4.605626666666667
Number of steps: 13000 Acceptance Rate: 4.993626666666667
Number of steps: 14000 Acceptance Rate: 5.372146666666667
Number of steps: 15000 Acceptance Rate: 5.761213333333333
Number of steps: 16000 Acceptance Rate: 6.14176
Number of steps: 17000 Acceptance Rate: 6.5262
Number of steps: 18000 Acceptance Rate: 6.904906666666666
Number of steps: 19000 Acceptance Rate: 7.290306666666667
Number of steps: 20000 Acceptance Rate: 7.677626666666667
Number of steps: 21000 Acceptance Rate: 8.05608
Number of steps: 22000 Acceptance Rate: 8.4414
Number of steps: 23000 Acceptance Rate: 8.823493333333333
Number of steps: 24000 Acceptance Rate: 9.207826666666667
Number of steps: 25000 Acceptance Rate: 9.58804
Number of steps: 26000 Acceptance Rate: 9.978706666666668
Number of steps: 27000 Acceptance Rate: 10.363253333333333
Number of steps: 28000 Acceptance Rate: 10.746986666666666
Number of steps: 29000 Acceptance Rate: 11.131093333333334
Number of steps: 30000 Acceptance Rate: 11.516266666666667
Number of steps: 31000 Acceptance Rate: 11.896466666666667
Number of steps: 32000 Acceptance Rate: 12.282693333333333
Number of steps: 33000 Acceptance Rate: 12.667026666666667
Number of steps: 34000 Acceptance Rate: 13.049186666666667
Number of steps: 35000 Acceptance Rate: 13.4266
Number of steps: 36000 Acceptance Rate: 13.80576
Number of steps: 37000 Acceptance Rate: 14.18928
Number of steps: 38000 Acceptance Rate: 14.56856
Number of steps: 39000 Acceptance Rate: 14.952106666666667
Number of steps: 40000 Acceptance Rate: 15.337466666666666
Number of steps: 41000 Acceptance Rate: 15.71832
Number of steps: 42000 Acceptance Rate: 16.10089333333333
Number of steps: 43000 Acceptance Rate: 16.488306666666666
Number of steps: 44000 Acceptance Rate: 16.868266666666667
Number of steps: 45000 Acceptance Rate: 17.25316
Number of steps: 46000 Acceptance Rate: 17.631346666666666
Number of steps: 47000 Acceptance Rate: 18.013346666666667
Number of steps: 48000 Acceptance Rate: 18.39572
Number of steps: 49000 Acceptance Rate: 18.781386666666666
Number of steps: 50000 Acceptance Rate: 19.17428
Burn-in Number (ends): 1538
Independent Sample Size: 18534.321754105495
Mean posteriors after burn-in: [2.34217214054855e-6, 224.7007753025568, 3503.7655256523067, -0.0007660216930304736, -0.0013113665658037092, 2.999324968959274e-6, 365.2564563718031, 3624.4024166857266, 0.01219923304816087, 0.00010114839451955169]
MCMC chi-square: 511.77521109323055 for total timing uncertainty of: [88.17879325456005] secs.
905.723554 seconds (82.25 M allocations: 160.213 GiB, 1.03% gc time)
10 parameters from fit: [2.929851945754206e-6, 224.70077702419565, 3503.76549874601, 0.051114320859058954, -0.002737406856086097, 3.375809084815911e-6, 365.2564572123658, 3624.40241091671, 0.054093842947392355, -0.0012500182643861747]
Maximum log Prob from fit: -202.25808182168888
No Walkers: 75 No. steps: 50000
Number of steps: 1000 Acceptance Rate: 0.36708
Number of steps: 2000 Acceptance Rate: 0.7602933333333334
Number of steps: 3000 Acceptance Rate: 1.1444
Number of steps: 4000 Acceptance Rate: 1.5298266666666667
Number of steps: 5000 Acceptance Rate: 1.9130533333333333
Number of steps: 6000 Acceptance Rate: 2.296666666666667
Number of steps: 7000 Acceptance Rate: 2.6801466666666665
Number of steps: 8000 Acceptance Rate: 3.0662533333333335
Number of steps: 9000 Acceptance Rate: 3.450546666666667
Number of steps: 10000 Acceptance Rate: 3.8338266666666665
Number of steps: 11000 Acceptance Rate: 4.2148666666666665
Number of steps: 12000 Acceptance Rate: 4.592946666666666
Number of steps: 13000 Acceptance Rate: 4.979946666666667
Number of steps: 14000 Acceptance Rate: 5.364986666666667
Number of steps: 15000 Acceptance Rate: 5.75192
Number of steps: 16000 Acceptance Rate: 6.135506666666667
Number of steps: 17000 Acceptance Rate: 6.519026666666667
Number of steps: 18000 Acceptance Rate: 6.9053466666666665
Number of steps: 19000 Acceptance Rate: 7.29012
Number of steps: 20000 Acceptance Rate: 7.68092
Number of steps: 21000 Acceptance Rate: 8.06488
Number of steps: 22000 Acceptance Rate: 8.452933333333334
Number of steps: 23000 Acceptance Rate: 8.838573333333333
Number of steps: 24000 Acceptance Rate: 9.221626666666667
Number of steps: 25000 Acceptance Rate: 9.605546666666667
Number of steps: 26000 Acceptance Rate: 9.980986666666666
Number of steps: 27000 Acceptance Rate: 10.360133333333334
Number of steps: 28000 Acceptance Rate: 10.741386666666667
Number of steps: 29000 Acceptance Rate: 11.119933333333334
Number of steps: 30000 Acceptance Rate: 11.506666666666666
Number of steps: 31000 Acceptance Rate: 11.888
Number of steps: 32000 Acceptance Rate: 12.267106666666667
Number of steps: 33000 Acceptance Rate: 12.64876
Number of steps: 34000 Acceptance Rate: 13.03796
Number of steps: 35000 Acceptance Rate: 13.42248
Number of steps: 36000 Acceptance Rate: 13.806333333333333
Number of steps: 37000 Acceptance Rate: 14.185106666666666
Number of steps: 38000 Acceptance Rate: 14.571466666666666
Number of steps: 39000 Acceptance Rate: 14.95436
Number of steps: 40000 Acceptance Rate: 15.337973333333334
Number of steps: 41000 Acceptance Rate: 15.7232
Number of steps: 42000 Acceptance Rate: 16.1042
Number of steps: 43000 Acceptance Rate: 16.48392
Number of steps: 44000 Acceptance Rate: 16.86752
Number of steps: 45000 Acceptance Rate: 17.25242666666667
Number of steps: 46000 Acceptance Rate: 17.637146666666666
Number of steps: 47000 Acceptance Rate: 18.025493333333333
Number of steps: 48000 Acceptance Rate: 18.407866666666667
Number of steps: 49000 Acceptance Rate: 18.791426666666666
Number of steps: 50000 Acceptance Rate: 19.173573333333334
Burn-in Number (ends): 1464
Independent Sample Size: 18385.00442734943
Mean posteriors after burn-in: [2.3567994332183346e-6, 224.70077591916507, 3503.7655199038927, -0.0016395375148988177, -0.0014573225446877771, 2.9987651617938276e-6, 365.2564589519283, 3624.4023945845, 0.011593087415898429, 5.185955161400922e-5]
MCMC chi-square: 510.7497129388089 for total timing uncertainty of: [90.3429505517053] secs.
869.168169 seconds (82.44 M allocations: 177.271 GiB, 1.01% gc time)
10 parameters from fit: [2.9674810247373567e-6, 224.7007761185569, 3503.7655101252612, 0.051933739829393664, -0.0049411977781513555, 3.389976201788073e-6, 365.2564534359249, 3624.402441697471, 0.054872352349287536, -0.00323957564876619]
Maximum log Prob from fit: -195.91789559447116
No Walkers: 75 No. steps: 50000
Number of steps: 1000 Acceptance Rate: 0.36346666666666666
Number of steps: 2000 Acceptance Rate: 0.7500933333333333
Number of steps: 3000 Acceptance Rate: 1.12884
Number of steps: 4000 Acceptance Rate: 1.50704
Number of steps: 5000 Acceptance Rate: 1.89244
Number of steps: 6000 Acceptance Rate: 2.2811066666666666
Number of steps: 7000 Acceptance Rate: 2.6646533333333333
Number of steps: 8000 Acceptance Rate: 3.0515733333333332
Number of steps: 9000 Acceptance Rate: 3.43664
Number of steps: 10000 Acceptance Rate: 3.827733333333333
Number of steps: 11000 Acceptance Rate: 4.210693333333333
Number of steps: 12000 Acceptance Rate: 4.597493333333333
Number of steps: 13000 Acceptance Rate: 4.979333333333333
Number of steps: 14000 Acceptance Rate: 5.36664
Number of steps: 15000 Acceptance Rate: 5.753093333333333
Number of steps: 16000 Acceptance Rate: 6.134253333333334
Number of steps: 17000 Acceptance Rate: 6.520373333333334
Number of steps: 18000 Acceptance Rate: 6.905826666666667
Number of steps: 19000 Acceptance Rate: 7.287586666666667
Number of steps: 20000 Acceptance Rate: 7.679626666666667
Number of steps: 21000 Acceptance Rate: 8.063546666666667
Number of steps: 22000 Acceptance Rate: 8.44604
Number of steps: 23000 Acceptance Rate: 8.834266666666666
Number of steps: 24000 Acceptance Rate: 9.21596
Number of steps: 25000 Acceptance Rate: 9.60036
Number of steps: 26000 Acceptance Rate: 9.988253333333333
Number of steps: 27000 Acceptance Rate: 10.372253333333333
Number of steps: 28000 Acceptance Rate: 10.75676
Number of steps: 29000 Acceptance Rate: 11.14208
Number of steps: 30000 Acceptance Rate: 11.53132
Number of steps: 31000 Acceptance Rate: 11.919666666666666
Number of steps: 32000 Acceptance Rate: 12.30192
Number of steps: 33000 Acceptance Rate: 12.68604
Number of steps: 34000 Acceptance Rate: 13.066653333333333
Number of steps: 35000 Acceptance Rate: 13.449533333333333
Number of steps: 36000 Acceptance Rate: 13.831746666666668
Number of steps: 37000 Acceptance Rate: 14.215986666666666
Number of steps: 38000 Acceptance Rate: 14.599973333333333
Number of steps: 39000 Acceptance Rate: 14.9792
Number of steps: 40000 Acceptance Rate: 15.358786666666667
Number of steps: 41000 Acceptance Rate: 15.74456
Number of steps: 42000 Acceptance Rate: 16.131026666666667
Number of steps: 43000 Acceptance Rate: 16.512666666666668
Number of steps: 44000 Acceptance Rate: 16.895893333333333
Number of steps: 45000 Acceptance Rate: 17.275453333333335
Number of steps: 46000 Acceptance Rate: 17.657373333333332
Number of steps: 47000 Acceptance Rate: 18.041786666666667
Number of steps: 48000 Acceptance Rate: 18.42448
Number of steps: 49000 Acceptance Rate: 18.812253333333334
Number of steps: 50000 Acceptance Rate: 19.19821333333333
Burn-in Number (ends): 1629
Independent Sample Size: 17907.043174267503
Mean posteriors after burn-in: [2.3827426204621675e-6, 224.70077566102592, 3503.765520575117, -0.0018152864643367185, -0.0019721712355051367, 2.9963262635344622e-6, 365.2564552569242, 3624.4024246013514, 0.011627868570539285, -0.0006145718257923665]
MCMC chi-square: 509.06001801023893 for total timing uncertainty of: [91.80988971770493] secs.
954.430693 seconds (82.24 M allocations: 162.888 GiB, 0.93% gc time)
10 parameters from fit: [2.6145491939506833e-6, 224.70077412569447, 3503.7655345382695, 0.03630324222782147, 0.008760401742348965, 3.310341727780486e-6, 365.25643444792007, 3624.4025915260972, 0.04270141745695761, 0.007947303807704384]
Maximum log Prob from fit: -184.7455840843864
No Walkers: 75 No. steps: 50000
Number of steps: 1000 Acceptance Rate: 0.3684266666666667
Number of steps: 2000 Acceptance Rate: 0.7549866666666667
Number of steps: 3000 Acceptance Rate: 1.1384533333333333
Number of steps: 4000 Acceptance Rate: 1.5194533333333333
Number of steps: 5000 Acceptance Rate: 1.9047066666666668
Number of steps: 6000 Acceptance Rate: 2.28916
Number of steps: 7000 Acceptance Rate: 2.677026666666667
Number of steps: 8000 Acceptance Rate: 3.063693333333333
Number of steps: 9000 Acceptance Rate: 3.4473866666666666
Number of steps: 10000 Acceptance Rate: 3.8300533333333333
Number of steps: 11000 Acceptance Rate: 4.217426666666666
Number of steps: 12000 Acceptance Rate: 4.601546666666667
Number of steps: 13000 Acceptance Rate: 4.98364
Number of steps: 14000 Acceptance Rate: 5.36804
Number of steps: 15000 Acceptance Rate: 5.75124
Number of steps: 16000 Acceptance Rate: 6.132853333333333
Number of steps: 17000 Acceptance Rate: 6.5166
Number of steps: 18000 Acceptance Rate: 6.89948
Number of steps: 19000 Acceptance Rate: 7.277213333333333
Number of steps: 20000 Acceptance Rate: 7.66348
Number of steps: 21000 Acceptance Rate: 8.049733333333334
Number of steps: 22000 Acceptance Rate: 8.4356
Number of steps: 23000 Acceptance Rate: 8.82052
Number of steps: 24000 Acceptance Rate: 9.204346666666666
Number of steps: 25000 Acceptance Rate: 9.5856
Number of steps: 26000 Acceptance Rate: 9.9678
Number of steps: 27000 Acceptance Rate: 10.35532
Number of steps: 28000 Acceptance Rate: 10.7378
Number of steps: 29000 Acceptance Rate: 11.125106666666667
Number of steps: 30000 Acceptance Rate: 11.506133333333333
Number of steps: 31000 Acceptance Rate: 11.887093333333333
Number of steps: 32000 Acceptance Rate: 12.27184
Number of steps: 33000 Acceptance Rate: 12.659253333333334
Number of steps: 34000 Acceptance Rate: 13.03956
Number of steps: 35000 Acceptance Rate: 13.424173333333334
Number of steps: 36000 Acceptance Rate: 13.81248
Number of steps: 37000 Acceptance Rate: 14.200173333333334
Number of steps: 38000 Acceptance Rate: 14.581066666666667
Number of steps: 39000 Acceptance Rate: 14.968026666666667
Number of steps: 40000 Acceptance Rate: 15.350133333333334
Number of steps: 41000 Acceptance Rate: 15.734573333333334
Number of steps: 42000 Acceptance Rate: 16.11684
Number of steps: 43000 Acceptance Rate: 16.49652
Number of steps: 44000 Acceptance Rate: 16.880373333333335
Number of steps: 45000 Acceptance Rate: 17.26508
Number of steps: 46000 Acceptance Rate: 17.644586666666665
Number of steps: 47000 Acceptance Rate: 18.02828
Number of steps: 48000 Acceptance Rate: 18.41433333333333
Number of steps: 49000 Acceptance Rate: 18.798253333333335
Number of steps: 50000 Acceptance Rate: 19.186506666666666
Burn-in Number (ends): 1585
Independent Sample Size: 21563.273968090634
Mean posteriors after burn-in: [2.191160153915101e-6, 224.70077394067866, 3503.7655424722425, -0.0046785533731832345, 0.0017370155856275967, 3.003337662367944e-6, 365.2564344948223, 3624.402587372975, 0.009587089073281206, 0.0026332297990610573]
MCMC chi-square: 476.3464199255045 for total timing uncertainty of: [91.46564226189224] secs.
904.984176 seconds (81.98 M allocations: 144.344 GiB, 2.67% gc time)
10 parameters from fit: [2.5379034448318877e-6, 224.7007750770648, 3503.7655340867095, 0.04251322429653602, -0.013335913275282833, 3.3153259382725503e-6, 365.2564047009298, 3624.4027916209516, 0.045298640751950205, -0.00870316621714195]
Maximum log Prob from fit: -170.7680590706325
No Walkers: 75 No. steps: 50000
Number of steps: 1000 Acceptance Rate: 0.36504
Number of steps: 2000 Acceptance Rate: 0.7514666666666666
Number of steps: 3000 Acceptance Rate: 1.1351066666666667
Number of steps: 4000 Acceptance Rate: 1.52076
Number of steps: 5000 Acceptance Rate: 1.9021866666666667
Number of steps: 6000 Acceptance Rate: 2.279106666666667
Number of steps: 7000 Acceptance Rate: 2.6601733333333333
Number of steps: 8000 Acceptance Rate: 3.0378666666666665
Number of steps: 9000 Acceptance Rate: 3.4170933333333333
Number of steps: 10000 Acceptance Rate: 3.8009866666666667
Number of steps: 11000 Acceptance Rate: 4.184853333333334
Number of steps: 12000 Acceptance Rate: 4.566866666666667
Number of steps: 13000 Acceptance Rate: 4.949133333333333
Number of steps: 14000 Acceptance Rate: 5.3275733333333335
Number of steps: 15000 Acceptance Rate: 5.706066666666667
Number of steps: 16000 Acceptance Rate: 6.08716
Number of steps: 17000 Acceptance Rate: 6.47444
Number of steps: 18000 Acceptance Rate: 6.8544133333333335
Number of steps: 19000 Acceptance Rate: 7.236906666666667
Number of steps: 20000 Acceptance Rate: 7.61788
Number of steps: 21000 Acceptance Rate: 8.0044
Number of steps: 22000 Acceptance Rate: 8.388413333333334
Number of steps: 23000 Acceptance Rate: 8.774333333333333
Number of steps: 24000 Acceptance Rate: 9.155213333333334
Number of steps: 25000 Acceptance Rate: 9.537373333333333
Number of steps: 26000 Acceptance Rate: 9.91876
Number of steps: 27000 Acceptance Rate: 10.296026666666666
Number of steps: 28000 Acceptance Rate: 10.677466666666668
Number of steps: 29000 Acceptance Rate: 11.060893333333333
Number of steps: 30000 Acceptance Rate: 11.44848
Number of steps: 31000 Acceptance Rate: 11.829666666666666
Number of steps: 32000 Acceptance Rate: 12.213586666666666
Number of steps: 33000 Acceptance Rate: 12.592933333333333
Number of steps: 34000 Acceptance Rate: 12.974186666666666
Number of steps: 35000 Acceptance Rate: 13.35548
Number of steps: 36000 Acceptance Rate: 13.735226666666666
Number of steps: 37000 Acceptance Rate: 14.117613333333333
Number of steps: 38000 Acceptance Rate: 14.500986666666666
Number of steps: 39000 Acceptance Rate: 14.879906666666667
Number of steps: 40000 Acceptance Rate: 15.268813333333334
Number of steps: 41000 Acceptance Rate: 15.648853333333333
Number of steps: 42000 Acceptance Rate: 16.031973333333333
Number of steps: 43000 Acceptance Rate: 16.41088
Number of steps: 44000 Acceptance Rate: 16.790746666666667
Number of steps: 45000 Acceptance Rate: 17.17484
Number of steps: 46000 Acceptance Rate: 17.557573333333334
Number of steps: 47000 Acceptance Rate: 17.937386666666665
Number of steps: 48000 Acceptance Rate: 18.3236
Number of steps: 49000 Acceptance Rate: 18.703106666666667
Number of steps: 50000 Acceptance Rate: 19.08512
Burn-in Number (ends): 1698
Independent Sample Size: 19054.088207399567
Mean posteriors after burn-in: [2.1072461783315536e-6, 224.70077504471337, 3503.7655403004123, -0.0025090174744436776, -0.00440261556082723, 2.991339785565363e-6, 365.2564040349816, 3624.4027998855295, 0.008836438989147231, -0.0013104656727780598]
MCMC chi-square: 404.45807677188793 for total timing uncertainty of: [86.7322035377495] secs.
897.736775 seconds (82.21 M allocations: 160.818 GiB, 1.08% gc time)
10 parameters from fit: [2.8287328276510006e-6, 224.7007738079713, 3503.765549030837, 0.036322443464256296, 0.004637375397246615, 3.3115451428193257e-6, 365.2564331689148, 3624.4026357133, 0.041744104564744255, 0.004425668407276662]
Maximum log Prob from fit: -331.91128790836314
No Walkers: 75 No. steps: 50000
