args = ["Hpp", "mcmc", "fromEV", "20000"]
JLDFile /astro/users/blindor/research/ttv_ss/FITS/p2_fit30s30yrs.jld2 (read-only) loaded.
10 parameters from fit: [3.6921453242197503e-6, 224.70077793363524, 3503.769501768157, -0.09148948969257724, -0.051105458436726404, 2.572330614123054e-6, 365.256438869757, 3624.408931928089, -0.055443723582098044, -0.03929496185963876]
Maximum log Prob from fit: -252.4124911915048
No Walkers: 75 No. steps: 20000
Number of steps: 1000 Acceptance Rate: 0.37752
Number of steps: 2000 Acceptance Rate: 0.7630266666666666
Number of steps: 3000 Acceptance Rate: 1.1361066666666666
Number of steps: 4000 Acceptance Rate: 1.5136266666666667
Number of steps: 5000 Acceptance Rate: 1.89068
Number of steps: 6000 Acceptance Rate: 2.26372
Number of steps: 7000 Acceptance Rate: 2.6400133333333335
Number of steps: 8000 Acceptance Rate: 3.01428
Number of steps: 9000 Acceptance Rate: 3.3908
Number of steps: 10000 Acceptance Rate: 3.7653866666666667
Number of steps: 11000 Acceptance Rate: 4.1398
Number of steps: 12000 Acceptance Rate: 4.51588
Number of steps: 13000 Acceptance Rate: 4.893493333333334
Number of steps: 14000 Acceptance Rate: 5.26812
Number of steps: 15000 Acceptance Rate: 5.633653333333333
Number of steps: 16000 Acceptance Rate: 6.0120933333333335
Number of steps: 17000 Acceptance Rate: 6.38956
Number of steps: 18000 Acceptance Rate: 6.769186666666666
Number of steps: 19000 Acceptance Rate: 7.147973333333334
Number of steps: 20000 Acceptance Rate: 7.524173333333334
Burn-in Number (ends): 1671
Independent Sample Size: 5657.199744470725
Mean posteriors after burn-in: [4.13416693733463e-6, 224.70077814899435, 3503.769493897816, -0.046531280652935644, -0.029732935541805647, 2.806904309239581e-6, 365.2564388640006, 3624.408939121906, -0.020023865705968574, -0.02242257511188145]
MCMC chi-square: 656.6887606564621 for total timing uncertainty of: [93.39041161803824] secs.
1096.924484 seconds (64.26 M allocations: 77.691 GiB, 1.26% gc time)
JLDFile /astro/users/blindor/research/ttv_ss/FITS/p2_fit30s29yrs.jld2 (read-only) loaded.
10 parameters from fit: [3.6523113522880804e-6, 224.7007736393573, 3503.769570725286, -0.06770046966819517, -0.07577429838479716, 2.7699348809758775e-6, 365.2564448683518, 3624.4089562334143, -0.03823618905116047, -0.06032577369273523]
Maximum log Prob from fit: -250.1751793914339
No Walkers: 75 No. steps: 20000
Number of steps: 1000 Acceptance Rate: 0.3813066666666667
Number of steps: 2000 Acceptance Rate: 0.7740666666666667
Number of steps: 3000 Acceptance Rate: 1.1542266666666667
Number of steps: 4000 Acceptance Rate: 1.5321333333333333
Number of steps: 5000 Acceptance Rate: 1.9134266666666666
Number of steps: 6000 Acceptance Rate: 2.29612
Number of steps: 7000 Acceptance Rate: 2.6803866666666667
Number of steps: 8000 Acceptance Rate: 3.05996
Number of steps: 9000 Acceptance Rate: 3.440053333333333
Number of steps: 10000 Acceptance Rate: 3.82304
Number of steps: 11000 Acceptance Rate: 4.20512
Number of steps: 12000 Acceptance Rate: 4.5827333333333335
Number of steps: 13000 Acceptance Rate: 4.960466666666667
Number of steps: 14000 Acceptance Rate: 5.337546666666666
Number of steps: 15000 Acceptance Rate: 5.7148
Number of steps: 16000 Acceptance Rate: 6.094173333333333
Number of steps: 17000 Acceptance Rate: 6.4730533333333335
Number of steps: 18000 Acceptance Rate: 6.8528
Number of steps: 19000 Acceptance Rate: 7.231573333333333
Number of steps: 20000 Acceptance Rate: 7.60964
Burn-in Number (ends): 1326
Independent Sample Size: 8229.95955952751
Mean posteriors after burn-in: [3.87656190598477e-6, 224.7007737579749, 3503.7695680615548, -0.04311312511703435, -0.05060591342426443, 2.9032262933525724e-6, 365.2564448993509, 3624.408963655201, -0.018745680541698187, -0.040348896138798704]
MCMC chi-square: 731.8126062126016 for total timing uncertainty of: [100.09580565200017] secs.
952.588256 seconds (33.33 M allocations: 56.562 GiB, 1.11% gc time)
JLDFile /astro/users/blindor/research/ttv_ss/FITS/p2_fit30s28yrs.jld2 (read-only) loaded.
10 parameters from fit: [3.7095824372857603e-6, 224.70078038227354, 3503.769492996306, -0.07764516496986162, -0.06269455799709332, 2.7565884815722563e-6, 365.25646370468723, 3624.4087881615587, -0.04605311188045819, -0.04856560773286689]
Maximum log Prob from fit: -236.17409280828448
No Walkers: 75 No. steps: 20000
Number of steps: 1000 Acceptance Rate: 0.39032
Number of steps: 2000 Acceptance Rate: 0.77008
Number of steps: 3000 Acceptance Rate: 1.1462533333333333
Number of steps: 4000 Acceptance Rate: 1.5271733333333333
Number of steps: 5000 Acceptance Rate: 1.90796
Number of steps: 6000 Acceptance Rate: 2.285093333333333
Number of steps: 7000 Acceptance Rate: 2.66276
Number of steps: 8000 Acceptance Rate: 3.035546666666667
Number of steps: 9000 Acceptance Rate: 3.40928
Number of steps: 10000 Acceptance Rate: 3.779586666666667
Number of steps: 11000 Acceptance Rate: 4.155653333333333
Number of steps: 12000 Acceptance Rate: 4.53404
Number of steps: 13000 Acceptance Rate: 4.911386666666667
Number of steps: 14000 Acceptance Rate: 5.29044
Number of steps: 15000 Acceptance Rate: 5.66796
Number of steps: 16000 Acceptance Rate: 6.045333333333334
Number of steps: 17000 Acceptance Rate: 6.41988
Number of steps: 18000 Acceptance Rate: 6.79744
Number of steps: 19000 Acceptance Rate: 7.1781733333333335
Number of steps: 20000 Acceptance Rate: 7.556613333333333
Burn-in Number (ends): 1412
Independent Sample Size: 7880.875521205937
Mean posteriors after burn-in: [4.0280093798901305e-6, 224.70078096079152, 3503.7694776249027, -0.0429129650985713, -0.037909728708880285, 2.945734232467861e-6, 365.2564625619663, 3624.408807640012, -0.01844423998885993, -0.029031022003271092]
MCMC chi-square: 655.7502020216657 for total timing uncertainty of: [96.89673143553512] secs.
888.218965 seconds (33.46 M allocations: 58.673 GiB, 1.15% gc time)
JLDFile /astro/users/blindor/research/ttv_ss/FITS/p2_fit30s27yrs.jld2 (read-only) loaded.
10 parameters from fit: [3.3107756470087697e-6, 224.70078388128067, 3503.7694180055328, -0.13602777602187935, -0.05121891032054403, 2.2524102142344916e-6, 365.2564666191782, 3624.408782747064, -0.0917717912585329, -0.03877854167493188]
Maximum log Prob from fit: -228.15298758415489
No Walkers: 75 No. steps: 20000
Number of steps: 1000 Acceptance Rate: 0.38154666666666665
Number of steps: 2000 Acceptance Rate: 0.75832
Number of steps: 3000 Acceptance Rate: 1.1262266666666667
Number of steps: 4000 Acceptance Rate: 1.4968933333333334
Number of steps: 5000 Acceptance Rate: 1.86792
Number of steps: 6000 Acceptance Rate: 2.2417466666666668
Number of steps: 7000 Acceptance Rate: 2.61628
Number of steps: 8000 Acceptance Rate: 2.98768
Number of steps: 9000 Acceptance Rate: 3.3560933333333334
Number of steps: 10000 Acceptance Rate: 3.72312
Number of steps: 11000 Acceptance Rate: 4.093626666666666
Number of steps: 12000 Acceptance Rate: 4.4662
Number of steps: 13000 Acceptance Rate: 4.832826666666667
Number of steps: 14000 Acceptance Rate: 5.204906666666667
Number of steps: 15000 Acceptance Rate: 5.57436
Number of steps: 16000 Acceptance Rate: 5.94156
Number of steps: 17000 Acceptance Rate: 6.311253333333333
Number of steps: 18000 Acceptance Rate: 6.67916
Number of steps: 19000 Acceptance Rate: 7.05024
Number of steps: 20000 Acceptance Rate: 7.415653333333333
Burn-in Number (ends): 1532
Independent Sample Size: 4609.9382790335185
Mean posteriors after burn-in: [4.0163538947375396e-6, 224.7007848561138, 3503.7693984651937, -0.05222251096672421, -0.026101900900454094, 2.6221799982879164e-6, 365.25646780429196, 3624.4087786142036, -0.025564276625591985, -0.01929358879712114]
MCMC chi-square: 694.368134935107 for total timing uncertainty of: [101.85193094447963] secs.
782.950372 seconds (33.93 M allocations: 79.061 GiB, 1.20% gc time)
JLDFile /astro/users/blindor/research/ttv_ss/FITS/p2_fit30s26yrs.jld2 (read-only) loaded.
10 parameters from fit: [4.136903422610058e-6, 224.70077637799858, 3503.769442323491, -0.0512295430442361, -0.05869249541343587, 2.74896711857539e-6, 365.2564513404165, 3624.4087968134027, -0.02517650504146899, -0.046455083168168966]
Maximum log Prob from fit: -217.8834826152072
No Walkers: 75 No. steps: 20000
Number of steps: 1000 Acceptance Rate: 0.38148
Number of steps: 2000 Acceptance Rate: 0.7638533333333334
Number of steps: 3000 Acceptance Rate: 1.1417066666666666
Number of steps: 4000 Acceptance Rate: 1.5162533333333332
Number of steps: 5000 Acceptance Rate: 1.88732
Number of steps: 6000 Acceptance Rate: 2.2620533333333332
Number of steps: 7000 Acceptance Rate: 2.6428
Number of steps: 8000 Acceptance Rate: 3.01916
Number of steps: 9000 Acceptance Rate: 3.3927733333333334
Number of steps: 10000 Acceptance Rate: 3.7662533333333332
Number of steps: 11000 Acceptance Rate: 4.141493333333333
Number of steps: 12000 Acceptance Rate: 4.518
Number of steps: 13000 Acceptance Rate: 4.89208
Number of steps: 14000 Acceptance Rate: 5.265666666666666
Number of steps: 15000 Acceptance Rate: 5.642093333333333
Number of steps: 16000 Acceptance Rate: 6.0168
Number of steps: 17000 Acceptance Rate: 6.389786666666667
Number of steps: 18000 Acceptance Rate: 6.761146666666667
Number of steps: 19000 Acceptance Rate: 7.13032
Number of steps: 20000 Acceptance Rate: 7.503666666666667
Burn-in Number (ends): 1503
Independent Sample Size: 7343.48411057773
Mean posteriors after burn-in: [4.35542792572293e-6, 224.7007770434035, 3503.7694295501337, -0.030553429828809285, -0.03150321815485624, 2.8669569353351633e-6, 365.256448816138, 3624.4088291695853, -0.008885640741964934, -0.025024563769462875]
MCMC chi-square: 616.943841664889 for total timing uncertainty of: [97.67149613627264] secs.
771.992139 seconds (33.66 M allocations: 63.842 GiB, 1.10% gc time)
JLDFile /astro/users/blindor/research/ttv_ss/FITS/p2_fit30s25yrs.jld2 (read-only) loaded.
10 parameters from fit: [3.761925232273343e-6, 224.70077053355587, 3503.7697497838226, -0.08983908024091497, -0.05619915506562628, 2.537013494539179e-6, 365.2564578278715, 3624.4088103742456, -0.05502259579778884, -0.04431096423696797]
Maximum log Prob from fit: -210.094497213913
No Walkers: 75 No. steps: 20000
Number of steps: 1000 Acceptance Rate: 0.37854666666666664
Number of steps: 2000 Acceptance Rate: 0.7583066666666667
Number of steps: 3000 Acceptance Rate: 1.12764
Number of steps: 4000 Acceptance Rate: 1.49656
Number of steps: 5000 Acceptance Rate: 1.8715466666666667
Number of steps: 6000 Acceptance Rate: 2.24324
Number of steps: 7000 Acceptance Rate: 2.6186
Number of steps: 8000 Acceptance Rate: 2.9932266666666667
Number of steps: 9000 Acceptance Rate: 3.36552
Number of steps: 10000 Acceptance Rate: 3.74092
Number of steps: 11000 Acceptance Rate: 4.107266666666667
Number of steps: 12000 Acceptance Rate: 4.479826666666667
Number of steps: 13000 Acceptance Rate: 4.850173333333333
Number of steps: 14000 Acceptance Rate: 5.222906666666667
Number of steps: 15000 Acceptance Rate: 5.598693333333333
Number of steps: 16000 Acceptance Rate: 5.9678933333333335
Number of steps: 17000 Acceptance Rate: 6.342973333333333
Number of steps: 18000 Acceptance Rate: 6.718306666666667
Number of steps: 19000 Acceptance Rate: 7.091733333333333
Number of steps: 20000 Acceptance Rate: 7.4634
Burn-in Number (ends): 2180
Independent Sample Size: 5173.097780899596
Mean posteriors after burn-in: [4.227913906367952e-6, 224.70077107724902, 3503.769737334713, -0.04004804187578726, -0.02789012693104249, 2.7930980386888257e-6, 365.2564542207379, 3624.40884674109, -0.01576278694926995, -0.022040021938387108]
MCMC chi-square: 654.9750538029101 for total timing uncertainty of: [103.3717140167396] secs.
780.447423 seconds (34.01 M allocations: 78.400 GiB, 1.21% gc time)
JLDFile /astro/users/blindor/research/ttv_ss/FITS/p2_fit30s24yrs.jld2 (read-only) loaded.
10 parameters from fit: [3.621953182746144e-6, 224.70077815489591, 3503.769611176949, -0.0945096933837889, -0.06352548643905716, 2.44620885353716e-6, 365.25646324005885, 3624.40861414736, -0.05990199796365594, -0.05029060850683747]
Maximum log Prob from fit: -204.25156544762493
No Walkers: 75 No. steps: 20000
Number of steps: 1000 Acceptance Rate: 0.38570666666666664
Number of steps: 2000 Acceptance Rate: 0.75952
Number of steps: 3000 Acceptance Rate: 1.12948
Number of steps: 4000 Acceptance Rate: 1.50124
Number of steps: 5000 Acceptance Rate: 1.8690533333333332
Number of steps: 6000 Acceptance Rate: 2.2352
Number of steps: 7000 Acceptance Rate: 2.604773333333333
Number of steps: 8000 Acceptance Rate: 2.97628
Number of steps: 9000 Acceptance Rate: 3.34288
Number of steps: 10000 Acceptance Rate: 3.7098
Number of steps: 11000 Acceptance Rate: 4.07664
Number of steps: 12000 Acceptance Rate: 4.44324
Number of steps: 13000 Acceptance Rate: 4.814226666666666
Number of steps: 14000 Acceptance Rate: 5.183973333333333
Number of steps: 15000 Acceptance Rate: 5.560933333333334
Number of steps: 16000 Acceptance Rate: 5.9363866666666665
Number of steps: 17000 Acceptance Rate: 6.3022133333333334
Number of steps: 18000 Acceptance Rate: 6.673333333333333
Number of steps: 19000 Acceptance Rate: 7.046426666666667
Number of steps: 20000 Acceptance Rate: 7.41732
Burn-in Number (ends): 1657
Independent Sample Size: 5226.018068540747
Mean posteriors after burn-in: [4.103570799520562e-6, 224.70077870406988, 3503.7695949678246, -0.0391247232482003, -0.03153302060525707, 2.720876206204171e-6, 365.25646202638046, 3624.4086351759097, -0.016318726568794576, -0.02496063236992377]
MCMC chi-square: 669.803810556066 for total timing uncertainty of: [106.63948800092733] secs.
773.156230 seconds (33.95 M allocations: 77.136 GiB, 1.21% gc time)
JLDFile /astro/users/blindor/research/ttv_ss/FITS/p2_fit30s23yrs.jld2 (read-only) loaded.
10 parameters from fit: [3.4113231920313314e-6, 224.7007653167267, 3503.769838536309, -0.09468153487818749, -0.04468508960789478, 2.5573252790996407e-6, 365.25643868409566, 3624.408854010649, -0.05932781611091198, -0.03401058410161909]
Maximum log Prob from fit: -186.775882935108
No Walkers: 75 No. steps: 20000
Number of steps: 1000 Acceptance Rate: 0.3774666666666667
Number of steps: 2000 Acceptance Rate: 0.76228
Number of steps: 3000 Acceptance Rate: 1.1354
Number of steps: 4000 Acceptance Rate: 1.5063733333333333
Number of steps: 5000 Acceptance Rate: 1.87696
Number of steps: 6000 Acceptance Rate: 2.24944
Number of steps: 7000 Acceptance Rate: 2.62152
Number of steps: 8000 Acceptance Rate: 2.9879466666666668
Number of steps: 9000 Acceptance Rate: 3.3616533333333334
Number of steps: 10000 Acceptance Rate: 3.73132
Number of steps: 11000 Acceptance Rate: 4.10244
Number of steps: 12000 Acceptance Rate: 4.47572
Number of steps: 13000 Acceptance Rate: 4.849893333333333
Number of steps: 14000 Acceptance Rate: 5.217533333333333
Number of steps: 15000 Acceptance Rate: 5.59064
Number of steps: 16000 Acceptance Rate: 5.959573333333333
Number of steps: 17000 Acceptance Rate: 6.33276
Number of steps: 18000 Acceptance Rate: 6.706426666666666
Number of steps: 19000 Acceptance Rate: 7.079773333333334
Number of steps: 20000 Acceptance Rate: 7.453186666666666
Burn-in Number (ends): 1745
Independent Sample Size: 5078.825254690509
Mean posteriors after burn-in: [3.905491908320574e-6, 224.7007656409575, 3503.7698262332465, -0.03639936418742536, -0.019853474509656296, 2.861753437210076e-6, 365.25643700411234, 3624.4088742452464, -0.013460026448041638, -0.014447145776126236]
MCMC chi-square: 516.7553200713338 for total timing uncertainty of: [95.99028439595686] secs.
774.221384 seconds (33.88 M allocations: 73.315 GiB, 1.14% gc time)
JLDFile /astro/users/blindor/research/ttv_ss/FITS/p2_fit30s22yrs.jld2 (read-only) loaded.
10 parameters from fit: [3.383670327507075e-6, 224.70077725520326, 3503.76951709265, -0.08413893554061996, -0.05595741109315423, 2.4972662913591924e-6, 365.2564264058196, 3624.409000920525, -0.05435125633991738, -0.04169518681358596]
Maximum log Prob from fit: -176.1944350956128
No Walkers: 75 No. steps: 20000
Number of steps: 1000 Acceptance Rate: 0.37690666666666667
Number of steps: 2000 Acceptance Rate: 0.7543066666666667
Number of steps: 3000 Acceptance Rate: 1.1277466666666667
Number of steps: 4000 Acceptance Rate: 1.50124
Number of steps: 5000 Acceptance Rate: 1.86452
Number of steps: 6000 Acceptance Rate: 2.23488
Number of steps: 7000 Acceptance Rate: 2.6040533333333333
Number of steps: 8000 Acceptance Rate: 2.97416
Number of steps: 9000 Acceptance Rate: 3.34528
Number of steps: 10000 Acceptance Rate: 3.7119733333333333
Number of steps: 11000 Acceptance Rate: 4.0798
Number of steps: 12000 Acceptance Rate: 4.455173333333334
Number of steps: 13000 Acceptance Rate: 4.825546666666667
Number of steps: 14000 Acceptance Rate: 5.193453333333333
Number of steps: 15000 Acceptance Rate: 5.5638
Number of steps: 16000 Acceptance Rate: 5.936133333333333
Number of steps: 17000 Acceptance Rate: 6.3056133333333335
Number of steps: 18000 Acceptance Rate: 6.671853333333333
Number of steps: 19000 Acceptance Rate: 7.034786666666666
Number of steps: 20000 Acceptance Rate: 7.401066666666667
Burn-in Number (ends): 1761
Independent Sample Size: 5568.262502614745
Mean posteriors after burn-in: [3.813369763424033e-6, 224.70077727205432, 3503.7695118169827, -0.0321435955748909, -0.023928267972715512, 2.769338278217559e-6, 365.2564260563479, 3624.4090150484462, -0.012969488118159466, -0.016674279958584674]
MCMC chi-square: 496.35456122239754 for total timing uncertainty of: [97.18153531831088] secs.
775.669878 seconds (33.85 M allocations: 71.997 GiB, 1.13% gc time)
JLDFile /astro/users/blindor/research/ttv_ss/FITS/p2_fit10s30yrs.jld2 (read-only) loaded.
10 parameters from fit: [3.551505360398983e-6, 224.70077442793368, 3503.7695821086427, -0.09233833054736085, -0.059035342740219196, 2.5730758493769897e-6, 365.25644146946763, 3624.4089941516277, -0.057371533841694584, -0.04641095773005531]
Maximum log Prob from fit: -338.2178927643837
No Walkers: 75 No. steps: 20000
